[2022-10-11T11:03:51+08:00][sql] CONNECT:[ UseTime:0.043823s ] mysql:host=127.0.0.1;port=3306;dbname=ls_chnssl_com;charset=utf8
[2022-10-11T11:03:52+08:00][sql] SHOW FULL COLUMNS FROM `gxfc_user` [ RunTime:0.067619s ]
[2022-10-11T11:03:52+08:00][sql] SELECT `uid`,`app_module`,`app_group`,`is_admin`,`site_id`,`group_id`,`group_name`,`username`,`password`,`member_id`,`create_time`,`update_time`,`status`,`login_time`,`login_ip` FROM `gxfc_user` WHERE  `username` = 'admin'  AND `app_module` = 'admin' LIMIT 1 [ RunTime:0.008793s ]
[2022-10-11T11:03:52+08:00][sql] UPDATE `gxfc_user`  SET `login_time` = 1665457432 , `login_ip` = '127.0.0.1'  WHERE  `uid` = 1 [ RunTime:0.007030s ]
[2022-10-11T11:03:52+08:00][sql] SHOW FULL COLUMNS FROM `gxfc_user_log` [ RunTime:0.004129s ]
[2022-10-11T11:03:52+08:00][sql] INSERT INTO `gxfc_user_log` SET `uid` = 1 , `username` = 'admin' , `site_id` = 0 , `url` = 'admin/Login/login' , `ip` = '127.0.0.1' , `data` = '[]' , `action_name` = '用户登录' , `create_time` = 1665457432 [ RunTime:0.002035s ]
[2022-10-11T11:03:53+08:00][sql] CONNECT:[ UseTime:0.001057s ] mysql:host=127.0.0.1;port=3306;dbname=ls_chnssl_com;charset=utf8
[2022-10-11T11:03:53+08:00][sql] SHOW FULL COLUMNS FROM `gxfc_stat_shop` [ RunTime:0.007114s ]
[2022-10-11T11:03:53+08:00][sql] SELECT `id`,`site_id`,`year`,`month`,`day`,`order_total`,`shipping_total`,`refund_total`,`order_pay_count`,`goods_pay_count`,`shop_money`,`platform_money`,`create_time`,`modify_time`,`collect_shop`,`collect_goods`,`visit_count`,`order_count`,`goods_count`,`add_goods_count`,`day_time`,`member_count` FROM `gxfc_stat_shop` WHERE  `site_id` = 0  AND `year` = 2022  AND `month` = 10  AND `day` = 11 LIMIT 1 [ RunTime:0.001833s ]
[2022-10-11T11:03:53+08:00][sql] INSERT INTO `gxfc_stat_shop` SET `site_id` = 0 , `year` = 2022 , `month` = 10 , `day` = 11 , `day_time` = 1665417600 [ RunTime:0.002971s ]
[2022-10-11T11:03:53+08:00][sql] SELECT `id`,`site_id`,`year`,`month`,`day`,`order_total`,`shipping_total`,`refund_total`,`order_pay_count`,`goods_pay_count`,`shop_money`,`platform_money`,`create_time`,`modify_time`,`collect_shop`,`collect_goods`,`visit_count`,`order_count`,`goods_count`,`add_goods_count`,`day_time`,`member_count` FROM `gxfc_stat_shop` WHERE  `site_id` = 0  AND `year` = 2022  AND `month` = 10  AND `day` = 11  AND `day_time` = 1665417600 LIMIT 1 [ RunTime:0.000436s ]
[2022-10-11T11:03:53+08:00][sql] SELECT `id`,`site_id`,`year`,`month`,`day`,`order_total`,`shipping_total`,`refund_total`,`order_pay_count`,`goods_pay_count`,`shop_money`,`platform_money`,`create_time`,`modify_time`,`collect_shop`,`collect_goods`,`visit_count`,`order_count`,`goods_count`,`add_goods_count`,`day_time`,`member_count` FROM `gxfc_stat_shop` WHERE  `site_id` = 0  AND `year` = 2022  AND `month` = 10  AND `day` = 11 LIMIT 1 [ RunTime:0.000368s ]
[2022-10-11T11:03:53+08:00][sql] SELECT `id`,`site_id`,`year`,`month`,`day`,`order_total`,`shipping_total`,`refund_total`,`order_pay_count`,`goods_pay_count`,`shop_money`,`platform_money`,`create_time`,`modify_time`,`collect_shop`,`collect_goods`,`visit_count`,`order_count`,`goods_count`,`add_goods_count`,`day_time`,`member_count` FROM `gxfc_stat_shop` WHERE  `site_id` = 0  AND `year` = 2022  AND `month` = 10  AND `day` = 10 LIMIT 1 [ RunTime:0.000387s ]
[2022-10-11T11:03:53+08:00][sql] INSERT INTO `gxfc_stat_shop` SET `site_id` = 0 , `year` = 2022 , `month` = 10 , `day` = 10 , `day_time` = 1665417600 [ RunTime:0.001544s ]
[2022-10-11T11:03:53+08:00][sql] SELECT `id`,`site_id`,`year`,`month`,`day`,`order_total`,`shipping_total`,`refund_total`,`order_pay_count`,`goods_pay_count`,`shop_money`,`platform_money`,`create_time`,`modify_time`,`collect_shop`,`collect_goods`,`visit_count`,`order_count`,`goods_count`,`add_goods_count`,`day_time`,`member_count` FROM `gxfc_stat_shop` WHERE  `site_id` = 0  AND `year` = 2022  AND `month` = 10  AND `day` = 10  AND `day_time` = 1665417600 LIMIT 1 [ RunTime:0.000363s ]
[2022-10-11T11:03:53+08:00][sql] SELECT `id`,`site_id`,`year`,`month`,`day`,`order_total`,`shipping_total`,`refund_total`,`order_pay_count`,`goods_pay_count`,`shop_money`,`platform_money`,`create_time`,`modify_time`,`collect_shop`,`collect_goods`,`visit_count`,`order_count`,`goods_count`,`add_goods_count`,`day_time`,`member_count` FROM `gxfc_stat_shop` WHERE  `site_id` = 0  AND `year` = 2022  AND `month` = 10  AND `day` = 02 LIMIT 1 [ RunTime:0.000860s ]
[2022-10-11T11:03:53+08:00][sql] INSERT INTO `gxfc_stat_shop` SET `site_id` = 0 , `year` = 2022 , `month` = 10 , `day` = 02 , `day_time` = 1665417600 [ RunTime:0.001197s ]
[2022-10-11T11:03:53+08:00][sql] SELECT `id`,`site_id`,`year`,`month`,`day`,`order_total`,`shipping_total`,`refund_total`,`order_pay_count`,`goods_pay_count`,`shop_money`,`platform_money`,`create_time`,`modify_time`,`collect_shop`,`collect_goods`,`visit_count`,`order_count`,`goods_count`,`add_goods_count`,`day_time`,`member_count` FROM `gxfc_stat_shop` WHERE  `site_id` = 0  AND `year` = 2022  AND `month` = 10  AND `day` = 02  AND `day_time` = 1665417600 LIMIT 1 [ RunTime:0.000428s ]
[2022-10-11T11:03:53+08:00][sql] SELECT `id`,`site_id`,`year`,`month`,`day`,`order_total`,`shipping_total`,`refund_total`,`order_pay_count`,`goods_pay_count`,`shop_money`,`platform_money`,`create_time`,`modify_time`,`collect_shop`,`collect_goods`,`visit_count`,`order_count`,`goods_count`,`add_goods_count`,`day_time`,`member_count` FROM `gxfc_stat_shop` WHERE  `site_id` = 0  AND `year` = 2022  AND `month` = 10  AND `day` = 03 LIMIT 1 [ RunTime:0.000480s ]
[2022-10-11T11:03:53+08:00][sql] INSERT INTO `gxfc_stat_shop` SET `site_id` = 0 , `year` = 2022 , `month` = 10 , `day` = 03 , `day_time` = 1665417600 [ RunTime:0.001300s ]
[2022-10-11T11:03:53+08:00][sql] SELECT `id`,`site_id`,`year`,`month`,`day`,`order_total`,`shipping_total`,`refund_total`,`order_pay_count`,`goods_pay_count`,`shop_money`,`platform_money`,`create_time`,`modify_time`,`collect_shop`,`collect_goods`,`visit_count`,`order_count`,`goods_count`,`add_goods_count`,`day_time`,`member_count` FROM `gxfc_stat_shop` WHERE  `site_id` = 0  AND `year` = 2022  AND `month` = 10  AND `day` = 03  AND `day_time` = 1665417600 LIMIT 1 [ RunTime:0.000401s ]
[2022-10-11T11:03:53+08:00][sql] SELECT `id`,`site_id`,`year`,`month`,`day`,`order_total`,`shipping_total`,`refund_total`,`order_pay_count`,`goods_pay_count`,`shop_money`,`platform_money`,`create_time`,`modify_time`,`collect_shop`,`collect_goods`,`visit_count`,`order_count`,`goods_count`,`add_goods_count`,`day_time`,`member_count` FROM `gxfc_stat_shop` WHERE  `site_id` = 0  AND `year` = 2022  AND `month` = 10  AND `day` = 04 LIMIT 1 [ RunTime:0.000394s ]
[2022-10-11T11:03:53+08:00][sql] INSERT INTO `gxfc_stat_shop` SET `site_id` = 0 , `year` = 2022 , `month` = 10 , `day` = 04 , `day_time` = 1665417600 [ RunTime:0.001641s ]
[2022-10-11T11:03:53+08:00][sql] SELECT `id`,`site_id`,`year`,`month`,`day`,`order_total`,`shipping_total`,`refund_total`,`order_pay_count`,`goods_pay_count`,`shop_money`,`platform_money`,`create_time`,`modify_time`,`collect_shop`,`collect_goods`,`visit_count`,`order_count`,`goods_count`,`add_goods_count`,`day_time`,`member_count` FROM `gxfc_stat_shop` WHERE  `site_id` = 0  AND `year` = 2022  AND `month` = 10  AND `day` = 04  AND `day_time` = 1665417600 LIMIT 1 [ RunTime:0.000698s ]
[2022-10-11T11:03:53+08:00][sql] SELECT `id`,`site_id`,`year`,`month`,`day`,`order_total`,`shipping_total`,`refund_total`,`order_pay_count`,`goods_pay_count`,`shop_money`,`platform_money`,`create_time`,`modify_time`,`collect_shop`,`collect_goods`,`visit_count`,`order_count`,`goods_count`,`add_goods_count`,`day_time`,`member_count` FROM `gxfc_stat_shop` WHERE  `site_id` = 0  AND `year` = 2022  AND `month` = 10  AND `day` = 05 LIMIT 1 [ RunTime:0.000399s ]
[2022-10-11T11:03:53+08:00][sql] INSERT INTO `gxfc_stat_shop` SET `site_id` = 0 , `year` = 2022 , `month` = 10 , `day` = 05 , `day_time` = 1665417600 [ RunTime:0.001153s ]
[2022-10-11T11:03:53+08:00][sql] SELECT `id`,`site_id`,`year`,`month`,`day`,`order_total`,`shipping_total`,`refund_total`,`order_pay_count`,`goods_pay_count`,`shop_money`,`platform_money`,`create_time`,`modify_time`,`collect_shop`,`collect_goods`,`visit_count`,`order_count`,`goods_count`,`add_goods_count`,`day_time`,`member_count` FROM `gxfc_stat_shop` WHERE  `site_id` = 0  AND `year` = 2022  AND `month` = 10  AND `day` = 05  AND `day_time` = 1665417600 LIMIT 1 [ RunTime:0.000319s ]
[2022-10-11T11:03:53+08:00][sql] SELECT `id`,`site_id`,`year`,`month`,`day`,`order_total`,`shipping_total`,`refund_total`,`order_pay_count`,`goods_pay_count`,`shop_money`,`platform_money`,`create_time`,`modify_time`,`collect_shop`,`collect_goods`,`visit_count`,`order_count`,`goods_count`,`add_goods_count`,`day_time`,`member_count` FROM `gxfc_stat_shop` WHERE  `site_id` = 0  AND `year` = 2022  AND `month` = 10  AND `day` = 06 LIMIT 1 [ RunTime:0.000447s ]
[2022-10-11T11:03:53+08:00][sql] INSERT INTO `gxfc_stat_shop` SET `site_id` = 0 , `year` = 2022 , `month` = 10 , `day` = 06 , `day_time` = 1665417600 [ RunTime:0.001079s ]
[2022-10-11T11:03:53+08:00][sql] SELECT `id`,`site_id`,`year`,`month`,`day`,`order_total`,`shipping_total`,`refund_total`,`order_pay_count`,`goods_pay_count`,`shop_money`,`platform_money`,`create_time`,`modify_time`,`collect_shop`,`collect_goods`,`visit_count`,`order_count`,`goods_count`,`add_goods_count`,`day_time`,`member_count` FROM `gxfc_stat_shop` WHERE  `site_id` = 0  AND `year` = 2022  AND `month` = 10  AND `day` = 06  AND `day_time` = 1665417600 LIMIT 1 [ RunTime:0.000527s ]
[2022-10-11T11:03:53+08:00][sql] SELECT `id`,`site_id`,`year`,`month`,`day`,`order_total`,`shipping_total`,`refund_total`,`order_pay_count`,`goods_pay_count`,`shop_money`,`platform_money`,`create_time`,`modify_time`,`collect_shop`,`collect_goods`,`visit_count`,`order_count`,`goods_count`,`add_goods_count`,`day_time`,`member_count` FROM `gxfc_stat_shop` WHERE  `site_id` = 0  AND `year` = 2022  AND `month` = 10  AND `day` = 07 LIMIT 1 [ RunTime:0.000376s ]
[2022-10-11T11:03:53+08:00][sql] INSERT INTO `gxfc_stat_shop` SET `site_id` = 0 , `year` = 2022 , `month` = 10 , `day` = 07 , `day_time` = 1665417600 [ RunTime:0.001581s ]
[2022-10-11T11:03:53+08:00][sql] SELECT `id`,`site_id`,`year`,`month`,`day`,`order_total`,`shipping_total`,`refund_total`,`order_pay_count`,`goods_pay_count`,`shop_money`,`platform_money`,`create_time`,`modify_time`,`collect_shop`,`collect_goods`,`visit_count`,`order_count`,`goods_count`,`add_goods_count`,`day_time`,`member_count` FROM `gxfc_stat_shop` WHERE  `site_id` = 0  AND `year` = 2022  AND `month` = 10  AND `day` = 07  AND `day_time` = 1665417600 LIMIT 1 [ RunTime:0.000520s ]
[2022-10-11T11:03:53+08:00][sql] SELECT `id`,`site_id`,`year`,`month`,`day`,`order_total`,`shipping_total`,`refund_total`,`order_pay_count`,`goods_pay_count`,`shop_money`,`platform_money`,`create_time`,`modify_time`,`collect_shop`,`collect_goods`,`visit_count`,`order_count`,`goods_count`,`add_goods_count`,`day_time`,`member_count` FROM `gxfc_stat_shop` WHERE  `site_id` = 0  AND `year` = 2022  AND `month` = 10  AND `day` = 08 LIMIT 1 [ RunTime:0.000464s ]
[2022-10-11T11:03:53+08:00][sql] INSERT INTO `gxfc_stat_shop` SET `site_id` = 0 , `year` = 2022 , `month` = 10 , `day` = 08 , `day_time` = 1665417600 [ RunTime:0.001198s ]
[2022-10-11T11:03:53+08:00][sql] SELECT `id`,`site_id`,`year`,`month`,`day`,`order_total`,`shipping_total`,`refund_total`,`order_pay_count`,`goods_pay_count`,`shop_money`,`platform_money`,`create_time`,`modify_time`,`collect_shop`,`collect_goods`,`visit_count`,`order_count`,`goods_count`,`add_goods_count`,`day_time`,`member_count` FROM `gxfc_stat_shop` WHERE  `site_id` = 0  AND `year` = 2022  AND `month` = 10  AND `day` = 08  AND `day_time` = 1665417600 LIMIT 1 [ RunTime:0.000368s ]
[2022-10-11T11:03:53+08:00][sql] SELECT `id`,`site_id`,`year`,`month`,`day`,`order_total`,`shipping_total`,`refund_total`,`order_pay_count`,`goods_pay_count`,`shop_money`,`platform_money`,`create_time`,`modify_time`,`collect_shop`,`collect_goods`,`visit_count`,`order_count`,`goods_count`,`add_goods_count`,`day_time`,`member_count` FROM `gxfc_stat_shop` WHERE  `site_id` = 0  AND `year` = 2022  AND `month` = 10  AND `day` = 09 LIMIT 1 [ RunTime:0.000398s ]
[2022-10-11T11:03:53+08:00][sql] INSERT INTO `gxfc_stat_shop` SET `site_id` = 0 , `year` = 2022 , `month` = 10 , `day` = 09 , `day_time` = 1665417600 [ RunTime:0.001177s ]
[2022-10-11T11:03:53+08:00][sql] SELECT `id`,`site_id`,`year`,`month`,`day`,`order_total`,`shipping_total`,`refund_total`,`order_pay_count`,`goods_pay_count`,`shop_money`,`platform_money`,`create_time`,`modify_time`,`collect_shop`,`collect_goods`,`visit_count`,`order_count`,`goods_count`,`add_goods_count`,`day_time`,`member_count` FROM `gxfc_stat_shop` WHERE  `site_id` = 0  AND `year` = 2022  AND `month` = 10  AND `day` = 09  AND `day_time` = 1665417600 LIMIT 1 [ RunTime:0.000391s ]
[2022-10-11T11:03:53+08:00][sql] SELECT `id`,`site_id`,`year`,`month`,`day`,`order_total`,`shipping_total`,`refund_total`,`order_pay_count`,`goods_pay_count`,`shop_money`,`platform_money`,`create_time`,`modify_time`,`collect_shop`,`collect_goods`,`visit_count`,`order_count`,`goods_count`,`add_goods_count`,`day_time`,`member_count` FROM `gxfc_stat_shop` WHERE  `site_id` = 0  AND `year` = 2022  AND `month` = 10  AND `day` = 10 LIMIT 1 [ RunTime:0.000555s ]
[2022-10-11T11:03:53+08:00][sql] SELECT `id`,`site_id`,`year`,`month`,`day`,`order_total`,`shipping_total`,`refund_total`,`order_pay_count`,`goods_pay_count`,`shop_money`,`platform_money`,`create_time`,`modify_time`,`collect_shop`,`collect_goods`,`visit_count`,`order_count`,`goods_count`,`add_goods_count`,`day_time`,`member_count` FROM `gxfc_stat_shop` WHERE  `site_id` = 0  AND `year` = 2022  AND `month` = 10  AND `day` = 11 LIMIT 1 [ RunTime:0.000502s ]
[2022-10-11T11:03:53+08:00][sql] SHOW FULL COLUMNS FROM `gxfc_order` [ RunTime:0.008980s ]
[2022-10-11T11:03:53+08:00][sql] SELECT COUNT(*) AS think_count FROM `gxfc_order` WHERE  `order_status` = 0  AND `is_delete` = 0 [ RunTime:0.004627s ]
[2022-10-11T11:03:53+08:00][sql] SELECT COUNT(*) AS think_count FROM `gxfc_order` WHERE  `order_status` = 1  AND `is_delete` = 0 [ RunTime:0.000381s ]
[2022-10-11T11:03:53+08:00][sql] SHOW FULL COLUMNS FROM `gxfc_order_goods` [ RunTime:0.007407s ]
[2022-10-11T11:03:53+08:00][sql] SELECT COUNT(*) AS think_count FROM `gxfc_order_goods` WHERE  `refund_status` NOT IN (0,3) [ RunTime:0.010366s ]
[2022-10-11T11:03:53+08:00][sql] SHOW FULL COLUMNS FROM `gxfc_goods` [ RunTime:0.006892s ]
[2022-10-11T11:03:53+08:00][sql] SELECT COUNT(*) AS think_count FROM `gxfc_goods` WHERE  `goods_state` = 1  AND `is_delete` = 0 [ RunTime:0.000841s ]
[2022-10-11T11:03:53+08:00][sql] SELECT COUNT(*) AS think_count FROM `gxfc_goods` WHERE  `goods_state` = 0  AND `is_delete` = 0 [ RunTime:0.000342s ]
[2022-10-11T11:03:53+08:00][sql] SHOW FULL COLUMNS FROM `gxfc_fenxiao_withdraw` [ RunTime:0.006125s ]
[2022-10-11T11:03:53+08:00][sql] SELECT COUNT(`id`) AS think_count FROM `gxfc_fenxiao_withdraw` WHERE  `status` = 1 [ RunTime:0.000331s ]
[2022-10-11T11:03:53+08:00][sql] SHOW FULL COLUMNS FROM `gxfc_fenxiao_apply` [ RunTime:0.005343s ]
[2022-10-11T11:03:53+08:00][sql] SELECT COUNT(`apply_id`) AS think_count FROM `gxfc_fenxiao_apply` WHERE  `status` = 1 [ RunTime:0.000484s ]
[2022-10-11T11:03:53+08:00][sql] SHOW FULL COLUMNS FROM `gxfc_order_complain` [ RunTime:0.004438s ]
[2022-10-11T11:03:53+08:00][sql] SELECT COUNT(*) AS think_count FROM `gxfc_order_complain` WHERE  `complain_status` = 1 [ RunTime:0.000368s ]
[2022-10-11T11:03:53+08:00][sql] SELECT SUM(`order_money`) AS think_sum FROM `gxfc_order` [ RunTime:0.011437s ]
[2022-10-11T11:03:53+08:00][sql] SHOW FULL COLUMNS FROM `gxfc_member` [ RunTime:0.005951s ]
[2022-10-11T11:03:53+08:00][sql] SELECT COUNT(*) AS think_count FROM `gxfc_member` [ RunTime:0.002582s ]
[2022-10-11T11:03:53+08:00][sql] SHOW FULL COLUMNS FROM `gxfc_shop_apply` [ RunTime:0.005607s ]
[2022-10-11T11:03:53+08:00][sql] SELECT COUNT(*) AS think_count FROM `gxfc_shop_apply` WHERE  `create_time` BETWEEN 1665417600 AND 1665503999 [ RunTime:0.000375s ]
[2022-10-11T11:03:53+08:00][sql] SELECT COUNT(*) AS think_count FROM `gxfc_shop_apply` WHERE  `create_time` BETWEEN 1665331200 AND 1665417599 [ RunTime:0.000586s ]
[2022-10-11T11:03:53+08:00][sql] SHOW FULL COLUMNS FROM `gxfc_shop` [ RunTime:0.003612s ]
[2022-10-11T11:03:53+08:00][sql] SELECT COUNT(*) AS think_count FROM `gxfc_shop` WHERE  `create_time` BETWEEN 1665417600 AND 1665503999 [ RunTime:0.000353s ]
[2022-10-11T11:03:53+08:00][sql] SELECT COUNT(*) AS think_count FROM `gxfc_shop` [ RunTime:0.000507s ]
[2022-10-11T11:03:53+08:00][sql] SELECT COUNT(*) AS think_count FROM `gxfc_goods` [ RunTime:0.000341s ]
[2022-10-11T11:03:55+08:00][sql] CONNECT:[ UseTime:0.025318s ] mysql:host=127.0.0.1;port=3306;dbname=ls_chnssl_com;charset=utf8
[2022-10-11T11:03:55+08:00][sql] SHOW FULL COLUMNS FROM `gxfc_goods` [ RunTime:0.002220s ]
[2022-10-11T11:03:55+08:00][sql] SELECT COUNT(*) AS think_count FROM `gxfc_goods` WHERE  `verify_state` = 0  AND `is_delete` = 0 [ RunTime:0.000424s ]
[2022-10-11T11:03:55+08:00][sql] SELECT COUNT(*) AS think_count FROM `gxfc_goods` WHERE  `verify_state` = -2  AND `is_delete` = 0 [ RunTime:0.000378s ]
[2022-10-11T11:03:55+08:00][sql] SELECT COUNT(*) AS think_count FROM `gxfc_goods` WHERE  `verify_state` = 10  AND `is_delete` = 0 [ RunTime:0.000710s ]
[2022-10-11T11:03:56+08:00][sql] CONNECT:[ UseTime:0.003259s ] mysql:host=127.0.0.1;port=3306;dbname=ls_chnssl_com;charset=utf8
[2022-10-11T11:03:56+08:00][sql] SHOW FULL COLUMNS FROM `gxfc_goods` [ RunTime:0.002502s ]
[2022-10-11T11:03:56+08:00][sql] SELECT COUNT(*) AS think_count FROM `gxfc_goods` WHERE  `verify_state` = 0  AND `is_delete` = 0 [ RunTime:0.000456s ]
[2022-10-11T11:03:56+08:00][sql] SELECT COUNT(*) AS think_count FROM `gxfc_goods` WHERE  `verify_state` = -2  AND `is_delete` = 0 [ RunTime:0.000485s ]
[2022-10-11T11:03:56+08:00][sql] SELECT COUNT(*) AS think_count FROM `gxfc_goods` WHERE  `verify_state` = 10  AND `is_delete` = 0 [ RunTime:0.000465s ]
[2022-10-11T11:03:56+08:00][sql] CONNECT:[ UseTime:0.000924s ] mysql:host=127.0.0.1;port=3306;dbname=ls_chnssl_com;charset=utf8
[2022-10-11T11:03:56+08:00][sql] SHOW FULL COLUMNS FROM `gxfc_goods` [ RunTime:0.002058s ]
[2022-10-11T11:03:56+08:00][sql] SELECT COUNT(*) AS think_count FROM `gxfc_goods` `` WHERE  `is_delete` = 0 ORDER BY `create_time` DESC [ RunTime:0.001136s ]
[2022-10-11T11:03:56+08:00][sql] SELECT `goods_id`,`goods_name`,`site_id`,`site_name`,`goods_image`,`is_own`,`goods_state`,`verify_state`,`price`,`goods_stock`,`goods_stock_alarm`,`create_time`,`sale_num`,`is_virtual`,`goods_class`,`is_fenxiao`,`fenxiao_type`,`sku_id`,`max_buy`,`min_buy`,`promotion_addon`,`sort` FROM `gxfc_goods` `` WHERE  `is_delete` = 0 ORDER BY `create_time` DESC LIMIT 0,10 [ RunTime:0.001134s ]
