[2023-01-14T14:59:07+08:00][sql] CONNECT:[ UseTime:0.000393s ] mysql:host=127.0.0.1;port=3306;dbname=hunqin;charset=utf8
[2023-01-14T14:59:07+08:00][sql] SHOW FULL COLUMNS FROM `gxfc_user` [ RunTime:0.001312s ]
[2023-01-14T14:59:07+08:00][sql] SELECT `uid`,`app_module`,`app_group`,`is_admin`,`site_id`,`group_id`,`group_name`,`username`,`password`,`member_id`,`create_time`,`update_time`,`status`,`login_time`,`login_ip` FROM `gxfc_user` WHERE  `username` = 'admin'  AND `app_module` = 'admin' LIMIT 1 [ RunTime:0.000369s ]
[2023-01-14T14:59:07+08:00][sql] UPDATE `gxfc_user`  SET `login_time` = 1673679547 , `login_ip` = '171.113.164.36'  WHERE  `uid` = 1 [ RunTime:0.007067s ]
[2023-01-14T14:59:07+08:00][sql] SHOW FULL COLUMNS FROM `gxfc_user_log` [ RunTime:0.000935s ]
[2023-01-14T14:59:07+08:00][sql] INSERT INTO `gxfc_user_log` SET `uid` = 1 , `username` = 'admin' , `site_id` = 0 , `url` = 'admin/Login/login' , `ip` = '171.113.164.36' , `data` = '[]' , `action_name` = '用户登录' , `create_time` = 1673679547 [ RunTime:0.003947s ]
[2023-01-14T14:59:08+08:00][sql] CONNECT:[ UseTime:0.000351s ] mysql:host=127.0.0.1;port=3306;dbname=hunqin;charset=utf8
[2023-01-14T14:59:08+08:00][sql] SHOW FULL COLUMNS FROM `gxfc_menu` [ RunTime:0.001221s ]
[2023-01-14T14:59:08+08:00][sql] SELECT `id`,`app_module`,`name`,`title`,`parent`,`level`,`url`,`is_show`,`sort`,`desc`,`picture`,`is_icon`,`picture_select`,`is_control`,`addon` FROM `gxfc_menu` WHERE  `url` = 'admin/Index/index'  AND `app_module` = 'admin' ORDER BY `level` DESC LIMIT 1 [ RunTime:0.000407s ]
[2023-01-14T14:59:08+08:00][sql] SELECT `id`,`app_module`,`name`,`title`,`parent`,`level`,`url`,`is_show`,`sort`,`desc`,`picture`,`is_icon`,`picture_select`,`is_control`,`addon` FROM `gxfc_menu` WHERE  `name` = 'INDEX_ROOT'  AND `app_module` = 'admin' LIMIT 1 [ RunTime:0.000347s ]
[2023-01-14T14:59:08+08:00][sql] SHOW FULL COLUMNS FROM `gxfc_stat_shop` [ RunTime:0.001055s ]
[2023-01-14T14:59:08+08:00][sql] SELECT `id`,`site_id`,`year`,`month`,`day`,`order_total`,`shipping_total`,`refund_total`,`order_pay_count`,`goods_pay_count`,`shop_money`,`platform_money`,`create_time`,`modify_time`,`collect_shop`,`collect_goods`,`visit_count`,`order_count`,`goods_count`,`add_goods_count`,`day_time`,`member_count` FROM `gxfc_stat_shop` WHERE  `site_id` = 0  AND `year` = 2023  AND `month` = 1  AND `day` = 14 LIMIT 1 [ RunTime:0.000325s ]
[2023-01-14T14:59:08+08:00][sql] INSERT INTO `gxfc_stat_shop` SET `site_id` = 0 , `year` = 2023 , `month` = 1 , `day` = 14 , `day_time` = 1673625600 [ RunTime:0.006452s ]
[2023-01-14T14:59:08+08:00][sql] SELECT `id`,`site_id`,`year`,`month`,`day`,`order_total`,`shipping_total`,`refund_total`,`order_pay_count`,`goods_pay_count`,`shop_money`,`platform_money`,`create_time`,`modify_time`,`collect_shop`,`collect_goods`,`visit_count`,`order_count`,`goods_count`,`add_goods_count`,`day_time`,`member_count` FROM `gxfc_stat_shop` WHERE  `site_id` = 0  AND `year` = 2023  AND `month` = 1  AND `day` = 14  AND `day_time` = 1673625600 LIMIT 1 [ RunTime:0.000341s ]
[2023-01-14T14:59:08+08:00][sql] SELECT `id`,`site_id`,`year`,`month`,`day`,`order_total`,`shipping_total`,`refund_total`,`order_pay_count`,`goods_pay_count`,`shop_money`,`platform_money`,`create_time`,`modify_time`,`collect_shop`,`collect_goods`,`visit_count`,`order_count`,`goods_count`,`add_goods_count`,`day_time`,`member_count` FROM `gxfc_stat_shop` WHERE  `site_id` = 0  AND `year` = 2023  AND `month` = 1  AND `day` = 14 LIMIT 1 [ RunTime:0.000328s ]
[2023-01-14T14:59:08+08:00][sql] SELECT `id`,`site_id`,`year`,`month`,`day`,`order_total`,`shipping_total`,`refund_total`,`order_pay_count`,`goods_pay_count`,`shop_money`,`platform_money`,`create_time`,`modify_time`,`collect_shop`,`collect_goods`,`visit_count`,`order_count`,`goods_count`,`add_goods_count`,`day_time`,`member_count` FROM `gxfc_stat_shop` WHERE  `site_id` = 0  AND `year` = 2023  AND `month` = 1  AND `day` = 13 LIMIT 1 [ RunTime:0.000286s ]
[2023-01-14T14:59:08+08:00][sql] INSERT INTO `gxfc_stat_shop` SET `site_id` = 0 , `year` = 2023 , `month` = 1 , `day` = 13 , `day_time` = 1673625600 [ RunTime:0.003905s ]
[2023-01-14T14:59:08+08:00][sql] SELECT `id`,`site_id`,`year`,`month`,`day`,`order_total`,`shipping_total`,`refund_total`,`order_pay_count`,`goods_pay_count`,`shop_money`,`platform_money`,`create_time`,`modify_time`,`collect_shop`,`collect_goods`,`visit_count`,`order_count`,`goods_count`,`add_goods_count`,`day_time`,`member_count` FROM `gxfc_stat_shop` WHERE  `site_id` = 0  AND `year` = 2023  AND `month` = 1  AND `day` = 13  AND `day_time` = 1673625600 LIMIT 1 [ RunTime:0.000359s ]
[2023-01-14T14:59:08+08:00][sql] SELECT `id`,`site_id`,`year`,`month`,`day`,`order_total`,`shipping_total`,`refund_total`,`order_pay_count`,`goods_pay_count`,`shop_money`,`platform_money`,`create_time`,`modify_time`,`collect_shop`,`collect_goods`,`visit_count`,`order_count`,`goods_count`,`add_goods_count`,`day_time`,`member_count` FROM `gxfc_stat_shop` WHERE  `site_id` = 0  AND `year` = 2023  AND `month` = 01  AND `day` = 05 LIMIT 1 [ RunTime:0.000310s ]
[2023-01-14T14:59:08+08:00][sql] SELECT `id`,`site_id`,`year`,`month`,`day`,`order_total`,`shipping_total`,`refund_total`,`order_pay_count`,`goods_pay_count`,`shop_money`,`platform_money`,`create_time`,`modify_time`,`collect_shop`,`collect_goods`,`visit_count`,`order_count`,`goods_count`,`add_goods_count`,`day_time`,`member_count` FROM `gxfc_stat_shop` WHERE  `site_id` = 0  AND `year` = 2023  AND `month` = 01  AND `day` = 06 LIMIT 1 [ RunTime:0.000310s ]
[2023-01-14T14:59:08+08:00][sql] SELECT `id`,`site_id`,`year`,`month`,`day`,`order_total`,`shipping_total`,`refund_total`,`order_pay_count`,`goods_pay_count`,`shop_money`,`platform_money`,`create_time`,`modify_time`,`collect_shop`,`collect_goods`,`visit_count`,`order_count`,`goods_count`,`add_goods_count`,`day_time`,`member_count` FROM `gxfc_stat_shop` WHERE  `site_id` = 0  AND `year` = 2023  AND `month` = 01  AND `day` = 07 LIMIT 1 [ RunTime:0.000341s ]
[2023-01-14T14:59:08+08:00][sql] SELECT `id`,`site_id`,`year`,`month`,`day`,`order_total`,`shipping_total`,`refund_total`,`order_pay_count`,`goods_pay_count`,`shop_money`,`platform_money`,`create_time`,`modify_time`,`collect_shop`,`collect_goods`,`visit_count`,`order_count`,`goods_count`,`add_goods_count`,`day_time`,`member_count` FROM `gxfc_stat_shop` WHERE  `site_id` = 0  AND `year` = 2023  AND `month` = 01  AND `day` = 08 LIMIT 1 [ RunTime:0.000325s ]
[2023-01-14T14:59:08+08:00][sql] SELECT `id`,`site_id`,`year`,`month`,`day`,`order_total`,`shipping_total`,`refund_total`,`order_pay_count`,`goods_pay_count`,`shop_money`,`platform_money`,`create_time`,`modify_time`,`collect_shop`,`collect_goods`,`visit_count`,`order_count`,`goods_count`,`add_goods_count`,`day_time`,`member_count` FROM `gxfc_stat_shop` WHERE  `site_id` = 0  AND `year` = 2023  AND `month` = 01  AND `day` = 09 LIMIT 1 [ RunTime:0.000295s ]
[2023-01-14T14:59:08+08:00][sql] SELECT `id`,`site_id`,`year`,`month`,`day`,`order_total`,`shipping_total`,`refund_total`,`order_pay_count`,`goods_pay_count`,`shop_money`,`platform_money`,`create_time`,`modify_time`,`collect_shop`,`collect_goods`,`visit_count`,`order_count`,`goods_count`,`add_goods_count`,`day_time`,`member_count` FROM `gxfc_stat_shop` WHERE  `site_id` = 0  AND `year` = 2023  AND `month` = 01  AND `day` = 10 LIMIT 1 [ RunTime:0.000302s ]
[2023-01-14T14:59:08+08:00][sql] SELECT `id`,`site_id`,`year`,`month`,`day`,`order_total`,`shipping_total`,`refund_total`,`order_pay_count`,`goods_pay_count`,`shop_money`,`platform_money`,`create_time`,`modify_time`,`collect_shop`,`collect_goods`,`visit_count`,`order_count`,`goods_count`,`add_goods_count`,`day_time`,`member_count` FROM `gxfc_stat_shop` WHERE  `site_id` = 0  AND `year` = 2023  AND `month` = 01  AND `day` = 11 LIMIT 1 [ RunTime:0.000305s ]
[2023-01-14T14:59:08+08:00][sql] SELECT `id`,`site_id`,`year`,`month`,`day`,`order_total`,`shipping_total`,`refund_total`,`order_pay_count`,`goods_pay_count`,`shop_money`,`platform_money`,`create_time`,`modify_time`,`collect_shop`,`collect_goods`,`visit_count`,`order_count`,`goods_count`,`add_goods_count`,`day_time`,`member_count` FROM `gxfc_stat_shop` WHERE  `site_id` = 0  AND `year` = 2023  AND `month` = 01  AND `day` = 12 LIMIT 1 [ RunTime:0.000296s ]
[2023-01-14T14:59:08+08:00][sql] SELECT `id`,`site_id`,`year`,`month`,`day`,`order_total`,`shipping_total`,`refund_total`,`order_pay_count`,`goods_pay_count`,`shop_money`,`platform_money`,`create_time`,`modify_time`,`collect_shop`,`collect_goods`,`visit_count`,`order_count`,`goods_count`,`add_goods_count`,`day_time`,`member_count` FROM `gxfc_stat_shop` WHERE  `site_id` = 0  AND `year` = 2023  AND `month` = 01  AND `day` = 13 LIMIT 1 [ RunTime:0.000325s ]
[2023-01-14T14:59:08+08:00][sql] SELECT `id`,`site_id`,`year`,`month`,`day`,`order_total`,`shipping_total`,`refund_total`,`order_pay_count`,`goods_pay_count`,`shop_money`,`platform_money`,`create_time`,`modify_time`,`collect_shop`,`collect_goods`,`visit_count`,`order_count`,`goods_count`,`add_goods_count`,`day_time`,`member_count` FROM `gxfc_stat_shop` WHERE  `site_id` = 0  AND `year` = 2023  AND `month` = 01  AND `day` = 14 LIMIT 1 [ RunTime:0.000343s ]
[2023-01-14T14:59:08+08:00][sql] SHOW FULL COLUMNS FROM `gxfc_order` [ RunTime:0.001585s ]
[2023-01-14T14:59:08+08:00][sql] SELECT COUNT(*) AS think_count FROM `gxfc_order` WHERE  `order_status` = 0  AND `is_delete` = 0 [ RunTime:0.000320s ]
[2023-01-14T14:59:08+08:00][sql] SELECT COUNT(*) AS think_count FROM `gxfc_order` WHERE  `order_status` = 1  AND `is_delete` = 0 [ RunTime:0.000282s ]
[2023-01-14T14:59:08+08:00][sql] SHOW FULL COLUMNS FROM `gxfc_order_goods` [ RunTime:0.001070s ]
[2023-01-14T14:59:08+08:00][sql] SELECT COUNT(*) AS think_count FROM `gxfc_order_goods` WHERE  `refund_status` NOT IN (0,3) [ RunTime:0.000755s ]
[2023-01-14T14:59:08+08:00][sql] SHOW FULL COLUMNS FROM `gxfc_goods` [ RunTime:0.001264s ]
[2023-01-14T14:59:08+08:00][sql] SELECT COUNT(*) AS think_count FROM `gxfc_goods` WHERE  `goods_state` = 1  AND `is_delete` = 0 [ RunTime:0.000280s ]
[2023-01-14T14:59:08+08:00][sql] SELECT COUNT(*) AS think_count FROM `gxfc_goods` WHERE  `goods_state` = 0  AND `is_delete` = 0 [ RunTime:0.000246s ]
[2023-01-14T14:59:08+08:00][sql] SHOW FULL COLUMNS FROM `gxfc_fenxiao_withdraw` [ RunTime:0.000924s ]
[2023-01-14T14:59:08+08:00][sql] SELECT COUNT(`id`) AS think_count FROM `gxfc_fenxiao_withdraw` WHERE  `status` = 1 [ RunTime:0.000197s ]
[2023-01-14T14:59:08+08:00][sql] SHOW FULL COLUMNS FROM `gxfc_fenxiao_apply` [ RunTime:0.000841s ]
[2023-01-14T14:59:08+08:00][sql] SELECT COUNT(`apply_id`) AS think_count FROM `gxfc_fenxiao_apply` WHERE  `status` = 1 [ RunTime:0.000195s ]
[2023-01-14T14:59:08+08:00][sql] SHOW FULL COLUMNS FROM `gxfc_order_complain` [ RunTime:0.001008s ]
[2023-01-14T14:59:08+08:00][sql] SELECT COUNT(*) AS think_count FROM `gxfc_order_complain` WHERE  `complain_status` = 1 [ RunTime:0.000197s ]
[2023-01-14T14:59:08+08:00][sql] SELECT SUM(`order_money`) AS think_sum FROM `gxfc_order` [ RunTime:0.000295s ]
[2023-01-14T14:59:08+08:00][sql] SHOW FULL COLUMNS FROM `gxfc_member` [ RunTime:0.001236s ]
[2023-01-14T14:59:08+08:00][sql] SELECT COUNT(*) AS think_count FROM `gxfc_member` [ RunTime:0.000197s ]
[2023-01-14T14:59:08+08:00][sql] SHOW FULL COLUMNS FROM `gxfc_shop_apply` [ RunTime:0.000981s ]
[2023-01-14T14:59:08+08:00][sql] SELECT COUNT(*) AS think_count FROM `gxfc_shop_apply` WHERE  `create_time` BETWEEN 1673625600 AND 1673711999 [ RunTime:0.000219s ]
[2023-01-14T14:59:08+08:00][sql] SELECT COUNT(*) AS think_count FROM `gxfc_shop_apply` WHERE  `create_time` BETWEEN 1673539200 AND 1673625599 [ RunTime:0.000204s ]
[2023-01-14T14:59:08+08:00][sql] SHOW FULL COLUMNS FROM `gxfc_shop` [ RunTime:0.001195s ]
[2023-01-14T14:59:08+08:00][sql] SELECT COUNT(*) AS think_count FROM `gxfc_shop` WHERE  `create_time` BETWEEN 1673625600 AND 1673711999 [ RunTime:0.000258s ]
[2023-01-14T14:59:08+08:00][sql] SELECT COUNT(*) AS think_count FROM `gxfc_shop` [ RunTime:0.000170s ]
[2023-01-14T14:59:08+08:00][sql] SELECT COUNT(*) AS think_count FROM `gxfc_goods` [ RunTime:0.000193s ]
[2023-01-14T14:59:14+08:00][sql] CONNECT:[ UseTime:0.000354s ] mysql:host=127.0.0.1;port=3306;dbname=hunqin;charset=utf8
[2023-01-14T14:59:14+08:00][sql] SHOW FULL COLUMNS FROM `gxfc_menu` [ RunTime:0.001154s ]
[2023-01-14T14:59:14+08:00][sql] SELECT `id`,`app_module`,`name`,`title`,`parent`,`level`,`url`,`is_show`,`sort`,`desc`,`picture`,`is_icon`,`picture_select`,`is_control`,`addon` FROM `gxfc_menu` WHERE  `url` = 'admin/System/cache'  AND `app_module` = 'admin' ORDER BY `level` DESC LIMIT 1 [ RunTime:0.000444s ]
[2023-01-14T14:59:14+08:00][sql] SELECT `id`,`app_module`,`name`,`title`,`parent`,`level`,`url`,`is_show`,`sort`,`desc`,`picture`,`is_icon`,`picture_select`,`is_control`,`addon` FROM `gxfc_menu` WHERE  `name` = 'CONFIG_SYSTEM_CACHE'  AND `app_module` = 'admin' LIMIT 1 [ RunTime:0.000346s ]
[2023-01-14T14:59:14+08:00][sql] SELECT `id`,`app_module`,`name`,`title`,`parent`,`level`,`url`,`is_show`,`sort`,`desc`,`picture`,`is_icon`,`picture_select`,`is_control`,`addon` FROM `gxfc_menu` WHERE  `name` = 'CONFIG_SYSTEM'  AND `app_module` = 'admin' LIMIT 1 [ RunTime:0.000326s ]
[2023-01-14T14:59:14+08:00][sql] SELECT `id`,`app_module`,`name`,`title`,`parent`,`level`,`url`,`is_show`,`sort`,`desc`,`picture`,`is_icon`,`picture_select`,`is_control`,`addon` FROM `gxfc_menu` WHERE  `name` = 'CONFIG_ROOT'  AND `app_module` = 'admin' LIMIT 1 [ RunTime:0.000290s ]
[2023-01-14T15:49:44+08:00][sql] CONNECT:[ UseTime:0.000359s ] mysql:host=127.0.0.1;port=3306;dbname=hunqin;charset=utf8
[2023-01-14T15:49:44+08:00][sql] SHOW FULL COLUMNS FROM `gxfc_wuliao_group` [ RunTime:0.001189s ]
[2023-01-14T15:49:44+08:00][sql] SELECT `id`,`group_name`,`pid`,`level`,`sort` FROM `gxfc_wuliao_group` ORDER BY `sort` ASC [ RunTime:0.000352s ]
[2023-01-14T15:49:52+08:00][sql] CONNECT:[ UseTime:0.000370s ] mysql:host=127.0.0.1;port=3306;dbname=hunqin;charset=utf8
[2023-01-14T15:49:52+08:00][sql] SHOW FULL COLUMNS FROM `gxfc_wuliao_group` [ RunTime:0.001082s ]
[2023-01-14T15:49:52+08:00][sql] SELECT `id`,`group_name`,`pid`,`level`,`sort` FROM `gxfc_wuliao_group` ORDER BY `sort` ASC [ RunTime:0.000324s ]
[2023-01-14T15:49:53+08:00][sql] CONNECT:[ UseTime:0.000395s ] mysql:host=127.0.0.1;port=3306;dbname=hunqin;charset=utf8
[2023-01-14T15:49:53+08:00][sql] SHOW FULL COLUMNS FROM `gxfc_menu` [ RunTime:0.001159s ]
[2023-01-14T15:49:53+08:00][sql] SELECT `id`,`app_module`,`name`,`title`,`parent`,`level`,`url`,`is_show`,`sort`,`desc`,`picture`,`is_icon`,`picture_select`,`is_control`,`addon` FROM `gxfc_menu` WHERE  `url` = 'admin/Wuliao/lists'  AND `app_module` = 'admin' ORDER BY `level` DESC LIMIT 1 [ RunTime:0.000470s ]
[2023-01-14T15:49:53+08:00][sql] SELECT `id`,`app_module`,`name`,`title`,`parent`,`level`,`url`,`is_show`,`sort`,`desc`,`picture`,`is_icon`,`picture_select`,`is_control`,`addon` FROM `gxfc_menu` WHERE  `name` = 'WULIAO_LIST'  AND `app_module` = 'admin' LIMIT 1 [ RunTime:0.000379s ]
[2023-01-14T15:49:53+08:00][sql] CONNECT:[ UseTime:0.000388s ] mysql:host=127.0.0.1;port=3306;dbname=hunqin;charset=utf8
[2023-01-14T15:49:53+08:00][sql] SHOW FULL COLUMNS FROM `gxfc_wuliao` [ RunTime:0.001366s ]
[2023-01-14T15:49:53+08:00][sql] SELECT COUNT(*) AS think_count FROM `gxfc_wuliao` `a` WHERE  `company_id` = 0  AND `card_id` = 0 ORDER BY `id` DESC [ RunTime:0.000342s ]
[2023-01-14T15:49:53+08:00][sql] SELECT * FROM `gxfc_wuliao` `a` WHERE  `company_id` = 0  AND `card_id` = 0 ORDER BY `id` DESC LIMIT 0,10 [ RunTime:0.000369s ]
[2023-01-14T15:49:58+08:00][sql] CONNECT:[ UseTime:0.000367s ] mysql:host=127.0.0.1;port=3306;dbname=hunqin;charset=utf8
[2023-01-14T15:49:58+08:00][sql] SHOW FULL COLUMNS FROM `gxfc_menu` [ RunTime:0.001206s ]
[2023-01-14T15:49:58+08:00][sql] SELECT `id`,`app_module`,`name`,`title`,`parent`,`level`,`url`,`is_show`,`sort`,`desc`,`picture`,`is_icon`,`picture_select`,`is_control`,`addon` FROM `gxfc_menu` WHERE  `url` = 'admin/Card/lists'  AND `app_module` = 'admin' ORDER BY `level` DESC LIMIT 1 [ RunTime:0.000413s ]
[2023-01-14T15:49:58+08:00][sql] SELECT `id`,`app_module`,`name`,`title`,`parent`,`level`,`url`,`is_show`,`sort`,`desc`,`picture`,`is_icon`,`picture_select`,`is_control`,`addon` FROM `gxfc_menu` WHERE  `name` = 'DTGL_KH_LIST'  AND `app_module` = 'admin' LIMIT 1 [ RunTime:0.000358s ]
[2023-01-14T15:49:58+08:00][sql] SELECT `id`,`app_module`,`name`,`title`,`parent`,`level`,`url`,`is_show`,`sort`,`desc`,`picture`,`is_icon`,`picture_select`,`is_control`,`addon` FROM `gxfc_menu` WHERE  `name` = 'DTGL_KH'  AND `app_module` = 'admin' LIMIT 1 [ RunTime:0.000330s ]
[2023-01-14T15:49:59+08:00][sql] CONNECT:[ UseTime:0.000353s ] mysql:host=127.0.0.1;port=3306;dbname=hunqin;charset=utf8
[2023-01-14T15:49:59+08:00][sql] SHOW FULL COLUMNS FROM `gxfc_card` [ RunTime:0.001300s ]
[2023-01-14T15:49:59+08:00][sql] SELECT COUNT(*) AS think_count FROM `gxfc_card` `` [ RunTime:0.000288s ]
[2023-01-14T15:49:59+08:00][sql] SELECT * FROM `gxfc_card` `` LIMIT 0,10 [ RunTime:0.000434s ]
[2023-01-14T15:52:32+08:00][error] [2]Use of undefined constant data - assumed 'data' (this will throw an Error in a future version of PHP)
[2023-01-14T15:53:12+08:00][error] [2]Use of undefined constant data - assumed 'data' (this will throw an Error in a future version of PHP)
[2023-01-14T15:53:29+08:00][sql] CONNECT:[ UseTime:0.000368s ] mysql:host=127.0.0.1;port=3306;dbname=hunqin;charset=utf8
[2023-01-14T15:53:29+08:00][sql] SHOW FULL COLUMNS FROM `gxfc_card` [ RunTime:0.001429s ]
[2023-01-14T15:53:29+08:00][sql] SELECT COUNT(*) AS think_count FROM `gxfc_card` `` [ RunTime:0.000232s ]
[2023-01-14T15:53:29+08:00][sql] SELECT * FROM `gxfc_card` `` LIMIT 0,10 [ RunTime:0.000373s ]
[2023-01-14T15:53:30+08:00][sql] CONNECT:[ UseTime:0.000368s ] mysql:host=127.0.0.1;port=3306;dbname=hunqin;charset=utf8
[2023-01-14T15:53:30+08:00][sql] SHOW FULL COLUMNS FROM `gxfc_menu` [ RunTime:0.002076s ]
[2023-01-14T15:53:30+08:00][sql] SELECT `id`,`app_module`,`name`,`title`,`parent`,`level`,`url`,`is_show`,`sort`,`desc`,`picture`,`is_icon`,`picture_select`,`is_control`,`addon` FROM `gxfc_menu` WHERE  `url` = 'admin/Card/upload'  AND `app_module` = 'admin' ORDER BY `level` DESC LIMIT 1 [ RunTime:0.000741s ]
[2023-01-14T15:53:30+08:00][sql] CONNECT:[ UseTime:0.000532s ] mysql:host=127.0.0.1;port=3306;dbname=hunqin;charset=utf8
[2023-01-14T15:53:30+08:00][sql] SHOW FULL COLUMNS FROM `gxfc_menu` [ RunTime:0.001295s ]
[2023-01-14T15:53:30+08:00][sql] SELECT `id`,`app_module`,`name`,`title`,`parent`,`level`,`url`,`is_show`,`sort`,`desc`,`picture`,`is_icon`,`picture_select`,`is_control`,`addon` FROM `gxfc_menu` WHERE  `url` = 'admin/Card/upload'  AND `app_module` = 'admin' ORDER BY `level` DESC LIMIT 1 [ RunTime:0.001755s ]
[2023-01-14T15:53:30+08:00][sql] CONNECT:[ UseTime:0.000447s ] mysql:host=127.0.0.1;port=3306;dbname=hunqin;charset=utf8
[2023-01-14T15:53:30+08:00][sql] SHOW FULL COLUMNS FROM `gxfc_menu` [ RunTime:0.001391s ]
[2023-01-14T15:53:30+08:00][sql] CONNECT:[ UseTime:0.000287s ] mysql:host=127.0.0.1;port=3306;dbname=hunqin;charset=utf8
[2023-01-14T15:53:30+08:00][sql] SELECT `id`,`app_module`,`name`,`title`,`parent`,`level`,`url`,`is_show`,`sort`,`desc`,`picture`,`is_icon`,`picture_select`,`is_control`,`addon` FROM `gxfc_menu` WHERE  `url` = 'admin/Card/upload'  AND `app_module` = 'admin' ORDER BY `level` DESC LIMIT 1 [ RunTime:0.000455s ]
[2023-01-14T15:53:30+08:00][sql] CONNECT:[ UseTime:0.000732s ] mysql:host=127.0.0.1;port=3306;dbname=hunqin;charset=utf8
[2023-01-14T15:53:30+08:00][sql] SHOW FULL COLUMNS FROM `gxfc_menu` [ RunTime:0.001272s ]
[2023-01-14T15:53:30+08:00][sql] SELECT `id`,`app_module`,`name`,`title`,`parent`,`level`,`url`,`is_show`,`sort`,`desc`,`picture`,`is_icon`,`picture_select`,`is_control`,`addon` FROM `gxfc_menu` WHERE  `url` = 'admin/Card/upload'  AND `app_module` = 'admin' ORDER BY `level` DESC LIMIT 1 [ RunTime:0.000505s ]
[2023-01-14T15:53:30+08:00][sql] SHOW FULL COLUMNS FROM `gxfc_menu` [ RunTime:0.001231s ]
[2023-01-14T15:53:30+08:00][sql] SELECT `id`,`app_module`,`name`,`title`,`parent`,`level`,`url`,`is_show`,`sort`,`desc`,`picture`,`is_icon`,`picture_select`,`is_control`,`addon` FROM `gxfc_menu` WHERE  `url` = 'admin/Card/upload'  AND `app_module` = 'admin' ORDER BY `level` DESC LIMIT 1 [ RunTime:0.000761s ]
[2023-01-14T15:55:12+08:00][sql] CONNECT:[ UseTime:0.000370s ] mysql:host=127.0.0.1;port=3306;dbname=hunqin;charset=utf8
[2023-01-14T15:55:12+08:00][sql] SHOW FULL COLUMNS FROM `gxfc_card` [ RunTime:0.001410s ]
[2023-01-14T15:55:12+08:00][sql] SELECT COUNT(*) AS think_count FROM `gxfc_card` `` [ RunTime:0.000245s ]
[2023-01-14T15:55:12+08:00][sql] SELECT * FROM `gxfc_card` `` LIMIT 0,10 [ RunTime:0.000354s ]
[2023-01-14T15:55:38+08:00][sql] CONNECT:[ UseTime:0.000387s ] mysql:host=127.0.0.1;port=3306;dbname=hunqin;charset=utf8
[2023-01-14T15:55:38+08:00][sql] SHOW FULL COLUMNS FROM `gxfc_card` [ RunTime:0.001390s ]
[2023-01-14T15:55:38+08:00][sql] SELECT COUNT(*) AS think_count FROM `gxfc_card` `` [ RunTime:0.000273s ]
[2023-01-14T15:55:38+08:00][sql] SELECT * FROM `gxfc_card` `` LIMIT 0,10 [ RunTime:0.000441s ]
[2023-01-14T15:55:49+08:00][sql] CONNECT:[ UseTime:0.000365s ] mysql:host=127.0.0.1;port=3306;dbname=hunqin;charset=utf8
[2023-01-14T15:55:49+08:00][sql] SHOW FULL COLUMNS FROM `gxfc_card` [ RunTime:0.001332s ]
[2023-01-14T15:55:49+08:00][sql] SELECT COUNT(*) AS think_count FROM `gxfc_card` `` [ RunTime:0.000291s ]
[2023-01-14T15:55:49+08:00][sql] SELECT * FROM `gxfc_card` `` LIMIT 0,10 [ RunTime:0.000396s ]
[2023-01-14T15:55:56+08:00][sql] CONNECT:[ UseTime:0.000381s ] mysql:host=127.0.0.1;port=3306;dbname=hunqin;charset=utf8
[2023-01-14T15:55:56+08:00][sql] SHOW FULL COLUMNS FROM `gxfc_card` [ RunTime:0.001373s ]
[2023-01-14T15:55:56+08:00][sql] SELECT COUNT(*) AS think_count FROM `gxfc_card` `` [ RunTime:0.000359s ]
[2023-01-14T15:55:56+08:00][sql] SELECT * FROM `gxfc_card` `` LIMIT 0,10 [ RunTime:0.000392s ]
