[2022-11-22T12:48:19+08:00][sql] CONNECT:[ UseTime:0.000409s ] mysql:host=127.0.0.1;port=3306;dbname=hunqin;charset=utf8
[2022-11-22T12:48:19+08:00][sql] SHOW FULL COLUMNS FROM `gxfc_user` [ RunTime:0.000677s ]
[2022-11-22T12:48:19+08:00][sql] SELECT `uid`,`app_module`,`app_group`,`is_admin`,`site_id`,`group_id`,`group_name`,`username`,`password`,`member_id`,`create_time`,`update_time`,`status`,`login_time`,`login_ip` FROM `gxfc_user` WHERE  `username` = 'admin'  AND `app_module` = 'admin' LIMIT 1 [ RunTime:0.000419s ]
[2022-11-22T12:48:19+08:00][sql] UPDATE `gxfc_user`  SET `login_time` = 1669092499 , `login_ip` = '117.136.53.161'  WHERE  `uid` = 1 [ RunTime:0.006915s ]
[2022-11-22T12:48:19+08:00][sql] SHOW FULL COLUMNS FROM `gxfc_user_log` [ RunTime:0.000565s ]
[2022-11-22T12:48:19+08:00][sql] INSERT INTO `gxfc_user_log` SET `uid` = 1 , `username` = 'admin' , `site_id` = 0 , `url` = 'admin/Login/login' , `ip` = '117.136.53.161' , `data` = '[]' , `action_name` = '用户登录' , `create_time` = 1669092499 [ RunTime:0.010755s ]
[2022-11-22T12:48:21+08:00][sql] CONNECT:[ UseTime:0.000477s ] mysql:host=127.0.0.1;port=3306;dbname=hunqin;charset=utf8
[2022-11-22T12:48:21+08:00][sql] SHOW FULL COLUMNS FROM `gxfc_stat_shop` [ RunTime:0.000746s ]
[2022-11-22T12:48:21+08:00][sql] SELECT `id`,`site_id`,`year`,`month`,`day`,`order_total`,`shipping_total`,`refund_total`,`order_pay_count`,`goods_pay_count`,`shop_money`,`platform_money`,`create_time`,`modify_time`,`collect_shop`,`collect_goods`,`visit_count`,`order_count`,`goods_count`,`add_goods_count`,`day_time`,`member_count` FROM `gxfc_stat_shop` WHERE  `site_id` = 0  AND `year` = 2022  AND `month` = 11  AND `day` = 22 LIMIT 1 [ RunTime:0.000436s ]
[2022-11-22T12:48:21+08:00][sql] SELECT `id`,`site_id`,`year`,`month`,`day`,`order_total`,`shipping_total`,`refund_total`,`order_pay_count`,`goods_pay_count`,`shop_money`,`platform_money`,`create_time`,`modify_time`,`collect_shop`,`collect_goods`,`visit_count`,`order_count`,`goods_count`,`add_goods_count`,`day_time`,`member_count` FROM `gxfc_stat_shop` WHERE  `site_id` = 0  AND `year` = 2022  AND `month` = 11  AND `day` = 22 LIMIT 1 [ RunTime:0.000379s ]
[2022-11-22T12:48:21+08:00][sql] SELECT `id`,`site_id`,`year`,`month`,`day`,`order_total`,`shipping_total`,`refund_total`,`order_pay_count`,`goods_pay_count`,`shop_money`,`platform_money`,`create_time`,`modify_time`,`collect_shop`,`collect_goods`,`visit_count`,`order_count`,`goods_count`,`add_goods_count`,`day_time`,`member_count` FROM `gxfc_stat_shop` WHERE  `site_id` = 0  AND `year` = 2022  AND `month` = 11  AND `day` = 21 LIMIT 1 [ RunTime:0.000342s ]
[2022-11-22T12:48:21+08:00][sql] SELECT `id`,`site_id`,`year`,`month`,`day`,`order_total`,`shipping_total`,`refund_total`,`order_pay_count`,`goods_pay_count`,`shop_money`,`platform_money`,`create_time`,`modify_time`,`collect_shop`,`collect_goods`,`visit_count`,`order_count`,`goods_count`,`add_goods_count`,`day_time`,`member_count` FROM `gxfc_stat_shop` WHERE  `site_id` = 0  AND `year` = 2022  AND `month` = 11  AND `day` = 13 LIMIT 1 [ RunTime:0.000379s ]
[2022-11-22T12:48:21+08:00][sql] SELECT `id`,`site_id`,`year`,`month`,`day`,`order_total`,`shipping_total`,`refund_total`,`order_pay_count`,`goods_pay_count`,`shop_money`,`platform_money`,`create_time`,`modify_time`,`collect_shop`,`collect_goods`,`visit_count`,`order_count`,`goods_count`,`add_goods_count`,`day_time`,`member_count` FROM `gxfc_stat_shop` WHERE  `site_id` = 0  AND `year` = 2022  AND `month` = 11  AND `day` = 14 LIMIT 1 [ RunTime:0.000334s ]
[2022-11-22T12:48:21+08:00][sql] SELECT `id`,`site_id`,`year`,`month`,`day`,`order_total`,`shipping_total`,`refund_total`,`order_pay_count`,`goods_pay_count`,`shop_money`,`platform_money`,`create_time`,`modify_time`,`collect_shop`,`collect_goods`,`visit_count`,`order_count`,`goods_count`,`add_goods_count`,`day_time`,`member_count` FROM `gxfc_stat_shop` WHERE  `site_id` = 0  AND `year` = 2022  AND `month` = 11  AND `day` = 15 LIMIT 1 [ RunTime:0.000320s ]
[2022-11-22T12:48:21+08:00][sql] SELECT `id`,`site_id`,`year`,`month`,`day`,`order_total`,`shipping_total`,`refund_total`,`order_pay_count`,`goods_pay_count`,`shop_money`,`platform_money`,`create_time`,`modify_time`,`collect_shop`,`collect_goods`,`visit_count`,`order_count`,`goods_count`,`add_goods_count`,`day_time`,`member_count` FROM `gxfc_stat_shop` WHERE  `site_id` = 0  AND `year` = 2022  AND `month` = 11  AND `day` = 16 LIMIT 1 [ RunTime:0.000319s ]
[2022-11-22T12:48:21+08:00][sql] SELECT `id`,`site_id`,`year`,`month`,`day`,`order_total`,`shipping_total`,`refund_total`,`order_pay_count`,`goods_pay_count`,`shop_money`,`platform_money`,`create_time`,`modify_time`,`collect_shop`,`collect_goods`,`visit_count`,`order_count`,`goods_count`,`add_goods_count`,`day_time`,`member_count` FROM `gxfc_stat_shop` WHERE  `site_id` = 0  AND `year` = 2022  AND `month` = 11  AND `day` = 17 LIMIT 1 [ RunTime:0.000357s ]
[2022-11-22T12:48:21+08:00][sql] SELECT `id`,`site_id`,`year`,`month`,`day`,`order_total`,`shipping_total`,`refund_total`,`order_pay_count`,`goods_pay_count`,`shop_money`,`platform_money`,`create_time`,`modify_time`,`collect_shop`,`collect_goods`,`visit_count`,`order_count`,`goods_count`,`add_goods_count`,`day_time`,`member_count` FROM `gxfc_stat_shop` WHERE  `site_id` = 0  AND `year` = 2022  AND `month` = 11  AND `day` = 18 LIMIT 1 [ RunTime:0.000341s ]
[2022-11-22T12:48:21+08:00][sql] SELECT `id`,`site_id`,`year`,`month`,`day`,`order_total`,`shipping_total`,`refund_total`,`order_pay_count`,`goods_pay_count`,`shop_money`,`platform_money`,`create_time`,`modify_time`,`collect_shop`,`collect_goods`,`visit_count`,`order_count`,`goods_count`,`add_goods_count`,`day_time`,`member_count` FROM `gxfc_stat_shop` WHERE  `site_id` = 0  AND `year` = 2022  AND `month` = 11  AND `day` = 19 LIMIT 1 [ RunTime:0.000319s ]
[2022-11-22T12:48:21+08:00][sql] SELECT `id`,`site_id`,`year`,`month`,`day`,`order_total`,`shipping_total`,`refund_total`,`order_pay_count`,`goods_pay_count`,`shop_money`,`platform_money`,`create_time`,`modify_time`,`collect_shop`,`collect_goods`,`visit_count`,`order_count`,`goods_count`,`add_goods_count`,`day_time`,`member_count` FROM `gxfc_stat_shop` WHERE  `site_id` = 0  AND `year` = 2022  AND `month` = 11  AND `day` = 20 LIMIT 1 [ RunTime:0.000325s ]
[2022-11-22T12:48:21+08:00][sql] SELECT `id`,`site_id`,`year`,`month`,`day`,`order_total`,`shipping_total`,`refund_total`,`order_pay_count`,`goods_pay_count`,`shop_money`,`platform_money`,`create_time`,`modify_time`,`collect_shop`,`collect_goods`,`visit_count`,`order_count`,`goods_count`,`add_goods_count`,`day_time`,`member_count` FROM `gxfc_stat_shop` WHERE  `site_id` = 0  AND `year` = 2022  AND `month` = 11  AND `day` = 21 LIMIT 1 [ RunTime:0.000344s ]
[2022-11-22T12:48:21+08:00][sql] SELECT `id`,`site_id`,`year`,`month`,`day`,`order_total`,`shipping_total`,`refund_total`,`order_pay_count`,`goods_pay_count`,`shop_money`,`platform_money`,`create_time`,`modify_time`,`collect_shop`,`collect_goods`,`visit_count`,`order_count`,`goods_count`,`add_goods_count`,`day_time`,`member_count` FROM `gxfc_stat_shop` WHERE  `site_id` = 0  AND `year` = 2022  AND `month` = 11  AND `day` = 22 LIMIT 1 [ RunTime:0.000363s ]
[2022-11-22T12:48:21+08:00][sql] SHOW FULL COLUMNS FROM `gxfc_order` [ RunTime:0.001041s ]
[2022-11-22T12:48:21+08:00][sql] SELECT COUNT(*) AS think_count FROM `gxfc_order` WHERE  `order_status` = 0  AND `is_delete` = 0 [ RunTime:0.000305s ]
[2022-11-22T12:48:21+08:00][sql] SELECT COUNT(*) AS think_count FROM `gxfc_order` WHERE  `order_status` = 1  AND `is_delete` = 0 [ RunTime:0.000285s ]
[2022-11-22T12:48:21+08:00][sql] SHOW FULL COLUMNS FROM `gxfc_order_goods` [ RunTime:0.000758s ]
[2022-11-22T12:48:21+08:00][sql] SELECT COUNT(*) AS think_count FROM `gxfc_order_goods` WHERE  `refund_status` NOT IN (0,3) [ RunTime:0.000936s ]
[2022-11-22T12:48:21+08:00][sql] SHOW FULL COLUMNS FROM `gxfc_goods` [ RunTime:0.000809s ]
[2022-11-22T12:48:21+08:00][sql] SELECT COUNT(*) AS think_count FROM `gxfc_goods` WHERE  `goods_state` = 1  AND `is_delete` = 0 [ RunTime:0.000333s ]
[2022-11-22T12:48:21+08:00][sql] SELECT COUNT(*) AS think_count FROM `gxfc_goods` WHERE  `goods_state` = 0  AND `is_delete` = 0 [ RunTime:0.000320s ]
[2022-11-22T12:48:21+08:00][sql] SHOW FULL COLUMNS FROM `gxfc_fenxiao_withdraw` [ RunTime:0.000713s ]
[2022-11-22T12:48:21+08:00][sql] SELECT COUNT(`id`) AS think_count FROM `gxfc_fenxiao_withdraw` WHERE  `status` = 1 [ RunTime:0.000285s ]
[2022-11-22T12:48:21+08:00][sql] SHOW FULL COLUMNS FROM `gxfc_fenxiao_apply` [ RunTime:0.000665s ]
[2022-11-22T12:48:21+08:00][sql] SELECT COUNT(`apply_id`) AS think_count FROM `gxfc_fenxiao_apply` WHERE  `status` = 1 [ RunTime:0.000251s ]
[2022-11-22T12:48:21+08:00][sql] SHOW FULL COLUMNS FROM `gxfc_order_complain` [ RunTime:0.000655s ]
[2022-11-22T12:48:21+08:00][sql] SELECT COUNT(*) AS think_count FROM `gxfc_order_complain` WHERE  `complain_status` = 1 [ RunTime:0.000233s ]
[2022-11-22T12:48:21+08:00][sql] SELECT SUM(`order_money`) AS think_sum FROM `gxfc_order` [ RunTime:0.000295s ]
[2022-11-22T12:48:21+08:00][sql] SHOW FULL COLUMNS FROM `gxfc_member` [ RunTime:0.000662s ]
[2022-11-22T12:48:21+08:00][sql] SELECT COUNT(*) AS think_count FROM `gxfc_member` [ RunTime:0.000198s ]
[2022-11-22T12:48:21+08:00][sql] SHOW FULL COLUMNS FROM `gxfc_shop_apply` [ RunTime:0.000532s ]
[2022-11-22T12:48:21+08:00][sql] SELECT COUNT(*) AS think_count FROM `gxfc_shop_apply` WHERE  `create_time` BETWEEN 1669046400 AND 1669132799 [ RunTime:0.000248s ]
[2022-11-22T12:48:21+08:00][sql] SELECT COUNT(*) AS think_count FROM `gxfc_shop_apply` WHERE  `create_time` BETWEEN 1668960000 AND 1669046399 [ RunTime:0.000242s ]
[2022-11-22T12:48:21+08:00][sql] SHOW FULL COLUMNS FROM `gxfc_shop` [ RunTime:0.000705s ]
[2022-11-22T12:48:21+08:00][sql] SELECT COUNT(*) AS think_count FROM `gxfc_shop` WHERE  `create_time` BETWEEN 1669046400 AND 1669132799 [ RunTime:0.000245s ]
[2022-11-22T12:48:21+08:00][sql] SELECT COUNT(*) AS think_count FROM `gxfc_shop` [ RunTime:0.000206s ]
[2022-11-22T12:48:21+08:00][sql] SELECT COUNT(*) AS think_count FROM `gxfc_goods` [ RunTime:0.000202s ]
[2022-11-22T12:49:10+08:00][sql] CONNECT:[ UseTime:0.000476s ] mysql:host=127.0.0.1;port=3306;dbname=hunqin;charset=utf8
[2022-11-22T12:49:10+08:00][sql] SHOW FULL COLUMNS FROM `gxfc_goods` [ RunTime:0.000964s ]
[2022-11-22T12:49:10+08:00][sql] SELECT COUNT(*) AS think_count FROM `gxfc_goods` WHERE  `verify_state` = 0  AND `is_delete` = 0 [ RunTime:0.000359s ]
[2022-11-22T12:49:10+08:00][sql] SELECT COUNT(*) AS think_count FROM `gxfc_goods` WHERE  `verify_state` = -2  AND `is_delete` = 0 [ RunTime:0.000343s ]
[2022-11-22T12:49:10+08:00][sql] SELECT COUNT(*) AS think_count FROM `gxfc_goods` WHERE  `verify_state` = 10  AND `is_delete` = 0 [ RunTime:0.000321s ]
[2022-11-22T12:49:10+08:00][sql] CONNECT:[ UseTime:0.000513s ] mysql:host=127.0.0.1;port=3306;dbname=hunqin;charset=utf8
[2022-11-22T12:49:10+08:00][sql] SHOW FULL COLUMNS FROM `gxfc_goods` [ RunTime:0.000997s ]
[2022-11-22T12:49:10+08:00][sql] SELECT COUNT(*) AS think_count FROM `gxfc_goods` WHERE  `verify_state` = 0  AND `is_delete` = 0 [ RunTime:0.000402s ]
[2022-11-22T12:49:10+08:00][sql] SELECT COUNT(*) AS think_count FROM `gxfc_goods` WHERE  `verify_state` = -2  AND `is_delete` = 0 [ RunTime:0.000397s ]
[2022-11-22T12:49:10+08:00][sql] SELECT COUNT(*) AS think_count FROM `gxfc_goods` WHERE  `verify_state` = 10  AND `is_delete` = 0 [ RunTime:0.000344s ]
[2022-11-22T12:49:10+08:00][sql] CONNECT:[ UseTime:0.000431s ] mysql:host=127.0.0.1;port=3306;dbname=hunqin;charset=utf8
[2022-11-22T12:49:10+08:00][sql] SHOW FULL COLUMNS FROM `gxfc_goods` [ RunTime:0.001006s ]
[2022-11-22T12:49:10+08:00][sql] SELECT COUNT(*) AS think_count FROM `gxfc_goods` `` WHERE  `is_delete` = 0 ORDER BY `create_time` DESC [ RunTime:0.000403s ]
[2022-11-22T12:49:10+08:00][sql] SELECT `goods_id`,`goods_name`,`site_id`,`site_name`,`goods_image`,`is_own`,`goods_state`,`verify_state`,`price`,`goods_stock`,`goods_stock_alarm`,`create_time`,`sale_num`,`is_virtual`,`goods_class`,`is_fenxiao`,`fenxiao_type`,`sku_id`,`max_buy`,`min_buy`,`promotion_addon`,`sort` FROM `gxfc_goods` `` WHERE  `is_delete` = 0 ORDER BY `create_time` DESC LIMIT 0,10 [ RunTime:0.000628s ]
[2022-11-22T12:49:16+08:00][sql] CONNECT:[ UseTime:0.000409s ] mysql:host=127.0.0.1;port=3306;dbname=hunqin;charset=utf8
[2022-11-22T12:49:16+08:00][sql] SHOW FULL COLUMNS FROM `gxfc_goods_sku` [ RunTime:0.000875s ]
[2022-11-22T12:49:16+08:00][sql] SELECT `sku_id`,`goods_name` FROM `gxfc_goods_sku` WHERE  `goods_id` = 213 LIMIT 1 [ RunTime:0.000301s ]
[2022-11-22T13:26:00+08:00][sql] CONNECT:[ UseTime:0.000509s ] mysql:host=127.0.0.1;port=3306;dbname=hunqin;charset=utf8
[2022-11-22T13:26:00+08:00][sql] SHOW FULL COLUMNS FROM `gxfc_goods` [ RunTime:0.001255s ]
[2022-11-22T13:26:00+08:00][sql] SELECT COUNT(*) AS think_count FROM `gxfc_goods` WHERE  `verify_state` = 0  AND `is_delete` = 0 [ RunTime:0.000489s ]
[2022-11-22T13:26:00+08:00][sql] SELECT COUNT(*) AS think_count FROM `gxfc_goods` WHERE  `verify_state` = -2  AND `is_delete` = 0 [ RunTime:0.001152s ]
[2022-11-22T13:26:00+08:00][sql] SELECT COUNT(*) AS think_count FROM `gxfc_goods` WHERE  `verify_state` = 10  AND `is_delete` = 0 [ RunTime:0.000524s ]
[2022-11-22T13:26:00+08:00][sql] CONNECT:[ UseTime:0.002832s ] mysql:host=127.0.0.1;port=3306;dbname=hunqin;charset=utf8
[2022-11-22T13:26:00+08:00][sql] SHOW FULL COLUMNS FROM `gxfc_goods` [ RunTime:0.001265s ]
[2022-11-22T13:26:00+08:00][sql] SELECT COUNT(*) AS think_count FROM `gxfc_goods` `` WHERE  `is_delete` = 0 ORDER BY `create_time` DESC [ RunTime:0.000437s ]
[2022-11-22T13:26:00+08:00][sql] SELECT `goods_id`,`goods_name`,`site_id`,`site_name`,`goods_image`,`is_own`,`goods_state`,`verify_state`,`price`,`goods_stock`,`goods_stock_alarm`,`create_time`,`sale_num`,`is_virtual`,`goods_class`,`is_fenxiao`,`fenxiao_type`,`sku_id`,`max_buy`,`min_buy`,`promotion_addon`,`sort` FROM `gxfc_goods` `` WHERE  `is_delete` = 0 ORDER BY `create_time` DESC LIMIT 0,10 [ RunTime:0.000515s ]
[2022-11-22T13:26:09+08:00][sql] CONNECT:[ UseTime:0.000470s ] mysql:host=127.0.0.1;port=3306;dbname=hunqin;charset=utf8
[2022-11-22T13:26:09+08:00][sql] SHOW FULL COLUMNS FROM `gxfc_goods` [ RunTime:0.001009s ]
[2022-11-22T13:26:09+08:00][sql] CONNECT:[ UseTime:0.000373s ] mysql:host=127.0.0.1;port=3306;dbname=hunqin;charset=utf8
[2022-11-22T13:26:09+08:00][sql] SELECT COUNT(*) AS think_count FROM `gxfc_goods` `` WHERE  `is_delete` = 0  AND `verify_state` = 0 ORDER BY `create_time` DESC [ RunTime:0.000451s ]
[2022-11-22T13:26:09+08:00][sql] SHOW FULL COLUMNS FROM `gxfc_goods` [ RunTime:0.001058s ]
[2022-11-22T13:26:09+08:00][sql] SELECT `goods_id`,`goods_name`,`site_id`,`site_name`,`goods_image`,`is_own`,`goods_state`,`verify_state`,`price`,`goods_stock`,`goods_stock_alarm`,`create_time`,`sale_num`,`is_virtual`,`goods_class`,`is_fenxiao`,`fenxiao_type`,`sku_id`,`max_buy`,`min_buy`,`promotion_addon`,`sort` FROM `gxfc_goods` `` WHERE  `is_delete` = 0  AND `verify_state` = 0 ORDER BY `create_time` DESC LIMIT 0,10 [ RunTime:0.000503s ]
[2022-11-22T13:26:09+08:00][sql] SELECT COUNT(*) AS think_count FROM `gxfc_goods` WHERE  `verify_state` = 0  AND `is_delete` = 0 [ RunTime:0.000342s ]
[2022-11-22T13:26:09+08:00][sql] SELECT COUNT(*) AS think_count FROM `gxfc_goods` WHERE  `verify_state` = -2  AND `is_delete` = 0 [ RunTime:0.000320s ]
[2022-11-22T13:26:09+08:00][sql] SELECT COUNT(*) AS think_count FROM `gxfc_goods` WHERE  `verify_state` = 10  AND `is_delete` = 0 [ RunTime:0.000413s ]
[2022-11-22T13:43:43+08:00][sql] CONNECT:[ UseTime:0.000452s ] mysql:host=127.0.0.1;port=3306;dbname=hunqin;charset=utf8
[2022-11-22T13:43:43+08:00][sql] SHOW FULL COLUMNS FROM `gxfc_order` [ RunTime:0.001284s ]
[2022-11-22T13:43:43+08:00][sql] SELECT COUNT(*) AS think_count FROM `gxfc_order` `o` ORDER BY `o`.`create_time` DESC [ RunTime:0.000286s ]
[2022-11-22T13:43:43+08:00][sql] SELECT `o`.* FROM `gxfc_order` `o` ORDER BY `o`.`create_time` DESC LIMIT 0,10 [ RunTime:0.000756s ]
[2022-11-22T13:43:43+08:00][sql] SHOW FULL COLUMNS FROM `gxfc_order_goods` [ RunTime:0.000657s ]
[2022-11-22T13:43:43+08:00][sql] SELECT * FROM `gxfc_order_goods` WHERE  `order_id` = 2071 [ RunTime:0.003630s ]
[2022-11-22T13:43:43+08:00][sql] SHOW FULL COLUMNS FROM `gxfc_member` [ RunTime:0.000657s ]
[2022-11-22T13:43:43+08:00][sql] SELECT `nickname` FROM `gxfc_member` WHERE  `member_id` = 2387 LIMIT 1 [ RunTime:0.000233s ]
[2022-11-22T13:43:43+08:00][sql] SELECT * FROM `gxfc_order_goods` WHERE  `order_id` = 2070 [ RunTime:0.003577s ]
[2022-11-22T13:43:43+08:00][sql] SELECT `nickname` FROM `gxfc_member` WHERE  `member_id` = 2375 LIMIT 1 [ RunTime:0.000230s ]
[2022-11-22T13:43:43+08:00][sql] SELECT * FROM `gxfc_order_goods` WHERE  `order_id` = 2069 [ RunTime:0.003736s ]
[2022-11-22T13:43:43+08:00][sql] SELECT `nickname` FROM `gxfc_member` WHERE  `member_id` = 2375 LIMIT 1 [ RunTime:0.000258s ]
[2022-11-22T13:43:43+08:00][sql] SELECT * FROM `gxfc_order_goods` WHERE  `order_id` = 2068 [ RunTime:0.003565s ]
[2022-11-22T13:43:43+08:00][sql] SELECT `nickname` FROM `gxfc_member` WHERE  `member_id` = 2375 LIMIT 1 [ RunTime:0.000212s ]
[2022-11-22T13:43:43+08:00][sql] SELECT * FROM `gxfc_order_goods` WHERE  `order_id` = 2067 [ RunTime:0.003550s ]
[2022-11-22T13:43:43+08:00][sql] SELECT `nickname` FROM `gxfc_member` WHERE  `member_id` = 2375 LIMIT 1 [ RunTime:0.000235s ]
[2022-11-22T13:43:43+08:00][sql] SELECT * FROM `gxfc_order_goods` WHERE  `order_id` = 2066 [ RunTime:0.003705s ]
[2022-11-22T13:43:43+08:00][sql] SELECT `nickname` FROM `gxfc_member` WHERE  `member_id` = 2375 LIMIT 1 [ RunTime:0.000237s ]
[2022-11-22T13:43:43+08:00][sql] SELECT * FROM `gxfc_order_goods` WHERE  `order_id` = 2065 [ RunTime:0.003594s ]
[2022-11-22T13:43:43+08:00][sql] SELECT `nickname` FROM `gxfc_member` WHERE  `member_id` = 2368 LIMIT 1 [ RunTime:0.000274s ]
[2022-11-22T13:43:43+08:00][sql] SELECT * FROM `gxfc_order_goods` WHERE  `order_id` = 2064 [ RunTime:0.003716s ]
[2022-11-22T13:43:43+08:00][sql] SELECT `nickname` FROM `gxfc_member` WHERE  `member_id` = 2368 LIMIT 1 [ RunTime:0.000279s ]
[2022-11-22T13:43:43+08:00][sql] SELECT * FROM `gxfc_order_goods` WHERE  `order_id` = 2063 [ RunTime:0.003657s ]
[2022-11-22T13:43:43+08:00][sql] SELECT `nickname` FROM `gxfc_member` WHERE  `member_id` = 2368 LIMIT 1 [ RunTime:0.000299s ]
[2022-11-22T13:43:43+08:00][sql] SELECT * FROM `gxfc_order_goods` WHERE  `order_id` = 2062 [ RunTime:0.003625s ]
[2022-11-22T13:43:43+08:00][sql] SELECT `nickname` FROM `gxfc_member` WHERE  `member_id` = 2368 LIMIT 1 [ RunTime:0.000253s ]
[2022-11-22T13:44:00+08:00][sql] CONNECT:[ UseTime:0.000416s ] mysql:host=127.0.0.1;port=3306;dbname=hunqin;charset=utf8
[2022-11-22T13:44:00+08:00][sql] SHOW FULL COLUMNS FROM `gxfc_goods` [ RunTime:0.000917s ]
[2022-11-22T13:44:00+08:00][sql] SELECT COUNT(*) AS think_count FROM `gxfc_goods` WHERE  `verify_state` = 0  AND `is_delete` = 0 [ RunTime:0.000374s ]
[2022-11-22T13:44:00+08:00][sql] SELECT COUNT(*) AS think_count FROM `gxfc_goods` WHERE  `verify_state` = -2  AND `is_delete` = 0 [ RunTime:0.000382s ]
[2022-11-22T13:44:00+08:00][sql] SELECT COUNT(*) AS think_count FROM `gxfc_goods` WHERE  `verify_state` = 10  AND `is_delete` = 0 [ RunTime:0.000289s ]
[2022-11-22T13:44:01+08:00][sql] CONNECT:[ UseTime:0.000425s ] mysql:host=127.0.0.1;port=3306;dbname=hunqin;charset=utf8
[2022-11-22T13:44:01+08:00][sql] SHOW FULL COLUMNS FROM `gxfc_goods` [ RunTime:0.000938s ]
[2022-11-22T13:44:01+08:00][sql] SELECT COUNT(*) AS think_count FROM `gxfc_goods` WHERE  `verify_state` = 0  AND `is_delete` = 0 [ RunTime:0.000353s ]
[2022-11-22T13:44:01+08:00][sql] SELECT COUNT(*) AS think_count FROM `gxfc_goods` WHERE  `verify_state` = -2  AND `is_delete` = 0 [ RunTime:0.000310s ]
[2022-11-22T13:44:01+08:00][sql] SELECT COUNT(*) AS think_count FROM `gxfc_goods` WHERE  `verify_state` = 10  AND `is_delete` = 0 [ RunTime:0.000312s ]
[2022-11-22T13:44:01+08:00][sql] CONNECT:[ UseTime:0.000445s ] mysql:host=127.0.0.1;port=3306;dbname=hunqin;charset=utf8
[2022-11-22T13:44:01+08:00][sql] SHOW FULL COLUMNS FROM `gxfc_goods` [ RunTime:0.001001s ]
[2022-11-22T13:44:01+08:00][sql] SELECT COUNT(*) AS think_count FROM `gxfc_goods` `` WHERE  `is_delete` = 0 ORDER BY `create_time` DESC [ RunTime:0.000447s ]
[2022-11-22T13:44:01+08:00][sql] SELECT `goods_id`,`goods_name`,`site_id`,`site_name`,`goods_image`,`is_own`,`goods_state`,`verify_state`,`price`,`goods_stock`,`goods_stock_alarm`,`create_time`,`sale_num`,`is_virtual`,`goods_class`,`is_fenxiao`,`fenxiao_type`,`sku_id`,`max_buy`,`min_buy`,`promotion_addon`,`sort` FROM `gxfc_goods` `` WHERE  `is_delete` = 0 ORDER BY `create_time` DESC LIMIT 0,10 [ RunTime:0.000462s ]
[2022-11-22T13:52:18+08:00][sql] CONNECT:[ UseTime:0.000444s ] mysql:host=127.0.0.1;port=3306;dbname=hunqin;charset=utf8
[2022-11-22T13:52:18+08:00][sql] SHOW FULL COLUMNS FROM `gxfc_goods` [ RunTime:0.001042s ]
[2022-11-22T13:52:18+08:00][sql] SELECT COUNT(*) AS think_count FROM `gxfc_goods` WHERE  `verify_state` = 0  AND `is_delete` = 0 [ RunTime:0.000498s ]
[2022-11-22T13:52:18+08:00][sql] SELECT COUNT(*) AS think_count FROM `gxfc_goods` WHERE  `verify_state` = -2  AND `is_delete` = 0 [ RunTime:0.000397s ]
[2022-11-22T13:52:18+08:00][sql] SELECT COUNT(*) AS think_count FROM `gxfc_goods` WHERE  `verify_state` = 10  AND `is_delete` = 0 [ RunTime:0.000393s ]
[2022-11-22T13:52:18+08:00][sql] CONNECT:[ UseTime:0.000473s ] mysql:host=127.0.0.1;port=3306;dbname=hunqin;charset=utf8
[2022-11-22T13:52:18+08:00][sql] SHOW FULL COLUMNS FROM `gxfc_goods` [ RunTime:0.001272s ]
[2022-11-22T13:52:18+08:00][sql] SELECT COUNT(*) AS think_count FROM `gxfc_goods` WHERE  `verify_state` = 0  AND `is_delete` = 0 [ RunTime:0.000508s ]
[2022-11-22T13:52:18+08:00][sql] SELECT COUNT(*) AS think_count FROM `gxfc_goods` WHERE  `verify_state` = -2  AND `is_delete` = 0 [ RunTime:0.000370s ]
[2022-11-22T13:52:18+08:00][sql] SELECT COUNT(*) AS think_count FROM `gxfc_goods` WHERE  `verify_state` = 10  AND `is_delete` = 0 [ RunTime:0.000354s ]
[2022-11-22T13:52:19+08:00][sql] CONNECT:[ UseTime:0.000429s ] mysql:host=127.0.0.1;port=3306;dbname=hunqin;charset=utf8
[2022-11-22T13:52:19+08:00][sql] SHOW FULL COLUMNS FROM `gxfc_goods` [ RunTime:0.000901s ]
[2022-11-22T13:52:19+08:00][sql] SELECT COUNT(*) AS think_count FROM `gxfc_goods` `` WHERE  `is_delete` = 0 ORDER BY `create_time` DESC [ RunTime:0.000353s ]
[2022-11-22T13:52:19+08:00][sql] SELECT `goods_id`,`goods_name`,`site_id`,`site_name`,`goods_image`,`is_own`,`goods_state`,`verify_state`,`price`,`goods_stock`,`goods_stock_alarm`,`create_time`,`sale_num`,`is_virtual`,`goods_class`,`is_fenxiao`,`fenxiao_type`,`sku_id`,`max_buy`,`min_buy`,`promotion_addon`,`sort` FROM `gxfc_goods` `` WHERE  `is_delete` = 0 ORDER BY `create_time` DESC LIMIT 0,10 [ RunTime:0.000386s ]
[2022-11-22T14:22:41+08:00][sql] CONNECT:[ UseTime:0.000468s ] mysql:host=127.0.0.1;port=3306;dbname=hunqin;charset=utf8
[2022-11-22T14:22:41+08:00][sql] SHOW FULL COLUMNS FROM `gxfc_goods_sku` [ RunTime:0.001009s ]
[2022-11-22T14:22:41+08:00][sql] SELECT `sku_id`,`goods_name` FROM `gxfc_goods_sku` WHERE  `goods_id` = 213 LIMIT 1 [ RunTime:0.000426s ]
[2022-11-22T14:31:47+08:00][sql] CONNECT:[ UseTime:0.000428s ] mysql:host=127.0.0.1;port=3306;dbname=hunqin;charset=utf8
[2022-11-22T14:31:47+08:00][sql] SHOW FULL COLUMNS FROM `gxfc_goods` [ RunTime:0.001053s ]
[2022-11-22T14:31:47+08:00][sql] SELECT COUNT(*) AS think_count FROM `gxfc_goods` WHERE  `verify_state` = 0  AND `is_delete` = 0 [ RunTime:0.000383s ]
[2022-11-22T14:31:47+08:00][sql] SELECT COUNT(*) AS think_count FROM `gxfc_goods` WHERE  `verify_state` = -2  AND `is_delete` = 0 [ RunTime:0.000344s ]
[2022-11-22T14:31:47+08:00][sql] SELECT COUNT(*) AS think_count FROM `gxfc_goods` WHERE  `verify_state` = 10  AND `is_delete` = 0 [ RunTime:0.000313s ]
[2022-11-22T14:31:47+08:00][sql] CONNECT:[ UseTime:0.002214s ] mysql:host=127.0.0.1;port=3306;dbname=hunqin;charset=utf8
[2022-11-22T14:31:47+08:00][sql] SHOW FULL COLUMNS FROM `gxfc_goods` [ RunTime:0.001226s ]
[2022-11-22T14:31:47+08:00][sql] SELECT COUNT(*) AS think_count FROM `gxfc_goods` WHERE  `verify_state` = 0  AND `is_delete` = 0 [ RunTime:0.000480s ]
[2022-11-22T14:31:47+08:00][sql] SELECT COUNT(*) AS think_count FROM `gxfc_goods` WHERE  `verify_state` = -2  AND `is_delete` = 0 [ RunTime:0.000415s ]
[2022-11-22T14:31:47+08:00][sql] SELECT COUNT(*) AS think_count FROM `gxfc_goods` WHERE  `verify_state` = 10  AND `is_delete` = 0 [ RunTime:0.000341s ]
[2022-11-22T14:31:47+08:00][sql] CONNECT:[ UseTime:0.000451s ] mysql:host=127.0.0.1;port=3306;dbname=hunqin;charset=utf8
[2022-11-22T14:31:47+08:00][sql] SHOW FULL COLUMNS FROM `gxfc_goods` [ RunTime:0.000949s ]
[2022-11-22T14:31:47+08:00][sql] SELECT COUNT(*) AS think_count FROM `gxfc_goods` `` WHERE  `is_delete` = 0 ORDER BY `create_time` DESC [ RunTime:0.000384s ]
[2022-11-22T14:31:47+08:00][sql] SELECT `goods_id`,`goods_name`,`site_id`,`site_name`,`goods_image`,`is_own`,`goods_state`,`verify_state`,`price`,`goods_stock`,`goods_stock_alarm`,`create_time`,`sale_num`,`is_virtual`,`goods_class`,`is_fenxiao`,`fenxiao_type`,`sku_id`,`max_buy`,`min_buy`,`promotion_addon`,`sort` FROM `gxfc_goods` `` WHERE  `is_delete` = 0 ORDER BY `create_time` DESC LIMIT 0,10 [ RunTime:0.000371s ]
[2022-11-22T14:31:55+08:00][sql] CONNECT:[ UseTime:0.000404s ] mysql:host=127.0.0.1;port=3306;dbname=hunqin;charset=utf8
[2022-11-22T14:31:55+08:00][sql] SHOW FULL COLUMNS FROM `gxfc_goods` [ RunTime:0.000922s ]
[2022-11-22T14:31:55+08:00][sql] UPDATE `gxfc_goods`  SET `verify_state` = -2 , `verify_state_remark` = '1222'  WHERE  `goods_id` = 213 [ RunTime:0.007027s ]
[2022-11-22T14:31:55+08:00][sql] SHOW FULL COLUMNS FROM `gxfc_goods_sku` [ RunTime:0.000937s ]
[2022-11-22T14:31:55+08:00][sql] UPDATE `gxfc_goods_sku`  SET `verify_state` = -2 , `verify_state_remark` = '1222'  WHERE  `goods_id` = 213 [ RunTime:0.006050s ]
[2022-11-22T14:31:55+08:00][sql] CONNECT:[ UseTime:0.000452s ] mysql:host=127.0.0.1;port=3306;dbname=hunqin;charset=utf8
[2022-11-22T14:31:55+08:00][sql] SHOW FULL COLUMNS FROM `gxfc_goods` [ RunTime:0.001013s ]
[2022-11-22T14:31:55+08:00][sql] SELECT COUNT(*) AS think_count FROM `gxfc_goods` WHERE  `verify_state` = 0  AND `is_delete` = 0 [ RunTime:0.000440s ]
[2022-11-22T14:31:55+08:00][sql] SELECT COUNT(*) AS think_count FROM `gxfc_goods` WHERE  `verify_state` = -2  AND `is_delete` = 0 [ RunTime:0.000395s ]
[2022-11-22T14:31:55+08:00][sql] SELECT COUNT(*) AS think_count FROM `gxfc_goods` WHERE  `verify_state` = 10  AND `is_delete` = 0 [ RunTime:0.000363s ]
[2022-11-22T14:31:55+08:00][sql] CONNECT:[ UseTime:0.000465s ] mysql:host=127.0.0.1;port=3306;dbname=hunqin;charset=utf8
[2022-11-22T14:31:55+08:00][sql] SHOW FULL COLUMNS FROM `gxfc_goods` [ RunTime:0.000919s ]
[2022-11-22T14:31:55+08:00][sql] SELECT COUNT(*) AS think_count FROM `gxfc_goods` `` WHERE  `is_delete` = 0 ORDER BY `create_time` DESC [ RunTime:0.000381s ]
[2022-11-22T14:31:55+08:00][sql] SELECT `goods_id`,`goods_name`,`site_id`,`site_name`,`goods_image`,`is_own`,`goods_state`,`verify_state`,`price`,`goods_stock`,`goods_stock_alarm`,`create_time`,`sale_num`,`is_virtual`,`goods_class`,`is_fenxiao`,`fenxiao_type`,`sku_id`,`max_buy`,`min_buy`,`promotion_addon`,`sort` FROM `gxfc_goods` `` WHERE  `is_delete` = 0 ORDER BY `create_time` DESC LIMIT 0,10 [ RunTime:0.000461s ]
[2022-11-22T14:32:49+08:00][sql] CONNECT:[ UseTime:0.000459s ] mysql:host=127.0.0.1;port=3306;dbname=hunqin;charset=utf8
[2022-11-22T14:32:49+08:00][sql] SHOW FULL COLUMNS FROM `gxfc_goods` [ RunTime:0.001121s ]
[2022-11-22T14:32:49+08:00][sql] SELECT COUNT(*) AS think_count FROM `gxfc_goods` WHERE  `verify_state` = 0  AND `is_delete` = 0 [ RunTime:0.000404s ]
[2022-11-22T14:32:49+08:00][sql] SELECT COUNT(*) AS think_count FROM `gxfc_goods` WHERE  `verify_state` = -2  AND `is_delete` = 0 [ RunTime:0.000333s ]
[2022-11-22T14:32:49+08:00][sql] SELECT COUNT(*) AS think_count FROM `gxfc_goods` WHERE  `verify_state` = 10  AND `is_delete` = 0 [ RunTime:0.000343s ]
[2022-11-22T14:32:50+08:00][sql] CONNECT:[ UseTime:0.000461s ] mysql:host=127.0.0.1;port=3306;dbname=hunqin;charset=utf8
[2022-11-22T14:32:50+08:00][sql] SHOW FULL COLUMNS FROM `gxfc_goods` [ RunTime:0.000930s ]
[2022-11-22T14:32:50+08:00][sql] SELECT COUNT(*) AS think_count FROM `gxfc_goods` `` WHERE  `is_delete` = 0 ORDER BY `create_time` DESC [ RunTime:0.000399s ]
[2022-11-22T14:32:50+08:00][sql] SELECT `goods_id`,`goods_name`,`site_id`,`site_name`,`goods_image`,`is_own`,`goods_state`,`verify_state`,`price`,`goods_stock`,`goods_stock_alarm`,`create_time`,`sale_num`,`is_virtual`,`goods_class`,`is_fenxiao`,`fenxiao_type`,`sku_id`,`max_buy`,`min_buy`,`promotion_addon`,`sort` FROM `gxfc_goods` `` WHERE  `is_delete` = 0 ORDER BY `create_time` DESC LIMIT 0,10 [ RunTime:0.000439s ]
[2022-11-22T14:32:52+08:00][sql] CONNECT:[ UseTime:0.000410s ] mysql:host=127.0.0.1;port=3306;dbname=hunqin;charset=utf8
[2022-11-22T14:32:52+08:00][sql] SHOW FULL COLUMNS FROM `gxfc_goods` [ RunTime:0.001000s ]
[2022-11-22T14:32:52+08:00][sql] UPDATE `gxfc_goods`  SET `verify_state` = 1 , `verify_state_remark` = ''  WHERE  `goods_id` = 213 [ RunTime:0.007954s ]
[2022-11-22T14:32:52+08:00][sql] SHOW FULL COLUMNS FROM `gxfc_goods_sku` [ RunTime:0.000791s ]
[2022-11-22T14:32:52+08:00][sql] UPDATE `gxfc_goods_sku`  SET `verify_state` = 1 , `verify_state_remark` = ''  WHERE  `goods_id` = 213 [ RunTime:0.007430s ]
[2022-11-22T14:32:53+08:00][sql] CONNECT:[ UseTime:0.000421s ] mysql:host=127.0.0.1;port=3306;dbname=hunqin;charset=utf8
[2022-11-22T14:32:53+08:00][sql] SHOW FULL COLUMNS FROM `gxfc_goods` [ RunTime:0.000922s ]
[2022-11-22T14:32:53+08:00][sql] SELECT COUNT(*) AS think_count FROM `gxfc_goods` WHERE  `verify_state` = 0  AND `is_delete` = 0 [ RunTime:0.000376s ]
[2022-11-22T14:32:53+08:00][sql] SELECT COUNT(*) AS think_count FROM `gxfc_goods` WHERE  `verify_state` = -2  AND `is_delete` = 0 [ RunTime:0.000281s ]
[2022-11-22T14:32:53+08:00][sql] SELECT COUNT(*) AS think_count FROM `gxfc_goods` WHERE  `verify_state` = 10  AND `is_delete` = 0 [ RunTime:0.000292s ]
[2022-11-22T14:32:53+08:00][sql] CONNECT:[ UseTime:0.000450s ] mysql:host=127.0.0.1;port=3306;dbname=hunqin;charset=utf8
[2022-11-22T14:32:53+08:00][sql] SHOW FULL COLUMNS FROM `gxfc_goods` [ RunTime:0.000959s ]
[2022-11-22T14:32:53+08:00][sql] SELECT COUNT(*) AS think_count FROM `gxfc_goods` `` WHERE  `is_delete` = 0 ORDER BY `create_time` DESC [ RunTime:0.000320s ]
[2022-11-22T14:32:53+08:00][sql] SELECT `goods_id`,`goods_name`,`site_id`,`site_name`,`goods_image`,`is_own`,`goods_state`,`verify_state`,`price`,`goods_stock`,`goods_stock_alarm`,`create_time`,`sale_num`,`is_virtual`,`goods_class`,`is_fenxiao`,`fenxiao_type`,`sku_id`,`max_buy`,`min_buy`,`promotion_addon`,`sort` FROM `gxfc_goods` `` WHERE  `is_delete` = 0 ORDER BY `create_time` DESC LIMIT 0,10 [ RunTime:0.000395s ]
[2022-11-22T17:34:13+08:00][sql] CONNECT:[ UseTime:0.000439s ] mysql:host=127.0.0.1;port=3306;dbname=hunqin;charset=utf8
[2022-11-22T17:34:13+08:00][sql] SHOW FULL COLUMNS FROM `gxfc_goods` [ RunTime:0.000944s ]
[2022-11-22T17:34:13+08:00][sql] SELECT COUNT(*) AS think_count FROM `gxfc_goods` WHERE  `verify_state` = 0  AND `is_delete` = 0 [ RunTime:0.000424s ]
[2022-11-22T17:34:13+08:00][sql] SELECT COUNT(*) AS think_count FROM `gxfc_goods` WHERE  `verify_state` = -2  AND `is_delete` = 0 [ RunTime:0.000282s ]
[2022-11-22T17:34:13+08:00][sql] SELECT COUNT(*) AS think_count FROM `gxfc_goods` WHERE  `verify_state` = 10  AND `is_delete` = 0 [ RunTime:0.000324s ]
[2022-11-22T17:34:14+08:00][sql] CONNECT:[ UseTime:0.000480s ] mysql:host=127.0.0.1;port=3306;dbname=hunqin;charset=utf8
[2022-11-22T17:34:14+08:00][sql] SHOW FULL COLUMNS FROM `gxfc_goods` [ RunTime:0.001143s ]
[2022-11-22T17:34:14+08:00][sql] SELECT COUNT(*) AS think_count FROM `gxfc_goods` WHERE  `verify_state` = 0  AND `is_delete` = 0 [ RunTime:0.000448s ]
[2022-11-22T17:34:14+08:00][sql] SELECT COUNT(*) AS think_count FROM `gxfc_goods` WHERE  `verify_state` = -2  AND `is_delete` = 0 [ RunTime:0.000361s ]
[2022-11-22T17:34:14+08:00][sql] SELECT COUNT(*) AS think_count FROM `gxfc_goods` WHERE  `verify_state` = 10  AND `is_delete` = 0 [ RunTime:0.000300s ]
[2022-11-22T17:34:14+08:00][sql] CONNECT:[ UseTime:0.000424s ] mysql:host=127.0.0.1;port=3306;dbname=hunqin;charset=utf8
[2022-11-22T17:34:14+08:00][sql] SHOW FULL COLUMNS FROM `gxfc_goods` [ RunTime:0.000993s ]
[2022-11-22T17:34:14+08:00][sql] SELECT COUNT(*) AS think_count FROM `gxfc_goods` `` WHERE  `is_delete` = 0 ORDER BY `create_time` DESC [ RunTime:0.000368s ]
[2022-11-22T17:34:14+08:00][sql] SELECT `goods_id`,`goods_name`,`site_id`,`site_name`,`goods_image`,`is_own`,`goods_state`,`verify_state`,`price`,`goods_stock`,`goods_stock_alarm`,`create_time`,`sale_num`,`is_virtual`,`goods_class`,`is_fenxiao`,`fenxiao_type`,`sku_id`,`max_buy`,`min_buy`,`promotion_addon`,`sort` FROM `gxfc_goods` `` WHERE  `is_delete` = 0 ORDER BY `create_time` DESC LIMIT 0,10 [ RunTime:0.000396s ]
[2022-11-22T17:34:18+08:00][sql] CONNECT:[ UseTime:0.000506s ] mysql:host=127.0.0.1;port=3306;dbname=hunqin;charset=utf8
[2022-11-22T17:34:18+08:00][sql] SHOW FULL COLUMNS FROM `gxfc_goods` [ RunTime:0.001151s ]
[2022-11-22T17:34:18+08:00][sql] UPDATE `gxfc_goods`  SET `verify_state` = 1 , `verify_state_remark` = ''  WHERE  `goods_id` = 214 [ RunTime:0.013438s ]
[2022-11-22T17:34:18+08:00][sql] SHOW FULL COLUMNS FROM `gxfc_goods_sku` [ RunTime:0.000964s ]
[2022-11-22T17:34:18+08:00][sql] UPDATE `gxfc_goods_sku`  SET `verify_state` = 1 , `verify_state_remark` = ''  WHERE  `goods_id` = 214 [ RunTime:0.013317s ]
[2022-11-22T17:34:19+08:00][sql] CONNECT:[ UseTime:0.000458s ] mysql:host=127.0.0.1;port=3306;dbname=hunqin;charset=utf8
[2022-11-22T17:34:19+08:00][sql] SHOW FULL COLUMNS FROM `gxfc_goods` [ RunTime:0.000919s ]
[2022-11-22T17:34:19+08:00][sql] SELECT COUNT(*) AS think_count FROM `gxfc_goods` WHERE  `verify_state` = 0  AND `is_delete` = 0 [ RunTime:0.000337s ]
[2022-11-22T17:34:19+08:00][sql] SELECT COUNT(*) AS think_count FROM `gxfc_goods` WHERE  `verify_state` = -2  AND `is_delete` = 0 [ RunTime:0.000303s ]
[2022-11-22T17:34:19+08:00][sql] SELECT COUNT(*) AS think_count FROM `gxfc_goods` WHERE  `verify_state` = 10  AND `is_delete` = 0 [ RunTime:0.000274s ]
[2022-11-22T17:34:19+08:00][sql] CONNECT:[ UseTime:0.000417s ] mysql:host=127.0.0.1;port=3306;dbname=hunqin;charset=utf8
[2022-11-22T17:34:19+08:00][sql] SHOW FULL COLUMNS FROM `gxfc_goods` [ RunTime:0.001131s ]
[2022-11-22T17:34:19+08:00][sql] SELECT COUNT(*) AS think_count FROM `gxfc_goods` `` WHERE  `is_delete` = 0 ORDER BY `create_time` DESC [ RunTime:0.000349s ]
[2022-11-22T17:34:19+08:00][sql] SELECT `goods_id`,`goods_name`,`site_id`,`site_name`,`goods_image`,`is_own`,`goods_state`,`verify_state`,`price`,`goods_stock`,`goods_stock_alarm`,`create_time`,`sale_num`,`is_virtual`,`goods_class`,`is_fenxiao`,`fenxiao_type`,`sku_id`,`max_buy`,`min_buy`,`promotion_addon`,`sort` FROM `gxfc_goods` `` WHERE  `is_delete` = 0 ORDER BY `create_time` DESC LIMIT 0,10 [ RunTime:0.000382s ]
[2022-11-22T17:37:20+08:00][sql] CONNECT:[ UseTime:0.000467s ] mysql:host=127.0.0.1;port=3306;dbname=hunqin;charset=utf8
[2022-11-22T17:37:20+08:00][sql] SHOW FULL COLUMNS FROM `gxfc_goods` [ RunTime:0.001484s ]
[2022-11-22T17:37:20+08:00][sql] SELECT COUNT(*) AS think_count FROM `gxfc_goods` WHERE  `verify_state` = 0  AND `is_delete` = 0 [ RunTime:0.000452s ]
[2022-11-22T17:37:20+08:00][sql] CONNECT:[ UseTime:0.000346s ] mysql:host=127.0.0.1;port=3306;dbname=hunqin;charset=utf8
[2022-11-22T17:37:20+08:00][sql] SELECT COUNT(*) AS think_count FROM `gxfc_goods` WHERE  `verify_state` = -2  AND `is_delete` = 0 [ RunTime:0.000452s ]
[2022-11-22T17:37:20+08:00][sql] SHOW FULL COLUMNS FROM `gxfc_goods` [ RunTime:0.001130s ]
[2022-11-22T17:37:20+08:00][sql] SELECT COUNT(*) AS think_count FROM `gxfc_goods` `` WHERE  `is_delete` = 0  AND `verify_state` = 0 ORDER BY `create_time` DESC [ RunTime:0.000398s ]
[2022-11-22T17:37:20+08:00][sql] SELECT COUNT(*) AS think_count FROM `gxfc_goods` WHERE  `verify_state` = 10  AND `is_delete` = 0 [ RunTime:0.000409s ]
[2022-11-22T17:37:20+08:00][sql] SELECT `goods_id`,`goods_name`,`site_id`,`site_name`,`goods_image`,`is_own`,`goods_state`,`verify_state`,`price`,`goods_stock`,`goods_stock_alarm`,`create_time`,`sale_num`,`is_virtual`,`goods_class`,`is_fenxiao`,`fenxiao_type`,`sku_id`,`max_buy`,`min_buy`,`promotion_addon`,`sort` FROM `gxfc_goods` `` WHERE  `is_delete` = 0  AND `verify_state` = 0 ORDER BY `create_time` DESC LIMIT 0,10 [ RunTime:0.000550s ]
