[2022-11-23T11:21:40+08:00][sql] CONNECT:[ UseTime:0.000475s ] mysql:host=127.0.0.1;port=3306;dbname=hunqin;charset=utf8
[2022-11-23T11:21:40+08:00][sql] SHOW FULL COLUMNS FROM `gxfc_user` [ RunTime:0.000744s ]
[2022-11-23T11:21:40+08:00][sql] SELECT `uid`,`app_module`,`app_group`,`is_admin`,`site_id`,`group_id`,`group_name`,`username`,`password`,`member_id`,`create_time`,`update_time`,`status`,`login_time`,`login_ip` FROM `gxfc_user` WHERE  `username` = 'admin'  AND `app_module` = 'admin' LIMIT 1 [ RunTime:0.000454s ]
[2022-11-23T11:21:40+08:00][sql] UPDATE `gxfc_user`  SET `login_time` = 1669173700 , `login_ip` = '171.113.164.65'  WHERE  `uid` = 1 [ RunTime:0.008008s ]
[2022-11-23T11:21:40+08:00][sql] SHOW FULL COLUMNS FROM `gxfc_user_log` [ RunTime:0.000633s ]
[2022-11-23T11:21:40+08:00][sql] INSERT INTO `gxfc_user_log` SET `uid` = 1 , `username` = 'admin' , `site_id` = 0 , `url` = 'admin/Login/login' , `ip` = '171.113.164.65' , `data` = '[]' , `action_name` = '用户登录' , `create_time` = 1669173700 [ RunTime:0.006287s ]
[2022-11-23T11:21:41+08:00][sql] CONNECT:[ UseTime:0.000441s ] mysql:host=127.0.0.1;port=3306;dbname=hunqin;charset=utf8
[2022-11-23T11:21:41+08:00][sql] SHOW FULL COLUMNS FROM `gxfc_stat_shop` [ RunTime:0.000779s ]
[2022-11-23T11:21:41+08:00][sql] SELECT `id`,`site_id`,`year`,`month`,`day`,`order_total`,`shipping_total`,`refund_total`,`order_pay_count`,`goods_pay_count`,`shop_money`,`platform_money`,`create_time`,`modify_time`,`collect_shop`,`collect_goods`,`visit_count`,`order_count`,`goods_count`,`add_goods_count`,`day_time`,`member_count` FROM `gxfc_stat_shop` WHERE  `site_id` = 0  AND `year` = 2022  AND `month` = 11  AND `day` = 23 LIMIT 1 [ RunTime:0.000475s ]
[2022-11-23T11:21:41+08:00][sql] SELECT `id`,`site_id`,`year`,`month`,`day`,`order_total`,`shipping_total`,`refund_total`,`order_pay_count`,`goods_pay_count`,`shop_money`,`platform_money`,`create_time`,`modify_time`,`collect_shop`,`collect_goods`,`visit_count`,`order_count`,`goods_count`,`add_goods_count`,`day_time`,`member_count` FROM `gxfc_stat_shop` WHERE  `site_id` = 0  AND `year` = 2022  AND `month` = 11  AND `day` = 23 LIMIT 1 [ RunTime:0.000425s ]
[2022-11-23T11:21:41+08:00][sql] SELECT `id`,`site_id`,`year`,`month`,`day`,`order_total`,`shipping_total`,`refund_total`,`order_pay_count`,`goods_pay_count`,`shop_money`,`platform_money`,`create_time`,`modify_time`,`collect_shop`,`collect_goods`,`visit_count`,`order_count`,`goods_count`,`add_goods_count`,`day_time`,`member_count` FROM `gxfc_stat_shop` WHERE  `site_id` = 0  AND `year` = 2022  AND `month` = 11  AND `day` = 22 LIMIT 1 [ RunTime:0.000376s ]
[2022-11-23T11:21:41+08:00][sql] SELECT `id`,`site_id`,`year`,`month`,`day`,`order_total`,`shipping_total`,`refund_total`,`order_pay_count`,`goods_pay_count`,`shop_money`,`platform_money`,`create_time`,`modify_time`,`collect_shop`,`collect_goods`,`visit_count`,`order_count`,`goods_count`,`add_goods_count`,`day_time`,`member_count` FROM `gxfc_stat_shop` WHERE  `site_id` = 0  AND `year` = 2022  AND `month` = 11  AND `day` = 14 LIMIT 1 [ RunTime:0.000347s ]
[2022-11-23T11:21:41+08:00][sql] SELECT `id`,`site_id`,`year`,`month`,`day`,`order_total`,`shipping_total`,`refund_total`,`order_pay_count`,`goods_pay_count`,`shop_money`,`platform_money`,`create_time`,`modify_time`,`collect_shop`,`collect_goods`,`visit_count`,`order_count`,`goods_count`,`add_goods_count`,`day_time`,`member_count` FROM `gxfc_stat_shop` WHERE  `site_id` = 0  AND `year` = 2022  AND `month` = 11  AND `day` = 15 LIMIT 1 [ RunTime:0.000495s ]
[2022-11-23T11:21:41+08:00][sql] SELECT `id`,`site_id`,`year`,`month`,`day`,`order_total`,`shipping_total`,`refund_total`,`order_pay_count`,`goods_pay_count`,`shop_money`,`platform_money`,`create_time`,`modify_time`,`collect_shop`,`collect_goods`,`visit_count`,`order_count`,`goods_count`,`add_goods_count`,`day_time`,`member_count` FROM `gxfc_stat_shop` WHERE  `site_id` = 0  AND `year` = 2022  AND `month` = 11  AND `day` = 16 LIMIT 1 [ RunTime:0.000383s ]
[2022-11-23T11:21:41+08:00][sql] SELECT `id`,`site_id`,`year`,`month`,`day`,`order_total`,`shipping_total`,`refund_total`,`order_pay_count`,`goods_pay_count`,`shop_money`,`platform_money`,`create_time`,`modify_time`,`collect_shop`,`collect_goods`,`visit_count`,`order_count`,`goods_count`,`add_goods_count`,`day_time`,`member_count` FROM `gxfc_stat_shop` WHERE  `site_id` = 0  AND `year` = 2022  AND `month` = 11  AND `day` = 17 LIMIT 1 [ RunTime:0.000344s ]
[2022-11-23T11:21:41+08:00][sql] SELECT `id`,`site_id`,`year`,`month`,`day`,`order_total`,`shipping_total`,`refund_total`,`order_pay_count`,`goods_pay_count`,`shop_money`,`platform_money`,`create_time`,`modify_time`,`collect_shop`,`collect_goods`,`visit_count`,`order_count`,`goods_count`,`add_goods_count`,`day_time`,`member_count` FROM `gxfc_stat_shop` WHERE  `site_id` = 0  AND `year` = 2022  AND `month` = 11  AND `day` = 18 LIMIT 1 [ RunTime:0.000522s ]
[2022-11-23T11:21:41+08:00][sql] SELECT `id`,`site_id`,`year`,`month`,`day`,`order_total`,`shipping_total`,`refund_total`,`order_pay_count`,`goods_pay_count`,`shop_money`,`platform_money`,`create_time`,`modify_time`,`collect_shop`,`collect_goods`,`visit_count`,`order_count`,`goods_count`,`add_goods_count`,`day_time`,`member_count` FROM `gxfc_stat_shop` WHERE  `site_id` = 0  AND `year` = 2022  AND `month` = 11  AND `day` = 19 LIMIT 1 [ RunTime:0.000474s ]
[2022-11-23T11:21:41+08:00][sql] SELECT `id`,`site_id`,`year`,`month`,`day`,`order_total`,`shipping_total`,`refund_total`,`order_pay_count`,`goods_pay_count`,`shop_money`,`platform_money`,`create_time`,`modify_time`,`collect_shop`,`collect_goods`,`visit_count`,`order_count`,`goods_count`,`add_goods_count`,`day_time`,`member_count` FROM `gxfc_stat_shop` WHERE  `site_id` = 0  AND `year` = 2022  AND `month` = 11  AND `day` = 20 LIMIT 1 [ RunTime:0.000381s ]
[2022-11-23T11:21:41+08:00][sql] SELECT `id`,`site_id`,`year`,`month`,`day`,`order_total`,`shipping_total`,`refund_total`,`order_pay_count`,`goods_pay_count`,`shop_money`,`platform_money`,`create_time`,`modify_time`,`collect_shop`,`collect_goods`,`visit_count`,`order_count`,`goods_count`,`add_goods_count`,`day_time`,`member_count` FROM `gxfc_stat_shop` WHERE  `site_id` = 0  AND `year` = 2022  AND `month` = 11  AND `day` = 21 LIMIT 1 [ RunTime:0.000388s ]
[2022-11-23T11:21:41+08:00][sql] SELECT `id`,`site_id`,`year`,`month`,`day`,`order_total`,`shipping_total`,`refund_total`,`order_pay_count`,`goods_pay_count`,`shop_money`,`platform_money`,`create_time`,`modify_time`,`collect_shop`,`collect_goods`,`visit_count`,`order_count`,`goods_count`,`add_goods_count`,`day_time`,`member_count` FROM `gxfc_stat_shop` WHERE  `site_id` = 0  AND `year` = 2022  AND `month` = 11  AND `day` = 22 LIMIT 1 [ RunTime:0.000398s ]
[2022-11-23T11:21:41+08:00][sql] SELECT `id`,`site_id`,`year`,`month`,`day`,`order_total`,`shipping_total`,`refund_total`,`order_pay_count`,`goods_pay_count`,`shop_money`,`platform_money`,`create_time`,`modify_time`,`collect_shop`,`collect_goods`,`visit_count`,`order_count`,`goods_count`,`add_goods_count`,`day_time`,`member_count` FROM `gxfc_stat_shop` WHERE  `site_id` = 0  AND `year` = 2022  AND `month` = 11  AND `day` = 23 LIMIT 1 [ RunTime:0.000483s ]
[2022-11-23T11:21:41+08:00][sql] SHOW FULL COLUMNS FROM `gxfc_order` [ RunTime:0.001156s ]
[2022-11-23T11:21:41+08:00][sql] SELECT COUNT(*) AS think_count FROM `gxfc_order` WHERE  `order_status` = 0  AND `is_delete` = 0 [ RunTime:0.000325s ]
[2022-11-23T11:21:41+08:00][sql] SELECT COUNT(*) AS think_count FROM `gxfc_order` WHERE  `order_status` = 1  AND `is_delete` = 0 [ RunTime:0.000287s ]
[2022-11-23T11:21:41+08:00][sql] SHOW FULL COLUMNS FROM `gxfc_order_goods` [ RunTime:0.000732s ]
[2022-11-23T11:21:41+08:00][sql] SELECT COUNT(*) AS think_count FROM `gxfc_order_goods` WHERE  `refund_status` NOT IN (0,3) [ RunTime:0.000879s ]
[2022-11-23T11:21:41+08:00][sql] SHOW FULL COLUMNS FROM `gxfc_goods` [ RunTime:0.000906s ]
[2022-11-23T11:21:41+08:00][sql] SELECT COUNT(*) AS think_count FROM `gxfc_goods` WHERE  `goods_state` = 1  AND `is_delete` = 0 [ RunTime:0.000328s ]
[2022-11-23T11:21:41+08:00][sql] SELECT COUNT(*) AS think_count FROM `gxfc_goods` WHERE  `goods_state` = 0  AND `is_delete` = 0 [ RunTime:0.000285s ]
[2022-11-23T11:21:41+08:00][sql] SHOW FULL COLUMNS FROM `gxfc_fenxiao_withdraw` [ RunTime:0.000717s ]
[2022-11-23T11:21:41+08:00][sql] SELECT COUNT(`id`) AS think_count FROM `gxfc_fenxiao_withdraw` WHERE  `status` = 1 [ RunTime:0.000258s ]
[2022-11-23T11:21:41+08:00][sql] SHOW FULL COLUMNS FROM `gxfc_fenxiao_apply` [ RunTime:0.000647s ]
[2022-11-23T11:21:41+08:00][sql] SELECT COUNT(`apply_id`) AS think_count FROM `gxfc_fenxiao_apply` WHERE  `status` = 1 [ RunTime:0.000266s ]
[2022-11-23T11:21:41+08:00][sql] SHOW FULL COLUMNS FROM `gxfc_order_complain` [ RunTime:0.000705s ]
[2022-11-23T11:21:41+08:00][sql] SELECT COUNT(*) AS think_count FROM `gxfc_order_complain` WHERE  `complain_status` = 1 [ RunTime:0.000240s ]
[2022-11-23T11:21:41+08:00][sql] SELECT SUM(`order_money`) AS think_sum FROM `gxfc_order` [ RunTime:0.000279s ]
[2022-11-23T11:21:41+08:00][sql] SHOW FULL COLUMNS FROM `gxfc_member` [ RunTime:0.000688s ]
[2022-11-23T11:21:41+08:00][sql] SELECT COUNT(*) AS think_count FROM `gxfc_member` [ RunTime:0.000220s ]
[2022-11-23T11:21:41+08:00][sql] SHOW FULL COLUMNS FROM `gxfc_shop_apply` [ RunTime:0.000563s ]
[2022-11-23T11:21:41+08:00][sql] SELECT COUNT(*) AS think_count FROM `gxfc_shop_apply` WHERE  `create_time` BETWEEN 1669132800 AND 1669219199 [ RunTime:0.000250s ]
[2022-11-23T11:21:41+08:00][sql] SELECT COUNT(*) AS think_count FROM `gxfc_shop_apply` WHERE  `create_time` BETWEEN 1669046400 AND 1669132799 [ RunTime:0.000242s ]
[2022-11-23T11:21:41+08:00][sql] SHOW FULL COLUMNS FROM `gxfc_shop` [ RunTime:0.000750s ]
[2022-11-23T11:21:41+08:00][sql] SELECT COUNT(*) AS think_count FROM `gxfc_shop` WHERE  `create_time` BETWEEN 1669132800 AND 1669219199 [ RunTime:0.000249s ]
[2022-11-23T11:21:41+08:00][sql] SELECT COUNT(*) AS think_count FROM `gxfc_shop` [ RunTime:0.000212s ]
[2022-11-23T11:21:41+08:00][sql] SELECT COUNT(*) AS think_count FROM `gxfc_goods` [ RunTime:0.000211s ]
[2022-11-23T11:21:45+08:00][sql] CONNECT:[ UseTime:0.000504s ] mysql:host=127.0.0.1;port=3306;dbname=hunqin;charset=utf8
[2022-11-23T11:21:45+08:00][sql] SHOW FULL COLUMNS FROM `gxfc_goods` [ RunTime:0.000959s ]
[2022-11-23T11:21:45+08:00][sql] SELECT COUNT(*) AS think_count FROM `gxfc_goods` WHERE  `verify_state` = 0  AND `is_delete` = 0 [ RunTime:0.000412s ]
[2022-11-23T11:21:45+08:00][sql] SELECT COUNT(*) AS think_count FROM `gxfc_goods` WHERE  `verify_state` = -2  AND `is_delete` = 0 [ RunTime:0.000300s ]
[2022-11-23T11:21:45+08:00][sql] SELECT COUNT(*) AS think_count FROM `gxfc_goods` WHERE  `verify_state` = 10  AND `is_delete` = 0 [ RunTime:0.000323s ]
[2022-11-23T11:21:45+08:00][sql] CONNECT:[ UseTime:0.000493s ] mysql:host=127.0.0.1;port=3306;dbname=hunqin;charset=utf8
[2022-11-23T11:21:45+08:00][sql] SHOW FULL COLUMNS FROM `gxfc_goods` [ RunTime:0.001221s ]
[2022-11-23T11:21:45+08:00][sql] SELECT COUNT(*) AS think_count FROM `gxfc_goods` WHERE  `verify_state` = 0  AND `is_delete` = 0 [ RunTime:0.000436s ]
[2022-11-23T11:21:45+08:00][sql] SELECT COUNT(*) AS think_count FROM `gxfc_goods` WHERE  `verify_state` = -2  AND `is_delete` = 0 [ RunTime:0.000376s ]
[2022-11-23T11:21:45+08:00][sql] SELECT COUNT(*) AS think_count FROM `gxfc_goods` WHERE  `verify_state` = 10  AND `is_delete` = 0 [ RunTime:0.000359s ]
[2022-11-23T11:21:45+08:00][sql] CONNECT:[ UseTime:0.000428s ] mysql:host=127.0.0.1;port=3306;dbname=hunqin;charset=utf8
[2022-11-23T11:21:45+08:00][sql] SHOW FULL COLUMNS FROM `gxfc_goods` [ RunTime:0.000879s ]
[2022-11-23T11:21:45+08:00][sql] SELECT COUNT(*) AS think_count FROM `gxfc_goods` `` WHERE  `is_delete` = 0 ORDER BY `create_time` DESC [ RunTime:0.000369s ]
[2022-11-23T11:21:45+08:00][sql] SELECT `goods_id`,`goods_name`,`site_id`,`site_name`,`goods_image`,`is_own`,`goods_state`,`verify_state`,`price`,`goods_stock`,`goods_stock_alarm`,`create_time`,`sale_num`,`is_virtual`,`goods_class`,`is_fenxiao`,`fenxiao_type`,`sku_id`,`max_buy`,`min_buy`,`promotion_addon`,`sort` FROM `gxfc_goods` `` WHERE  `is_delete` = 0 ORDER BY `create_time` DESC LIMIT 0,10 [ RunTime:0.000399s ]
[2022-11-23T11:21:47+08:00][sql] CONNECT:[ UseTime:0.000455s ] mysql:host=127.0.0.1;port=3306;dbname=hunqin;charset=utf8
[2022-11-23T11:21:47+08:00][sql] CONNECT:[ UseTime:0.000348s ] mysql:host=127.0.0.1;port=3306;dbname=hunqin;charset=utf8
[2022-11-23T11:21:47+08:00][sql] SHOW FULL COLUMNS FROM `gxfc_goods` [ RunTime:0.001187s ]
[2022-11-23T11:21:47+08:00][sql] SHOW FULL COLUMNS FROM `gxfc_goods` [ RunTime:0.000968s ]
[2022-11-23T11:21:47+08:00][sql] SELECT COUNT(*) AS think_count FROM `gxfc_goods` WHERE  `verify_state` = 0  AND `is_delete` = 0 [ RunTime:0.000346s ]
[2022-11-23T11:21:47+08:00][sql] SELECT COUNT(*) AS think_count FROM `gxfc_goods` `` WHERE  `is_delete` = 0  AND `verify_state` = 0 ORDER BY `create_time` DESC [ RunTime:0.000515s ]
[2022-11-23T11:21:47+08:00][sql] SELECT `goods_id`,`goods_name`,`site_id`,`site_name`,`goods_image`,`is_own`,`goods_state`,`verify_state`,`price`,`goods_stock`,`goods_stock_alarm`,`create_time`,`sale_num`,`is_virtual`,`goods_class`,`is_fenxiao`,`fenxiao_type`,`sku_id`,`max_buy`,`min_buy`,`promotion_addon`,`sort` FROM `gxfc_goods` `` WHERE  `is_delete` = 0  AND `verify_state` = 0 ORDER BY `create_time` DESC LIMIT 0,10 [ RunTime:0.000605s ]
[2022-11-23T11:21:47+08:00][sql] SELECT COUNT(*) AS think_count FROM `gxfc_goods` WHERE  `verify_state` = -2  AND `is_delete` = 0 [ RunTime:0.000409s ]
[2022-11-23T11:21:47+08:00][sql] SELECT COUNT(*) AS think_count FROM `gxfc_goods` WHERE  `verify_state` = 10  AND `is_delete` = 0 [ RunTime:0.000404s ]
[2022-11-23T11:21:52+08:00][sql] CONNECT:[ UseTime:0.000481s ] mysql:host=127.0.0.1;port=3306;dbname=hunqin;charset=utf8
[2022-11-23T11:21:52+08:00][sql] SHOW FULL COLUMNS FROM `gxfc_goods` [ RunTime:0.001306s ]
[2022-11-23T11:21:52+08:00][sql] UPDATE `gxfc_goods`  SET `verify_state` = 1 , `verify_state_remark` = ''  WHERE  `goods_id` = 215 [ RunTime:0.013094s ]
[2022-11-23T11:21:52+08:00][sql] SHOW FULL COLUMNS FROM `gxfc_goods_sku` [ RunTime:0.000904s ]
[2022-11-23T11:21:52+08:00][sql] UPDATE `gxfc_goods_sku`  SET `verify_state` = 1 , `verify_state_remark` = ''  WHERE  `goods_id` = 215 [ RunTime:0.007683s ]
[2022-11-23T11:21:52+08:00][sql] CONNECT:[ UseTime:0.000454s ] mysql:host=127.0.0.1;port=3306;dbname=hunqin;charset=utf8
[2022-11-23T11:21:52+08:00][sql] SHOW FULL COLUMNS FROM `gxfc_goods` [ RunTime:0.000989s ]
[2022-11-23T11:21:52+08:00][sql] SELECT COUNT(*) AS think_count FROM `gxfc_goods` WHERE  `verify_state` = 0  AND `is_delete` = 0 [ RunTime:0.000372s ]
[2022-11-23T11:21:52+08:00][sql] SELECT COUNT(*) AS think_count FROM `gxfc_goods` WHERE  `verify_state` = -2  AND `is_delete` = 0 [ RunTime:0.000279s ]
[2022-11-23T11:21:52+08:00][sql] SELECT COUNT(*) AS think_count FROM `gxfc_goods` WHERE  `verify_state` = 10  AND `is_delete` = 0 [ RunTime:0.000273s ]
[2022-11-23T11:21:53+08:00][sql] CONNECT:[ UseTime:0.000417s ] mysql:host=127.0.0.1;port=3306;dbname=hunqin;charset=utf8
[2022-11-23T11:21:53+08:00][sql] SHOW FULL COLUMNS FROM `gxfc_goods` [ RunTime:0.000921s ]
[2022-11-23T11:21:53+08:00][sql] SELECT COUNT(*) AS think_count FROM `gxfc_goods` `` WHERE  `is_delete` = 0  AND `verify_state` = 0 ORDER BY `create_time` DESC [ RunTime:0.000389s ]
[2022-11-23T11:21:53+08:00][sql] SELECT `goods_id`,`goods_name`,`site_id`,`site_name`,`goods_image`,`is_own`,`goods_state`,`verify_state`,`price`,`goods_stock`,`goods_stock_alarm`,`create_time`,`sale_num`,`is_virtual`,`goods_class`,`is_fenxiao`,`fenxiao_type`,`sku_id`,`max_buy`,`min_buy`,`promotion_addon`,`sort` FROM `gxfc_goods` `` WHERE  `is_delete` = 0  AND `verify_state` = 0 ORDER BY `create_time` DESC LIMIT 0,10 [ RunTime:0.000451s ]
[2022-11-23T13:47:26+08:00][sql] CONNECT:[ UseTime:0.000439s ] mysql:host=127.0.0.1;port=3306;dbname=hunqin;charset=utf8
[2022-11-23T13:47:26+08:00][sql] SHOW FULL COLUMNS FROM `gxfc_user` [ RunTime:0.000749s ]
[2022-11-23T13:47:26+08:00][sql] SELECT `uid`,`app_module`,`app_group`,`is_admin`,`site_id`,`group_id`,`group_name`,`username`,`password`,`member_id`,`create_time`,`update_time`,`status`,`login_time`,`login_ip` FROM `gxfc_user` WHERE  `username` = 'admin'  AND `app_module` = 'admin' LIMIT 1 [ RunTime:0.000409s ]
[2022-11-23T13:47:26+08:00][sql] UPDATE `gxfc_user`  SET `login_time` = 1669182446 , `login_ip` = '117.136.53.220'  WHERE  `uid` = 1 [ RunTime:0.008326s ]
[2022-11-23T13:47:26+08:00][sql] SHOW FULL COLUMNS FROM `gxfc_user_log` [ RunTime:0.000696s ]
[2022-11-23T13:47:26+08:00][sql] INSERT INTO `gxfc_user_log` SET `uid` = 1 , `username` = 'admin' , `site_id` = 0 , `url` = 'admin/Login/login' , `ip` = '117.136.53.220' , `data` = '[]' , `action_name` = '用户登录' , `create_time` = 1669182446 [ RunTime:0.007940s ]
[2022-11-23T13:47:27+08:00][sql] CONNECT:[ UseTime:0.000446s ] mysql:host=127.0.0.1;port=3306;dbname=hunqin;charset=utf8
[2022-11-23T13:47:27+08:00][sql] SHOW FULL COLUMNS FROM `gxfc_stat_shop` [ RunTime:0.000800s ]
[2022-11-23T13:47:27+08:00][sql] SELECT `id`,`site_id`,`year`,`month`,`day`,`order_total`,`shipping_total`,`refund_total`,`order_pay_count`,`goods_pay_count`,`shop_money`,`platform_money`,`create_time`,`modify_time`,`collect_shop`,`collect_goods`,`visit_count`,`order_count`,`goods_count`,`add_goods_count`,`day_time`,`member_count` FROM `gxfc_stat_shop` WHERE  `site_id` = 0  AND `year` = 2022  AND `month` = 11  AND `day` = 23 LIMIT 1 [ RunTime:0.000505s ]
[2022-11-23T13:47:27+08:00][sql] SELECT `id`,`site_id`,`year`,`month`,`day`,`order_total`,`shipping_total`,`refund_total`,`order_pay_count`,`goods_pay_count`,`shop_money`,`platform_money`,`create_time`,`modify_time`,`collect_shop`,`collect_goods`,`visit_count`,`order_count`,`goods_count`,`add_goods_count`,`day_time`,`member_count` FROM `gxfc_stat_shop` WHERE  `site_id` = 0  AND `year` = 2022  AND `month` = 11  AND `day` = 23 LIMIT 1 [ RunTime:0.000416s ]
[2022-11-23T13:47:27+08:00][sql] SELECT `id`,`site_id`,`year`,`month`,`day`,`order_total`,`shipping_total`,`refund_total`,`order_pay_count`,`goods_pay_count`,`shop_money`,`platform_money`,`create_time`,`modify_time`,`collect_shop`,`collect_goods`,`visit_count`,`order_count`,`goods_count`,`add_goods_count`,`day_time`,`member_count` FROM `gxfc_stat_shop` WHERE  `site_id` = 0  AND `year` = 2022  AND `month` = 11  AND `day` = 22 LIMIT 1 [ RunTime:0.000396s ]
[2022-11-23T13:47:27+08:00][sql] SELECT `id`,`site_id`,`year`,`month`,`day`,`order_total`,`shipping_total`,`refund_total`,`order_pay_count`,`goods_pay_count`,`shop_money`,`platform_money`,`create_time`,`modify_time`,`collect_shop`,`collect_goods`,`visit_count`,`order_count`,`goods_count`,`add_goods_count`,`day_time`,`member_count` FROM `gxfc_stat_shop` WHERE  `site_id` = 0  AND `year` = 2022  AND `month` = 11  AND `day` = 14 LIMIT 1 [ RunTime:0.000406s ]
[2022-11-23T13:47:27+08:00][sql] SELECT `id`,`site_id`,`year`,`month`,`day`,`order_total`,`shipping_total`,`refund_total`,`order_pay_count`,`goods_pay_count`,`shop_money`,`platform_money`,`create_time`,`modify_time`,`collect_shop`,`collect_goods`,`visit_count`,`order_count`,`goods_count`,`add_goods_count`,`day_time`,`member_count` FROM `gxfc_stat_shop` WHERE  `site_id` = 0  AND `year` = 2022  AND `month` = 11  AND `day` = 15 LIMIT 1 [ RunTime:0.000395s ]
[2022-11-23T13:47:27+08:00][sql] SELECT `id`,`site_id`,`year`,`month`,`day`,`order_total`,`shipping_total`,`refund_total`,`order_pay_count`,`goods_pay_count`,`shop_money`,`platform_money`,`create_time`,`modify_time`,`collect_shop`,`collect_goods`,`visit_count`,`order_count`,`goods_count`,`add_goods_count`,`day_time`,`member_count` FROM `gxfc_stat_shop` WHERE  `site_id` = 0  AND `year` = 2022  AND `month` = 11  AND `day` = 16 LIMIT 1 [ RunTime:0.000490s ]
[2022-11-23T13:47:27+08:00][sql] SELECT `id`,`site_id`,`year`,`month`,`day`,`order_total`,`shipping_total`,`refund_total`,`order_pay_count`,`goods_pay_count`,`shop_money`,`platform_money`,`create_time`,`modify_time`,`collect_shop`,`collect_goods`,`visit_count`,`order_count`,`goods_count`,`add_goods_count`,`day_time`,`member_count` FROM `gxfc_stat_shop` WHERE  `site_id` = 0  AND `year` = 2022  AND `month` = 11  AND `day` = 17 LIMIT 1 [ RunTime:0.000368s ]
[2022-11-23T13:47:27+08:00][sql] SELECT `id`,`site_id`,`year`,`month`,`day`,`order_total`,`shipping_total`,`refund_total`,`order_pay_count`,`goods_pay_count`,`shop_money`,`platform_money`,`create_time`,`modify_time`,`collect_shop`,`collect_goods`,`visit_count`,`order_count`,`goods_count`,`add_goods_count`,`day_time`,`member_count` FROM `gxfc_stat_shop` WHERE  `site_id` = 0  AND `year` = 2022  AND `month` = 11  AND `day` = 18 LIMIT 1 [ RunTime:0.000494s ]
[2022-11-23T13:47:27+08:00][sql] SELECT `id`,`site_id`,`year`,`month`,`day`,`order_total`,`shipping_total`,`refund_total`,`order_pay_count`,`goods_pay_count`,`shop_money`,`platform_money`,`create_time`,`modify_time`,`collect_shop`,`collect_goods`,`visit_count`,`order_count`,`goods_count`,`add_goods_count`,`day_time`,`member_count` FROM `gxfc_stat_shop` WHERE  `site_id` = 0  AND `year` = 2022  AND `month` = 11  AND `day` = 19 LIMIT 1 [ RunTime:0.000337s ]
[2022-11-23T13:47:27+08:00][sql] SELECT `id`,`site_id`,`year`,`month`,`day`,`order_total`,`shipping_total`,`refund_total`,`order_pay_count`,`goods_pay_count`,`shop_money`,`platform_money`,`create_time`,`modify_time`,`collect_shop`,`collect_goods`,`visit_count`,`order_count`,`goods_count`,`add_goods_count`,`day_time`,`member_count` FROM `gxfc_stat_shop` WHERE  `site_id` = 0  AND `year` = 2022  AND `month` = 11  AND `day` = 20 LIMIT 1 [ RunTime:0.000355s ]
[2022-11-23T13:47:27+08:00][sql] SELECT `id`,`site_id`,`year`,`month`,`day`,`order_total`,`shipping_total`,`refund_total`,`order_pay_count`,`goods_pay_count`,`shop_money`,`platform_money`,`create_time`,`modify_time`,`collect_shop`,`collect_goods`,`visit_count`,`order_count`,`goods_count`,`add_goods_count`,`day_time`,`member_count` FROM `gxfc_stat_shop` WHERE  `site_id` = 0  AND `year` = 2022  AND `month` = 11  AND `day` = 21 LIMIT 1 [ RunTime:0.000347s ]
[2022-11-23T13:47:27+08:00][sql] SELECT `id`,`site_id`,`year`,`month`,`day`,`order_total`,`shipping_total`,`refund_total`,`order_pay_count`,`goods_pay_count`,`shop_money`,`platform_money`,`create_time`,`modify_time`,`collect_shop`,`collect_goods`,`visit_count`,`order_count`,`goods_count`,`add_goods_count`,`day_time`,`member_count` FROM `gxfc_stat_shop` WHERE  `site_id` = 0  AND `year` = 2022  AND `month` = 11  AND `day` = 22 LIMIT 1 [ RunTime:0.000344s ]
[2022-11-23T13:47:27+08:00][sql] SELECT `id`,`site_id`,`year`,`month`,`day`,`order_total`,`shipping_total`,`refund_total`,`order_pay_count`,`goods_pay_count`,`shop_money`,`platform_money`,`create_time`,`modify_time`,`collect_shop`,`collect_goods`,`visit_count`,`order_count`,`goods_count`,`add_goods_count`,`day_time`,`member_count` FROM `gxfc_stat_shop` WHERE  `site_id` = 0  AND `year` = 2022  AND `month` = 11  AND `day` = 23 LIMIT 1 [ RunTime:0.000344s ]
[2022-11-23T13:47:27+08:00][sql] SHOW FULL COLUMNS FROM `gxfc_order` [ RunTime:0.001029s ]
[2022-11-23T13:47:27+08:00][sql] SELECT COUNT(*) AS think_count FROM `gxfc_order` WHERE  `order_status` = 0  AND `is_delete` = 0 [ RunTime:0.000290s ]
[2022-11-23T13:47:27+08:00][sql] SELECT COUNT(*) AS think_count FROM `gxfc_order` WHERE  `order_status` = 1  AND `is_delete` = 0 [ RunTime:0.000265s ]
[2022-11-23T13:47:27+08:00][sql] SHOW FULL COLUMNS FROM `gxfc_order_goods` [ RunTime:0.000688s ]
[2022-11-23T13:47:27+08:00][sql] SELECT COUNT(*) AS think_count FROM `gxfc_order_goods` WHERE  `refund_status` NOT IN (0,3) [ RunTime:0.000863s ]
[2022-11-23T13:47:27+08:00][sql] SHOW FULL COLUMNS FROM `gxfc_goods` [ RunTime:0.000708s ]
[2022-11-23T13:47:27+08:00][sql] SELECT COUNT(*) AS think_count FROM `gxfc_goods` WHERE  `goods_state` = 1  AND `is_delete` = 0 [ RunTime:0.000280s ]
[2022-11-23T13:47:27+08:00][sql] SELECT COUNT(*) AS think_count FROM `gxfc_goods` WHERE  `goods_state` = 0  AND `is_delete` = 0 [ RunTime:0.000277s ]
[2022-11-23T13:47:27+08:00][sql] SHOW FULL COLUMNS FROM `gxfc_fenxiao_withdraw` [ RunTime:0.000564s ]
[2022-11-23T13:47:27+08:00][sql] SELECT COUNT(`id`) AS think_count FROM `gxfc_fenxiao_withdraw` WHERE  `status` = 1 [ RunTime:0.000236s ]
[2022-11-23T13:47:27+08:00][sql] SHOW FULL COLUMNS FROM `gxfc_fenxiao_apply` [ RunTime:0.000561s ]
[2022-11-23T13:47:27+08:00][sql] SELECT COUNT(`apply_id`) AS think_count FROM `gxfc_fenxiao_apply` WHERE  `status` = 1 [ RunTime:0.000240s ]
[2022-11-23T13:47:27+08:00][sql] SHOW FULL COLUMNS FROM `gxfc_order_complain` [ RunTime:0.000587s ]
[2022-11-23T13:47:27+08:00][sql] SELECT COUNT(*) AS think_count FROM `gxfc_order_complain` WHERE  `complain_status` = 1 [ RunTime:0.000266s ]
[2022-11-23T13:47:27+08:00][sql] SELECT SUM(`order_money`) AS think_sum FROM `gxfc_order` [ RunTime:0.000321s ]
[2022-11-23T13:47:27+08:00][sql] SHOW FULL COLUMNS FROM `gxfc_member` [ RunTime:0.000645s ]
[2022-11-23T13:47:27+08:00][sql] SELECT COUNT(*) AS think_count FROM `gxfc_member` [ RunTime:0.000200s ]
[2022-11-23T13:47:27+08:00][sql] SHOW FULL COLUMNS FROM `gxfc_shop_apply` [ RunTime:0.000546s ]
[2022-11-23T13:47:27+08:00][sql] SELECT COUNT(*) AS think_count FROM `gxfc_shop_apply` WHERE  `create_time` BETWEEN 1669132800 AND 1669219199 [ RunTime:0.000252s ]
[2022-11-23T13:47:27+08:00][sql] SELECT COUNT(*) AS think_count FROM `gxfc_shop_apply` WHERE  `create_time` BETWEEN 1669046400 AND 1669132799 [ RunTime:0.000264s ]
[2022-11-23T13:47:27+08:00][sql] SHOW FULL COLUMNS FROM `gxfc_shop` [ RunTime:0.000762s ]
[2022-11-23T13:47:27+08:00][sql] SELECT COUNT(*) AS think_count FROM `gxfc_shop` WHERE  `create_time` BETWEEN 1669132800 AND 1669219199 [ RunTime:0.000255s ]
[2022-11-23T13:47:27+08:00][sql] SELECT COUNT(*) AS think_count FROM `gxfc_shop` [ RunTime:0.000240s ]
[2022-11-23T13:47:27+08:00][sql] SELECT COUNT(*) AS think_count FROM `gxfc_goods` [ RunTime:0.000223s ]
[2022-11-23T14:11:11+08:00][sql] CONNECT:[ UseTime:0.000436s ] mysql:host=127.0.0.1;port=3306;dbname=hunqin;charset=utf8
[2022-11-23T14:11:11+08:00][sql] SHOW FULL COLUMNS FROM `gxfc_goods` [ RunTime:0.000959s ]
[2022-11-23T14:11:11+08:00][sql] SELECT COUNT(*) AS think_count FROM `gxfc_goods` WHERE  `verify_state` = 0  AND `is_delete` = 0 [ RunTime:0.000530s ]
[2022-11-23T14:11:11+08:00][sql] SELECT COUNT(*) AS think_count FROM `gxfc_goods` WHERE  `verify_state` = -2  AND `is_delete` = 0 [ RunTime:0.000349s ]
[2022-11-23T14:11:11+08:00][sql] SELECT COUNT(*) AS think_count FROM `gxfc_goods` WHERE  `verify_state` = 10  AND `is_delete` = 0 [ RunTime:0.000387s ]
[2022-11-23T14:11:12+08:00][sql] CONNECT:[ UseTime:0.000469s ] mysql:host=127.0.0.1;port=3306;dbname=hunqin;charset=utf8
[2022-11-23T14:11:12+08:00][sql] SHOW FULL COLUMNS FROM `gxfc_goods` [ RunTime:0.000981s ]
[2022-11-23T14:11:12+08:00][sql] SELECT COUNT(*) AS think_count FROM `gxfc_goods` WHERE  `verify_state` = 0  AND `is_delete` = 0 [ RunTime:0.000417s ]
[2022-11-23T14:11:12+08:00][sql] SELECT COUNT(*) AS think_count FROM `gxfc_goods` WHERE  `verify_state` = -2  AND `is_delete` = 0 [ RunTime:0.000342s ]
[2022-11-23T14:11:12+08:00][sql] SELECT COUNT(*) AS think_count FROM `gxfc_goods` WHERE  `verify_state` = 10  AND `is_delete` = 0 [ RunTime:0.000303s ]
[2022-11-23T14:11:12+08:00][sql] CONNECT:[ UseTime:0.000544s ] mysql:host=127.0.0.1;port=3306;dbname=hunqin;charset=utf8
[2022-11-23T14:11:12+08:00][sql] SHOW FULL COLUMNS FROM `gxfc_goods` [ RunTime:0.000898s ]
[2022-11-23T14:11:12+08:00][sql] SELECT COUNT(*) AS think_count FROM `gxfc_goods` `` WHERE  `is_delete` = 0 ORDER BY `create_time` DESC [ RunTime:0.000354s ]
[2022-11-23T14:11:12+08:00][sql] SELECT `goods_id`,`goods_name`,`site_id`,`site_name`,`goods_image`,`is_own`,`goods_state`,`verify_state`,`price`,`goods_stock`,`goods_stock_alarm`,`create_time`,`sale_num`,`is_virtual`,`goods_class`,`is_fenxiao`,`fenxiao_type`,`sku_id`,`max_buy`,`min_buy`,`promotion_addon`,`sort` FROM `gxfc_goods` `` WHERE  `is_delete` = 0 ORDER BY `create_time` DESC LIMIT 0,10 [ RunTime:0.000396s ]
[2022-11-23T14:34:32+08:00][sql] CONNECT:[ UseTime:0.000442s ] mysql:host=127.0.0.1;port=3306;dbname=hunqin;charset=utf8
[2022-11-23T14:34:32+08:00][sql] SHOW FULL COLUMNS FROM `gxfc_shop` [ RunTime:0.001012s ]
[2022-11-23T14:34:32+08:00][sql] SELECT COUNT(*) AS think_count FROM `gxfc_shop` `a` ORDER BY site_id desc [ RunTime:0.000323s ]
[2022-11-23T14:34:32+08:00][sql] SELECT * FROM `gxfc_shop` `a` ORDER BY site_id desc LIMIT 0,10 [ RunTime:0.000550s ]
[2022-11-23T14:34:32+08:00][sql] SHOW FULL COLUMNS FROM `gxfc_shop_cert` [ RunTime:0.000683s ]
[2022-11-23T14:34:32+08:00][sql] SELECT * FROM `gxfc_shop_cert` WHERE  `cert_id` = 128 LIMIT 1 [ RunTime:0.000433s ]
[2022-11-23T14:34:32+08:00][sql] SELECT * FROM `gxfc_shop_cert` WHERE  `cert_id` = 126 LIMIT 1 [ RunTime:0.000370s ]
[2022-11-23T14:34:32+08:00][sql] SELECT * FROM `gxfc_shop_cert` WHERE  `cert_id` = 120 LIMIT 1 [ RunTime:0.000373s ]
[2022-11-23T14:34:32+08:00][sql] SELECT * FROM `gxfc_shop_cert` WHERE  `cert_id` = 118 LIMIT 1 [ RunTime:0.000361s ]
[2022-11-23T14:34:32+08:00][sql] SELECT * FROM `gxfc_shop_cert` WHERE  `cert_id` = 1 LIMIT 1 [ RunTime:0.000358s ]
