[2022-11-27T12:26:33+08:00][sql] CONNECT:[ UseTime:0.000377s ] mysql:host=127.0.0.1;port=3306;dbname=hunqin;charset=utf8
[2022-11-27T12:26:33+08:00][sql] SHOW FULL COLUMNS FROM `gxfc_user` [ RunTime:0.000765s ]
[2022-11-27T12:26:33+08:00][sql] SELECT `uid`,`app_module`,`app_group`,`is_admin`,`site_id`,`group_id`,`group_name`,`username`,`password`,`member_id`,`create_time`,`update_time`,`status`,`login_time`,`login_ip` FROM `gxfc_user` WHERE  `username` = 'admin'  AND `app_module` = 'admin' LIMIT 1 [ RunTime:0.000398s ]
[2022-11-27T12:26:33+08:00][sql] UPDATE `gxfc_user`  SET `login_time` = 1669523193 , `login_ip` = '223.104.122.204'  WHERE  `uid` = 1 [ RunTime:0.010733s ]
[2022-11-27T12:26:33+08:00][sql] SHOW FULL COLUMNS FROM `gxfc_user_log` [ RunTime:0.000586s ]
[2022-11-27T12:26:33+08:00][sql] INSERT INTO `gxfc_user_log` SET `uid` = 1 , `username` = 'admin' , `site_id` = 0 , `url` = 'admin/Login/login' , `ip` = '223.104.122.204' , `data` = '[]' , `action_name` = '用户登录' , `create_time` = 1669523193 [ RunTime:0.006211s ]
[2022-11-27T12:26:41+08:00][sql] CONNECT:[ UseTime:0.000522s ] mysql:host=127.0.0.1;port=3306;dbname=hunqin;charset=utf8
[2022-11-27T12:26:41+08:00][sql] SHOW FULL COLUMNS FROM `gxfc_stat_shop` [ RunTime:0.000848s ]
[2022-11-27T12:26:41+08:00][sql] SELECT `id`,`site_id`,`year`,`month`,`day`,`order_total`,`shipping_total`,`refund_total`,`order_pay_count`,`goods_pay_count`,`shop_money`,`platform_money`,`create_time`,`modify_time`,`collect_shop`,`collect_goods`,`visit_count`,`order_count`,`goods_count`,`add_goods_count`,`day_time`,`member_count` FROM `gxfc_stat_shop` WHERE  `site_id` = 0  AND `year` = 2022  AND `month` = 11  AND `day` = 27 LIMIT 1 [ RunTime:0.000487s ]
[2022-11-27T12:26:41+08:00][sql] INSERT INTO `gxfc_stat_shop` SET `site_id` = 0 , `year` = 2022 , `month` = 11 , `day` = 27 , `day_time` = 1669478400 [ RunTime:0.008208s ]
[2022-11-27T12:26:41+08:00][sql] SELECT `id`,`site_id`,`year`,`month`,`day`,`order_total`,`shipping_total`,`refund_total`,`order_pay_count`,`goods_pay_count`,`shop_money`,`platform_money`,`create_time`,`modify_time`,`collect_shop`,`collect_goods`,`visit_count`,`order_count`,`goods_count`,`add_goods_count`,`day_time`,`member_count` FROM `gxfc_stat_shop` WHERE  `site_id` = 0  AND `year` = 2022  AND `month` = 11  AND `day` = 27  AND `day_time` = 1669478400 LIMIT 1 [ RunTime:0.000551s ]
[2022-11-27T12:26:41+08:00][sql] SELECT `id`,`site_id`,`year`,`month`,`day`,`order_total`,`shipping_total`,`refund_total`,`order_pay_count`,`goods_pay_count`,`shop_money`,`platform_money`,`create_time`,`modify_time`,`collect_shop`,`collect_goods`,`visit_count`,`order_count`,`goods_count`,`add_goods_count`,`day_time`,`member_count` FROM `gxfc_stat_shop` WHERE  `site_id` = 0  AND `year` = 2022  AND `month` = 11  AND `day` = 27 LIMIT 1 [ RunTime:0.000476s ]
[2022-11-27T12:26:41+08:00][sql] SELECT `id`,`site_id`,`year`,`month`,`day`,`order_total`,`shipping_total`,`refund_total`,`order_pay_count`,`goods_pay_count`,`shop_money`,`platform_money`,`create_time`,`modify_time`,`collect_shop`,`collect_goods`,`visit_count`,`order_count`,`goods_count`,`add_goods_count`,`day_time`,`member_count` FROM `gxfc_stat_shop` WHERE  `site_id` = 0  AND `year` = 2022  AND `month` = 11  AND `day` = 26 LIMIT 1 [ RunTime:0.000400s ]
[2022-11-27T12:26:41+08:00][sql] INSERT INTO `gxfc_stat_shop` SET `site_id` = 0 , `year` = 2022 , `month` = 11 , `day` = 26 , `day_time` = 1669478400 [ RunTime:0.007076s ]
[2022-11-27T12:26:41+08:00][sql] SELECT `id`,`site_id`,`year`,`month`,`day`,`order_total`,`shipping_total`,`refund_total`,`order_pay_count`,`goods_pay_count`,`shop_money`,`platform_money`,`create_time`,`modify_time`,`collect_shop`,`collect_goods`,`visit_count`,`order_count`,`goods_count`,`add_goods_count`,`day_time`,`member_count` FROM `gxfc_stat_shop` WHERE  `site_id` = 0  AND `year` = 2022  AND `month` = 11  AND `day` = 26  AND `day_time` = 1669478400 LIMIT 1 [ RunTime:0.000446s ]
[2022-11-27T12:26:41+08:00][sql] SELECT `id`,`site_id`,`year`,`month`,`day`,`order_total`,`shipping_total`,`refund_total`,`order_pay_count`,`goods_pay_count`,`shop_money`,`platform_money`,`create_time`,`modify_time`,`collect_shop`,`collect_goods`,`visit_count`,`order_count`,`goods_count`,`add_goods_count`,`day_time`,`member_count` FROM `gxfc_stat_shop` WHERE  `site_id` = 0  AND `year` = 2022  AND `month` = 11  AND `day` = 18 LIMIT 1 [ RunTime:0.000460s ]
[2022-11-27T12:26:41+08:00][sql] SELECT `id`,`site_id`,`year`,`month`,`day`,`order_total`,`shipping_total`,`refund_total`,`order_pay_count`,`goods_pay_count`,`shop_money`,`platform_money`,`create_time`,`modify_time`,`collect_shop`,`collect_goods`,`visit_count`,`order_count`,`goods_count`,`add_goods_count`,`day_time`,`member_count` FROM `gxfc_stat_shop` WHERE  `site_id` = 0  AND `year` = 2022  AND `month` = 11  AND `day` = 19 LIMIT 1 [ RunTime:0.000392s ]
[2022-11-27T12:26:41+08:00][sql] SELECT `id`,`site_id`,`year`,`month`,`day`,`order_total`,`shipping_total`,`refund_total`,`order_pay_count`,`goods_pay_count`,`shop_money`,`platform_money`,`create_time`,`modify_time`,`collect_shop`,`collect_goods`,`visit_count`,`order_count`,`goods_count`,`add_goods_count`,`day_time`,`member_count` FROM `gxfc_stat_shop` WHERE  `site_id` = 0  AND `year` = 2022  AND `month` = 11  AND `day` = 20 LIMIT 1 [ RunTime:0.000439s ]
[2022-11-27T12:26:41+08:00][sql] SELECT `id`,`site_id`,`year`,`month`,`day`,`order_total`,`shipping_total`,`refund_total`,`order_pay_count`,`goods_pay_count`,`shop_money`,`platform_money`,`create_time`,`modify_time`,`collect_shop`,`collect_goods`,`visit_count`,`order_count`,`goods_count`,`add_goods_count`,`day_time`,`member_count` FROM `gxfc_stat_shop` WHERE  `site_id` = 0  AND `year` = 2022  AND `month` = 11  AND `day` = 21 LIMIT 1 [ RunTime:0.000381s ]
[2022-11-27T12:26:41+08:00][sql] SELECT `id`,`site_id`,`year`,`month`,`day`,`order_total`,`shipping_total`,`refund_total`,`order_pay_count`,`goods_pay_count`,`shop_money`,`platform_money`,`create_time`,`modify_time`,`collect_shop`,`collect_goods`,`visit_count`,`order_count`,`goods_count`,`add_goods_count`,`day_time`,`member_count` FROM `gxfc_stat_shop` WHERE  `site_id` = 0  AND `year` = 2022  AND `month` = 11  AND `day` = 22 LIMIT 1 [ RunTime:0.000425s ]
[2022-11-27T12:26:41+08:00][sql] SELECT `id`,`site_id`,`year`,`month`,`day`,`order_total`,`shipping_total`,`refund_total`,`order_pay_count`,`goods_pay_count`,`shop_money`,`platform_money`,`create_time`,`modify_time`,`collect_shop`,`collect_goods`,`visit_count`,`order_count`,`goods_count`,`add_goods_count`,`day_time`,`member_count` FROM `gxfc_stat_shop` WHERE  `site_id` = 0  AND `year` = 2022  AND `month` = 11  AND `day` = 23 LIMIT 1 [ RunTime:0.000429s ]
[2022-11-27T12:26:41+08:00][sql] SELECT `id`,`site_id`,`year`,`month`,`day`,`order_total`,`shipping_total`,`refund_total`,`order_pay_count`,`goods_pay_count`,`shop_money`,`platform_money`,`create_time`,`modify_time`,`collect_shop`,`collect_goods`,`visit_count`,`order_count`,`goods_count`,`add_goods_count`,`day_time`,`member_count` FROM `gxfc_stat_shop` WHERE  `site_id` = 0  AND `year` = 2022  AND `month` = 11  AND `day` = 24 LIMIT 1 [ RunTime:0.000411s ]
[2022-11-27T12:26:41+08:00][sql] SELECT `id`,`site_id`,`year`,`month`,`day`,`order_total`,`shipping_total`,`refund_total`,`order_pay_count`,`goods_pay_count`,`shop_money`,`platform_money`,`create_time`,`modify_time`,`collect_shop`,`collect_goods`,`visit_count`,`order_count`,`goods_count`,`add_goods_count`,`day_time`,`member_count` FROM `gxfc_stat_shop` WHERE  `site_id` = 0  AND `year` = 2022  AND `month` = 11  AND `day` = 25 LIMIT 1 [ RunTime:0.000427s ]
[2022-11-27T12:26:41+08:00][sql] INSERT INTO `gxfc_stat_shop` SET `site_id` = 0 , `year` = 2022 , `month` = 11 , `day` = 25 , `day_time` = 1669478400 [ RunTime:0.006614s ]
[2022-11-27T12:26:41+08:00][sql] SELECT `id`,`site_id`,`year`,`month`,`day`,`order_total`,`shipping_total`,`refund_total`,`order_pay_count`,`goods_pay_count`,`shop_money`,`platform_money`,`create_time`,`modify_time`,`collect_shop`,`collect_goods`,`visit_count`,`order_count`,`goods_count`,`add_goods_count`,`day_time`,`member_count` FROM `gxfc_stat_shop` WHERE  `site_id` = 0  AND `year` = 2022  AND `month` = 11  AND `day` = 25  AND `day_time` = 1669478400 LIMIT 1 [ RunTime:0.000517s ]
[2022-11-27T12:26:41+08:00][sql] SELECT `id`,`site_id`,`year`,`month`,`day`,`order_total`,`shipping_total`,`refund_total`,`order_pay_count`,`goods_pay_count`,`shop_money`,`platform_money`,`create_time`,`modify_time`,`collect_shop`,`collect_goods`,`visit_count`,`order_count`,`goods_count`,`add_goods_count`,`day_time`,`member_count` FROM `gxfc_stat_shop` WHERE  `site_id` = 0  AND `year` = 2022  AND `month` = 11  AND `day` = 26 LIMIT 1 [ RunTime:0.000456s ]
[2022-11-27T12:26:41+08:00][sql] SELECT `id`,`site_id`,`year`,`month`,`day`,`order_total`,`shipping_total`,`refund_total`,`order_pay_count`,`goods_pay_count`,`shop_money`,`platform_money`,`create_time`,`modify_time`,`collect_shop`,`collect_goods`,`visit_count`,`order_count`,`goods_count`,`add_goods_count`,`day_time`,`member_count` FROM `gxfc_stat_shop` WHERE  `site_id` = 0  AND `year` = 2022  AND `month` = 11  AND `day` = 27 LIMIT 1 [ RunTime:0.000410s ]
[2022-11-27T12:26:41+08:00][sql] SHOW FULL COLUMNS FROM `gxfc_order` [ RunTime:0.001118s ]
[2022-11-27T12:26:41+08:00][sql] SELECT COUNT(*) AS think_count FROM `gxfc_order` WHERE  `order_status` = 0  AND `is_delete` = 0 [ RunTime:0.000384s ]
[2022-11-27T12:26:41+08:00][sql] SELECT COUNT(*) AS think_count FROM `gxfc_order` WHERE  `order_status` = 1  AND `is_delete` = 0 [ RunTime:0.000339s ]
[2022-11-27T12:26:41+08:00][sql] SHOW FULL COLUMNS FROM `gxfc_order_goods` [ RunTime:0.000760s ]
[2022-11-27T12:26:41+08:00][sql] SELECT COUNT(*) AS think_count FROM `gxfc_order_goods` WHERE  `refund_status` NOT IN (0,3) [ RunTime:0.000894s ]
[2022-11-27T12:26:41+08:00][sql] SHOW FULL COLUMNS FROM `gxfc_goods` [ RunTime:0.000794s ]
[2022-11-27T12:26:41+08:00][sql] SELECT COUNT(*) AS think_count FROM `gxfc_goods` WHERE  `goods_state` = 1  AND `is_delete` = 0 [ RunTime:0.000301s ]
[2022-11-27T12:26:41+08:00][sql] SELECT COUNT(*) AS think_count FROM `gxfc_goods` WHERE  `goods_state` = 0  AND `is_delete` = 0 [ RunTime:0.000298s ]
[2022-11-27T12:26:41+08:00][sql] SHOW FULL COLUMNS FROM `gxfc_fenxiao_withdraw` [ RunTime:0.000802s ]
[2022-11-27T12:26:41+08:00][sql] SELECT COUNT(`id`) AS think_count FROM `gxfc_fenxiao_withdraw` WHERE  `status` = 1 [ RunTime:0.000271s ]
[2022-11-27T12:26:41+08:00][sql] SHOW FULL COLUMNS FROM `gxfc_fenxiao_apply` [ RunTime:0.000633s ]
[2022-11-27T12:26:41+08:00][sql] SELECT COUNT(`apply_id`) AS think_count FROM `gxfc_fenxiao_apply` WHERE  `status` = 1 [ RunTime:0.000239s ]
[2022-11-27T12:26:41+08:00][sql] SHOW FULL COLUMNS FROM `gxfc_order_complain` [ RunTime:0.000703s ]
[2022-11-27T12:26:41+08:00][sql] SELECT COUNT(*) AS think_count FROM `gxfc_order_complain` WHERE  `complain_status` = 1 [ RunTime:0.000254s ]
[2022-11-27T12:26:41+08:00][sql] SELECT SUM(`order_money`) AS think_sum FROM `gxfc_order` [ RunTime:0.000290s ]
[2022-11-27T12:26:41+08:00][sql] SHOW FULL COLUMNS FROM `gxfc_member` [ RunTime:0.000653s ]
[2022-11-27T12:26:41+08:00][sql] SELECT COUNT(*) AS think_count FROM `gxfc_member` [ RunTime:0.000207s ]
[2022-11-27T12:26:41+08:00][sql] SHOW FULL COLUMNS FROM `gxfc_shop_apply` [ RunTime:0.000542s ]
[2022-11-27T12:26:41+08:00][sql] SELECT COUNT(*) AS think_count FROM `gxfc_shop_apply` WHERE  `create_time` BETWEEN 1669478400 AND 1669564799 [ RunTime:0.000248s ]
[2022-11-27T12:26:41+08:00][sql] SELECT COUNT(*) AS think_count FROM `gxfc_shop_apply` WHERE  `create_time` BETWEEN 1669392000 AND 1669478399 [ RunTime:0.000234s ]
[2022-11-27T12:26:41+08:00][sql] SHOW FULL COLUMNS FROM `gxfc_shop` [ RunTime:0.000712s ]
[2022-11-27T12:26:41+08:00][sql] SELECT COUNT(*) AS think_count FROM `gxfc_shop` WHERE  `create_time` BETWEEN 1669478400 AND 1669564799 [ RunTime:0.000293s ]
[2022-11-27T12:26:41+08:00][sql] SELECT COUNT(*) AS think_count FROM `gxfc_shop` [ RunTime:0.000263s ]
[2022-11-27T12:26:41+08:00][sql] SELECT COUNT(*) AS think_count FROM `gxfc_goods` [ RunTime:0.000278s ]
[2022-11-27T12:28:09+08:00][sql] CONNECT:[ UseTime:0.000442s ] mysql:host=127.0.0.1;port=3306;dbname=hunqin;charset=utf8
[2022-11-27T12:28:09+08:00][sql] SHOW FULL COLUMNS FROM `gxfc_order` [ RunTime:0.001191s ]
[2022-11-27T12:28:09+08:00][sql] SELECT COUNT(*) AS think_count FROM `gxfc_order` `o` ORDER BY `o`.`create_time` DESC [ RunTime:0.000302s ]
[2022-11-27T12:28:09+08:00][sql] SELECT `o`.* FROM `gxfc_order` `o` ORDER BY `o`.`create_time` DESC LIMIT 0,10 [ RunTime:0.000769s ]
[2022-11-27T12:28:09+08:00][sql] SHOW FULL COLUMNS FROM `gxfc_order_goods` [ RunTime:0.000731s ]
[2022-11-27T12:28:09+08:00][sql] SELECT * FROM `gxfc_order_goods` WHERE  `order_id` = 2073 [ RunTime:0.003805s ]
[2022-11-27T12:28:09+08:00][sql] SHOW FULL COLUMNS FROM `gxfc_member` [ RunTime:0.000676s ]
[2022-11-27T12:28:09+08:00][sql] SELECT `nickname` FROM `gxfc_member` WHERE  `member_id` = 2381 LIMIT 1 [ RunTime:0.000259s ]
[2022-11-27T12:28:09+08:00][sql] SELECT * FROM `gxfc_order_goods` WHERE  `order_id` = 2072 [ RunTime:0.003581s ]
[2022-11-27T12:28:09+08:00][sql] SELECT `nickname` FROM `gxfc_member` WHERE  `member_id` = 2381 LIMIT 1 [ RunTime:0.000238s ]
[2022-11-27T12:28:09+08:00][sql] SELECT * FROM `gxfc_order_goods` WHERE  `order_id` = 2071 [ RunTime:0.003603s ]
[2022-11-27T12:28:09+08:00][sql] SELECT `nickname` FROM `gxfc_member` WHERE  `member_id` = 2387 LIMIT 1 [ RunTime:0.000229s ]
[2022-11-27T12:28:09+08:00][sql] SELECT * FROM `gxfc_order_goods` WHERE  `order_id` = 2070 [ RunTime:0.003578s ]
[2022-11-27T12:28:09+08:00][sql] SELECT `nickname` FROM `gxfc_member` WHERE  `member_id` = 2375 LIMIT 1 [ RunTime:0.000213s ]
[2022-11-27T12:28:09+08:00][sql] SELECT * FROM `gxfc_order_goods` WHERE  `order_id` = 2069 [ RunTime:0.003645s ]
[2022-11-27T12:28:09+08:00][sql] SELECT `nickname` FROM `gxfc_member` WHERE  `member_id` = 2375 LIMIT 1 [ RunTime:0.000247s ]
[2022-11-27T12:28:09+08:00][sql] SELECT * FROM `gxfc_order_goods` WHERE  `order_id` = 2068 [ RunTime:0.003661s ]
[2022-11-27T12:28:09+08:00][sql] SELECT `nickname` FROM `gxfc_member` WHERE  `member_id` = 2375 LIMIT 1 [ RunTime:0.000282s ]
[2022-11-27T12:28:09+08:00][sql] SELECT * FROM `gxfc_order_goods` WHERE  `order_id` = 2067 [ RunTime:0.003674s ]
[2022-11-27T12:28:09+08:00][sql] SELECT `nickname` FROM `gxfc_member` WHERE  `member_id` = 2375 LIMIT 1 [ RunTime:0.000298s ]
[2022-11-27T12:28:09+08:00][sql] SELECT * FROM `gxfc_order_goods` WHERE  `order_id` = 2066 [ RunTime:0.003588s ]
[2022-11-27T12:28:09+08:00][sql] SELECT `nickname` FROM `gxfc_member` WHERE  `member_id` = 2375 LIMIT 1 [ RunTime:0.000331s ]
[2022-11-27T12:28:09+08:00][sql] SELECT * FROM `gxfc_order_goods` WHERE  `order_id` = 2065 [ RunTime:0.003727s ]
[2022-11-27T12:28:09+08:00][sql] SELECT `nickname` FROM `gxfc_member` WHERE  `member_id` = 2368 LIMIT 1 [ RunTime:0.000332s ]
[2022-11-27T12:28:09+08:00][sql] SELECT * FROM `gxfc_order_goods` WHERE  `order_id` = 2064 [ RunTime:0.004123s ]
[2022-11-27T12:28:09+08:00][sql] SELECT `nickname` FROM `gxfc_member` WHERE  `member_id` = 2368 LIMIT 1 [ RunTime:0.000352s ]
[2022-11-27T12:29:54+08:00][sql] CONNECT:[ UseTime:0.000428s ] mysql:host=127.0.0.1;port=3306;dbname=hunqin;charset=utf8
[2022-11-27T12:29:54+08:00][sql] SHOW FULL COLUMNS FROM `gxfc_menu` [ RunTime:0.000838s ]
[2022-11-27T12:29:54+08:00][sql] SELECT `id`,`app_module`,`name`,`title`,`parent`,`level`,`url`,`is_show`,`sort`,`desc`,`picture`,`is_icon`,`picture_select`,`is_control`,`addon` FROM `gxfc_menu` WHERE  `url` = 'admin/Order/detail'  AND `app_module` = 'admin' ORDER BY `level` DESC LIMIT 1 [ RunTime:0.000566s ]
[2022-11-27T12:29:54+08:00][sql] SELECT `id`,`app_module`,`name`,`title`,`parent`,`level`,`url`,`is_show`,`sort`,`desc`,`picture`,`is_icon`,`picture_select`,`is_control`,`addon` FROM `gxfc_menu` WHERE  `name` = 'EXPRESS_ORDER_DETAIL'  AND `app_module` = 'admin' LIMIT 1 [ RunTime:0.000528s ]
[2022-11-27T12:29:54+08:00][sql] SHOW FULL COLUMNS FROM `gxfc_order` [ RunTime:0.002508s ]
[2022-11-27T12:29:54+08:00][sql] SELECT `order_id`,`order_no`,`site_id`,`site_name`,`website_id`,`order_name`,`order_from`,`order_from_name`,`order_type`,`order_type_name`,`order_promotion_type`,`order_promotion_name`,`promotion_id`,`out_trade_no`,`out_trade_no_2`,`delivery_code`,`order_status`,`order_status_name`,`order_status_action`,`pay_status`,`delivery_status`,`refund_status`,`pay_type`,`pay_type_name`,`delivery_type`,`delivery_type_name`,`member_id`,`name`,`mobile`,`telephone`,`province_id`,`city_id`,`district_id`,`community_id`,`address`,`full_address`,`longitude`,`latitude`,`buyer_ip`,`buyer_ask_delivery_time`,`buyer_message`,`order_invoice_company`,`order_invoice_type`,`order_invoice_type_name`,`order_invoice_trade_type`,`order_invoice_rate`,`goods_money`,`delivery_money`,`promotion_money`,`coupon_id`,`coupon_money`,`invoice_money`,`order_money`,`adjust_money`,`balance_money`,`pay_money`,`create_time`,`pay_time`,`delivery_time`,`sign_time`,`finish_time`,`close_time`,`is_lock`,`is_evaluate`,`is_delete`,`is_enable_refund`,`remark`,`goods_num`,`delivery_store_id`,`delivery_status_name`,`is_settlement`,`store_settlement_id`,`delivery_store_name`,`promotion_type`,`promotion_type_name`,`promotion_status_name`,`delivery_store_info`,`virtual_code`,`evaluate_status`,`evaluate_status_name`,`shop_money`,`platform_money`,`refund_money`,`refund_shop_money`,`refund_platform_money`,`commission`,`settlement_id`,`platform_coupon_id`,`platform_coupon_money`,`platform_coupon_total_money`,`platform_coupon_shop_money`,`is_invoice`,`invoice_type`,`invoice_title`,`taxpayer_number`,`invoice_rate`,`invoice_content`,`invoice_delivery_money`,`invoice_full_address`,`is_tax_invoice`,`invoice_email`,`invoice_title_type`,`refund_platform_coupon_total_money`,`refund_platform_coupon_shop_money`,`refund_platform_coupon_money`,`dj_money`,`hospital_money`,`hospital_id`,`refund_hospital_money`,`source_member`,`is_host_settlement`,`fenxiao_num`,`host_settlement_id`,`is_lease`,`earnest_money`,`is_th_money`,`action_time`,`return_time` FROM `gxfc_order` WHERE  `order_id` = 2073 LIMIT 1 [ RunTime:0.000899s ]
[2022-11-27T12:29:54+08:00][sql] SHOW FULL COLUMNS FROM `gxfc_member` [ RunTime:0.000855s ]
[2022-11-27T12:29:54+08:00][sql] SELECT `nickname` FROM `gxfc_member` WHERE  `member_id` = 2381 LIMIT 1 [ RunTime:0.000308s ]
[2022-11-27T12:29:54+08:00][sql] SHOW FULL COLUMNS FROM `gxfc_order_goods` [ RunTime:0.000672s ]
[2022-11-27T12:29:54+08:00][sql] SELECT `order_goods_id`,`order_id`,`order_no`,`site_id`,`site_name`,`website_id`,`member_id`,`goods_id`,`sku_id`,`sku_name`,`sku_image`,`sku_no`,`is_virtual`,`goods_class`,`goods_class_name`,`price`,`cost_price`,`num`,`goods_money`,`cost_money`,`delivery_status`,`delivery_no`,`gift_flag`,`refund_no`,`refund_status`,`refund_status_name`,`refund_status_action`,`refund_type`,`refund_apply_money`,`refund_reason`,`refund_real_money`,`refund_delivery_name`,`refund_delivery_no`,`refund_time`,`refund_refuse_reason`,`refund_action_time`,`delivery_status_name`,`commission_rate`,`real_goods_money`,`shop_money`,`platform_money`,`is_settlement`,`refund_remark`,`refund_delivery_remark`,`refund_address`,`is_refund_stock`,`refund_money_type`,`promotion_money`,`coupon_money`,`adjust_money`,`platform_coupon_money`,`is_present`,`refund_delivery_money`,`goods_name`,`sku_spec_format`,`is_fenxiao`,`hospital_money` FROM `gxfc_order_goods` WHERE  `order_id` = 2073 [ RunTime:0.003853s ]
[2022-11-27T12:29:54+08:00][sql] SHOW FULL COLUMNS FROM `gxfc_goods_virtual` [ RunTime:0.000646s ]
[2022-11-27T12:29:54+08:00][sql] SELECT * FROM `gxfc_goods_virtual` WHERE  `order_id` = 2073 LIMIT 1 [ RunTime:0.000485s ]
[2022-11-27T12:29:54+08:00][sql] SHOW FULL COLUMNS FROM `gxfc_cron` [ RunTime:0.000624s ]
[2022-11-27T12:29:54+08:00][sql] SELECT `execute_time` FROM `gxfc_cron` WHERE  `event` = 'CronOrderTakeDelivery'  AND `relate_id` = 2073 LIMIT 1 [ RunTime:0.000315s ]
[2022-11-27T12:30:24+08:00][sql] CONNECT:[ UseTime:0.000476s ] mysql:host=127.0.0.1;port=3306;dbname=hunqin;charset=utf8
[2022-11-27T12:30:24+08:00][sql] SHOW FULL COLUMNS FROM `gxfc_menu` [ RunTime:0.000960s ]
[2022-11-27T12:30:24+08:00][sql] SELECT `id`,`app_module`,`name`,`title`,`parent`,`level`,`url`,`is_show`,`sort`,`desc`,`picture`,`is_icon`,`picture_select`,`is_control`,`addon` FROM `gxfc_menu` WHERE  `url` = 'admin/Refund/lists'  AND `app_module` = 'admin' ORDER BY `level` DESC LIMIT 1 [ RunTime:0.000559s ]
[2022-11-27T12:30:24+08:00][sql] SELECT `id`,`app_module`,`name`,`title`,`parent`,`level`,`url`,`is_show`,`sort`,`desc`,`picture`,`is_icon`,`picture_select`,`is_control`,`addon` FROM `gxfc_menu` WHERE  `name` = 'ORDER_REFUND'  AND `app_module` = 'admin' LIMIT 1 [ RunTime:0.000460s ]
[2022-11-27T12:30:24+08:00][sql] CONNECT:[ UseTime:0.000459s ] mysql:host=127.0.0.1;port=3306;dbname=hunqin;charset=utf8
[2022-11-27T12:30:24+08:00][sql] SHOW FULL COLUMNS FROM `gxfc_order_goods` [ RunTime:0.000959s ]
[2022-11-27T12:30:24+08:00][sql] SELECT COUNT(*) AS think_count FROM `gxfc_order_goods` `nop` LEFT JOIN `gxfc_order` `no` ON `nop`.`order_id`=`no`.`order_id` WHERE  `nop`.`refund_status` <> 0 ORDER BY `nop`.`refund_action_time` DESC [ RunTime:0.001342s ]
[2022-11-27T12:30:24+08:00][sql] SELECT `nop`.*,`no`.`order_no`,`no`.`site_id`,`no`.`site_name` FROM `gxfc_order_goods` `nop` LEFT JOIN `gxfc_order` `no` ON `nop`.`order_id`=`no`.`order_id` WHERE  `nop`.`refund_status` <> 0 ORDER BY `nop`.`refund_action_time` DESC LIMIT 0,10 [ RunTime:0.001502s ]
[2022-11-27T12:30:25+08:00][sql] CONNECT:[ UseTime:0.000385s ] mysql:host=127.0.0.1;port=3306;dbname=hunqin;charset=utf8
[2022-11-27T12:30:25+08:00][sql] SHOW FULL COLUMNS FROM `gxfc_menu` [ RunTime:0.000696s ]
[2022-11-27T12:30:25+08:00][sql] SELECT `id`,`app_module`,`name`,`title`,`parent`,`level`,`url`,`is_show`,`sort`,`desc`,`picture`,`is_icon`,`picture_select`,`is_control`,`addon` FROM `gxfc_menu` WHERE  `url` = 'admin/Complain/lists'  AND `app_module` = 'admin' ORDER BY `level` DESC LIMIT 1 [ RunTime:0.000485s ]
[2022-11-27T12:30:25+08:00][sql] SELECT `id`,`app_module`,`name`,`title`,`parent`,`level`,`url`,`is_show`,`sort`,`desc`,`picture`,`is_icon`,`picture_select`,`is_control`,`addon` FROM `gxfc_menu` WHERE  `name` = 'ORDER_COMPLAIN'  AND `app_module` = 'admin' LIMIT 1 [ RunTime:0.000372s ]
[2022-11-27T12:30:26+08:00][sql] CONNECT:[ UseTime:0.000526s ] mysql:host=127.0.0.1;port=3306;dbname=hunqin;charset=utf8
[2022-11-27T12:30:26+08:00][sql] SHOW FULL COLUMNS FROM `gxfc_order_complain` [ RunTime:0.000936s ]
[2022-11-27T12:30:26+08:00][sql] SELECT COUNT(*) AS think_count FROM `gxfc_order_complain` `a` ORDER BY `complain_apply_time` DESC [ RunTime:0.000278s ]
[2022-11-27T12:30:26+08:00][sql] SELECT * FROM `gxfc_order_complain` `a` ORDER BY `complain_apply_time` DESC LIMIT 0,10 [ RunTime:0.000420s ]
[2022-11-27T12:30:30+08:00][sql] CONNECT:[ UseTime:0.000456s ] mysql:host=127.0.0.1;port=3306;dbname=hunqin;charset=utf8
[2022-11-27T12:30:30+08:00][sql] SHOW FULL COLUMNS FROM `gxfc_order` [ RunTime:0.001413s ]
[2022-11-27T12:30:30+08:00][sql] SELECT COUNT(*) AS think_count FROM `gxfc_order` `o` ORDER BY `o`.`create_time` DESC [ RunTime:0.000399s ]
[2022-11-27T12:30:30+08:00][sql] SELECT `o`.* FROM `gxfc_order` `o` ORDER BY `o`.`create_time` DESC LIMIT 0,10 [ RunTime:0.000963s ]
[2022-11-27T12:30:30+08:00][sql] SHOW FULL COLUMNS FROM `gxfc_order_goods` [ RunTime:0.000825s ]
[2022-11-27T12:30:30+08:00][sql] SELECT * FROM `gxfc_order_goods` WHERE  `order_id` = 2073 [ RunTime:0.005424s ]
[2022-11-27T12:30:30+08:00][sql] SHOW FULL COLUMNS FROM `gxfc_member` [ RunTime:0.001073s ]
[2022-11-27T12:30:30+08:00][sql] SELECT `nickname` FROM `gxfc_member` WHERE  `member_id` = 2381 LIMIT 1 [ RunTime:0.000388s ]
[2022-11-27T12:30:30+08:00][sql] SELECT * FROM `gxfc_order_goods` WHERE  `order_id` = 2072 [ RunTime:0.004755s ]
[2022-11-27T12:30:30+08:00][sql] SELECT `nickname` FROM `gxfc_member` WHERE  `member_id` = 2381 LIMIT 1 [ RunTime:0.000389s ]
[2022-11-27T12:30:30+08:00][sql] SELECT * FROM `gxfc_order_goods` WHERE  `order_id` = 2071 [ RunTime:0.004965s ]
[2022-11-27T12:30:30+08:00][sql] SELECT `nickname` FROM `gxfc_member` WHERE  `member_id` = 2387 LIMIT 1 [ RunTime:0.000314s ]
[2022-11-27T12:30:30+08:00][sql] SELECT * FROM `gxfc_order_goods` WHERE  `order_id` = 2070 [ RunTime:0.004484s ]
[2022-11-27T12:30:30+08:00][sql] SELECT `nickname` FROM `gxfc_member` WHERE  `member_id` = 2375 LIMIT 1 [ RunTime:0.000289s ]
[2022-11-27T12:30:30+08:00][sql] SELECT * FROM `gxfc_order_goods` WHERE  `order_id` = 2069 [ RunTime:0.005229s ]
[2022-11-27T12:30:30+08:00][sql] SELECT `nickname` FROM `gxfc_member` WHERE  `member_id` = 2375 LIMIT 1 [ RunTime:0.000296s ]
[2022-11-27T12:30:30+08:00][sql] SELECT * FROM `gxfc_order_goods` WHERE  `order_id` = 2068 [ RunTime:0.004674s ]
[2022-11-27T12:30:30+08:00][sql] SELECT `nickname` FROM `gxfc_member` WHERE  `member_id` = 2375 LIMIT 1 [ RunTime:0.000276s ]
[2022-11-27T12:30:30+08:00][sql] SELECT * FROM `gxfc_order_goods` WHERE  `order_id` = 2067 [ RunTime:0.004522s ]
[2022-11-27T12:30:30+08:00][sql] SELECT `nickname` FROM `gxfc_member` WHERE  `member_id` = 2375 LIMIT 1 [ RunTime:0.000257s ]
[2022-11-27T12:30:30+08:00][sql] SELECT * FROM `gxfc_order_goods` WHERE  `order_id` = 2066 [ RunTime:0.004698s ]
[2022-11-27T12:30:30+08:00][sql] SELECT `nickname` FROM `gxfc_member` WHERE  `member_id` = 2375 LIMIT 1 [ RunTime:0.000265s ]
[2022-11-27T12:30:30+08:00][sql] SELECT * FROM `gxfc_order_goods` WHERE  `order_id` = 2065 [ RunTime:0.004397s ]
[2022-11-27T12:30:30+08:00][sql] SELECT `nickname` FROM `gxfc_member` WHERE  `member_id` = 2368 LIMIT 1 [ RunTime:0.000272s ]
[2022-11-27T12:30:30+08:00][sql] SELECT * FROM `gxfc_order_goods` WHERE  `order_id` = 2064 [ RunTime:0.005720s ]
[2022-11-27T12:30:30+08:00][sql] SELECT `nickname` FROM `gxfc_member` WHERE  `member_id` = 2368 LIMIT 1 [ RunTime:0.000291s ]
[2022-11-27T12:31:26+08:00][sql] CONNECT:[ UseTime:0.000466s ] mysql:host=127.0.0.1;port=3306;dbname=hunqin;charset=utf8
[2022-11-27T12:31:26+08:00][sql] SHOW FULL COLUMNS FROM `gxfc_addon` [ RunTime:0.000690s ]
[2022-11-27T12:31:26+08:00][sql] SELECT `name`,`title` FROM `gxfc_addon` WHERE  `name` = '' LIMIT 1 [ RunTime:0.000377s ]
[2022-11-27T12:31:30+08:00][sql] CONNECT:[ UseTime:0.000458s ] mysql:host=127.0.0.1;port=3306;dbname=hunqin;charset=utf8
[2022-11-27T12:31:30+08:00][sql] SHOW FULL COLUMNS FROM `gxfc_menu` [ RunTime:0.000665s ]
[2022-11-27T12:31:30+08:00][sql] SELECT `id`,`app_module`,`name`,`title`,`parent`,`level`,`url`,`is_show`,`sort`,`desc`,`picture`,`is_icon`,`picture_select`,`is_control`,`addon` FROM `gxfc_menu` WHERE  `url` = 'admin/Promotion/member'  AND `app_module` = 'admin' ORDER BY `level` DESC LIMIT 1 [ RunTime:0.000441s ]
[2022-11-27T12:31:30+08:00][sql] SELECT `id`,`app_module`,`name`,`title`,`parent`,`level`,`url`,`is_show`,`sort`,`desc`,`picture`,`is_icon`,`picture_select`,`is_control`,`addon` FROM `gxfc_menu` WHERE  `name` = 'PROMOTION_MEMBER'  AND `app_module` = 'admin' LIMIT 1 [ RunTime:0.000360s ]
[2022-11-27T12:31:30+08:00][sql] SHOW FULL COLUMNS FROM `gxfc_addon` [ RunTime:0.000646s ]
[2022-11-27T12:31:30+08:00][sql] SELECT `name`,`title` FROM `gxfc_addon` WHERE  `name` = '' LIMIT 1 [ RunTime:0.000299s ]
[2022-11-27T12:31:33+08:00][sql] CONNECT:[ UseTime:0.000484s ] mysql:host=127.0.0.1;port=3306;dbname=hunqin;charset=utf8
[2022-11-27T12:31:33+08:00][sql] SHOW FULL COLUMNS FROM `gxfc_menu` [ RunTime:0.000764s ]
[2022-11-27T12:31:33+08:00][sql] SELECT `id`,`app_module`,`name`,`title`,`parent`,`level`,`url`,`is_show`,`sort`,`desc`,`picture`,`is_icon`,`picture_select`,`is_control`,`addon` FROM `gxfc_menu` WHERE  `url` = 'admin/Promotion/shop'  AND `app_module` = 'admin' ORDER BY `level` DESC LIMIT 1 [ RunTime:0.000537s ]
[2022-11-27T12:31:33+08:00][sql] SELECT `id`,`app_module`,`name`,`title`,`parent`,`level`,`url`,`is_show`,`sort`,`desc`,`picture`,`is_icon`,`picture_select`,`is_control`,`addon` FROM `gxfc_menu` WHERE  `name` = 'PROMOTION_SHOP'  AND `app_module` = 'admin' LIMIT 1 [ RunTime:0.000421s ]
[2022-11-27T12:31:33+08:00][sql] SHOW FULL COLUMNS FROM `gxfc_addon` [ RunTime:0.000670s ]
[2022-11-27T12:31:33+08:00][sql] SELECT `name`,`title` FROM `gxfc_addon` WHERE  `name` = '' LIMIT 1 [ RunTime:0.000275s ]
[2022-11-27T12:31:36+08:00][sql] CONNECT:[ UseTime:0.000548s ] mysql:host=127.0.0.1;port=3306;dbname=hunqin;charset=utf8
[2022-11-27T12:31:36+08:00][sql] SHOW FULL COLUMNS FROM `gxfc_member` [ RunTime:0.001276s ]
[2022-11-27T12:31:36+08:00][sql] SELECT COUNT(*) AS think_count FROM `gxfc_member` WHERE  `is_delete` = 0 [ RunTime:0.000381s ]
[2022-11-27T12:31:36+08:00][sql] SELECT COUNT(*) AS think_count FROM `gxfc_member` WHERE  `reg_time` BETWEEN 1669478400 AND 1669523496   AND `is_delete` = 0 [ RunTime:0.000363s ]
[2022-11-27T12:31:36+08:00][sql] SELECT COUNT(*) AS think_count FROM `gxfc_member` WHERE  `order_money` > 0  AND `is_delete` = 0 [ RunTime:0.000324s ]
[2022-11-27T12:31:38+08:00][sql] CONNECT:[ UseTime:0.003252s ] mysql:host=127.0.0.1;port=3306;dbname=hunqin;charset=utf8
[2022-11-27T12:31:38+08:00][sql] SHOW FULL COLUMNS FROM `gxfc_member` [ RunTime:0.001361s ]
[2022-11-27T12:31:38+08:00][sql] SELECT COUNT(*) AS think_count FROM `gxfc_member` WHERE  `is_delete` = 0  AND `is_delete` = 0 [ RunTime:0.000455s ]
[2022-11-27T12:31:38+08:00][sql] SELECT COUNT(*) AS think_count FROM ( SELECT count(*) AS think_count FROM `gxfc_member` `nm` LEFT JOIN `gxfc_member_address` `nma` ON `nm`.`member_id`=`nma`.`member_id` WHERE  `nma`.`is_default` = 1  AND `nma`.`province_id` = 110000  AND `nm`.`is_delete` = 0  AND `is_delete` = 0 GROUP BY `nm`.`member_id` ) `_group_count_` [ RunTime:0.000844s ]
[2022-11-27T12:31:38+08:00][sql] SELECT COUNT(*) AS think_count FROM ( SELECT count(*) AS think_count FROM `gxfc_member` `nm` LEFT JOIN `gxfc_member_address` `nma` ON `nm`.`member_id`=`nma`.`member_id` WHERE  `nma`.`is_default` = 1  AND `nma`.`province_id` = 120000  AND `nm`.`is_delete` = 0  AND `is_delete` = 0 GROUP BY `nm`.`member_id` ) `_group_count_` [ RunTime:0.000560s ]
[2022-11-27T12:31:38+08:00][sql] SELECT COUNT(*) AS think_count FROM ( SELECT count(*) AS think_count FROM `gxfc_member` `nm` LEFT JOIN `gxfc_member_address` `nma` ON `nm`.`member_id`=`nma`.`member_id` WHERE  `nma`.`is_default` = 1  AND `nma`.`province_id` = 130000  AND `nm`.`is_delete` = 0  AND `is_delete` = 0 GROUP BY `nm`.`member_id` ) `_group_count_` [ RunTime:0.000513s ]
[2022-11-27T12:31:38+08:00][sql] SELECT COUNT(*) AS think_count FROM ( SELECT count(*) AS think_count FROM `gxfc_member` `nm` LEFT JOIN `gxfc_member_address` `nma` ON `nm`.`member_id`=`nma`.`member_id` WHERE  `nma`.`is_default` = 1  AND `nma`.`province_id` = 140000  AND `nm`.`is_delete` = 0  AND `is_delete` = 0 GROUP BY `nm`.`member_id` ) `_group_count_` [ RunTime:0.000514s ]
[2022-11-27T12:31:38+08:00][sql] SELECT COUNT(*) AS think_count FROM ( SELECT count(*) AS think_count FROM `gxfc_member` `nm` LEFT JOIN `gxfc_member_address` `nma` ON `nm`.`member_id`=`nma`.`member_id` WHERE  `nma`.`is_default` = 1  AND `nma`.`province_id` = 150000  AND `nm`.`is_delete` = 0  AND `is_delete` = 0 GROUP BY `nm`.`member_id` ) `_group_count_` [ RunTime:0.000482s ]
[2022-11-27T12:31:38+08:00][sql] SELECT COUNT(*) AS think_count FROM ( SELECT count(*) AS think_count FROM `gxfc_member` `nm` LEFT JOIN `gxfc_member_address` `nma` ON `nm`.`member_id`=`nma`.`member_id` WHERE  `nma`.`is_default` = 1  AND `nma`.`province_id` = 210000  AND `nm`.`is_delete` = 0  AND `is_delete` = 0 GROUP BY `nm`.`member_id` ) `_group_count_` [ RunTime:0.000452s ]
[2022-11-27T12:31:38+08:00][sql] SELECT COUNT(*) AS think_count FROM ( SELECT count(*) AS think_count FROM `gxfc_member` `nm` LEFT JOIN `gxfc_member_address` `nma` ON `nm`.`member_id`=`nma`.`member_id` WHERE  `nma`.`is_default` = 1  AND `nma`.`province_id` = 220000  AND `nm`.`is_delete` = 0  AND `is_delete` = 0 GROUP BY `nm`.`member_id` ) `_group_count_` [ RunTime:0.000440s ]
[2022-11-27T12:31:38+08:00][sql] SELECT COUNT(*) AS think_count FROM ( SELECT count(*) AS think_count FROM `gxfc_member` `nm` LEFT JOIN `gxfc_member_address` `nma` ON `nm`.`member_id`=`nma`.`member_id` WHERE  `nma`.`is_default` = 1  AND `nma`.`province_id` = 230000  AND `nm`.`is_delete` = 0  AND `is_delete` = 0 GROUP BY `nm`.`member_id` ) `_group_count_` [ RunTime:0.000448s ]
[2022-11-27T12:31:38+08:00][sql] SELECT COUNT(*) AS think_count FROM ( SELECT count(*) AS think_count FROM `gxfc_member` `nm` LEFT JOIN `gxfc_member_address` `nma` ON `nm`.`member_id`=`nma`.`member_id` WHERE  `nma`.`is_default` = 1  AND `nma`.`province_id` = 310000  AND `nm`.`is_delete` = 0  AND `is_delete` = 0 GROUP BY `nm`.`member_id` ) `_group_count_` [ RunTime:0.000454s ]
[2022-11-27T12:31:38+08:00][sql] SELECT COUNT(*) AS think_count FROM ( SELECT count(*) AS think_count FROM `gxfc_member` `nm` LEFT JOIN `gxfc_member_address` `nma` ON `nm`.`member_id`=`nma`.`member_id` WHERE  `nma`.`is_default` = 1  AND `nma`.`province_id` = 320000  AND `nm`.`is_delete` = 0  AND `is_delete` = 0 GROUP BY `nm`.`member_id` ) `_group_count_` [ RunTime:0.000485s ]
[2022-11-27T12:31:38+08:00][sql] SELECT COUNT(*) AS think_count FROM ( SELECT count(*) AS think_count FROM `gxfc_member` `nm` LEFT JOIN `gxfc_member_address` `nma` ON `nm`.`member_id`=`nma`.`member_id` WHERE  `nma`.`is_default` = 1  AND `nma`.`province_id` = 330000  AND `nm`.`is_delete` = 0  AND `is_delete` = 0 GROUP BY `nm`.`member_id` ) `_group_count_` [ RunTime:0.000468s ]
[2022-11-27T12:31:38+08:00][sql] SELECT COUNT(*) AS think_count FROM ( SELECT count(*) AS think_count FROM `gxfc_member` `nm` LEFT JOIN `gxfc_member_address` `nma` ON `nm`.`member_id`=`nma`.`member_id` WHERE  `nma`.`is_default` = 1  AND `nma`.`province_id` = 340000  AND `nm`.`is_delete` = 0  AND `is_delete` = 0 GROUP BY `nm`.`member_id` ) `_group_count_` [ RunTime:0.000479s ]
[2022-11-27T12:31:38+08:00][sql] SELECT COUNT(*) AS think_count FROM ( SELECT count(*) AS think_count FROM `gxfc_member` `nm` LEFT JOIN `gxfc_member_address` `nma` ON `nm`.`member_id`=`nma`.`member_id` WHERE  `nma`.`is_default` = 1  AND `nma`.`province_id` = 350000  AND `nm`.`is_delete` = 0  AND `is_delete` = 0 GROUP BY `nm`.`member_id` ) `_group_count_` [ RunTime:0.000699s ]
[2022-11-27T12:31:38+08:00][sql] SELECT COUNT(*) AS think_count FROM ( SELECT count(*) AS think_count FROM `gxfc_member` `nm` LEFT JOIN `gxfc_member_address` `nma` ON `nm`.`member_id`=`nma`.`member_id` WHERE  `nma`.`is_default` = 1  AND `nma`.`province_id` = 360000  AND `nm`.`is_delete` = 0  AND `is_delete` = 0 GROUP BY `nm`.`member_id` ) `_group_count_` [ RunTime:0.000599s ]
[2022-11-27T12:31:38+08:00][sql] SELECT COUNT(*) AS think_count FROM ( SELECT count(*) AS think_count FROM `gxfc_member` `nm` LEFT JOIN `gxfc_member_address` `nma` ON `nm`.`member_id`=`nma`.`member_id` WHERE  `nma`.`is_default` = 1  AND `nma`.`province_id` = 370000  AND `nm`.`is_delete` = 0  AND `is_delete` = 0 GROUP BY `nm`.`member_id` ) `_group_count_` [ RunTime:0.000597s ]
[2022-11-27T12:31:38+08:00][sql] SELECT COUNT(*) AS think_count FROM ( SELECT count(*) AS think_count FROM `gxfc_member` `nm` LEFT JOIN `gxfc_member_address` `nma` ON `nm`.`member_id`=`nma`.`member_id` WHERE  `nma`.`is_default` = 1  AND `nma`.`province_id` = 410000  AND `nm`.`is_delete` = 0  AND `is_delete` = 0 GROUP BY `nm`.`member_id` ) `_group_count_` [ RunTime:0.000500s ]
[2022-11-27T12:31:38+08:00][sql] SELECT COUNT(*) AS think_count FROM ( SELECT count(*) AS think_count FROM `gxfc_member` `nm` LEFT JOIN `gxfc_member_address` `nma` ON `nm`.`member_id`=`nma`.`member_id` WHERE  `nma`.`is_default` = 1  AND `nma`.`province_id` = 420000  AND `nm`.`is_delete` = 0  AND `is_delete` = 0 GROUP BY `nm`.`member_id` ) `_group_count_` [ RunTime:0.000621s ]
[2022-11-27T12:31:38+08:00][sql] SELECT COUNT(*) AS think_count FROM ( SELECT count(*) AS think_count FROM `gxfc_member` `nm` LEFT JOIN `gxfc_member_address` `nma` ON `nm`.`member_id`=`nma`.`member_id` WHERE  `nma`.`is_default` = 1  AND `nma`.`province_id` = 430000  AND `nm`.`is_delete` = 0  AND `is_delete` = 0 GROUP BY `nm`.`member_id` ) `_group_count_` [ RunTime:0.000446s ]
[2022-11-27T12:31:38+08:00][sql] SELECT COUNT(*) AS think_count FROM ( SELECT count(*) AS think_count FROM `gxfc_member` `nm` LEFT JOIN `gxfc_member_address` `nma` ON `nm`.`member_id`=`nma`.`member_id` WHERE  `nma`.`is_default` = 1  AND `nma`.`province_id` = 440000  AND `nm`.`is_delete` = 0  AND `is_delete` = 0 GROUP BY `nm`.`member_id` ) `_group_count_` [ RunTime:0.000488s ]
[2022-11-27T12:31:38+08:00][sql] SELECT COUNT(*) AS think_count FROM ( SELECT count(*) AS think_count FROM `gxfc_member` `nm` LEFT JOIN `gxfc_member_address` `nma` ON `nm`.`member_id`=`nma`.`member_id` WHERE  `nma`.`is_default` = 1  AND `nma`.`province_id` = 450000  AND `nm`.`is_delete` = 0  AND `is_delete` = 0 GROUP BY `nm`.`member_id` ) `_group_count_` [ RunTime:0.000426s ]
[2022-11-27T12:31:38+08:00][sql] SELECT COUNT(*) AS think_count FROM ( SELECT count(*) AS think_count FROM `gxfc_member` `nm` LEFT JOIN `gxfc_member_address` `nma` ON `nm`.`member_id`=`nma`.`member_id` WHERE  `nma`.`is_default` = 1  AND `nma`.`province_id` = 460000  AND `nm`.`is_delete` = 0  AND `is_delete` = 0 GROUP BY `nm`.`member_id` ) `_group_count_` [ RunTime:0.000445s ]
[2022-11-27T12:31:38+08:00][sql] SELECT COUNT(*) AS think_count FROM ( SELECT count(*) AS think_count FROM `gxfc_member` `nm` LEFT JOIN `gxfc_member_address` `nma` ON `nm`.`member_id`=`nma`.`member_id` WHERE  `nma`.`is_default` = 1  AND `nma`.`province_id` = 500000  AND `nm`.`is_delete` = 0  AND `is_delete` = 0 GROUP BY `nm`.`member_id` ) `_group_count_` [ RunTime:0.000459s ]
[2022-11-27T12:31:38+08:00][sql] SELECT COUNT(*) AS think_count FROM ( SELECT count(*) AS think_count FROM `gxfc_member` `nm` LEFT JOIN `gxfc_member_address` `nma` ON `nm`.`member_id`=`nma`.`member_id` WHERE  `nma`.`is_default` = 1  AND `nma`.`province_id` = 510000  AND `nm`.`is_delete` = 0  AND `is_delete` = 0 GROUP BY `nm`.`member_id` ) `_group_count_` [ RunTime:0.000487s ]
[2022-11-27T12:31:38+08:00][sql] SELECT COUNT(*) AS think_count FROM ( SELECT count(*) AS think_count FROM `gxfc_member` `nm` LEFT JOIN `gxfc_member_address` `nma` ON `nm`.`member_id`=`nma`.`member_id` WHERE  `nma`.`is_default` = 1  AND `nma`.`province_id` = 520000  AND `nm`.`is_delete` = 0  AND `is_delete` = 0 GROUP BY `nm`.`member_id` ) `_group_count_` [ RunTime:0.000454s ]
[2022-11-27T12:31:38+08:00][sql] SELECT COUNT(*) AS think_count FROM ( SELECT count(*) AS think_count FROM `gxfc_member` `nm` LEFT JOIN `gxfc_member_address` `nma` ON `nm`.`member_id`=`nma`.`member_id` WHERE  `nma`.`is_default` = 1  AND `nma`.`province_id` = 530000  AND `nm`.`is_delete` = 0  AND `is_delete` = 0 GROUP BY `nm`.`member_id` ) `_group_count_` [ RunTime:0.000470s ]
[2022-11-27T12:31:38+08:00][sql] SELECT COUNT(*) AS think_count FROM ( SELECT count(*) AS think_count FROM `gxfc_member` `nm` LEFT JOIN `gxfc_member_address` `nma` ON `nm`.`member_id`=`nma`.`member_id` WHERE  `nma`.`is_default` = 1  AND `nma`.`province_id` = 540000  AND `nm`.`is_delete` = 0  AND `is_delete` = 0 GROUP BY `nm`.`member_id` ) `_group_count_` [ RunTime:0.000464s ]
[2022-11-27T12:31:38+08:00][sql] SELECT COUNT(*) AS think_count FROM ( SELECT count(*) AS think_count FROM `gxfc_member` `nm` LEFT JOIN `gxfc_member_address` `nma` ON `nm`.`member_id`=`nma`.`member_id` WHERE  `nma`.`is_default` = 1  AND `nma`.`province_id` = 610000  AND `nm`.`is_delete` = 0  AND `is_delete` = 0 GROUP BY `nm`.`member_id` ) `_group_count_` [ RunTime:0.000532s ]
[2022-11-27T12:31:38+08:00][sql] SELECT COUNT(*) AS think_count FROM ( SELECT count(*) AS think_count FROM `gxfc_member` `nm` LEFT JOIN `gxfc_member_address` `nma` ON `nm`.`member_id`=`nma`.`member_id` WHERE  `nma`.`is_default` = 1  AND `nma`.`province_id` = 620000  AND `nm`.`is_delete` = 0  AND `is_delete` = 0 GROUP BY `nm`.`member_id` ) `_group_count_` [ RunTime:0.000664s ]
[2022-11-27T12:31:38+08:00][sql] SELECT COUNT(*) AS think_count FROM ( SELECT count(*) AS think_count FROM `gxfc_member` `nm` LEFT JOIN `gxfc_member_address` `nma` ON `nm`.`member_id`=`nma`.`member_id` WHERE  `nma`.`is_default` = 1  AND `nma`.`province_id` = 630000  AND `nm`.`is_delete` = 0  AND `is_delete` = 0 GROUP BY `nm`.`member_id` ) `_group_count_` [ RunTime:0.000518s ]
[2022-11-27T12:31:38+08:00][sql] SELECT COUNT(*) AS think_count FROM ( SELECT count(*) AS think_count FROM `gxfc_member` `nm` LEFT JOIN `gxfc_member_address` `nma` ON `nm`.`member_id`=`nma`.`member_id` WHERE  `nma`.`is_default` = 1  AND `nma`.`province_id` = 640000  AND `nm`.`is_delete` = 0  AND `is_delete` = 0 GROUP BY `nm`.`member_id` ) `_group_count_` [ RunTime:0.000492s ]
[2022-11-27T12:31:38+08:00][sql] SELECT COUNT(*) AS think_count FROM ( SELECT count(*) AS think_count FROM `gxfc_member` `nm` LEFT JOIN `gxfc_member_address` `nma` ON `nm`.`member_id`=`nma`.`member_id` WHERE  `nma`.`is_default` = 1  AND `nma`.`province_id` = 650000  AND `nm`.`is_delete` = 0  AND `is_delete` = 0 GROUP BY `nm`.`member_id` ) `_group_count_` [ RunTime:0.000439s ]
[2022-11-27T12:31:38+08:00][sql] SELECT COUNT(*) AS think_count FROM ( SELECT count(*) AS think_count FROM `gxfc_member` `nm` LEFT JOIN `gxfc_member_address` `nma` ON `nm`.`member_id`=`nma`.`member_id` WHERE  `nma`.`is_default` = 1  AND `nma`.`province_id` = 810000  AND `nm`.`is_delete` = 0  AND `is_delete` = 0 GROUP BY `nm`.`member_id` ) `_group_count_` [ RunTime:0.000442s ]
[2022-11-27T12:31:38+08:00][sql] SELECT COUNT(*) AS think_count FROM ( SELECT count(*) AS think_count FROM `gxfc_member` `nm` LEFT JOIN `gxfc_member_address` `nma` ON `nm`.`member_id`=`nma`.`member_id` WHERE  `nma`.`is_default` = 1  AND `nma`.`province_id` = 820000  AND `nm`.`is_delete` = 0  AND `is_delete` = 0 GROUP BY `nm`.`member_id` ) `_group_count_` [ RunTime:0.000512s ]
[2022-11-27T12:31:38+08:00][sql] SELECT COUNT(*) AS think_count FROM ( SELECT count(*) AS think_count FROM `gxfc_member` `nm` LEFT JOIN `gxfc_member_address` `nma` ON `nm`.`member_id`=`nma`.`member_id` WHERE  `nma`.`is_default` = 1  AND `nma`.`province_id` = 710000  AND `nm`.`is_delete` = 0  AND `is_delete` = 0 GROUP BY `nm`.`member_id` ) `_group_count_` [ RunTime:0.000491s ]
[2022-11-27T12:31:38+08:00][sql] CONNECT:[ UseTime:0.000477s ] mysql:host=127.0.0.1;port=3306;dbname=hunqin;charset=utf8
[2022-11-27T12:31:38+08:00][sql] SHOW FULL COLUMNS FROM `gxfc_member` [ RunTime:0.000872s ]
[2022-11-27T12:31:38+08:00][sql] SELECT COUNT(*) AS think_count FROM `gxfc_member` WHERE  `is_delete` = 0  AND `is_delete` = 0 [ RunTime:0.000405s ]
[2022-11-27T12:31:38+08:00][sql] SELECT COUNT(*) AS think_count FROM ( SELECT count(*) AS think_count FROM `gxfc_member` `nm` LEFT JOIN `gxfc_member_address` `nma` ON `nm`.`member_id`=`nma`.`member_id` WHERE  `nma`.`is_default` = 1  AND `nma`.`province_id` = 110000  AND `nm`.`is_delete` = 0  AND `is_delete` = 0 GROUP BY `nm`.`member_id` ) `_group_count_` [ RunTime:0.000499s ]
[2022-11-27T12:31:38+08:00][sql] SELECT COUNT(*) AS think_count FROM ( SELECT count(*) AS think_count FROM `gxfc_member` `nm` LEFT JOIN `gxfc_member_address` `nma` ON `nm`.`member_id`=`nma`.`member_id` WHERE  `nma`.`is_default` = 1  AND `nma`.`province_id` = 120000  AND `nm`.`is_delete` = 0  AND `is_delete` = 0 GROUP BY `nm`.`member_id` ) `_group_count_` [ RunTime:0.000419s ]
[2022-11-27T12:31:38+08:00][sql] SELECT COUNT(*) AS think_count FROM ( SELECT count(*) AS think_count FROM `gxfc_member` `nm` LEFT JOIN `gxfc_member_address` `nma` ON `nm`.`member_id`=`nma`.`member_id` WHERE  `nma`.`is_default` = 1  AND `nma`.`province_id` = 130000  AND `nm`.`is_delete` = 0  AND `is_delete` = 0 GROUP BY `nm`.`member_id` ) `_group_count_` [ RunTime:0.000370s ]
[2022-11-27T12:31:38+08:00][sql] SELECT COUNT(*) AS think_count FROM ( SELECT count(*) AS think_count FROM `gxfc_member` `nm` LEFT JOIN `gxfc_member_address` `nma` ON `nm`.`member_id`=`nma`.`member_id` WHERE  `nma`.`is_default` = 1  AND `nma`.`province_id` = 140000  AND `nm`.`is_delete` = 0  AND `is_delete` = 0 GROUP BY `nm`.`member_id` ) `_group_count_` [ RunTime:0.000383s ]
[2022-11-27T12:31:38+08:00][sql] SELECT COUNT(*) AS think_count FROM ( SELECT count(*) AS think_count FROM `gxfc_member` `nm` LEFT JOIN `gxfc_member_address` `nma` ON `nm`.`member_id`=`nma`.`member_id` WHERE  `nma`.`is_default` = 1  AND `nma`.`province_id` = 150000  AND `nm`.`is_delete` = 0  AND `is_delete` = 0 GROUP BY `nm`.`member_id` ) `_group_count_` [ RunTime:0.000364s ]
[2022-11-27T12:31:38+08:00][sql] SELECT COUNT(*) AS think_count FROM ( SELECT count(*) AS think_count FROM `gxfc_member` `nm` LEFT JOIN `gxfc_member_address` `nma` ON `nm`.`member_id`=`nma`.`member_id` WHERE  `nma`.`is_default` = 1  AND `nma`.`province_id` = 210000  AND `nm`.`is_delete` = 0  AND `is_delete` = 0 GROUP BY `nm`.`member_id` ) `_group_count_` [ RunTime:0.000388s ]
[2022-11-27T12:31:38+08:00][sql] SELECT COUNT(*) AS think_count FROM ( SELECT count(*) AS think_count FROM `gxfc_member` `nm` LEFT JOIN `gxfc_member_address` `nma` ON `nm`.`member_id`=`nma`.`member_id` WHERE  `nma`.`is_default` = 1  AND `nma`.`province_id` = 220000  AND `nm`.`is_delete` = 0  AND `is_delete` = 0 GROUP BY `nm`.`member_id` ) `_group_count_` [ RunTime:0.000455s ]
[2022-11-27T12:31:38+08:00][sql] SELECT COUNT(*) AS think_count FROM ( SELECT count(*) AS think_count FROM `gxfc_member` `nm` LEFT JOIN `gxfc_member_address` `nma` ON `nm`.`member_id`=`nma`.`member_id` WHERE  `nma`.`is_default` = 1  AND `nma`.`province_id` = 230000  AND `nm`.`is_delete` = 0  AND `is_delete` = 0 GROUP BY `nm`.`member_id` ) `_group_count_` [ RunTime:0.000436s ]
[2022-11-27T12:31:38+08:00][sql] SELECT COUNT(*) AS think_count FROM ( SELECT count(*) AS think_count FROM `gxfc_member` `nm` LEFT JOIN `gxfc_member_address` `nma` ON `nm`.`member_id`=`nma`.`member_id` WHERE  `nma`.`is_default` = 1  AND `nma`.`province_id` = 310000  AND `nm`.`is_delete` = 0  AND `is_delete` = 0 GROUP BY `nm`.`member_id` ) `_group_count_` [ RunTime:0.000409s ]
[2022-11-27T12:31:38+08:00][sql] SELECT COUNT(*) AS think_count FROM ( SELECT count(*) AS think_count FROM `gxfc_member` `nm` LEFT JOIN `gxfc_member_address` `nma` ON `nm`.`member_id`=`nma`.`member_id` WHERE  `nma`.`is_default` = 1  AND `nma`.`province_id` = 320000  AND `nm`.`is_delete` = 0  AND `is_delete` = 0 GROUP BY `nm`.`member_id` ) `_group_count_` [ RunTime:0.000422s ]
[2022-11-27T12:31:38+08:00][sql] SELECT COUNT(*) AS think_count FROM ( SELECT count(*) AS think_count FROM `gxfc_member` `nm` LEFT JOIN `gxfc_member_address` `nma` ON `nm`.`member_id`=`nma`.`member_id` WHERE  `nma`.`is_default` = 1  AND `nma`.`province_id` = 330000  AND `nm`.`is_delete` = 0  AND `is_delete` = 0 GROUP BY `nm`.`member_id` ) `_group_count_` [ RunTime:0.000397s ]
[2022-11-27T12:31:38+08:00][sql] SELECT COUNT(*) AS think_count FROM ( SELECT count(*) AS think_count FROM `gxfc_member` `nm` LEFT JOIN `gxfc_member_address` `nma` ON `nm`.`member_id`=`nma`.`member_id` WHERE  `nma`.`is_default` = 1  AND `nma`.`province_id` = 340000  AND `nm`.`is_delete` = 0  AND `is_delete` = 0 GROUP BY `nm`.`member_id` ) `_group_count_` [ RunTime:0.000425s ]
[2022-11-27T12:31:38+08:00][sql] SELECT COUNT(*) AS think_count FROM ( SELECT count(*) AS think_count FROM `gxfc_member` `nm` LEFT JOIN `gxfc_member_address` `nma` ON `nm`.`member_id`=`nma`.`member_id` WHERE  `nma`.`is_default` = 1  AND `nma`.`province_id` = 350000  AND `nm`.`is_delete` = 0  AND `is_delete` = 0 GROUP BY `nm`.`member_id` ) `_group_count_` [ RunTime:0.000427s ]
[2022-11-27T12:31:38+08:00][sql] SELECT COUNT(*) AS think_count FROM ( SELECT count(*) AS think_count FROM `gxfc_member` `nm` LEFT JOIN `gxfc_member_address` `nma` ON `nm`.`member_id`=`nma`.`member_id` WHERE  `nma`.`is_default` = 1  AND `nma`.`province_id` = 360000  AND `nm`.`is_delete` = 0  AND `is_delete` = 0 GROUP BY `nm`.`member_id` ) `_group_count_` [ RunTime:0.000398s ]
[2022-11-27T12:31:38+08:00][sql] SELECT COUNT(*) AS think_count FROM ( SELECT count(*) AS think_count FROM `gxfc_member` `nm` LEFT JOIN `gxfc_member_address` `nma` ON `nm`.`member_id`=`nma`.`member_id` WHERE  `nma`.`is_default` = 1  AND `nma`.`province_id` = 370000  AND `nm`.`is_delete` = 0  AND `is_delete` = 0 GROUP BY `nm`.`member_id` ) `_group_count_` [ RunTime:0.000428s ]
[2022-11-27T12:31:38+08:00][sql] SELECT COUNT(*) AS think_count FROM ( SELECT count(*) AS think_count FROM `gxfc_member` `nm` LEFT JOIN `gxfc_member_address` `nma` ON `nm`.`member_id`=`nma`.`member_id` WHERE  `nma`.`is_default` = 1  AND `nma`.`province_id` = 410000  AND `nm`.`is_delete` = 0  AND `is_delete` = 0 GROUP BY `nm`.`member_id` ) `_group_count_` [ RunTime:0.000424s ]
[2022-11-27T12:31:38+08:00][sql] SELECT COUNT(*) AS think_count FROM ( SELECT count(*) AS think_count FROM `gxfc_member` `nm` LEFT JOIN `gxfc_member_address` `nma` ON `nm`.`member_id`=`nma`.`member_id` WHERE  `nma`.`is_default` = 1  AND `nma`.`province_id` = 420000  AND `nm`.`is_delete` = 0  AND `is_delete` = 0 GROUP BY `nm`.`member_id` ) `_group_count_` [ RunTime:0.000561s ]
[2022-11-27T12:31:38+08:00][sql] SELECT COUNT(*) AS think_count FROM ( SELECT count(*) AS think_count FROM `gxfc_member` `nm` LEFT JOIN `gxfc_member_address` `nma` ON `nm`.`member_id`=`nma`.`member_id` WHERE  `nma`.`is_default` = 1  AND `nma`.`province_id` = 430000  AND `nm`.`is_delete` = 0  AND `is_delete` = 0 GROUP BY `nm`.`member_id` ) `_group_count_` [ RunTime:0.000480s ]
[2022-11-27T12:31:38+08:00][sql] SELECT COUNT(*) AS think_count FROM ( SELECT count(*) AS think_count FROM `gxfc_member` `nm` LEFT JOIN `gxfc_member_address` `nma` ON `nm`.`member_id`=`nma`.`member_id` WHERE  `nma`.`is_default` = 1  AND `nma`.`province_id` = 440000  AND `nm`.`is_delete` = 0  AND `is_delete` = 0 GROUP BY `nm`.`member_id` ) `_group_count_` [ RunTime:0.000492s ]
[2022-11-27T12:31:38+08:00][sql] SELECT COUNT(*) AS think_count FROM ( SELECT count(*) AS think_count FROM `gxfc_member` `nm` LEFT JOIN `gxfc_member_address` `nma` ON `nm`.`member_id`=`nma`.`member_id` WHERE  `nma`.`is_default` = 1  AND `nma`.`province_id` = 450000  AND `nm`.`is_delete` = 0  AND `is_delete` = 0 GROUP BY `nm`.`member_id` ) `_group_count_` [ RunTime:0.000434s ]
[2022-11-27T12:31:38+08:00][sql] SELECT COUNT(*) AS think_count FROM ( SELECT count(*) AS think_count FROM `gxfc_member` `nm` LEFT JOIN `gxfc_member_address` `nma` ON `nm`.`member_id`=`nma`.`member_id` WHERE  `nma`.`is_default` = 1  AND `nma`.`province_id` = 460000  AND `nm`.`is_delete` = 0  AND `is_delete` = 0 GROUP BY `nm`.`member_id` ) `_group_count_` [ RunTime:0.000440s ]
[2022-11-27T12:31:38+08:00][sql] SELECT COUNT(*) AS think_count FROM ( SELECT count(*) AS think_count FROM `gxfc_member` `nm` LEFT JOIN `gxfc_member_address` `nma` ON `nm`.`member_id`=`nma`.`member_id` WHERE  `nma`.`is_default` = 1  AND `nma`.`province_id` = 500000  AND `nm`.`is_delete` = 0  AND `is_delete` = 0 GROUP BY `nm`.`member_id` ) `_group_count_` [ RunTime:0.000497s ]
[2022-11-27T12:31:38+08:00][sql] SELECT COUNT(*) AS think_count FROM ( SELECT count(*) AS think_count FROM `gxfc_member` `nm` LEFT JOIN `gxfc_member_address` `nma` ON `nm`.`member_id`=`nma`.`member_id` WHERE  `nma`.`is_default` = 1  AND `nma`.`province_id` = 510000  AND `nm`.`is_delete` = 0  AND `is_delete` = 0 GROUP BY `nm`.`member_id` ) `_group_count_` [ RunTime:0.000450s ]
[2022-11-27T12:31:38+08:00][sql] SELECT COUNT(*) AS think_count FROM ( SELECT count(*) AS think_count FROM `gxfc_member` `nm` LEFT JOIN `gxfc_member_address` `nma` ON `nm`.`member_id`=`nma`.`member_id` WHERE  `nma`.`is_default` = 1  AND `nma`.`province_id` = 520000  AND `nm`.`is_delete` = 0  AND `is_delete` = 0 GROUP BY `nm`.`member_id` ) `_group_count_` [ RunTime:0.000479s ]
[2022-11-27T12:31:38+08:00][sql] SELECT COUNT(*) AS think_count FROM ( SELECT count(*) AS think_count FROM `gxfc_member` `nm` LEFT JOIN `gxfc_member_address` `nma` ON `nm`.`member_id`=`nma`.`member_id` WHERE  `nma`.`is_default` = 1  AND `nma`.`province_id` = 530000  AND `nm`.`is_delete` = 0  AND `is_delete` = 0 GROUP BY `nm`.`member_id` ) `_group_count_` [ RunTime:0.000466s ]
[2022-11-27T12:31:38+08:00][sql] SELECT COUNT(*) AS think_count FROM ( SELECT count(*) AS think_count FROM `gxfc_member` `nm` LEFT JOIN `gxfc_member_address` `nma` ON `nm`.`member_id`=`nma`.`member_id` WHERE  `nma`.`is_default` = 1  AND `nma`.`province_id` = 540000  AND `nm`.`is_delete` = 0  AND `is_delete` = 0 GROUP BY `nm`.`member_id` ) `_group_count_` [ RunTime:0.000438s ]
[2022-11-27T12:31:38+08:00][sql] SELECT COUNT(*) AS think_count FROM ( SELECT count(*) AS think_count FROM `gxfc_member` `nm` LEFT JOIN `gxfc_member_address` `nma` ON `nm`.`member_id`=`nma`.`member_id` WHERE  `nma`.`is_default` = 1  AND `nma`.`province_id` = 610000  AND `nm`.`is_delete` = 0  AND `is_delete` = 0 GROUP BY `nm`.`member_id` ) `_group_count_` [ RunTime:0.000423s ]
[2022-11-27T12:31:38+08:00][sql] SELECT COUNT(*) AS think_count FROM ( SELECT count(*) AS think_count FROM `gxfc_member` `nm` LEFT JOIN `gxfc_member_address` `nma` ON `nm`.`member_id`=`nma`.`member_id` WHERE  `nma`.`is_default` = 1  AND `nma`.`province_id` = 620000  AND `nm`.`is_delete` = 0  AND `is_delete` = 0 GROUP BY `nm`.`member_id` ) `_group_count_` [ RunTime:0.000442s ]
[2022-11-27T12:31:38+08:00][sql] SELECT COUNT(*) AS think_count FROM ( SELECT count(*) AS think_count FROM `gxfc_member` `nm` LEFT JOIN `gxfc_member_address` `nma` ON `nm`.`member_id`=`nma`.`member_id` WHERE  `nma`.`is_default` = 1  AND `nma`.`province_id` = 630000  AND `nm`.`is_delete` = 0  AND `is_delete` = 0 GROUP BY `nm`.`member_id` ) `_group_count_` [ RunTime:0.000467s ]
[2022-11-27T12:31:38+08:00][sql] SELECT COUNT(*) AS think_count FROM ( SELECT count(*) AS think_count FROM `gxfc_member` `nm` LEFT JOIN `gxfc_member_address` `nma` ON `nm`.`member_id`=`nma`.`member_id` WHERE  `nma`.`is_default` = 1  AND `nma`.`province_id` = 640000  AND `nm`.`is_delete` = 0  AND `is_delete` = 0 GROUP BY `nm`.`member_id` ) `_group_count_` [ RunTime:0.000435s ]
[2022-11-27T12:31:38+08:00][sql] SELECT COUNT(*) AS think_count FROM ( SELECT count(*) AS think_count FROM `gxfc_member` `nm` LEFT JOIN `gxfc_member_address` `nma` ON `nm`.`member_id`=`nma`.`member_id` WHERE  `nma`.`is_default` = 1  AND `nma`.`province_id` = 650000  AND `nm`.`is_delete` = 0  AND `is_delete` = 0 GROUP BY `nm`.`member_id` ) `_group_count_` [ RunTime:0.000550s ]
[2022-11-27T12:31:38+08:00][sql] SELECT COUNT(*) AS think_count FROM ( SELECT count(*) AS think_count FROM `gxfc_member` `nm` LEFT JOIN `gxfc_member_address` `nma` ON `nm`.`member_id`=`nma`.`member_id` WHERE  `nma`.`is_default` = 1  AND `nma`.`province_id` = 810000  AND `nm`.`is_delete` = 0  AND `is_delete` = 0 GROUP BY `nm`.`member_id` ) `_group_count_` [ RunTime:0.000635s ]
[2022-11-27T12:31:38+08:00][sql] SELECT COUNT(*) AS think_count FROM ( SELECT count(*) AS think_count FROM `gxfc_member` `nm` LEFT JOIN `gxfc_member_address` `nma` ON `nm`.`member_id`=`nma`.`member_id` WHERE  `nma`.`is_default` = 1  AND `nma`.`province_id` = 820000  AND `nm`.`is_delete` = 0  AND `is_delete` = 0 GROUP BY `nm`.`member_id` ) `_group_count_` [ RunTime:0.000591s ]
[2022-11-27T12:31:38+08:00][sql] SELECT COUNT(*) AS think_count FROM ( SELECT count(*) AS think_count FROM `gxfc_member` `nm` LEFT JOIN `gxfc_member_address` `nma` ON `nm`.`member_id`=`nma`.`member_id` WHERE  `nma`.`is_default` = 1  AND `nma`.`province_id` = 710000  AND `nm`.`is_delete` = 0  AND `is_delete` = 0 GROUP BY `nm`.`member_id` ) `_group_count_` [ RunTime:0.000489s ]
[2022-11-27T12:31:40+08:00][sql] CONNECT:[ UseTime:0.000423s ] mysql:host=127.0.0.1;port=3306;dbname=hunqin;charset=utf8
[2022-11-27T12:31:40+08:00][sql] SHOW FULL COLUMNS FROM `gxfc_shop` [ RunTime:0.001093s ]
[2022-11-27T12:31:40+08:00][sql] SELECT COUNT(*) AS think_count FROM `gxfc_shop` `a` ORDER BY site_id desc [ RunTime:0.000335s ]
[2022-11-27T12:31:40+08:00][sql] SELECT * FROM `gxfc_shop` `a` ORDER BY site_id desc LIMIT 0,10 [ RunTime:0.000571s ]
[2022-11-27T12:31:40+08:00][sql] SHOW FULL COLUMNS FROM `gxfc_shop_cert` [ RunTime:0.000657s ]
[2022-11-27T12:31:40+08:00][sql] SELECT * FROM `gxfc_shop_cert` WHERE  `cert_id` = 128 LIMIT 1 [ RunTime:0.000488s ]
[2022-11-27T12:31:40+08:00][sql] SELECT * FROM `gxfc_shop_cert` WHERE  `cert_id` = 126 LIMIT 1 [ RunTime:0.000379s ]
[2022-11-27T12:31:40+08:00][sql] SELECT * FROM `gxfc_shop_cert` WHERE  `cert_id` = 120 LIMIT 1 [ RunTime:0.000345s ]
[2022-11-27T12:31:40+08:00][sql] SELECT * FROM `gxfc_shop_cert` WHERE  `cert_id` = 118 LIMIT 1 [ RunTime:0.000343s ]
[2022-11-27T12:31:40+08:00][sql] SELECT * FROM `gxfc_shop_cert` WHERE  `cert_id` = 1 LIMIT 1 [ RunTime:0.000358s ]
[2022-11-27T12:31:44+08:00][sql] CONNECT:[ UseTime:0.000473s ] mysql:host=127.0.0.1;port=3306;dbname=hunqin;charset=utf8
[2022-11-27T12:31:44+08:00][sql] SHOW FULL COLUMNS FROM `gxfc_order` [ RunTime:0.001228s ]
[2022-11-27T12:31:44+08:00][sql] SELECT SUM(`order_money`) AS think_sum FROM `gxfc_order` WHERE  `order_status` > 0 [ RunTime:0.000425s ]
[2022-11-27T12:31:44+08:00][sql] SELECT SUM(`dj_money`) AS think_sum FROM `gxfc_order` WHERE  `order_status` > 0 [ RunTime:0.000317s ]
[2022-11-27T12:31:44+08:00][sql] SHOW FULL COLUMNS FROM `gxfc_shop_settlement_period` [ RunTime:0.000655s ]
[2022-11-27T12:31:44+08:00][sql] SELECT 
                sum(shop_money) as shop_money,
                sum(refund_shop_money) as refund_shop_money,
                sum(commission) as commission,
                sum(platform_money) as platform_money,
                sum(website_commission) as website_commission,
                sum(platform_coupon_money) as platform_coupon_money,
                sum(refund_platform_coupon_money) as refund_platform_coupon_money
                 FROM `gxfc_shop_settlement_period` WHERE  `period_id` > 0 LIMIT 1 [ RunTime:0.000367s ]
[2022-11-27T12:31:44+08:00][sql] SHOW FULL COLUMNS FROM `gxfc_shop` [ RunTime:0.000773s ]
[2022-11-27T12:31:44+08:00][sql] SELECT sum(account) as account, sum(account_withdraw) as account_withdraw, sum(account_withdraw_apply) as account_withdraw_apply, sum(shop_baozhrmb) as shop_baozhrmb, sum(shop_open_fee) as shop_open_fee FROM `gxfc_shop` WHERE  `site_id` > 0 LIMIT 1 [ RunTime:0.000304s ]
[2022-11-27T12:31:44+08:00][sql] SHOW FULL COLUMNS FROM `gxfc_member` [ RunTime:0.000810s ]
[2022-11-27T12:31:44+08:00][sql] SELECT 
                sum(balance) as balance, 
                sum(balance_money) as balance_money,
                sum(balance_withdraw_apply) as balance_withdraw_apply, 
                sum(balance_withdraw) as balance_withdraw
                 FROM `gxfc_member` WHERE  `member_id` > 0 LIMIT 1 [ RunTime:0.000337s ]
[2022-11-27T12:31:44+08:00][sql] SHOW FULL COLUMNS FROM `gxfc_fenxiao` [ RunTime:0.000789s ]
[2022-11-27T12:31:44+08:00][sql] SELECT sum(account) as account,sum(account_withdraw) as account_withdraw,sum(account_withdraw_apply) as account_withdraw_apply FROM `gxfc_fenxiao` WHERE  `status` IN (1,-1)  AND `is_delete` = 0 LIMIT 1 [ RunTime:0.000367s ]
[2022-11-27T12:31:44+08:00][sql] SHOW FULL COLUMNS FROM `gxfc_fenxiao_order` [ RunTime:0.000688s ]
[2022-11-27T12:31:44+08:00][sql] SELECT sum(real_goods_money) as real_goods_money FROM `gxfc_fenxiao_order` WHERE  `is_refund` = 0  AND `is_settlement` = 1 LIMIT 1 [ RunTime:0.000285s ]
[2022-11-27T12:31:44+08:00][sql] SHOW FULL COLUMNS FROM `gxfc_supply_settlement_period` [ RunTime:0.000538s ]
[2022-11-27T12:31:44+08:00][sql] SELECT 
                sum(supply_money) as supply_money,
                sum(refund_supply_money) as refund_supply_money,
                sum(commission) as commission,
                sum(platform_money) as platform_money,
                sum(website_commission) as website_commission
                 FROM `gxfc_supply_settlement_period` WHERE  `period_id` > 0 LIMIT 1 [ RunTime:0.000620s ]
[2022-11-27T12:31:44+08:00][sql] SHOW FULL COLUMNS FROM `gxfc_supplier` [ RunTime:0.000693s ]
[2022-11-27T12:31:44+08:00][sql] SELECT sum(account) as account, sum(account_withdraw) as account_withdraw, sum(account_withdraw_apply) as account_withdraw_apply, sum(bond) as bond, sum(open_fee) as open_fee FROM `gxfc_supplier` WHERE  `supplier_site_id` > 0 LIMIT 1 [ RunTime:0.000267s ]
[2022-11-27T12:31:44+08:00][sql] SHOW FULL COLUMNS FROM `gxfc_supply_order` [ RunTime:0.000747s ]
[2022-11-27T12:31:44+08:00][sql] SELECT SUM(`order_money`) AS think_sum FROM `gxfc_supply_order` WHERE  `order_status` > 0 [ RunTime:0.000275s ]
[2022-11-27T12:31:47+08:00][sql] CONNECT:[ UseTime:0.000429s ] mysql:host=127.0.0.1;port=3306;dbname=hunqin;charset=utf8
[2022-11-27T12:31:47+08:00][sql] SHOW FULL COLUMNS FROM `gxfc_stat_shop` [ RunTime:0.000929s ]
[2022-11-27T12:31:47+08:00][sql] SELECT SUM(order_total) as order_total,SUM(shipping_total) as shipping_total,SUM(refund_total) as refund_total,SUM(order_pay_count) as order_pay_count,SUM(goods_pay_count) as goods_pay_count,SUM(shop_money) as shop_money,SUM(platform_money) as platform_money,SUM(collect_shop) as collect_shop,SUM(collect_goods) as collect_goods,SUM(visit_count) as visit_count,SUM(order_count) as order_count,SUM(goods_count) as goods_count,SUM(add_goods_count) as add_goods_count,SUM(member_count) as member_count FROM `gxfc_stat_shop` WHERE  `site_id` = 0  AND `day_time` >= 1669478400 LIMIT 1 [ RunTime:0.000508s ]
[2022-11-27T12:31:47+08:00][sql] CONNECT:[ UseTime:0.000314s ] mysql:host=127.0.0.1;port=3306;dbname=hunqin;charset=utf8
[2022-11-27T12:31:47+08:00][sql] SHOW FULL COLUMNS FROM `gxfc_stat_shop` [ RunTime:0.000650s ]
[2022-11-27T12:31:47+08:00][sql] SELECT `id`,`site_id`,`year`,`month`,`day`,`order_total`,`shipping_total`,`refund_total`,`order_pay_count`,`goods_pay_count`,`shop_money`,`platform_money`,`create_time`,`modify_time`,`collect_shop`,`collect_goods`,`visit_count`,`order_count`,`goods_count`,`add_goods_count`,`day_time`,`member_count` FROM `gxfc_stat_shop` WHERE  `site_id` = 0  AND `day_time` >= 1668960000 [ RunTime:0.000596s ]
[2022-11-27T12:31:50+08:00][sql] CONNECT:[ UseTime:0.000397s ] mysql:host=127.0.0.1;port=3306;dbname=hunqin;charset=utf8
[2022-11-27T12:31:50+08:00][sql] SHOW FULL COLUMNS FROM `gxfc_shop` [ RunTime:0.000892s ]
[2022-11-27T12:31:50+08:00][sql] SELECT `group_id` FROM `gxfc_shop` WHERE  `site_id` = 0 LIMIT 1 [ RunTime:0.000273s ]
[2022-11-27T12:31:50+08:00][sql] SHOW FULL COLUMNS FROM `gxfc_shop_group` [ RunTime:0.000603s ]
[2022-11-27T12:31:50+08:00][sql] SELECT `addon_array` FROM `gxfc_shop_group` WHERE  `group_id` IS NULL LIMIT 1 [ RunTime:0.000199s ]
[2022-11-27T12:31:50+08:00][sql] SHOW FULL COLUMNS FROM `gxfc_diy_view_util` [ RunTime:0.000658s ]
[2022-11-27T12:31:50+08:00][sql] SELECT `id`,`name`,`title`,`type`,`controller`,`value`,`addon_name`,`support_diy_view`,`max_count`,`is_delete`,`icon`,`icon_selected` FROM `gxfc_diy_view_util` WHERE  (`support_diy_view` LIKE 'DIY_VIEW_INDEX' OR `support_diy_view` LIKE '%DIY_VIEW_INDEX,%' OR `support_diy_view` LIKE '%DIY_VIEW_INDEX' OR `support_diy_view` LIKE '%,DIY_VIEW_INDEX,%' OR `support_diy_view` LIKE '') ORDER BY `sort` ASC [ RunTime:0.000521s ]
[2022-11-27T12:31:50+08:00][sql] SHOW FULL COLUMNS FROM `gxfc_site_diy_view` [ RunTime:0.000537s ]
[2022-11-27T12:31:50+08:00][sql] SELECT `site_id`,`name` FROM `gxfc_site_diy_view` WHERE  `site_id` = 0  AND `name` = 'DIY_VIEW_INDEX' LIMIT 1 [ RunTime:0.000315s ]
[2022-11-27T12:31:51+08:00][sql] SELECT `sdv`.`id`,`sdv`.`site_id`,`sdv`.`name`,`sdv`.`title`,`sdv`.`value`,`sdv`.`type`,`dvt`.`addon_name` FROM `gxfc_site_diy_view` `sdv` LEFT JOIN `gxfc_diy_view_temp` `dvt` ON `sdv`.`name`=`dvt`.`name` WHERE  `sdv`.`site_id` = 0  AND `sdv`.`name` = 'DIY_VIEW_INDEX' LIMIT 1 [ RunTime:0.000657s ]
[2022-11-27T12:31:52+08:00][sql] CONNECT:[ UseTime:0.001386s ] mysql:host=127.0.0.1;port=3306;dbname=hunqin;charset=utf8
[2022-11-27T12:31:52+08:00][sql] SHOW FULL COLUMNS FROM `gxfc_shop` [ RunTime:0.001095s ]
[2022-11-27T12:31:52+08:00][sql] SELECT `group_id` FROM `gxfc_shop` WHERE  `site_id` = 0 LIMIT 1 [ RunTime:0.000391s ]
[2022-11-27T12:31:52+08:00][sql] SHOW FULL COLUMNS FROM `gxfc_shop_group` [ RunTime:0.000636s ]
[2022-11-27T12:31:52+08:00][sql] SELECT `addon_array` FROM `gxfc_shop_group` WHERE  `group_id` IS NULL LIMIT 1 [ RunTime:0.000220s ]
[2022-11-27T12:31:52+08:00][sql] SHOW FULL COLUMNS FROM `gxfc_diy_view_util` [ RunTime:0.000686s ]
[2022-11-27T12:31:52+08:00][sql] SELECT `id`,`name`,`title`,`type`,`controller`,`value`,`addon_name`,`support_diy_view`,`max_count`,`is_delete`,`icon`,`icon_selected` FROM `gxfc_diy_view_util` WHERE  (`support_diy_view` LIKE 'DIY_VIEW_INDEX' OR `support_diy_view` LIKE '%DIY_VIEW_INDEX,%' OR `support_diy_view` LIKE '%DIY_VIEW_INDEX' OR `support_diy_view` LIKE '%,DIY_VIEW_INDEX,%' OR `support_diy_view` LIKE '') ORDER BY `sort` ASC [ RunTime:0.000507s ]
[2022-11-27T12:31:52+08:00][sql] SHOW FULL COLUMNS FROM `gxfc_site_diy_view` [ RunTime:0.000576s ]
[2022-11-27T12:31:52+08:00][sql] SELECT `site_id`,`name` FROM `gxfc_site_diy_view` WHERE  `site_id` = 0  AND `name` = 'DIY_VIEW_INDEX' LIMIT 1 [ RunTime:0.000337s ]
[2022-11-27T12:31:52+08:00][sql] SELECT `sdv`.`id`,`sdv`.`site_id`,`sdv`.`name`,`sdv`.`title`,`sdv`.`value`,`sdv`.`type`,`dvt`.`addon_name` FROM `gxfc_site_diy_view` `sdv` LEFT JOIN `gxfc_diy_view_temp` `dvt` ON `sdv`.`name`=`dvt`.`name` WHERE  `sdv`.`site_id` = 0  AND `sdv`.`name` = 'DIY_VIEW_INDEX' LIMIT 1 [ RunTime:0.000716s ]
[2022-11-27T12:31:59+08:00][sql] CONNECT:[ UseTime:0.000480s ] mysql:host=127.0.0.1;port=3306;dbname=hunqin;charset=utf8
[2022-11-27T12:31:59+08:00][sql] SHOW FULL COLUMNS FROM `gxfc_shop` [ RunTime:0.000859s ]
[2022-11-27T12:31:59+08:00][sql] SELECT `group_id` FROM `gxfc_shop` WHERE  `site_id` = 0 LIMIT 1 [ RunTime:0.000293s ]
[2022-11-27T12:31:59+08:00][sql] SHOW FULL COLUMNS FROM `gxfc_shop_group` [ RunTime:0.000532s ]
[2022-11-27T12:31:59+08:00][sql] SELECT `addon_array` FROM `gxfc_shop_group` WHERE  `group_id` IS NULL LIMIT 1 [ RunTime:0.000198s ]
[2022-11-27T12:31:59+08:00][sql] SHOW FULL COLUMNS FROM `gxfc_diy_view_util` [ RunTime:0.000537s ]
[2022-11-27T12:31:59+08:00][sql] SELECT `id`,`name`,`title`,`type`,`controller`,`value`,`addon_name`,`support_diy_view`,`max_count`,`is_delete`,`icon`,`icon_selected` FROM `gxfc_diy_view_util` WHERE  (`support_diy_view` LIKE 'DIY_VIEW_INDEX' OR `support_diy_view` LIKE '%DIY_VIEW_INDEX,%' OR `support_diy_view` LIKE '%DIY_VIEW_INDEX' OR `support_diy_view` LIKE '%,DIY_VIEW_INDEX,%' OR `support_diy_view` LIKE '') ORDER BY `sort` ASC [ RunTime:0.000443s ]
[2022-11-27T12:31:59+08:00][sql] SHOW FULL COLUMNS FROM `gxfc_site_diy_view` [ RunTime:0.000468s ]
[2022-11-27T12:31:59+08:00][sql] SELECT `site_id`,`name` FROM `gxfc_site_diy_view` WHERE  `site_id` = 0  AND `name` = 'DIY_VIEW_INDEX' LIMIT 1 [ RunTime:0.000321s ]
[2022-11-27T12:31:59+08:00][sql] SELECT `sdv`.`id`,`sdv`.`site_id`,`sdv`.`name`,`sdv`.`title`,`sdv`.`value`,`sdv`.`type`,`dvt`.`addon_name` FROM `gxfc_site_diy_view` `sdv` LEFT JOIN `gxfc_diy_view_temp` `dvt` ON `sdv`.`name`=`dvt`.`name` WHERE  `sdv`.`site_id` = 0  AND `sdv`.`name` = 'DIY_VIEW_INDEX' LIMIT 1 [ RunTime:0.000616s ]
[2022-11-27T12:32:00+08:00][sql] CONNECT:[ UseTime:0.000481s ] mysql:host=127.0.0.1;port=3306;dbname=hunqin;charset=utf8
[2022-11-27T12:32:00+08:00][sql] SHOW FULL COLUMNS FROM `gxfc_shop` [ RunTime:0.001018s ]
[2022-11-27T12:32:00+08:00][sql] SELECT `group_id` FROM `gxfc_shop` WHERE  `site_id` = 0 LIMIT 1 [ RunTime:0.000369s ]
[2022-11-27T12:32:00+08:00][sql] SHOW FULL COLUMNS FROM `gxfc_shop_group` [ RunTime:0.000760s ]
[2022-11-27T12:32:00+08:00][sql] SELECT `addon_array` FROM `gxfc_shop_group` WHERE  `group_id` IS NULL LIMIT 1 [ RunTime:0.000249s ]
[2022-11-27T12:32:00+08:00][sql] SHOW FULL COLUMNS FROM `gxfc_diy_view_util` [ RunTime:0.000789s ]
[2022-11-27T12:32:00+08:00][sql] SELECT `id`,`name`,`title`,`type`,`controller`,`value`,`addon_name`,`support_diy_view`,`max_count`,`is_delete`,`icon`,`icon_selected` FROM `gxfc_diy_view_util` WHERE  (`support_diy_view` LIKE 'DIY_VIEW_INDEX' OR `support_diy_view` LIKE '%DIY_VIEW_INDEX,%' OR `support_diy_view` LIKE '%DIY_VIEW_INDEX' OR `support_diy_view` LIKE '%,DIY_VIEW_INDEX,%' OR `support_diy_view` LIKE '') ORDER BY `sort` ASC [ RunTime:0.000539s ]
[2022-11-27T12:32:00+08:00][sql] SHOW FULL COLUMNS FROM `gxfc_site_diy_view` [ RunTime:0.000600s ]
[2022-11-27T12:32:00+08:00][sql] SELECT `site_id`,`name` FROM `gxfc_site_diy_view` WHERE  `site_id` = 0  AND `name` = 'DIY_VIEW_INDEX' LIMIT 1 [ RunTime:0.000369s ]
[2022-11-27T12:32:00+08:00][sql] SELECT `sdv`.`id`,`sdv`.`site_id`,`sdv`.`name`,`sdv`.`title`,`sdv`.`value`,`sdv`.`type`,`dvt`.`addon_name` FROM `gxfc_site_diy_view` `sdv` LEFT JOIN `gxfc_diy_view_temp` `dvt` ON `sdv`.`name`=`dvt`.`name` WHERE  `sdv`.`site_id` = 0  AND `sdv`.`name` = 'DIY_VIEW_INDEX' LIMIT 1 [ RunTime:0.000664s ]
[2022-11-27T12:32:06+08:00][sql] CONNECT:[ UseTime:0.000460s ] mysql:host=127.0.0.1;port=3306;dbname=hunqin;charset=utf8
[2022-11-27T12:32:06+08:00][sql] SHOW FULL COLUMNS FROM `gxfc_member` [ RunTime:0.002798s ]
[2022-11-27T12:32:06+08:00][sql] SELECT COUNT(*) AS think_count FROM `gxfc_member` WHERE  `is_delete` = 0 [ RunTime:0.000427s ]
[2022-11-27T12:32:06+08:00][sql] SELECT COUNT(*) AS think_count FROM `gxfc_member` WHERE  `reg_time` BETWEEN 1669478400 AND 1669523526   AND `is_delete` = 0 [ RunTime:0.000350s ]
[2022-11-27T12:32:06+08:00][sql] SELECT COUNT(*) AS think_count FROM `gxfc_member` WHERE  `order_money` > 0  AND `is_delete` = 0 [ RunTime:0.000383s ]
[2022-11-27T12:32:06+08:00][sql] CONNECT:[ UseTime:0.000489s ] mysql:host=127.0.0.1;port=3306;dbname=hunqin;charset=utf8
[2022-11-27T12:32:06+08:00][sql] SHOW FULL COLUMNS FROM `gxfc_member` [ RunTime:0.000903s ]
[2022-11-27T12:32:06+08:00][sql] SELECT COUNT(*) AS think_count FROM `gxfc_member` WHERE  `is_delete` = 0  AND `is_delete` = 0 [ RunTime:0.000354s ]
[2022-11-27T12:32:06+08:00][sql] SELECT COUNT(*) AS think_count FROM ( SELECT count(*) AS think_count FROM `gxfc_member` `nm` LEFT JOIN `gxfc_member_address` `nma` ON `nm`.`member_id`=`nma`.`member_id` WHERE  `nma`.`is_default` = 1  AND `nma`.`province_id` = 110000  AND `nm`.`is_delete` = 0  AND `is_delete` = 0 GROUP BY `nm`.`member_id` ) `_group_count_` [ RunTime:0.000765s ]
[2022-11-27T12:32:06+08:00][sql] SELECT COUNT(*) AS think_count FROM ( SELECT count(*) AS think_count FROM `gxfc_member` `nm` LEFT JOIN `gxfc_member_address` `nma` ON `nm`.`member_id`=`nma`.`member_id` WHERE  `nma`.`is_default` = 1  AND `nma`.`province_id` = 120000  AND `nm`.`is_delete` = 0  AND `is_delete` = 0 GROUP BY `nm`.`member_id` ) `_group_count_` [ RunTime:0.000691s ]
[2022-11-27T12:32:06+08:00][sql] SELECT COUNT(*) AS think_count FROM ( SELECT count(*) AS think_count FROM `gxfc_member` `nm` LEFT JOIN `gxfc_member_address` `nma` ON `nm`.`member_id`=`nma`.`member_id` WHERE  `nma`.`is_default` = 1  AND `nma`.`province_id` = 130000  AND `nm`.`is_delete` = 0  AND `is_delete` = 0 GROUP BY `nm`.`member_id` ) `_group_count_` [ RunTime:0.000525s ]
[2022-11-27T12:32:06+08:00][sql] SELECT COUNT(*) AS think_count FROM ( SELECT count(*) AS think_count FROM `gxfc_member` `nm` LEFT JOIN `gxfc_member_address` `nma` ON `nm`.`member_id`=`nma`.`member_id` WHERE  `nma`.`is_default` = 1  AND `nma`.`province_id` = 140000  AND `nm`.`is_delete` = 0  AND `is_delete` = 0 GROUP BY `nm`.`member_id` ) `_group_count_` [ RunTime:0.000543s ]
[2022-11-27T12:32:06+08:00][sql] SELECT COUNT(*) AS think_count FROM ( SELECT count(*) AS think_count FROM `gxfc_member` `nm` LEFT JOIN `gxfc_member_address` `nma` ON `nm`.`member_id`=`nma`.`member_id` WHERE  `nma`.`is_default` = 1  AND `nma`.`province_id` = 150000  AND `nm`.`is_delete` = 0  AND `is_delete` = 0 GROUP BY `nm`.`member_id` ) `_group_count_` [ RunTime:0.000460s ]
[2022-11-27T12:32:06+08:00][sql] SELECT COUNT(*) AS think_count FROM ( SELECT count(*) AS think_count FROM `gxfc_member` `nm` LEFT JOIN `gxfc_member_address` `nma` ON `nm`.`member_id`=`nma`.`member_id` WHERE  `nma`.`is_default` = 1  AND `nma`.`province_id` = 210000  AND `nm`.`is_delete` = 0  AND `is_delete` = 0 GROUP BY `nm`.`member_id` ) `_group_count_` [ RunTime:0.000386s ]
[2022-11-27T12:32:06+08:00][sql] SELECT COUNT(*) AS think_count FROM ( SELECT count(*) AS think_count FROM `gxfc_member` `nm` LEFT JOIN `gxfc_member_address` `nma` ON `nm`.`member_id`=`nma`.`member_id` WHERE  `nma`.`is_default` = 1  AND `nma`.`province_id` = 220000  AND `nm`.`is_delete` = 0  AND `is_delete` = 0 GROUP BY `nm`.`member_id` ) `_group_count_` [ RunTime:0.000494s ]
[2022-11-27T12:32:06+08:00][sql] SELECT COUNT(*) AS think_count FROM ( SELECT count(*) AS think_count FROM `gxfc_member` `nm` LEFT JOIN `gxfc_member_address` `nma` ON `nm`.`member_id`=`nma`.`member_id` WHERE  `nma`.`is_default` = 1  AND `nma`.`province_id` = 230000  AND `nm`.`is_delete` = 0  AND `is_delete` = 0 GROUP BY `nm`.`member_id` ) `_group_count_` [ RunTime:0.000477s ]
[2022-11-27T12:32:06+08:00][sql] SELECT COUNT(*) AS think_count FROM ( SELECT count(*) AS think_count FROM `gxfc_member` `nm` LEFT JOIN `gxfc_member_address` `nma` ON `nm`.`member_id`=`nma`.`member_id` WHERE  `nma`.`is_default` = 1  AND `nma`.`province_id` = 310000  AND `nm`.`is_delete` = 0  AND `is_delete` = 0 GROUP BY `nm`.`member_id` ) `_group_count_` [ RunTime:0.000364s ]
[2022-11-27T12:32:06+08:00][sql] SELECT COUNT(*) AS think_count FROM ( SELECT count(*) AS think_count FROM `gxfc_member` `nm` LEFT JOIN `gxfc_member_address` `nma` ON `nm`.`member_id`=`nma`.`member_id` WHERE  `nma`.`is_default` = 1  AND `nma`.`province_id` = 320000  AND `nm`.`is_delete` = 0  AND `is_delete` = 0 GROUP BY `nm`.`member_id` ) `_group_count_` [ RunTime:0.000358s ]
[2022-11-27T12:32:06+08:00][sql] SELECT COUNT(*) AS think_count FROM ( SELECT count(*) AS think_count FROM `gxfc_member` `nm` LEFT JOIN `gxfc_member_address` `nma` ON `nm`.`member_id`=`nma`.`member_id` WHERE  `nma`.`is_default` = 1  AND `nma`.`province_id` = 330000  AND `nm`.`is_delete` = 0  AND `is_delete` = 0 GROUP BY `nm`.`member_id` ) `_group_count_` [ RunTime:0.000387s ]
[2022-11-27T12:32:06+08:00][sql] SELECT COUNT(*) AS think_count FROM ( SELECT count(*) AS think_count FROM `gxfc_member` `nm` LEFT JOIN `gxfc_member_address` `nma` ON `nm`.`member_id`=`nma`.`member_id` WHERE  `nma`.`is_default` = 1  AND `nma`.`province_id` = 340000  AND `nm`.`is_delete` = 0  AND `is_delete` = 0 GROUP BY `nm`.`member_id` ) `_group_count_` [ RunTime:0.000389s ]
[2022-11-27T12:32:06+08:00][sql] SELECT COUNT(*) AS think_count FROM ( SELECT count(*) AS think_count FROM `gxfc_member` `nm` LEFT JOIN `gxfc_member_address` `nma` ON `nm`.`member_id`=`nma`.`member_id` WHERE  `nma`.`is_default` = 1  AND `nma`.`province_id` = 350000  AND `nm`.`is_delete` = 0  AND `is_delete` = 0 GROUP BY `nm`.`member_id` ) `_group_count_` [ RunTime:0.000371s ]
[2022-11-27T12:32:06+08:00][sql] SELECT COUNT(*) AS think_count FROM ( SELECT count(*) AS think_count FROM `gxfc_member` `nm` LEFT JOIN `gxfc_member_address` `nma` ON `nm`.`member_id`=`nma`.`member_id` WHERE  `nma`.`is_default` = 1  AND `nma`.`province_id` = 360000  AND `nm`.`is_delete` = 0  AND `is_delete` = 0 GROUP BY `nm`.`member_id` ) `_group_count_` [ RunTime:0.000366s ]
[2022-11-27T12:32:06+08:00][sql] SELECT COUNT(*) AS think_count FROM ( SELECT count(*) AS think_count FROM `gxfc_member` `nm` LEFT JOIN `gxfc_member_address` `nma` ON `nm`.`member_id`=`nma`.`member_id` WHERE  `nma`.`is_default` = 1  AND `nma`.`province_id` = 370000  AND `nm`.`is_delete` = 0  AND `is_delete` = 0 GROUP BY `nm`.`member_id` ) `_group_count_` [ RunTime:0.000344s ]
[2022-11-27T12:32:06+08:00][sql] SELECT COUNT(*) AS think_count FROM ( SELECT count(*) AS think_count FROM `gxfc_member` `nm` LEFT JOIN `gxfc_member_address` `nma` ON `nm`.`member_id`=`nma`.`member_id` WHERE  `nma`.`is_default` = 1  AND `nma`.`province_id` = 410000  AND `nm`.`is_delete` = 0  AND `is_delete` = 0 GROUP BY `nm`.`member_id` ) `_group_count_` [ RunTime:0.000364s ]
[2022-11-27T12:32:06+08:00][sql] SELECT COUNT(*) AS think_count FROM ( SELECT count(*) AS think_count FROM `gxfc_member` `nm` LEFT JOIN `gxfc_member_address` `nma` ON `nm`.`member_id`=`nma`.`member_id` WHERE  `nma`.`is_default` = 1  AND `nma`.`province_id` = 420000  AND `nm`.`is_delete` = 0  AND `is_delete` = 0 GROUP BY `nm`.`member_id` ) `_group_count_` [ RunTime:0.000447s ]
[2022-11-27T12:32:06+08:00][sql] SELECT COUNT(*) AS think_count FROM ( SELECT count(*) AS think_count FROM `gxfc_member` `nm` LEFT JOIN `gxfc_member_address` `nma` ON `nm`.`member_id`=`nma`.`member_id` WHERE  `nma`.`is_default` = 1  AND `nma`.`province_id` = 430000  AND `nm`.`is_delete` = 0  AND `is_delete` = 0 GROUP BY `nm`.`member_id` ) `_group_count_` [ RunTime:0.000355s ]
[2022-11-27T12:32:06+08:00][sql] SELECT COUNT(*) AS think_count FROM ( SELECT count(*) AS think_count FROM `gxfc_member` `nm` LEFT JOIN `gxfc_member_address` `nma` ON `nm`.`member_id`=`nma`.`member_id` WHERE  `nma`.`is_default` = 1  AND `nma`.`province_id` = 440000  AND `nm`.`is_delete` = 0  AND `is_delete` = 0 GROUP BY `nm`.`member_id` ) `_group_count_` [ RunTime:0.000382s ]
[2022-11-27T12:32:06+08:00][sql] SELECT COUNT(*) AS think_count FROM ( SELECT count(*) AS think_count FROM `gxfc_member` `nm` LEFT JOIN `gxfc_member_address` `nma` ON `nm`.`member_id`=`nma`.`member_id` WHERE  `nma`.`is_default` = 1  AND `nma`.`province_id` = 450000  AND `nm`.`is_delete` = 0  AND `is_delete` = 0 GROUP BY `nm`.`member_id` ) `_group_count_` [ RunTime:0.000378s ]
[2022-11-27T12:32:06+08:00][sql] SELECT COUNT(*) AS think_count FROM ( SELECT count(*) AS think_count FROM `gxfc_member` `nm` LEFT JOIN `gxfc_member_address` `nma` ON `nm`.`member_id`=`nma`.`member_id` WHERE  `nma`.`is_default` = 1  AND `nma`.`province_id` = 460000  AND `nm`.`is_delete` = 0  AND `is_delete` = 0 GROUP BY `nm`.`member_id` ) `_group_count_` [ RunTime:0.000365s ]
[2022-11-27T12:32:06+08:00][sql] SELECT COUNT(*) AS think_count FROM ( SELECT count(*) AS think_count FROM `gxfc_member` `nm` LEFT JOIN `gxfc_member_address` `nma` ON `nm`.`member_id`=`nma`.`member_id` WHERE  `nma`.`is_default` = 1  AND `nma`.`province_id` = 500000  AND `nm`.`is_delete` = 0  AND `is_delete` = 0 GROUP BY `nm`.`member_id` ) `_group_count_` [ RunTime:0.000392s ]
[2022-11-27T12:32:06+08:00][sql] SELECT COUNT(*) AS think_count FROM ( SELECT count(*) AS think_count FROM `gxfc_member` `nm` LEFT JOIN `gxfc_member_address` `nma` ON `nm`.`member_id`=`nma`.`member_id` WHERE  `nma`.`is_default` = 1  AND `nma`.`province_id` = 510000  AND `nm`.`is_delete` = 0  AND `is_delete` = 0 GROUP BY `nm`.`member_id` ) `_group_count_` [ RunTime:0.000374s ]
[2022-11-27T12:32:06+08:00][sql] SELECT COUNT(*) AS think_count FROM ( SELECT count(*) AS think_count FROM `gxfc_member` `nm` LEFT JOIN `gxfc_member_address` `nma` ON `nm`.`member_id`=`nma`.`member_id` WHERE  `nma`.`is_default` = 1  AND `nma`.`province_id` = 520000  AND `nm`.`is_delete` = 0  AND `is_delete` = 0 GROUP BY `nm`.`member_id` ) `_group_count_` [ RunTime:0.000350s ]
[2022-11-27T12:32:06+08:00][sql] SELECT COUNT(*) AS think_count FROM ( SELECT count(*) AS think_count FROM `gxfc_member` `nm` LEFT JOIN `gxfc_member_address` `nma` ON `nm`.`member_id`=`nma`.`member_id` WHERE  `nma`.`is_default` = 1  AND `nma`.`province_id` = 530000  AND `nm`.`is_delete` = 0  AND `is_delete` = 0 GROUP BY `nm`.`member_id` ) `_group_count_` [ RunTime:0.000346s ]
[2022-11-27T12:32:06+08:00][sql] SELECT COUNT(*) AS think_count FROM ( SELECT count(*) AS think_count FROM `gxfc_member` `nm` LEFT JOIN `gxfc_member_address` `nma` ON `nm`.`member_id`=`nma`.`member_id` WHERE  `nma`.`is_default` = 1  AND `nma`.`province_id` = 540000  AND `nm`.`is_delete` = 0  AND `is_delete` = 0 GROUP BY `nm`.`member_id` ) `_group_count_` [ RunTime:0.000358s ]
[2022-11-27T12:32:06+08:00][sql] SELECT COUNT(*) AS think_count FROM ( SELECT count(*) AS think_count FROM `gxfc_member` `nm` LEFT JOIN `gxfc_member_address` `nma` ON `nm`.`member_id`=`nma`.`member_id` WHERE  `nma`.`is_default` = 1  AND `nma`.`province_id` = 610000  AND `nm`.`is_delete` = 0  AND `is_delete` = 0 GROUP BY `nm`.`member_id` ) `_group_count_` [ RunTime:0.000363s ]
[2022-11-27T12:32:06+08:00][sql] SELECT COUNT(*) AS think_count FROM ( SELECT count(*) AS think_count FROM `gxfc_member` `nm` LEFT JOIN `gxfc_member_address` `nma` ON `nm`.`member_id`=`nma`.`member_id` WHERE  `nma`.`is_default` = 1  AND `nma`.`province_id` = 620000  AND `nm`.`is_delete` = 0  AND `is_delete` = 0 GROUP BY `nm`.`member_id` ) `_group_count_` [ RunTime:0.000346s ]
[2022-11-27T12:32:06+08:00][sql] SELECT COUNT(*) AS think_count FROM ( SELECT count(*) AS think_count FROM `gxfc_member` `nm` LEFT JOIN `gxfc_member_address` `nma` ON `nm`.`member_id`=`nma`.`member_id` WHERE  `nma`.`is_default` = 1  AND `nma`.`province_id` = 630000  AND `nm`.`is_delete` = 0  AND `is_delete` = 0 GROUP BY `nm`.`member_id` ) `_group_count_` [ RunTime:0.000349s ]
[2022-11-27T12:32:06+08:00][sql] SELECT COUNT(*) AS think_count FROM ( SELECT count(*) AS think_count FROM `gxfc_member` `nm` LEFT JOIN `gxfc_member_address` `nma` ON `nm`.`member_id`=`nma`.`member_id` WHERE  `nma`.`is_default` = 1  AND `nma`.`province_id` = 640000  AND `nm`.`is_delete` = 0  AND `is_delete` = 0 GROUP BY `nm`.`member_id` ) `_group_count_` [ RunTime:0.000368s ]
[2022-11-27T12:32:06+08:00][sql] SELECT COUNT(*) AS think_count FROM ( SELECT count(*) AS think_count FROM `gxfc_member` `nm` LEFT JOIN `gxfc_member_address` `nma` ON `nm`.`member_id`=`nma`.`member_id` WHERE  `nma`.`is_default` = 1  AND `nma`.`province_id` = 650000  AND `nm`.`is_delete` = 0  AND `is_delete` = 0 GROUP BY `nm`.`member_id` ) `_group_count_` [ RunTime:0.000381s ]
[2022-11-27T12:32:06+08:00][sql] SELECT COUNT(*) AS think_count FROM ( SELECT count(*) AS think_count FROM `gxfc_member` `nm` LEFT JOIN `gxfc_member_address` `nma` ON `nm`.`member_id`=`nma`.`member_id` WHERE  `nma`.`is_default` = 1  AND `nma`.`province_id` = 810000  AND `nm`.`is_delete` = 0  AND `is_delete` = 0 GROUP BY `nm`.`member_id` ) `_group_count_` [ RunTime:0.000388s ]
[2022-11-27T12:32:06+08:00][sql] SELECT COUNT(*) AS think_count FROM ( SELECT count(*) AS think_count FROM `gxfc_member` `nm` LEFT JOIN `gxfc_member_address` `nma` ON `nm`.`member_id`=`nma`.`member_id` WHERE  `nma`.`is_default` = 1  AND `nma`.`province_id` = 820000  AND `nm`.`is_delete` = 0  AND `is_delete` = 0 GROUP BY `nm`.`member_id` ) `_group_count_` [ RunTime:0.000355s ]
[2022-11-27T12:32:06+08:00][sql] SELECT COUNT(*) AS think_count FROM ( SELECT count(*) AS think_count FROM `gxfc_member` `nm` LEFT JOIN `gxfc_member_address` `nma` ON `nm`.`member_id`=`nma`.`member_id` WHERE  `nma`.`is_default` = 1  AND `nma`.`province_id` = 710000  AND `nm`.`is_delete` = 0  AND `is_delete` = 0 GROUP BY `nm`.`member_id` ) `_group_count_` [ RunTime:0.000344s ]
[2022-11-27T12:32:06+08:00][sql] CONNECT:[ UseTime:0.000364s ] mysql:host=127.0.0.1;port=3306;dbname=hunqin;charset=utf8
[2022-11-27T12:32:06+08:00][sql] SHOW FULL COLUMNS FROM `gxfc_member` [ RunTime:0.000862s ]
[2022-11-27T12:32:06+08:00][sql] SELECT COUNT(*) AS think_count FROM `gxfc_member` WHERE  `is_delete` = 0  AND `is_delete` = 0 [ RunTime:0.000365s ]
[2022-11-27T12:32:06+08:00][sql] SELECT COUNT(*) AS think_count FROM ( SELECT count(*) AS think_count FROM `gxfc_member` `nm` LEFT JOIN `gxfc_member_address` `nma` ON `nm`.`member_id`=`nma`.`member_id` WHERE  `nma`.`is_default` = 1  AND `nma`.`province_id` = 110000  AND `nm`.`is_delete` = 0  AND `is_delete` = 0 GROUP BY `nm`.`member_id` ) `_group_count_` [ RunTime:0.000577s ]
[2022-11-27T12:32:06+08:00][sql] SELECT COUNT(*) AS think_count FROM ( SELECT count(*) AS think_count FROM `gxfc_member` `nm` LEFT JOIN `gxfc_member_address` `nma` ON `nm`.`member_id`=`nma`.`member_id` WHERE  `nma`.`is_default` = 1  AND `nma`.`province_id` = 120000  AND `nm`.`is_delete` = 0  AND `is_delete` = 0 GROUP BY `nm`.`member_id` ) `_group_count_` [ RunTime:0.000378s ]
[2022-11-27T12:32:06+08:00][sql] SELECT COUNT(*) AS think_count FROM ( SELECT count(*) AS think_count FROM `gxfc_member` `nm` LEFT JOIN `gxfc_member_address` `nma` ON `nm`.`member_id`=`nma`.`member_id` WHERE  `nma`.`is_default` = 1  AND `nma`.`province_id` = 130000  AND `nm`.`is_delete` = 0  AND `is_delete` = 0 GROUP BY `nm`.`member_id` ) `_group_count_` [ RunTime:0.000447s ]
[2022-11-27T12:32:06+08:00][sql] SELECT COUNT(*) AS think_count FROM ( SELECT count(*) AS think_count FROM `gxfc_member` `nm` LEFT JOIN `gxfc_member_address` `nma` ON `nm`.`member_id`=`nma`.`member_id` WHERE  `nma`.`is_default` = 1  AND `nma`.`province_id` = 140000  AND `nm`.`is_delete` = 0  AND `is_delete` = 0 GROUP BY `nm`.`member_id` ) `_group_count_` [ RunTime:0.000395s ]
[2022-11-27T12:32:06+08:00][sql] SELECT COUNT(*) AS think_count FROM ( SELECT count(*) AS think_count FROM `gxfc_member` `nm` LEFT JOIN `gxfc_member_address` `nma` ON `nm`.`member_id`=`nma`.`member_id` WHERE  `nma`.`is_default` = 1  AND `nma`.`province_id` = 150000  AND `nm`.`is_delete` = 0  AND `is_delete` = 0 GROUP BY `nm`.`member_id` ) `_group_count_` [ RunTime:0.000376s ]
[2022-11-27T12:32:06+08:00][sql] SELECT COUNT(*) AS think_count FROM ( SELECT count(*) AS think_count FROM `gxfc_member` `nm` LEFT JOIN `gxfc_member_address` `nma` ON `nm`.`member_id`=`nma`.`member_id` WHERE  `nma`.`is_default` = 1  AND `nma`.`province_id` = 210000  AND `nm`.`is_delete` = 0  AND `is_delete` = 0 GROUP BY `nm`.`member_id` ) `_group_count_` [ RunTime:0.000414s ]
[2022-11-27T12:32:06+08:00][sql] SELECT COUNT(*) AS think_count FROM ( SELECT count(*) AS think_count FROM `gxfc_member` `nm` LEFT JOIN `gxfc_member_address` `nma` ON `nm`.`member_id`=`nma`.`member_id` WHERE  `nma`.`is_default` = 1  AND `nma`.`province_id` = 220000  AND `nm`.`is_delete` = 0  AND `is_delete` = 0 GROUP BY `nm`.`member_id` ) `_group_count_` [ RunTime:0.000377s ]
[2022-11-27T12:32:06+08:00][sql] SELECT COUNT(*) AS think_count FROM ( SELECT count(*) AS think_count FROM `gxfc_member` `nm` LEFT JOIN `gxfc_member_address` `nma` ON `nm`.`member_id`=`nma`.`member_id` WHERE  `nma`.`is_default` = 1  AND `nma`.`province_id` = 230000  AND `nm`.`is_delete` = 0  AND `is_delete` = 0 GROUP BY `nm`.`member_id` ) `_group_count_` [ RunTime:0.000337s ]
[2022-11-27T12:32:06+08:00][sql] SELECT COUNT(*) AS think_count FROM ( SELECT count(*) AS think_count FROM `gxfc_member` `nm` LEFT JOIN `gxfc_member_address` `nma` ON `nm`.`member_id`=`nma`.`member_id` WHERE  `nma`.`is_default` = 1  AND `nma`.`province_id` = 310000  AND `nm`.`is_delete` = 0  AND `is_delete` = 0 GROUP BY `nm`.`member_id` ) `_group_count_` [ RunTime:0.000365s ]
[2022-11-27T12:32:06+08:00][sql] SELECT COUNT(*) AS think_count FROM ( SELECT count(*) AS think_count FROM `gxfc_member` `nm` LEFT JOIN `gxfc_member_address` `nma` ON `nm`.`member_id`=`nma`.`member_id` WHERE  `nma`.`is_default` = 1  AND `nma`.`province_id` = 320000  AND `nm`.`is_delete` = 0  AND `is_delete` = 0 GROUP BY `nm`.`member_id` ) `_group_count_` [ RunTime:0.000384s ]
[2022-11-27T12:32:06+08:00][sql] SELECT COUNT(*) AS think_count FROM ( SELECT count(*) AS think_count FROM `gxfc_member` `nm` LEFT JOIN `gxfc_member_address` `nma` ON `nm`.`member_id`=`nma`.`member_id` WHERE  `nma`.`is_default` = 1  AND `nma`.`province_id` = 330000  AND `nm`.`is_delete` = 0  AND `is_delete` = 0 GROUP BY `nm`.`member_id` ) `_group_count_` [ RunTime:0.000356s ]
[2022-11-27T12:32:06+08:00][sql] SELECT COUNT(*) AS think_count FROM ( SELECT count(*) AS think_count FROM `gxfc_member` `nm` LEFT JOIN `gxfc_member_address` `nma` ON `nm`.`member_id`=`nma`.`member_id` WHERE  `nma`.`is_default` = 1  AND `nma`.`province_id` = 340000  AND `nm`.`is_delete` = 0  AND `is_delete` = 0 GROUP BY `nm`.`member_id` ) `_group_count_` [ RunTime:0.000348s ]
[2022-11-27T12:32:06+08:00][sql] SELECT COUNT(*) AS think_count FROM ( SELECT count(*) AS think_count FROM `gxfc_member` `nm` LEFT JOIN `gxfc_member_address` `nma` ON `nm`.`member_id`=`nma`.`member_id` WHERE  `nma`.`is_default` = 1  AND `nma`.`province_id` = 350000  AND `nm`.`is_delete` = 0  AND `is_delete` = 0 GROUP BY `nm`.`member_id` ) `_group_count_` [ RunTime:0.000409s ]
[2022-11-27T12:32:06+08:00][sql] SELECT COUNT(*) AS think_count FROM ( SELECT count(*) AS think_count FROM `gxfc_member` `nm` LEFT JOIN `gxfc_member_address` `nma` ON `nm`.`member_id`=`nma`.`member_id` WHERE  `nma`.`is_default` = 1  AND `nma`.`province_id` = 360000  AND `nm`.`is_delete` = 0  AND `is_delete` = 0 GROUP BY `nm`.`member_id` ) `_group_count_` [ RunTime:0.000395s ]
[2022-11-27T12:32:06+08:00][sql] SELECT COUNT(*) AS think_count FROM ( SELECT count(*) AS think_count FROM `gxfc_member` `nm` LEFT JOIN `gxfc_member_address` `nma` ON `nm`.`member_id`=`nma`.`member_id` WHERE  `nma`.`is_default` = 1  AND `nma`.`province_id` = 370000  AND `nm`.`is_delete` = 0  AND `is_delete` = 0 GROUP BY `nm`.`member_id` ) `_group_count_` [ RunTime:0.000360s ]
[2022-11-27T12:32:06+08:00][sql] SELECT COUNT(*) AS think_count FROM ( SELECT count(*) AS think_count FROM `gxfc_member` `nm` LEFT JOIN `gxfc_member_address` `nma` ON `nm`.`member_id`=`nma`.`member_id` WHERE  `nma`.`is_default` = 1  AND `nma`.`province_id` = 410000  AND `nm`.`is_delete` = 0  AND `is_delete` = 0 GROUP BY `nm`.`member_id` ) `_group_count_` [ RunTime:0.000357s ]
[2022-11-27T12:32:06+08:00][sql] SELECT COUNT(*) AS think_count FROM ( SELECT count(*) AS think_count FROM `gxfc_member` `nm` LEFT JOIN `gxfc_member_address` `nma` ON `nm`.`member_id`=`nma`.`member_id` WHERE  `nma`.`is_default` = 1  AND `nma`.`province_id` = 420000  AND `nm`.`is_delete` = 0  AND `is_delete` = 0 GROUP BY `nm`.`member_id` ) `_group_count_` [ RunTime:0.000471s ]
[2022-11-27T12:32:06+08:00][sql] SELECT COUNT(*) AS think_count FROM ( SELECT count(*) AS think_count FROM `gxfc_member` `nm` LEFT JOIN `gxfc_member_address` `nma` ON `nm`.`member_id`=`nma`.`member_id` WHERE  `nma`.`is_default` = 1  AND `nma`.`province_id` = 430000  AND `nm`.`is_delete` = 0  AND `is_delete` = 0 GROUP BY `nm`.`member_id` ) `_group_count_` [ RunTime:0.000369s ]
[2022-11-27T12:32:06+08:00][sql] SELECT COUNT(*) AS think_count FROM ( SELECT count(*) AS think_count FROM `gxfc_member` `nm` LEFT JOIN `gxfc_member_address` `nma` ON `nm`.`member_id`=`nma`.`member_id` WHERE  `nma`.`is_default` = 1  AND `nma`.`province_id` = 440000  AND `nm`.`is_delete` = 0  AND `is_delete` = 0 GROUP BY `nm`.`member_id` ) `_group_count_` [ RunTime:0.000390s ]
[2022-11-27T12:32:06+08:00][sql] SELECT COUNT(*) AS think_count FROM ( SELECT count(*) AS think_count FROM `gxfc_member` `nm` LEFT JOIN `gxfc_member_address` `nma` ON `nm`.`member_id`=`nma`.`member_id` WHERE  `nma`.`is_default` = 1  AND `nma`.`province_id` = 450000  AND `nm`.`is_delete` = 0  AND `is_delete` = 0 GROUP BY `nm`.`member_id` ) `_group_count_` [ RunTime:0.000390s ]
[2022-11-27T12:32:06+08:00][sql] SELECT COUNT(*) AS think_count FROM ( SELECT count(*) AS think_count FROM `gxfc_member` `nm` LEFT JOIN `gxfc_member_address` `nma` ON `nm`.`member_id`=`nma`.`member_id` WHERE  `nma`.`is_default` = 1  AND `nma`.`province_id` = 460000  AND `nm`.`is_delete` = 0  AND `is_delete` = 0 GROUP BY `nm`.`member_id` ) `_group_count_` [ RunTime:0.000382s ]
[2022-11-27T12:32:06+08:00][sql] SELECT COUNT(*) AS think_count FROM ( SELECT count(*) AS think_count FROM `gxfc_member` `nm` LEFT JOIN `gxfc_member_address` `nma` ON `nm`.`member_id`=`nma`.`member_id` WHERE  `nma`.`is_default` = 1  AND `nma`.`province_id` = 500000  AND `nm`.`is_delete` = 0  AND `is_delete` = 0 GROUP BY `nm`.`member_id` ) `_group_count_` [ RunTime:0.000366s ]
[2022-11-27T12:32:06+08:00][sql] SELECT COUNT(*) AS think_count FROM ( SELECT count(*) AS think_count FROM `gxfc_member` `nm` LEFT JOIN `gxfc_member_address` `nma` ON `nm`.`member_id`=`nma`.`member_id` WHERE  `nma`.`is_default` = 1  AND `nma`.`province_id` = 510000  AND `nm`.`is_delete` = 0  AND `is_delete` = 0 GROUP BY `nm`.`member_id` ) `_group_count_` [ RunTime:0.000378s ]
[2022-11-27T12:32:06+08:00][sql] SELECT COUNT(*) AS think_count FROM ( SELECT count(*) AS think_count FROM `gxfc_member` `nm` LEFT JOIN `gxfc_member_address` `nma` ON `nm`.`member_id`=`nma`.`member_id` WHERE  `nma`.`is_default` = 1  AND `nma`.`province_id` = 520000  AND `nm`.`is_delete` = 0  AND `is_delete` = 0 GROUP BY `nm`.`member_id` ) `_group_count_` [ RunTime:0.000391s ]
[2022-11-27T12:32:06+08:00][sql] SELECT COUNT(*) AS think_count FROM ( SELECT count(*) AS think_count FROM `gxfc_member` `nm` LEFT JOIN `gxfc_member_address` `nma` ON `nm`.`member_id`=`nma`.`member_id` WHERE  `nma`.`is_default` = 1  AND `nma`.`province_id` = 530000  AND `nm`.`is_delete` = 0  AND `is_delete` = 0 GROUP BY `nm`.`member_id` ) `_group_count_` [ RunTime:0.000395s ]
[2022-11-27T12:32:06+08:00][sql] SELECT COUNT(*) AS think_count FROM ( SELECT count(*) AS think_count FROM `gxfc_member` `nm` LEFT JOIN `gxfc_member_address` `nma` ON `nm`.`member_id`=`nma`.`member_id` WHERE  `nma`.`is_default` = 1  AND `nma`.`province_id` = 540000  AND `nm`.`is_delete` = 0  AND `is_delete` = 0 GROUP BY `nm`.`member_id` ) `_group_count_` [ RunTime:0.000431s ]
[2022-11-27T12:32:06+08:00][sql] SELECT COUNT(*) AS think_count FROM ( SELECT count(*) AS think_count FROM `gxfc_member` `nm` LEFT JOIN `gxfc_member_address` `nma` ON `nm`.`member_id`=`nma`.`member_id` WHERE  `nma`.`is_default` = 1  AND `nma`.`province_id` = 610000  AND `nm`.`is_delete` = 0  AND `is_delete` = 0 GROUP BY `nm`.`member_id` ) `_group_count_` [ RunTime:0.000431s ]
[2022-11-27T12:32:06+08:00][sql] SELECT COUNT(*) AS think_count FROM ( SELECT count(*) AS think_count FROM `gxfc_member` `nm` LEFT JOIN `gxfc_member_address` `nma` ON `nm`.`member_id`=`nma`.`member_id` WHERE  `nma`.`is_default` = 1  AND `nma`.`province_id` = 620000  AND `nm`.`is_delete` = 0  AND `is_delete` = 0 GROUP BY `nm`.`member_id` ) `_group_count_` [ RunTime:0.000395s ]
[2022-11-27T12:32:06+08:00][sql] SELECT COUNT(*) AS think_count FROM ( SELECT count(*) AS think_count FROM `gxfc_member` `nm` LEFT JOIN `gxfc_member_address` `nma` ON `nm`.`member_id`=`nma`.`member_id` WHERE  `nma`.`is_default` = 1  AND `nma`.`province_id` = 630000  AND `nm`.`is_delete` = 0  AND `is_delete` = 0 GROUP BY `nm`.`member_id` ) `_group_count_` [ RunTime:0.000357s ]
[2022-11-27T12:32:06+08:00][sql] SELECT COUNT(*) AS think_count FROM ( SELECT count(*) AS think_count FROM `gxfc_member` `nm` LEFT JOIN `gxfc_member_address` `nma` ON `nm`.`member_id`=`nma`.`member_id` WHERE  `nma`.`is_default` = 1  AND `nma`.`province_id` = 640000  AND `nm`.`is_delete` = 0  AND `is_delete` = 0 GROUP BY `nm`.`member_id` ) `_group_count_` [ RunTime:0.000472s ]
[2022-11-27T12:32:06+08:00][sql] SELECT COUNT(*) AS think_count FROM ( SELECT count(*) AS think_count FROM `gxfc_member` `nm` LEFT JOIN `gxfc_member_address` `nma` ON `nm`.`member_id`=`nma`.`member_id` WHERE  `nma`.`is_default` = 1  AND `nma`.`province_id` = 650000  AND `nm`.`is_delete` = 0  AND `is_delete` = 0 GROUP BY `nm`.`member_id` ) `_group_count_` [ RunTime:0.000348s ]
[2022-11-27T12:32:06+08:00][sql] SELECT COUNT(*) AS think_count FROM ( SELECT count(*) AS think_count FROM `gxfc_member` `nm` LEFT JOIN `gxfc_member_address` `nma` ON `nm`.`member_id`=`nma`.`member_id` WHERE  `nma`.`is_default` = 1  AND `nma`.`province_id` = 810000  AND `nm`.`is_delete` = 0  AND `is_delete` = 0 GROUP BY `nm`.`member_id` ) `_group_count_` [ RunTime:0.000333s ]
[2022-11-27T12:32:06+08:00][sql] SELECT COUNT(*) AS think_count FROM ( SELECT count(*) AS think_count FROM `gxfc_member` `nm` LEFT JOIN `gxfc_member_address` `nma` ON `nm`.`member_id`=`nma`.`member_id` WHERE  `nma`.`is_default` = 1  AND `nma`.`province_id` = 820000  AND `nm`.`is_delete` = 0  AND `is_delete` = 0 GROUP BY `nm`.`member_id` ) `_group_count_` [ RunTime:0.000402s ]
[2022-11-27T12:32:06+08:00][sql] SELECT COUNT(*) AS think_count FROM ( SELECT count(*) AS think_count FROM `gxfc_member` `nm` LEFT JOIN `gxfc_member_address` `nma` ON `nm`.`member_id`=`nma`.`member_id` WHERE  `nma`.`is_default` = 1  AND `nma`.`province_id` = 710000  AND `nm`.`is_delete` = 0  AND `is_delete` = 0 GROUP BY `nm`.`member_id` ) `_group_count_` [ RunTime:0.000395s ]
[2022-11-27T12:32:11+08:00][sql] CONNECT:[ UseTime:0.000444s ] mysql:host=127.0.0.1;port=3306;dbname=hunqin;charset=utf8
[2022-11-27T12:32:11+08:00][sql] SHOW FULL COLUMNS FROM `gxfc_addon` [ RunTime:0.000705s ]
[2022-11-27T12:32:11+08:00][sql] SELECT `name`,`title` FROM `gxfc_addon` WHERE  `name` = '' LIMIT 1 [ RunTime:0.000308s ]
