[2022-07-09T08:12:46+08:00][sql] CONNECT:[ UseTime:0.000211s ] mysql:host=localhost;port=3306;dbname=ls_chnssl_com;charset=utf8
[2022-07-09T08:12:46+08:00][sql] SHOW FULL COLUMNS FROM `gxfc_member` [ RunTime:0.001715s ]
[2022-07-09T08:12:46+08:00][sql] SELECT `member_id` FROM `gxfc_member` WHERE  `status` = 0 [ RunTime:0.000466s ]
[2022-07-09T08:12:46+08:00][sql] SHOW FULL COLUMNS FROM `gxfc_goods_cart` [ RunTime:0.002147s ]
[2022-07-09T08:12:46+08:00][sql] SELECT `gc`.`num` FROM `gxfc_goods_cart` `gc` LEFT JOIN `gxfc_goods_sku` `gs` ON `gc`.`sku_id`=`gs`.`sku_id` WHERE  `gc`.`member_id` = 5  AND `gs`.`goods_state` = 1  AND `gs`.`is_delete` = 0 ORDER BY `cart_id` DESC [ RunTime:0.000449s ]
[2022-07-09T08:12:46+08:00][sql] SHOW FULL COLUMNS FROM `gxfc_wholesale_goods_cart` [ RunTime:0.000855s ]
[2022-07-09T08:12:46+08:00][sql] SELECT COUNT(*) AS think_count FROM `gxfc_wholesale_goods_cart` `nwgc` INNER JOIN `gxfc_goods_sku` `ngs` ON `nwgc`.`sku_id`=`ngs`.`sku_id` INNER JOIN `gxfc_wholesale_goods_sku` `wgs` ON `nwgc`.`sku_id`=`wgs`.`sku_id` INNER JOIN `gxfc_shop` `s` ON `s`.`site_id`=`nwgc`.`site_id` WHERE  `nwgc`.`member_id` = 5 [ RunTime:0.000329s ]
[2022-07-09T08:12:46+08:00][sql] CONNECT:[ UseTime:0.000270s ] mysql:host=localhost;port=3306;dbname=ls_chnssl_com;charset=utf8
[2022-07-09T08:12:46+08:00][sql] SHOW FULL COLUMNS FROM `gxfc_member` [ RunTime:0.001081s ]
[2022-07-09T08:12:46+08:00][sql] CONNECT:[ UseTime:0.000197s ] mysql:host=localhost;port=3306;dbname=ls_chnssl_com;charset=utf8
[2022-07-09T08:12:46+08:00][sql] SELECT `member_id` FROM `gxfc_member` WHERE  `status` = 0 [ RunTime:0.000243s ]
[2022-07-09T08:12:46+08:00][sql] SHOW FULL COLUMNS FROM `gxfc_member` [ RunTime:0.001215s ]
[2022-07-09T08:12:46+08:00][sql] SELECT `member_id` FROM `gxfc_member` WHERE  `status` = 0 [ RunTime:0.000225s ]
[2022-07-09T08:12:46+08:00][sql] SHOW FULL COLUMNS FROM `gxfc_goods_cart` [ RunTime:0.000794s ]
[2022-07-09T08:12:46+08:00][sql] SELECT `gc`.`num` FROM `gxfc_goods_cart` `gc` LEFT JOIN `gxfc_goods_sku` `gs` ON `gc`.`sku_id`=`gs`.`sku_id` WHERE  `gc`.`member_id` = 5  AND `gs`.`goods_state` = 1  AND `gs`.`is_delete` = 0 ORDER BY `cart_id` DESC [ RunTime:0.000295s ]
[2022-07-09T08:12:46+08:00][sql] CONNECT:[ UseTime:0.000292s ] mysql:host=localhost;port=3306;dbname=ls_chnssl_com;charset=utf8
[2022-07-09T08:12:46+08:00][sql] SHOW FULL COLUMNS FROM `gxfc_goods_sku` [ RunTime:0.001458s ]
[2022-07-09T08:12:46+08:00][sql] SELECT `gs`.`goods_id`,`gs`.`sku_id`,`gs`.`goods_name`,`gs`.`sku_name`,`gs`.`sku_spec_format`,`gs`.`price`,`gs`.`market_price`,`gs`.`discount_price`,`gs`.`promotion_type`,`gs`.`start_time`,`gs`.`end_time`,`gs`.`stock`,`gs`.`click_num`,`g`.`sale_num`,`gs`.`collect_num`,`gs`.`sku_image`,`gs`.`sku_images`,`gs`.`site_id`,`gs`.`goods_content`,`gs`.`goods_state`,`gs`.`is_free_shipping`,`gs`.`goods_spec_format`,`gs`.`goods_attr_format`,`gs`.`introduction`,`gs`.`unit`,`gs`.`video_url`,`gs`.`evaluate`,`gs`.`is_virtual`,`gs`.`max_buy`,`gs`.`min_buy`,`g`.`goods_image`,`g`.`verify_state`,`is_sale` FROM `gxfc_goods_sku` `gs` INNER JOIN `gxfc_goods` `g` ON `g`.`goods_id`=`gs`.`goods_id` WHERE  `gs`.`sku_id` = '54'  AND `gs`.`is_delete` = 0 LIMIT 1 [ RunTime:0.000544s ]
[2022-07-09T08:12:46+08:00][sql] CONNECT:[ UseTime:0.000185s ] mysql:host=localhost;port=3306;dbname=ls_chnssl_com;charset=utf8
[2022-07-09T08:12:46+08:00][sql] SHOW FULL COLUMNS FROM `gxfc_member` [ RunTime:0.001215s ]
[2022-07-09T08:12:46+08:00][sql] SELECT `member_id` FROM `gxfc_member` WHERE  `status` = 0 [ RunTime:0.000215s ]
[2022-07-09T08:12:46+08:00][sql] SHOW FULL COLUMNS FROM `gxfc_goods_sku` [ RunTime:0.001387s ]
[2022-07-09T08:12:46+08:00][sql] SELECT COUNT(*) AS think_count FROM `gxfc_goods_sku` `gs` INNER JOIN `gxfc_goods` `g` ON `gs`.`sku_id`=`g`.`sku_id` INNER JOIN `gxfc_shop` `s` ON `s`.`site_id`=`gs`.`site_id` WHERE  `gs`.`goods_state` = 1  AND `gs`.`verify_state` = 1  AND `gs`.`is_delete` = 0  AND `s`.`shop_status` = 1 ORDER BY `gs`.`sort` ASC,`gs`.`create_time` DESC [ RunTime:0.000611s ]
[2022-07-09T08:12:46+08:00][sql] SHOW FULL COLUMNS FROM `gxfc_shop` [ RunTime:0.001264s ]
[2022-07-09T08:12:46+08:00][sql] SELECT `gs`.`goods_id`,`gs`.`sku_id`,`gs`.`sku_name`,`gs`.`price`,`gs`.`market_price`,`gs`.`discount_price`,`gs`.`stock`,`gs`.`sale_num`,`gs`.`sku_image`,`gs`.`goods_name`,`gs`.`site_id`,`gs`.`website_id`,`gs`.`is_own`,`gs`.`is_free_shipping`,`gs`.`introduction`,`gs`.`promotion_type`,`g`.`goods_image` FROM `gxfc_goods_sku` `gs` INNER JOIN `gxfc_goods` `g` ON `gs`.`sku_id`=`g`.`sku_id` INNER JOIN `gxfc_shop` `s` ON `s`.`site_id`=`gs`.`site_id` WHERE  `gs`.`goods_state` = 1  AND `gs`.`verify_state` = 1  AND `gs`.`is_delete` = 0  AND `s`.`shop_status` = 1 ORDER BY `gs`.`sort` ASC,`gs`.`create_time` DESC LIMIT 0,10 [ RunTime:0.000951s ]
[2022-07-09T08:12:46+08:00][sql] SELECT `site_id`,`site_name`,`is_own`,`logo`,`avatar`,`banner`,`seo_description`,`qq`,`ww`,`telephone`,`shop_desccredit`,`shop_servicecredit`,`shop_deliverycredit`,`shop_baozh`,`shop_baozhopen`,`shop_baozhrmb`,`shop_qtian`,`shop_zhping`,`shop_erxiaoshi`,`shop_tuihuo`,`shop_shiyong`,`shop_shiti`,`shop_xiaoxie`,`shop_sales`,`sub_num` FROM `gxfc_shop` WHERE  `site_id` = 14 LIMIT 1 [ RunTime:0.000323s ]
[2022-07-09T08:12:46+08:00][sql] SHOW FULL COLUMNS FROM `gxfc_goods` [ RunTime:0.003040s ]
[2022-07-09T08:12:46+08:00][sql] SHOW FULL COLUMNS FROM `gxfc_member` [ RunTime:0.001615s ]
[2022-07-09T08:12:46+08:00][sql] SELECT `promotion_addon` FROM `gxfc_goods` WHERE  `goods_id` = 38 LIMIT 1 [ RunTime:0.000338s ]
[2022-07-09T08:12:46+08:00][sql] SELECT `member_id` FROM `gxfc_member` WHERE  `status` = 0 [ RunTime:0.000228s ]
[2022-07-09T08:12:46+08:00][sql] SELECT `promotion_addon` FROM `gxfc_goods` WHERE  `goods_id` = 38 LIMIT 1 [ RunTime:0.000361s ]
[2022-07-09T08:12:46+08:00][sql] SELECT `promotion_addon` FROM `gxfc_goods` WHERE  `goods_id` = 38 LIMIT 1 [ RunTime:0.000238s ]
[2022-07-09T08:12:46+08:00][sql] SELECT `promotion_addon` FROM `gxfc_goods` WHERE  `goods_id` = 38 LIMIT 1 [ RunTime:0.000259s ]
[2022-07-09T08:12:46+08:00][sql] SELECT `promotion_addon` FROM `gxfc_goods` WHERE  `goods_id` = 38 LIMIT 1 [ RunTime:0.000257s ]
[2022-07-09T08:12:46+08:00][sql] SELECT `promotion_addon` FROM `gxfc_goods` WHERE  `goods_id` = 38 LIMIT 1 [ RunTime:0.000258s ]
[2022-07-09T08:12:46+08:00][sql] SELECT `promotion_addon` FROM `gxfc_goods` WHERE  `goods_id` = 38 LIMIT 1 [ RunTime:0.000262s ]
[2022-07-09T08:12:46+08:00][sql] SELECT `promotion_addon` FROM `gxfc_goods` WHERE  `goods_id` = 38 LIMIT 1 [ RunTime:0.000249s ]
[2022-07-09T08:12:46+08:00][sql] CONNECT:[ UseTime:0.000265s ] mysql:host=localhost;port=3306;dbname=ls_chnssl_com;charset=utf8
[2022-07-09T08:12:46+08:00][sql] SHOW FULL COLUMNS FROM `gxfc_member` [ RunTime:0.001080s ]
[2022-07-09T08:12:46+08:00][sql] SELECT `member_id` FROM `gxfc_member` WHERE  `status` = 0 [ RunTime:0.000196s ]
[2022-07-09T08:12:46+08:00][sql] SHOW FULL COLUMNS FROM `gxfc_goods_collect` [ RunTime:0.000677s ]
[2022-07-09T08:12:46+08:00][sql] SELECT `collect_id` FROM `gxfc_goods_collect` WHERE  `member_id` = 5  AND `goods_id` = 38 LIMIT 1 [ RunTime:0.000176s ]
[2022-07-09T08:12:47+08:00][sql] CONNECT:[ UseTime:0.000452s ] mysql:host=localhost;port=3306;dbname=ls_chnssl_com;charset=utf8
[2022-07-09T08:12:47+08:00][sql] SHOW FULL COLUMNS FROM `gxfc_goods_sku` [ RunTime:0.001534s ]
[2022-07-09T08:12:47+08:00][sql] UPDATE `gxfc_goods_sku`  SET `click_num` = `click_num` + 1  WHERE  `sku_id` = 54 [ RunTime:0.022408s ]
[2022-07-09T08:12:47+08:00][sql] CONNECT:[ UseTime:0.000178s ] mysql:host=localhost;port=3306;dbname=ls_chnssl_com;charset=utf8
[2022-07-09T08:12:47+08:00][sql] SHOW FULL COLUMNS FROM `gxfc_member` [ RunTime:0.000979s ]
[2022-07-09T08:12:47+08:00][sql] SELECT `member_id` FROM `gxfc_member` WHERE  `status` = 0 [ RunTime:0.000185s ]
[2022-07-09T08:12:47+08:00][sql] SHOW FULL COLUMNS FROM `gxfc_goods_sku` [ RunTime:0.001017s ]
[2022-07-09T08:12:47+08:00][sql] SELECT `sku_id`,`sku_name`,`sku_spec_format`,`price`,`market_price`,`discount_price`,`promotion_type`,`start_time`,`end_time`,`stock`,`click_num`,`sale_num`,`collect_num`,`sku_image`,`sku_images`,`goods_id`,`site_id`,`goods_content`,`goods_state`,`verify_state`,`is_virtual`,`is_free_shipping`,`goods_spec_format`,`goods_attr_format`,`introduction`,`unit`,`video_url`,`max_buy`,`min_buy` FROM `gxfc_goods_sku` WHERE  `sku_id` = 54 LIMIT 1 [ RunTime:0.000318s ]
[2022-07-09T08:12:47+08:00][sql] SHOW FULL COLUMNS FROM `gxfc_goods_browse` [ RunTime:0.000626s ]
[2022-07-09T08:12:47+08:00][sql] SELECT `site_id`,`id` FROM `gxfc_goods_browse` WHERE  `member_id` = 5  AND `goods_id` = 38 LIMIT 1 [ RunTime:0.000198s ]
[2022-07-09T08:12:47+08:00][sql] UPDATE `gxfc_goods_browse`  SET `member_id` = 5 , `goods_id` = 38 , `sku_id` = 54 , `site_id` = 14 , `browse_time` = 1657325567  WHERE  `id` = 125 [ RunTime:0.004500s ]
[2022-07-09T08:12:47+08:00][sql] SHOW FULL COLUMNS FROM `gxfc_stat_shop` [ RunTime:0.000742s ]
[2022-07-09T08:12:47+08:00][sql] SELECT `id` FROM `gxfc_stat_shop` WHERE  `site_id` = 14  AND `year` = 2022  AND `month` = 7  AND `day` = 9 LIMIT 1 [ RunTime:0.000165s ]
[2022-07-09T08:12:47+08:00][sql] INSERT INTO `gxfc_stat_shop` SET `site_id` = 14 , `year` = 2022 , `month` = 7 , `day` = 9 , `day_time` = 1657296000 , `create_time` = 1657325567 , `visit_count` = 1 [ RunTime:0.005727s ]
[2022-07-09T08:12:47+08:00][sql] SELECT `id` FROM `gxfc_stat_shop` WHERE  `site_id` = 0  AND `year` = 2022  AND `month` = 7  AND `day` = 9 LIMIT 1 [ RunTime:0.000156s ]
[2022-07-09T08:12:47+08:00][sql] INSERT INTO `gxfc_stat_shop` SET `site_id` = 0 , `year` = 2022 , `month` = 7 , `day` = 9 , `day_time` = 1657296000 , `create_time` = 1657325567 , `visit_count` = 1 [ RunTime:0.003660s ]
[2022-07-09T08:12:47+08:00][sql] CONNECT:[ UseTime:0.000237s ] mysql:host=localhost;port=3306;dbname=ls_chnssl_com;charset=utf8
[2022-07-09T08:12:47+08:00][sql] SHOW FULL COLUMNS FROM `gxfc_goods_evaluate` [ RunTime:0.000920s ]
[2022-07-09T08:12:47+08:00][sql] SELECT `evaluate_id`,`order_goods_id`,`goods_id`,`sku_id`,`sku_name`,`sku_price`,`content`,`images`,`explain_first`,`member_name`,`member_headimg`,`member_id`,`is_anonymous`,`again_content`,`again_images`,`again_explain`,`create_time`,`again_time` FROM `gxfc_goods_evaluate` WHERE  `is_show` = 1  AND `is_audit` = 1  AND `goods_id` = 38 ORDER BY `create_time` DESC LIMIT 1 [ RunTime:0.000299s ]
