[2022-08-03T16:05:37+08:00][sql] CONNECT:[ UseTime:0.000344s ] mysql:host=127.0.0.1;port=3306;dbname=ls_ssl_com;charset=utf8
[2022-08-03T16:05:37+08:00][sql] SHOW FULL COLUMNS FROM `gxfc_user` [ RunTime:0.000945s ]
[2022-08-03T16:05:37+08:00][sql] SELECT `uid`,`app_module`,`app_group`,`is_admin`,`site_id`,`group_id`,`group_name`,`username`,`password`,`member_id`,`create_time`,`update_time`,`status`,`login_time`,`login_ip` FROM `gxfc_user` WHERE  `username` = 'admin'  AND `app_module` = 'admin' LIMIT 1 [ RunTime:0.000383s ]
[2022-08-03T16:05:37+08:00][sql] UPDATE `gxfc_user`  SET `login_time` = 1659513937 , `login_ip` = '171.113.164.146'  WHERE  `uid` = 1 [ RunTime:0.005837s ]
[2022-08-03T16:05:37+08:00][sql] SHOW FULL COLUMNS FROM `gxfc_user_log` [ RunTime:0.001060s ]
[2022-08-03T16:05:37+08:00][sql] INSERT INTO `gxfc_user_log` SET `uid` = 1 , `username` = 'admin' , `site_id` = 0 , `url` = 'admin/Login/login' , `ip` = '171.113.164.146' , `data` = '[]' , `action_name` = '用户登录' , `create_time` = 1659513937 [ RunTime:0.003693s ]
[2022-08-03T16:05:38+08:00][sql] CONNECT:[ UseTime:0.000342s ] mysql:host=127.0.0.1;port=3306;dbname=ls_ssl_com;charset=utf8
[2022-08-03T16:05:38+08:00][sql] SHOW FULL COLUMNS FROM `gxfc_group` [ RunTime:0.000981s ]
[2022-08-03T16:05:38+08:00][sql] SELECT * FROM `gxfc_group` WHERE  `group_id` = 1  AND `site_id` = 0  AND `app_module` = 'admin' LIMIT 1 [ RunTime:0.000364s ]
[2022-08-03T16:05:38+08:00][sql] SHOW FULL COLUMNS FROM `gxfc_menu` [ RunTime:0.000861s ]
[2022-08-03T16:05:38+08:00][sql] SELECT * FROM `gxfc_menu` WHERE  `app_module` = 'admin'  AND `is_show` = 1 ORDER BY `sort` ASC [ RunTime:0.001638s ]
[2022-08-03T16:05:38+08:00][sql] SELECT `id`,`app_module`,`name`,`title`,`parent`,`level`,`url`,`is_show`,`sort`,`desc`,`picture`,`is_icon`,`picture_select`,`is_control`,`addon` FROM `gxfc_menu` WHERE  `url` = 'admin/Index/index'  AND `app_module` = 'admin' ORDER BY `level` DESC LIMIT 1 [ RunTime:0.000378s ]
[2022-08-03T16:05:38+08:00][sql] SELECT `id`,`app_module`,`name`,`title`,`parent`,`level`,`url`,`is_show`,`sort`,`desc`,`picture`,`is_icon`,`picture_select`,`is_control`,`addon` FROM `gxfc_menu` WHERE  `name` = 'INDEX_ROOT'  AND `app_module` = 'admin' LIMIT 1 [ RunTime:0.000334s ]
[2022-08-03T16:05:38+08:00][sql] SELECT `title`,`logo`,`desc`,`keywords`,`web_status`,`close_reason` FROM `gxfc_website` WHERE  `site_id` = 0 LIMIT 1 [ RunTime:0.000259s ]
[2022-08-03T16:05:38+08:00][sql] SELECT `site_id`,`app_module`,`config_key`,`value`,`config_desc`,`is_use`,`create_time`,`modify_time` FROM `gxfc_config` WHERE  `site_id` = 0  AND `app_module` = 'admin'  AND `config_key` = 'DEFAULT_IMAGE' LIMIT 1 [ RunTime:0.000254s ]
[2022-08-03T16:05:38+08:00][sql] SHOW FULL COLUMNS FROM `gxfc_stat_shop` [ RunTime:0.001217s ]
[2022-08-03T16:05:38+08:00][sql] SELECT `id`,`site_id`,`year`,`month`,`day`,`order_total`,`shipping_total`,`refund_total`,`order_pay_count`,`goods_pay_count`,`shop_money`,`platform_money`,`create_time`,`modify_time`,`collect_shop`,`collect_goods`,`visit_count`,`order_count`,`goods_count`,`add_goods_count`,`day_time`,`member_count` FROM `gxfc_stat_shop` WHERE  `site_id` = 0  AND `year` = 2022  AND `month` = 8  AND `day` = 3 LIMIT 1 [ RunTime:0.000266s ]
[2022-08-03T16:05:38+08:00][sql] INSERT INTO `gxfc_stat_shop` SET `site_id` = 0 , `year` = 2022 , `month` = 8 , `day` = 3 , `day_time` = 1659456000 [ RunTime:0.005058s ]
[2022-08-03T16:05:38+08:00][sql] SELECT `id`,`site_id`,`year`,`month`,`day`,`order_total`,`shipping_total`,`refund_total`,`order_pay_count`,`goods_pay_count`,`shop_money`,`platform_money`,`create_time`,`modify_time`,`collect_shop`,`collect_goods`,`visit_count`,`order_count`,`goods_count`,`add_goods_count`,`day_time`,`member_count` FROM `gxfc_stat_shop` WHERE  `site_id` = 0  AND `year` = 2022  AND `month` = 8  AND `day` = 3  AND `day_time` = 1659456000 LIMIT 1 [ RunTime:0.000300s ]
[2022-08-03T16:05:38+08:00][sql] SELECT `id`,`site_id`,`year`,`month`,`day`,`order_total`,`shipping_total`,`refund_total`,`order_pay_count`,`goods_pay_count`,`shop_money`,`platform_money`,`create_time`,`modify_time`,`collect_shop`,`collect_goods`,`visit_count`,`order_count`,`goods_count`,`add_goods_count`,`day_time`,`member_count` FROM `gxfc_stat_shop` WHERE  `site_id` = 0  AND `year` = 2022  AND `month` = 8  AND `day` = 3 LIMIT 1 [ RunTime:0.000300s ]
[2022-08-03T16:05:38+08:00][sql] SELECT `id`,`site_id`,`year`,`month`,`day`,`order_total`,`shipping_total`,`refund_total`,`order_pay_count`,`goods_pay_count`,`shop_money`,`platform_money`,`create_time`,`modify_time`,`collect_shop`,`collect_goods`,`visit_count`,`order_count`,`goods_count`,`add_goods_count`,`day_time`,`member_count` FROM `gxfc_stat_shop` WHERE  `site_id` = 0  AND `year` = 2022  AND `month` = 8  AND `day` = 2 LIMIT 1 [ RunTime:0.000288s ]
[2022-08-03T16:05:38+08:00][sql] INSERT INTO `gxfc_stat_shop` SET `site_id` = 0 , `year` = 2022 , `month` = 8 , `day` = 2 , `day_time` = 1659456000 [ RunTime:0.006212s ]
[2022-08-03T16:05:38+08:00][sql] SELECT `id`,`site_id`,`year`,`month`,`day`,`order_total`,`shipping_total`,`refund_total`,`order_pay_count`,`goods_pay_count`,`shop_money`,`platform_money`,`create_time`,`modify_time`,`collect_shop`,`collect_goods`,`visit_count`,`order_count`,`goods_count`,`add_goods_count`,`day_time`,`member_count` FROM `gxfc_stat_shop` WHERE  `site_id` = 0  AND `year` = 2022  AND `month` = 8  AND `day` = 2  AND `day_time` = 1659456000 LIMIT 1 [ RunTime:0.000280s ]
[2022-08-03T16:05:38+08:00][sql] SELECT `id`,`site_id`,`year`,`month`,`day`,`order_total`,`shipping_total`,`refund_total`,`order_pay_count`,`goods_pay_count`,`shop_money`,`platform_money`,`create_time`,`modify_time`,`collect_shop`,`collect_goods`,`visit_count`,`order_count`,`goods_count`,`add_goods_count`,`day_time`,`member_count` FROM `gxfc_stat_shop` WHERE  `site_id` = 0  AND `year` = 2022  AND `month` = 07  AND `day` = 25 LIMIT 1 [ RunTime:0.000297s ]
[2022-08-03T16:05:38+08:00][sql] INSERT INTO `gxfc_stat_shop` SET `site_id` = 0 , `year` = 2022 , `month` = 07 , `day` = 25 , `day_time` = 1659456000 [ RunTime:0.003782s ]
[2022-08-03T16:05:38+08:00][sql] SELECT `id`,`site_id`,`year`,`month`,`day`,`order_total`,`shipping_total`,`refund_total`,`order_pay_count`,`goods_pay_count`,`shop_money`,`platform_money`,`create_time`,`modify_time`,`collect_shop`,`collect_goods`,`visit_count`,`order_count`,`goods_count`,`add_goods_count`,`day_time`,`member_count` FROM `gxfc_stat_shop` WHERE  `site_id` = 0  AND `year` = 2022  AND `month` = 07  AND `day` = 25  AND `day_time` = 1659456000 LIMIT 1 [ RunTime:0.000292s ]
[2022-08-03T16:05:38+08:00][sql] SELECT `id`,`site_id`,`year`,`month`,`day`,`order_total`,`shipping_total`,`refund_total`,`order_pay_count`,`goods_pay_count`,`shop_money`,`platform_money`,`create_time`,`modify_time`,`collect_shop`,`collect_goods`,`visit_count`,`order_count`,`goods_count`,`add_goods_count`,`day_time`,`member_count` FROM `gxfc_stat_shop` WHERE  `site_id` = 0  AND `year` = 2022  AND `month` = 07  AND `day` = 26 LIMIT 1 [ RunTime:0.000367s ]
[2022-08-03T16:05:38+08:00][sql] INSERT INTO `gxfc_stat_shop` SET `site_id` = 0 , `year` = 2022 , `month` = 07 , `day` = 26 , `day_time` = 1659456000 [ RunTime:0.006920s ]
[2022-08-03T16:05:38+08:00][sql] SELECT `id`,`site_id`,`year`,`month`,`day`,`order_total`,`shipping_total`,`refund_total`,`order_pay_count`,`goods_pay_count`,`shop_money`,`platform_money`,`create_time`,`modify_time`,`collect_shop`,`collect_goods`,`visit_count`,`order_count`,`goods_count`,`add_goods_count`,`day_time`,`member_count` FROM `gxfc_stat_shop` WHERE  `site_id` = 0  AND `year` = 2022  AND `month` = 07  AND `day` = 26  AND `day_time` = 1659456000 LIMIT 1 [ RunTime:0.000287s ]
[2022-08-03T16:05:38+08:00][sql] SELECT `id`,`site_id`,`year`,`month`,`day`,`order_total`,`shipping_total`,`refund_total`,`order_pay_count`,`goods_pay_count`,`shop_money`,`platform_money`,`create_time`,`modify_time`,`collect_shop`,`collect_goods`,`visit_count`,`order_count`,`goods_count`,`add_goods_count`,`day_time`,`member_count` FROM `gxfc_stat_shop` WHERE  `site_id` = 0  AND `year` = 2022  AND `month` = 07  AND `day` = 27 LIMIT 1 [ RunTime:0.000259s ]
[2022-08-03T16:05:38+08:00][sql] INSERT INTO `gxfc_stat_shop` SET `site_id` = 0 , `year` = 2022 , `month` = 07 , `day` = 27 , `day_time` = 1659456000 [ RunTime:0.004536s ]
[2022-08-03T16:05:38+08:00][sql] SELECT `id`,`site_id`,`year`,`month`,`day`,`order_total`,`shipping_total`,`refund_total`,`order_pay_count`,`goods_pay_count`,`shop_money`,`platform_money`,`create_time`,`modify_time`,`collect_shop`,`collect_goods`,`visit_count`,`order_count`,`goods_count`,`add_goods_count`,`day_time`,`member_count` FROM `gxfc_stat_shop` WHERE  `site_id` = 0  AND `year` = 2022  AND `month` = 07  AND `day` = 27  AND `day_time` = 1659456000 LIMIT 1 [ RunTime:0.000277s ]
[2022-08-03T16:05:38+08:00][sql] SELECT `id`,`site_id`,`year`,`month`,`day`,`order_total`,`shipping_total`,`refund_total`,`order_pay_count`,`goods_pay_count`,`shop_money`,`platform_money`,`create_time`,`modify_time`,`collect_shop`,`collect_goods`,`visit_count`,`order_count`,`goods_count`,`add_goods_count`,`day_time`,`member_count` FROM `gxfc_stat_shop` WHERE  `site_id` = 0  AND `year` = 2022  AND `month` = 07  AND `day` = 28 LIMIT 1 [ RunTime:0.000291s ]
[2022-08-03T16:05:38+08:00][sql] INSERT INTO `gxfc_stat_shop` SET `site_id` = 0 , `year` = 2022 , `month` = 07 , `day` = 28 , `day_time` = 1659456000 [ RunTime:0.005120s ]
[2022-08-03T16:05:38+08:00][sql] SELECT `id`,`site_id`,`year`,`month`,`day`,`order_total`,`shipping_total`,`refund_total`,`order_pay_count`,`goods_pay_count`,`shop_money`,`platform_money`,`create_time`,`modify_time`,`collect_shop`,`collect_goods`,`visit_count`,`order_count`,`goods_count`,`add_goods_count`,`day_time`,`member_count` FROM `gxfc_stat_shop` WHERE  `site_id` = 0  AND `year` = 2022  AND `month` = 07  AND `day` = 28  AND `day_time` = 1659456000 LIMIT 1 [ RunTime:0.000314s ]
[2022-08-03T16:05:38+08:00][sql] SELECT `id`,`site_id`,`year`,`month`,`day`,`order_total`,`shipping_total`,`refund_total`,`order_pay_count`,`goods_pay_count`,`shop_money`,`platform_money`,`create_time`,`modify_time`,`collect_shop`,`collect_goods`,`visit_count`,`order_count`,`goods_count`,`add_goods_count`,`day_time`,`member_count` FROM `gxfc_stat_shop` WHERE  `site_id` = 0  AND `year` = 2022  AND `month` = 07  AND `day` = 29 LIMIT 1 [ RunTime:0.000251s ]
[2022-08-03T16:05:38+08:00][sql] INSERT INTO `gxfc_stat_shop` SET `site_id` = 0 , `year` = 2022 , `month` = 07 , `day` = 29 , `day_time` = 1659456000 [ RunTime:0.006067s ]
[2022-08-03T16:05:38+08:00][sql] SELECT `id`,`site_id`,`year`,`month`,`day`,`order_total`,`shipping_total`,`refund_total`,`order_pay_count`,`goods_pay_count`,`shop_money`,`platform_money`,`create_time`,`modify_time`,`collect_shop`,`collect_goods`,`visit_count`,`order_count`,`goods_count`,`add_goods_count`,`day_time`,`member_count` FROM `gxfc_stat_shop` WHERE  `site_id` = 0  AND `year` = 2022  AND `month` = 07  AND `day` = 29  AND `day_time` = 1659456000 LIMIT 1 [ RunTime:0.000278s ]
[2022-08-03T16:05:38+08:00][sql] SELECT `id`,`site_id`,`year`,`month`,`day`,`order_total`,`shipping_total`,`refund_total`,`order_pay_count`,`goods_pay_count`,`shop_money`,`platform_money`,`create_time`,`modify_time`,`collect_shop`,`collect_goods`,`visit_count`,`order_count`,`goods_count`,`add_goods_count`,`day_time`,`member_count` FROM `gxfc_stat_shop` WHERE  `site_id` = 0  AND `year` = 2022  AND `month` = 07  AND `day` = 30 LIMIT 1 [ RunTime:0.000256s ]
[2022-08-03T16:05:38+08:00][sql] INSERT INTO `gxfc_stat_shop` SET `site_id` = 0 , `year` = 2022 , `month` = 07 , `day` = 30 , `day_time` = 1659456000 [ RunTime:0.003932s ]
[2022-08-03T16:05:38+08:00][sql] SELECT `id`,`site_id`,`year`,`month`,`day`,`order_total`,`shipping_total`,`refund_total`,`order_pay_count`,`goods_pay_count`,`shop_money`,`platform_money`,`create_time`,`modify_time`,`collect_shop`,`collect_goods`,`visit_count`,`order_count`,`goods_count`,`add_goods_count`,`day_time`,`member_count` FROM `gxfc_stat_shop` WHERE  `site_id` = 0  AND `year` = 2022  AND `month` = 07  AND `day` = 30  AND `day_time` = 1659456000 LIMIT 1 [ RunTime:0.000278s ]
[2022-08-03T16:05:38+08:00][sql] SELECT `id`,`site_id`,`year`,`month`,`day`,`order_total`,`shipping_total`,`refund_total`,`order_pay_count`,`goods_pay_count`,`shop_money`,`platform_money`,`create_time`,`modify_time`,`collect_shop`,`collect_goods`,`visit_count`,`order_count`,`goods_count`,`add_goods_count`,`day_time`,`member_count` FROM `gxfc_stat_shop` WHERE  `site_id` = 0  AND `year` = 2022  AND `month` = 07  AND `day` = 31 LIMIT 1 [ RunTime:0.000308s ]
[2022-08-03T16:05:38+08:00][sql] INSERT INTO `gxfc_stat_shop` SET `site_id` = 0 , `year` = 2022 , `month` = 07 , `day` = 31 , `day_time` = 1659456000 [ RunTime:0.005266s ]
[2022-08-03T16:05:38+08:00][sql] SELECT `id`,`site_id`,`year`,`month`,`day`,`order_total`,`shipping_total`,`refund_total`,`order_pay_count`,`goods_pay_count`,`shop_money`,`platform_money`,`create_time`,`modify_time`,`collect_shop`,`collect_goods`,`visit_count`,`order_count`,`goods_count`,`add_goods_count`,`day_time`,`member_count` FROM `gxfc_stat_shop` WHERE  `site_id` = 0  AND `year` = 2022  AND `month` = 07  AND `day` = 31  AND `day_time` = 1659456000 LIMIT 1 [ RunTime:0.000291s ]
[2022-08-03T16:05:38+08:00][sql] SELECT `id`,`site_id`,`year`,`month`,`day`,`order_total`,`shipping_total`,`refund_total`,`order_pay_count`,`goods_pay_count`,`shop_money`,`platform_money`,`create_time`,`modify_time`,`collect_shop`,`collect_goods`,`visit_count`,`order_count`,`goods_count`,`add_goods_count`,`day_time`,`member_count` FROM `gxfc_stat_shop` WHERE  `site_id` = 0  AND `year` = 2022  AND `month` = 08  AND `day` = 01 LIMIT 1 [ RunTime:0.000288s ]
[2022-08-03T16:05:38+08:00][sql] INSERT INTO `gxfc_stat_shop` SET `site_id` = 0 , `year` = 2022 , `month` = 08 , `day` = 01 , `day_time` = 1659456000 [ RunTime:0.013223s ]
[2022-08-03T16:05:38+08:00][sql] SELECT `id`,`site_id`,`year`,`month`,`day`,`order_total`,`shipping_total`,`refund_total`,`order_pay_count`,`goods_pay_count`,`shop_money`,`platform_money`,`create_time`,`modify_time`,`collect_shop`,`collect_goods`,`visit_count`,`order_count`,`goods_count`,`add_goods_count`,`day_time`,`member_count` FROM `gxfc_stat_shop` WHERE  `site_id` = 0  AND `year` = 2022  AND `month` = 08  AND `day` = 01  AND `day_time` = 1659456000 LIMIT 1 [ RunTime:0.000327s ]
[2022-08-03T16:05:38+08:00][sql] SELECT `id`,`site_id`,`year`,`month`,`day`,`order_total`,`shipping_total`,`refund_total`,`order_pay_count`,`goods_pay_count`,`shop_money`,`platform_money`,`create_time`,`modify_time`,`collect_shop`,`collect_goods`,`visit_count`,`order_count`,`goods_count`,`add_goods_count`,`day_time`,`member_count` FROM `gxfc_stat_shop` WHERE  `site_id` = 0  AND `year` = 2022  AND `month` = 08  AND `day` = 02 LIMIT 1 [ RunTime:0.000285s ]
[2022-08-03T16:05:38+08:00][sql] SELECT `id`,`site_id`,`year`,`month`,`day`,`order_total`,`shipping_total`,`refund_total`,`order_pay_count`,`goods_pay_count`,`shop_money`,`platform_money`,`create_time`,`modify_time`,`collect_shop`,`collect_goods`,`visit_count`,`order_count`,`goods_count`,`add_goods_count`,`day_time`,`member_count` FROM `gxfc_stat_shop` WHERE  `site_id` = 0  AND `year` = 2022  AND `month` = 08  AND `day` = 03 LIMIT 1 [ RunTime:0.000318s ]
[2022-08-03T16:05:38+08:00][sql] SHOW FULL COLUMNS FROM `gxfc_order` [ RunTime:0.001812s ]
[2022-08-03T16:05:38+08:00][sql] SELECT COUNT(*) AS think_count FROM `gxfc_order` WHERE  `order_status` = 0  AND `is_delete` = 0 [ RunTime:0.000262s ]
[2022-08-03T16:05:38+08:00][sql] SELECT COUNT(*) AS think_count FROM `gxfc_order` WHERE  `order_status` = 1  AND `is_delete` = 0 [ RunTime:0.000222s ]
[2022-08-03T16:05:38+08:00][sql] SHOW FULL COLUMNS FROM `gxfc_order_goods` [ RunTime:0.001336s ]
[2022-08-03T16:05:38+08:00][sql] SELECT COUNT(*) AS think_count FROM `gxfc_order_goods` WHERE  `refund_status` NOT IN (0,3) [ RunTime:0.000209s ]
[2022-08-03T16:05:38+08:00][sql] SHOW FULL COLUMNS FROM `gxfc_goods` [ RunTime:0.002359s ]
[2022-08-03T16:05:38+08:00][sql] SELECT COUNT(*) AS think_count FROM `gxfc_goods` WHERE  `goods_state` = 1  AND `is_delete` = 0 [ RunTime:0.000218s ]
[2022-08-03T16:05:38+08:00][sql] SELECT COUNT(*) AS think_count FROM `gxfc_goods` WHERE  `goods_state` = 0  AND `is_delete` = 0 [ RunTime:0.000214s ]
[2022-08-03T16:05:38+08:00][sql] SHOW FULL COLUMNS FROM `gxfc_fenxiao_withdraw` [ RunTime:0.001109s ]
[2022-08-03T16:05:38+08:00][sql] SELECT COUNT(`id`) AS think_count FROM `gxfc_fenxiao_withdraw` WHERE  `status` = 1 [ RunTime:0.000193s ]
[2022-08-03T16:05:38+08:00][sql] SHOW FULL COLUMNS FROM `gxfc_fenxiao_apply` [ RunTime:0.001025s ]
[2022-08-03T16:05:38+08:00][sql] SELECT COUNT(`apply_id`) AS think_count FROM `gxfc_fenxiao_apply` WHERE  `status` = 1 [ RunTime:0.000189s ]
[2022-08-03T16:05:38+08:00][sql] SHOW FULL COLUMNS FROM `gxfc_order_complain` [ RunTime:0.001116s ]
[2022-08-03T16:05:38+08:00][sql] SELECT COUNT(*) AS think_count FROM `gxfc_order_complain` WHERE  `complain_status` = 1 [ RunTime:0.000234s ]
[2022-08-03T16:05:38+08:00][sql] SELECT SUM(`order_money`) AS think_sum FROM `gxfc_order` [ RunTime:0.000191s ]
[2022-08-03T16:05:38+08:00][sql] SHOW FULL COLUMNS FROM `gxfc_member` [ RunTime:0.001262s ]
[2022-08-03T16:05:38+08:00][sql] SELECT COUNT(*) AS think_count FROM `gxfc_member` [ RunTime:0.000234s ]
[2022-08-03T16:05:38+08:00][sql] SHOW FULL COLUMNS FROM `gxfc_shop_apply` [ RunTime:0.001021s ]
[2022-08-03T16:05:38+08:00][sql] SELECT COUNT(*) AS think_count FROM `gxfc_shop_apply` WHERE  `create_time` BETWEEN 1659456000 AND 1659542399 [ RunTime:0.000221s ]
[2022-08-03T16:05:38+08:00][sql] SELECT COUNT(*) AS think_count FROM `gxfc_shop_apply` WHERE  `create_time` BETWEEN 1659369600 AND 1659455999 [ RunTime:0.000225s ]
[2022-08-03T16:05:38+08:00][sql] SHOW FULL COLUMNS FROM `gxfc_shop` [ RunTime:0.001043s ]
[2022-08-03T16:05:38+08:00][sql] SELECT COUNT(*) AS think_count FROM `gxfc_shop` WHERE  `create_time` BETWEEN 1659456000 AND 1659542399 [ RunTime:0.000204s ]
[2022-08-03T16:05:38+08:00][sql] SELECT COUNT(*) AS think_count FROM `gxfc_shop` [ RunTime:0.000181s ]
[2022-08-03T16:05:38+08:00][sql] SELECT COUNT(*) AS think_count FROM `gxfc_goods` [ RunTime:0.000174s ]
[2022-08-03T17:49:43+08:00][sql] CONNECT:[ UseTime:0.000376s ] mysql:host=127.0.0.1;port=3306;dbname=ls_ssl_com;charset=utf8
[2022-08-03T17:49:43+08:00][sql] SELECT `id`,`site_id`,`year`,`month`,`day`,`order_total`,`shipping_total`,`refund_total`,`order_pay_count`,`goods_pay_count`,`shop_money`,`platform_money`,`create_time`,`modify_time`,`collect_shop`,`collect_goods`,`visit_count`,`order_count`,`goods_count`,`add_goods_count`,`day_time`,`member_count` FROM `gxfc_stat_shop` WHERE  `site_id` = 0  AND `year` = 2022  AND `month` = 8  AND `day` = 3 LIMIT 1 [ RunTime:0.000443s ]
[2022-08-03T17:49:43+08:00][sql] SELECT `id`,`site_id`,`year`,`month`,`day`,`order_total`,`shipping_total`,`refund_total`,`order_pay_count`,`goods_pay_count`,`shop_money`,`platform_money`,`create_time`,`modify_time`,`collect_shop`,`collect_goods`,`visit_count`,`order_count`,`goods_count`,`add_goods_count`,`day_time`,`member_count` FROM `gxfc_stat_shop` WHERE  `site_id` = 0  AND `year` = 2022  AND `month` = 8  AND `day` = 3 LIMIT 1 [ RunTime:0.000328s ]
[2022-08-03T17:49:43+08:00][sql] SELECT `id`,`site_id`,`year`,`month`,`day`,`order_total`,`shipping_total`,`refund_total`,`order_pay_count`,`goods_pay_count`,`shop_money`,`platform_money`,`create_time`,`modify_time`,`collect_shop`,`collect_goods`,`visit_count`,`order_count`,`goods_count`,`add_goods_count`,`day_time`,`member_count` FROM `gxfc_stat_shop` WHERE  `site_id` = 0  AND `year` = 2022  AND `month` = 8  AND `day` = 2 LIMIT 1 [ RunTime:0.000314s ]
[2022-08-03T17:49:43+08:00][sql] SELECT `id`,`site_id`,`year`,`month`,`day`,`order_total`,`shipping_total`,`refund_total`,`order_pay_count`,`goods_pay_count`,`shop_money`,`platform_money`,`create_time`,`modify_time`,`collect_shop`,`collect_goods`,`visit_count`,`order_count`,`goods_count`,`add_goods_count`,`day_time`,`member_count` FROM `gxfc_stat_shop` WHERE  `site_id` = 0  AND `year` = 2022  AND `month` = 07  AND `day` = 25 LIMIT 1 [ RunTime:0.000330s ]
[2022-08-03T17:49:43+08:00][sql] SELECT `id`,`site_id`,`year`,`month`,`day`,`order_total`,`shipping_total`,`refund_total`,`order_pay_count`,`goods_pay_count`,`shop_money`,`platform_money`,`create_time`,`modify_time`,`collect_shop`,`collect_goods`,`visit_count`,`order_count`,`goods_count`,`add_goods_count`,`day_time`,`member_count` FROM `gxfc_stat_shop` WHERE  `site_id` = 0  AND `year` = 2022  AND `month` = 07  AND `day` = 26 LIMIT 1 [ RunTime:0.000298s ]
[2022-08-03T17:49:43+08:00][sql] SELECT `id`,`site_id`,`year`,`month`,`day`,`order_total`,`shipping_total`,`refund_total`,`order_pay_count`,`goods_pay_count`,`shop_money`,`platform_money`,`create_time`,`modify_time`,`collect_shop`,`collect_goods`,`visit_count`,`order_count`,`goods_count`,`add_goods_count`,`day_time`,`member_count` FROM `gxfc_stat_shop` WHERE  `site_id` = 0  AND `year` = 2022  AND `month` = 07  AND `day` = 27 LIMIT 1 [ RunTime:0.000339s ]
[2022-08-03T17:49:43+08:00][sql] SELECT `id`,`site_id`,`year`,`month`,`day`,`order_total`,`shipping_total`,`refund_total`,`order_pay_count`,`goods_pay_count`,`shop_money`,`platform_money`,`create_time`,`modify_time`,`collect_shop`,`collect_goods`,`visit_count`,`order_count`,`goods_count`,`add_goods_count`,`day_time`,`member_count` FROM `gxfc_stat_shop` WHERE  `site_id` = 0  AND `year` = 2022  AND `month` = 07  AND `day` = 28 LIMIT 1 [ RunTime:0.000302s ]
[2022-08-03T17:49:43+08:00][sql] SELECT `id`,`site_id`,`year`,`month`,`day`,`order_total`,`shipping_total`,`refund_total`,`order_pay_count`,`goods_pay_count`,`shop_money`,`platform_money`,`create_time`,`modify_time`,`collect_shop`,`collect_goods`,`visit_count`,`order_count`,`goods_count`,`add_goods_count`,`day_time`,`member_count` FROM `gxfc_stat_shop` WHERE  `site_id` = 0  AND `year` = 2022  AND `month` = 07  AND `day` = 29 LIMIT 1 [ RunTime:0.000328s ]
[2022-08-03T17:49:43+08:00][sql] SELECT `id`,`site_id`,`year`,`month`,`day`,`order_total`,`shipping_total`,`refund_total`,`order_pay_count`,`goods_pay_count`,`shop_money`,`platform_money`,`create_time`,`modify_time`,`collect_shop`,`collect_goods`,`visit_count`,`order_count`,`goods_count`,`add_goods_count`,`day_time`,`member_count` FROM `gxfc_stat_shop` WHERE  `site_id` = 0  AND `year` = 2022  AND `month` = 07  AND `day` = 30 LIMIT 1 [ RunTime:0.000319s ]
[2022-08-03T17:49:43+08:00][sql] SELECT `id`,`site_id`,`year`,`month`,`day`,`order_total`,`shipping_total`,`refund_total`,`order_pay_count`,`goods_pay_count`,`shop_money`,`platform_money`,`create_time`,`modify_time`,`collect_shop`,`collect_goods`,`visit_count`,`order_count`,`goods_count`,`add_goods_count`,`day_time`,`member_count` FROM `gxfc_stat_shop` WHERE  `site_id` = 0  AND `year` = 2022  AND `month` = 07  AND `day` = 31 LIMIT 1 [ RunTime:0.000315s ]
[2022-08-03T17:49:43+08:00][sql] SELECT `id`,`site_id`,`year`,`month`,`day`,`order_total`,`shipping_total`,`refund_total`,`order_pay_count`,`goods_pay_count`,`shop_money`,`platform_money`,`create_time`,`modify_time`,`collect_shop`,`collect_goods`,`visit_count`,`order_count`,`goods_count`,`add_goods_count`,`day_time`,`member_count` FROM `gxfc_stat_shop` WHERE  `site_id` = 0  AND `year` = 2022  AND `month` = 08  AND `day` = 01 LIMIT 1 [ RunTime:0.000343s ]
[2022-08-03T17:49:43+08:00][sql] SELECT `id`,`site_id`,`year`,`month`,`day`,`order_total`,`shipping_total`,`refund_total`,`order_pay_count`,`goods_pay_count`,`shop_money`,`platform_money`,`create_time`,`modify_time`,`collect_shop`,`collect_goods`,`visit_count`,`order_count`,`goods_count`,`add_goods_count`,`day_time`,`member_count` FROM `gxfc_stat_shop` WHERE  `site_id` = 0  AND `year` = 2022  AND `month` = 08  AND `day` = 02 LIMIT 1 [ RunTime:0.000328s ]
[2022-08-03T17:49:43+08:00][sql] SELECT `id`,`site_id`,`year`,`month`,`day`,`order_total`,`shipping_total`,`refund_total`,`order_pay_count`,`goods_pay_count`,`shop_money`,`platform_money`,`create_time`,`modify_time`,`collect_shop`,`collect_goods`,`visit_count`,`order_count`,`goods_count`,`add_goods_count`,`day_time`,`member_count` FROM `gxfc_stat_shop` WHERE  `site_id` = 0  AND `year` = 2022  AND `month` = 08  AND `day` = 03 LIMIT 1 [ RunTime:0.000345s ]
[2022-08-03T17:49:43+08:00][sql] SELECT COUNT(*) AS think_count FROM `gxfc_order` WHERE  `order_status` = 0  AND `is_delete` = 0 [ RunTime:0.000270s ]
[2022-08-03T17:49:43+08:00][sql] SELECT COUNT(*) AS think_count FROM `gxfc_order` WHERE  `order_status` = 1  AND `is_delete` = 0 [ RunTime:0.000259s ]
[2022-08-03T17:49:43+08:00][sql] SELECT COUNT(*) AS think_count FROM `gxfc_order_goods` WHERE  `refund_status` NOT IN (0,3) [ RunTime:0.000274s ]
[2022-08-03T17:49:43+08:00][sql] SELECT COUNT(*) AS think_count FROM `gxfc_goods` WHERE  `goods_state` = 1  AND `is_delete` = 0 [ RunTime:0.000249s ]
[2022-08-03T17:49:43+08:00][sql] SELECT COUNT(*) AS think_count FROM `gxfc_goods` WHERE  `goods_state` = 0  AND `is_delete` = 0 [ RunTime:0.000223s ]
[2022-08-03T17:49:43+08:00][sql] SELECT COUNT(`id`) AS think_count FROM `gxfc_fenxiao_withdraw` WHERE  `status` = 1 [ RunTime:0.000206s ]
[2022-08-03T17:49:43+08:00][sql] SELECT COUNT(`apply_id`) AS think_count FROM `gxfc_fenxiao_apply` WHERE  `status` = 1 [ RunTime:0.000202s ]
[2022-08-03T17:49:43+08:00][sql] SELECT COUNT(*) AS think_count FROM `gxfc_order_complain` WHERE  `complain_status` = 1 [ RunTime:0.000226s ]
[2022-08-03T17:49:43+08:00][sql] SELECT SUM(`order_money`) AS think_sum FROM `gxfc_order` [ RunTime:0.000224s ]
[2022-08-03T17:49:43+08:00][sql] SELECT COUNT(*) AS think_count FROM `gxfc_member` [ RunTime:0.000189s ]
[2022-08-03T17:49:43+08:00][sql] SELECT COUNT(*) AS think_count FROM `gxfc_shop_apply` WHERE  `create_time` BETWEEN 1659456000 AND 1659542399 [ RunTime:0.000206s ]
[2022-08-03T17:49:43+08:00][sql] SELECT COUNT(*) AS think_count FROM `gxfc_shop_apply` WHERE  `create_time` BETWEEN 1659369600 AND 1659455999 [ RunTime:0.000193s ]
[2022-08-03T17:49:43+08:00][sql] SELECT COUNT(*) AS think_count FROM `gxfc_shop` WHERE  `create_time` BETWEEN 1659456000 AND 1659542399 [ RunTime:0.000205s ]
[2022-08-03T17:49:43+08:00][sql] SELECT COUNT(*) AS think_count FROM `gxfc_shop` [ RunTime:0.000182s ]
[2022-08-03T17:49:43+08:00][sql] SELECT COUNT(*) AS think_count FROM `gxfc_goods` [ RunTime:0.000167s ]
[2022-08-03T17:49:45+08:00][sql] CONNECT:[ UseTime:0.000356s ] mysql:host=127.0.0.1;port=3306;dbname=ls_ssl_com;charset=utf8
[2022-08-03T17:49:45+08:00][sql] SELECT `id`,`app_module`,`name`,`title`,`parent`,`level`,`url`,`is_show`,`sort`,`desc`,`picture`,`is_icon`,`picture_select`,`is_control`,`addon` FROM `gxfc_menu` WHERE  `url` = 'admin/Order/lists'  AND `app_module` = 'admin' ORDER BY `level` DESC LIMIT 1 [ RunTime:0.000470s ]
[2022-08-03T17:49:45+08:00][sql] SELECT `id`,`app_module`,`name`,`title`,`parent`,`level`,`url`,`is_show`,`sort`,`desc`,`picture`,`is_icon`,`picture_select`,`is_control`,`addon` FROM `gxfc_menu` WHERE  `name` = 'ORDER_EXPRESS'  AND `app_module` = 'admin' LIMIT 1 [ RunTime:0.000344s ]
[2022-08-03T17:49:45+08:00][sql] SELECT `id`,`app_module`,`name`,`title`,`parent`,`level`,`url`,`is_show`,`sort`,`desc`,`picture`,`is_icon`,`picture_select`,`is_control`,`addon` FROM `gxfc_menu` WHERE  `name` = 'ORDER_ROOT'  AND `app_module` = 'admin' LIMIT 1 [ RunTime:0.000367s ]
[2022-08-03T17:49:45+08:00][sql] CONNECT:[ UseTime:0.000341s ] mysql:host=127.0.0.1;port=3306;dbname=ls_ssl_com;charset=utf8
[2022-08-03T17:49:45+08:00][sql] SELECT COUNT(*) AS think_count FROM `gxfc_order` `o` ORDER BY `o`.`create_time` DESC [ RunTime:0.000280s ]
[2022-08-03T17:49:45+08:00][sql] SELECT `o`.* FROM `gxfc_order` `o` ORDER BY `o`.`create_time` DESC LIMIT 0,10 [ RunTime:0.000560s ]
[2022-08-03T17:49:59+08:00][sql] CONNECT:[ UseTime:0.000386s ] mysql:host=127.0.0.1;port=3306;dbname=ls_ssl_com;charset=utf8
[2022-08-03T17:49:59+08:00][sql] SELECT `id`,`app_module`,`name`,`title`,`parent`,`level`,`url`,`is_show`,`sort`,`desc`,`picture`,`is_icon`,`picture_select`,`is_control`,`addon` FROM `gxfc_menu` WHERE  `url` = 'admin/Account/index'  AND `app_module` = 'admin' ORDER BY `level` DESC LIMIT 1 [ RunTime:0.000458s ]
[2022-08-03T17:49:59+08:00][sql] SELECT `id`,`app_module`,`name`,`title`,`parent`,`level`,`url`,`is_show`,`sort`,`desc`,`picture`,`is_icon`,`picture_select`,`is_control`,`addon` FROM `gxfc_menu` WHERE  `name` = 'ACCOUNT_INDEX'  AND `app_module` = 'admin' LIMIT 1 [ RunTime:0.000312s ]
[2022-08-03T17:49:59+08:00][sql] SELECT `id`,`app_module`,`name`,`title`,`parent`,`level`,`url`,`is_show`,`sort`,`desc`,`picture`,`is_icon`,`picture_select`,`is_control`,`addon` FROM `gxfc_menu` WHERE  `name` = 'ACCOUNT_ROOT'  AND `app_module` = 'admin' LIMIT 1 [ RunTime:0.000316s ]
[2022-08-03T17:49:59+08:00][sql] SELECT SUM(`order_money`) AS think_sum FROM `gxfc_order` WHERE  `order_status` > 0 [ RunTime:0.000235s ]
[2022-08-03T17:49:59+08:00][sql] SELECT `account` FROM `gxfc_website` WHERE  `site_id` = 0 LIMIT 1 [ RunTime:0.000202s ]
[2022-08-03T17:49:59+08:00][sql] SHOW FULL COLUMNS FROM `gxfc_shop_settlement_period` [ RunTime:0.001264s ]
[2022-08-03T17:49:59+08:00][sql] SELECT 
                sum(shop_money) as shop_money,
                sum(refund_shop_money) as refund_shop_money,
                sum(commission) as commission,
                sum(platform_money) as platform_money,
                sum(website_commission) as website_commission,
                sum(platform_coupon_money) as platform_coupon_money,
                sum(refund_platform_coupon_money) as refund_platform_coupon_money
                 FROM `gxfc_shop_settlement_period` WHERE  `period_id` > 0 LIMIT 1 [ RunTime:0.000231s ]
[2022-08-03T17:49:59+08:00][sql] SELECT sum(account) as account, sum(account_withdraw) as account_withdraw, sum(account_withdraw_apply) as account_withdraw_apply, sum(shop_baozhrmb) as shop_baozhrmb, sum(shop_open_fee) as shop_open_fee FROM `gxfc_shop` WHERE  `site_id` > 0 LIMIT 1 [ RunTime:0.000234s ]
[2022-08-03T17:49:59+08:00][sql] SELECT 
                sum(balance) as balance, 
                sum(balance_money) as balance_money,
                sum(balance_withdraw_apply) as balance_withdraw_apply, 
                sum(balance_withdraw) as balance_withdraw
                 FROM `gxfc_member` WHERE  `member_id` > 0 LIMIT 1 [ RunTime:0.000214s ]
[2022-08-03T17:49:59+08:00][sql] SELECT sum(account) as account,sum(account_withdraw) as account_withdraw,sum(account_shop) as account_shop,sum(account_order) as account_order FROM `gxfc_website` WHERE  `site_id` > 0 LIMIT 1 [ RunTime:0.000241s ]
[2022-08-03T17:49:59+08:00][sql] SHOW FULL COLUMNS FROM `gxfc_fenxiao` [ RunTime:0.001216s ]
[2022-08-03T17:49:59+08:00][sql] SELECT sum(account) as account,sum(account_withdraw) as account_withdraw,sum(account_withdraw_apply) as account_withdraw_apply FROM `gxfc_fenxiao` WHERE  `status` IN (1,-1)  AND `is_delete` = 0 LIMIT 1 [ RunTime:0.000234s ]
[2022-08-03T17:49:59+08:00][sql] SHOW FULL COLUMNS FROM `gxfc_fenxiao_order` [ RunTime:0.001133s ]
[2022-08-03T17:49:59+08:00][sql] SELECT sum(real_goods_money) as real_goods_money FROM `gxfc_fenxiao_order` WHERE  `is_refund` = 0  AND `is_settlement` = 1 LIMIT 1 [ RunTime:0.000213s ]
[2022-08-03T17:49:59+08:00][sql] SHOW FULL COLUMNS FROM `gxfc_supply_settlement_period` [ RunTime:0.000963s ]
[2022-08-03T17:49:59+08:00][sql] SELECT 
                sum(supply_money) as supply_money,
                sum(refund_supply_money) as refund_supply_money,
                sum(commission) as commission,
                sum(platform_money) as platform_money,
                sum(website_commission) as website_commission
                 FROM `gxfc_supply_settlement_period` WHERE  `period_id` > 0 LIMIT 1 [ RunTime:0.000217s ]
[2022-08-03T17:49:59+08:00][sql] SHOW FULL COLUMNS FROM `gxfc_supplier` [ RunTime:0.001196s ]
[2022-08-03T17:49:59+08:00][sql] SELECT sum(account) as account, sum(account_withdraw) as account_withdraw, sum(account_withdraw_apply) as account_withdraw_apply, sum(bond) as bond, sum(open_fee) as open_fee FROM `gxfc_supplier` WHERE  `supplier_site_id` > 0 LIMIT 1 [ RunTime:0.000258s ]
[2022-08-03T17:49:59+08:00][sql] SHOW FULL COLUMNS FROM `gxfc_supply_order` [ RunTime:0.001219s ]
[2022-08-03T17:49:59+08:00][sql] SELECT SUM(`order_money`) AS think_sum FROM `gxfc_supply_order` WHERE  `order_status` > 0 [ RunTime:0.000195s ]
[2022-08-03T17:50:01+08:00][sql] CONNECT:[ UseTime:0.000365s ] mysql:host=127.0.0.1;port=3306;dbname=ls_ssl_com;charset=utf8
[2022-08-03T17:50:01+08:00][sql] SELECT `id`,`app_module`,`name`,`title`,`parent`,`level`,`url`,`is_show`,`sort`,`desc`,`picture`,`is_icon`,`picture_select`,`is_control`,`addon` FROM `gxfc_menu` WHERE  `url` = 'admin/Diy/index'  AND `app_module` = 'admin' ORDER BY `level` DESC LIMIT 1 [ RunTime:0.000549s ]
[2022-08-03T17:50:01+08:00][sql] SELECT `id`,`app_module`,`name`,`title`,`parent`,`level`,`url`,`is_show`,`sort`,`desc`,`picture`,`is_icon`,`picture_select`,`is_control`,`addon` FROM `gxfc_menu` WHERE  `name` = 'WEBSITE_MID_INDEX'  AND `app_module` = 'admin' LIMIT 1 [ RunTime:0.000332s ]
[2022-08-03T17:50:01+08:00][sql] SELECT `id`,`app_module`,`name`,`title`,`parent`,`level`,`url`,`is_show`,`sort`,`desc`,`picture`,`is_icon`,`picture_select`,`is_control`,`addon` FROM `gxfc_menu` WHERE  `name` = 'WEBSITE_MID_CONFIG'  AND `app_module` = 'admin' LIMIT 1 [ RunTime:0.000302s ]
[2022-08-03T17:50:01+08:00][sql] SELECT `id`,`app_module`,`name`,`title`,`parent`,`level`,`url`,`is_show`,`sort`,`desc`,`picture`,`is_icon`,`picture_select`,`is_control`,`addon` FROM `gxfc_menu` WHERE  `name` = 'APPLET_ROOT'  AND `app_module` = 'admin' LIMIT 1 [ RunTime:0.000283s ]
[2022-08-03T17:50:01+08:00][sql] SELECT `group_id` FROM `gxfc_shop` WHERE  `site_id` = 0 LIMIT 1 [ RunTime:0.000302s ]
[2022-08-03T17:50:01+08:00][sql] SHOW FULL COLUMNS FROM `gxfc_shop_group` [ RunTime:0.000951s ]
[2022-08-03T17:50:01+08:00][sql] SELECT `addon_array` FROM `gxfc_shop_group` WHERE  `group_id` IS NULL LIMIT 1 [ RunTime:0.000153s ]
[2022-08-03T17:50:01+08:00][sql] SHOW FULL COLUMNS FROM `gxfc_diy_view_util` [ RunTime:0.000752s ]
[2022-08-03T17:50:01+08:00][sql] SELECT `id`,`name`,`title`,`type`,`controller`,`value`,`addon_name`,`support_diy_view`,`max_count`,`is_delete`,`icon`,`icon_selected` FROM `gxfc_diy_view_util` WHERE  (`support_diy_view` LIKE 'DIY_VIEW_INDEX' OR `support_diy_view` LIKE '%DIY_VIEW_INDEX,%' OR `support_diy_view` LIKE '%DIY_VIEW_INDEX' OR `support_diy_view` LIKE '%,DIY_VIEW_INDEX,%' OR `support_diy_view` LIKE '') ORDER BY `sort` ASC [ RunTime:0.000361s ]
[2022-08-03T17:50:01+08:00][sql] SHOW FULL COLUMNS FROM `gxfc_site_diy_view` [ RunTime:0.000802s ]
[2022-08-03T17:50:01+08:00][sql] SELECT `site_id`,`name` FROM `gxfc_site_diy_view` WHERE  `site_id` = 0  AND `name` = 'DIY_VIEW_INDEX' LIMIT 1 [ RunTime:0.000277s ]
[2022-08-03T17:50:01+08:00][sql] SELECT `site_id`,`app_module`,`config_key`,`value`,`config_desc`,`is_use`,`create_time`,`modify_time` FROM `gxfc_config` WHERE  `site_id` = 0  AND `app_module` = 'admin'  AND `config_key` = 'H5_DOMAIN_NAME' LIMIT 1 [ RunTime:0.000279s ]
[2022-08-03T17:50:01+08:00][sql] SELECT `site_id`,`app_module`,`config_key`,`value`,`config_desc`,`is_use`,`create_time`,`modify_time` FROM `gxfc_config` WHERE  `site_id` = 0  AND `app_module` = 'admin'  AND `config_key` = 'WEAPP_CONFIG' LIMIT 1 [ RunTime:0.000342s ]
[2022-08-03T17:50:01+08:00][sql] SELECT `site_id`,`app_module`,`config_key`,`value`,`config_desc`,`is_use`,`create_time`,`modify_time` FROM `gxfc_config` WHERE  `site_id` = 0  AND `app_module` = 'admin'  AND `config_key` = 'WECHAT_CONFIG' LIMIT 1 [ RunTime:0.000409s ]
[2022-08-03T17:50:01+08:00][sql] SELECT `sdv`.`id`,`sdv`.`site_id`,`sdv`.`name`,`sdv`.`title`,`sdv`.`value`,`sdv`.`type`,`dvt`.`addon_name` FROM `gxfc_site_diy_view` `sdv` LEFT JOIN `gxfc_diy_view_temp` `dvt` ON `sdv`.`name`=`dvt`.`name` WHERE  `sdv`.`site_id` = 0  AND `sdv`.`name` = 'DIY_VIEW_INDEX' LIMIT 1 [ RunTime:0.000472s ]
[2022-08-03T17:50:04+08:00][sql] CONNECT:[ UseTime:0.000388s ] mysql:host=127.0.0.1;port=3306;dbname=ls_ssl_com;charset=utf8
[2022-08-03T17:50:04+08:00][sql] SELECT `id`,`app_module`,`name`,`title`,`parent`,`level`,`url`,`is_show`,`sort`,`desc`,`picture`,`is_icon`,`picture_select`,`is_control`,`addon` FROM `gxfc_menu` WHERE  `url` = 'admin/Config/webconfig'  AND `app_module` = 'admin' ORDER BY `level` DESC LIMIT 1 [ RunTime:0.000461s ]
[2022-08-03T17:50:04+08:00][sql] SELECT `id`,`app_module`,`name`,`title`,`parent`,`level`,`url`,`is_show`,`sort`,`desc`,`picture`,`is_icon`,`picture_select`,`is_control`,`addon` FROM `gxfc_menu` WHERE  `name` = 'CONFIG_WEB'  AND `app_module` = 'admin' LIMIT 1 [ RunTime:0.000335s ]
[2022-08-03T17:50:04+08:00][sql] SELECT `id`,`app_module`,`name`,`title`,`parent`,`level`,`url`,`is_show`,`sort`,`desc`,`picture`,`is_icon`,`picture_select`,`is_control`,`addon` FROM `gxfc_menu` WHERE  `name` = 'CONFIG_BASE'  AND `app_module` = 'admin' LIMIT 1 [ RunTime:0.000294s ]
[2022-08-03T17:50:04+08:00][sql] SELECT `id`,`app_module`,`name`,`title`,`parent`,`level`,`url`,`is_show`,`sort`,`desc`,`picture`,`is_icon`,`picture_select`,`is_control`,`addon` FROM `gxfc_menu` WHERE  `name` = 'CONFIG_ROOT'  AND `app_module` = 'admin' LIMIT 1 [ RunTime:0.000294s ]
[2022-08-03T17:50:04+08:00][sql] SELECT * FROM `gxfc_website` WHERE  `site_id` = 0 LIMIT 1 [ RunTime:0.000351s ]
[2022-08-03T17:50:07+08:00][sql] CONNECT:[ UseTime:0.000350s ] mysql:host=127.0.0.1;port=3306;dbname=ls_ssl_com;charset=utf8
[2022-08-03T17:50:07+08:00][sql] SELECT `id`,`app_module`,`name`,`title`,`parent`,`level`,`url`,`is_show`,`sort`,`desc`,`picture`,`is_icon`,`picture_select`,`is_control`,`addon` FROM `gxfc_menu` WHERE  `url` = 'admin/Message/lists'  AND `app_module` = 'admin' ORDER BY `level` DESC LIMIT 1 [ RunTime:0.000527s ]
[2022-08-03T17:50:07+08:00][sql] SELECT `id`,`app_module`,`name`,`title`,`parent`,`level`,`url`,`is_show`,`sort`,`desc`,`picture`,`is_icon`,`picture_select`,`is_control`,`addon` FROM `gxfc_menu` WHERE  `name` = 'MESSAGE_LISTS'  AND `app_module` = 'admin' LIMIT 1 [ RunTime:0.000356s ]
[2022-08-03T17:50:07+08:00][sql] SHOW FULL COLUMNS FROM `gxfc_message` [ RunTime:0.000977s ]
[2022-08-03T17:50:07+08:00][sql] SELECT `id`,`addon`,`keywords`,`title`,`message_type`,`message_json`,`email_is_open`,`email_title`,`email_content`,`sms_is_open`,`sms_addon`,`sms_json`,`sms_content`,`wechat_is_open`,`wechat_json`,`weapp_is_open`,`weapp_json`,`aliapp_is_open`,`aliapp_json`,`support_type` FROM `gxfc_message` WHERE  `message_type` = 1 [ RunTime:0.000358s ]
[2022-08-03T17:50:07+08:00][sql] SELECT `id`,`addon`,`keywords`,`title`,`message_type`,`message_json`,`email_is_open`,`email_title`,`email_content`,`sms_is_open`,`sms_addon`,`sms_json`,`sms_content`,`wechat_is_open`,`wechat_json`,`weapp_is_open`,`weapp_json`,`aliapp_is_open`,`aliapp_json`,`support_type` FROM `gxfc_message` WHERE  `message_type` = 2 [ RunTime:0.000259s ]
[2022-08-03T17:50:09+08:00][sql] CONNECT:[ UseTime:0.000380s ] mysql:host=127.0.0.1;port=3306;dbname=ls_ssl_com;charset=utf8
[2022-08-03T17:50:09+08:00][sql] SELECT `id`,`app_module`,`name`,`title`,`parent`,`level`,`url`,`is_show`,`sort`,`desc`,`picture`,`is_icon`,`picture_select`,`is_control`,`addon` FROM `gxfc_menu` WHERE  `url` = 'admin/Config/servicer'  AND `app_module` = 'admin' ORDER BY `level` DESC LIMIT 1 [ RunTime:0.000575s ]
[2022-08-03T17:50:09+08:00][sql] SELECT `id`,`app_module`,`name`,`title`,`parent`,`level`,`url`,`is_show`,`sort`,`desc`,`picture`,`is_icon`,`picture_select`,`is_control`,`addon` FROM `gxfc_menu` WHERE  `name` = 'CONFIG_SERVICER_ROOT'  AND `app_module` = 'admin' LIMIT 1 [ RunTime:0.000354s ]
[2022-08-03T17:50:09+08:00][sql] SELECT `site_id`,`app_module`,`config_key`,`value`,`config_desc`,`is_use`,`create_time`,`modify_time` FROM `gxfc_config` WHERE  `site_id` = 0  AND `app_module` = 'admin'  AND `config_key` = 'SRRVICER_ROOT_CONFIG' LIMIT 1 [ RunTime:0.000396s ]
[2022-08-03T17:50:17+08:00][sql] CONNECT:[ UseTime:0.000387s ] mysql:host=127.0.0.1;port=3306;dbname=ls_ssl_com;charset=utf8
[2022-08-03T17:50:17+08:00][sql] SELECT `group_id` FROM `gxfc_shop` WHERE  `site_id` = 0 LIMIT 1 [ RunTime:0.000354s ]
[2022-08-03T17:50:17+08:00][sql] SELECT `addon_array` FROM `gxfc_shop_group` WHERE  `group_id` IS NULL LIMIT 1 [ RunTime:0.000192s ]
[2022-08-03T17:50:17+08:00][sql] SELECT `id`,`name`,`title`,`type`,`controller`,`value`,`addon_name`,`support_diy_view`,`max_count`,`is_delete`,`icon`,`icon_selected` FROM `gxfc_diy_view_util` WHERE  (`support_diy_view` LIKE 'DIY_VIEW_INDEX' OR `support_diy_view` LIKE '%DIY_VIEW_INDEX,%' OR `support_diy_view` LIKE '%DIY_VIEW_INDEX' OR `support_diy_view` LIKE '%,DIY_VIEW_INDEX,%' OR `support_diy_view` LIKE '') ORDER BY `sort` ASC [ RunTime:0.000549s ]
[2022-08-03T17:50:17+08:00][sql] SELECT `site_id`,`name` FROM `gxfc_site_diy_view` WHERE  `site_id` = 0  AND `name` = 'DIY_VIEW_INDEX' LIMIT 1 [ RunTime:0.000266s ]
[2022-08-03T17:50:18+08:00][sql] SELECT `sdv`.`id`,`sdv`.`site_id`,`sdv`.`name`,`sdv`.`title`,`sdv`.`value`,`sdv`.`type`,`dvt`.`addon_name` FROM `gxfc_site_diy_view` `sdv` LEFT JOIN `gxfc_diy_view_temp` `dvt` ON `sdv`.`name`=`dvt`.`name` WHERE  `sdv`.`site_id` = 0  AND `sdv`.`name` = 'DIY_VIEW_INDEX' LIMIT 1 [ RunTime:0.000535s ]
[2022-08-03T17:51:15+08:00][sql] CONNECT:[ UseTime:0.000348s ] mysql:host=127.0.0.1;port=3306;dbname=ls_ssl_com;charset=utf8
[2022-08-03T17:51:15+08:00][sql] SELECT `id`,`app_module`,`name`,`title`,`parent`,`level`,`url`,`is_show`,`sort`,`desc`,`picture`,`is_icon`,`picture_select`,`is_control`,`addon` FROM `gxfc_menu` WHERE  `url` = 'admin/Shop/lists'  AND `app_module` = 'admin' ORDER BY `level` DESC LIMIT 1 [ RunTime:0.000526s ]
[2022-08-03T17:51:15+08:00][sql] SELECT `id`,`app_module`,`name`,`title`,`parent`,`level`,`url`,`is_show`,`sort`,`desc`,`picture`,`is_icon`,`picture_select`,`is_control`,`addon` FROM `gxfc_menu` WHERE  `name` = 'SHOP_LIST'  AND `app_module` = 'admin' LIMIT 1 [ RunTime:0.000387s ]
[2022-08-03T17:51:15+08:00][sql] SELECT `id`,`app_module`,`name`,`title`,`parent`,`level`,`url`,`is_show`,`sort`,`desc`,`picture`,`is_icon`,`picture_select`,`is_control`,`addon` FROM `gxfc_menu` WHERE  `name` = 'SHOP_INDEX'  AND `app_module` = 'admin' LIMIT 1 [ RunTime:0.000376s ]
[2022-08-03T17:51:15+08:00][sql] SELECT `id`,`app_module`,`name`,`title`,`parent`,`level`,`url`,`is_show`,`sort`,`desc`,`picture`,`is_icon`,`picture_select`,`is_control`,`addon` FROM `gxfc_menu` WHERE  `name` = 'SHOP_ROOT'  AND `app_module` = 'admin' LIMIT 1 [ RunTime:0.000313s ]
[2022-08-03T17:51:15+08:00][sql] SHOW FULL COLUMNS FROM `gxfc_shop_category` [ RunTime:0.002124s ]
[2022-08-03T17:51:15+08:00][sql] SELECT `category_id`,`category_name` FROM `gxfc_shop_category` ORDER BY `sort` ASC [ RunTime:0.000575s ]
[2022-08-03T17:51:15+08:00][sql] SELECT `group_id`,`is_own`,`group_name`,`fee`,`remark` FROM `gxfc_shop_group` WHERE  `is_own` = 0 ORDER BY `is_own` ASC,`fee` ASC [ RunTime:0.000302s ]
[2022-08-03T17:51:15+08:00][sql] SELECT `site_id`,`site_area_name` FROM `gxfc_website` [ RunTime:0.000247s ]
[2022-08-03T17:51:18+08:00][sql] CONNECT:[ UseTime:0.000380s ] mysql:host=127.0.0.1;port=3306;dbname=ls_ssl_com;charset=utf8
[2022-08-03T17:51:18+08:00][sql] SELECT COUNT(*) AS think_count FROM `gxfc_order` `o` ORDER BY `o`.`create_time` DESC [ RunTime:0.000325s ]
[2022-08-03T17:51:18+08:00][sql] SELECT `o`.* FROM `gxfc_order` `o` ORDER BY `o`.`create_time` DESC LIMIT 0,10 [ RunTime:0.000566s ]
[2022-08-03T17:58:04+08:00][sql] CONNECT:[ UseTime:0.000385s ] mysql:host=127.0.0.1;port=3306;dbname=ls_ssl_com;charset=utf8
[2022-08-03T17:58:04+08:00][sql] SELECT `group_id` FROM `gxfc_shop` WHERE  `site_id` = 0 LIMIT 1 [ RunTime:0.000284s ]
[2022-08-03T17:58:04+08:00][sql] SELECT `addon_array` FROM `gxfc_shop_group` WHERE  `group_id` IS NULL LIMIT 1 [ RunTime:0.000178s ]
[2022-08-03T17:58:04+08:00][sql] SELECT `id`,`name`,`title`,`type`,`controller`,`value`,`addon_name`,`support_diy_view`,`max_count`,`is_delete`,`icon`,`icon_selected` FROM `gxfc_diy_view_util` WHERE  (`support_diy_view` LIKE 'DIY_VIEW_INDEX' OR `support_diy_view` LIKE '%DIY_VIEW_INDEX,%' OR `support_diy_view` LIKE '%DIY_VIEW_INDEX' OR `support_diy_view` LIKE '%,DIY_VIEW_INDEX,%' OR `support_diy_view` LIKE '') ORDER BY `sort` ASC [ RunTime:0.000405s ]
[2022-08-03T17:58:04+08:00][sql] SELECT `site_id`,`name` FROM `gxfc_site_diy_view` WHERE  `site_id` = 0  AND `name` = 'DIY_VIEW_INDEX' LIMIT 1 [ RunTime:0.000245s ]
[2022-08-03T17:58:04+08:00][sql] SELECT `sdv`.`id`,`sdv`.`site_id`,`sdv`.`name`,`sdv`.`title`,`sdv`.`value`,`sdv`.`type`,`dvt`.`addon_name` FROM `gxfc_site_diy_view` `sdv` LEFT JOIN `gxfc_diy_view_temp` `dvt` ON `sdv`.`name`=`dvt`.`name` WHERE  `sdv`.`site_id` = 0  AND `sdv`.`name` = 'DIY_VIEW_INDEX' LIMIT 1 [ RunTime:0.000486s ]
[2022-08-03T17:59:46+08:00][sql] CONNECT:[ UseTime:0.000393s ] mysql:host=127.0.0.1;port=3306;dbname=ls_ssl_com;charset=utf8
[2022-08-03T17:59:46+08:00][sql] SELECT `id`,`app_module`,`name`,`title`,`parent`,`level`,`url`,`is_show`,`sort`,`desc`,`picture`,`is_icon`,`picture_select`,`is_control`,`addon` FROM `gxfc_menu` WHERE  `url` = 'admin/Album/album'  AND `app_module` = 'admin' ORDER BY `level` DESC LIMIT 1 [ RunTime:0.000456s ]
[2022-08-03T17:59:46+08:00][sql] SELECT `id`,`app_module`,`name`,`title`,`parent`,`level`,`url`,`is_show`,`sort`,`desc`,`picture`,`is_icon`,`picture_select`,`is_control`,`addon` FROM `gxfc_menu` WHERE  `name` = 'ADMIN_ALBUM_BOX'  AND `app_module` = 'admin' LIMIT 1 [ RunTime:0.000320s ]
[2022-08-03T17:59:46+08:00][sql] SELECT `id`,`app_module`,`name`,`title`,`parent`,`level`,`url`,`is_show`,`sort`,`desc`,`picture`,`is_icon`,`picture_select`,`is_control`,`addon` FROM `gxfc_menu` WHERE  `name` = 'ADMIN_ALBUM_MANAGE'  AND `app_module` = 'admin' LIMIT 1 [ RunTime:0.000313s ]
[2022-08-03T17:59:46+08:00][sql] SELECT `id`,`app_module`,`name`,`title`,`parent`,`level`,`url`,`is_show`,`sort`,`desc`,`picture`,`is_icon`,`picture_select`,`is_control`,`addon` FROM `gxfc_menu` WHERE  `name` = 'GOODS_ROOT'  AND `app_module` = 'admin' LIMIT 1 [ RunTime:0.000307s ]
[2022-08-03T17:59:46+08:00][sql] SHOW FULL COLUMNS FROM `gxfc_album` [ RunTime:0.000917s ]
[2022-08-03T17:59:46+08:00][sql] SELECT `album_id`,`site_id`,`site_name`,`album_name`,`sort`,`cover`,`desc`,`is_default`,`update_time`,`num`,`app_module` FROM `gxfc_album` WHERE  `site_id` = 0  AND `app_module` = 'admin' LIMIT 1 [ RunTime:0.000294s ]
[2022-08-03T17:59:46+08:00][sql] SELECT `album_id`,`site_id`,`album_name`,`sort`,`cover`,`desc`,`is_default`,`update_time`,`num` FROM `gxfc_album` WHERE  `site_id` = 0  AND `app_module` = 'admin' [ RunTime:0.000230s ]
[2022-08-03T17:59:46+08:00][sql] CONNECT:[ UseTime:0.000410s ] mysql:host=127.0.0.1;port=3306;dbname=ls_ssl_com;charset=utf8
[2022-08-03T17:59:46+08:00][sql] SHOW FULL COLUMNS FROM `gxfc_album_pic` [ RunTime:0.001181s ]
[2022-08-03T17:59:46+08:00][sql] SELECT COUNT(*) AS think_count FROM `gxfc_album_pic` `a` WHERE  `site_id` = 0  AND `album_id` = 1 ORDER BY `update_time` DESC [ RunTime:0.000324s ]
[2022-08-03T17:59:46+08:00][sql] SELECT `pic_id`,`pic_name`,`pic_path`,`pic_spec`,`site_id`,`update_time` FROM `gxfc_album_pic` `a` WHERE  `site_id` = 0  AND `album_id` = 1 ORDER BY `update_time` DESC LIMIT 0,12 [ RunTime:0.000293s ]
[2022-08-03T18:01:37+08:00][sql] CONNECT:[ UseTime:0.000392s ] mysql:host=127.0.0.1;port=3306;dbname=ls_ssl_com;charset=utf8
[2022-08-03T18:01:37+08:00][sql] SELECT `album_id`,`site_id`,`site_name`,`album_name`,`sort`,`cover`,`desc`,`is_default`,`update_time`,`num`,`app_module` FROM `gxfc_album` WHERE  `site_id` = 0  AND `app_module` = 'admin' LIMIT 1 [ RunTime:0.000412s ]
[2022-08-03T18:01:37+08:00][sql] SELECT `album_id`,`site_id`,`album_name`,`sort`,`cover`,`desc`,`is_default`,`update_time`,`num` FROM `gxfc_album` WHERE  `site_id` = 0  AND `app_module` = 'admin' [ RunTime:0.000279s ]
[2022-08-03T18:01:37+08:00][sql] CONNECT:[ UseTime:0.000358s ] mysql:host=127.0.0.1;port=3306;dbname=ls_ssl_com;charset=utf8
[2022-08-03T18:01:37+08:00][sql] SELECT COUNT(*) AS think_count FROM `gxfc_album_pic` `a` WHERE  `site_id` = 0  AND `album_id` = 1 ORDER BY `update_time` DESC [ RunTime:0.000357s ]
[2022-08-03T18:01:37+08:00][sql] SELECT `pic_id`,`pic_name`,`pic_path`,`pic_spec`,`site_id`,`update_time` FROM `gxfc_album_pic` `a` WHERE  `site_id` = 0  AND `album_id` = 1 ORDER BY `update_time` DESC LIMIT 0,12 [ RunTime:0.000276s ]
[2022-08-03T18:01:53+08:00][sql] CONNECT:[ UseTime:0.000355s ] mysql:host=127.0.0.1;port=3306;dbname=ls_ssl_com;charset=utf8
[2022-08-03T18:01:53+08:00][sql] SELECT `site_id`,`app_module`,`config_key`,`value`,`config_desc`,`is_use`,`create_time`,`modify_time` FROM `gxfc_config` WHERE  `site_id` = 0  AND `app_module` = 'admin'  AND `config_key` = 'UPLOAD_CONFIG' LIMIT 1 [ RunTime:0.000373s ]
[2022-08-03T18:01:53+08:00][sql] SELECT `site_id`,`app_module`,`config_key`,`value`,`config_desc`,`is_use`,`create_time`,`modify_time` FROM `gxfc_config` WHERE  `site_id` = 0  AND `app_module` = 'admin'  AND `config_key` = 'ALIOSS_CONFIG' LIMIT 1 [ RunTime:0.000483s ]
[2022-08-03T18:01:53+08:00][sql] SELECT `site_id`,`app_module`,`config_key`,`value`,`config_desc`,`is_use`,`create_time`,`modify_time` FROM `gxfc_config` WHERE  `site_id` = 0  AND `app_module` = 'admin'  AND `config_key` = 'QINIU_CONFIG' LIMIT 1 [ RunTime:0.000348s ]
[2022-08-03T18:01:53+08:00][sql] INSERT INTO `gxfc_album_pic` SET `pic_path` = 'upload/common/images/20220803/20220803060153165952091347735.png' , `pic_name` = '圆角矩形 9' , `pic_spec` = '345*170' , `update_time` = 1659520913 , `site_id` = 0 , `album_id` = 1 [ RunTime:0.010894s ]
[2022-08-03T18:01:53+08:00][sql] SELECT COUNT(*) AS think_count FROM `gxfc_album_pic` WHERE  `album_id` = 1 [ RunTime:0.000298s ]
[2022-08-03T18:01:53+08:00][sql] UPDATE `gxfc_album`  SET `num` = 1  WHERE  `album_id` = 1 [ RunTime:0.005024s ]
[2022-08-03T18:01:54+08:00][sql] CONNECT:[ UseTime:0.000325s ] mysql:host=127.0.0.1;port=3306;dbname=ls_ssl_com;charset=utf8
[2022-08-03T18:01:54+08:00][sql] SELECT COUNT(*) AS think_count FROM `gxfc_album_pic` `a` WHERE  `site_id` = 0  AND `album_id` = 1 ORDER BY `update_time` DESC [ RunTime:0.000357s ]
[2022-08-03T18:01:54+08:00][sql] SELECT `pic_id`,`pic_name`,`pic_path`,`pic_spec`,`site_id`,`update_time` FROM `gxfc_album_pic` `a` WHERE  `site_id` = 0  AND `album_id` = 1 ORDER BY `update_time` DESC LIMIT 0,12 [ RunTime:0.000289s ]
[2022-08-03T18:02:00+08:00][sql] CONNECT:[ UseTime:0.000353s ] mysql:host=127.0.0.1;port=3306;dbname=ls_ssl_com;charset=utf8
[2022-08-03T18:02:00+08:00][sql] SELECT `album_id`,`site_id`,`site_name`,`album_name`,`sort`,`cover`,`desc`,`is_default`,`update_time`,`num`,`app_module` FROM `gxfc_album` WHERE  `site_id` = 0  AND `app_module` = 'admin' LIMIT 1 [ RunTime:0.000390s ]
[2022-08-03T18:02:00+08:00][sql] SELECT `album_id`,`site_id`,`album_name`,`sort`,`cover`,`desc`,`is_default`,`update_time`,`num` FROM `gxfc_album` WHERE  `site_id` = 0  AND `app_module` = 'admin' [ RunTime:0.000263s ]
[2022-08-03T18:02:00+08:00][sql] CONNECT:[ UseTime:0.000386s ] mysql:host=127.0.0.1;port=3306;dbname=ls_ssl_com;charset=utf8
[2022-08-03T18:02:00+08:00][sql] SELECT COUNT(*) AS think_count FROM `gxfc_album_pic` `a` WHERE  `site_id` = 0  AND `album_id` = 1 ORDER BY `update_time` DESC [ RunTime:0.000382s ]
[2022-08-03T18:02:00+08:00][sql] SELECT `pic_id`,`pic_name`,`pic_path`,`pic_spec`,`site_id`,`update_time` FROM `gxfc_album_pic` `a` WHERE  `site_id` = 0  AND `album_id` = 1 ORDER BY `update_time` DESC LIMIT 0,12 [ RunTime:0.000326s ]
[2022-08-03T18:02:58+08:00][sql] CONNECT:[ UseTime:0.000360s ] mysql:host=127.0.0.1;port=3306;dbname=ls_ssl_com;charset=utf8
[2022-08-03T18:02:58+08:00][sql] SHOW FULL COLUMNS FROM `gxfc_link` [ RunTime:0.000998s ]
[2022-08-03T18:02:58+08:00][sql] SELECT * FROM `gxfc_link` WHERE  `parent` = '' ORDER BY `sort` ASC [ RunTime:0.000333s ]
[2022-08-03T18:02:58+08:00][sql] SELECT * FROM `gxfc_link` WHERE  `parent` = 'MALL_PAGE' ORDER BY `sort` ASC [ RunTime:0.000271s ]
[2022-08-03T18:02:58+08:00][sql] SELECT * FROM `gxfc_link` WHERE  `parent` = 'COMMODITY' ORDER BY `sort` ASC [ RunTime:0.000301s ]
[2022-08-03T18:02:58+08:00][sql] SELECT * FROM `gxfc_link` WHERE  `parent` = 'CUSTOM_LINK' ORDER BY `sort` ASC [ RunTime:0.000305s ]
[2022-08-03T18:02:58+08:00][sql] SELECT * FROM `gxfc_link` WHERE  `parent` = 'GAME' ORDER BY `sort` ASC [ RunTime:0.000265s ]
[2022-08-03T18:02:58+08:00][sql] SHOW FULL COLUMNS FROM `gxfc_goods_category` [ RunTime:0.001205s ]
[2022-08-03T18:02:58+08:00][sql] SELECT `category_id`,`category_name`,`short_name`,`pid`,`level`,`is_show`,`sort`,`image`,`attr_class_name`,`category_id_1`,`category_id_2`,`category_id_3`,`commission_rate`,`supply_commission_rate` FROM `gxfc_goods_category` ORDER BY `sort` ASC [ RunTime:0.000256s ]
[2022-08-03T18:03:06+08:00][sql] CONNECT:[ UseTime:0.000347s ] mysql:host=127.0.0.1;port=3306;dbname=ls_ssl_com;charset=utf8
[2022-08-03T18:03:06+08:00][sql] SELECT COUNT(*) AS think_count FROM `gxfc_goods` `` WHERE  `is_delete` = 0  AND `goods_state` = 1  AND `verify_state` = 1 ORDER BY `sort` DESC,`create_time` DESC [ RunTime:0.000339s ]
[2022-08-03T18:03:06+08:00][sql] SELECT `goods_id`,`goods_name`,`goods_class_name`,`goods_image`,`price`,`goods_stock`,`create_time`,`is_virtual`,`sku_id` FROM `gxfc_goods` `` WHERE  `is_delete` = 0  AND `goods_state` = 1  AND `verify_state` = 1 ORDER BY `sort` DESC,`create_time` DESC LIMIT 0,10 [ RunTime:0.000343s ]
[2022-08-03T18:03:19+08:00][sql] CONNECT:[ UseTime:0.000359s ] mysql:host=127.0.0.1;port=3306;dbname=ls_ssl_com;charset=utf8
[2022-08-03T18:03:19+08:00][sql] SELECT `id`,`app_module`,`name`,`title`,`parent`,`level`,`url`,`is_show`,`sort`,`desc`,`picture`,`is_icon`,`picture_select`,`is_control`,`addon` FROM `gxfc_menu` WHERE  `url` = 'admin/Goods/lists'  AND `app_module` = 'admin' ORDER BY `level` DESC LIMIT 1 [ RunTime:0.000529s ]
[2022-08-03T18:03:19+08:00][sql] SELECT `id`,`app_module`,`name`,`title`,`parent`,`level`,`url`,`is_show`,`sort`,`desc`,`picture`,`is_icon`,`picture_select`,`is_control`,`addon` FROM `gxfc_menu` WHERE  `name` = 'GOODS_MANAGE'  AND `app_module` = 'admin' LIMIT 1 [ RunTime:0.000313s ]
[2022-08-03T18:03:19+08:00][sql] SELECT COUNT(*) AS think_count FROM `gxfc_goods` WHERE  `verify_state` = 0  AND `is_delete` = 0 [ RunTime:0.000336s ]
[2022-08-03T18:03:19+08:00][sql] SELECT COUNT(*) AS think_count FROM `gxfc_goods` WHERE  `verify_state` = -2  AND `is_delete` = 0 [ RunTime:0.000288s ]
[2022-08-03T18:03:19+08:00][sql] SELECT COUNT(*) AS think_count FROM `gxfc_goods` WHERE  `verify_state` = 10  AND `is_delete` = 0 [ RunTime:0.000232s ]
[2022-08-03T18:03:19+08:00][sql] SHOW FULL COLUMNS FROM `gxfc_express_template` [ RunTime:0.001188s ]
[2022-08-03T18:03:19+08:00][sql] SELECT `template_id`,`template_name` FROM `gxfc_express_template` ORDER BY `is_default` DESC [ RunTime:0.000181s ]
[2022-08-03T18:03:19+08:00][sql] SELECT `category_id`,`category_name`,`level`,`commission_rate` FROM `gxfc_goods_category` WHERE  `pid` = 0 ORDER BY `sort` ASC [ RunTime:0.000256s ]
[2022-08-03T18:03:19+08:00][sql] CONNECT:[ UseTime:0.000367s ] mysql:host=127.0.0.1;port=3306;dbname=ls_ssl_com;charset=utf8
[2022-08-03T18:03:19+08:00][sql] SELECT `category_id`,`category_name`,`pid`,`level`,`category_id_1`,`category_id_2`,`category_id_3` FROM `gxfc_goods_category` WHERE  `level` = 1 ORDER BY `sort` ASC [ RunTime:0.000331s ]
[2022-08-03T18:03:19+08:00][sql] CONNECT:[ UseTime:0.000451s ] mysql:host=127.0.0.1;port=3306;dbname=ls_ssl_com;charset=utf8
[2022-08-03T18:03:19+08:00][sql] SHOW FULL COLUMNS FROM `gxfc_goods_brand` [ RunTime:0.001469s ]
[2022-08-03T18:03:19+08:00][sql] SELECT COUNT(*) AS think_count FROM `gxfc_goods_brand` `ngb` LEFT JOIN `gxfc_shop` `ns` ON `ngb`.`site_id`=`ns`.`site_id` LEFT JOIN `gxfc_supplier` `nsp` ON `ngb`.`site_id`=`nsp`.`supplier_site_id` ORDER BY `ngb`.`create_time` DESC [ RunTime:0.000366s ]
[2022-08-03T18:03:19+08:00][sql] SELECT `ngb`.`brand_id`,`ngb`.`brand_name`,`ngb`.`brand_initial`,`ngb`.`image_url`,`ngb`.`sort`,`ngb`.`create_time`,`ngb`.`is_recommend`,`ngb`.`site_id`,`ns`.`site_name`,nsp.title as supply_name FROM `gxfc_goods_brand` `ngb` LEFT JOIN `gxfc_shop` `ns` ON `ngb`.`site_id`=`ns`.`site_id` LEFT JOIN `gxfc_supplier` `nsp` ON `ngb`.`site_id`=`nsp`.`supplier_site_id` ORDER BY `ngb`.`create_time` DESC LIMIT 0,10 [ RunTime:0.000386s ]
[2022-08-03T18:03:19+08:00][sql] CONNECT:[ UseTime:0.000284s ] mysql:host=127.0.0.1;port=3306;dbname=ls_ssl_com;charset=utf8
[2022-08-03T18:03:19+08:00][sql] SELECT COUNT(*) AS think_count FROM `gxfc_goods` WHERE  `verify_state` = 0  AND `is_delete` = 0 [ RunTime:0.000381s ]
[2022-08-03T18:03:19+08:00][sql] SELECT COUNT(*) AS think_count FROM `gxfc_goods` WHERE  `verify_state` = -2  AND `is_delete` = 0 [ RunTime:0.000247s ]
[2022-08-03T18:03:19+08:00][sql] SELECT COUNT(*) AS think_count FROM `gxfc_goods` WHERE  `verify_state` = 10  AND `is_delete` = 0 [ RunTime:0.000252s ]
[2022-08-03T18:03:19+08:00][sql] CONNECT:[ UseTime:0.000283s ] mysql:host=127.0.0.1;port=3306;dbname=ls_ssl_com;charset=utf8
[2022-08-03T18:03:19+08:00][sql] SELECT COUNT(*) AS think_count FROM `gxfc_goods` `` WHERE  `is_delete` = 0 ORDER BY `create_time` DESC [ RunTime:0.000269s ]
[2022-08-03T18:03:19+08:00][sql] SELECT `goods_id`,`goods_name`,`site_id`,`site_name`,`goods_image`,`is_own`,`goods_state`,`verify_state`,`price`,`goods_stock`,`goods_stock_alarm`,`create_time`,`sale_num`,`is_virtual`,`goods_class`,`is_fenxiao`,`fenxiao_type`,`sku_id`,`max_buy`,`min_buy`,`promotion_addon`,`sort` FROM `gxfc_goods` `` WHERE  `is_delete` = 0 ORDER BY `create_time` DESC LIMIT 0,10 [ RunTime:0.000345s ]
[2022-08-03T18:03:20+08:00][sql] CONNECT:[ UseTime:0.000368s ] mysql:host=127.0.0.1;port=3306;dbname=ls_ssl_com;charset=utf8
[2022-08-03T18:03:20+08:00][sql] SELECT `id`,`app_module`,`name`,`title`,`parent`,`level`,`url`,`is_show`,`sort`,`desc`,`picture`,`is_icon`,`picture_select`,`is_control`,`addon` FROM `gxfc_menu` WHERE  `url` = 'admin/Goodscategory/lists'  AND `app_module` = 'admin' ORDER BY `level` DESC LIMIT 1 [ RunTime:0.000577s ]
[2022-08-03T18:03:20+08:00][sql] SELECT `id`,`app_module`,`name`,`title`,`parent`,`level`,`url`,`is_show`,`sort`,`desc`,`picture`,`is_icon`,`picture_select`,`is_control`,`addon` FROM `gxfc_menu` WHERE  `name` = 'GOODS_CATEGORY'  AND `app_module` = 'admin' LIMIT 1 [ RunTime:0.000479s ]
[2022-08-03T18:03:20+08:00][sql] SELECT `category_id`,`category_name`,`short_name`,`pid`,`level`,`is_show`,`sort`,`image`,`attr_class_name`,`category_id_1`,`category_id_2`,`category_id_3`,`commission_rate`,`supply_commission_rate` FROM `gxfc_goods_category` ORDER BY `sort` ASC [ RunTime:0.000446s ]
[2022-08-03T18:03:38+08:00][sql] CONNECT:[ UseTime:0.000411s ] mysql:host=127.0.0.1;port=3306;dbname=ls_ssl_com;charset=utf8
[2022-08-03T18:03:38+08:00][sql] SELECT `group_id` FROM `gxfc_shop` WHERE  `site_id` = 0 LIMIT 1 [ RunTime:0.000288s ]
[2022-08-03T18:03:38+08:00][sql] SELECT `addon_array` FROM `gxfc_shop_group` WHERE  `group_id` IS NULL LIMIT 1 [ RunTime:0.000176s ]
[2022-08-03T18:03:38+08:00][sql] SELECT `id`,`name`,`title`,`type`,`controller`,`value`,`addon_name`,`support_diy_view`,`max_count`,`is_delete`,`icon`,`icon_selected` FROM `gxfc_diy_view_util` WHERE  (`support_diy_view` LIKE 'DIY_VIEW_INDEX' OR `support_diy_view` LIKE '%DIY_VIEW_INDEX,%' OR `support_diy_view` LIKE '%DIY_VIEW_INDEX' OR `support_diy_view` LIKE '%,DIY_VIEW_INDEX,%' OR `support_diy_view` LIKE '') ORDER BY `sort` ASC [ RunTime:0.000438s ]
[2022-08-03T18:03:38+08:00][sql] SELECT `site_id`,`name` FROM `gxfc_site_diy_view` WHERE  `site_id` = 0  AND `name` = 'DIY_VIEW_INDEX' LIMIT 1 [ RunTime:0.000242s ]
[2022-08-03T18:03:38+08:00][sql] SELECT `sdv`.`id`,`sdv`.`site_id`,`sdv`.`name`,`sdv`.`title`,`sdv`.`value`,`sdv`.`type`,`dvt`.`addon_name` FROM `gxfc_site_diy_view` `sdv` LEFT JOIN `gxfc_diy_view_temp` `dvt` ON `sdv`.`name`=`dvt`.`name` WHERE  `sdv`.`site_id` = 0  AND `sdv`.`name` = 'DIY_VIEW_INDEX' LIMIT 1 [ RunTime:0.000491s ]
[2022-08-03T18:03:40+08:00][sql] CONNECT:[ UseTime:0.000395s ] mysql:host=127.0.0.1;port=3306;dbname=ls_ssl_com;charset=utf8
[2022-08-03T18:03:40+08:00][sql] SELECT `group_id` FROM `gxfc_shop` WHERE  `site_id` = 0 LIMIT 1 [ RunTime:0.001345s ]
[2022-08-03T18:03:40+08:00][sql] SELECT `addon_array` FROM `gxfc_shop_group` WHERE  `group_id` IS NULL LIMIT 1 [ RunTime:0.000209s ]
[2022-08-03T18:03:40+08:00][sql] SELECT `id`,`name`,`title`,`type`,`controller`,`value`,`addon_name`,`support_diy_view`,`max_count`,`is_delete`,`icon`,`icon_selected` FROM `gxfc_diy_view_util` WHERE  (`support_diy_view` LIKE 'DIY_VIEW_INDEX' OR `support_diy_view` LIKE '%DIY_VIEW_INDEX,%' OR `support_diy_view` LIKE '%DIY_VIEW_INDEX' OR `support_diy_view` LIKE '%,DIY_VIEW_INDEX,%' OR `support_diy_view` LIKE '') ORDER BY `sort` ASC [ RunTime:0.000521s ]
[2022-08-03T18:03:40+08:00][sql] SELECT `site_id`,`name` FROM `gxfc_site_diy_view` WHERE  `site_id` = 0  AND `name` = 'DIY_VIEW_INDEX' LIMIT 1 [ RunTime:0.000272s ]
[2022-08-03T18:03:40+08:00][sql] SELECT `sdv`.`id`,`sdv`.`site_id`,`sdv`.`name`,`sdv`.`title`,`sdv`.`value`,`sdv`.`type`,`dvt`.`addon_name` FROM `gxfc_site_diy_view` `sdv` LEFT JOIN `gxfc_diy_view_temp` `dvt` ON `sdv`.`name`=`dvt`.`name` WHERE  `sdv`.`site_id` = 0  AND `sdv`.`name` = 'DIY_VIEW_INDEX' LIMIT 1 [ RunTime:0.000499s ]
[2022-08-03T18:03:44+08:00][sql] CONNECT:[ UseTime:0.000347s ] mysql:host=127.0.0.1;port=3306;dbname=ls_ssl_com;charset=utf8
[2022-08-03T18:03:44+08:00][sql] SELECT `album_id`,`site_id`,`site_name`,`album_name`,`sort`,`cover`,`desc`,`is_default`,`update_time`,`num`,`app_module` FROM `gxfc_album` WHERE  `site_id` = 0  AND `app_module` = 'admin' LIMIT 1 [ RunTime:0.000402s ]
[2022-08-03T18:03:44+08:00][sql] SELECT `album_id`,`site_id`,`album_name`,`sort`,`cover`,`desc`,`is_default`,`update_time`,`num` FROM `gxfc_album` WHERE  `site_id` = 0  AND `app_module` = 'admin' [ RunTime:0.000265s ]
[2022-08-03T18:03:44+08:00][sql] CONNECT:[ UseTime:0.000376s ] mysql:host=127.0.0.1;port=3306;dbname=ls_ssl_com;charset=utf8
[2022-08-03T18:03:44+08:00][sql] SELECT COUNT(*) AS think_count FROM `gxfc_album_pic` `a` WHERE  `site_id` = 0  AND `album_id` = 1 ORDER BY `update_time` DESC [ RunTime:0.000348s ]
[2022-08-03T18:03:44+08:00][sql] SELECT `pic_id`,`pic_name`,`pic_path`,`pic_spec`,`site_id`,`update_time` FROM `gxfc_album_pic` `a` WHERE  `site_id` = 0  AND `album_id` = 1 ORDER BY `update_time` DESC LIMIT 0,12 [ RunTime:0.000319s ]
[2022-08-03T18:03:47+08:00][sql] CONNECT:[ UseTime:0.000386s ] mysql:host=127.0.0.1;port=3306;dbname=ls_ssl_com;charset=utf8
[2022-08-03T18:03:47+08:00][sql] SELECT `album_id`,`site_id`,`site_name`,`album_name`,`sort`,`cover`,`desc`,`is_default`,`update_time`,`num`,`app_module` FROM `gxfc_album` WHERE  `site_id` = 0  AND `app_module` = 'admin' LIMIT 1 [ RunTime:0.000422s ]
[2022-08-03T18:03:47+08:00][sql] SELECT `album_id`,`site_id`,`album_name`,`sort`,`cover`,`desc`,`is_default`,`update_time`,`num` FROM `gxfc_album` WHERE  `site_id` = 0  AND `app_module` = 'admin' [ RunTime:0.000281s ]
[2022-08-03T18:03:47+08:00][sql] CONNECT:[ UseTime:0.000361s ] mysql:host=127.0.0.1;port=3306;dbname=ls_ssl_com;charset=utf8
[2022-08-03T18:03:47+08:00][sql] SELECT COUNT(*) AS think_count FROM `gxfc_album_pic` `a` WHERE  `site_id` = 0  AND `album_id` = 1 ORDER BY `update_time` DESC [ RunTime:0.000594s ]
[2022-08-03T18:03:47+08:00][sql] SELECT `pic_id`,`pic_name`,`pic_path`,`pic_spec`,`site_id`,`update_time` FROM `gxfc_album_pic` `a` WHERE  `site_id` = 0  AND `album_id` = 1 ORDER BY `update_time` DESC LIMIT 0,12 [ RunTime:0.005916s ]
[2022-08-03T18:03:53+08:00][sql] CONNECT:[ UseTime:0.000329s ] mysql:host=127.0.0.1;port=3306;dbname=ls_ssl_com;charset=utf8
[2022-08-03T18:03:53+08:00][sql] UPDATE `gxfc_site_diy_view`  SET `site_id` = 0 , `name` = 'DIY_VIEW_INDEX' , `title` = '网站主页' , `type` = 'admin' , `value` = '{\"global\":{\"title\":\"网站主页\",\"bgColor\":\"#f8f8f8\",\"topNavColor\":\"#ffffff\",\"topNavbg\":false,\"textNavColor\":\"#303133\",\"topNavImg\":\"https://ls.chnssl.com/app/admin/view/public/img/logo.png\",\"moreLink\":{\"name\":\"\"},\"openBottomNav\":true,\"navStyle\":1,\"textImgStyleLink\":\"1\",\"textImgPosLink\":\"left\",\"mpCollect\":false,\"popWindow\":{\"imageUrl\":\"\",\"count\":-1,\"link\":{\"name\":\"\"},\"imgWidth\":\"\",\"imgHeight\":\"\"},\"bgUrl\":\"\"},\"value\":[{\"selectedTemplate\":\"carousel-posters\",\"imageClearance\":0,\"imageRadius\":\"fillet\",\"carouselChangeStyle\":\"circle\",\"marginTop\":0,\"padding\":0,\"height\":0,\"list\":[{\"imageUrl\":\"upload/common/images/20220803/20220803060153165952091347735.png\",\"title\":\"\",\"link\":{\"name\":\"\"},\"imgWidth\":\"345\",\"imgHeight\":\"170\"},{\"imageUrl\":\"upload/common/images/20220803/20220803060153165952091347735.png\",\"title\":\"\",\"link\":{\"name\":\"\"},\"imgWidth\":\"345\",\"imgHeight\":\"170\"}],\"addon_name\":\"\",\"type\":\"IMAGE_ADS\",\"name\":\"图片广告\",\"controller\":\"ImageAds\",\"is_delete\":\"0\"},{\"textColor\":\"#303133\",\"defaultTextColor\":\"#666666\",\"backgroundColor\":\"#ffffff\",\"selectedTemplate\":\"imageNavigation\",\"showType\":5,\"scrollSetting\":\"fixed\",\"padding\":20,\"marginTop\":10,\"list\":[{\"imageUrl\":\"public/diy_view/style2/img/icon1.png\",\"title\":\"拼团\",\"link\":{\"id\":11539,\"addon_name\":\"pintuan\",\"name\":\"PINTUAN_PREFECTURE\",\"title\":\"拼团专区\",\"parent\":\"PINTUAN\",\"sort\":0,\"level\":4,\"web_url\":\"\",\"wap_url\":\"/promotionpages/pintuan/list/list\",\"icon\":\"\",\"support_diy_view\":\"\",\"parents\":\"MARKETING_LINK\"},\"imgWidth\":\"70\",\"imgHeight\":\"70\"},{\"imageUrl\":\"public/diy_view/style2/img/icon2.png\",\"title\":\"团购\",\"link\":{\"id\":11536,\"addon_name\":\"groupbuy\",\"name\":\"GROUPBUY_PREFECTURE\",\"title\":\"团购专区\",\"parent\":\"GROUPBUY\",\"sort\":0,\"level\":4,\"web_url\":\"\",\"wap_url\":\"/promotionpages/groupbuy/list/list\",\"icon\":\"\",\"support_diy_view\":\"\",\"parents\":\"MARKETING_LINK\"},\"imgWidth\":\"70\",\"imgHeight\":\"70\"},{\"imageUrl\":\"public/diy_view/style2/img/icon3.png\",\"title\":\"秒杀\",\"link\":{\"id\":11543,\"addon_name\":\"seckill\",\"name\":\"SECKILL_PREFECTURE\",\"title\":\"秒杀专区\",\"parent\":\"SECKILL\",\"sort\":0,\"level\":4,\"web_url\":\"\",\"wap_url\":\"/promotionpages/seckill/list/list\",\"icon\":\"\",\"support_diy_view\":\"\",\"parents\":\"MARKETING_LINK\"},\"imgWidth\":\"70\",\"imgHeight\":\"70\"},{\"imageUrl\":\"public/diy_view/style2/img/icon4.png\",\"title\":\"积分商城\",\"link\":{\"id\":3541,\"addon_name\":\"pointexchange\",\"name\":\"INTEGRAL_STORE\",\"title\":\"积分商城\",\"parent\":\"INTEGRAL\",\"sort\":0,\"level\":4,\"web_url\":\"\",\"wap_url\":\"/promotionpages/point/list/list\",\"icon\":\"\",\"support_diy_view\":\"\",\"parents\":\"MARKETING_LINK\"},\"imgWidth\":\"70\",\"imgHeight\":\"70\"},{\"imageUrl\":\"public/diy_view/style2/img/icon5.png\",\"title\":\"专题活动\",\"link\":{\"id\":3532,\"addon_name\":\"topic\",\"name\":\"THEMATIC_ACTIVITIES_LIST\",\"title\":\"专题活动列表\",\"parent\":\"THEMATIC_ACTIVITIES\",\"sort\":0,\"level\":4,\"web_url\":\"\",\"wap_url\":\"/promotionpages/topics/list/list\",\"icon\":\"\",\"support_diy_view\":\"\",\"parents\":\"MARKETING_LINK\"},\"imgWidth\":\"70\",\"imgHeight\":\"70\"},{\"imageUrl\":\"public/diy_view/style2/img/icon6.png\",\"title\":\"砍价\",\"link\":{\"id\":11532,\"addon_name\":\"bargain\",\"name\":\"BARGAIN_PREFECTURE\",\"title\":\"砍价专区\",\"parent\":\"BARGAIN\",\"sort\":0,\"level\":4,\"web_url\":\"\",\"wap_url\":\"/promotionpages/bargain/list/list\",\"icon\":\"\",\"support_diy_view\":\"\",\"parents\":\"MARKETING_LINK\"},\"imgWidth\":\"70\",\"imgHeight\":\"70\"},{\"imageUrl\":\"public/diy_view/style2/img/icon7.png\",\"title\":\"直播\",\"link\":{\"id\":11556,\"addon_name\":\"live\",\"name\":\"LIVE_LIST\",\"title\":\"直播\",\"parent\":\"LIVE\",\"sort\":0,\"level\":4,\"web_url\":\"\",\"wap_url\":\"/otherpages/live/list/list\",\"icon\":\"\",\"support_diy_view\":\"\",\"parents\":\"MARKETING_LINK\"},\"imgWidth\":\"70\",\"imgHeight\":\"70\"},{\"imageUrl\":\"public/diy_view/style2/img/icon8.png\",\"title\":\"领券\",\"link\":{\"id\":11545,\"addon_name\":\"coupon\",\"name\":\"COUPON_PREFECTURE\",\"title\":\"优惠券专区\",\"parent\":\"COUPON_LIST\",\"sort\":0,\"level\":4,\"web_url\":\"\",\"wap_url\":\"/otherpages/goods/coupon/coupon\",\"icon\":\"\",\"support_diy_view\":\"\",\"parents\":\"MARKETING_LINK\"},\"imgWidth\":\"70\",\"imgHeight\":\"70\"},{\"imageUrl\":\"public/diy_view/style2/img/icon9.png\",\"title\":\"公告\",\"link\":{\"id\":11504,\"addon_name\":\"\",\"name\":\"SHOPPING_NOTICE\",\"title\":\"公告\",\"parent\":\"BASICS_LINK\",\"sort\":0,\"level\":4,\"web_url\":\"\",\"wap_url\":\"/otherpages/notice/list/list\",\"icon\":\"\",\"support_diy_view\":\"\",\"selected\":false,\"parents\":\"MALL_LINK\"},\"imgWidth\":\"70\",\"imgHeight\":\"70\"},{\"imageUrl\":\"public/diy_view/style2/img/icon10.png\",\"title\":\"帮助\",\"link\":{\"id\":11505,\"addon_name\":\"\",\"name\":\"SHOPPING_HELP\",\"title\":\"帮助\",\"parent\":\"BASICS_LINK\",\"sort\":0,\"level\":4,\"web_url\":\"\",\"wap_url\":\"/otherpages/help/list/list\",\"icon\":\"\",\"support_diy_view\":\"\",\"selected\":false,\"parents\":\"MALL_LINK\"},\"imgWidth\":\"70\",\"imgHeight\":\"70\"}],\"addon_name\":\"\",\"type\":\"GRAPHIC_NAV\",\"name\":\"图文导航\",\"navRadius\":\"fillet\",\"controller\":\"GraphicNav\",\"is_delete\":\"0\"},{\"sources\":\"default\",\"backgroundColor\":\"#ffffff\",\"marginTop\":10,\"style\":1,\"isEdit\":1,\"styleName\":\"风格一\",\"textColor\":\"#606266\",\"defaultTextColor\":\"#333333\",\"fontSize\":14,\"list\":[{\"title\":\"多商户V4.1.0更新啦！\",\"link\":{\"name\":\"\"}}],\"noticeIds\":[],\"addon_name\":\"\",\"type\":\"NOTICE\",\"name\":\"公告\",\"controller\":\"Notice\",\"is_delete\":\"0\"},{\"marginTop\":10,\"isShowAnchorInfo\":\"1\",\"isShowLiveGood\":\"1\",\"addon_name\":\"live\",\"type\":\"WEAPP_LIVE\",\"name\":\"小程序直播\",\"controller\":\"LiveInfo\",\"is_delete\":\"0\"},{\"height\":10,\"backgroundColor\":\"\",\"marginLeftRight\":0,\"addon_name\":\"\",\"type\":\"HORZ_BLANK\",\"name\":\"辅助空白\",\"controller\":\"HorzBlank\",\"is_delete\":\"0\"},{\"selectedTemplate\":\"row1-lt-of2-rt\",\"backgroundColor\":\"\",\"list\":[{\"imageUrl\":\"public/diy_view/style2/img/adv1.png\",\"link\":{\"name\":\"\"}},{\"imageUrl\":\"public/diy_view/style2/img/adv2.png\",\"link\":{\"name\":\"\"}},{\"imageUrl\":\"public/diy_view/style2/img/adv3.png\",\"link\":{\"name\":\"\"}}],\"selectedRubikCubeArray\":[],\"diyHtml\":\"\",\"customRubikCube\":4,\"heightArray\":[\"74.25px\",\"59px\",\"48.83px\",\"41.56px\"],\"imageGap\":10,\"addon_name\":\"\",\"type\":\"RUBIK_CUBE\",\"name\":\"魔方\",\"controller\":\"RubikCube\",\"is_delete\":\"0\"},{\"style\":1,\"backgroundColor\":\"\",\"marginTop\":10,\"styleName\":\"风格一\",\"bgSelect\":\"red\",\"changeType\":1,\"paddingLeftRight\":0,\"isShowGoodsName\":1,\"isShowGoodsDesc\":0,\"isShowGoodsPrice\":1,\"isShowGoodsPrimary\":1,\"isShowGoodsStock\":0,\"list\":{\"imageUrl\":\"public/diy_view/style2/img/title1.png\",\"title\":\"秒杀专区\"},\"listMore\":{\"imageUrl\":\"\",\"title\":\"更多秒杀\"},\"titleTextColor\":\"#000\",\"defaultTitleTextColor\":\"#000\",\"moreTextColor\":\"#858585\",\"defaultMoreTextColor\":\"#858585\",\"addon_name\":\"seckill\",\"type\":\"SECKILL_LIST\",\"name\":\"秒杀\",\"controller\":\"Seckill\",\"is_delete\":\"0\"},{\"sources\":\"default\",\"categoryId\":0,\"goodsCount\":\"6\",\"goodsId\":[],\"style\":1,\"styleName\":\"风格一\",\"changeType\":1,\"backgroundColor\":\"\",\"bgSelect\":\"blue\",\"marginTop\":10,\"list\":{\"imageUrl\":\"public/diy_view/style2/img/title2.png\",\"title\":\"爱拼才会赢\"},\"listMore\":{\"imageUrl\":\"\",\"title\":\"好友都在拼\"},\"titleTextColor\":\"#000\",\"defaultTitleTextColor\":\"#000\",\"moreTextColor\":\"#858585\",\"defaultMoreTextColor\":\"#858585\",\"addon_name\":\"pintuan\",\"type\":\"PINTUAN_LIST\",\"name\":\"拼团\",\"controller\":\"Pintuan\",\"is_delete\":\"0\"},{\"sources\":\"default\",\"categoryId\":0,\"goodsCount\":\"6\",\"goodsId\":[],\"style\":1,\"styleName\":\"风格一\",\"changeType\":1,\"backgroundColor\":\"\",\"bgSelect\":\"yellow\",\"marginTop\":10,\"list\":{\"imageUrl\":\"public/diy_view/style2/img/title3.png\",\"title\":\"一起团才更实惠\"},\"listMore\":{\"imageUrl\":\"\",\"title\":\"查看更多\"},\"titleTextColor\":\"#000\",\"defaultTitleTextColor\":\"#000\",\"moreTextColor\":\"#858585\",\"defaultMoreTextColor\":\"#858585\",\"addon_name\":\"groupbuy\",\"type\":\"GROUPBUY_LIST\",\"name\":\"团购\",\"controller\":\"Groupbuy\",\"is_delete\":\"0\"},{\"sources\":\"default\",\"categoryId\":0,\"goodsCount\":\"6\",\"styleName\":\"风格一\",\"goodsId\":[],\"style\":1,\"changeType\":1,\"backgroundColor\":\"\",\"bgSelect\":\"violet\",\"marginTop\":10,\"list\":{\"imageUrl\":\"public/diy_view/style2/img/title4.png\",\"title\":\"低价一目了然\"},\"listMore\":{\"imageUrl\":\"\",\"title\":\"更多\"},\"titleTextColor\":\"#000\",\"defaultTitleTextColor\":\"#000\",\"moreTextColor\":\"#858585\",\"defaultMoreTextColor\":\"#858585\",\"addon_name\":\"bargain\",\"type\":\"BARGAIN_LIST\",\"name\":\"砍价\",\"controller\":\"Bargain\",\"is_delete\":\"0\"},{\"selectedTemplate\":\"single-graph\",\"imageClearance\":0,\"imageRadius\":\"right-angle\",\"carouselChangeStyle\":\"circle\",\"marginTop\":25,\"padding\":0,\"height\":0,\"list\":[{\"imageUrl\":\"public/diy_view/style2/img/title.png\",\"title\":\"\",\"link\":{\"name\":\"\"},\"imgWidth\":\"690\",\"imgHeight\":\"65\"}],\"addon_name\":\"\",\"type\":\"IMAGE_ADS\",\"name\":\"图片广告\",\"controller\":\"ImageAds\",\"is_delete\":\"0\"},{\"sources\":\"default\",\"categoryId\":0,\"categoryName\":\"请选择\",\"goodsCount\":\"6\",\"goodsId\":[],\"style\":\"2\",\"backgroundColor\":\"\",\"marginTop\":10,\"paddingLeftRight\":0,\"isShowCart\":0,\"cartStyle\":1,\"isShowGoodName\":1,\"isShowMarketPrice\":1,\"isShowGoodSaleNum\":1,\"isShowGoodSubTitle\":0,\"goodsTag\":\"default\",\"tagImg\":{\"imageUrl\":\"\"},\"addon_name\":\"\",\"type\":\"GOODS_LIST\",\"name\":\"商品列表\",\"controller\":\"GoodsList\",\"is_delete\":\"0\"}]}' , `update_time` = 1659521033  WHERE  `id` = 1 [ RunTime:0.010006s ]
[2022-08-03T18:03:54+08:00][sql] CONNECT:[ UseTime:0.000322s ] mysql:host=127.0.0.1;port=3306;dbname=ls_ssl_com;charset=utf8
[2022-08-03T18:03:54+08:00][sql] SELECT `group_id` FROM `gxfc_shop` WHERE  `site_id` = 0 LIMIT 1 [ RunTime:0.000288s ]
[2022-08-03T18:03:54+08:00][sql] SELECT `addon_array` FROM `gxfc_shop_group` WHERE  `group_id` IS NULL LIMIT 1 [ RunTime:0.000187s ]
[2022-08-03T18:03:54+08:00][sql] SELECT `id`,`name`,`title`,`type`,`controller`,`value`,`addon_name`,`support_diy_view`,`max_count`,`is_delete`,`icon`,`icon_selected` FROM `gxfc_diy_view_util` WHERE  (`support_diy_view` LIKE 'DIY_VIEW_INDEX' OR `support_diy_view` LIKE '%DIY_VIEW_INDEX,%' OR `support_diy_view` LIKE '%DIY_VIEW_INDEX' OR `support_diy_view` LIKE '%,DIY_VIEW_INDEX,%' OR `support_diy_view` LIKE '') ORDER BY `sort` ASC [ RunTime:0.000462s ]
[2022-08-03T18:03:54+08:00][sql] SELECT `site_id`,`name` FROM `gxfc_site_diy_view` WHERE  `site_id` = 0  AND `name` = 'DIY_VIEW_INDEX' LIMIT 1 [ RunTime:0.000247s ]
[2022-08-03T18:03:54+08:00][sql] SELECT `sdv`.`id`,`sdv`.`site_id`,`sdv`.`name`,`sdv`.`title`,`sdv`.`value`,`sdv`.`type`,`dvt`.`addon_name` FROM `gxfc_site_diy_view` `sdv` LEFT JOIN `gxfc_diy_view_temp` `dvt` ON `sdv`.`name`=`dvt`.`name` WHERE  `sdv`.`site_id` = 0  AND `sdv`.`name` = 'DIY_VIEW_INDEX' LIMIT 1 [ RunTime:0.000495s ]
[2022-08-03T18:06:06+08:00][sql] CONNECT:[ UseTime:0.000371s ] mysql:host=127.0.0.1;port=3306;dbname=ls_ssl_com;charset=utf8
[2022-08-03T18:06:07+08:00][sql] UPDATE `gxfc_site_diy_view`  SET `site_id` = 0 , `name` = 'DIY_VIEW_INDEX' , `title` = '网站主页' , `type` = 'admin' , `value` = '{\"global\":{\"title\":\"网站主页\",\"bgColor\":\"#f8f8f8\",\"topNavColor\":\"#ffffff\",\"topNavbg\":false,\"textNavColor\":\"#303133\",\"topNavImg\":\"https://ls.chnssl.com/app/admin/view/public/img/logo.png\",\"moreLink\":{\"name\":\"\"},\"openBottomNav\":true,\"navStyle\":1,\"textImgStyleLink\":\"1\",\"textImgPosLink\":\"left\",\"mpCollect\":false,\"popWindow\":{\"imageUrl\":\"\",\"count\":-1,\"link\":{\"name\":\"\"},\"imgWidth\":\"\",\"imgHeight\":\"\"},\"bgUrl\":\"\"},\"value\":[{\"selectedTemplate\":\"carousel-posters\",\"imageClearance\":0,\"imageRadius\":\"fillet\",\"carouselChangeStyle\":\"circle\",\"marginTop\":0,\"padding\":0,\"height\":0,\"list\":[{\"imageUrl\":\"upload/common/images/20220803/20220803060153165952091347735.png\",\"title\":\"\",\"link\":{\"name\":\"\"},\"imgWidth\":\"345\",\"imgHeight\":\"170\"},{\"imageUrl\":\"upload/common/images/20220803/20220803060153165952091347735.png\",\"title\":\"\",\"link\":{\"name\":\"\"},\"imgWidth\":\"345\",\"imgHeight\":\"170\"}],\"addon_name\":\"\",\"type\":\"IMAGE_ADS\",\"name\":\"图片广告\",\"controller\":\"ImageAds\",\"is_delete\":\"0\"},{\"textColor\":\"#303133\",\"defaultTextColor\":\"#666666\",\"backgroundColor\":\"#ffffff\",\"selectedTemplate\":\"imageNavigation\",\"showType\":5,\"scrollSetting\":\"fixed\",\"padding\":20,\"marginTop\":10,\"list\":[{\"imageUrl\":\"public/diy_view/style2/img/icon1.png\",\"title\":\"拼团\",\"link\":{\"id\":11539,\"addon_name\":\"pintuan\",\"name\":\"PINTUAN_PREFECTURE\",\"title\":\"拼团专区\",\"parent\":\"PINTUAN\",\"sort\":0,\"level\":4,\"web_url\":\"\",\"wap_url\":\"/promotionpages/pintuan/list/list\",\"icon\":\"\",\"support_diy_view\":\"\",\"parents\":\"MARKETING_LINK\"},\"imgWidth\":\"70\",\"imgHeight\":\"70\"},{\"imageUrl\":\"public/diy_view/style2/img/icon2.png\",\"title\":\"团购\",\"link\":{\"id\":11536,\"addon_name\":\"groupbuy\",\"name\":\"GROUPBUY_PREFECTURE\",\"title\":\"团购专区\",\"parent\":\"GROUPBUY\",\"sort\":0,\"level\":4,\"web_url\":\"\",\"wap_url\":\"/promotionpages/groupbuy/list/list\",\"icon\":\"\",\"support_diy_view\":\"\",\"parents\":\"MARKETING_LINK\"},\"imgWidth\":\"70\",\"imgHeight\":\"70\"},{\"imageUrl\":\"public/diy_view/style2/img/icon3.png\",\"title\":\"秒杀\",\"link\":{\"id\":11543,\"addon_name\":\"seckill\",\"name\":\"SECKILL_PREFECTURE\",\"title\":\"秒杀专区\",\"parent\":\"SECKILL\",\"sort\":0,\"level\":4,\"web_url\":\"\",\"wap_url\":\"/promotionpages/seckill/list/list\",\"icon\":\"\",\"support_diy_view\":\"\",\"parents\":\"MARKETING_LINK\"},\"imgWidth\":\"70\",\"imgHeight\":\"70\"},{\"imageUrl\":\"public/diy_view/style2/img/icon4.png\",\"title\":\"积分商城\",\"link\":{\"id\":3541,\"addon_name\":\"pointexchange\",\"name\":\"INTEGRAL_STORE\",\"title\":\"积分商城\",\"parent\":\"INTEGRAL\",\"sort\":0,\"level\":4,\"web_url\":\"\",\"wap_url\":\"/promotionpages/point/list/list\",\"icon\":\"\",\"support_diy_view\":\"\",\"parents\":\"MARKETING_LINK\"},\"imgWidth\":\"70\",\"imgHeight\":\"70\"},{\"imageUrl\":\"public/diy_view/style2/img/icon5.png\",\"title\":\"专题活动\",\"link\":{\"id\":3532,\"addon_name\":\"topic\",\"name\":\"THEMATIC_ACTIVITIES_LIST\",\"title\":\"专题活动列表\",\"parent\":\"THEMATIC_ACTIVITIES\",\"sort\":0,\"level\":4,\"web_url\":\"\",\"wap_url\":\"/promotionpages/topics/list/list\",\"icon\":\"\",\"support_diy_view\":\"\",\"parents\":\"MARKETING_LINK\"},\"imgWidth\":\"70\",\"imgHeight\":\"70\"}],\"addon_name\":\"\",\"type\":\"GRAPHIC_NAV\",\"name\":\"图文导航\",\"navRadius\":\"fillet\",\"controller\":\"GraphicNav\",\"is_delete\":\"0\"},{\"sources\":\"default\",\"backgroundColor\":\"#ffffff\",\"marginTop\":10,\"style\":1,\"isEdit\":1,\"styleName\":\"风格一\",\"textColor\":\"#606266\",\"defaultTextColor\":\"#333333\",\"fontSize\":14,\"list\":[{\"title\":\"赞有情小程序上线啦！\",\"link\":{\"name\":\"\"}}],\"noticeIds\":[],\"addon_name\":\"\",\"type\":\"NOTICE\",\"name\":\"公告\",\"controller\":\"Notice\",\"is_delete\":\"0\"},{\"marginTop\":10,\"isShowAnchorInfo\":\"1\",\"isShowLiveGood\":\"1\",\"addon_name\":\"live\",\"type\":\"WEAPP_LIVE\",\"name\":\"小程序直播\",\"controller\":\"LiveInfo\",\"is_delete\":\"0\"},{\"height\":10,\"backgroundColor\":\"\",\"marginLeftRight\":0,\"addon_name\":\"\",\"type\":\"HORZ_BLANK\",\"name\":\"辅助空白\",\"controller\":\"HorzBlank\",\"is_delete\":\"0\"},{\"selectedTemplate\":\"row1-lt-of2-rt\",\"backgroundColor\":\"\",\"list\":[{\"imageUrl\":\"public/diy_view/style2/img/adv1.png\",\"link\":{\"name\":\"\"}},{\"imageUrl\":\"public/diy_view/style2/img/adv2.png\",\"link\":{\"name\":\"\"}},{\"imageUrl\":\"public/diy_view/style2/img/adv3.png\",\"link\":{\"name\":\"\"}}],\"selectedRubikCubeArray\":[],\"diyHtml\":\"\",\"customRubikCube\":4,\"heightArray\":[\"74.25px\",\"59px\",\"48.83px\",\"41.56px\"],\"imageGap\":10,\"addon_name\":\"\",\"type\":\"RUBIK_CUBE\",\"name\":\"魔方\",\"controller\":\"RubikCube\",\"is_delete\":\"0\"},{\"style\":1,\"backgroundColor\":\"\",\"marginTop\":10,\"styleName\":\"风格一\",\"bgSelect\":\"red\",\"changeType\":1,\"paddingLeftRight\":0,\"isShowGoodsName\":1,\"isShowGoodsDesc\":0,\"isShowGoodsPrice\":1,\"isShowGoodsPrimary\":1,\"isShowGoodsStock\":0,\"list\":{\"imageUrl\":\"public/diy_view/style2/img/title1.png\",\"title\":\"秒杀专区\"},\"listMore\":{\"imageUrl\":\"\",\"title\":\"更多秒杀\"},\"titleTextColor\":\"#000\",\"defaultTitleTextColor\":\"#000\",\"moreTextColor\":\"#858585\",\"defaultMoreTextColor\":\"#858585\",\"addon_name\":\"seckill\",\"type\":\"SECKILL_LIST\",\"name\":\"秒杀\",\"controller\":\"Seckill\",\"is_delete\":\"0\"},{\"sources\":\"default\",\"categoryId\":0,\"goodsCount\":\"6\",\"goodsId\":[],\"style\":1,\"styleName\":\"风格一\",\"changeType\":1,\"backgroundColor\":\"\",\"bgSelect\":\"blue\",\"marginTop\":10,\"list\":{\"imageUrl\":\"public/diy_view/style2/img/title2.png\",\"title\":\"爱拼才会赢\"},\"listMore\":{\"imageUrl\":\"\",\"title\":\"好友都在拼\"},\"titleTextColor\":\"#000\",\"defaultTitleTextColor\":\"#000\",\"moreTextColor\":\"#858585\",\"defaultMoreTextColor\":\"#858585\",\"addon_name\":\"pintuan\",\"type\":\"PINTUAN_LIST\",\"name\":\"拼团\",\"controller\":\"Pintuan\",\"is_delete\":\"0\"},{\"sources\":\"default\",\"categoryId\":0,\"goodsCount\":\"6\",\"goodsId\":[],\"style\":1,\"styleName\":\"风格一\",\"changeType\":1,\"backgroundColor\":\"\",\"bgSelect\":\"yellow\",\"marginTop\":10,\"list\":{\"imageUrl\":\"public/diy_view/style2/img/title3.png\",\"title\":\"一起团才更实惠\"},\"listMore\":{\"imageUrl\":\"\",\"title\":\"查看更多\"},\"titleTextColor\":\"#000\",\"defaultTitleTextColor\":\"#000\",\"moreTextColor\":\"#858585\",\"defaultMoreTextColor\":\"#858585\",\"addon_name\":\"groupbuy\",\"type\":\"GROUPBUY_LIST\",\"name\":\"团购\",\"controller\":\"Groupbuy\",\"is_delete\":\"0\"},{\"sources\":\"default\",\"categoryId\":0,\"goodsCount\":\"6\",\"styleName\":\"风格一\",\"goodsId\":[],\"style\":1,\"changeType\":1,\"backgroundColor\":\"\",\"bgSelect\":\"violet\",\"marginTop\":10,\"list\":{\"imageUrl\":\"public/diy_view/style2/img/title4.png\",\"title\":\"低价一目了然\"},\"listMore\":{\"imageUrl\":\"\",\"title\":\"更多\"},\"titleTextColor\":\"#000\",\"defaultTitleTextColor\":\"#000\",\"moreTextColor\":\"#858585\",\"defaultMoreTextColor\":\"#858585\",\"addon_name\":\"bargain\",\"type\":\"BARGAIN_LIST\",\"name\":\"砍价\",\"controller\":\"Bargain\",\"is_delete\":\"0\"},{\"selectedTemplate\":\"single-graph\",\"imageClearance\":0,\"imageRadius\":\"right-angle\",\"carouselChangeStyle\":\"circle\",\"marginTop\":25,\"padding\":0,\"height\":0,\"list\":[{\"imageUrl\":\"public/diy_view/style2/img/title.png\",\"title\":\"\",\"link\":{\"name\":\"\"},\"imgWidth\":\"690\",\"imgHeight\":\"65\"}],\"addon_name\":\"\",\"type\":\"IMAGE_ADS\",\"name\":\"图片广告\",\"controller\":\"ImageAds\",\"is_delete\":\"0\"},{\"sources\":\"default\",\"categoryId\":0,\"categoryName\":\"请选择\",\"goodsCount\":\"6\",\"goodsId\":[],\"style\":\"2\",\"backgroundColor\":\"\",\"marginTop\":10,\"paddingLeftRight\":0,\"isShowCart\":0,\"cartStyle\":1,\"isShowGoodName\":1,\"isShowMarketPrice\":1,\"isShowGoodSaleNum\":1,\"isShowGoodSubTitle\":0,\"goodsTag\":\"default\",\"tagImg\":{\"imageUrl\":\"\"},\"addon_name\":\"\",\"type\":\"GOODS_LIST\",\"name\":\"商品列表\",\"controller\":\"GoodsList\",\"is_delete\":\"0\"}]}' , `update_time` = 1659521166  WHERE  `id` = 1 [ RunTime:0.023438s ]
[2022-08-03T18:06:07+08:00][sql] CONNECT:[ UseTime:0.000370s ] mysql:host=127.0.0.1;port=3306;dbname=ls_ssl_com;charset=utf8
[2022-08-03T18:06:07+08:00][sql] SELECT `group_id` FROM `gxfc_shop` WHERE  `site_id` = 0 LIMIT 1 [ RunTime:0.000312s ]
[2022-08-03T18:06:07+08:00][sql] SELECT `addon_array` FROM `gxfc_shop_group` WHERE  `group_id` IS NULL LIMIT 1 [ RunTime:0.000192s ]
[2022-08-03T18:06:07+08:00][sql] SELECT `id`,`name`,`title`,`type`,`controller`,`value`,`addon_name`,`support_diy_view`,`max_count`,`is_delete`,`icon`,`icon_selected` FROM `gxfc_diy_view_util` WHERE  (`support_diy_view` LIKE 'DIY_VIEW_INDEX' OR `support_diy_view` LIKE '%DIY_VIEW_INDEX,%' OR `support_diy_view` LIKE '%DIY_VIEW_INDEX' OR `support_diy_view` LIKE '%,DIY_VIEW_INDEX,%' OR `support_diy_view` LIKE '') ORDER BY `sort` ASC [ RunTime:0.000431s ]
[2022-08-03T18:06:07+08:00][sql] SELECT `site_id`,`name` FROM `gxfc_site_diy_view` WHERE  `site_id` = 0  AND `name` = 'DIY_VIEW_INDEX' LIMIT 1 [ RunTime:0.000253s ]
[2022-08-03T18:06:07+08:00][sql] SELECT `sdv`.`id`,`sdv`.`site_id`,`sdv`.`name`,`sdv`.`title`,`sdv`.`value`,`sdv`.`type`,`dvt`.`addon_name` FROM `gxfc_site_diy_view` `sdv` LEFT JOIN `gxfc_diy_view_temp` `dvt` ON `sdv`.`name`=`dvt`.`name` WHERE  `sdv`.`site_id` = 0  AND `sdv`.`name` = 'DIY_VIEW_INDEX' LIMIT 1 [ RunTime:0.000475s ]
