[2022-08-08T16:13:11+08:00][sql] CONNECT:[ UseTime:0.000350s ] mysql:host=127.0.0.1;port=3306;dbname=ls_ssl_com;charset=utf8
[2022-08-08T16:13:11+08:00][sql] SELECT `uid`,`app_module`,`app_group`,`is_admin`,`site_id`,`group_id`,`group_name`,`username`,`password`,`member_id`,`create_time`,`update_time`,`status`,`login_time`,`login_ip` FROM `gxfc_user` WHERE  `username` = 'admin'  AND `app_module` = 'admin' LIMIT 1 [ RunTime:0.000409s ]
[2022-08-08T16:13:11+08:00][sql] UPDATE `gxfc_user`  SET `login_time` = 1659946391 , `login_ip` = '171.113.165.245'  WHERE  `uid` = 1 [ RunTime:0.003790s ]
[2022-08-08T16:13:11+08:00][sql] INSERT INTO `gxfc_user_log` SET `uid` = 1 , `username` = 'admin' , `site_id` = 0 , `url` = 'admin/Login/login' , `ip` = '171.113.165.245' , `data` = '[]' , `action_name` = '用户登录' , `create_time` = 1659946391 [ RunTime:0.002928s ]
[2022-08-08T16:13:12+08:00][sql] CONNECT:[ UseTime:0.000346s ] mysql:host=127.0.0.1;port=3306;dbname=ls_ssl_com;charset=utf8
[2022-08-08T16:13:12+08:00][sql] SELECT `id`,`site_id`,`year`,`month`,`day`,`order_total`,`shipping_total`,`refund_total`,`order_pay_count`,`goods_pay_count`,`shop_money`,`platform_money`,`create_time`,`modify_time`,`collect_shop`,`collect_goods`,`visit_count`,`order_count`,`goods_count`,`add_goods_count`,`day_time`,`member_count` FROM `gxfc_stat_shop` WHERE  `site_id` = 0  AND `year` = 2022  AND `month` = 8  AND `day` = 8 LIMIT 1 [ RunTime:0.000457s ]
[2022-08-08T16:13:12+08:00][sql] INSERT INTO `gxfc_stat_shop` SET `site_id` = 0 , `year` = 2022 , `month` = 8 , `day` = 8 , `day_time` = 1659888000 [ RunTime:0.005686s ]
[2022-08-08T16:13:12+08:00][sql] SELECT `id`,`site_id`,`year`,`month`,`day`,`order_total`,`shipping_total`,`refund_total`,`order_pay_count`,`goods_pay_count`,`shop_money`,`platform_money`,`create_time`,`modify_time`,`collect_shop`,`collect_goods`,`visit_count`,`order_count`,`goods_count`,`add_goods_count`,`day_time`,`member_count` FROM `gxfc_stat_shop` WHERE  `site_id` = 0  AND `year` = 2022  AND `month` = 8  AND `day` = 8  AND `day_time` = 1659888000 LIMIT 1 [ RunTime:0.000334s ]
[2022-08-08T16:13:12+08:00][sql] SELECT `id`,`site_id`,`year`,`month`,`day`,`order_total`,`shipping_total`,`refund_total`,`order_pay_count`,`goods_pay_count`,`shop_money`,`platform_money`,`create_time`,`modify_time`,`collect_shop`,`collect_goods`,`visit_count`,`order_count`,`goods_count`,`add_goods_count`,`day_time`,`member_count` FROM `gxfc_stat_shop` WHERE  `site_id` = 0  AND `year` = 2022  AND `month` = 8  AND `day` = 8 LIMIT 1 [ RunTime:0.000319s ]
[2022-08-08T16:13:12+08:00][sql] SELECT `id`,`site_id`,`year`,`month`,`day`,`order_total`,`shipping_total`,`refund_total`,`order_pay_count`,`goods_pay_count`,`shop_money`,`platform_money`,`create_time`,`modify_time`,`collect_shop`,`collect_goods`,`visit_count`,`order_count`,`goods_count`,`add_goods_count`,`day_time`,`member_count` FROM `gxfc_stat_shop` WHERE  `site_id` = 0  AND `year` = 2022  AND `month` = 8  AND `day` = 7 LIMIT 1 [ RunTime:0.000300s ]
[2022-08-08T16:13:12+08:00][sql] INSERT INTO `gxfc_stat_shop` SET `site_id` = 0 , `year` = 2022 , `month` = 8 , `day` = 7 , `day_time` = 1659888000 [ RunTime:0.010939s ]
[2022-08-08T16:13:12+08:00][sql] SELECT `id`,`site_id`,`year`,`month`,`day`,`order_total`,`shipping_total`,`refund_total`,`order_pay_count`,`goods_pay_count`,`shop_money`,`platform_money`,`create_time`,`modify_time`,`collect_shop`,`collect_goods`,`visit_count`,`order_count`,`goods_count`,`add_goods_count`,`day_time`,`member_count` FROM `gxfc_stat_shop` WHERE  `site_id` = 0  AND `year` = 2022  AND `month` = 8  AND `day` = 7  AND `day_time` = 1659888000 LIMIT 1 [ RunTime:0.000329s ]
[2022-08-08T16:13:12+08:00][sql] SELECT `id`,`site_id`,`year`,`month`,`day`,`order_total`,`shipping_total`,`refund_total`,`order_pay_count`,`goods_pay_count`,`shop_money`,`platform_money`,`create_time`,`modify_time`,`collect_shop`,`collect_goods`,`visit_count`,`order_count`,`goods_count`,`add_goods_count`,`day_time`,`member_count` FROM `gxfc_stat_shop` WHERE  `site_id` = 0  AND `year` = 2022  AND `month` = 07  AND `day` = 30 LIMIT 1 [ RunTime:0.000347s ]
[2022-08-08T16:13:12+08:00][sql] SELECT `id`,`site_id`,`year`,`month`,`day`,`order_total`,`shipping_total`,`refund_total`,`order_pay_count`,`goods_pay_count`,`shop_money`,`platform_money`,`create_time`,`modify_time`,`collect_shop`,`collect_goods`,`visit_count`,`order_count`,`goods_count`,`add_goods_count`,`day_time`,`member_count` FROM `gxfc_stat_shop` WHERE  `site_id` = 0  AND `year` = 2022  AND `month` = 07  AND `day` = 31 LIMIT 1 [ RunTime:0.000300s ]
[2022-08-08T16:13:12+08:00][sql] SELECT `id`,`site_id`,`year`,`month`,`day`,`order_total`,`shipping_total`,`refund_total`,`order_pay_count`,`goods_pay_count`,`shop_money`,`platform_money`,`create_time`,`modify_time`,`collect_shop`,`collect_goods`,`visit_count`,`order_count`,`goods_count`,`add_goods_count`,`day_time`,`member_count` FROM `gxfc_stat_shop` WHERE  `site_id` = 0  AND `year` = 2022  AND `month` = 08  AND `day` = 01 LIMIT 1 [ RunTime:0.000306s ]
[2022-08-08T16:13:12+08:00][sql] SELECT `id`,`site_id`,`year`,`month`,`day`,`order_total`,`shipping_total`,`refund_total`,`order_pay_count`,`goods_pay_count`,`shop_money`,`platform_money`,`create_time`,`modify_time`,`collect_shop`,`collect_goods`,`visit_count`,`order_count`,`goods_count`,`add_goods_count`,`day_time`,`member_count` FROM `gxfc_stat_shop` WHERE  `site_id` = 0  AND `year` = 2022  AND `month` = 08  AND `day` = 02 LIMIT 1 [ RunTime:0.000318s ]
[2022-08-08T16:13:12+08:00][sql] SELECT `id`,`site_id`,`year`,`month`,`day`,`order_total`,`shipping_total`,`refund_total`,`order_pay_count`,`goods_pay_count`,`shop_money`,`platform_money`,`create_time`,`modify_time`,`collect_shop`,`collect_goods`,`visit_count`,`order_count`,`goods_count`,`add_goods_count`,`day_time`,`member_count` FROM `gxfc_stat_shop` WHERE  `site_id` = 0  AND `year` = 2022  AND `month` = 08  AND `day` = 03 LIMIT 1 [ RunTime:0.000316s ]
[2022-08-08T16:13:12+08:00][sql] SELECT `id`,`site_id`,`year`,`month`,`day`,`order_total`,`shipping_total`,`refund_total`,`order_pay_count`,`goods_pay_count`,`shop_money`,`platform_money`,`create_time`,`modify_time`,`collect_shop`,`collect_goods`,`visit_count`,`order_count`,`goods_count`,`add_goods_count`,`day_time`,`member_count` FROM `gxfc_stat_shop` WHERE  `site_id` = 0  AND `year` = 2022  AND `month` = 08  AND `day` = 04 LIMIT 1 [ RunTime:0.000311s ]
[2022-08-08T16:13:12+08:00][sql] SELECT `id`,`site_id`,`year`,`month`,`day`,`order_total`,`shipping_total`,`refund_total`,`order_pay_count`,`goods_pay_count`,`shop_money`,`platform_money`,`create_time`,`modify_time`,`collect_shop`,`collect_goods`,`visit_count`,`order_count`,`goods_count`,`add_goods_count`,`day_time`,`member_count` FROM `gxfc_stat_shop` WHERE  `site_id` = 0  AND `year` = 2022  AND `month` = 08  AND `day` = 05 LIMIT 1 [ RunTime:0.000342s ]
[2022-08-08T16:13:12+08:00][sql] SELECT `id`,`site_id`,`year`,`month`,`day`,`order_total`,`shipping_total`,`refund_total`,`order_pay_count`,`goods_pay_count`,`shop_money`,`platform_money`,`create_time`,`modify_time`,`collect_shop`,`collect_goods`,`visit_count`,`order_count`,`goods_count`,`add_goods_count`,`day_time`,`member_count` FROM `gxfc_stat_shop` WHERE  `site_id` = 0  AND `year` = 2022  AND `month` = 08  AND `day` = 06 LIMIT 1 [ RunTime:0.000314s ]
[2022-08-08T16:13:12+08:00][sql] INSERT INTO `gxfc_stat_shop` SET `site_id` = 0 , `year` = 2022 , `month` = 08 , `day` = 06 , `day_time` = 1659888000 [ RunTime:0.005364s ]
[2022-08-08T16:13:12+08:00][sql] SELECT `id`,`site_id`,`year`,`month`,`day`,`order_total`,`shipping_total`,`refund_total`,`order_pay_count`,`goods_pay_count`,`shop_money`,`platform_money`,`create_time`,`modify_time`,`collect_shop`,`collect_goods`,`visit_count`,`order_count`,`goods_count`,`add_goods_count`,`day_time`,`member_count` FROM `gxfc_stat_shop` WHERE  `site_id` = 0  AND `year` = 2022  AND `month` = 08  AND `day` = 06  AND `day_time` = 1659888000 LIMIT 1 [ RunTime:0.000355s ]
[2022-08-08T16:13:12+08:00][sql] SELECT `id`,`site_id`,`year`,`month`,`day`,`order_total`,`shipping_total`,`refund_total`,`order_pay_count`,`goods_pay_count`,`shop_money`,`platform_money`,`create_time`,`modify_time`,`collect_shop`,`collect_goods`,`visit_count`,`order_count`,`goods_count`,`add_goods_count`,`day_time`,`member_count` FROM `gxfc_stat_shop` WHERE  `site_id` = 0  AND `year` = 2022  AND `month` = 08  AND `day` = 07 LIMIT 1 [ RunTime:0.000380s ]
[2022-08-08T16:13:12+08:00][sql] SELECT `id`,`site_id`,`year`,`month`,`day`,`order_total`,`shipping_total`,`refund_total`,`order_pay_count`,`goods_pay_count`,`shop_money`,`platform_money`,`create_time`,`modify_time`,`collect_shop`,`collect_goods`,`visit_count`,`order_count`,`goods_count`,`add_goods_count`,`day_time`,`member_count` FROM `gxfc_stat_shop` WHERE  `site_id` = 0  AND `year` = 2022  AND `month` = 08  AND `day` = 08 LIMIT 1 [ RunTime:0.000294s ]
[2022-08-08T16:13:12+08:00][sql] SELECT COUNT(*) AS think_count FROM `gxfc_order` WHERE  `order_status` = 0  AND `is_delete` = 0 [ RunTime:0.000250s ]
[2022-08-08T16:13:12+08:00][sql] SELECT COUNT(*) AS think_count FROM `gxfc_order` WHERE  `order_status` = 1  AND `is_delete` = 0 [ RunTime:0.000217s ]
[2022-08-08T16:13:12+08:00][sql] SELECT COUNT(*) AS think_count FROM `gxfc_order_goods` WHERE  `refund_status` NOT IN (0,3) [ RunTime:0.000214s ]
[2022-08-08T16:13:12+08:00][sql] SELECT COUNT(*) AS think_count FROM `gxfc_goods` WHERE  `goods_state` = 1  AND `is_delete` = 0 [ RunTime:0.000227s ]
[2022-08-08T16:13:12+08:00][sql] SELECT COUNT(*) AS think_count FROM `gxfc_goods` WHERE  `goods_state` = 0  AND `is_delete` = 0 [ RunTime:0.000218s ]
[2022-08-08T16:13:12+08:00][sql] SELECT COUNT(`id`) AS think_count FROM `gxfc_fenxiao_withdraw` WHERE  `status` = 1 [ RunTime:0.000287s ]
[2022-08-08T16:13:12+08:00][sql] SELECT COUNT(`apply_id`) AS think_count FROM `gxfc_fenxiao_apply` WHERE  `status` = 1 [ RunTime:0.000202s ]
[2022-08-08T16:13:12+08:00][sql] SELECT COUNT(*) AS think_count FROM `gxfc_order_complain` WHERE  `complain_status` = 1 [ RunTime:0.000212s ]
[2022-08-08T16:13:12+08:00][sql] SELECT SUM(`order_money`) AS think_sum FROM `gxfc_order` [ RunTime:0.000183s ]
[2022-08-08T16:13:12+08:00][sql] SELECT COUNT(*) AS think_count FROM `gxfc_member` [ RunTime:0.000170s ]
[2022-08-08T16:13:12+08:00][sql] SELECT COUNT(*) AS think_count FROM `gxfc_shop_apply` WHERE  `create_time` BETWEEN 1659888000 AND 1659974399 [ RunTime:0.000224s ]
[2022-08-08T16:13:12+08:00][sql] SELECT COUNT(*) AS think_count FROM `gxfc_shop_apply` WHERE  `create_time` BETWEEN 1659801600 AND 1659887999 [ RunTime:0.000202s ]
[2022-08-08T16:13:12+08:00][sql] SELECT COUNT(*) AS think_count FROM `gxfc_shop` WHERE  `create_time` BETWEEN 1659888000 AND 1659974399 [ RunTime:0.000227s ]
[2022-08-08T16:13:12+08:00][sql] SELECT COUNT(*) AS think_count FROM `gxfc_shop` [ RunTime:0.000168s ]
[2022-08-08T16:13:12+08:00][sql] SELECT COUNT(*) AS think_count FROM `gxfc_goods` [ RunTime:0.000167s ]
[2022-08-08T16:13:34+08:00][sql] CONNECT:[ UseTime:0.000346s ] mysql:host=127.0.0.1;port=3306;dbname=ls_ssl_com;charset=utf8
[2022-08-08T16:13:34+08:00][sql] SELECT COUNT(*) AS think_count FROM `gxfc_order` `o` ORDER BY `o`.`create_time` DESC [ RunTime:0.000279s ]
[2022-08-08T16:13:34+08:00][sql] SELECT `o`.* FROM `gxfc_order` `o` ORDER BY `o`.`create_time` DESC LIMIT 0,10 [ RunTime:0.000563s ]
[2022-08-08T16:13:55+08:00][sql] CONNECT:[ UseTime:0.000369s ] mysql:host=127.0.0.1;port=3306;dbname=ls_ssl_com;charset=utf8
[2022-08-08T16:13:55+08:00][sql] SELECT `group_id` FROM `gxfc_shop` WHERE  `site_id` = 0 LIMIT 1 [ RunTime:0.000281s ]
[2022-08-08T16:13:55+08:00][sql] SELECT `addon_array` FROM `gxfc_shop_group` WHERE  `group_id` IS NULL LIMIT 1 [ RunTime:0.000181s ]
[2022-08-08T16:13:55+08:00][sql] SELECT `id`,`name`,`title`,`type`,`controller`,`value`,`addon_name`,`support_diy_view`,`max_count`,`is_delete`,`icon`,`icon_selected` FROM `gxfc_diy_view_util` WHERE  (`support_diy_view` LIKE 'DIY_VIEW_INDEX' OR `support_diy_view` LIKE '%DIY_VIEW_INDEX,%' OR `support_diy_view` LIKE '%DIY_VIEW_INDEX' OR `support_diy_view` LIKE '%,DIY_VIEW_INDEX,%' OR `support_diy_view` LIKE '') ORDER BY `sort` ASC [ RunTime:0.000457s ]
[2022-08-08T16:13:55+08:00][sql] SELECT `site_id`,`name` FROM `gxfc_site_diy_view` WHERE  `site_id` = 0  AND `name` = 'DIY_VIEW_INDEX' LIMIT 1 [ RunTime:0.000248s ]
[2022-08-08T16:13:55+08:00][sql] SELECT `sdv`.`id`,`sdv`.`site_id`,`sdv`.`name`,`sdv`.`title`,`sdv`.`value`,`sdv`.`type`,`dvt`.`addon_name` FROM `gxfc_site_diy_view` `sdv` LEFT JOIN `gxfc_diy_view_temp` `dvt` ON `sdv`.`name`=`dvt`.`name` WHERE  `sdv`.`site_id` = 0  AND `sdv`.`name` = 'DIY_VIEW_INDEX' LIMIT 1 [ RunTime:0.000485s ]
[2022-08-08T16:14:10+08:00][sql] CONNECT:[ UseTime:0.000352s ] mysql:host=127.0.0.1;port=3306;dbname=ls_ssl_com;charset=utf8
[2022-08-08T16:14:10+08:00][sql] SELECT `id`,`app_module`,`name`,`title`,`parent`,`level`,`url`,`is_show`,`sort`,`desc`,`picture`,`is_icon`,`picture_select`,`is_control`,`addon` FROM `gxfc_menu` WHERE  `url` = 'admin/Config/webconfig'  AND `app_module` = 'admin' ORDER BY `level` DESC LIMIT 1 [ RunTime:0.000474s ]
[2022-08-08T16:14:10+08:00][sql] SELECT `id`,`app_module`,`name`,`title`,`parent`,`level`,`url`,`is_show`,`sort`,`desc`,`picture`,`is_icon`,`picture_select`,`is_control`,`addon` FROM `gxfc_menu` WHERE  `name` = 'CONFIG_WEB'  AND `app_module` = 'admin' LIMIT 1 [ RunTime:0.000340s ]
[2022-08-08T16:14:10+08:00][sql] SELECT `id`,`app_module`,`name`,`title`,`parent`,`level`,`url`,`is_show`,`sort`,`desc`,`picture`,`is_icon`,`picture_select`,`is_control`,`addon` FROM `gxfc_menu` WHERE  `name` = 'CONFIG_BASE'  AND `app_module` = 'admin' LIMIT 1 [ RunTime:0.000302s ]
[2022-08-08T16:14:10+08:00][sql] SELECT `id`,`app_module`,`name`,`title`,`parent`,`level`,`url`,`is_show`,`sort`,`desc`,`picture`,`is_icon`,`picture_select`,`is_control`,`addon` FROM `gxfc_menu` WHERE  `name` = 'CONFIG_ROOT'  AND `app_module` = 'admin' LIMIT 1 [ RunTime:0.000305s ]
[2022-08-08T16:14:10+08:00][sql] SELECT * FROM `gxfc_website` WHERE  `site_id` = 0 LIMIT 1 [ RunTime:0.000405s ]
[2022-08-08T16:14:13+08:00][sql] CONNECT:[ UseTime:0.000351s ] mysql:host=127.0.0.1;port=3306;dbname=ls_ssl_com;charset=utf8
[2022-08-08T16:14:13+08:00][sql] SELECT `id`,`app_module`,`name`,`title`,`parent`,`level`,`url`,`is_show`,`sort`,`desc`,`picture`,`is_icon`,`picture_select`,`is_control`,`addon` FROM `gxfc_menu` WHERE  `url` = 'admin/Config/pay'  AND `app_module` = 'admin' ORDER BY `level` DESC LIMIT 1 [ RunTime:0.000472s ]
[2022-08-08T16:14:13+08:00][sql] SELECT `id`,`app_module`,`name`,`title`,`parent`,`level`,`url`,`is_show`,`sort`,`desc`,`picture`,`is_icon`,`picture_select`,`is_control`,`addon` FROM `gxfc_menu` WHERE  `name` = 'CONFIG_PAY'  AND `app_module` = 'admin' LIMIT 1 [ RunTime:0.000359s ]
[2022-08-08T16:20:44+08:00][sql] CONNECT:[ UseTime:0.000365s ] mysql:host=127.0.0.1;port=3306;dbname=ls_ssl_com;charset=utf8
[2022-08-08T16:20:44+08:00][sql] SELECT `id`,`site_id`,`year`,`month`,`day`,`order_total`,`shipping_total`,`refund_total`,`order_pay_count`,`goods_pay_count`,`shop_money`,`platform_money`,`create_time`,`modify_time`,`collect_shop`,`collect_goods`,`visit_count`,`order_count`,`goods_count`,`add_goods_count`,`day_time`,`member_count` FROM `gxfc_stat_shop` WHERE  `site_id` = 0  AND `year` = 2022  AND `month` = 8  AND `day` = 8 LIMIT 1 [ RunTime:0.000445s ]
[2022-08-08T16:20:44+08:00][sql] SELECT `id`,`site_id`,`year`,`month`,`day`,`order_total`,`shipping_total`,`refund_total`,`order_pay_count`,`goods_pay_count`,`shop_money`,`platform_money`,`create_time`,`modify_time`,`collect_shop`,`collect_goods`,`visit_count`,`order_count`,`goods_count`,`add_goods_count`,`day_time`,`member_count` FROM `gxfc_stat_shop` WHERE  `site_id` = 0  AND `year` = 2022  AND `month` = 8  AND `day` = 8 LIMIT 1 [ RunTime:0.000343s ]
[2022-08-08T16:20:44+08:00][sql] SELECT `id`,`site_id`,`year`,`month`,`day`,`order_total`,`shipping_total`,`refund_total`,`order_pay_count`,`goods_pay_count`,`shop_money`,`platform_money`,`create_time`,`modify_time`,`collect_shop`,`collect_goods`,`visit_count`,`order_count`,`goods_count`,`add_goods_count`,`day_time`,`member_count` FROM `gxfc_stat_shop` WHERE  `site_id` = 0  AND `year` = 2022  AND `month` = 8  AND `day` = 7 LIMIT 1 [ RunTime:0.000311s ]
[2022-08-08T16:20:44+08:00][sql] SELECT `id`,`site_id`,`year`,`month`,`day`,`order_total`,`shipping_total`,`refund_total`,`order_pay_count`,`goods_pay_count`,`shop_money`,`platform_money`,`create_time`,`modify_time`,`collect_shop`,`collect_goods`,`visit_count`,`order_count`,`goods_count`,`add_goods_count`,`day_time`,`member_count` FROM `gxfc_stat_shop` WHERE  `site_id` = 0  AND `year` = 2022  AND `month` = 07  AND `day` = 30 LIMIT 1 [ RunTime:0.000320s ]
[2022-08-08T16:20:44+08:00][sql] SELECT `id`,`site_id`,`year`,`month`,`day`,`order_total`,`shipping_total`,`refund_total`,`order_pay_count`,`goods_pay_count`,`shop_money`,`platform_money`,`create_time`,`modify_time`,`collect_shop`,`collect_goods`,`visit_count`,`order_count`,`goods_count`,`add_goods_count`,`day_time`,`member_count` FROM `gxfc_stat_shop` WHERE  `site_id` = 0  AND `year` = 2022  AND `month` = 07  AND `day` = 31 LIMIT 1 [ RunTime:0.000301s ]
[2022-08-08T16:20:44+08:00][sql] SELECT `id`,`site_id`,`year`,`month`,`day`,`order_total`,`shipping_total`,`refund_total`,`order_pay_count`,`goods_pay_count`,`shop_money`,`platform_money`,`create_time`,`modify_time`,`collect_shop`,`collect_goods`,`visit_count`,`order_count`,`goods_count`,`add_goods_count`,`day_time`,`member_count` FROM `gxfc_stat_shop` WHERE  `site_id` = 0  AND `year` = 2022  AND `month` = 08  AND `day` = 01 LIMIT 1 [ RunTime:0.000302s ]
[2022-08-08T16:20:44+08:00][sql] SELECT `id`,`site_id`,`year`,`month`,`day`,`order_total`,`shipping_total`,`refund_total`,`order_pay_count`,`goods_pay_count`,`shop_money`,`platform_money`,`create_time`,`modify_time`,`collect_shop`,`collect_goods`,`visit_count`,`order_count`,`goods_count`,`add_goods_count`,`day_time`,`member_count` FROM `gxfc_stat_shop` WHERE  `site_id` = 0  AND `year` = 2022  AND `month` = 08  AND `day` = 02 LIMIT 1 [ RunTime:0.000286s ]
[2022-08-08T16:20:44+08:00][sql] SELECT `id`,`site_id`,`year`,`month`,`day`,`order_total`,`shipping_total`,`refund_total`,`order_pay_count`,`goods_pay_count`,`shop_money`,`platform_money`,`create_time`,`modify_time`,`collect_shop`,`collect_goods`,`visit_count`,`order_count`,`goods_count`,`add_goods_count`,`day_time`,`member_count` FROM `gxfc_stat_shop` WHERE  `site_id` = 0  AND `year` = 2022  AND `month` = 08  AND `day` = 03 LIMIT 1 [ RunTime:0.000292s ]
[2022-08-08T16:20:44+08:00][sql] SELECT `id`,`site_id`,`year`,`month`,`day`,`order_total`,`shipping_total`,`refund_total`,`order_pay_count`,`goods_pay_count`,`shop_money`,`platform_money`,`create_time`,`modify_time`,`collect_shop`,`collect_goods`,`visit_count`,`order_count`,`goods_count`,`add_goods_count`,`day_time`,`member_count` FROM `gxfc_stat_shop` WHERE  `site_id` = 0  AND `year` = 2022  AND `month` = 08  AND `day` = 04 LIMIT 1 [ RunTime:0.000307s ]
[2022-08-08T16:20:44+08:00][sql] SELECT `id`,`site_id`,`year`,`month`,`day`,`order_total`,`shipping_total`,`refund_total`,`order_pay_count`,`goods_pay_count`,`shop_money`,`platform_money`,`create_time`,`modify_time`,`collect_shop`,`collect_goods`,`visit_count`,`order_count`,`goods_count`,`add_goods_count`,`day_time`,`member_count` FROM `gxfc_stat_shop` WHERE  `site_id` = 0  AND `year` = 2022  AND `month` = 08  AND `day` = 05 LIMIT 1 [ RunTime:0.000286s ]
[2022-08-08T16:20:44+08:00][sql] SELECT `id`,`site_id`,`year`,`month`,`day`,`order_total`,`shipping_total`,`refund_total`,`order_pay_count`,`goods_pay_count`,`shop_money`,`platform_money`,`create_time`,`modify_time`,`collect_shop`,`collect_goods`,`visit_count`,`order_count`,`goods_count`,`add_goods_count`,`day_time`,`member_count` FROM `gxfc_stat_shop` WHERE  `site_id` = 0  AND `year` = 2022  AND `month` = 08  AND `day` = 06 LIMIT 1 [ RunTime:0.000298s ]
[2022-08-08T16:20:44+08:00][sql] SELECT `id`,`site_id`,`year`,`month`,`day`,`order_total`,`shipping_total`,`refund_total`,`order_pay_count`,`goods_pay_count`,`shop_money`,`platform_money`,`create_time`,`modify_time`,`collect_shop`,`collect_goods`,`visit_count`,`order_count`,`goods_count`,`add_goods_count`,`day_time`,`member_count` FROM `gxfc_stat_shop` WHERE  `site_id` = 0  AND `year` = 2022  AND `month` = 08  AND `day` = 07 LIMIT 1 [ RunTime:0.000315s ]
[2022-08-08T16:20:44+08:00][sql] SELECT `id`,`site_id`,`year`,`month`,`day`,`order_total`,`shipping_total`,`refund_total`,`order_pay_count`,`goods_pay_count`,`shop_money`,`platform_money`,`create_time`,`modify_time`,`collect_shop`,`collect_goods`,`visit_count`,`order_count`,`goods_count`,`add_goods_count`,`day_time`,`member_count` FROM `gxfc_stat_shop` WHERE  `site_id` = 0  AND `year` = 2022  AND `month` = 08  AND `day` = 08 LIMIT 1 [ RunTime:0.000329s ]
[2022-08-08T16:20:44+08:00][sql] SELECT COUNT(*) AS think_count FROM `gxfc_order` WHERE  `order_status` = 0  AND `is_delete` = 0 [ RunTime:0.000250s ]
[2022-08-08T16:20:44+08:00][sql] SELECT COUNT(*) AS think_count FROM `gxfc_order` WHERE  `order_status` = 1  AND `is_delete` = 0 [ RunTime:0.000223s ]
[2022-08-08T16:20:44+08:00][sql] SELECT COUNT(*) AS think_count FROM `gxfc_order_goods` WHERE  `refund_status` NOT IN (0,3) [ RunTime:0.000204s ]
[2022-08-08T16:20:44+08:00][sql] SELECT COUNT(*) AS think_count FROM `gxfc_goods` WHERE  `goods_state` = 1  AND `is_delete` = 0 [ RunTime:0.000224s ]
[2022-08-08T16:20:44+08:00][sql] SELECT COUNT(*) AS think_count FROM `gxfc_goods` WHERE  `goods_state` = 0  AND `is_delete` = 0 [ RunTime:0.000205s ]
[2022-08-08T16:20:44+08:00][sql] SELECT COUNT(`id`) AS think_count FROM `gxfc_fenxiao_withdraw` WHERE  `status` = 1 [ RunTime:0.000226s ]
[2022-08-08T16:20:44+08:00][sql] SELECT COUNT(`apply_id`) AS think_count FROM `gxfc_fenxiao_apply` WHERE  `status` = 1 [ RunTime:0.000197s ]
[2022-08-08T16:20:44+08:00][sql] SELECT COUNT(*) AS think_count FROM `gxfc_order_complain` WHERE  `complain_status` = 1 [ RunTime:0.000235s ]
[2022-08-08T16:20:44+08:00][sql] SELECT SUM(`order_money`) AS think_sum FROM `gxfc_order` [ RunTime:0.000206s ]
[2022-08-08T16:20:44+08:00][sql] SELECT COUNT(*) AS think_count FROM `gxfc_member` [ RunTime:0.000165s ]
[2022-08-08T16:20:44+08:00][sql] SELECT COUNT(*) AS think_count FROM `gxfc_shop_apply` WHERE  `create_time` BETWEEN 1659888000 AND 1659974399 [ RunTime:0.000212s ]
[2022-08-08T16:20:44+08:00][sql] SELECT COUNT(*) AS think_count FROM `gxfc_shop_apply` WHERE  `create_time` BETWEEN 1659801600 AND 1659887999 [ RunTime:0.000192s ]
[2022-08-08T16:20:44+08:00][sql] SELECT COUNT(*) AS think_count FROM `gxfc_shop` WHERE  `create_time` BETWEEN 1659888000 AND 1659974399 [ RunTime:0.000223s ]
[2022-08-08T16:20:44+08:00][sql] SELECT COUNT(*) AS think_count FROM `gxfc_shop` [ RunTime:0.000194s ]
[2022-08-08T16:20:44+08:00][sql] SELECT COUNT(*) AS think_count FROM `gxfc_goods` [ RunTime:0.000173s ]
[2022-08-08T16:20:48+08:00][sql] CONNECT:[ UseTime:0.000273s ] mysql:host=127.0.0.1;port=3306;dbname=ls_ssl_com;charset=utf8
[2022-08-08T16:20:48+08:00][sql] SELECT COUNT(*) AS think_count FROM `gxfc_order` `o` ORDER BY `o`.`create_time` DESC [ RunTime:0.000268s ]
[2022-08-08T16:20:48+08:00][sql] SELECT `o`.* FROM `gxfc_order` `o` ORDER BY `o`.`create_time` DESC LIMIT 0,10 [ RunTime:0.000631s ]
[2022-08-08T16:20:49+08:00][sql] CONNECT:[ UseTime:0.000354s ] mysql:host=127.0.0.1;port=3306;dbname=ls_ssl_com;charset=utf8
[2022-08-08T16:20:49+08:00][sql] SELECT `group_id`,`is_own`,`group_name`,`fee`,`remark` FROM `gxfc_shop_group` WHERE  `is_own` = 0 ORDER BY `is_own` ASC,`fee` ASC [ RunTime:0.000312s ]
[2022-08-08T16:20:49+08:00][sql] SELECT `site_id`,`site_area_name` FROM `gxfc_website` [ RunTime:0.000223s ]
[2022-08-08T16:20:54+08:00][sql] CONNECT:[ UseTime:0.000364s ] mysql:host=127.0.0.1;port=3306;dbname=ls_ssl_com;charset=utf8
[2022-08-08T16:20:54+08:00][sql] SELECT `group_id` FROM `gxfc_shop` WHERE  `site_id` = 0 LIMIT 1 [ RunTime:0.000289s ]
[2022-08-08T16:20:54+08:00][sql] SELECT `addon_array` FROM `gxfc_shop_group` WHERE  `group_id` IS NULL LIMIT 1 [ RunTime:0.000257s ]
[2022-08-08T16:20:54+08:00][sql] SELECT `id`,`name`,`title`,`type`,`controller`,`value`,`addon_name`,`support_diy_view`,`max_count`,`is_delete`,`icon`,`icon_selected` FROM `gxfc_diy_view_util` WHERE  (`support_diy_view` LIKE 'DIY_VIEW_INDEX' OR `support_diy_view` LIKE '%DIY_VIEW_INDEX,%' OR `support_diy_view` LIKE '%DIY_VIEW_INDEX' OR `support_diy_view` LIKE '%,DIY_VIEW_INDEX,%' OR `support_diy_view` LIKE '') ORDER BY `sort` ASC [ RunTime:0.000457s ]
[2022-08-08T16:20:54+08:00][sql] SELECT `site_id`,`name` FROM `gxfc_site_diy_view` WHERE  `site_id` = 0  AND `name` = 'DIY_VIEW_INDEX' LIMIT 1 [ RunTime:0.000259s ]
[2022-08-08T16:20:54+08:00][sql] SELECT `sdv`.`id`,`sdv`.`site_id`,`sdv`.`name`,`sdv`.`title`,`sdv`.`value`,`sdv`.`type`,`dvt`.`addon_name` FROM `gxfc_site_diy_view` `sdv` LEFT JOIN `gxfc_diy_view_temp` `dvt` ON `sdv`.`name`=`dvt`.`name` WHERE  `sdv`.`site_id` = 0  AND `sdv`.`name` = 'DIY_VIEW_INDEX' LIMIT 1 [ RunTime:0.000444s ]
[2022-08-08T18:00:29+08:00][sql] CONNECT:[ UseTime:0.000368s ] mysql:host=127.0.0.1;port=3306;dbname=ls_ssl_com;charset=utf8
[2022-08-08T18:00:29+08:00][sql] SELECT `group_id` FROM `gxfc_shop` WHERE  `site_id` = 0 LIMIT 1 [ RunTime:0.000306s ]
[2022-08-08T18:00:29+08:00][sql] SELECT `addon_array` FROM `gxfc_shop_group` WHERE  `group_id` IS NULL LIMIT 1 [ RunTime:0.000225s ]
[2022-08-08T18:00:29+08:00][sql] SELECT `id`,`name`,`title`,`type`,`controller`,`value`,`addon_name`,`support_diy_view`,`max_count`,`is_delete`,`icon`,`icon_selected` FROM `gxfc_diy_view_util` WHERE  (`support_diy_view` LIKE 'DIY_VIEW_INDEX' OR `support_diy_view` LIKE '%DIY_VIEW_INDEX,%' OR `support_diy_view` LIKE '%DIY_VIEW_INDEX' OR `support_diy_view` LIKE '%,DIY_VIEW_INDEX,%' OR `support_diy_view` LIKE '') ORDER BY `sort` ASC [ RunTime:0.000450s ]
[2022-08-08T18:00:29+08:00][sql] SELECT `site_id`,`name` FROM `gxfc_site_diy_view` WHERE  `site_id` = 0  AND `name` = 'DIY_VIEW_INDEX' LIMIT 1 [ RunTime:0.000257s ]
[2022-08-08T18:00:30+08:00][sql] SELECT `sdv`.`id`,`sdv`.`site_id`,`sdv`.`name`,`sdv`.`title`,`sdv`.`value`,`sdv`.`type`,`dvt`.`addon_name` FROM `gxfc_site_diy_view` `sdv` LEFT JOIN `gxfc_diy_view_temp` `dvt` ON `sdv`.`name`=`dvt`.`name` WHERE  `sdv`.`site_id` = 0  AND `sdv`.`name` = 'DIY_VIEW_INDEX' LIMIT 1 [ RunTime:0.000455s ]
[2022-08-08T18:00:31+08:00][sql] CONNECT:[ UseTime:0.000367s ] mysql:host=127.0.0.1;port=3306;dbname=ls_ssl_com;charset=utf8
[2022-08-08T18:00:31+08:00][sql] SELECT `group_id` FROM `gxfc_shop` WHERE  `site_id` = 0 LIMIT 1 [ RunTime:0.000317s ]
[2022-08-08T18:00:31+08:00][sql] SELECT `addon_array` FROM `gxfc_shop_group` WHERE  `group_id` IS NULL LIMIT 1 [ RunTime:0.000203s ]
[2022-08-08T18:00:31+08:00][sql] SELECT `id`,`name`,`title`,`type`,`controller`,`value`,`addon_name`,`support_diy_view`,`max_count`,`is_delete`,`icon`,`icon_selected` FROM `gxfc_diy_view_util` WHERE  (`support_diy_view` LIKE 'DIY_VIEW_INDEX' OR `support_diy_view` LIKE '%DIY_VIEW_INDEX,%' OR `support_diy_view` LIKE '%DIY_VIEW_INDEX' OR `support_diy_view` LIKE '%,DIY_VIEW_INDEX,%' OR `support_diy_view` LIKE '') ORDER BY `sort` ASC [ RunTime:0.000440s ]
[2022-08-08T18:00:31+08:00][sql] SELECT `site_id`,`name` FROM `gxfc_site_diy_view` WHERE  `site_id` = 0  AND `name` = 'DIY_VIEW_INDEX' LIMIT 1 [ RunTime:0.000279s ]
[2022-08-08T18:00:31+08:00][sql] SELECT `sdv`.`id`,`sdv`.`site_id`,`sdv`.`name`,`sdv`.`title`,`sdv`.`value`,`sdv`.`type`,`dvt`.`addon_name` FROM `gxfc_site_diy_view` `sdv` LEFT JOIN `gxfc_diy_view_temp` `dvt` ON `sdv`.`name`=`dvt`.`name` WHERE  `sdv`.`site_id` = 0  AND `sdv`.`name` = 'DIY_VIEW_INDEX' LIMIT 1 [ RunTime:0.000517s ]
[2022-08-08T18:00:59+08:00][sql] CONNECT:[ UseTime:0.000347s ] mysql:host=127.0.0.1;port=3306;dbname=ls_ssl_com;charset=utf8
[2022-08-08T18:00:59+08:00][sql] SELECT * FROM `gxfc_link` WHERE  `parent` = '' ORDER BY `sort` ASC [ RunTime:0.000430s ]
[2022-08-08T18:00:59+08:00][sql] SELECT * FROM `gxfc_link` WHERE  `parent` = 'MALL_PAGE' ORDER BY `sort` ASC [ RunTime:0.000380s ]
[2022-08-08T18:00:59+08:00][sql] SELECT * FROM `gxfc_link` WHERE  `parent` = 'COMMODITY' ORDER BY `sort` ASC [ RunTime:0.000335s ]
[2022-08-08T18:00:59+08:00][sql] SELECT * FROM `gxfc_link` WHERE  `parent` = 'CUSTOM_LINK' ORDER BY `sort` ASC [ RunTime:0.000326s ]
[2022-08-08T18:00:59+08:00][sql] SELECT * FROM `gxfc_link` WHERE  `parent` = 'GAME' ORDER BY `sort` ASC [ RunTime:0.000333s ]
[2022-08-08T18:00:59+08:00][sql] CONNECT:[ UseTime:0.000360s ] mysql:host=127.0.0.1;port=3306;dbname=ls_ssl_com;charset=utf8
[2022-08-08T18:00:59+08:00][sql] SELECT * FROM `gxfc_link` WHERE  `parent` = 'MALL_LINK'  AND (`support_diy_view` LIKE '' OR `support_diy_view` LIKE '') ORDER BY `sort` ASC [ RunTime:0.000483s ]
[2022-08-08T18:00:59+08:00][sql] SELECT * FROM `gxfc_link` WHERE  `parent` = 'BASICS_LINK'  AND (`support_diy_view` LIKE '' OR `support_diy_view` LIKE '') ORDER BY `sort` ASC [ RunTime:0.000368s ]
[2022-08-08T18:00:59+08:00][sql] SELECT * FROM `gxfc_link` WHERE  `parent` = 'SHOP_LINK'  AND (`support_diy_view` LIKE '' OR `support_diy_view` LIKE '') ORDER BY `sort` ASC [ RunTime:0.000367s ]
[2022-08-08T18:00:59+08:00][sql] SELECT * FROM `gxfc_link` WHERE  `parent` = 'MEMBER'  AND (`support_diy_view` LIKE '' OR `support_diy_view` LIKE '') ORDER BY `sort` ASC [ RunTime:0.000335s ]
[2022-08-08T18:00:59+08:00][sql] SELECT * FROM `gxfc_link` WHERE  `parent` = 'DISTRIBUTION'  AND (`support_diy_view` LIKE '' OR `support_diy_view` LIKE '') ORDER BY `sort` ASC [ RunTime:0.000334s ]
[2022-08-08T18:01:04+08:00][sql] CONNECT:[ UseTime:0.000361s ] mysql:host=127.0.0.1;port=3306;dbname=ls_ssl_com;charset=utf8
[2022-08-08T18:01:04+08:00][sql] SELECT * FROM `gxfc_link` WHERE  `parent` = '' ORDER BY `sort` ASC [ RunTime:0.000425s ]
[2022-08-08T18:01:04+08:00][sql] SELECT * FROM `gxfc_link` WHERE  `parent` = 'MALL_PAGE' ORDER BY `sort` ASC [ RunTime:0.000411s ]
[2022-08-08T18:01:04+08:00][sql] SELECT * FROM `gxfc_link` WHERE  `parent` = 'COMMODITY' ORDER BY `sort` ASC [ RunTime:0.000343s ]
[2022-08-08T18:01:04+08:00][sql] SELECT * FROM `gxfc_link` WHERE  `parent` = 'CUSTOM_LINK' ORDER BY `sort` ASC [ RunTime:0.000328s ]
[2022-08-08T18:01:04+08:00][sql] SELECT * FROM `gxfc_link` WHERE  `parent` = 'GAME' ORDER BY `sort` ASC [ RunTime:0.000318s ]
[2022-08-08T18:01:04+08:00][sql] CONNECT:[ UseTime:0.000337s ] mysql:host=127.0.0.1;port=3306;dbname=ls_ssl_com;charset=utf8
[2022-08-08T18:01:04+08:00][sql] SELECT * FROM `gxfc_link` WHERE  `parent` = 'MALL_LINK'  AND (`support_diy_view` LIKE '' OR `support_diy_view` LIKE '') ORDER BY `sort` ASC [ RunTime:0.000436s ]
[2022-08-08T18:01:04+08:00][sql] SELECT * FROM `gxfc_link` WHERE  `parent` = 'BASICS_LINK'  AND (`support_diy_view` LIKE '' OR `support_diy_view` LIKE '') ORDER BY `sort` ASC [ RunTime:0.000374s ]
[2022-08-08T18:01:04+08:00][sql] SELECT * FROM `gxfc_link` WHERE  `parent` = 'SHOP_LINK'  AND (`support_diy_view` LIKE '' OR `support_diy_view` LIKE '') ORDER BY `sort` ASC [ RunTime:0.000298s ]
[2022-08-08T18:01:04+08:00][sql] SELECT * FROM `gxfc_link` WHERE  `parent` = 'MEMBER'  AND (`support_diy_view` LIKE '' OR `support_diy_view` LIKE '') ORDER BY `sort` ASC [ RunTime:0.000333s ]
[2022-08-08T18:01:04+08:00][sql] SELECT * FROM `gxfc_link` WHERE  `parent` = 'DISTRIBUTION'  AND (`support_diy_view` LIKE '' OR `support_diy_view` LIKE '') ORDER BY `sort` ASC [ RunTime:0.000317s ]
[2022-08-08T18:01:35+08:00][sql] CONNECT:[ UseTime:0.000379s ] mysql:host=127.0.0.1;port=3306;dbname=ls_ssl_com;charset=utf8
[2022-08-08T18:01:35+08:00][sql] UPDATE `gxfc_site_diy_view`  SET `site_id` = 0 , `name` = 'DIY_VIEW_INDEX' , `title` = '赞有情' , `type` = 'admin' , `value` = '{\"global\":{\"title\":\"赞有情\",\"bgColor\":\"#f8f8f8\",\"topNavColor\":\"#315a3c\",\"topNavbg\":false,\"textNavColor\":\"#ffffff\",\"topNavImg\":\"https://ls.chnssl.com/app/admin/view/public/img/logo.png\",\"moreLink\":{\"name\":\"\"},\"openBottomNav\":true,\"navStyle\":1,\"textImgStyleLink\":\"1\",\"textImgPosLink\":\"center\",\"mpCollect\":false,\"popWindow\":{\"imageUrl\":\"\",\"count\":-1,\"link\":{\"name\":\"\"},\"imgWidth\":\"\",\"imgHeight\":\"\"},\"bgUrl\":\"upload/common/images/20220804/20220804094317165957739757973.png\",\"imgWidth\":\"750\",\"imgHeight\":\"270\"},\"value\":[{\"selectedTemplate\":\"carousel-posters\",\"imageClearance\":0,\"imageRadius\":\"fillet\",\"carouselChangeStyle\":\"circle\",\"marginTop\":0,\"padding\":0,\"height\":0,\"list\":[{\"imageUrl\":\"upload/common/images/20220803/20220803060153165952091347735.png\",\"title\":\"\",\"link\":{\"name\":\"\"},\"imgWidth\":\"345\",\"imgHeight\":\"170\"},{\"imageUrl\":\"upload/common/images/20220804/20220804094822165957770223583.png\",\"title\":\"\",\"link\":{\"name\":\"\"},\"imgWidth\":\"690\",\"imgHeight\":\"340\"}],\"addon_name\":\"\",\"type\":\"IMAGE_ADS\",\"name\":\"图片广告\",\"controller\":\"ImageAds\",\"is_delete\":\"0\"},{\"textColor\":\"#303133\",\"defaultTextColor\":\"#666666\",\"backgroundColor\":\"#ffffff\",\"selectedTemplate\":\"imageNavigation\",\"showType\":5,\"scrollSetting\":\"fixed\",\"padding\":20,\"marginTop\":10,\"list\":[{\"imageUrl\":\"upload/common/images/20220804/20220804094821165957770173253.png\",\"title\":\"美食餐饮\",\"link\":{\"type\":4,\"menuOne\":\"MALL_PAGE\",\"menuTwo\":\"GOODS_CATEGORY\",\"name\":1,\"title\":\"美食餐饮\",\"wap_url\":\"/pages/goods/list/list?category_id=1\"},\"imgWidth\":\"81\",\"imgHeight\":\"81\"},{\"imageUrl\":\"upload/common/images/20220804/20220804094821165957770159191.png\",\"title\":\"酒店旅游\",\"link\":{\"type\":1,\"menuOne\":\"MALL_PAGE\",\"menuTwo\":\"MARKETING_LINK\",\"name\":\"GROUPBUY_PREFECTURE\",\"title\":\"团购专区\",\"wap_url\":\"/promotionpages/groupbuy/list/list\"},\"imgWidth\":\"81\",\"imgHeight\":\"81\"},{\"imageUrl\":\"upload/common/images/20220804/20220804094821165957770166959.png\",\"title\":\"休闲娱乐\",\"link\":{\"type\":1,\"menuOne\":\"MALL_PAGE\",\"menuTwo\":\"MARKETING_LINK\",\"name\":\"SECKILL_PREFECTURE\",\"title\":\"秒杀专区\",\"wap_url\":\"/promotionpages/seckill/list/list\"},\"imgWidth\":\"81\",\"imgHeight\":\"81\"},{\"imageUrl\":\"upload/common/images/20220804/20220804094821165957770163626.png\",\"title\":\"拥军超市\",\"link\":{\"type\":1,\"menuOne\":\"MALL_PAGE\",\"menuTwo\":\"MARKETING_LINK\",\"name\":\"THEMATIC_ACTIVITIES_LIST\",\"title\":\"专题活动列表\",\"wap_url\":\"/promotionpages/topics/list/list\"},\"imgWidth\":\"81\",\"imgHeight\":\"81\"},{\"imageUrl\":\"upload/common/images/20220804/20220804094821165957770174064.png\",\"title\":\"其他\",\"link\":{\"type\":1,\"menuOne\":\"MALL_PAGE\",\"menuTwo\":\"MARKETING_LINK\",\"name\":\"BARGAIN_PREFECTURE\",\"title\":\"砍价专区\",\"wap_url\":\"/promotionpages/bargain/list/list\"},\"imgWidth\":\"81\",\"imgHeight\":\"81\"}],\"addon_name\":\"\",\"type\":\"GRAPHIC_NAV\",\"name\":\"图文导航\",\"navRadius\":\"fillet\",\"controller\":\"GraphicNav\",\"is_delete\":\"0\"},{\"height\":10,\"backgroundColor\":\"\",\"marginLeftRight\":0,\"addon_name\":\"\",\"type\":\"HORZ_BLANK\",\"name\":\"辅助空白\",\"controller\":\"HorzBlank\",\"is_delete\":\"0\"},{\"sources\":\"default\",\"backgroundColor\":\"#ffffff\",\"marginTop\":0,\"style\":1,\"isEdit\":1,\"styleName\":\"风格一\",\"textColor\":\"#606266\",\"defaultTextColor\":\"#333333\",\"fontSize\":14,\"list\":[{\"title\":\"单商户V4.0.4更新啦！\",\"link\":{\"name\":\"\"}}],\"noticeIds\":[],\"addon_name\":\"\",\"type\":\"NOTICE\",\"name\":\"公告\",\"controller\":\"Notice\",\"is_delete\":\"0\"},{\"selectedTemplate\":\"single-graph\",\"imageClearance\":0,\"imageRadius\":\"right-angle\",\"carouselChangeStyle\":\"circle\",\"marginTop\":0,\"padding\":0,\"height\":0,\"list\":[{\"imageUrl\":\"upload/common/images/20220804/20220804103945165958078521518.png\",\"title\":\"\",\"link\":{\"name\":\"\"},\"imgWidth\":\"720\",\"imgHeight\":\"82\"}],\"addon_name\":\"\",\"type\":\"IMAGE_ADS\",\"name\":\"图片广告\",\"controller\":\"ImageAds\",\"is_delete\":\"0\"},{\"selectedTemplate\":\"row1-tp-of2-bm\",\"backgroundColor\":\"\",\"list\":[{\"imageUrl\":\"upload/common/images/20220804/20220804094822165957770222167.png\",\"link\":{\"name\":\"SHOP_STREET\",\"menuOne\":\"MALL_PAGE\",\"menuTwo\":\"MALL_LINK\",\"type\":1,\"wap_url\":\"/otherpages/shop/street/street\",\"title\":\"店铺街\"},\"imgWidth\":\"430\",\"imgHeight\":\"290\"},{\"imageUrl\":\"upload/common/images/20220804/20220804095313165957799302535.png\",\"link\":{\"name\":1,\"menuOne\":\"MALL_PAGE\",\"menuTwo\":\"GOODS_CATEGORY\",\"type\":4,\"title\":\"美食餐饮\",\"wap_url\":\"/pages/goods/list/list?category_id=1\"},\"imgWidth\":\"210\",\"imgHeight\":\"140\"},{\"imageUrl\":\"upload/common/images/20220804/20220804094822165957770229794.png\",\"link\":[],\"imgWidth\":\"210\",\"imgHeight\":\"140\"}],\"selectedRubikCubeArray\":[],\"diyHtml\":\"\",\"customRubikCube\":4,\"heightArray\":[\"74.25px\",\"59px\",\"48.83px\",\"41.56px\"],\"imageGap\":10,\"addon_name\":\"\",\"type\":\"RUBIK_CUBE\",\"name\":\"魔方\",\"controller\":\"RubikCube\",\"is_delete\":\"0\"},{\"selectedTemplate\":\"row1-of3\",\"backgroundColor\":\"\",\"list\":[{\"imageUrl\":\"upload/common/images/20220804/20220804095538165957813882933.png\",\"link\":{\"name\":\"\"},\"imgWidth\":\"210\",\"imgHeight\":\"140\"},{\"imageUrl\":\"upload/common/images/20220804/20220804094821165957770141475.png\",\"link\":{\"name\":\"\"},\"imgWidth\":\"210\",\"imgHeight\":\"140\"},{\"imageUrl\":\"upload/common/images/20220804/20220804094821165957770184654.png\",\"link\":[],\"imgWidth\":\"210\",\"imgHeight\":\"140\"}],\"selectedRubikCubeArray\":[],\"diyHtml\":\"\",\"customRubikCube\":4,\"heightArray\":[\"74.25px\",\"59px\",\"48.83px\",\"41.56px\"],\"imageGap\":9,\"addon_name\":\"\",\"type\":\"RUBIK_CUBE\",\"name\":\"魔方\",\"controller\":\"RubikCube\",\"is_delete\":\"0\"},{\"selectedTemplate\":\"single-graph\",\"imageClearance\":0,\"imageRadius\":\"right-angle\",\"carouselChangeStyle\":\"circle\",\"marginTop\":0,\"padding\":0,\"height\":0,\"list\":[{\"imageUrl\":\"upload/common/images/20220804/20220804103945165958078521783.png\",\"title\":\"\",\"link\":{\"name\":\"\"},\"imgWidth\":\"720\",\"imgHeight\":\"82\"}],\"addon_name\":\"\",\"type\":\"IMAGE_ADS\",\"name\":\"图片广告\",\"controller\":\"ImageAds\",\"is_delete\":\"0\"},{\"sources\":\"default\",\"categoryId\":0,\"categoryName\":\"请选择\",\"goodsCount\":\"6\",\"goodsId\":[],\"style\":\"2\",\"backgroundColor\":\"\",\"marginTop\":10,\"paddingLeftRight\":0,\"isShowCart\":0,\"cartStyle\":1,\"isShowGoodName\":1,\"isShowMarketPrice\":1,\"isShowGoodSaleNum\":1,\"isShowGoodSubTitle\":0,\"goodsTag\":\"default\",\"tagImg\":{\"imageUrl\":\"\"},\"addon_name\":\"\",\"type\":\"GOODS_LIST\",\"name\":\"商品列表\",\"controller\":\"GoodsList\",\"is_delete\":\"0\"}]}' , `update_time` = 1659952895  WHERE  `id` = 8 [ RunTime:0.005743s ]
[2022-08-08T18:01:35+08:00][sql] CONNECT:[ UseTime:0.000334s ] mysql:host=127.0.0.1;port=3306;dbname=ls_ssl_com;charset=utf8
[2022-08-08T18:01:35+08:00][sql] SELECT `group_id` FROM `gxfc_shop` WHERE  `site_id` = 0 LIMIT 1 [ RunTime:0.000268s ]
[2022-08-08T18:01:35+08:00][sql] SELECT `addon_array` FROM `gxfc_shop_group` WHERE  `group_id` IS NULL LIMIT 1 [ RunTime:0.000217s ]
[2022-08-08T18:01:35+08:00][sql] SELECT `id`,`name`,`title`,`type`,`controller`,`value`,`addon_name`,`support_diy_view`,`max_count`,`is_delete`,`icon`,`icon_selected` FROM `gxfc_diy_view_util` WHERE  (`support_diy_view` LIKE 'DIY_VIEW_INDEX' OR `support_diy_view` LIKE '%DIY_VIEW_INDEX,%' OR `support_diy_view` LIKE '%DIY_VIEW_INDEX' OR `support_diy_view` LIKE '%,DIY_VIEW_INDEX,%' OR `support_diy_view` LIKE '') ORDER BY `sort` ASC [ RunTime:0.000407s ]
[2022-08-08T18:01:35+08:00][sql] SELECT `site_id`,`name` FROM `gxfc_site_diy_view` WHERE  `site_id` = 0  AND `name` = 'DIY_VIEW_INDEX' LIMIT 1 [ RunTime:0.000248s ]
[2022-08-08T18:01:35+08:00][sql] SELECT `sdv`.`id`,`sdv`.`site_id`,`sdv`.`name`,`sdv`.`title`,`sdv`.`value`,`sdv`.`type`,`dvt`.`addon_name` FROM `gxfc_site_diy_view` `sdv` LEFT JOIN `gxfc_diy_view_temp` `dvt` ON `sdv`.`name`=`dvt`.`name` WHERE  `sdv`.`site_id` = 0  AND `sdv`.`name` = 'DIY_VIEW_INDEX' LIMIT 1 [ RunTime:0.000513s ]
[2022-08-08T18:01:37+08:00][sql] CONNECT:[ UseTime:0.000325s ] mysql:host=127.0.0.1;port=3306;dbname=ls_ssl_com;charset=utf8
[2022-08-08T18:01:37+08:00][sql] SELECT `group_id`,`is_own`,`group_name`,`fee`,`remark` FROM `gxfc_shop_group` WHERE  `is_own` = 0 ORDER BY `is_own` ASC,`fee` ASC [ RunTime:0.000360s ]
[2022-08-08T18:01:37+08:00][sql] SELECT `site_id`,`site_area_name` FROM `gxfc_website` [ RunTime:0.000240s ]
[2022-08-08T18:01:44+08:00][sql] CONNECT:[ UseTime:0.000345s ] mysql:host=127.0.0.1;port=3306;dbname=ls_ssl_com;charset=utf8
[2022-08-08T18:01:44+08:00][sql] SHOW FULL COLUMNS FROM `gxfc_store` [ RunTime:0.001262s ]
[2022-08-08T18:01:44+08:00][sql] SELECT COUNT(*) AS think_count FROM `gxfc_store` `a` WHERE  `store_name` LIKE '%%'  AND `site_id` = 1 ORDER BY `store_id` DESC [ RunTime:0.000309s ]
[2022-08-08T18:01:44+08:00][sql] SELECT * FROM `gxfc_store` `a` WHERE  `store_name` LIKE '%%'  AND `site_id` = 1 ORDER BY `store_id` DESC LIMIT 0,10 [ RunTime:0.000338s ]
[2022-08-08T18:01:48+08:00][sql] CONNECT:[ UseTime:0.000386s ] mysql:host=127.0.0.1;port=3306;dbname=ls_ssl_com;charset=utf8
[2022-08-08T18:01:48+08:00][sql] SELECT `id`,`app_module`,`name`,`title`,`parent`,`level`,`url`,`is_show`,`sort`,`desc`,`picture`,`is_icon`,`picture_select`,`is_control`,`addon` FROM `gxfc_menu` WHERE  `url` = 'admin/Shop/basicInfo'  AND `app_module` = 'admin' ORDER BY `level` DESC LIMIT 1 [ RunTime:0.000507s ]
[2022-08-08T18:01:48+08:00][sql] SELECT `id`,`app_module`,`name`,`title`,`parent`,`level`,`url`,`is_show`,`sort`,`desc`,`picture`,`is_icon`,`picture_select`,`is_control`,`addon` FROM `gxfc_menu` WHERE  `name` = 'SHOP_BISIC_INFO'  AND `app_module` = 'admin' LIMIT 1 [ RunTime:0.000340s ]
[2022-08-08T18:01:48+08:00][sql] SELECT * FROM `gxfc_shop` WHERE  `site_id` = 1 LIMIT 1 [ RunTime:0.000510s ]
[2022-08-08T18:01:48+08:00][sql] SELECT `group_id`,`is_own`,`group_name`,`fee`,`remark` FROM `gxfc_shop_group` WHERE  `is_own` = 0 ORDER BY `is_own` ASC,`fee` ASC [ RunTime:0.000256s ]
[2022-08-08T18:01:48+08:00][sql] SELECT `group_id`,`is_own`,`group_name`,`fee`,`remark` FROM `gxfc_shop_group` WHERE  `is_own` = 1 ORDER BY `is_own` ASC,`fee` ASC [ RunTime:0.000258s ]
[2022-08-08T18:01:48+08:00][sql] SELECT `parent` FROM `gxfc_menu` WHERE  `url` = 'admin/shop/basicinfo'  AND `level` = 4 LIMIT 1 [ RunTime:0.000244s ]
[2022-08-08T18:01:48+08:00][sql] SELECT * FROM `gxfc_menu` WHERE  `app_module` = 'admin'  AND `is_show` = 1  AND `parent` = 'SHOP_LIST' ORDER BY `sort` ASC [ RunTime:0.000382s ]
[2022-08-08T18:01:56+08:00][sql] CONNECT:[ UseTime:0.000333s ] mysql:host=127.0.0.1;port=3306;dbname=ls_ssl_com;charset=utf8
[2022-08-08T18:01:56+08:00][sql] SELECT `id`,`app_module`,`name`,`title`,`parent`,`level`,`url`,`is_show`,`sort`,`desc`,`picture`,`is_icon`,`picture_select`,`is_control`,`addon` FROM `gxfc_menu` WHERE  `url` = 'admin/Shop/certinfo'  AND `app_module` = 'admin' ORDER BY `level` DESC LIMIT 1 [ RunTime:0.000465s ]
[2022-08-08T18:01:56+08:00][sql] SELECT `id`,`app_module`,`name`,`title`,`parent`,`level`,`url`,`is_show`,`sort`,`desc`,`picture`,`is_icon`,`picture_select`,`is_control`,`addon` FROM `gxfc_menu` WHERE  `name` = 'SHOP_CERT_INFO'  AND `app_module` = 'admin' LIMIT 1 [ RunTime:0.000320s ]
[2022-08-08T18:01:56+08:00][sql] SELECT * FROM `gxfc_shop_cert` WHERE  `site_id` = 1 LIMIT 1 [ RunTime:0.000498s ]
[2022-08-08T18:01:56+08:00][sql] SELECT `parent` FROM `gxfc_menu` WHERE  `url` = 'admin/shop/certinfo'  AND `level` = 4 LIMIT 1 [ RunTime:0.000276s ]
[2022-08-08T18:01:57+08:00][sql] CONNECT:[ UseTime:0.000362s ] mysql:host=127.0.0.1;port=3306;dbname=ls_ssl_com;charset=utf8
[2022-08-08T18:01:57+08:00][sql] SELECT `id`,`app_module`,`name`,`title`,`parent`,`level`,`url`,`is_show`,`sort`,`desc`,`picture`,`is_icon`,`picture_select`,`is_control`,`addon` FROM `gxfc_menu` WHERE  `url` = 'admin/Shop/basicinfo'  AND `app_module` = 'admin' ORDER BY `level` DESC LIMIT 1 [ RunTime:0.000550s ]
[2022-08-08T18:01:57+08:00][sql] SELECT * FROM `gxfc_shop` WHERE  `site_id` = 1 LIMIT 1 [ RunTime:0.000568s ]
[2022-08-08T18:01:57+08:00][sql] SELECT `group_id`,`is_own`,`group_name`,`fee`,`remark` FROM `gxfc_shop_group` WHERE  `is_own` = 0 ORDER BY `is_own` ASC,`fee` ASC [ RunTime:0.000268s ]
[2022-08-08T18:05:32+08:00][sql] CONNECT:[ UseTime:0.000380s ] mysql:host=127.0.0.1;port=3306;dbname=ls_ssl_com;charset=utf8
[2022-08-08T18:05:32+08:00][sql] SELECT COUNT(*) AS think_count FROM `gxfc_goods` WHERE  `verify_state` = 0  AND `is_delete` = 0 [ RunTime:0.000323s ]
[2022-08-08T18:05:32+08:00][sql] SELECT COUNT(*) AS think_count FROM `gxfc_goods` WHERE  `verify_state` = -2  AND `is_delete` = 0 [ RunTime:0.000254s ]
[2022-08-08T18:05:32+08:00][sql] SELECT COUNT(*) AS think_count FROM `gxfc_goods` WHERE  `verify_state` = 10  AND `is_delete` = 0 [ RunTime:0.000245s ]
[2022-08-08T18:05:32+08:00][sql] SELECT `template_id`,`template_name` FROM `gxfc_express_template` ORDER BY `is_default` DESC [ RunTime:0.000269s ]
[2022-08-08T18:05:33+08:00][error] [0]Argument 1 passed to think\cache\Driver::unserialize() must be of the type string, boolean given, called in /www/wwwroot/ls.chnssl.com/vendor/topthink/framework/src/think/cache/driver/File.php on line 139
[2022-08-08T18:05:33+08:00][sql] CONNECT:[ UseTime:0.000377s ] mysql:host=127.0.0.1;port=3306;dbname=ls_ssl_com;charset=utf8
[2022-08-08T18:05:33+08:00][sql] SELECT COUNT(*) AS think_count FROM `gxfc_goods` WHERE  `verify_state` = 0  AND `is_delete` = 0 [ RunTime:0.000408s ]
[2022-08-08T18:05:33+08:00][sql] SELECT COUNT(*) AS think_count FROM `gxfc_goods` WHERE  `verify_state` = -2  AND `is_delete` = 0 [ RunTime:0.000310s ]
[2022-08-08T18:05:33+08:00][sql] SELECT COUNT(*) AS think_count FROM `gxfc_goods` WHERE  `verify_state` = 10  AND `is_delete` = 0 [ RunTime:0.000308s ]
[2022-08-08T18:05:33+08:00][sql] CONNECT:[ UseTime:0.000279s ] mysql:host=127.0.0.1;port=3306;dbname=ls_ssl_com;charset=utf8
[2022-08-08T18:05:33+08:00][sql] SELECT COUNT(*) AS think_count FROM `gxfc_goods` `` WHERE  `is_delete` = 0 ORDER BY `create_time` DESC [ RunTime:0.000276s ]
[2022-08-08T18:05:33+08:00][sql] SELECT `goods_id`,`goods_name`,`site_id`,`site_name`,`goods_image`,`is_own`,`goods_state`,`verify_state`,`price`,`goods_stock`,`goods_stock_alarm`,`create_time`,`sale_num`,`is_virtual`,`goods_class`,`is_fenxiao`,`fenxiao_type`,`sku_id`,`max_buy`,`min_buy`,`promotion_addon`,`sort` FROM `gxfc_goods` `` WHERE  `is_delete` = 0 ORDER BY `create_time` DESC LIMIT 0,10 [ RunTime:0.000364s ]
