[2022-08-15T09:31:43+08:00][sql] CONNECT:[ UseTime:0.000370s ] mysql:host=127.0.0.1;port=3306;dbname=ls_ssl_com;charset=utf8
[2022-08-15T09:31:43+08:00][sql] SELECT `uid`,`app_module`,`app_group`,`is_admin`,`site_id`,`group_id`,`group_name`,`username`,`password`,`member_id`,`create_time`,`update_time`,`status`,`login_time`,`login_ip` FROM `gxfc_user` WHERE  `username` = 'admin'  AND `app_module` = 'admin' LIMIT 1 [ RunTime:0.000470s ]
[2022-08-15T09:31:43+08:00][sql] UPDATE `gxfc_user`  SET `login_time` = 1660527103 , `login_ip` = '27.18.132.235'  WHERE  `uid` = 1 [ RunTime:0.008894s ]
[2022-08-15T09:31:43+08:00][sql] INSERT INTO `gxfc_user_log` SET `uid` = 1 , `username` = 'admin' , `site_id` = 0 , `url` = 'admin/Login/login' , `ip` = '27.18.132.235' , `data` = '[]' , `action_name` = '用户登录' , `create_time` = 1660527103 [ RunTime:0.005122s ]
[2022-08-15T09:31:44+08:00][sql] CONNECT:[ UseTime:0.000322s ] mysql:host=127.0.0.1;port=3306;dbname=ls_ssl_com;charset=utf8
[2022-08-15T09:31:44+08:00][sql] SELECT `title`,`logo`,`desc`,`keywords`,`web_status`,`close_reason` FROM `gxfc_website` WHERE  `site_id` = 0 LIMIT 1 [ RunTime:0.000320s ]
[2022-08-15T09:31:44+08:00][sql] SELECT `id`,`site_id`,`year`,`month`,`day`,`order_total`,`shipping_total`,`refund_total`,`order_pay_count`,`goods_pay_count`,`shop_money`,`platform_money`,`create_time`,`modify_time`,`collect_shop`,`collect_goods`,`visit_count`,`order_count`,`goods_count`,`add_goods_count`,`day_time`,`member_count` FROM `gxfc_stat_shop` WHERE  `site_id` = 0  AND `year` = 2022  AND `month` = 8  AND `day` = 15 LIMIT 1 [ RunTime:0.000467s ]
[2022-08-15T09:31:44+08:00][sql] INSERT INTO `gxfc_stat_shop` SET `site_id` = 0 , `year` = 2022 , `month` = 8 , `day` = 15 , `day_time` = 1660492800 [ RunTime:0.005161s ]
[2022-08-15T09:31:44+08:00][sql] SELECT `id`,`site_id`,`year`,`month`,`day`,`order_total`,`shipping_total`,`refund_total`,`order_pay_count`,`goods_pay_count`,`shop_money`,`platform_money`,`create_time`,`modify_time`,`collect_shop`,`collect_goods`,`visit_count`,`order_count`,`goods_count`,`add_goods_count`,`day_time`,`member_count` FROM `gxfc_stat_shop` WHERE  `site_id` = 0  AND `year` = 2022  AND `month` = 8  AND `day` = 15  AND `day_time` = 1660492800 LIMIT 1 [ RunTime:0.000385s ]
[2022-08-15T09:31:44+08:00][sql] SELECT `id`,`site_id`,`year`,`month`,`day`,`order_total`,`shipping_total`,`refund_total`,`order_pay_count`,`goods_pay_count`,`shop_money`,`platform_money`,`create_time`,`modify_time`,`collect_shop`,`collect_goods`,`visit_count`,`order_count`,`goods_count`,`add_goods_count`,`day_time`,`member_count` FROM `gxfc_stat_shop` WHERE  `site_id` = 0  AND `year` = 2022  AND `month` = 8  AND `day` = 15 LIMIT 1 [ RunTime:0.000354s ]
[2022-08-15T09:31:44+08:00][sql] SELECT `id`,`site_id`,`year`,`month`,`day`,`order_total`,`shipping_total`,`refund_total`,`order_pay_count`,`goods_pay_count`,`shop_money`,`platform_money`,`create_time`,`modify_time`,`collect_shop`,`collect_goods`,`visit_count`,`order_count`,`goods_count`,`add_goods_count`,`day_time`,`member_count` FROM `gxfc_stat_shop` WHERE  `site_id` = 0  AND `year` = 2022  AND `month` = 8  AND `day` = 14 LIMIT 1 [ RunTime:0.000291s ]
[2022-08-15T09:31:44+08:00][sql] INSERT INTO `gxfc_stat_shop` SET `site_id` = 0 , `year` = 2022 , `month` = 8 , `day` = 14 , `day_time` = 1660492800 [ RunTime:0.003113s ]
[2022-08-15T09:31:44+08:00][sql] SELECT `id`,`site_id`,`year`,`month`,`day`,`order_total`,`shipping_total`,`refund_total`,`order_pay_count`,`goods_pay_count`,`shop_money`,`platform_money`,`create_time`,`modify_time`,`collect_shop`,`collect_goods`,`visit_count`,`order_count`,`goods_count`,`add_goods_count`,`day_time`,`member_count` FROM `gxfc_stat_shop` WHERE  `site_id` = 0  AND `year` = 2022  AND `month` = 8  AND `day` = 14  AND `day_time` = 1660492800 LIMIT 1 [ RunTime:0.000317s ]
[2022-08-15T09:31:44+08:00][sql] SELECT `id`,`site_id`,`year`,`month`,`day`,`order_total`,`shipping_total`,`refund_total`,`order_pay_count`,`goods_pay_count`,`shop_money`,`platform_money`,`create_time`,`modify_time`,`collect_shop`,`collect_goods`,`visit_count`,`order_count`,`goods_count`,`add_goods_count`,`day_time`,`member_count` FROM `gxfc_stat_shop` WHERE  `site_id` = 0  AND `year` = 2022  AND `month` = 08  AND `day` = 06 LIMIT 1 [ RunTime:0.000302s ]
[2022-08-15T09:31:44+08:00][sql] SELECT `id`,`site_id`,`year`,`month`,`day`,`order_total`,`shipping_total`,`refund_total`,`order_pay_count`,`goods_pay_count`,`shop_money`,`platform_money`,`create_time`,`modify_time`,`collect_shop`,`collect_goods`,`visit_count`,`order_count`,`goods_count`,`add_goods_count`,`day_time`,`member_count` FROM `gxfc_stat_shop` WHERE  `site_id` = 0  AND `year` = 2022  AND `month` = 08  AND `day` = 07 LIMIT 1 [ RunTime:0.000298s ]
[2022-08-15T09:31:44+08:00][sql] SELECT `id`,`site_id`,`year`,`month`,`day`,`order_total`,`shipping_total`,`refund_total`,`order_pay_count`,`goods_pay_count`,`shop_money`,`platform_money`,`create_time`,`modify_time`,`collect_shop`,`collect_goods`,`visit_count`,`order_count`,`goods_count`,`add_goods_count`,`day_time`,`member_count` FROM `gxfc_stat_shop` WHERE  `site_id` = 0  AND `year` = 2022  AND `month` = 08  AND `day` = 08 LIMIT 1 [ RunTime:0.000307s ]
[2022-08-15T09:31:44+08:00][sql] SELECT `id`,`site_id`,`year`,`month`,`day`,`order_total`,`shipping_total`,`refund_total`,`order_pay_count`,`goods_pay_count`,`shop_money`,`platform_money`,`create_time`,`modify_time`,`collect_shop`,`collect_goods`,`visit_count`,`order_count`,`goods_count`,`add_goods_count`,`day_time`,`member_count` FROM `gxfc_stat_shop` WHERE  `site_id` = 0  AND `year` = 2022  AND `month` = 08  AND `day` = 09 LIMIT 1 [ RunTime:0.000283s ]
[2022-08-15T09:31:44+08:00][sql] SELECT `id`,`site_id`,`year`,`month`,`day`,`order_total`,`shipping_total`,`refund_total`,`order_pay_count`,`goods_pay_count`,`shop_money`,`platform_money`,`create_time`,`modify_time`,`collect_shop`,`collect_goods`,`visit_count`,`order_count`,`goods_count`,`add_goods_count`,`day_time`,`member_count` FROM `gxfc_stat_shop` WHERE  `site_id` = 0  AND `year` = 2022  AND `month` = 08  AND `day` = 10 LIMIT 1 [ RunTime:0.000328s ]
[2022-08-15T09:31:44+08:00][sql] SELECT `id`,`site_id`,`year`,`month`,`day`,`order_total`,`shipping_total`,`refund_total`,`order_pay_count`,`goods_pay_count`,`shop_money`,`platform_money`,`create_time`,`modify_time`,`collect_shop`,`collect_goods`,`visit_count`,`order_count`,`goods_count`,`add_goods_count`,`day_time`,`member_count` FROM `gxfc_stat_shop` WHERE  `site_id` = 0  AND `year` = 2022  AND `month` = 08  AND `day` = 11 LIMIT 1 [ RunTime:0.000302s ]
[2022-08-15T09:31:44+08:00][sql] SELECT `id`,`site_id`,`year`,`month`,`day`,`order_total`,`shipping_total`,`refund_total`,`order_pay_count`,`goods_pay_count`,`shop_money`,`platform_money`,`create_time`,`modify_time`,`collect_shop`,`collect_goods`,`visit_count`,`order_count`,`goods_count`,`add_goods_count`,`day_time`,`member_count` FROM `gxfc_stat_shop` WHERE  `site_id` = 0  AND `year` = 2022  AND `month` = 08  AND `day` = 12 LIMIT 1 [ RunTime:0.000302s ]
[2022-08-15T09:31:44+08:00][sql] INSERT INTO `gxfc_stat_shop` SET `site_id` = 0 , `year` = 2022 , `month` = 08 , `day` = 12 , `day_time` = 1660492800 [ RunTime:0.006420s ]
[2022-08-15T09:31:44+08:00][sql] SELECT `id`,`site_id`,`year`,`month`,`day`,`order_total`,`shipping_total`,`refund_total`,`order_pay_count`,`goods_pay_count`,`shop_money`,`platform_money`,`create_time`,`modify_time`,`collect_shop`,`collect_goods`,`visit_count`,`order_count`,`goods_count`,`add_goods_count`,`day_time`,`member_count` FROM `gxfc_stat_shop` WHERE  `site_id` = 0  AND `year` = 2022  AND `month` = 08  AND `day` = 12  AND `day_time` = 1660492800 LIMIT 1 [ RunTime:0.000363s ]
[2022-08-15T09:31:44+08:00][sql] SELECT `id`,`site_id`,`year`,`month`,`day`,`order_total`,`shipping_total`,`refund_total`,`order_pay_count`,`goods_pay_count`,`shop_money`,`platform_money`,`create_time`,`modify_time`,`collect_shop`,`collect_goods`,`visit_count`,`order_count`,`goods_count`,`add_goods_count`,`day_time`,`member_count` FROM `gxfc_stat_shop` WHERE  `site_id` = 0  AND `year` = 2022  AND `month` = 08  AND `day` = 13 LIMIT 1 [ RunTime:0.000291s ]
[2022-08-15T09:31:44+08:00][sql] INSERT INTO `gxfc_stat_shop` SET `site_id` = 0 , `year` = 2022 , `month` = 08 , `day` = 13 , `day_time` = 1660492800 [ RunTime:0.008550s ]
[2022-08-15T09:31:44+08:00][sql] SELECT `id`,`site_id`,`year`,`month`,`day`,`order_total`,`shipping_total`,`refund_total`,`order_pay_count`,`goods_pay_count`,`shop_money`,`platform_money`,`create_time`,`modify_time`,`collect_shop`,`collect_goods`,`visit_count`,`order_count`,`goods_count`,`add_goods_count`,`day_time`,`member_count` FROM `gxfc_stat_shop` WHERE  `site_id` = 0  AND `year` = 2022  AND `month` = 08  AND `day` = 13  AND `day_time` = 1660492800 LIMIT 1 [ RunTime:0.000342s ]
[2022-08-15T09:31:44+08:00][sql] SELECT `id`,`site_id`,`year`,`month`,`day`,`order_total`,`shipping_total`,`refund_total`,`order_pay_count`,`goods_pay_count`,`shop_money`,`platform_money`,`create_time`,`modify_time`,`collect_shop`,`collect_goods`,`visit_count`,`order_count`,`goods_count`,`add_goods_count`,`day_time`,`member_count` FROM `gxfc_stat_shop` WHERE  `site_id` = 0  AND `year` = 2022  AND `month` = 08  AND `day` = 14 LIMIT 1 [ RunTime:0.000332s ]
[2022-08-15T09:31:44+08:00][sql] SELECT `id`,`site_id`,`year`,`month`,`day`,`order_total`,`shipping_total`,`refund_total`,`order_pay_count`,`goods_pay_count`,`shop_money`,`platform_money`,`create_time`,`modify_time`,`collect_shop`,`collect_goods`,`visit_count`,`order_count`,`goods_count`,`add_goods_count`,`day_time`,`member_count` FROM `gxfc_stat_shop` WHERE  `site_id` = 0  AND `year` = 2022  AND `month` = 08  AND `day` = 15 LIMIT 1 [ RunTime:0.000308s ]
[2022-08-15T09:31:44+08:00][sql] SELECT COUNT(*) AS think_count FROM `gxfc_order` WHERE  `order_status` = 0  AND `is_delete` = 0 [ RunTime:0.000241s ]
[2022-08-15T09:31:44+08:00][sql] SELECT COUNT(*) AS think_count FROM `gxfc_order` WHERE  `order_status` = 1  AND `is_delete` = 0 [ RunTime:0.000229s ]
[2022-08-15T09:31:44+08:00][sql] SELECT COUNT(*) AS think_count FROM `gxfc_order_goods` WHERE  `refund_status` NOT IN (0,3) [ RunTime:0.000267s ]
[2022-08-15T09:31:44+08:00][sql] SELECT COUNT(*) AS think_count FROM `gxfc_goods` WHERE  `goods_state` = 1  AND `is_delete` = 0 [ RunTime:0.000256s ]
[2022-08-15T09:31:44+08:00][sql] SELECT COUNT(*) AS think_count FROM `gxfc_goods` WHERE  `goods_state` = 0  AND `is_delete` = 0 [ RunTime:0.000215s ]
[2022-08-15T09:31:44+08:00][sql] SELECT COUNT(`id`) AS think_count FROM `gxfc_fenxiao_withdraw` WHERE  `status` = 1 [ RunTime:0.000215s ]
[2022-08-15T09:31:44+08:00][sql] SELECT COUNT(`apply_id`) AS think_count FROM `gxfc_fenxiao_apply` WHERE  `status` = 1 [ RunTime:0.000191s ]
[2022-08-15T09:31:44+08:00][sql] SELECT COUNT(*) AS think_count FROM `gxfc_order_complain` WHERE  `complain_status` = 1 [ RunTime:0.000224s ]
[2022-08-15T09:31:44+08:00][sql] SELECT SUM(`order_money`) AS think_sum FROM `gxfc_order` [ RunTime:0.000192s ]
[2022-08-15T09:31:44+08:00][sql] SELECT COUNT(*) AS think_count FROM `gxfc_member` [ RunTime:0.004221s ]
[2022-08-15T09:31:44+08:00][sql] SELECT COUNT(*) AS think_count FROM `gxfc_shop_apply` WHERE  `create_time` BETWEEN 1660492800 AND 1660579199 [ RunTime:0.000261s ]
[2022-08-15T09:31:44+08:00][sql] SELECT COUNT(*) AS think_count FROM `gxfc_shop_apply` WHERE  `create_time` BETWEEN 1660406400 AND 1660492799 [ RunTime:0.000288s ]
[2022-08-15T09:31:44+08:00][sql] SELECT COUNT(*) AS think_count FROM `gxfc_shop` WHERE  `create_time` BETWEEN 1660492800 AND 1660579199 [ RunTime:0.000230s ]
[2022-08-15T09:31:44+08:00][sql] SELECT COUNT(*) AS think_count FROM `gxfc_shop` [ RunTime:0.000173s ]
[2022-08-15T09:31:44+08:00][sql] SELECT COUNT(*) AS think_count FROM `gxfc_goods` [ RunTime:0.000178s ]
[2022-08-15T09:31:59+08:00][sql] CONNECT:[ UseTime:0.000366s ] mysql:host=127.0.0.1;port=3306;dbname=ls_ssl_com;charset=utf8
[2022-08-15T09:31:59+08:00][sql] SELECT COUNT(*) AS think_count FROM `gxfc_goods` WHERE  `verify_state` = 0  AND `is_delete` = 0 [ RunTime:0.000407s ]
[2022-08-15T09:31:59+08:00][sql] SELECT COUNT(*) AS think_count FROM `gxfc_goods` WHERE  `verify_state` = -2  AND `is_delete` = 0 [ RunTime:0.000266s ]
[2022-08-15T09:31:59+08:00][sql] SELECT COUNT(*) AS think_count FROM `gxfc_goods` WHERE  `verify_state` = 10  AND `is_delete` = 0 [ RunTime:0.000222s ]
[2022-08-15T09:31:59+08:00][sql] SELECT `template_id`,`template_name` FROM `gxfc_express_template` ORDER BY `is_default` DESC [ RunTime:0.000229s ]
[2022-08-15T09:32:07+08:00][sql] CONNECT:[ UseTime:0.000414s ] mysql:host=127.0.0.1;port=3306;dbname=ls_ssl_com;charset=utf8
[2022-08-15T09:32:07+08:00][sql] SELECT `group_id`,`is_own`,`group_name`,`fee`,`remark` FROM `gxfc_shop_group` WHERE  `is_own` = 0 ORDER BY `is_own` ASC,`fee` ASC [ RunTime:0.000326s ]
[2022-08-15T09:32:07+08:00][sql] SELECT `site_id`,`site_area_name` FROM `gxfc_website` [ RunTime:0.000210s ]
[2022-08-15T09:32:13+08:00][sql] CONNECT:[ UseTime:0.000344s ] mysql:host=127.0.0.1;port=3306;dbname=ls_ssl_com;charset=utf8
[2022-08-15T09:32:13+08:00][sql] SELECT COUNT(*) AS think_count FROM `gxfc_member` WHERE  `is_delete` = 0 [ RunTime:0.000296s ]
[2022-08-15T09:32:13+08:00][sql] SELECT COUNT(*) AS think_count FROM `gxfc_member` WHERE  `reg_time` BETWEEN 1660492800 AND 1660527133   AND `is_delete` = 0 [ RunTime:0.000240s ]
[2022-08-15T09:32:13+08:00][sql] SELECT COUNT(*) AS think_count FROM `gxfc_member` WHERE  `order_money` > 0  AND `is_delete` = 0 [ RunTime:0.000233s ]
[2022-08-15T09:32:32+08:00][sql] CONNECT:[ UseTime:0.000347s ] mysql:host=127.0.0.1;port=3306;dbname=ls_ssl_com;charset=utf8
[2022-08-15T09:32:32+08:00][sql] SELECT `id`,`app_module`,`name`,`title`,`parent`,`level`,`url`,`is_show`,`sort`,`desc`,`picture`,`is_icon`,`picture_select`,`is_control`,`addon` FROM `gxfc_menu` WHERE  `url` = 'admin/Member/memberlist'  AND `app_module` = 'admin' ORDER BY `level` DESC LIMIT 1 [ RunTime:0.000473s ]
[2022-08-15T09:32:32+08:00][sql] SELECT `id`,`app_module`,`name`,`title`,`parent`,`level`,`url`,`is_show`,`sort`,`desc`,`picture`,`is_icon`,`picture_select`,`is_control`,`addon` FROM `gxfc_menu` WHERE  `name` = 'MEMBER_LIST'  AND `app_module` = 'admin' LIMIT 1 [ RunTime:0.000359s ]
[2022-08-15T09:32:32+08:00][sql] SELECT `id`,`app_module`,`name`,`title`,`parent`,`level`,`url`,`is_show`,`sort`,`desc`,`picture`,`is_icon`,`picture_select`,`is_control`,`addon` FROM `gxfc_menu` WHERE  `name` = 'MEMBER_LIST_INDEX'  AND `app_module` = 'admin' LIMIT 1 [ RunTime:0.000321s ]
[2022-08-15T09:32:32+08:00][sql] SELECT `level_id`,`level_name` FROM `gxfc_member_level` ORDER BY `growth` ASC [ RunTime:0.000300s ]
[2022-08-15T09:32:32+08:00][sql] SELECT `label_id`,`label_name` FROM `gxfc_member_label` ORDER BY `sort` ASC [ RunTime:0.000264s ]
[2022-08-15T09:32:32+08:00][sql] SELECT `site_id`,`app_module`,`config_key`,`value`,`config_desc`,`is_use`,`create_time`,`modify_time` FROM `gxfc_config` WHERE  `site_id` = 0  AND `app_module` = 'admin'  AND `config_key` = 'MEMBER_CONSUME_CONFIG' LIMIT 1 [ RunTime:0.000280s ]
[2022-08-15T09:32:32+08:00][sql] SELECT `site_id`,`app_module`,`config_key`,`value`,`config_desc`,`is_use`,`create_time`,`modify_time` FROM `gxfc_config` WHERE  `site_id` = 0  AND `app_module` = 'admin'  AND `config_key` = 'MEMBER_REGISTER_REWARD_CONFIG' LIMIT 1 [ RunTime:0.000297s ]
[2022-08-15T09:32:32+08:00][sql] SELECT `site_id`,`app_module`,`config_key`,`value`,`config_desc`,`is_use`,`create_time`,`modify_time` FROM `gxfc_config` WHERE  `site_id` = 0  AND `app_module` = 'admin'  AND `config_key` = 'MEMBER_SIGNIN_REWARD_CONFIG' LIMIT 1 [ RunTime:0.000245s ]
[2022-08-15T09:32:32+08:00][sql] SELECT `cluster_id`,`cluster_name` FROM `gxfc_member_cluster` ORDER BY `create_time` DESC [ RunTime:0.000214s ]
[2022-08-15T09:32:34+08:00][sql] CONNECT:[ UseTime:0.000400s ] mysql:host=127.0.0.1;port=3306;dbname=ls_ssl_com;charset=utf8
[2022-08-15T09:32:34+08:00][sql] SELECT `id`,`app_module`,`name`,`title`,`parent`,`level`,`url`,`is_show`,`sort`,`desc`,`picture`,`is_icon`,`picture_select`,`is_control`,`addon` FROM `gxfc_menu` WHERE  `url` = 'admin/Memberlevel/levellist'  AND `app_module` = 'admin' ORDER BY `level` DESC LIMIT 1 [ RunTime:0.000458s ]
[2022-08-15T09:32:34+08:00][sql] SELECT `id`,`app_module`,`name`,`title`,`parent`,`level`,`url`,`is_show`,`sort`,`desc`,`picture`,`is_icon`,`picture_select`,`is_control`,`addon` FROM `gxfc_menu` WHERE  `name` = 'MEMBER_LEVEL'  AND `app_module` = 'admin' LIMIT 1 [ RunTime:0.000336s ]
[2022-08-15T09:32:36+08:00][sql] CONNECT:[ UseTime:0.000362s ] mysql:host=127.0.0.1;port=3306;dbname=ls_ssl_com;charset=utf8
[2022-08-15T09:32:36+08:00][sql] SELECT `id`,`app_module`,`name`,`title`,`parent`,`level`,`url`,`is_show`,`sort`,`desc`,`picture`,`is_icon`,`picture_select`,`is_control`,`addon` FROM `gxfc_menu` WHERE  `url` = 'admin/Memberlabel/labellist'  AND `app_module` = 'admin' ORDER BY `level` DESC LIMIT 1 [ RunTime:0.000508s ]
[2022-08-15T09:32:36+08:00][sql] SELECT `id`,`app_module`,`name`,`title`,`parent`,`level`,`url`,`is_show`,`sort`,`desc`,`picture`,`is_icon`,`picture_select`,`is_control`,`addon` FROM `gxfc_menu` WHERE  `name` = 'MEMBER_LABEL'  AND `app_module` = 'admin' LIMIT 1 [ RunTime:0.000313s ]
[2022-08-15T09:32:39+08:00][sql] CONNECT:[ UseTime:0.000372s ] mysql:host=127.0.0.1;port=3306;dbname=ls_ssl_com;charset=utf8
[2022-08-15T09:32:39+08:00][sql] SELECT `id`,`app_module`,`name`,`title`,`parent`,`level`,`url`,`is_show`,`sort`,`desc`,`picture`,`is_icon`,`picture_select`,`is_control`,`addon` FROM `gxfc_menu` WHERE  `url` = 'admin/Memberimport/lists'  AND `app_module` = 'admin' ORDER BY `level` DESC LIMIT 1 [ RunTime:0.000462s ]
[2022-08-15T09:32:39+08:00][sql] SELECT `id`,`app_module`,`name`,`title`,`parent`,`level`,`url`,`is_show`,`sort`,`desc`,`picture`,`is_icon`,`picture_select`,`is_control`,`addon` FROM `gxfc_menu` WHERE  `name` = 'MEMBER_IMPORT'  AND `app_module` = 'admin' LIMIT 1 [ RunTime:0.000350s ]
[2022-08-15T09:32:41+08:00][sql] CONNECT:[ UseTime:0.000584s ] mysql:host=127.0.0.1;port=3306;dbname=ls_ssl_com;charset=utf8
[2022-08-15T09:32:41+08:00][sql] SELECT `id`,`app_module`,`name`,`title`,`parent`,`level`,`url`,`is_show`,`sort`,`desc`,`picture`,`is_icon`,`picture_select`,`is_control`,`addon` FROM `gxfc_menu` WHERE  `url` = 'admin/Membercluster/clusterlist'  AND `app_module` = 'admin' ORDER BY `level` DESC LIMIT 1 [ RunTime:0.000532s ]
[2022-08-15T09:32:41+08:00][sql] SELECT `id`,`app_module`,`name`,`title`,`parent`,`level`,`url`,`is_show`,`sort`,`desc`,`picture`,`is_icon`,`picture_select`,`is_control`,`addon` FROM `gxfc_menu` WHERE  `name` = 'MEMBER_CLUSTER_LIST'  AND `app_module` = 'admin' LIMIT 1 [ RunTime:0.000311s ]
[2022-08-15T09:32:41+08:00][sql] SELECT `id`,`app_module`,`name`,`title`,`parent`,`level`,`url`,`is_show`,`sort`,`desc`,`picture`,`is_icon`,`picture_select`,`is_control`,`addon` FROM `gxfc_menu` WHERE  `name` = 'MEMBER_CLUSTER'  AND `app_module` = 'admin' LIMIT 1 [ RunTime:0.000329s ]
[2022-08-15T09:32:43+08:00][sql] CONNECT:[ UseTime:0.000370s ] mysql:host=127.0.0.1;port=3306;dbname=ls_ssl_com;charset=utf8
[2022-08-15T09:32:43+08:00][sql] SELECT `id`,`app_module`,`name`,`title`,`parent`,`level`,`url`,`is_show`,`sort`,`desc`,`picture`,`is_icon`,`picture_select`,`is_control`,`addon` FROM `gxfc_menu` WHERE  `url` = 'admin/Member/regagreement'  AND `app_module` = 'admin' ORDER BY `level` DESC LIMIT 1 [ RunTime:0.000594s ]
[2022-08-15T09:32:43+08:00][sql] SELECT `id`,`app_module`,`name`,`title`,`parent`,`level`,`url`,`is_show`,`sort`,`desc`,`picture`,`is_icon`,`picture_select`,`is_control`,`addon` FROM `gxfc_menu` WHERE  `name` = 'LOGIN_REG_AGREEMENT'  AND `app_module` = 'admin' LIMIT 1 [ RunTime:0.000370s ]
[2022-08-15T09:32:43+08:00][sql] SELECT `site_id`,`app_module`,`document_key`,`title`,`content`,`create_time`,`modify_time` FROM `gxfc_document` WHERE  `site_id` = 0  AND `app_module` = 'admin'  AND `document_key` = 'REGISTER_AGREEMENT' LIMIT 1 [ RunTime:0.000463s ]
[2022-08-15T09:32:43+08:00][sql] CONNECT:[ UseTime:0.000349s ] mysql:host=127.0.0.1;port=3306;dbname=ls_ssl_com;charset=utf8
[2022-08-15T09:32:43+08:00][sql] SELECT `id`,`app_module`,`name`,`title`,`parent`,`level`,`url`,`is_show`,`sort`,`desc`,`picture`,`is_icon`,`picture_select`,`is_control`,`addon` FROM `gxfc_menu` WHERE  `url` = 'admin/Member/undefinedthemes'  AND `app_module` = 'admin' ORDER BY `level` DESC LIMIT 1 [ RunTime:0.000452s ]
[2022-08-15T09:32:46+08:00][sql] CONNECT:[ UseTime:0.000327s ] mysql:host=127.0.0.1;port=3306;dbname=ls_ssl_com;charset=utf8
[2022-08-15T09:32:46+08:00][sql] SELECT COUNT(*) AS think_count FROM `gxfc_member` WHERE  `is_delete` = 0 [ RunTime:0.000300s ]
[2022-08-15T09:32:46+08:00][sql] SELECT COUNT(*) AS think_count FROM `gxfc_member` WHERE  `reg_time` BETWEEN 1660492800 AND 1660527166   AND `is_delete` = 0 [ RunTime:0.000254s ]
[2022-08-15T09:32:46+08:00][sql] SELECT COUNT(*) AS think_count FROM `gxfc_member` WHERE  `order_money` > 0  AND `is_delete` = 0 [ RunTime:0.000240s ]
[2022-08-15T09:32:48+08:00][sql] CONNECT:[ UseTime:0.000357s ] mysql:host=127.0.0.1;port=3306;dbname=ls_ssl_com;charset=utf8
[2022-08-15T09:32:48+08:00][sql] SELECT `label_id`,`label_name` FROM `gxfc_member_label` ORDER BY `sort` ASC [ RunTime:0.000295s ]
[2022-08-15T09:32:48+08:00][sql] SELECT `cluster_id`,`cluster_name` FROM `gxfc_member_cluster` ORDER BY `create_time` DESC [ RunTime:0.000289s ]
[2022-08-15T09:33:02+08:00][sql] CONNECT:[ UseTime:0.000380s ] mysql:host=127.0.0.1;port=3306;dbname=ls_ssl_com;charset=utf8
[2022-08-15T09:33:02+08:00][sql] SELECT `label_id`,`label_name` FROM `gxfc_member_label` ORDER BY `sort` ASC [ RunTime:0.000301s ]
[2022-08-15T09:33:02+08:00][sql] SELECT `cluster_id`,`cluster_name` FROM `gxfc_member_cluster` ORDER BY `create_time` DESC [ RunTime:0.000327s ]
[2022-08-15T09:33:03+08:00][sql] CONNECT:[ UseTime:0.000345s ] mysql:host=127.0.0.1;port=3306;dbname=ls_ssl_com;charset=utf8
[2022-08-15T09:33:03+08:00][sql] SELECT COUNT(*) AS think_count FROM `gxfc_member` WHERE  `is_delete` = 0 [ RunTime:0.000338s ]
[2022-08-15T09:33:03+08:00][sql] SELECT COUNT(*) AS think_count FROM `gxfc_member` WHERE  `reg_time` BETWEEN 1660492800 AND 1660527183   AND `is_delete` = 0 [ RunTime:0.000306s ]
[2022-08-15T09:33:03+08:00][sql] SELECT COUNT(*) AS think_count FROM `gxfc_member` WHERE  `order_money` > 0  AND `is_delete` = 0 [ RunTime:0.000288s ]
[2022-08-15T09:33:13+08:00][sql] CONNECT:[ UseTime:0.000354s ] mysql:host=127.0.0.1;port=3306;dbname=ls_ssl_com;charset=utf8
[2022-08-15T09:33:13+08:00][sql] SELECT `label_id`,`label_name` FROM `gxfc_member_label` ORDER BY `sort` ASC [ RunTime:0.000305s ]
[2022-08-15T09:33:13+08:00][sql] SELECT `cluster_id`,`cluster_name` FROM `gxfc_member_cluster` ORDER BY `create_time` DESC [ RunTime:0.000253s ]
[2022-08-15T09:33:16+08:00][sql] CONNECT:[ UseTime:0.000430s ] mysql:host=127.0.0.1;port=3306;dbname=ls_ssl_com;charset=utf8
[2022-08-15T09:33:16+08:00][sql] SELECT `name`,`title` FROM `gxfc_addon` WHERE  `name` = '' LIMIT 1 [ RunTime:0.000349s ]
[2022-08-15T09:33:35+08:00][sql] CONNECT:[ UseTime:0.000366s ] mysql:host=127.0.0.1;port=3306;dbname=ls_ssl_com;charset=utf8
[2022-08-15T09:33:35+08:00][sql] SELECT `id`,`site_id`,`year`,`month`,`day`,`order_total`,`shipping_total`,`refund_total`,`order_pay_count`,`goods_pay_count`,`shop_money`,`platform_money`,`create_time`,`modify_time`,`collect_shop`,`collect_goods`,`visit_count`,`order_count`,`goods_count`,`add_goods_count`,`day_time`,`member_count` FROM `gxfc_stat_shop` WHERE  `site_id` = 0  AND `year` = 2022  AND `month` = 8  AND `day` = 15 LIMIT 1 [ RunTime:0.000453s ]
[2022-08-15T09:33:35+08:00][sql] SELECT `id`,`site_id`,`year`,`month`,`day`,`order_total`,`shipping_total`,`refund_total`,`order_pay_count`,`goods_pay_count`,`shop_money`,`platform_money`,`create_time`,`modify_time`,`collect_shop`,`collect_goods`,`visit_count`,`order_count`,`goods_count`,`add_goods_count`,`day_time`,`member_count` FROM `gxfc_stat_shop` WHERE  `site_id` = 0  AND `year` = 2022  AND `month` = 8  AND `day` = 15 LIMIT 1 [ RunTime:0.000330s ]
[2022-08-15T09:33:35+08:00][sql] SELECT `id`,`site_id`,`year`,`month`,`day`,`order_total`,`shipping_total`,`refund_total`,`order_pay_count`,`goods_pay_count`,`shop_money`,`platform_money`,`create_time`,`modify_time`,`collect_shop`,`collect_goods`,`visit_count`,`order_count`,`goods_count`,`add_goods_count`,`day_time`,`member_count` FROM `gxfc_stat_shop` WHERE  `site_id` = 0  AND `year` = 2022  AND `month` = 8  AND `day` = 14 LIMIT 1 [ RunTime:0.000327s ]
[2022-08-15T09:33:35+08:00][sql] SELECT `id`,`site_id`,`year`,`month`,`day`,`order_total`,`shipping_total`,`refund_total`,`order_pay_count`,`goods_pay_count`,`shop_money`,`platform_money`,`create_time`,`modify_time`,`collect_shop`,`collect_goods`,`visit_count`,`order_count`,`goods_count`,`add_goods_count`,`day_time`,`member_count` FROM `gxfc_stat_shop` WHERE  `site_id` = 0  AND `year` = 2022  AND `month` = 08  AND `day` = 06 LIMIT 1 [ RunTime:0.000296s ]
[2022-08-15T09:33:35+08:00][sql] SELECT `id`,`site_id`,`year`,`month`,`day`,`order_total`,`shipping_total`,`refund_total`,`order_pay_count`,`goods_pay_count`,`shop_money`,`platform_money`,`create_time`,`modify_time`,`collect_shop`,`collect_goods`,`visit_count`,`order_count`,`goods_count`,`add_goods_count`,`day_time`,`member_count` FROM `gxfc_stat_shop` WHERE  `site_id` = 0  AND `year` = 2022  AND `month` = 08  AND `day` = 07 LIMIT 1 [ RunTime:0.000293s ]
[2022-08-15T09:33:35+08:00][sql] SELECT `id`,`site_id`,`year`,`month`,`day`,`order_total`,`shipping_total`,`refund_total`,`order_pay_count`,`goods_pay_count`,`shop_money`,`platform_money`,`create_time`,`modify_time`,`collect_shop`,`collect_goods`,`visit_count`,`order_count`,`goods_count`,`add_goods_count`,`day_time`,`member_count` FROM `gxfc_stat_shop` WHERE  `site_id` = 0  AND `year` = 2022  AND `month` = 08  AND `day` = 08 LIMIT 1 [ RunTime:0.000311s ]
[2022-08-15T09:33:35+08:00][sql] SELECT `id`,`site_id`,`year`,`month`,`day`,`order_total`,`shipping_total`,`refund_total`,`order_pay_count`,`goods_pay_count`,`shop_money`,`platform_money`,`create_time`,`modify_time`,`collect_shop`,`collect_goods`,`visit_count`,`order_count`,`goods_count`,`add_goods_count`,`day_time`,`member_count` FROM `gxfc_stat_shop` WHERE  `site_id` = 0  AND `year` = 2022  AND `month` = 08  AND `day` = 09 LIMIT 1 [ RunTime:0.000289s ]
[2022-08-15T09:33:35+08:00][sql] SELECT `id`,`site_id`,`year`,`month`,`day`,`order_total`,`shipping_total`,`refund_total`,`order_pay_count`,`goods_pay_count`,`shop_money`,`platform_money`,`create_time`,`modify_time`,`collect_shop`,`collect_goods`,`visit_count`,`order_count`,`goods_count`,`add_goods_count`,`day_time`,`member_count` FROM `gxfc_stat_shop` WHERE  `site_id` = 0  AND `year` = 2022  AND `month` = 08  AND `day` = 10 LIMIT 1 [ RunTime:0.000326s ]
[2022-08-15T09:33:35+08:00][sql] SELECT `id`,`site_id`,`year`,`month`,`day`,`order_total`,`shipping_total`,`refund_total`,`order_pay_count`,`goods_pay_count`,`shop_money`,`platform_money`,`create_time`,`modify_time`,`collect_shop`,`collect_goods`,`visit_count`,`order_count`,`goods_count`,`add_goods_count`,`day_time`,`member_count` FROM `gxfc_stat_shop` WHERE  `site_id` = 0  AND `year` = 2022  AND `month` = 08  AND `day` = 11 LIMIT 1 [ RunTime:0.000305s ]
[2022-08-15T09:33:35+08:00][sql] SELECT `id`,`site_id`,`year`,`month`,`day`,`order_total`,`shipping_total`,`refund_total`,`order_pay_count`,`goods_pay_count`,`shop_money`,`platform_money`,`create_time`,`modify_time`,`collect_shop`,`collect_goods`,`visit_count`,`order_count`,`goods_count`,`add_goods_count`,`day_time`,`member_count` FROM `gxfc_stat_shop` WHERE  `site_id` = 0  AND `year` = 2022  AND `month` = 08  AND `day` = 12 LIMIT 1 [ RunTime:0.000341s ]
[2022-08-15T09:33:35+08:00][sql] SELECT `id`,`site_id`,`year`,`month`,`day`,`order_total`,`shipping_total`,`refund_total`,`order_pay_count`,`goods_pay_count`,`shop_money`,`platform_money`,`create_time`,`modify_time`,`collect_shop`,`collect_goods`,`visit_count`,`order_count`,`goods_count`,`add_goods_count`,`day_time`,`member_count` FROM `gxfc_stat_shop` WHERE  `site_id` = 0  AND `year` = 2022  AND `month` = 08  AND `day` = 13 LIMIT 1 [ RunTime:0.000338s ]
[2022-08-15T09:33:35+08:00][sql] SELECT `id`,`site_id`,`year`,`month`,`day`,`order_total`,`shipping_total`,`refund_total`,`order_pay_count`,`goods_pay_count`,`shop_money`,`platform_money`,`create_time`,`modify_time`,`collect_shop`,`collect_goods`,`visit_count`,`order_count`,`goods_count`,`add_goods_count`,`day_time`,`member_count` FROM `gxfc_stat_shop` WHERE  `site_id` = 0  AND `year` = 2022  AND `month` = 08  AND `day` = 14 LIMIT 1 [ RunTime:0.000343s ]
[2022-08-15T09:33:35+08:00][sql] SELECT `id`,`site_id`,`year`,`month`,`day`,`order_total`,`shipping_total`,`refund_total`,`order_pay_count`,`goods_pay_count`,`shop_money`,`platform_money`,`create_time`,`modify_time`,`collect_shop`,`collect_goods`,`visit_count`,`order_count`,`goods_count`,`add_goods_count`,`day_time`,`member_count` FROM `gxfc_stat_shop` WHERE  `site_id` = 0  AND `year` = 2022  AND `month` = 08  AND `day` = 15 LIMIT 1 [ RunTime:0.000342s ]
[2022-08-15T09:33:35+08:00][sql] SELECT COUNT(*) AS think_count FROM `gxfc_order` WHERE  `order_status` = 0  AND `is_delete` = 0 [ RunTime:0.000289s ]
[2022-08-15T09:33:35+08:00][sql] SELECT COUNT(*) AS think_count FROM `gxfc_order` WHERE  `order_status` = 1  AND `is_delete` = 0 [ RunTime:0.000250s ]
[2022-08-15T09:33:35+08:00][sql] SELECT COUNT(*) AS think_count FROM `gxfc_order_goods` WHERE  `refund_status` NOT IN (0,3) [ RunTime:0.000242s ]
[2022-08-15T09:33:35+08:00][sql] SELECT COUNT(*) AS think_count FROM `gxfc_goods` WHERE  `goods_state` = 1  AND `is_delete` = 0 [ RunTime:0.000257s ]
[2022-08-15T09:33:35+08:00][sql] SELECT COUNT(*) AS think_count FROM `gxfc_goods` WHERE  `goods_state` = 0  AND `is_delete` = 0 [ RunTime:0.000254s ]
[2022-08-15T09:33:35+08:00][sql] SELECT COUNT(`id`) AS think_count FROM `gxfc_fenxiao_withdraw` WHERE  `status` = 1 [ RunTime:0.000260s ]
[2022-08-15T09:33:35+08:00][sql] SELECT COUNT(`apply_id`) AS think_count FROM `gxfc_fenxiao_apply` WHERE  `status` = 1 [ RunTime:0.000251s ]
[2022-08-15T09:33:35+08:00][sql] SELECT COUNT(*) AS think_count FROM `gxfc_order_complain` WHERE  `complain_status` = 1 [ RunTime:0.000234s ]
[2022-08-15T09:33:35+08:00][sql] SELECT SUM(`order_money`) AS think_sum FROM `gxfc_order` [ RunTime:0.000211s ]
[2022-08-15T09:33:35+08:00][sql] SELECT COUNT(*) AS think_count FROM `gxfc_member` [ RunTime:0.000208s ]
[2022-08-15T09:33:35+08:00][sql] SELECT COUNT(*) AS think_count FROM `gxfc_shop_apply` WHERE  `create_time` BETWEEN 1660492800 AND 1660579199 [ RunTime:0.000247s ]
[2022-08-15T09:33:35+08:00][sql] SELECT COUNT(*) AS think_count FROM `gxfc_shop_apply` WHERE  `create_time` BETWEEN 1660406400 AND 1660492799 [ RunTime:0.000222s ]
[2022-08-15T09:33:35+08:00][sql] SELECT COUNT(*) AS think_count FROM `gxfc_shop` WHERE  `create_time` BETWEEN 1660492800 AND 1660579199 [ RunTime:0.000235s ]
[2022-08-15T09:33:35+08:00][sql] SELECT COUNT(*) AS think_count FROM `gxfc_shop` [ RunTime:0.000193s ]
[2022-08-15T09:33:35+08:00][sql] SELECT COUNT(*) AS think_count FROM `gxfc_goods` [ RunTime:0.000186s ]
[2022-08-15T10:05:49+08:00][sql] CONNECT:[ UseTime:0.000414s ] mysql:host=127.0.0.1;port=3306;dbname=ls_ssl_com;charset=utf8
[2022-08-15T10:05:49+08:00][sql] SELECT `uid`,`app_module`,`app_group`,`is_admin`,`site_id`,`group_id`,`group_name`,`username`,`password`,`member_id`,`create_time`,`update_time`,`status`,`login_time`,`login_ip` FROM `gxfc_user` WHERE  `username` = 'admin'  AND `app_module` = 'admin' LIMIT 1 [ RunTime:0.000516s ]
[2022-08-15T10:05:49+08:00][sql] UPDATE `gxfc_user`  SET `login_time` = 1660529149 , `login_ip` = '171.113.167.26'  WHERE  `uid` = 1 [ RunTime:0.004792s ]
[2022-08-15T10:05:49+08:00][sql] INSERT INTO `gxfc_user_log` SET `uid` = 1 , `username` = 'admin' , `site_id` = 0 , `url` = 'admin/Login/login' , `ip` = '171.113.167.26' , `data` = '[]' , `action_name` = '用户登录' , `create_time` = 1660529149 [ RunTime:0.003097s ]
[2022-08-15T10:05:50+08:00][sql] CONNECT:[ UseTime:0.000411s ] mysql:host=127.0.0.1;port=3306;dbname=ls_ssl_com;charset=utf8
[2022-08-15T10:05:50+08:00][sql] SELECT `id`,`site_id`,`year`,`month`,`day`,`order_total`,`shipping_total`,`refund_total`,`order_pay_count`,`goods_pay_count`,`shop_money`,`platform_money`,`create_time`,`modify_time`,`collect_shop`,`collect_goods`,`visit_count`,`order_count`,`goods_count`,`add_goods_count`,`day_time`,`member_count` FROM `gxfc_stat_shop` WHERE  `site_id` = 0  AND `year` = 2022  AND `month` = 8  AND `day` = 15 LIMIT 1 [ RunTime:0.000499s ]
[2022-08-15T10:05:50+08:00][sql] SELECT `id`,`site_id`,`year`,`month`,`day`,`order_total`,`shipping_total`,`refund_total`,`order_pay_count`,`goods_pay_count`,`shop_money`,`platform_money`,`create_time`,`modify_time`,`collect_shop`,`collect_goods`,`visit_count`,`order_count`,`goods_count`,`add_goods_count`,`day_time`,`member_count` FROM `gxfc_stat_shop` WHERE  `site_id` = 0  AND `year` = 2022  AND `month` = 8  AND `day` = 15 LIMIT 1 [ RunTime:0.000427s ]
[2022-08-15T10:05:50+08:00][sql] SELECT `id`,`site_id`,`year`,`month`,`day`,`order_total`,`shipping_total`,`refund_total`,`order_pay_count`,`goods_pay_count`,`shop_money`,`platform_money`,`create_time`,`modify_time`,`collect_shop`,`collect_goods`,`visit_count`,`order_count`,`goods_count`,`add_goods_count`,`day_time`,`member_count` FROM `gxfc_stat_shop` WHERE  `site_id` = 0  AND `year` = 2022  AND `month` = 8  AND `day` = 14 LIMIT 1 [ RunTime:0.003625s ]
[2022-08-15T10:05:50+08:00][sql] SELECT `id`,`site_id`,`year`,`month`,`day`,`order_total`,`shipping_total`,`refund_total`,`order_pay_count`,`goods_pay_count`,`shop_money`,`platform_money`,`create_time`,`modify_time`,`collect_shop`,`collect_goods`,`visit_count`,`order_count`,`goods_count`,`add_goods_count`,`day_time`,`member_count` FROM `gxfc_stat_shop` WHERE  `site_id` = 0  AND `year` = 2022  AND `month` = 08  AND `day` = 06 LIMIT 1 [ RunTime:0.000383s ]
[2022-08-15T10:05:50+08:00][sql] SELECT `id`,`site_id`,`year`,`month`,`day`,`order_total`,`shipping_total`,`refund_total`,`order_pay_count`,`goods_pay_count`,`shop_money`,`platform_money`,`create_time`,`modify_time`,`collect_shop`,`collect_goods`,`visit_count`,`order_count`,`goods_count`,`add_goods_count`,`day_time`,`member_count` FROM `gxfc_stat_shop` WHERE  `site_id` = 0  AND `year` = 2022  AND `month` = 08  AND `day` = 07 LIMIT 1 [ RunTime:0.000336s ]
[2022-08-15T10:05:50+08:00][sql] SELECT `id`,`site_id`,`year`,`month`,`day`,`order_total`,`shipping_total`,`refund_total`,`order_pay_count`,`goods_pay_count`,`shop_money`,`platform_money`,`create_time`,`modify_time`,`collect_shop`,`collect_goods`,`visit_count`,`order_count`,`goods_count`,`add_goods_count`,`day_time`,`member_count` FROM `gxfc_stat_shop` WHERE  `site_id` = 0  AND `year` = 2022  AND `month` = 08  AND `day` = 08 LIMIT 1 [ RunTime:0.000370s ]
[2022-08-15T10:05:50+08:00][sql] SELECT `id`,`site_id`,`year`,`month`,`day`,`order_total`,`shipping_total`,`refund_total`,`order_pay_count`,`goods_pay_count`,`shop_money`,`platform_money`,`create_time`,`modify_time`,`collect_shop`,`collect_goods`,`visit_count`,`order_count`,`goods_count`,`add_goods_count`,`day_time`,`member_count` FROM `gxfc_stat_shop` WHERE  `site_id` = 0  AND `year` = 2022  AND `month` = 08  AND `day` = 09 LIMIT 1 [ RunTime:0.000306s ]
[2022-08-15T10:05:50+08:00][sql] SELECT `id`,`site_id`,`year`,`month`,`day`,`order_total`,`shipping_total`,`refund_total`,`order_pay_count`,`goods_pay_count`,`shop_money`,`platform_money`,`create_time`,`modify_time`,`collect_shop`,`collect_goods`,`visit_count`,`order_count`,`goods_count`,`add_goods_count`,`day_time`,`member_count` FROM `gxfc_stat_shop` WHERE  `site_id` = 0  AND `year` = 2022  AND `month` = 08  AND `day` = 10 LIMIT 1 [ RunTime:0.000328s ]
[2022-08-15T10:05:50+08:00][sql] SELECT `id`,`site_id`,`year`,`month`,`day`,`order_total`,`shipping_total`,`refund_total`,`order_pay_count`,`goods_pay_count`,`shop_money`,`platform_money`,`create_time`,`modify_time`,`collect_shop`,`collect_goods`,`visit_count`,`order_count`,`goods_count`,`add_goods_count`,`day_time`,`member_count` FROM `gxfc_stat_shop` WHERE  `site_id` = 0  AND `year` = 2022  AND `month` = 08  AND `day` = 11 LIMIT 1 [ RunTime:0.000309s ]
[2022-08-15T10:05:50+08:00][sql] SELECT `id`,`site_id`,`year`,`month`,`day`,`order_total`,`shipping_total`,`refund_total`,`order_pay_count`,`goods_pay_count`,`shop_money`,`platform_money`,`create_time`,`modify_time`,`collect_shop`,`collect_goods`,`visit_count`,`order_count`,`goods_count`,`add_goods_count`,`day_time`,`member_count` FROM `gxfc_stat_shop` WHERE  `site_id` = 0  AND `year` = 2022  AND `month` = 08  AND `day` = 12 LIMIT 1 [ RunTime:0.000294s ]
[2022-08-15T10:05:50+08:00][sql] SELECT `id`,`site_id`,`year`,`month`,`day`,`order_total`,`shipping_total`,`refund_total`,`order_pay_count`,`goods_pay_count`,`shop_money`,`platform_money`,`create_time`,`modify_time`,`collect_shop`,`collect_goods`,`visit_count`,`order_count`,`goods_count`,`add_goods_count`,`day_time`,`member_count` FROM `gxfc_stat_shop` WHERE  `site_id` = 0  AND `year` = 2022  AND `month` = 08  AND `day` = 13 LIMIT 1 [ RunTime:0.000304s ]
[2022-08-15T10:05:50+08:00][sql] SELECT `id`,`site_id`,`year`,`month`,`day`,`order_total`,`shipping_total`,`refund_total`,`order_pay_count`,`goods_pay_count`,`shop_money`,`platform_money`,`create_time`,`modify_time`,`collect_shop`,`collect_goods`,`visit_count`,`order_count`,`goods_count`,`add_goods_count`,`day_time`,`member_count` FROM `gxfc_stat_shop` WHERE  `site_id` = 0  AND `year` = 2022  AND `month` = 08  AND `day` = 14 LIMIT 1 [ RunTime:0.000287s ]
[2022-08-15T10:05:50+08:00][sql] SELECT `id`,`site_id`,`year`,`month`,`day`,`order_total`,`shipping_total`,`refund_total`,`order_pay_count`,`goods_pay_count`,`shop_money`,`platform_money`,`create_time`,`modify_time`,`collect_shop`,`collect_goods`,`visit_count`,`order_count`,`goods_count`,`add_goods_count`,`day_time`,`member_count` FROM `gxfc_stat_shop` WHERE  `site_id` = 0  AND `year` = 2022  AND `month` = 08  AND `day` = 15 LIMIT 1 [ RunTime:0.000292s ]
[2022-08-15T10:05:50+08:00][sql] SELECT COUNT(*) AS think_count FROM `gxfc_order` WHERE  `order_status` = 0  AND `is_delete` = 0 [ RunTime:0.000240s ]
[2022-08-15T10:05:50+08:00][sql] SELECT COUNT(*) AS think_count FROM `gxfc_order` WHERE  `order_status` = 1  AND `is_delete` = 0 [ RunTime:0.000216s ]
[2022-08-15T10:05:50+08:00][sql] SELECT COUNT(*) AS think_count FROM `gxfc_order_goods` WHERE  `refund_status` NOT IN (0,3) [ RunTime:0.000216s ]
[2022-08-15T10:05:50+08:00][sql] SELECT COUNT(*) AS think_count FROM `gxfc_goods` WHERE  `goods_state` = 1  AND `is_delete` = 0 [ RunTime:0.000213s ]
[2022-08-15T10:05:50+08:00][sql] SELECT COUNT(*) AS think_count FROM `gxfc_goods` WHERE  `goods_state` = 0  AND `is_delete` = 0 [ RunTime:0.000222s ]
[2022-08-15T10:05:50+08:00][sql] SELECT COUNT(`id`) AS think_count FROM `gxfc_fenxiao_withdraw` WHERE  `status` = 1 [ RunTime:0.000236s ]
[2022-08-15T10:05:50+08:00][sql] SELECT COUNT(`apply_id`) AS think_count FROM `gxfc_fenxiao_apply` WHERE  `status` = 1 [ RunTime:0.000236s ]
[2022-08-15T10:05:50+08:00][sql] SELECT COUNT(*) AS think_count FROM `gxfc_order_complain` WHERE  `complain_status` = 1 [ RunTime:0.000215s ]
[2022-08-15T10:05:50+08:00][sql] SELECT SUM(`order_money`) AS think_sum FROM `gxfc_order` [ RunTime:0.000246s ]
[2022-08-15T10:05:50+08:00][sql] SELECT COUNT(*) AS think_count FROM `gxfc_member` [ RunTime:0.000163s ]
[2022-08-15T10:05:50+08:00][sql] SELECT COUNT(*) AS think_count FROM `gxfc_shop_apply` WHERE  `create_time` BETWEEN 1660492800 AND 1660579199 [ RunTime:0.000208s ]
[2022-08-15T10:05:50+08:00][sql] SELECT COUNT(*) AS think_count FROM `gxfc_shop_apply` WHERE  `create_time` BETWEEN 1660406400 AND 1660492799 [ RunTime:0.000242s ]
[2022-08-15T10:05:50+08:00][sql] SELECT COUNT(*) AS think_count FROM `gxfc_shop` WHERE  `create_time` BETWEEN 1660492800 AND 1660579199 [ RunTime:0.000254s ]
[2022-08-15T10:05:50+08:00][sql] SELECT COUNT(*) AS think_count FROM `gxfc_shop` [ RunTime:0.000190s ]
[2022-08-15T10:05:50+08:00][sql] SELECT COUNT(*) AS think_count FROM `gxfc_goods` [ RunTime:0.000169s ]
[2022-08-15T10:05:54+08:00][sql] CONNECT:[ UseTime:0.000377s ] mysql:host=127.0.0.1;port=3306;dbname=ls_ssl_com;charset=utf8
[2022-08-15T10:05:54+08:00][sql] SELECT COUNT(*) AS think_count FROM `gxfc_goods` WHERE  `verify_state` = 0  AND `is_delete` = 0 [ RunTime:0.000335s ]
[2022-08-15T10:05:54+08:00][sql] SELECT COUNT(*) AS think_count FROM `gxfc_goods` WHERE  `verify_state` = -2  AND `is_delete` = 0 [ RunTime:0.000261s ]
[2022-08-15T10:05:54+08:00][sql] SELECT COUNT(*) AS think_count FROM `gxfc_goods` WHERE  `verify_state` = 10  AND `is_delete` = 0 [ RunTime:0.000224s ]
[2022-08-15T10:05:54+08:00][sql] SELECT `template_id`,`template_name` FROM `gxfc_express_template` ORDER BY `is_default` DESC [ RunTime:0.000221s ]
[2022-08-15T10:05:54+08:00][sql] CONNECT:[ UseTime:0.000327s ] mysql:host=127.0.0.1;port=3306;dbname=ls_ssl_com;charset=utf8
[2022-08-15T10:05:54+08:00][sql] SELECT COUNT(*) AS think_count FROM `gxfc_goods` WHERE  `verify_state` = 0  AND `is_delete` = 0 [ RunTime:0.000380s ]
[2022-08-15T10:05:54+08:00][sql] SELECT COUNT(*) AS think_count FROM `gxfc_goods` WHERE  `verify_state` = -2  AND `is_delete` = 0 [ RunTime:0.000393s ]
[2022-08-15T10:05:54+08:00][sql] SELECT COUNT(*) AS think_count FROM `gxfc_goods` WHERE  `verify_state` = 10  AND `is_delete` = 0 [ RunTime:0.000270s ]
[2022-08-15T10:05:54+08:00][sql] CONNECT:[ UseTime:0.000333s ] mysql:host=127.0.0.1;port=3306;dbname=ls_ssl_com;charset=utf8
[2022-08-15T10:05:54+08:00][sql] SELECT COUNT(*) AS think_count FROM `gxfc_goods` `` WHERE  `is_delete` = 0 ORDER BY `create_time` DESC [ RunTime:0.000398s ]
[2022-08-15T10:05:54+08:00][sql] SELECT `goods_id`,`goods_name`,`site_id`,`site_name`,`goods_image`,`is_own`,`goods_state`,`verify_state`,`price`,`goods_stock`,`goods_stock_alarm`,`create_time`,`sale_num`,`is_virtual`,`goods_class`,`is_fenxiao`,`fenxiao_type`,`sku_id`,`max_buy`,`min_buy`,`promotion_addon`,`sort` FROM `gxfc_goods` `` WHERE  `is_delete` = 0 ORDER BY `create_time` DESC LIMIT 0,10 [ RunTime:0.000434s ]
[2022-08-15T10:05:56+08:00][sql] CONNECT:[ UseTime:0.000371s ] mysql:host=127.0.0.1;port=3306;dbname=ls_ssl_com;charset=utf8
[2022-08-15T10:05:56+08:00][sql] SELECT `group_id`,`is_own`,`group_name`,`fee`,`remark` FROM `gxfc_shop_group` WHERE  `is_own` = 0 ORDER BY `is_own` ASC,`fee` ASC [ RunTime:0.000369s ]
[2022-08-15T10:05:56+08:00][sql] SELECT `site_id`,`site_area_name` FROM `gxfc_website` [ RunTime:0.000227s ]
[2022-08-15T10:11:57+08:00][sql] CONNECT:[ UseTime:0.000385s ] mysql:host=127.0.0.1;port=3306;dbname=ls_ssl_com;charset=utf8
[2022-08-15T10:11:57+08:00][sql] SELECT COUNT(*) AS think_count FROM `gxfc_goods` WHERE  `verify_state` = 0  AND `is_delete` = 0 [ RunTime:0.000370s ]
[2022-08-15T10:11:57+08:00][sql] SELECT COUNT(*) AS think_count FROM `gxfc_goods` WHERE  `verify_state` = -2  AND `is_delete` = 0 [ RunTime:0.000321s ]
[2022-08-15T10:11:57+08:00][sql] SELECT COUNT(*) AS think_count FROM `gxfc_goods` WHERE  `verify_state` = 10  AND `is_delete` = 0 [ RunTime:0.000278s ]
[2022-08-15T10:11:57+08:00][sql] SELECT `template_id`,`template_name` FROM `gxfc_express_template` ORDER BY `is_default` DESC [ RunTime:0.000212s ]
[2022-08-15T10:11:57+08:00][sql] CONNECT:[ UseTime:0.000381s ] mysql:host=127.0.0.1;port=3306;dbname=ls_ssl_com;charset=utf8
[2022-08-15T10:11:57+08:00][sql] SELECT COUNT(*) AS think_count FROM `gxfc_goods` WHERE  `verify_state` = 0  AND `is_delete` = 0 [ RunTime:0.000376s ]
[2022-08-15T10:11:57+08:00][sql] SELECT COUNT(*) AS think_count FROM `gxfc_goods` WHERE  `verify_state` = -2  AND `is_delete` = 0 [ RunTime:0.000271s ]
[2022-08-15T10:11:57+08:00][sql] SELECT COUNT(*) AS think_count FROM `gxfc_goods` WHERE  `verify_state` = 10  AND `is_delete` = 0 [ RunTime:0.000369s ]
[2022-08-15T10:11:57+08:00][sql] CONNECT:[ UseTime:0.000343s ] mysql:host=127.0.0.1;port=3306;dbname=ls_ssl_com;charset=utf8
[2022-08-15T10:11:57+08:00][sql] SELECT COUNT(*) AS think_count FROM `gxfc_goods` `` WHERE  `is_delete` = 0 ORDER BY `create_time` DESC [ RunTime:0.000295s ]
[2022-08-15T10:11:57+08:00][sql] SELECT `goods_id`,`goods_name`,`site_id`,`site_name`,`goods_image`,`is_own`,`goods_state`,`verify_state`,`price`,`goods_stock`,`goods_stock_alarm`,`create_time`,`sale_num`,`is_virtual`,`goods_class`,`is_fenxiao`,`fenxiao_type`,`sku_id`,`max_buy`,`min_buy`,`promotion_addon`,`sort` FROM `gxfc_goods` `` WHERE  `is_delete` = 0 ORDER BY `create_time` DESC LIMIT 0,10 [ RunTime:0.000379s ]
[2022-08-15T10:11:58+08:00][sql] CONNECT:[ UseTime:0.000365s ] mysql:host=127.0.0.1;port=3306;dbname=ls_ssl_com;charset=utf8
[2022-08-15T10:11:58+08:00][sql] SELECT `id`,`site_id`,`year`,`month`,`day`,`order_total`,`shipping_total`,`refund_total`,`order_pay_count`,`goods_pay_count`,`shop_money`,`platform_money`,`create_time`,`modify_time`,`collect_shop`,`collect_goods`,`visit_count`,`order_count`,`goods_count`,`add_goods_count`,`day_time`,`member_count` FROM `gxfc_stat_shop` WHERE  `site_id` = 0  AND `year` = 2022  AND `month` = 8  AND `day` = 15 LIMIT 1 [ RunTime:0.000444s ]
[2022-08-15T10:11:58+08:00][sql] SELECT `id`,`site_id`,`year`,`month`,`day`,`order_total`,`shipping_total`,`refund_total`,`order_pay_count`,`goods_pay_count`,`shop_money`,`platform_money`,`create_time`,`modify_time`,`collect_shop`,`collect_goods`,`visit_count`,`order_count`,`goods_count`,`add_goods_count`,`day_time`,`member_count` FROM `gxfc_stat_shop` WHERE  `site_id` = 0  AND `year` = 2022  AND `month` = 8  AND `day` = 15 LIMIT 1 [ RunTime:0.000364s ]
[2022-08-15T10:11:58+08:00][sql] SELECT `id`,`site_id`,`year`,`month`,`day`,`order_total`,`shipping_total`,`refund_total`,`order_pay_count`,`goods_pay_count`,`shop_money`,`platform_money`,`create_time`,`modify_time`,`collect_shop`,`collect_goods`,`visit_count`,`order_count`,`goods_count`,`add_goods_count`,`day_time`,`member_count` FROM `gxfc_stat_shop` WHERE  `site_id` = 0  AND `year` = 2022  AND `month` = 8  AND `day` = 14 LIMIT 1 [ RunTime:0.000331s ]
[2022-08-15T10:11:58+08:00][sql] SELECT `id`,`site_id`,`year`,`month`,`day`,`order_total`,`shipping_total`,`refund_total`,`order_pay_count`,`goods_pay_count`,`shop_money`,`platform_money`,`create_time`,`modify_time`,`collect_shop`,`collect_goods`,`visit_count`,`order_count`,`goods_count`,`add_goods_count`,`day_time`,`member_count` FROM `gxfc_stat_shop` WHERE  `site_id` = 0  AND `year` = 2022  AND `month` = 08  AND `day` = 06 LIMIT 1 [ RunTime:0.000356s ]
[2022-08-15T10:11:58+08:00][sql] SELECT `id`,`site_id`,`year`,`month`,`day`,`order_total`,`shipping_total`,`refund_total`,`order_pay_count`,`goods_pay_count`,`shop_money`,`platform_money`,`create_time`,`modify_time`,`collect_shop`,`collect_goods`,`visit_count`,`order_count`,`goods_count`,`add_goods_count`,`day_time`,`member_count` FROM `gxfc_stat_shop` WHERE  `site_id` = 0  AND `year` = 2022  AND `month` = 08  AND `day` = 07 LIMIT 1 [ RunTime:0.000298s ]
[2022-08-15T10:11:58+08:00][sql] SELECT `id`,`site_id`,`year`,`month`,`day`,`order_total`,`shipping_total`,`refund_total`,`order_pay_count`,`goods_pay_count`,`shop_money`,`platform_money`,`create_time`,`modify_time`,`collect_shop`,`collect_goods`,`visit_count`,`order_count`,`goods_count`,`add_goods_count`,`day_time`,`member_count` FROM `gxfc_stat_shop` WHERE  `site_id` = 0  AND `year` = 2022  AND `month` = 08  AND `day` = 08 LIMIT 1 [ RunTime:0.000300s ]
[2022-08-15T10:11:58+08:00][sql] SELECT `id`,`site_id`,`year`,`month`,`day`,`order_total`,`shipping_total`,`refund_total`,`order_pay_count`,`goods_pay_count`,`shop_money`,`platform_money`,`create_time`,`modify_time`,`collect_shop`,`collect_goods`,`visit_count`,`order_count`,`goods_count`,`add_goods_count`,`day_time`,`member_count` FROM `gxfc_stat_shop` WHERE  `site_id` = 0  AND `year` = 2022  AND `month` = 08  AND `day` = 09 LIMIT 1 [ RunTime:0.000311s ]
[2022-08-15T10:11:58+08:00][sql] SELECT `id`,`site_id`,`year`,`month`,`day`,`order_total`,`shipping_total`,`refund_total`,`order_pay_count`,`goods_pay_count`,`shop_money`,`platform_money`,`create_time`,`modify_time`,`collect_shop`,`collect_goods`,`visit_count`,`order_count`,`goods_count`,`add_goods_count`,`day_time`,`member_count` FROM `gxfc_stat_shop` WHERE  `site_id` = 0  AND `year` = 2022  AND `month` = 08  AND `day` = 10 LIMIT 1 [ RunTime:0.000325s ]
[2022-08-15T10:11:58+08:00][sql] SELECT `id`,`site_id`,`year`,`month`,`day`,`order_total`,`shipping_total`,`refund_total`,`order_pay_count`,`goods_pay_count`,`shop_money`,`platform_money`,`create_time`,`modify_time`,`collect_shop`,`collect_goods`,`visit_count`,`order_count`,`goods_count`,`add_goods_count`,`day_time`,`member_count` FROM `gxfc_stat_shop` WHERE  `site_id` = 0  AND `year` = 2022  AND `month` = 08  AND `day` = 11 LIMIT 1 [ RunTime:0.000310s ]
[2022-08-15T10:11:58+08:00][sql] SELECT `id`,`site_id`,`year`,`month`,`day`,`order_total`,`shipping_total`,`refund_total`,`order_pay_count`,`goods_pay_count`,`shop_money`,`platform_money`,`create_time`,`modify_time`,`collect_shop`,`collect_goods`,`visit_count`,`order_count`,`goods_count`,`add_goods_count`,`day_time`,`member_count` FROM `gxfc_stat_shop` WHERE  `site_id` = 0  AND `year` = 2022  AND `month` = 08  AND `day` = 12 LIMIT 1 [ RunTime:0.000365s ]
[2022-08-15T10:11:58+08:00][sql] SELECT `id`,`site_id`,`year`,`month`,`day`,`order_total`,`shipping_total`,`refund_total`,`order_pay_count`,`goods_pay_count`,`shop_money`,`platform_money`,`create_time`,`modify_time`,`collect_shop`,`collect_goods`,`visit_count`,`order_count`,`goods_count`,`add_goods_count`,`day_time`,`member_count` FROM `gxfc_stat_shop` WHERE  `site_id` = 0  AND `year` = 2022  AND `month` = 08  AND `day` = 13 LIMIT 1 [ RunTime:0.000369s ]
[2022-08-15T10:11:58+08:00][sql] SELECT `id`,`site_id`,`year`,`month`,`day`,`order_total`,`shipping_total`,`refund_total`,`order_pay_count`,`goods_pay_count`,`shop_money`,`platform_money`,`create_time`,`modify_time`,`collect_shop`,`collect_goods`,`visit_count`,`order_count`,`goods_count`,`add_goods_count`,`day_time`,`member_count` FROM `gxfc_stat_shop` WHERE  `site_id` = 0  AND `year` = 2022  AND `month` = 08  AND `day` = 14 LIMIT 1 [ RunTime:0.000307s ]
[2022-08-15T10:11:58+08:00][sql] SELECT `id`,`site_id`,`year`,`month`,`day`,`order_total`,`shipping_total`,`refund_total`,`order_pay_count`,`goods_pay_count`,`shop_money`,`platform_money`,`create_time`,`modify_time`,`collect_shop`,`collect_goods`,`visit_count`,`order_count`,`goods_count`,`add_goods_count`,`day_time`,`member_count` FROM `gxfc_stat_shop` WHERE  `site_id` = 0  AND `year` = 2022  AND `month` = 08  AND `day` = 15 LIMIT 1 [ RunTime:0.000342s ]
[2022-08-15T10:11:58+08:00][sql] SELECT COUNT(*) AS think_count FROM `gxfc_order` WHERE  `order_status` = 0  AND `is_delete` = 0 [ RunTime:0.000247s ]
[2022-08-15T10:11:58+08:00][sql] SELECT COUNT(*) AS think_count FROM `gxfc_order` WHERE  `order_status` = 1  AND `is_delete` = 0 [ RunTime:0.000245s ]
[2022-08-15T10:11:58+08:00][sql] SELECT COUNT(*) AS think_count FROM `gxfc_order_goods` WHERE  `refund_status` NOT IN (0,3) [ RunTime:0.000263s ]
[2022-08-15T10:11:58+08:00][sql] SELECT COUNT(*) AS think_count FROM `gxfc_goods` WHERE  `goods_state` = 1  AND `is_delete` = 0 [ RunTime:0.000223s ]
[2022-08-15T10:11:58+08:00][sql] SELECT COUNT(*) AS think_count FROM `gxfc_goods` WHERE  `goods_state` = 0  AND `is_delete` = 0 [ RunTime:0.000215s ]
[2022-08-15T10:11:58+08:00][sql] SELECT COUNT(`id`) AS think_count FROM `gxfc_fenxiao_withdraw` WHERE  `status` = 1 [ RunTime:0.000226s ]
[2022-08-15T10:11:58+08:00][sql] SELECT COUNT(`apply_id`) AS think_count FROM `gxfc_fenxiao_apply` WHERE  `status` = 1 [ RunTime:0.000212s ]
[2022-08-15T10:11:58+08:00][sql] SELECT COUNT(*) AS think_count FROM `gxfc_order_complain` WHERE  `complain_status` = 1 [ RunTime:0.000201s ]
[2022-08-15T10:11:58+08:00][sql] SELECT SUM(`order_money`) AS think_sum FROM `gxfc_order` [ RunTime:0.000198s ]
[2022-08-15T10:11:58+08:00][sql] SELECT COUNT(*) AS think_count FROM `gxfc_member` [ RunTime:0.000187s ]
[2022-08-15T10:11:58+08:00][sql] SELECT COUNT(*) AS think_count FROM `gxfc_shop_apply` WHERE  `create_time` BETWEEN 1660492800 AND 1660579199 [ RunTime:0.000199s ]
[2022-08-15T10:11:58+08:00][sql] SELECT COUNT(*) AS think_count FROM `gxfc_shop_apply` WHERE  `create_time` BETWEEN 1660406400 AND 1660492799 [ RunTime:0.000195s ]
[2022-08-15T10:11:58+08:00][sql] SELECT COUNT(*) AS think_count FROM `gxfc_shop` WHERE  `create_time` BETWEEN 1660492800 AND 1660579199 [ RunTime:0.000205s ]
[2022-08-15T10:11:58+08:00][sql] SELECT COUNT(*) AS think_count FROM `gxfc_shop` [ RunTime:0.000167s ]
[2022-08-15T10:11:58+08:00][sql] SELECT COUNT(*) AS think_count FROM `gxfc_goods` [ RunTime:0.000171s ]
[2022-08-15T15:11:12+08:00][sql] CONNECT:[ UseTime:0.000336s ] mysql:host=127.0.0.1;port=3306;dbname=ls_ssl_com;charset=utf8
[2022-08-15T15:11:12+08:00][sql] SELECT `group_id` FROM `gxfc_shop` WHERE  `site_id` = 0 LIMIT 1 [ RunTime:0.000326s ]
[2022-08-15T15:11:12+08:00][sql] SELECT `addon_array` FROM `gxfc_shop_group` WHERE  `group_id` IS NULL LIMIT 1 [ RunTime:0.000203s ]
[2022-08-15T15:11:12+08:00][sql] SELECT `id`,`name`,`title`,`type`,`controller`,`value`,`addon_name`,`support_diy_view`,`max_count`,`is_delete`,`icon`,`icon_selected` FROM `gxfc_diy_view_util` WHERE  (`support_diy_view` LIKE 'DIY_VIEW_INDEX' OR `support_diy_view` LIKE '%DIY_VIEW_INDEX,%' OR `support_diy_view` LIKE '%DIY_VIEW_INDEX' OR `support_diy_view` LIKE '%,DIY_VIEW_INDEX,%' OR `support_diy_view` LIKE '') ORDER BY `sort` ASC [ RunTime:0.000443s ]
[2022-08-15T15:11:12+08:00][sql] SELECT `site_id`,`name` FROM `gxfc_site_diy_view` WHERE  `site_id` = 0  AND `name` = 'DIY_VIEW_INDEX' LIMIT 1 [ RunTime:0.000348s ]
[2022-08-15T15:11:12+08:00][sql] SELECT `sdv`.`id`,`sdv`.`site_id`,`sdv`.`name`,`sdv`.`title`,`sdv`.`value`,`sdv`.`type`,`dvt`.`addon_name` FROM `gxfc_site_diy_view` `sdv` LEFT JOIN `gxfc_diy_view_temp` `dvt` ON `sdv`.`name`=`dvt`.`name` WHERE  `sdv`.`site_id` = 0  AND `sdv`.`name` = 'DIY_VIEW_INDEX' LIMIT 1 [ RunTime:0.000503s ]
[2022-08-15T15:11:16+08:00][sql] CONNECT:[ UseTime:0.001461s ] mysql:host=127.0.0.1;port=3306;dbname=ls_ssl_com;charset=utf8
[2022-08-15T15:11:16+08:00][sql] SELECT `id`,`app_module`,`name`,`title`,`parent`,`level`,`url`,`is_show`,`sort`,`desc`,`picture`,`is_icon`,`picture_select`,`is_control`,`addon` FROM `gxfc_menu` WHERE  `url` = 'admin/Config/basic'  AND `app_module` = 'admin' ORDER BY `level` DESC LIMIT 1 [ RunTime:0.000564s ]
[2022-08-15T15:11:16+08:00][sql] SELECT `id`,`app_module`,`name`,`title`,`parent`,`level`,`url`,`is_show`,`sort`,`desc`,`picture`,`is_icon`,`picture_select`,`is_control`,`addon` FROM `gxfc_menu` WHERE  `name` = 'CONFIG_BASIC'  AND `app_module` = 'admin' LIMIT 1 [ RunTime:0.000394s ]
[2022-08-15T15:11:16+08:00][sql] SELECT `site_id`,`app_module`,`config_key`,`value`,`config_desc`,`is_use`,`create_time`,`modify_time` FROM `gxfc_config` WHERE  `site_id` = 0  AND `app_module` = 'admin'  AND `config_key` = 'BASIC_CONFIG' LIMIT 1 [ RunTime:0.000389s ]
[2022-08-15T15:11:19+08:00][sql] CONNECT:[ UseTime:0.000373s ] mysql:host=127.0.0.1;port=3306;dbname=ls_ssl_com;charset=utf8
[2022-08-15T15:11:19+08:00][sql] SELECT `id`,`app_module`,`name`,`title`,`parent`,`level`,`url`,`is_show`,`sort`,`desc`,`picture`,`is_icon`,`picture_select`,`is_control`,`addon` FROM `gxfc_menu` WHERE  `url` = 'admin/Diy/memberindex'  AND `app_module` = 'admin' ORDER BY `level` DESC LIMIT 1 [ RunTime:0.000515s ]
[2022-08-15T15:11:19+08:00][sql] SELECT `id`,`app_module`,`name`,`title`,`parent`,`level`,`url`,`is_show`,`sort`,`desc`,`picture`,`is_icon`,`picture_select`,`is_control`,`addon` FROM `gxfc_menu` WHERE  `name` = 'WEBSITE_MID_MEMBER_INDEX'  AND `app_module` = 'admin' LIMIT 1 [ RunTime:0.000352s ]
[2022-08-15T15:11:19+08:00][sql] SELECT `site_id`,`app_module`,`config_key`,`value`,`config_desc`,`is_use`,`create_time`,`modify_time` FROM `gxfc_config` WHERE  `site_id` = 0  AND `app_module` = 'shop'  AND `config_key` = 'DIY_MEMBER_INDEX_CONFIG_SHOP_0' LIMIT 1 [ RunTime:0.000344s ]
[2022-08-15T15:11:21+08:00][sql] CONNECT:[ UseTime:0.000355s ] mysql:host=127.0.0.1;port=3306;dbname=ls_ssl_com;charset=utf8
[2022-08-15T15:11:21+08:00][sql] SELECT `id`,`app_module`,`name`,`title`,`parent`,`level`,`url`,`is_show`,`sort`,`desc`,`picture`,`is_icon`,`picture_select`,`is_control`,`addon` FROM `gxfc_menu` WHERE  `url` = 'admin/Diy/lists'  AND `app_module` = 'admin' ORDER BY `level` DESC LIMIT 1 [ RunTime:0.000606s ]
[2022-08-15T15:11:21+08:00][sql] SELECT `id`,`app_module`,`name`,`title`,`parent`,`level`,`url`,`is_show`,`sort`,`desc`,`picture`,`is_icon`,`picture_select`,`is_control`,`addon` FROM `gxfc_menu` WHERE  `name` = 'WEBSITE_MID_DIY_LISTS'  AND `app_module` = 'admin' LIMIT 1 [ RunTime:0.000487s ]
[2022-08-15T15:11:21+08:00][sql] CONNECT:[ UseTime:0.000380s ] mysql:host=127.0.0.1;port=3306;dbname=ls_ssl_com;charset=utf8
[2022-08-15T15:11:21+08:00][sql] SELECT COUNT(*) AS think_count FROM `gxfc_site_diy_view` `sdv` LEFT JOIN `gxfc_diy_view_temp` `ndva` ON `sdv`.`name`=`ndva`.`name` WHERE  `sdv`.`site_id` = 0  AND `sdv`.`type` = 'admin'  AND `sdv`.`name` LIKE '%DIY_VIEW_RANDOM_%' ORDER BY INSTR('DIY_VIEW_INDEX', sdv.name) desc, sdv.create_time desc [ RunTime:0.000431s ]
[2022-08-15T15:11:21+08:00][sql] SELECT `sdv`.*,ndva.addon_name as addon_name_temp FROM `gxfc_site_diy_view` `sdv` LEFT JOIN `gxfc_diy_view_temp` `ndva` ON `sdv`.`name`=`ndva`.`name` WHERE  `sdv`.`site_id` = 0  AND `sdv`.`type` = 'admin'  AND `sdv`.`name` LIKE '%DIY_VIEW_RANDOM_%' ORDER BY INSTR('DIY_VIEW_INDEX', sdv.name) desc, sdv.create_time desc LIMIT 0,10 [ RunTime:0.000824s ]
[2022-08-15T15:11:24+08:00][sql] CONNECT:[ UseTime:0.000379s ] mysql:host=127.0.0.1;port=3306;dbname=ls_ssl_com;charset=utf8
[2022-08-15T15:11:24+08:00][sql] SELECT `id`,`app_module`,`name`,`title`,`parent`,`level`,`url`,`is_show`,`sort`,`desc`,`picture`,`is_icon`,`picture_select`,`is_control`,`addon` FROM `gxfc_menu` WHERE  `url` = 'admin/Diy/template'  AND `app_module` = 'admin' ORDER BY `level` DESC LIMIT 1 [ RunTime:0.000489s ]
[2022-08-15T15:11:24+08:00][sql] SELECT `id`,`app_module`,`name`,`title`,`parent`,`level`,`url`,`is_show`,`sort`,`desc`,`picture`,`is_icon`,`picture_select`,`is_control`,`addon` FROM `gxfc_menu` WHERE  `name` = 'WEBSITE_MID_STYLE_TEMPLATE'  AND `app_module` = 'admin' LIMIT 1 [ RunTime:0.000421s ]
[2022-08-15T15:11:24+08:00][sql] CONNECT:[ UseTime:0.000415s ] mysql:host=127.0.0.1;port=3306;dbname=ls_ssl_com;charset=utf8
[2022-08-15T15:11:24+08:00][sql] SELECT COUNT(*) AS think_count FROM `gxfc_div_template` `a` WHERE  `type` = 'DIY_VIEW_INDEX' ORDER BY `id` ASC [ RunTime:0.000359s ]
[2022-08-15T15:11:24+08:00][sql] SELECT * FROM `gxfc_div_template` `a` WHERE  `type` = 'DIY_VIEW_INDEX' ORDER BY `id` ASC LIMIT 0,10 [ RunTime:0.000394s ]
[2022-08-15T15:11:36+08:00][sql] CONNECT:[ UseTime:0.000378s ] mysql:host=127.0.0.1;port=3306;dbname=ls_ssl_com;charset=utf8
[2022-08-15T15:11:36+08:00][sql] SELECT `id`,`app_module`,`name`,`title`,`parent`,`level`,`url`,`is_show`,`sort`,`desc`,`picture`,`is_icon`,`picture_select`,`is_control`,`addon` FROM `gxfc_menu` WHERE  `url` = 'admin/Diy/goodscategory'  AND `app_module` = 'admin' ORDER BY `level` DESC LIMIT 1 [ RunTime:0.000536s ]
[2022-08-15T15:11:36+08:00][sql] SELECT `id`,`app_module`,`name`,`title`,`parent`,`level`,`url`,`is_show`,`sort`,`desc`,`picture`,`is_icon`,`picture_select`,`is_control`,`addon` FROM `gxfc_menu` WHERE  `name` = 'WEBSITE_MID_GOODS_CATEGORY'  AND `app_module` = 'admin' LIMIT 1 [ RunTime:0.000316s ]
[2022-08-15T15:11:36+08:00][sql] SELECT `group_id` FROM `gxfc_shop` WHERE  `site_id` = 0 LIMIT 1 [ RunTime:0.000260s ]
[2022-08-15T15:11:36+08:00][sql] SELECT `addon_array` FROM `gxfc_shop_group` WHERE  `group_id` IS NULL LIMIT 1 [ RunTime:0.000184s ]
[2022-08-15T15:11:36+08:00][sql] SELECT `id`,`name`,`title`,`type`,`controller`,`value`,`addon_name`,`support_diy_view`,`max_count`,`is_delete`,`icon`,`icon_selected` FROM `gxfc_diy_view_util` WHERE  `name` = 'GOODS_CATEGORY' ORDER BY `sort` ASC [ RunTime:0.000346s ]
[2022-08-15T15:11:36+08:00][sql] SELECT `site_id`,`name` FROM `gxfc_site_diy_view` WHERE  `site_id` = 0  AND `name` = 'DIY_VIEW_GOODS_CATEGORY' LIMIT 1 [ RunTime:0.000247s ]
[2022-08-15T15:11:37+08:00][sql] SELECT `sdv`.`id`,`sdv`.`site_id`,`sdv`.`name`,`sdv`.`title`,`sdv`.`value`,`sdv`.`type`,`dvt`.`addon_name` FROM `gxfc_site_diy_view` `sdv` LEFT JOIN `gxfc_diy_view_temp` `dvt` ON `sdv`.`name`=`dvt`.`name` WHERE  `sdv`.`site_id` = 0  AND `sdv`.`name` = 'DIY_VIEW_GOODS_CATEGORY' LIMIT 1 [ RunTime:0.000477s ]
[2022-08-15T15:11:42+08:00][sql] CONNECT:[ UseTime:0.000361s ] mysql:host=127.0.0.1;port=3306;dbname=ls_ssl_com;charset=utf8
[2022-08-15T15:11:42+08:00][sql] SELECT COUNT(*) AS think_count FROM `gxfc_site_diy_view` `sdv` LEFT JOIN `gxfc_diy_view_temp` `ndva` ON `sdv`.`name`=`ndva`.`name` WHERE  `sdv`.`site_id` = 0  AND `sdv`.`type` = 'admin'  AND `sdv`.`name` LIKE '%DIY_VIEW_RANDOM_%' ORDER BY INSTR('DIY_VIEW_INDEX', sdv.name) desc, sdv.create_time desc [ RunTime:0.000543s ]
[2022-08-15T15:11:42+08:00][sql] SELECT `sdv`.*,ndva.addon_name as addon_name_temp FROM `gxfc_site_diy_view` `sdv` LEFT JOIN `gxfc_diy_view_temp` `ndva` ON `sdv`.`name`=`ndva`.`name` WHERE  `sdv`.`site_id` = 0  AND `sdv`.`type` = 'admin'  AND `sdv`.`name` LIKE '%DIY_VIEW_RANDOM_%' ORDER BY INSTR('DIY_VIEW_INDEX', sdv.name) desc, sdv.create_time desc LIMIT 0,10 [ RunTime:0.000908s ]
[2022-08-15T15:11:43+08:00][sql] CONNECT:[ UseTime:0.000350s ] mysql:host=127.0.0.1;port=3306;dbname=ls_ssl_com;charset=utf8
[2022-08-15T15:11:43+08:00][sql] SELECT `id`,`app_module`,`name`,`title`,`parent`,`level`,`url`,`is_show`,`sort`,`desc`,`picture`,`is_icon`,`picture_select`,`is_control`,`addon` FROM `gxfc_menu` WHERE  `url` = 'admin/Diy/bottomnavdesign'  AND `app_module` = 'admin' ORDER BY `level` DESC LIMIT 1 [ RunTime:0.000468s ]
[2022-08-15T15:11:43+08:00][sql] SELECT `id`,`app_module`,`name`,`title`,`parent`,`level`,`url`,`is_show`,`sort`,`desc`,`picture`,`is_icon`,`picture_select`,`is_control`,`addon` FROM `gxfc_menu` WHERE  `name` = 'WEBSITE_MID_DIY_BOTTOM_NAV'  AND `app_module` = 'admin' LIMIT 1 [ RunTime:0.000347s ]
[2022-08-15T15:11:43+08:00][sql] SELECT `site_id`,`app_module`,`config_key`,`value`,`config_desc`,`is_use`,`create_time`,`modify_time` FROM `gxfc_config` WHERE  `site_id` = 0  AND `app_module` = 'admin'  AND `config_key` = 'DIY_VIEW_ADMIN_BOTTOM_NAV_CONFIG' LIMIT 1 [ RunTime:0.000342s ]
[2022-08-15T15:11:45+08:00][sql] CONNECT:[ UseTime:0.000434s ] mysql:host=127.0.0.1;port=3306;dbname=ls_ssl_com;charset=utf8
[2022-08-15T15:11:45+08:00][sql] SELECT COUNT(*) AS think_count FROM `gxfc_site_diy_view` `sdv` LEFT JOIN `gxfc_diy_view_temp` `ndva` ON `sdv`.`name`=`ndva`.`name` WHERE  `sdv`.`site_id` = 0  AND `sdv`.`type` = 'admin'  AND `sdv`.`name` LIKE '%DIY_VIEW_RANDOM_%' ORDER BY INSTR('DIY_VIEW_INDEX', sdv.name) desc, sdv.create_time desc [ RunTime:0.000458s ]
[2022-08-15T15:11:45+08:00][sql] SELECT `sdv`.*,ndva.addon_name as addon_name_temp FROM `gxfc_site_diy_view` `sdv` LEFT JOIN `gxfc_diy_view_temp` `ndva` ON `sdv`.`name`=`ndva`.`name` WHERE  `sdv`.`site_id` = 0  AND `sdv`.`type` = 'admin'  AND `sdv`.`name` LIKE '%DIY_VIEW_RANDOM_%' ORDER BY INSTR('DIY_VIEW_INDEX', sdv.name) desc, sdv.create_time desc LIMIT 0,10 [ RunTime:0.000867s ]
[2022-08-15T15:11:47+08:00][sql] CONNECT:[ UseTime:0.000406s ] mysql:host=127.0.0.1;port=3306;dbname=ls_ssl_com;charset=utf8
[2022-08-15T15:11:47+08:00][sql] SELECT COUNT(*) AS think_count FROM `gxfc_div_template` `a` WHERE  `type` = 'DIY_VIEW_INDEX' ORDER BY `id` ASC [ RunTime:0.000336s ]
[2022-08-15T15:11:47+08:00][sql] SELECT * FROM `gxfc_div_template` `a` WHERE  `type` = 'DIY_VIEW_INDEX' ORDER BY `id` ASC LIMIT 0,10 [ RunTime:0.000362s ]
[2022-08-15T15:11:48+08:00][sql] CONNECT:[ UseTime:0.000359s ] mysql:host=127.0.0.1;port=3306;dbname=ls_ssl_com;charset=utf8
[2022-08-15T15:11:48+08:00][sql] SELECT `id`,`app_module`,`name`,`title`,`parent`,`level`,`url`,`is_show`,`sort`,`desc`,`picture`,`is_icon`,`picture_select`,`is_control`,`addon` FROM `gxfc_menu` WHERE  `url` = 'admin/Config/defaultwords'  AND `app_module` = 'admin' ORDER BY `level` DESC LIMIT 1 [ RunTime:0.000458s ]
[2022-08-15T15:11:48+08:00][sql] SELECT `id`,`app_module`,`name`,`title`,`parent`,`level`,`url`,`is_show`,`sort`,`desc`,`picture`,`is_icon`,`picture_select`,`is_control`,`addon` FROM `gxfc_menu` WHERE  `name` = 'CONFIG_DEFAULT_WORDS'  AND `app_module` = 'admin' LIMIT 1 [ RunTime:0.000343s ]
[2022-08-15T15:11:48+08:00][sql] SELECT `site_id`,`app_module`,`config_key`,`value`,`config_desc`,`is_use`,`create_time`,`modify_time` FROM `gxfc_config` WHERE  `site_id` = 0  AND `app_module` = 'admin'  AND `config_key` = 'GOODS_DEFAULT_SEARCH_WORDS_CONFIG' LIMIT 1 [ RunTime:0.000302s ]
[2022-08-15T15:11:50+08:00][sql] CONNECT:[ UseTime:0.000367s ] mysql:host=127.0.0.1;port=3306;dbname=ls_ssl_com;charset=utf8
[2022-08-15T15:11:50+08:00][sql] SELECT COUNT(*) AS think_count FROM `gxfc_div_template` `a` WHERE  `type` = 'DIY_VIEW_INDEX' ORDER BY `id` ASC [ RunTime:0.000392s ]
[2022-08-15T15:11:50+08:00][sql] SELECT * FROM `gxfc_div_template` `a` WHERE  `type` = 'DIY_VIEW_INDEX' ORDER BY `id` ASC LIMIT 0,10 [ RunTime:0.000353s ]
[2022-08-15T15:11:51+08:00][sql] CONNECT:[ UseTime:0.000376s ] mysql:host=127.0.0.1;port=3306;dbname=ls_ssl_com;charset=utf8
[2022-08-15T15:11:51+08:00][sql] SELECT `id`,`app_module`,`name`,`title`,`parent`,`level`,`url`,`is_show`,`sort`,`desc`,`picture`,`is_icon`,`picture_select`,`is_control`,`addon` FROM `gxfc_menu` WHERE  `url` = 'admin/Diy/style'  AND `app_module` = 'admin' ORDER BY `level` DESC LIMIT 1 [ RunTime:0.000484s ]
[2022-08-15T15:11:51+08:00][sql] SELECT `id`,`app_module`,`name`,`title`,`parent`,`level`,`url`,`is_show`,`sort`,`desc`,`picture`,`is_icon`,`picture_select`,`is_control`,`addon` FROM `gxfc_menu` WHERE  `name` = 'WEBSITE_MID_STYLE_CONFIG'  AND `app_module` = 'admin' LIMIT 1 [ RunTime:0.000328s ]
[2022-08-15T15:11:51+08:00][sql] SELECT `site_id`,`app_module`,`config_key`,`value`,`config_desc`,`is_use`,`create_time`,`modify_time` FROM `gxfc_config` WHERE  `site_id` = 0  AND `app_module` = 'admin'  AND `config_key` = 'SHOP_STYLE_CONFIG' LIMIT 1 [ RunTime:0.000319s ]
[2022-08-15T15:12:02+08:00][sql] CONNECT:[ UseTime:0.006866s ] mysql:host=127.0.0.1;port=3306;dbname=ls_ssl_com;charset=utf8
[2022-08-15T15:12:02+08:00][sql] SELECT COUNT(*) AS think_count FROM `gxfc_site_diy_view` `sdv` LEFT JOIN `gxfc_diy_view_temp` `ndva` ON `sdv`.`name`=`ndva`.`name` WHERE  `sdv`.`site_id` = 0  AND `sdv`.`type` = 'admin'  AND `sdv`.`name` LIKE '%DIY_VIEW_RANDOM_%' ORDER BY INSTR('DIY_VIEW_INDEX', sdv.name) desc, sdv.create_time desc [ RunTime:0.001469s ]
[2022-08-15T15:12:02+08:00][sql] SELECT `sdv`.*,ndva.addon_name as addon_name_temp FROM `gxfc_site_diy_view` `sdv` LEFT JOIN `gxfc_diy_view_temp` `ndva` ON `sdv`.`name`=`ndva`.`name` WHERE  `sdv`.`site_id` = 0  AND `sdv`.`type` = 'admin'  AND `sdv`.`name` LIKE '%DIY_VIEW_RANDOM_%' ORDER BY INSTR('DIY_VIEW_INDEX', sdv.name) desc, sdv.create_time desc LIMIT 0,10 [ RunTime:0.001045s ]
[2022-08-15T15:12:04+08:00][sql] CONNECT:[ UseTime:0.000359s ] mysql:host=127.0.0.1;port=3306;dbname=ls_ssl_com;charset=utf8
[2022-08-15T15:12:04+08:00][sql] SELECT `group_id` FROM `gxfc_shop` WHERE  `site_id` = 0 LIMIT 1 [ RunTime:0.000291s ]
[2022-08-15T15:12:04+08:00][sql] SELECT `addon_array` FROM `gxfc_shop_group` WHERE  `group_id` IS NULL LIMIT 1 [ RunTime:0.000193s ]
[2022-08-15T15:12:04+08:00][sql] SELECT `id`,`name`,`title`,`type`,`controller`,`value`,`addon_name`,`support_diy_view`,`max_count`,`is_delete`,`icon`,`icon_selected` FROM `gxfc_diy_view_util` WHERE  `name` = 'GOODS_CATEGORY' ORDER BY `sort` ASC [ RunTime:0.000282s ]
[2022-08-15T15:12:04+08:00][sql] SELECT `site_id`,`name` FROM `gxfc_site_diy_view` WHERE  `site_id` = 0  AND `name` = 'DIY_VIEW_GOODS_CATEGORY' LIMIT 1 [ RunTime:0.000254s ]
[2022-08-15T15:12:05+08:00][sql] SELECT `sdv`.`id`,`sdv`.`site_id`,`sdv`.`name`,`sdv`.`title`,`sdv`.`value`,`sdv`.`type`,`dvt`.`addon_name` FROM `gxfc_site_diy_view` `sdv` LEFT JOIN `gxfc_diy_view_temp` `dvt` ON `sdv`.`name`=`dvt`.`name` WHERE  `sdv`.`site_id` = 0  AND `sdv`.`name` = 'DIY_VIEW_GOODS_CATEGORY' LIMIT 1 [ RunTime:0.000472s ]
[2022-08-15T15:12:05+08:00][sql] CONNECT:[ UseTime:0.000376s ] mysql:host=127.0.0.1;port=3306;dbname=ls_ssl_com;charset=utf8
[2022-08-15T15:12:05+08:00][sql] SELECT `group_id` FROM `gxfc_shop` WHERE  `site_id` = 0 LIMIT 1 [ RunTime:0.000338s ]
[2022-08-15T15:12:05+08:00][sql] SELECT `addon_array` FROM `gxfc_shop_group` WHERE  `group_id` IS NULL LIMIT 1 [ RunTime:0.000211s ]
[2022-08-15T15:12:05+08:00][sql] SELECT `id`,`name`,`title`,`type`,`controller`,`value`,`addon_name`,`support_diy_view`,`max_count`,`is_delete`,`icon`,`icon_selected` FROM `gxfc_diy_view_util` WHERE  (`support_diy_view` LIKE 'DIY_VIEW_INDEX' OR `support_diy_view` LIKE '%DIY_VIEW_INDEX,%' OR `support_diy_view` LIKE '%DIY_VIEW_INDEX' OR `support_diy_view` LIKE '%,DIY_VIEW_INDEX,%' OR `support_diy_view` LIKE '') ORDER BY `sort` ASC [ RunTime:0.000448s ]
[2022-08-15T15:12:05+08:00][sql] SELECT `site_id`,`name` FROM `gxfc_site_diy_view` WHERE  `site_id` = 0  AND `name` = 'DIY_VIEW_INDEX' LIMIT 1 [ RunTime:0.000281s ]
[2022-08-15T15:12:06+08:00][sql] SELECT `sdv`.`id`,`sdv`.`site_id`,`sdv`.`name`,`sdv`.`title`,`sdv`.`value`,`sdv`.`type`,`dvt`.`addon_name` FROM `gxfc_site_diy_view` `sdv` LEFT JOIN `gxfc_diy_view_temp` `dvt` ON `sdv`.`name`=`dvt`.`name` WHERE  `sdv`.`site_id` = 0  AND `sdv`.`name` = 'DIY_VIEW_INDEX' LIMIT 1 [ RunTime:0.000583s ]
[2022-08-15T15:12:36+08:00][sql] CONNECT:[ UseTime:0.000366s ] mysql:host=127.0.0.1;port=3306;dbname=ls_ssl_com;charset=utf8
[2022-08-15T15:12:36+08:00][sql] SELECT COUNT(*) AS think_count FROM `gxfc_div_template` `a` WHERE  `type` = 'DIY_VIEW_INDEX' ORDER BY `id` ASC [ RunTime:0.000385s ]
[2022-08-15T15:12:36+08:00][sql] SELECT * FROM `gxfc_div_template` `a` WHERE  `type` = 'DIY_VIEW_INDEX' ORDER BY `id` ASC LIMIT 0,10 [ RunTime:0.000334s ]
[2022-08-15T15:12:46+08:00][sql] CONNECT:[ UseTime:0.000394s ] mysql:host=127.0.0.1;port=3306;dbname=ls_ssl_com;charset=utf8
[2022-08-15T15:12:46+08:00][sql] SELECT COUNT(*) AS think_count FROM `gxfc_site_diy_view` `sdv` LEFT JOIN `gxfc_diy_view_temp` `ndva` ON `sdv`.`name`=`ndva`.`name` WHERE  `sdv`.`site_id` = 0  AND `sdv`.`type` = 'admin'  AND `sdv`.`name` LIKE '%DIY_VIEW_RANDOM_%' ORDER BY INSTR('DIY_VIEW_INDEX', sdv.name) desc, sdv.create_time desc [ RunTime:0.000418s ]
[2022-08-15T15:12:46+08:00][sql] SELECT `sdv`.*,ndva.addon_name as addon_name_temp FROM `gxfc_site_diy_view` `sdv` LEFT JOIN `gxfc_diy_view_temp` `ndva` ON `sdv`.`name`=`ndva`.`name` WHERE  `sdv`.`site_id` = 0  AND `sdv`.`type` = 'admin'  AND `sdv`.`name` LIKE '%DIY_VIEW_RANDOM_%' ORDER BY INSTR('DIY_VIEW_INDEX', sdv.name) desc, sdv.create_time desc LIMIT 0,10 [ RunTime:0.000807s ]
[2022-08-15T15:12:49+08:00][sql] CONNECT:[ UseTime:0.005545s ] mysql:host=127.0.0.1;port=3306;dbname=ls_ssl_com;charset=utf8
[2022-08-15T15:12:49+08:00][sql] SELECT `id`,`app_module`,`name`,`title`,`parent`,`level`,`url`,`is_show`,`sort`,`desc`,`picture`,`is_icon`,`picture_select`,`is_control`,`addon` FROM `gxfc_menu` WHERE  `url` = 'admin/Diy/edit'  AND `app_module` = 'admin' ORDER BY `level` DESC LIMIT 1 [ RunTime:0.001065s ]
[2022-08-15T15:12:49+08:00][sql] SELECT `id`,`app_module`,`name`,`title`,`parent`,`level`,`url`,`is_show`,`sort`,`desc`,`picture`,`is_icon`,`picture_select`,`is_control`,`addon` FROM `gxfc_menu` WHERE  `name` = 'WEBSITE_MID_DIY_EDIT'  AND `app_module` = 'admin' LIMIT 1 [ RunTime:0.000364s ]
[2022-08-15T15:12:49+08:00][sql] SELECT `group_id` FROM `gxfc_shop` WHERE  `site_id` = 0 LIMIT 1 [ RunTime:0.000307s ]
[2022-08-15T15:12:49+08:00][sql] SELECT `addon_array` FROM `gxfc_shop_group` WHERE  `group_id` IS NULL LIMIT 1 [ RunTime:0.000204s ]
[2022-08-15T15:12:49+08:00][sql] SELECT `id`,`name`,`title`,`type`,`controller`,`value`,`addon_name`,`support_diy_view`,`max_count`,`is_delete`,`icon`,`icon_selected` FROM `gxfc_diy_view_util` WHERE  (`support_diy_view` LIKE 'DIY_VIEW_INDEX' OR `support_diy_view` LIKE '%DIY_VIEW_INDEX,%' OR `support_diy_view` LIKE '%DIY_VIEW_INDEX' OR `support_diy_view` LIKE '%,DIY_VIEW_INDEX,%' OR `support_diy_view` LIKE '') ORDER BY `sort` ASC [ RunTime:0.000413s ]
[2022-08-15T15:12:49+08:00][sql] SELECT `sdv`.`id`,`sdv`.`site_id`,`sdv`.`name`,`sdv`.`title`,`sdv`.`value`,`sdv`.`type`,`dvt`.`addon_name` FROM `gxfc_site_diy_view` `sdv` LEFT JOIN `gxfc_diy_view_temp` `dvt` ON `sdv`.`name`=`dvt`.`name` WHERE  `sdv`.`site_id` = 0  AND `sdv`.`id` = '7' LIMIT 1 [ RunTime:0.000292s ]
[2022-08-15T15:12:49+08:00][sql] SELECT `site_id`,`name` FROM `gxfc_site_diy_view` WHERE  `site_id` = 0  AND `id` = 7 LIMIT 1 [ RunTime:0.000201s ]
[2022-08-15T15:12:58+08:00][sql] CONNECT:[ UseTime:0.000353s ] mysql:host=127.0.0.1;port=3306;dbname=ls_ssl_com;charset=utf8
[2022-08-15T15:12:58+08:00][sql] SELECT COUNT(*) AS think_count FROM `gxfc_site_diy_view` `sdv` LEFT JOIN `gxfc_diy_view_temp` `ndva` ON `sdv`.`name`=`ndva`.`name` WHERE  `sdv`.`site_id` = 0  AND `sdv`.`type` = 'admin'  AND `sdv`.`name` LIKE '%DIY_VIEW_RANDOM_%' ORDER BY INSTR('DIY_VIEW_INDEX', sdv.name) desc, sdv.create_time desc [ RunTime:0.000441s ]
[2022-08-15T15:12:58+08:00][sql] SELECT `sdv`.*,ndva.addon_name as addon_name_temp FROM `gxfc_site_diy_view` `sdv` LEFT JOIN `gxfc_diy_view_temp` `ndva` ON `sdv`.`name`=`ndva`.`name` WHERE  `sdv`.`site_id` = 0  AND `sdv`.`type` = 'admin'  AND `sdv`.`name` LIKE '%DIY_VIEW_RANDOM_%' ORDER BY INSTR('DIY_VIEW_INDEX', sdv.name) desc, sdv.create_time desc LIMIT 0,10 [ RunTime:0.000852s ]
[2022-08-15T15:13:02+08:00][sql] CONNECT:[ UseTime:0.000458s ] mysql:host=127.0.0.1;port=3306;dbname=ls_ssl_com;charset=utf8
[2022-08-15T15:13:02+08:00][sql] SELECT `group_id` FROM `gxfc_shop` WHERE  `site_id` = 0 LIMIT 1 [ RunTime:0.000326s ]
[2022-08-15T15:13:02+08:00][sql] SELECT `addon_array` FROM `gxfc_shop_group` WHERE  `group_id` IS NULL LIMIT 1 [ RunTime:0.000206s ]
[2022-08-15T15:13:02+08:00][sql] SELECT `id`,`name`,`title`,`type`,`controller`,`value`,`addon_name`,`support_diy_view`,`max_count`,`is_delete`,`icon`,`icon_selected` FROM `gxfc_diy_view_util` WHERE  (`support_diy_view` LIKE 'DIY_VIEW_INDEX' OR `support_diy_view` LIKE '%DIY_VIEW_INDEX,%' OR `support_diy_view` LIKE '%DIY_VIEW_INDEX' OR `support_diy_view` LIKE '%,DIY_VIEW_INDEX,%' OR `support_diy_view` LIKE '') ORDER BY `sort` ASC [ RunTime:0.000467s ]
[2022-08-15T15:13:02+08:00][sql] SELECT `sdv`.`id`,`sdv`.`site_id`,`sdv`.`name`,`sdv`.`title`,`sdv`.`value`,`sdv`.`type`,`dvt`.`addon_name` FROM `gxfc_site_diy_view` `sdv` LEFT JOIN `gxfc_diy_view_temp` `dvt` ON `sdv`.`name`=`dvt`.`name` WHERE  `sdv`.`site_id` = 0  AND `sdv`.`id` = '1' LIMIT 1 [ RunTime:0.000305s ]
[2022-08-15T15:13:02+08:00][sql] SELECT `site_id`,`name` FROM `gxfc_site_diy_view` WHERE  `site_id` = 0  AND `id` = 1 LIMIT 1 [ RunTime:0.000236s ]
[2022-08-15T15:13:18+08:00][sql] CONNECT:[ UseTime:0.000384s ] mysql:host=127.0.0.1;port=3306;dbname=ls_ssl_com;charset=utf8
[2022-08-15T15:13:18+08:00][sql] SELECT `group_id` FROM `gxfc_shop` WHERE  `site_id` = 0 LIMIT 1 [ RunTime:0.000282s ]
[2022-08-15T15:13:18+08:00][sql] SELECT `addon_array` FROM `gxfc_shop_group` WHERE  `group_id` IS NULL LIMIT 1 [ RunTime:0.000202s ]
[2022-08-15T15:13:18+08:00][sql] SELECT `id`,`name`,`title`,`type`,`controller`,`value`,`addon_name`,`support_diy_view`,`max_count`,`is_delete`,`icon`,`icon_selected` FROM `gxfc_diy_view_util` WHERE  `name` = 'GOODS_CATEGORY' ORDER BY `sort` ASC [ RunTime:0.000314s ]
[2022-08-15T15:13:18+08:00][sql] SELECT `site_id`,`name` FROM `gxfc_site_diy_view` WHERE  `site_id` = 0  AND `name` = 'DIY_VIEW_GOODS_CATEGORY' LIMIT 1 [ RunTime:0.000285s ]
[2022-08-15T15:13:18+08:00][sql] SELECT `sdv`.`id`,`sdv`.`site_id`,`sdv`.`name`,`sdv`.`title`,`sdv`.`value`,`sdv`.`type`,`dvt`.`addon_name` FROM `gxfc_site_diy_view` `sdv` LEFT JOIN `gxfc_diy_view_temp` `dvt` ON `sdv`.`name`=`dvt`.`name` WHERE  `sdv`.`site_id` = 0  AND `sdv`.`name` = 'DIY_VIEW_GOODS_CATEGORY' LIMIT 1 [ RunTime:0.000487s ]
[2022-08-15T15:13:20+08:00][sql] CONNECT:[ UseTime:0.000367s ] mysql:host=127.0.0.1;port=3306;dbname=ls_ssl_com;charset=utf8
[2022-08-15T15:13:20+08:00][sql] SELECT `group_id` FROM `gxfc_shop` WHERE  `site_id` = 0 LIMIT 1 [ RunTime:0.000333s ]
[2022-08-15T15:13:20+08:00][sql] SELECT `addon_array` FROM `gxfc_shop_group` WHERE  `group_id` IS NULL LIMIT 1 [ RunTime:0.000212s ]
[2022-08-15T15:13:20+08:00][sql] SELECT `id`,`name`,`title`,`type`,`controller`,`value`,`addon_name`,`support_diy_view`,`max_count`,`is_delete`,`icon`,`icon_selected` FROM `gxfc_diy_view_util` WHERE  (`support_diy_view` LIKE 'DIY_VIEW_INDEX' OR `support_diy_view` LIKE '%DIY_VIEW_INDEX,%' OR `support_diy_view` LIKE '%DIY_VIEW_INDEX' OR `support_diy_view` LIKE '%,DIY_VIEW_INDEX,%' OR `support_diy_view` LIKE '') ORDER BY `sort` ASC [ RunTime:0.000416s ]
[2022-08-15T15:13:20+08:00][sql] SELECT `site_id`,`name` FROM `gxfc_site_diy_view` WHERE  `site_id` = 0  AND `name` = 'DIY_VIEW_INDEX' LIMIT 1 [ RunTime:0.000296s ]
[2022-08-15T15:13:20+08:00][sql] SELECT `sdv`.`id`,`sdv`.`site_id`,`sdv`.`name`,`sdv`.`title`,`sdv`.`value`,`sdv`.`type`,`dvt`.`addon_name` FROM `gxfc_site_diy_view` `sdv` LEFT JOIN `gxfc_diy_view_temp` `dvt` ON `sdv`.`name`=`dvt`.`name` WHERE  `sdv`.`site_id` = 0  AND `sdv`.`name` = 'DIY_VIEW_INDEX' LIMIT 1 [ RunTime:0.000544s ]
[2022-08-15T15:13:31+08:00][sql] CONNECT:[ UseTime:0.000361s ] mysql:host=127.0.0.1;port=3306;dbname=ls_ssl_com;charset=utf8
[2022-08-15T15:13:31+08:00][sql] SELECT `group_id` FROM `gxfc_shop` WHERE  `site_id` = 0 LIMIT 1 [ RunTime:0.000268s ]
[2022-08-15T15:13:31+08:00][sql] SELECT `addon_array` FROM `gxfc_shop_group` WHERE  `group_id` IS NULL LIMIT 1 [ RunTime:0.000183s ]
[2022-08-15T15:13:31+08:00][sql] SELECT `id`,`name`,`title`,`type`,`controller`,`value`,`addon_name`,`support_diy_view`,`max_count`,`is_delete`,`icon`,`icon_selected` FROM `gxfc_diy_view_util` WHERE  (`support_diy_view` LIKE 'DIY_VIEW_INDEX' OR `support_diy_view` LIKE '%DIY_VIEW_INDEX,%' OR `support_diy_view` LIKE '%DIY_VIEW_INDEX' OR `support_diy_view` LIKE '%,DIY_VIEW_INDEX,%' OR `support_diy_view` LIKE '') ORDER BY `sort` ASC [ RunTime:0.000386s ]
[2022-08-15T15:13:31+08:00][sql] SELECT `site_id`,`name` FROM `gxfc_site_diy_view` WHERE  `site_id` = 0  AND `name` = 'DIY_VIEW_INDEX' LIMIT 1 [ RunTime:0.000281s ]
[2022-08-15T15:13:31+08:00][sql] SELECT `sdv`.`id`,`sdv`.`site_id`,`sdv`.`name`,`sdv`.`title`,`sdv`.`value`,`sdv`.`type`,`dvt`.`addon_name` FROM `gxfc_site_diy_view` `sdv` LEFT JOIN `gxfc_diy_view_temp` `dvt` ON `sdv`.`name`=`dvt`.`name` WHERE  `sdv`.`site_id` = 0  AND `sdv`.`name` = 'DIY_VIEW_INDEX' LIMIT 1 [ RunTime:0.000472s ]
[2022-08-15T15:13:41+08:00][sql] CONNECT:[ UseTime:0.000364s ] mysql:host=127.0.0.1;port=3306;dbname=ls_ssl_com;charset=utf8
[2022-08-15T15:13:41+08:00][sql] SELECT SUM(`order_money`) AS think_sum FROM `gxfc_order` WHERE  `order_status` > 0 [ RunTime:0.000341s ]
[2022-08-15T15:13:41+08:00][sql] SELECT `account` FROM `gxfc_website` WHERE  `site_id` = 0 LIMIT 1 [ RunTime:0.000326s ]
[2022-08-15T15:13:41+08:00][sql] SELECT 
                sum(shop_money) as shop_money,
                sum(refund_shop_money) as refund_shop_money,
                sum(commission) as commission,
                sum(platform_money) as platform_money,
                sum(website_commission) as website_commission,
                sum(platform_coupon_money) as platform_coupon_money,
                sum(refund_platform_coupon_money) as refund_platform_coupon_money
                 FROM `gxfc_shop_settlement_period` WHERE  `period_id` > 0 LIMIT 1 [ RunTime:0.000366s ]
[2022-08-15T15:13:41+08:00][sql] SELECT sum(account) as account, sum(account_withdraw) as account_withdraw, sum(account_withdraw_apply) as account_withdraw_apply, sum(shop_baozhrmb) as shop_baozhrmb, sum(shop_open_fee) as shop_open_fee FROM `gxfc_shop` WHERE  `site_id` > 0 LIMIT 1 [ RunTime:0.000272s ]
[2022-08-15T15:13:41+08:00][sql] SELECT 
                sum(balance) as balance, 
                sum(balance_money) as balance_money,
                sum(balance_withdraw_apply) as balance_withdraw_apply, 
                sum(balance_withdraw) as balance_withdraw
                 FROM `gxfc_member` WHERE  `member_id` > 0 LIMIT 1 [ RunTime:0.000280s ]
[2022-08-15T15:13:41+08:00][sql] SELECT sum(account) as account,sum(account_withdraw) as account_withdraw,sum(account_shop) as account_shop,sum(account_order) as account_order FROM `gxfc_website` WHERE  `site_id` > 0 LIMIT 1 [ RunTime:0.000270s ]
[2022-08-15T15:13:41+08:00][sql] SELECT sum(account) as account,sum(account_withdraw) as account_withdraw,sum(account_withdraw_apply) as account_withdraw_apply FROM `gxfc_fenxiao` WHERE  `status` IN (1,-1)  AND `is_delete` = 0 LIMIT 1 [ RunTime:0.000276s ]
[2022-08-15T15:13:41+08:00][sql] SELECT sum(real_goods_money) as real_goods_money FROM `gxfc_fenxiao_order` WHERE  `is_refund` = 0  AND `is_settlement` = 1 LIMIT 1 [ RunTime:0.000227s ]
[2022-08-15T15:13:41+08:00][sql] SELECT 
                sum(supply_money) as supply_money,
                sum(refund_supply_money) as refund_supply_money,
                sum(commission) as commission,
                sum(platform_money) as platform_money,
                sum(website_commission) as website_commission
                 FROM `gxfc_supply_settlement_period` WHERE  `period_id` > 0 LIMIT 1 [ RunTime:0.000258s ]
[2022-08-15T15:13:41+08:00][sql] SELECT sum(account) as account, sum(account_withdraw) as account_withdraw, sum(account_withdraw_apply) as account_withdraw_apply, sum(bond) as bond, sum(open_fee) as open_fee FROM `gxfc_supplier` WHERE  `supplier_site_id` > 0 LIMIT 1 [ RunTime:0.000224s ]
[2022-08-15T15:13:41+08:00][sql] SELECT SUM(`order_money`) AS think_sum FROM `gxfc_supply_order` WHERE  `order_status` > 0 [ RunTime:0.000205s ]
[2022-08-15T15:13:42+08:00][sql] CONNECT:[ UseTime:0.000387s ] mysql:host=127.0.0.1;port=3306;dbname=ls_ssl_com;charset=utf8
[2022-08-15T15:13:42+08:00][sql] SELECT SUM(order_total) as order_total,SUM(shipping_total) as shipping_total,SUM(refund_total) as refund_total,SUM(order_pay_count) as order_pay_count,SUM(goods_pay_count) as goods_pay_count,SUM(shop_money) as shop_money,SUM(platform_money) as platform_money,SUM(collect_shop) as collect_shop,SUM(collect_goods) as collect_goods,SUM(visit_count) as visit_count,SUM(order_count) as order_count,SUM(goods_count) as goods_count,SUM(add_goods_count) as add_goods_count,SUM(member_count) as member_count FROM `gxfc_stat_shop` WHERE  `site_id` = 0  AND `day_time` >= 1660492800 LIMIT 1 [ RunTime:0.000417s ]
[2022-08-15T15:13:42+08:00][sql] CONNECT:[ UseTime:0.000327s ] mysql:host=127.0.0.1;port=3306;dbname=ls_ssl_com;charset=utf8
[2022-08-15T15:13:42+08:00][sql] SELECT `id`,`site_id`,`year`,`month`,`day`,`order_total`,`shipping_total`,`refund_total`,`order_pay_count`,`goods_pay_count`,`shop_money`,`platform_money`,`create_time`,`modify_time`,`collect_shop`,`collect_goods`,`visit_count`,`order_count`,`goods_count`,`add_goods_count`,`day_time`,`member_count` FROM `gxfc_stat_shop` WHERE  `site_id` = 0  AND `day_time` >= 1659974400 [ RunTime:0.000489s ]
[2022-08-15T15:13:43+08:00][sql] CONNECT:[ UseTime:0.000410s ] mysql:host=127.0.0.1;port=3306;dbname=ls_ssl_com;charset=utf8
[2022-08-15T15:13:43+08:00][sql] SELECT * FROM `gxfc_website` WHERE  `site_id` = 0 LIMIT 1 [ RunTime:0.000489s ]
[2022-08-15T15:35:45+08:00][sql] CONNECT:[ UseTime:0.000345s ] mysql:host=127.0.0.1;port=3306;dbname=ls_ssl_com;charset=utf8
[2022-08-15T15:35:45+08:00][sql] SELECT `group_id`,`is_own`,`group_name`,`fee`,`remark` FROM `gxfc_shop_group` WHERE  `is_own` = 0 ORDER BY `is_own` ASC,`fee` ASC [ RunTime:0.000337s ]
[2022-08-15T15:35:45+08:00][sql] SELECT `site_id`,`site_area_name` FROM `gxfc_website` [ RunTime:0.000250s ]
