[2022-08-18T11:21:36+08:00][sql] CONNECT:[ UseTime:0.000410s ] mysql:host=127.0.0.1;port=3306;dbname=ls_ssl_com;charset=utf8
[2022-08-18T11:21:36+08:00][sql] SELECT `uid`,`app_module`,`app_group`,`is_admin`,`site_id`,`group_id`,`group_name`,`username`,`password`,`member_id`,`create_time`,`update_time`,`status`,`login_time`,`login_ip` FROM `gxfc_user` WHERE  `username` = 'admin'  AND `app_module` = 'admin' LIMIT 1 [ RunTime:0.000453s ]
[2022-08-18T11:21:36+08:00][sql] UPDATE `gxfc_user`  SET `login_time` = 1660792896 , `login_ip` = '171.113.165.1'  WHERE  `uid` = 1 [ RunTime:0.007712s ]
[2022-08-18T11:21:36+08:00][sql] INSERT INTO `gxfc_user_log` SET `uid` = 1 , `username` = 'admin' , `site_id` = 0 , `url` = 'admin/Login/login' , `ip` = '171.113.165.1' , `data` = '[]' , `action_name` = '用户登录' , `create_time` = 1660792896 [ RunTime:0.004122s ]
[2022-08-18T11:21:36+08:00][sql] CONNECT:[ UseTime:0.000377s ] mysql:host=127.0.0.1;port=3306;dbname=ls_ssl_com;charset=utf8
[2022-08-18T11:21:36+08:00][sql] SELECT `title`,`logo`,`desc`,`keywords`,`web_status`,`close_reason` FROM `gxfc_website` WHERE  `site_id` = 0 LIMIT 1 [ RunTime:0.000339s ]
[2022-08-18T11:21:36+08:00][sql] SELECT `id`,`site_id`,`year`,`month`,`day`,`order_total`,`shipping_total`,`refund_total`,`order_pay_count`,`goods_pay_count`,`shop_money`,`platform_money`,`create_time`,`modify_time`,`collect_shop`,`collect_goods`,`visit_count`,`order_count`,`goods_count`,`add_goods_count`,`day_time`,`member_count` FROM `gxfc_stat_shop` WHERE  `site_id` = 0  AND `year` = 2022  AND `month` = 8  AND `day` = 18 LIMIT 1 [ RunTime:0.000457s ]
[2022-08-18T11:21:36+08:00][sql] INSERT INTO `gxfc_stat_shop` SET `site_id` = 0 , `year` = 2022 , `month` = 8 , `day` = 18 , `day_time` = 1660752000 [ RunTime:0.004100s ]
[2022-08-18T11:21:36+08:00][sql] SELECT `id`,`site_id`,`year`,`month`,`day`,`order_total`,`shipping_total`,`refund_total`,`order_pay_count`,`goods_pay_count`,`shop_money`,`platform_money`,`create_time`,`modify_time`,`collect_shop`,`collect_goods`,`visit_count`,`order_count`,`goods_count`,`add_goods_count`,`day_time`,`member_count` FROM `gxfc_stat_shop` WHERE  `site_id` = 0  AND `year` = 2022  AND `month` = 8  AND `day` = 18  AND `day_time` = 1660752000 LIMIT 1 [ RunTime:0.000340s ]
[2022-08-18T11:21:36+08:00][sql] SELECT `id`,`site_id`,`year`,`month`,`day`,`order_total`,`shipping_total`,`refund_total`,`order_pay_count`,`goods_pay_count`,`shop_money`,`platform_money`,`create_time`,`modify_time`,`collect_shop`,`collect_goods`,`visit_count`,`order_count`,`goods_count`,`add_goods_count`,`day_time`,`member_count` FROM `gxfc_stat_shop` WHERE  `site_id` = 0  AND `year` = 2022  AND `month` = 8  AND `day` = 18 LIMIT 1 [ RunTime:0.000307s ]
[2022-08-18T11:21:36+08:00][sql] SELECT `id`,`site_id`,`year`,`month`,`day`,`order_total`,`shipping_total`,`refund_total`,`order_pay_count`,`goods_pay_count`,`shop_money`,`platform_money`,`create_time`,`modify_time`,`collect_shop`,`collect_goods`,`visit_count`,`order_count`,`goods_count`,`add_goods_count`,`day_time`,`member_count` FROM `gxfc_stat_shop` WHERE  `site_id` = 0  AND `year` = 2022  AND `month` = 8  AND `day` = 17 LIMIT 1 [ RunTime:0.000291s ]
[2022-08-18T11:21:36+08:00][sql] SELECT `id`,`site_id`,`year`,`month`,`day`,`order_total`,`shipping_total`,`refund_total`,`order_pay_count`,`goods_pay_count`,`shop_money`,`platform_money`,`create_time`,`modify_time`,`collect_shop`,`collect_goods`,`visit_count`,`order_count`,`goods_count`,`add_goods_count`,`day_time`,`member_count` FROM `gxfc_stat_shop` WHERE  `site_id` = 0  AND `year` = 2022  AND `month` = 08  AND `day` = 09 LIMIT 1 [ RunTime:0.000292s ]
[2022-08-18T11:21:36+08:00][sql] SELECT `id`,`site_id`,`year`,`month`,`day`,`order_total`,`shipping_total`,`refund_total`,`order_pay_count`,`goods_pay_count`,`shop_money`,`platform_money`,`create_time`,`modify_time`,`collect_shop`,`collect_goods`,`visit_count`,`order_count`,`goods_count`,`add_goods_count`,`day_time`,`member_count` FROM `gxfc_stat_shop` WHERE  `site_id` = 0  AND `year` = 2022  AND `month` = 08  AND `day` = 10 LIMIT 1 [ RunTime:0.000305s ]
[2022-08-18T11:21:36+08:00][sql] SELECT `id`,`site_id`,`year`,`month`,`day`,`order_total`,`shipping_total`,`refund_total`,`order_pay_count`,`goods_pay_count`,`shop_money`,`platform_money`,`create_time`,`modify_time`,`collect_shop`,`collect_goods`,`visit_count`,`order_count`,`goods_count`,`add_goods_count`,`day_time`,`member_count` FROM `gxfc_stat_shop` WHERE  `site_id` = 0  AND `year` = 2022  AND `month` = 08  AND `day` = 11 LIMIT 1 [ RunTime:0.000316s ]
[2022-08-18T11:21:36+08:00][sql] SELECT `id`,`site_id`,`year`,`month`,`day`,`order_total`,`shipping_total`,`refund_total`,`order_pay_count`,`goods_pay_count`,`shop_money`,`platform_money`,`create_time`,`modify_time`,`collect_shop`,`collect_goods`,`visit_count`,`order_count`,`goods_count`,`add_goods_count`,`day_time`,`member_count` FROM `gxfc_stat_shop` WHERE  `site_id` = 0  AND `year` = 2022  AND `month` = 08  AND `day` = 12 LIMIT 1 [ RunTime:0.000306s ]
[2022-08-18T11:21:36+08:00][sql] SELECT `id`,`site_id`,`year`,`month`,`day`,`order_total`,`shipping_total`,`refund_total`,`order_pay_count`,`goods_pay_count`,`shop_money`,`platform_money`,`create_time`,`modify_time`,`collect_shop`,`collect_goods`,`visit_count`,`order_count`,`goods_count`,`add_goods_count`,`day_time`,`member_count` FROM `gxfc_stat_shop` WHERE  `site_id` = 0  AND `year` = 2022  AND `month` = 08  AND `day` = 13 LIMIT 1 [ RunTime:0.000318s ]
[2022-08-18T11:21:36+08:00][sql] SELECT `id`,`site_id`,`year`,`month`,`day`,`order_total`,`shipping_total`,`refund_total`,`order_pay_count`,`goods_pay_count`,`shop_money`,`platform_money`,`create_time`,`modify_time`,`collect_shop`,`collect_goods`,`visit_count`,`order_count`,`goods_count`,`add_goods_count`,`day_time`,`member_count` FROM `gxfc_stat_shop` WHERE  `site_id` = 0  AND `year` = 2022  AND `month` = 08  AND `day` = 14 LIMIT 1 [ RunTime:0.000289s ]
[2022-08-18T11:21:36+08:00][sql] SELECT `id`,`site_id`,`year`,`month`,`day`,`order_total`,`shipping_total`,`refund_total`,`order_pay_count`,`goods_pay_count`,`shop_money`,`platform_money`,`create_time`,`modify_time`,`collect_shop`,`collect_goods`,`visit_count`,`order_count`,`goods_count`,`add_goods_count`,`day_time`,`member_count` FROM `gxfc_stat_shop` WHERE  `site_id` = 0  AND `year` = 2022  AND `month` = 08  AND `day` = 15 LIMIT 1 [ RunTime:0.000307s ]
[2022-08-18T11:21:36+08:00][sql] SELECT `id`,`site_id`,`year`,`month`,`day`,`order_total`,`shipping_total`,`refund_total`,`order_pay_count`,`goods_pay_count`,`shop_money`,`platform_money`,`create_time`,`modify_time`,`collect_shop`,`collect_goods`,`visit_count`,`order_count`,`goods_count`,`add_goods_count`,`day_time`,`member_count` FROM `gxfc_stat_shop` WHERE  `site_id` = 0  AND `year` = 2022  AND `month` = 08  AND `day` = 16 LIMIT 1 [ RunTime:0.000311s ]
[2022-08-18T11:21:36+08:00][sql] SELECT `id`,`site_id`,`year`,`month`,`day`,`order_total`,`shipping_total`,`refund_total`,`order_pay_count`,`goods_pay_count`,`shop_money`,`platform_money`,`create_time`,`modify_time`,`collect_shop`,`collect_goods`,`visit_count`,`order_count`,`goods_count`,`add_goods_count`,`day_time`,`member_count` FROM `gxfc_stat_shop` WHERE  `site_id` = 0  AND `year` = 2022  AND `month` = 08  AND `day` = 17 LIMIT 1 [ RunTime:0.000293s ]
[2022-08-18T11:21:36+08:00][sql] SELECT `id`,`site_id`,`year`,`month`,`day`,`order_total`,`shipping_total`,`refund_total`,`order_pay_count`,`goods_pay_count`,`shop_money`,`platform_money`,`create_time`,`modify_time`,`collect_shop`,`collect_goods`,`visit_count`,`order_count`,`goods_count`,`add_goods_count`,`day_time`,`member_count` FROM `gxfc_stat_shop` WHERE  `site_id` = 0  AND `year` = 2022  AND `month` = 08  AND `day` = 18 LIMIT 1 [ RunTime:0.000302s ]
[2022-08-18T11:21:36+08:00][sql] SELECT COUNT(*) AS think_count FROM `gxfc_order` WHERE  `order_status` = 0  AND `is_delete` = 0 [ RunTime:0.000233s ]
[2022-08-18T11:21:36+08:00][sql] SELECT COUNT(*) AS think_count FROM `gxfc_order` WHERE  `order_status` = 1  AND `is_delete` = 0 [ RunTime:0.000217s ]
[2022-08-18T11:21:36+08:00][sql] SELECT COUNT(*) AS think_count FROM `gxfc_order_goods` WHERE  `refund_status` NOT IN (0,3) [ RunTime:0.000285s ]
[2022-08-18T11:21:36+08:00][sql] SELECT COUNT(*) AS think_count FROM `gxfc_goods` WHERE  `goods_state` = 1  AND `is_delete` = 0 [ RunTime:0.000252s ]
[2022-08-18T11:21:36+08:00][sql] SELECT COUNT(*) AS think_count FROM `gxfc_goods` WHERE  `goods_state` = 0  AND `is_delete` = 0 [ RunTime:0.000227s ]
[2022-08-18T11:21:36+08:00][sql] SELECT COUNT(`id`) AS think_count FROM `gxfc_fenxiao_withdraw` WHERE  `status` = 1 [ RunTime:0.000197s ]
[2022-08-18T11:21:36+08:00][sql] SELECT COUNT(`apply_id`) AS think_count FROM `gxfc_fenxiao_apply` WHERE  `status` = 1 [ RunTime:0.000205s ]
[2022-08-18T11:21:36+08:00][sql] SELECT COUNT(*) AS think_count FROM `gxfc_order_complain` WHERE  `complain_status` = 1 [ RunTime:0.000201s ]
[2022-08-18T11:21:36+08:00][sql] SELECT SUM(`order_money`) AS think_sum FROM `gxfc_order` [ RunTime:0.000204s ]
[2022-08-18T11:21:36+08:00][sql] SELECT COUNT(*) AS think_count FROM `gxfc_member` [ RunTime:0.000164s ]
[2022-08-18T11:21:36+08:00][sql] SELECT COUNT(*) AS think_count FROM `gxfc_shop_apply` WHERE  `create_time` BETWEEN 1660752000 AND 1660838399 [ RunTime:0.000240s ]
[2022-08-18T11:21:36+08:00][sql] SELECT COUNT(*) AS think_count FROM `gxfc_shop_apply` WHERE  `create_time` BETWEEN 1660665600 AND 1660751999 [ RunTime:0.000195s ]
[2022-08-18T11:21:36+08:00][sql] SELECT COUNT(*) AS think_count FROM `gxfc_shop` WHERE  `create_time` BETWEEN 1660752000 AND 1660838399 [ RunTime:0.000287s ]
[2022-08-18T11:21:36+08:00][sql] SELECT COUNT(*) AS think_count FROM `gxfc_shop` [ RunTime:0.000194s ]
[2022-08-18T11:21:36+08:00][sql] SELECT COUNT(*) AS think_count FROM `gxfc_goods` [ RunTime:0.000158s ]
[2022-08-18T11:21:39+08:00][sql] CONNECT:[ UseTime:0.000365s ] mysql:host=127.0.0.1;port=3306;dbname=ls_ssl_com;charset=utf8
[2022-08-18T11:21:39+08:00][sql] SELECT `name`,`title` FROM `gxfc_addon` WHERE  `name` = '' LIMIT 1 [ RunTime:0.000309s ]
[2022-08-18T11:21:43+08:00][sql] CONNECT:[ UseTime:0.000354s ] mysql:host=127.0.0.1;port=3306;dbname=ls_ssl_com;charset=utf8
[2022-08-18T11:21:43+08:00][sql] SELECT `group_id` FROM `gxfc_shop` WHERE  `site_id` = 0 LIMIT 1 [ RunTime:0.000301s ]
[2022-08-18T11:21:43+08:00][sql] SELECT `addon_array` FROM `gxfc_shop_group` WHERE  `group_id` IS NULL LIMIT 1 [ RunTime:0.000206s ]
[2022-08-18T11:21:43+08:00][sql] SELECT `id`,`name`,`title`,`type`,`controller`,`value`,`addon_name`,`support_diy_view`,`max_count`,`is_delete`,`icon`,`icon_selected` FROM `gxfc_diy_view_util` WHERE  (`support_diy_view` LIKE 'DIY_VIEW_INDEX' OR `support_diy_view` LIKE '%DIY_VIEW_INDEX,%' OR `support_diy_view` LIKE '%DIY_VIEW_INDEX' OR `support_diy_view` LIKE '%,DIY_VIEW_INDEX,%' OR `support_diy_view` LIKE '') ORDER BY `sort` ASC [ RunTime:0.000398s ]
[2022-08-18T11:21:43+08:00][sql] SELECT `site_id`,`name` FROM `gxfc_site_diy_view` WHERE  `site_id` = 0  AND `name` = 'DIY_VIEW_INDEX' LIMIT 1 [ RunTime:0.000248s ]
[2022-08-18T11:21:44+08:00][sql] SELECT `sdv`.`id`,`sdv`.`site_id`,`sdv`.`name`,`sdv`.`title`,`sdv`.`value`,`sdv`.`type`,`dvt`.`addon_name` FROM `gxfc_site_diy_view` `sdv` LEFT JOIN `gxfc_diy_view_temp` `dvt` ON `sdv`.`name`=`dvt`.`name` WHERE  `sdv`.`site_id` = 0  AND `sdv`.`name` = 'DIY_VIEW_INDEX' LIMIT 1 [ RunTime:0.000485s ]
[2022-08-18T11:21:48+08:00][sql] CONNECT:[ UseTime:0.000390s ] mysql:host=127.0.0.1;port=3306;dbname=ls_ssl_com;charset=utf8
[2022-08-18T11:21:48+08:00][sql] SELECT * FROM `gxfc_website` WHERE  `site_id` = 0 LIMIT 1 [ RunTime:0.000508s ]
[2022-08-18T11:24:51+08:00][sql] CONNECT:[ UseTime:0.000482s ] mysql:host=127.0.0.1;port=3306;dbname=ls_ssl_com;charset=utf8
[2022-08-18T11:24:51+08:00][sql] SELECT `id`,`app_module`,`name`,`title`,`parent`,`level`,`url`,`is_show`,`sort`,`desc`,`picture`,`is_icon`,`picture_select`,`is_control`,`addon` FROM `gxfc_menu` WHERE  `url` = 'admin/Diy/index'  AND `app_module` = 'admin' ORDER BY `level` DESC LIMIT 1 [ RunTime:0.000480s ]
[2022-08-18T11:24:51+08:00][sql] SELECT `id`,`app_module`,`name`,`title`,`parent`,`level`,`url`,`is_show`,`sort`,`desc`,`picture`,`is_icon`,`picture_select`,`is_control`,`addon` FROM `gxfc_menu` WHERE  `name` = 'WEBSITE_MID_INDEX'  AND `app_module` = 'admin' LIMIT 1 [ RunTime:0.000329s ]
[2022-08-18T11:24:51+08:00][sql] SELECT `id`,`app_module`,`name`,`title`,`parent`,`level`,`url`,`is_show`,`sort`,`desc`,`picture`,`is_icon`,`picture_select`,`is_control`,`addon` FROM `gxfc_menu` WHERE  `name` = 'WEBSITE_MID_CONFIG'  AND `app_module` = 'admin' LIMIT 1 [ RunTime:0.000302s ]
[2022-08-18T11:24:51+08:00][sql] SELECT `id`,`app_module`,`name`,`title`,`parent`,`level`,`url`,`is_show`,`sort`,`desc`,`picture`,`is_icon`,`picture_select`,`is_control`,`addon` FROM `gxfc_menu` WHERE  `name` = 'APPLET_ROOT'  AND `app_module` = 'admin' LIMIT 1 [ RunTime:0.000297s ]
[2022-08-18T11:24:51+08:00][sql] SELECT `site_id`,`app_module`,`config_key`,`value`,`config_desc`,`is_use`,`create_time`,`modify_time` FROM `gxfc_config` WHERE  `site_id` = 0  AND `app_module` = 'admin'  AND `config_key` = 'COPYRIGHT' LIMIT 1 [ RunTime:0.000300s ]
[2022-08-18T11:24:51+08:00][sql] SELECT `site_id`,`app_module`,`config_key`,`value`,`config_desc`,`is_use`,`create_time`,`modify_time` FROM `gxfc_config` WHERE  `site_id` = 0  AND `app_module` = 'admin'  AND `config_key` = 'DEFAULT_IMAGE' LIMIT 1 [ RunTime:0.000285s ]
[2022-08-18T11:24:51+08:00][sql] SELECT `group_id` FROM `gxfc_shop` WHERE  `site_id` = 0 LIMIT 1 [ RunTime:0.000224s ]
[2022-08-18T11:24:51+08:00][sql] SELECT `addon_array` FROM `gxfc_shop_group` WHERE  `group_id` IS NULL LIMIT 1 [ RunTime:0.000191s ]
[2022-08-18T11:24:51+08:00][sql] SELECT `id`,`name`,`title`,`type`,`controller`,`value`,`addon_name`,`support_diy_view`,`max_count`,`is_delete`,`icon`,`icon_selected` FROM `gxfc_diy_view_util` WHERE  (`support_diy_view` LIKE 'DIY_VIEW_INDEX' OR `support_diy_view` LIKE '%DIY_VIEW_INDEX,%' OR `support_diy_view` LIKE '%DIY_VIEW_INDEX' OR `support_diy_view` LIKE '%,DIY_VIEW_INDEX,%' OR `support_diy_view` LIKE '') ORDER BY `sort` ASC [ RunTime:0.000370s ]
[2022-08-18T11:24:51+08:00][sql] SELECT `site_id`,`name` FROM `gxfc_site_diy_view` WHERE  `site_id` = 0  AND `name` = 'DIY_VIEW_INDEX' LIMIT 1 [ RunTime:0.000247s ]
[2022-08-18T11:24:51+08:00][sql] SELECT `site_id`,`app_module`,`config_key`,`value`,`config_desc`,`is_use`,`create_time`,`modify_time` FROM `gxfc_config` WHERE  `site_id` = 0  AND `app_module` = 'admin'  AND `config_key` = 'H5_DOMAIN_NAME' LIMIT 1 [ RunTime:0.000237s ]
[2022-08-18T11:24:51+08:00][sql] SELECT `site_id`,`app_module`,`config_key`,`value`,`config_desc`,`is_use`,`create_time`,`modify_time` FROM `gxfc_config` WHERE  `site_id` = 0  AND `app_module` = 'admin'  AND `config_key` = 'WEAPP_CONFIG' LIMIT 1 [ RunTime:0.000312s ]
[2022-08-18T11:24:52+08:00][sql] SELECT `site_id`,`app_module`,`config_key`,`value`,`config_desc`,`is_use`,`create_time`,`modify_time` FROM `gxfc_config` WHERE  `site_id` = 0  AND `app_module` = 'admin'  AND `config_key` = 'WECHAT_CONFIG' LIMIT 1 [ RunTime:0.000517s ]
[2022-08-18T11:24:52+08:00][sql] SELECT `sdv`.`id`,`sdv`.`site_id`,`sdv`.`name`,`sdv`.`title`,`sdv`.`value`,`sdv`.`type`,`dvt`.`addon_name` FROM `gxfc_site_diy_view` `sdv` LEFT JOIN `gxfc_diy_view_temp` `dvt` ON `sdv`.`name`=`dvt`.`name` WHERE  `sdv`.`site_id` = 0  AND `sdv`.`name` = 'DIY_VIEW_INDEX' LIMIT 1 [ RunTime:0.000451s ]
[2022-08-18T11:40:00+08:00][sql] CONNECT:[ UseTime:0.000368s ] mysql:host=127.0.0.1;port=3306;dbname=ls_ssl_com;charset=utf8
[2022-08-18T11:40:00+08:00][sql] SELECT `uid`,`app_module`,`app_group`,`is_admin`,`site_id`,`group_id`,`group_name`,`username`,`password`,`member_id`,`create_time`,`update_time`,`status`,`login_time`,`login_ip` FROM `gxfc_user` WHERE  `username` = 'admin'  AND `app_module` = 'admin' LIMIT 1 [ RunTime:0.000443s ]
[2022-08-18T11:40:00+08:00][sql] UPDATE `gxfc_user`  SET `login_time` = 1660794000 , `login_ip` = '171.113.165.1'  WHERE  `uid` = 1 [ RunTime:0.004776s ]
[2022-08-18T11:40:00+08:00][sql] INSERT INTO `gxfc_user_log` SET `uid` = 1 , `username` = 'admin' , `site_id` = 0 , `url` = 'admin/Login/login' , `ip` = '171.113.165.1' , `data` = '[]' , `action_name` = '用户登录' , `create_time` = 1660794000 [ RunTime:0.005345s ]
[2022-08-18T11:40:01+08:00][sql] CONNECT:[ UseTime:0.000509s ] mysql:host=127.0.0.1;port=3306;dbname=ls_ssl_com;charset=utf8
[2022-08-18T11:40:01+08:00][sql] SELECT `id`,`app_module`,`name`,`title`,`parent`,`level`,`url`,`is_show`,`sort`,`desc`,`picture`,`is_icon`,`picture_select`,`is_control`,`addon` FROM `gxfc_menu` WHERE  `url` = 'admin/Index/index'  AND `app_module` = 'admin' ORDER BY `level` DESC LIMIT 1 [ RunTime:0.009542s ]
[2022-08-18T11:40:01+08:00][sql] SELECT `id`,`app_module`,`name`,`title`,`parent`,`level`,`url`,`is_show`,`sort`,`desc`,`picture`,`is_icon`,`picture_select`,`is_control`,`addon` FROM `gxfc_menu` WHERE  `name` = 'INDEX_ROOT'  AND `app_module` = 'admin' LIMIT 1 [ RunTime:0.002108s ]
[2022-08-18T11:40:01+08:00][sql] SELECT `id`,`site_id`,`year`,`month`,`day`,`order_total`,`shipping_total`,`refund_total`,`order_pay_count`,`goods_pay_count`,`shop_money`,`platform_money`,`create_time`,`modify_time`,`collect_shop`,`collect_goods`,`visit_count`,`order_count`,`goods_count`,`add_goods_count`,`day_time`,`member_count` FROM `gxfc_stat_shop` WHERE  `site_id` = 0  AND `year` = 2022  AND `month` = 8  AND `day` = 18 LIMIT 1 [ RunTime:0.000549s ]
[2022-08-18T11:40:01+08:00][sql] SELECT `id`,`site_id`,`year`,`month`,`day`,`order_total`,`shipping_total`,`refund_total`,`order_pay_count`,`goods_pay_count`,`shop_money`,`platform_money`,`create_time`,`modify_time`,`collect_shop`,`collect_goods`,`visit_count`,`order_count`,`goods_count`,`add_goods_count`,`day_time`,`member_count` FROM `gxfc_stat_shop` WHERE  `site_id` = 0  AND `year` = 2022  AND `month` = 8  AND `day` = 18 LIMIT 1 [ RunTime:0.000432s ]
[2022-08-18T11:40:01+08:00][sql] SELECT `id`,`site_id`,`year`,`month`,`day`,`order_total`,`shipping_total`,`refund_total`,`order_pay_count`,`goods_pay_count`,`shop_money`,`platform_money`,`create_time`,`modify_time`,`collect_shop`,`collect_goods`,`visit_count`,`order_count`,`goods_count`,`add_goods_count`,`day_time`,`member_count` FROM `gxfc_stat_shop` WHERE  `site_id` = 0  AND `year` = 2022  AND `month` = 8  AND `day` = 17 LIMIT 1 [ RunTime:0.000353s ]
[2022-08-18T11:40:01+08:00][sql] SELECT `id`,`site_id`,`year`,`month`,`day`,`order_total`,`shipping_total`,`refund_total`,`order_pay_count`,`goods_pay_count`,`shop_money`,`platform_money`,`create_time`,`modify_time`,`collect_shop`,`collect_goods`,`visit_count`,`order_count`,`goods_count`,`add_goods_count`,`day_time`,`member_count` FROM `gxfc_stat_shop` WHERE  `site_id` = 0  AND `year` = 2022  AND `month` = 08  AND `day` = 09 LIMIT 1 [ RunTime:0.000336s ]
[2022-08-18T11:40:01+08:00][sql] SELECT `id`,`site_id`,`year`,`month`,`day`,`order_total`,`shipping_total`,`refund_total`,`order_pay_count`,`goods_pay_count`,`shop_money`,`platform_money`,`create_time`,`modify_time`,`collect_shop`,`collect_goods`,`visit_count`,`order_count`,`goods_count`,`add_goods_count`,`day_time`,`member_count` FROM `gxfc_stat_shop` WHERE  `site_id` = 0  AND `year` = 2022  AND `month` = 08  AND `day` = 10 LIMIT 1 [ RunTime:0.000326s ]
[2022-08-18T11:40:01+08:00][sql] SELECT `id`,`site_id`,`year`,`month`,`day`,`order_total`,`shipping_total`,`refund_total`,`order_pay_count`,`goods_pay_count`,`shop_money`,`platform_money`,`create_time`,`modify_time`,`collect_shop`,`collect_goods`,`visit_count`,`order_count`,`goods_count`,`add_goods_count`,`day_time`,`member_count` FROM `gxfc_stat_shop` WHERE  `site_id` = 0  AND `year` = 2022  AND `month` = 08  AND `day` = 11 LIMIT 1 [ RunTime:0.000509s ]
[2022-08-18T11:40:01+08:00][sql] SELECT `id`,`site_id`,`year`,`month`,`day`,`order_total`,`shipping_total`,`refund_total`,`order_pay_count`,`goods_pay_count`,`shop_money`,`platform_money`,`create_time`,`modify_time`,`collect_shop`,`collect_goods`,`visit_count`,`order_count`,`goods_count`,`add_goods_count`,`day_time`,`member_count` FROM `gxfc_stat_shop` WHERE  `site_id` = 0  AND `year` = 2022  AND `month` = 08  AND `day` = 12 LIMIT 1 [ RunTime:0.000457s ]
[2022-08-18T11:40:01+08:00][sql] SELECT `id`,`site_id`,`year`,`month`,`day`,`order_total`,`shipping_total`,`refund_total`,`order_pay_count`,`goods_pay_count`,`shop_money`,`platform_money`,`create_time`,`modify_time`,`collect_shop`,`collect_goods`,`visit_count`,`order_count`,`goods_count`,`add_goods_count`,`day_time`,`member_count` FROM `gxfc_stat_shop` WHERE  `site_id` = 0  AND `year` = 2022  AND `month` = 08  AND `day` = 13 LIMIT 1 [ RunTime:0.000434s ]
[2022-08-18T11:40:01+08:00][sql] SELECT `id`,`site_id`,`year`,`month`,`day`,`order_total`,`shipping_total`,`refund_total`,`order_pay_count`,`goods_pay_count`,`shop_money`,`platform_money`,`create_time`,`modify_time`,`collect_shop`,`collect_goods`,`visit_count`,`order_count`,`goods_count`,`add_goods_count`,`day_time`,`member_count` FROM `gxfc_stat_shop` WHERE  `site_id` = 0  AND `year` = 2022  AND `month` = 08  AND `day` = 14 LIMIT 1 [ RunTime:0.000385s ]
[2022-08-18T11:40:01+08:00][sql] SELECT `id`,`site_id`,`year`,`month`,`day`,`order_total`,`shipping_total`,`refund_total`,`order_pay_count`,`goods_pay_count`,`shop_money`,`platform_money`,`create_time`,`modify_time`,`collect_shop`,`collect_goods`,`visit_count`,`order_count`,`goods_count`,`add_goods_count`,`day_time`,`member_count` FROM `gxfc_stat_shop` WHERE  `site_id` = 0  AND `year` = 2022  AND `month` = 08  AND `day` = 15 LIMIT 1 [ RunTime:0.000368s ]
[2022-08-18T11:40:01+08:00][sql] SELECT `id`,`site_id`,`year`,`month`,`day`,`order_total`,`shipping_total`,`refund_total`,`order_pay_count`,`goods_pay_count`,`shop_money`,`platform_money`,`create_time`,`modify_time`,`collect_shop`,`collect_goods`,`visit_count`,`order_count`,`goods_count`,`add_goods_count`,`day_time`,`member_count` FROM `gxfc_stat_shop` WHERE  `site_id` = 0  AND `year` = 2022  AND `month` = 08  AND `day` = 16 LIMIT 1 [ RunTime:0.000405s ]
[2022-08-18T11:40:01+08:00][sql] SELECT `id`,`site_id`,`year`,`month`,`day`,`order_total`,`shipping_total`,`refund_total`,`order_pay_count`,`goods_pay_count`,`shop_money`,`platform_money`,`create_time`,`modify_time`,`collect_shop`,`collect_goods`,`visit_count`,`order_count`,`goods_count`,`add_goods_count`,`day_time`,`member_count` FROM `gxfc_stat_shop` WHERE  `site_id` = 0  AND `year` = 2022  AND `month` = 08  AND `day` = 17 LIMIT 1 [ RunTime:0.000523s ]
[2022-08-18T11:40:01+08:00][sql] SELECT `id`,`site_id`,`year`,`month`,`day`,`order_total`,`shipping_total`,`refund_total`,`order_pay_count`,`goods_pay_count`,`shop_money`,`platform_money`,`create_time`,`modify_time`,`collect_shop`,`collect_goods`,`visit_count`,`order_count`,`goods_count`,`add_goods_count`,`day_time`,`member_count` FROM `gxfc_stat_shop` WHERE  `site_id` = 0  AND `year` = 2022  AND `month` = 08  AND `day` = 18 LIMIT 1 [ RunTime:0.000635s ]
[2022-08-18T11:40:01+08:00][sql] SELECT COUNT(*) AS think_count FROM `gxfc_order` WHERE  `order_status` = 0  AND `is_delete` = 0 [ RunTime:0.000449s ]
[2022-08-18T11:40:01+08:00][sql] SELECT COUNT(*) AS think_count FROM `gxfc_order` WHERE  `order_status` = 1  AND `is_delete` = 0 [ RunTime:0.000398s ]
[2022-08-18T11:40:01+08:00][sql] SELECT COUNT(*) AS think_count FROM `gxfc_order_goods` WHERE  `refund_status` NOT IN (0,3) [ RunTime:0.000298s ]
[2022-08-18T11:40:01+08:00][sql] SELECT COUNT(*) AS think_count FROM `gxfc_goods` WHERE  `goods_state` = 1  AND `is_delete` = 0 [ RunTime:0.000516s ]
[2022-08-18T11:40:01+08:00][sql] SELECT COUNT(*) AS think_count FROM `gxfc_goods` WHERE  `goods_state` = 0  AND `is_delete` = 0 [ RunTime:0.000317s ]
[2022-08-18T11:40:01+08:00][sql] SELECT COUNT(`id`) AS think_count FROM `gxfc_fenxiao_withdraw` WHERE  `status` = 1 [ RunTime:0.000374s ]
[2022-08-18T11:40:01+08:00][sql] SELECT COUNT(`apply_id`) AS think_count FROM `gxfc_fenxiao_apply` WHERE  `status` = 1 [ RunTime:0.000287s ]
[2022-08-18T11:40:01+08:00][sql] SELECT COUNT(*) AS think_count FROM `gxfc_order_complain` WHERE  `complain_status` = 1 [ RunTime:0.000242s ]
[2022-08-18T11:40:01+08:00][sql] SELECT SUM(`order_money`) AS think_sum FROM `gxfc_order` [ RunTime:0.000358s ]
[2022-08-18T11:40:01+08:00][sql] SELECT COUNT(*) AS think_count FROM `gxfc_member` [ RunTime:0.000319s ]
[2022-08-18T11:40:01+08:00][sql] SELECT COUNT(*) AS think_count FROM `gxfc_shop_apply` WHERE  `create_time` BETWEEN 1660752000 AND 1660838399 [ RunTime:0.000311s ]
[2022-08-18T11:40:01+08:00][sql] SELECT COUNT(*) AS think_count FROM `gxfc_shop_apply` WHERE  `create_time` BETWEEN 1660665600 AND 1660751999 [ RunTime:0.000321s ]
[2022-08-18T11:40:01+08:00][sql] SELECT COUNT(*) AS think_count FROM `gxfc_shop` WHERE  `create_time` BETWEEN 1660752000 AND 1660838399 [ RunTime:0.000311s ]
[2022-08-18T11:40:01+08:00][sql] SELECT COUNT(*) AS think_count FROM `gxfc_shop` [ RunTime:0.000236s ]
[2022-08-18T11:40:01+08:00][sql] SELECT COUNT(*) AS think_count FROM `gxfc_goods` [ RunTime:0.000243s ]
[2022-08-18T11:40:12+08:00][sql] CONNECT:[ UseTime:0.000404s ] mysql:host=127.0.0.1;port=3306;dbname=ls_ssl_com;charset=utf8
[2022-08-18T11:40:12+08:00][sql] SELECT `group_id` FROM `gxfc_shop` WHERE  `site_id` = 0 LIMIT 1 [ RunTime:0.000299s ]
[2022-08-18T11:40:12+08:00][sql] SELECT `addon_array` FROM `gxfc_shop_group` WHERE  `group_id` IS NULL LIMIT 1 [ RunTime:0.000219s ]
[2022-08-18T11:40:12+08:00][sql] SELECT `id`,`name`,`title`,`type`,`controller`,`value`,`addon_name`,`support_diy_view`,`max_count`,`is_delete`,`icon`,`icon_selected` FROM `gxfc_diy_view_util` WHERE  (`support_diy_view` LIKE 'DIY_VIEW_INDEX' OR `support_diy_view` LIKE '%DIY_VIEW_INDEX,%' OR `support_diy_view` LIKE '%DIY_VIEW_INDEX' OR `support_diy_view` LIKE '%,DIY_VIEW_INDEX,%' OR `support_diy_view` LIKE '') ORDER BY `sort` ASC [ RunTime:0.000505s ]
[2022-08-18T11:40:12+08:00][sql] SELECT `site_id`,`name` FROM `gxfc_site_diy_view` WHERE  `site_id` = 0  AND `name` = 'DIY_VIEW_INDEX' LIMIT 1 [ RunTime:0.000286s ]
[2022-08-18T11:40:12+08:00][sql] SELECT `site_id`,`app_module`,`config_key`,`value`,`config_desc`,`is_use`,`create_time`,`modify_time` FROM `gxfc_config` WHERE  `site_id` = 0  AND `app_module` = 'admin'  AND `config_key` = 'H5_DOMAIN_NAME' LIMIT 1 [ RunTime:0.000259s ]
[2022-08-18T11:40:12+08:00][sql] SELECT `site_id`,`app_module`,`config_key`,`value`,`config_desc`,`is_use`,`create_time`,`modify_time` FROM `gxfc_config` WHERE  `site_id` = 0  AND `app_module` = 'admin'  AND `config_key` = 'WEAPP_CONFIG' LIMIT 1 [ RunTime:0.000271s ]
[2022-08-18T11:40:13+08:00][sql] SELECT `site_id`,`app_module`,`config_key`,`value`,`config_desc`,`is_use`,`create_time`,`modify_time` FROM `gxfc_config` WHERE  `site_id` = 0  AND `app_module` = 'admin'  AND `config_key` = 'WECHAT_CONFIG' LIMIT 1 [ RunTime:0.000466s ]
[2022-08-18T11:40:13+08:00][sql] SELECT `sdv`.`id`,`sdv`.`site_id`,`sdv`.`name`,`sdv`.`title`,`sdv`.`value`,`sdv`.`type`,`dvt`.`addon_name` FROM `gxfc_site_diy_view` `sdv` LEFT JOIN `gxfc_diy_view_temp` `dvt` ON `sdv`.`name`=`dvt`.`name` WHERE  `sdv`.`site_id` = 0  AND `sdv`.`name` = 'DIY_VIEW_INDEX' LIMIT 1 [ RunTime:0.000551s ]
[2022-08-18T11:40:15+08:00][sql] CONNECT:[ UseTime:0.000358s ] mysql:host=127.0.0.1;port=3306;dbname=ls_ssl_com;charset=utf8
[2022-08-18T11:40:15+08:00][sql] SELECT `id`,`app_module`,`name`,`title`,`parent`,`level`,`url`,`is_show`,`sort`,`desc`,`picture`,`is_icon`,`picture_select`,`is_control`,`addon` FROM `gxfc_menu` WHERE  `url` = 'admin/Diy/memberindex'  AND `app_module` = 'admin' ORDER BY `level` DESC LIMIT 1 [ RunTime:0.000485s ]
[2022-08-18T11:40:15+08:00][sql] SELECT `id`,`app_module`,`name`,`title`,`parent`,`level`,`url`,`is_show`,`sort`,`desc`,`picture`,`is_icon`,`picture_select`,`is_control`,`addon` FROM `gxfc_menu` WHERE  `name` = 'WEBSITE_MID_MEMBER_INDEX'  AND `app_module` = 'admin' LIMIT 1 [ RunTime:0.000343s ]
[2022-08-18T11:40:21+08:00][sql] CONNECT:[ UseTime:0.000372s ] mysql:host=127.0.0.1;port=3306;dbname=ls_ssl_com;charset=utf8
[2022-08-18T11:40:21+08:00][sql] SELECT * FROM `gxfc_link` WHERE  `parent` = '' ORDER BY `sort` ASC [ RunTime:0.000419s ]
[2022-08-18T11:40:21+08:00][sql] SELECT * FROM `gxfc_link` WHERE  `parent` = 'MALL_PAGE' ORDER BY `sort` ASC [ RunTime:0.000352s ]
[2022-08-18T11:40:21+08:00][sql] SELECT * FROM `gxfc_link` WHERE  `parent` = 'COMMODITY' ORDER BY `sort` ASC [ RunTime:0.000334s ]
[2022-08-18T11:40:21+08:00][sql] SELECT * FROM `gxfc_link` WHERE  `parent` = 'CUSTOM_LINK' ORDER BY `sort` ASC [ RunTime:0.000286s ]
[2022-08-18T11:40:21+08:00][sql] SELECT * FROM `gxfc_link` WHERE  `parent` = 'GAME' ORDER BY `sort` ASC [ RunTime:0.000274s ]
[2022-08-18T11:40:21+08:00][sql] SELECT `category_id`,`category_name`,`short_name`,`pid`,`level`,`is_show`,`sort`,`image`,`attr_class_name`,`category_id_1`,`category_id_2`,`category_id_3`,`commission_rate`,`supply_commission_rate` FROM `gxfc_goods_category` ORDER BY `sort` ASC [ RunTime:0.000311s ]
[2022-08-18T11:40:21+08:00][sql] CONNECT:[ UseTime:0.000359s ] mysql:host=127.0.0.1;port=3306;dbname=ls_ssl_com;charset=utf8
[2022-08-18T11:40:21+08:00][sql] SELECT * FROM `gxfc_link` WHERE  `parent` = 'MALL_LINK'  AND (`support_diy_view` LIKE '' OR `support_diy_view` LIKE '') ORDER BY `sort` ASC [ RunTime:0.000479s ]
[2022-08-18T11:40:21+08:00][sql] SELECT * FROM `gxfc_link` WHERE  `parent` = 'BASICS_LINK'  AND (`support_diy_view` LIKE '' OR `support_diy_view` LIKE '') ORDER BY `sort` ASC [ RunTime:0.000442s ]
[2022-08-18T11:40:21+08:00][sql] SELECT * FROM `gxfc_link` WHERE  `parent` = 'SHOP_LINK'  AND (`support_diy_view` LIKE '' OR `support_diy_view` LIKE '') ORDER BY `sort` ASC [ RunTime:0.000356s ]
[2022-08-18T11:40:21+08:00][sql] SELECT * FROM `gxfc_link` WHERE  `parent` = 'MEMBER'  AND (`support_diy_view` LIKE '' OR `support_diy_view` LIKE '') ORDER BY `sort` ASC [ RunTime:0.000349s ]
[2022-08-18T11:40:21+08:00][sql] SELECT * FROM `gxfc_link` WHERE  `parent` = 'DISTRIBUTION'  AND (`support_diy_view` LIKE '' OR `support_diy_view` LIKE '') ORDER BY `sort` ASC [ RunTime:0.000306s ]
[2022-08-18T11:40:42+08:00][sql] CONNECT:[ UseTime:0.000358s ] mysql:host=127.0.0.1;port=3306;dbname=ls_ssl_com;charset=utf8
[2022-08-18T11:40:42+08:00][sql] SELECT `id`,`app_module`,`name`,`title`,`parent`,`level`,`url`,`is_show`,`sort`,`desc`,`picture`,`is_icon`,`picture_select`,`is_control`,`addon` FROM `gxfc_menu` WHERE  `url` = 'admin/Promotion/config'  AND `app_module` = 'admin' ORDER BY `level` DESC LIMIT 1 [ RunTime:0.000478s ]
[2022-08-18T11:40:42+08:00][sql] SELECT `id`,`app_module`,`name`,`title`,`parent`,`level`,`url`,`is_show`,`sort`,`desc`,`picture`,`is_icon`,`picture_select`,`is_control`,`addon` FROM `gxfc_menu` WHERE  `name` = 'PROMOTION_CONFIG'  AND `app_module` = 'admin' LIMIT 1 [ RunTime:0.000348s ]
[2022-08-18T11:40:42+08:00][sql] SELECT `id`,`app_module`,`name`,`title`,`parent`,`level`,`url`,`is_show`,`sort`,`desc`,`picture`,`is_icon`,`picture_select`,`is_control`,`addon` FROM `gxfc_menu` WHERE  `name` = 'PROMOTION_ROOT'  AND `app_module` = 'admin' LIMIT 1 [ RunTime:0.000373s ]
[2022-08-18T11:40:42+08:00][sql] SELECT `name`,`title` FROM `gxfc_addon` WHERE  `name` = '' LIMIT 1 [ RunTime:0.000263s ]
