[2022-11-23T11:13:09+08:00][sql] CONNECT:[ UseTime:0.000420s ] mysql:host=127.0.0.1;port=3306;dbname=hunqin;charset=utf8
[2022-11-23T11:13:09+08:00][sql] SHOW FULL COLUMNS FROM `gxfc_config` [ RunTime:0.000728s ]
[2022-11-23T11:13:09+08:00][sql] SELECT `site_id`,`app_module`,`config_key`,`value`,`config_desc`,`is_use`,`create_time`,`modify_time` FROM `gxfc_config` WHERE  `site_id` = 0  AND `app_module` = 'admin'  AND `config_key` = 'ALI_PAY_CONFIG' LIMIT 1 [ RunTime:0.000390s ]
[2022-11-23T11:13:09+08:00][sql] SHOW FULL COLUMNS FROM `gxfc_pay` [ RunTime:0.000747s ]
[2022-11-23T11:13:09+08:00][sql] SELECT `id`,`site_id`,`out_trade_no`,`pay_type`,`trade_no`,`pay_no`,`pay_body`,`pay_detail`,`pay_money`,`pay_addon`,`pay_voucher`,`pay_status`,`return_url`,`event`,`mch_info`,`create_time`,`pay_time` FROM `gxfc_pay` WHERE  `out_trade_no` = '20221123111323810001' LIMIT 1 [ RunTime:0.000394s ]
[2022-11-23T11:13:09+08:00][sql] UPDATE `gxfc_pay`  SET `trade_no` = '4200001635202211235749462639' , `pay_type` = 'wechatpay' , `pay_addon` = 'wechatpay' , `pay_time` = 1669173189 , `pay_status` = 2  WHERE  `out_trade_no` = '20221123111323810001' [ RunTime:0.009198s ]
[2022-11-23T11:13:09+08:00][sql] SHOW FULL COLUMNS FROM `gxfc_order` [ RunTime:0.001093s ]
[2022-11-23T11:13:09+08:00][sql] SELECT * FROM `gxfc_order` WHERE  `out_trade_no` = '20221123111323810001' [ RunTime:0.000927s ]
[2022-11-23T11:13:09+08:00][sql] UPDATE `gxfc_order`  SET `pay_status` = 1 , `pay_time` = 1669173189 , `is_enable_refund` = 1 , `pay_type` = 'wechatpay' , `pay_type_name` = '微信支付' , `order_status` = 3 , `order_status_name` = '待核销' , `order_status_action` = '{\"status\":3,\"name\":\"\\u5f85\\u6838\\u9500\",\"is_allow_refund\":1,\"icon\":\"upload\\/uniapp\\/order\\/order-icon-close.png\",\"action\":[],\"member_action\":[],\"color\":\"\"}'  WHERE  `order_id` = 2072 [ RunTime:0.000517s ]
[2022-11-23T11:13:09+08:00][sql] SELECT `order_no`,`site_id`,`site_name`,`member_id`,`order_type`,`sign_time`,`order_status`,`delivery_code`,`create_time`,`name`,`pay_time`,`pay_money`,`mobile`,`is_lock`,`order_money` FROM `gxfc_order` WHERE  `order_id` = 2072 LIMIT 1 [ RunTime:0.000295s ]
[2022-11-23T11:13:09+08:00][sql] SHOW FULL COLUMNS FROM `gxfc_order_goods` [ RunTime:0.000669s ]
[2022-11-23T11:13:09+08:00][sql] SELECT `sku_id`,`sku_name`,`sku_image`,`price`,`num`,`order_goods_id` FROM `gxfc_order_goods` WHERE  `order_id` = 2072 LIMIT 1 [ RunTime:0.001177s ]
[2022-11-23T11:13:09+08:00][sql] SHOW FULL COLUMNS FROM `gxfc_verify` [ RunTime:0.000478s ]
[2022-11-23T11:13:09+08:00][sql] INSERT INTO `gxfc_verify` SET `site_id` = 1 , `site_name` = '全民' , `verify_code` = '20221123111300001' , `verify_type` = 'virtualgoods' , `verify_type_name` = '虚拟商品' , `verify_content_json` = '{\"item_array\":[{\"img\":\"upload\\/1\\/common\\/images\\/20221117\\/20221117032025166866962578849.png\",\"name\":\"租宝马 1天\",\"price\":\"0.01\",\"num\":1,\"order_goods_id\":2104,\"remark_array\":[{\"title\":\"联系人\",\"value\":\"18271963152\"}]}],\"remark_array\":[{\"title\":\"订单金额\",\"value\":\"0.02\"},{\"title\":\"订单编号\",\"value\":\"20221123111323810001\"},{\"title\":\"创建时间\",\"value\":\"2022-11-23 11:13:03\"},{\"title\":\"付款时间\",\"value\":\"2022-11-23 11:13:09\"}]}' , `create_time` = 1669173189 , `relate_id` = 0 [ RunTime:0.000302s ]
[2022-11-23T11:13:09+08:00][sql] UPDATE `gxfc_order`  SET `virtual_code` = '20221123111300001'  WHERE  `order_id` = 2072 [ RunTime:0.000554s ]
[2022-11-23T11:13:09+08:00][sql] SHOW FULL COLUMNS FROM `gxfc_goods_virtual` [ RunTime:0.000591s ]
[2022-11-23T11:13:09+08:00][sql] INSERT INTO `gxfc_goods_virtual` SET `site_id` = 1 , `order_id` = 2072 , `order_no` = '20221123111323810001' , `sku_id` = 1106 , `sku_name` = '租宝马 1天' , `code` = '20221123111300001' , `member_id` = 2381 , `sku_image` = 'upload/1/common/images/20221117/20221117032025166866962578849.png' [ RunTime:0.000290s ]
[2022-11-23T11:13:09+08:00][sql] SHOW FULL COLUMNS FROM `gxfc_member` [ RunTime:0.000857s ]
[2022-11-23T11:13:09+08:00][sql] UPDATE `gxfc_member`  SET `order_money` = `order_money` + 0.02  WHERE  `member_id` = 2381 [ RunTime:0.000372s ]
[2022-11-23T11:13:09+08:00][sql] UPDATE `gxfc_member`  SET `order_num` = `order_num` + 1  WHERE  `member_id` = 2381 [ RunTime:0.000286s ]
[2022-11-23T11:13:09+08:00][sql] SELECT `sku_id`,`num` FROM `gxfc_order_goods` WHERE  `order_id` = 2072 [ RunTime:0.000876s ]
[2022-11-23T11:13:09+08:00][sql] SHOW FULL COLUMNS FROM `gxfc_goods_sku` [ RunTime:0.000838s ]
[2022-11-23T11:13:09+08:00][sql] UPDATE `gxfc_goods_sku`  SET `sale_num` = `sale_num` + 1  WHERE  `sku_id` = 1106 [ RunTime:0.000343s ]
[2022-11-23T11:13:09+08:00][sql] SELECT `goods_id` FROM `gxfc_goods_sku` WHERE  `sku_id` = 1106 LIMIT 1 [ RunTime:0.000224s ]
[2022-11-23T11:13:09+08:00][sql] SHOW FULL COLUMNS FROM `gxfc_goods` [ RunTime:0.000672s ]
[2022-11-23T11:13:09+08:00][sql] UPDATE `gxfc_goods`  SET `sale_num` = `sale_num` + 1  WHERE  `goods_id` = 191 [ RunTime:0.000292s ]
[2022-11-23T11:13:09+08:00][sql] UPDATE `gxfc_order_goods`  SET `refund_status_action` = '{\"status\":0,\"name\":\"\",\"action\":[],\"member_action\":[{\"event\":\"orderRefundApply\",\"title\":\"申请维权\",\"color\":\"\"}]}'  WHERE  `order_id` = 2072 [ RunTime:0.003497s ]
[2022-11-23T11:13:09+08:00][sql] SHOW FULL COLUMNS FROM `gxfc_order_log` [ RunTime:0.000508s ]
[2022-11-23T11:13:09+08:00][sql] INSERT INTO `gxfc_order_log` SET `uid` = 2381 , `nick_name` = '' , `module` = 'member' , `action` = '订单支付' , `order_status` = 1 , `order_status_name` = '待发货' , `action_way` = 'orderPay' , `order_id` = 2072 , `action_time` = 1669173189 [ RunTime:0.000272s ]
[2022-11-23T11:13:09+08:00][sql] SELECT `member_id`,`promotion_money`,`coupon_money`,`goods_money`,`delivery_money`,`adjust_money`,`dj_money`,`order_money`,`platform_coupon_money`,`is_lease`,`earnest_money` FROM `gxfc_order` WHERE  `order_id` = 2072 LIMIT 1 [ RunTime:0.000317s ]
[2022-11-23T11:13:09+08:00][sql] SELECT `order_goods_id`,`goods_money`,`commission_rate`,`real_goods_money` FROM `gxfc_order_goods` WHERE  `order_id` = 2072 [ RunTime:0.000947s ]
[2022-11-23T11:13:09+08:00][sql] SELECT `hospital_id` FROM `gxfc_member` WHERE  `member_id` = 2381 LIMIT 1 [ RunTime:0.000217s ]
[2022-11-23T11:13:09+08:00][sql] UPDATE `gxfc_order_goods`  SET `shop_money` = 0 , `platform_money` = 0.01 , `hospital_money` = 0  WHERE  `order_goods_id` = 2104 [ RunTime:0.000275s ]
[2022-11-23T11:13:09+08:00][sql] UPDATE `gxfc_order`  SET `shop_money` = 0 , `platform_money` = 0.01 , `hospital_money` = 0 , `hospital_id` = 0  WHERE  `order_id` = 2072 [ RunTime:0.000274s ]
[2022-11-23T11:13:09+08:00][sql] SHOW FULL COLUMNS FROM `gxfc_stat_shop` [ RunTime:0.000832s ]
[2022-11-23T11:13:09+08:00][sql] SELECT `id` FROM `gxfc_stat_shop` WHERE  `site_id` = 1  AND `year` = 2022  AND `month` = 11  AND `day` = 23 LIMIT 1 [ RunTime:0.000389s ]
[2022-11-23T11:13:09+08:00][sql] UPDATE `gxfc_stat_shop`  SET `modify_time` = 1669173189 , `order_total` = order_total+0.02 , `shipping_total` = shipping_total+0.00 , `order_pay_count` = order_pay_count+1 , `goods_pay_count` = goods_pay_count+1  WHERE  `site_id` = 1  AND `year` = 2022  AND `month` = 11  AND `day` = 23 [ RunTime:0.000378s ]
[2022-11-23T11:13:09+08:00][sql] SELECT `id` FROM `gxfc_stat_shop` WHERE  `site_id` = 0  AND `year` = 2022  AND `month` = 11  AND `day` = 23 LIMIT 1 [ RunTime:0.000255s ]
[2022-11-23T11:13:09+08:00][sql] INSERT INTO `gxfc_stat_shop` SET `site_id` = 0 , `year` = 2022 , `month` = 11 , `day` = 23 , `day_time` = 1669132800 , `create_time` = 1669173189 , `order_total` = '0.02' , `shipping_total` = '0.00' , `order_pay_count` = 1 , `goods_pay_count` = 1 [ RunTime:0.000290s ]
[2022-11-23T11:13:09+08:00][sql] SELECT `is_fenxiao_order` FROM `gxfc_member` WHERE  `member_id` = 2381 LIMIT 1 [ RunTime:0.000311s ]
[2022-11-23T11:13:09+08:00][sql] SELECT `fenxiao_id`,`source_member` FROM `gxfc_member` WHERE  `member_id` = 2381 LIMIT 1 [ RunTime:0.000263s ]
[2022-11-23T11:13:09+08:00][sql] SELECT `member_level` FROM `gxfc_member` WHERE  `member_id` = 0 LIMIT 1 [ RunTime:0.000213s ]
[2022-11-23T11:13:09+08:00][sql] SHOW FULL COLUMNS FROM `gxfc_fenxiao` [ RunTime:0.000551s ]
[2022-11-23T11:13:09+08:00][sql] SELECT `fenxiao_id`,`fenxiao_no`,`fenxiao_name`,`mobile`,`member_id`,`level_id`,`level_name`,`parent`,`grand_parent`,`account`,`account_withdraw`,`account_withdraw_apply`,`status`,`create_time`,`audit_time`,`lock_time`,`one_fenxiao_order_num`,`one_fenxiao_order_money`,`one_child_num`,`one_child_fenxiao_num`,`two_child_fenxiao_num`,`total_commission`,`is_delete`,`two_rate` FROM `gxfc_fenxiao` WHERE  `fenxiao_id` = 0  AND `is_delete` = 0 LIMIT 1 [ RunTime:0.000306s ]
[2022-11-23T11:13:09+08:00][sql] SELECT * FROM `gxfc_order` WHERE  `order_id` = 2072 LIMIT 1 [ RunTime:0.000595s ]
[2022-11-23T11:13:09+08:00][sql] SHOW FULL COLUMNS FROM `gxfc_cron` [ RunTime:0.000684s ]
[2022-11-23T11:13:09+08:00][sql] INSERT INTO `gxfc_cron` SET `type` = 1 , `period` = 0 , `period_type` = 0 , `name` = '订单小票打印' , `event` = 'PrintOrder' , `execute_time` = 1669173189 , `relate_id` = 2072 , `create_time` = 1669173189 [ RunTime:0.001365s ]
[2022-11-23T11:13:10+08:00][sql] SELECT `weapp_openid` FROM `gxfc_member` WHERE  `member_id` = 2381 LIMIT 1 [ RunTime:0.000446s ]
[2022-11-23T11:13:10+08:00][error] [2]Cannot modify header information - headers already sent by (output started at /www/wwwroot/www.hunqin.com/vendor/symfony/http-foundation/Response.php:381)
[2022-11-23T11:13:10+08:00][error] [1]Uncaught think\exception\ErrorException: Cannot modify header information - headers already sent by (output started at /www/wwwroot/www.hunqin.com/vendor/symfony/http-foundation/Response.php:381) in /www/wwwroot/www.hunqin.com/vendor/topthink/framework/src/think/Cookie.php:226
Stack trace:
#0 [internal function]: think\initializer\Error->appError(2, 'Cannot modify h...', '/www/wwwroot/ww...', 226, Array)
#1 /www/wwwroot/www.hunqin.com/vendor/topthink/framework/src/think/Cookie.php(226): setcookie('think_lang', '', 0, '/', '', false, false)
#2 /www/wwwroot/www.hunqin.com/vendor/topthink/framework/src/think/Cookie.php(196): think\Cookie->saveCookie('think_lang', '', 0, '/', '', false, false, '')
#3 /www/wwwroot/www.hunqin.com/vendor/topthink/framework/src/think/Response.php(142): think\Cookie->save()
#4 /www/wwwroot/www.hunqin.com/vendor/topthink/framework/src/think/initializer/Error.php(58): think\Response->send()
#5 [internal function]: think\initializer\Error->appException(Object(think\exception\ErrorExcepti
[2022-11-23T11:22:21+08:00][sql] CONNECT:[ UseTime:0.000482s ] mysql:host=127.0.0.1;port=3306;dbname=hunqin;charset=utf8
[2022-11-23T11:22:21+08:00][sql] SHOW FULL COLUMNS FROM `gxfc_pay` [ RunTime:0.000752s ]
[2022-11-23T11:22:21+08:00][sql] SELECT `id`,`site_id`,`out_trade_no`,`pay_type`,`trade_no`,`pay_no`,`pay_body`,`pay_detail`,`pay_money`,`pay_addon`,`pay_voucher`,`pay_status`,`return_url`,`event`,`mch_info`,`create_time`,`pay_time` FROM `gxfc_pay` WHERE  `out_trade_no` = '20221123112223810001' LIMIT 1 [ RunTime:0.000403s ]
[2022-11-23T11:22:21+08:00][sql] UPDATE `gxfc_pay`  SET `trade_no` = '4200001671202211236003983363' , `pay_type` = 'wechatpay' , `pay_addon` = 'wechatpay' , `pay_time` = 1669173741 , `pay_status` = 2  WHERE  `out_trade_no` = '20221123112223810001' [ RunTime:0.009089s ]
[2022-11-23T11:22:21+08:00][sql] SHOW FULL COLUMNS FROM `gxfc_order` [ RunTime:0.001147s ]
[2022-11-23T11:22:21+08:00][sql] SELECT * FROM `gxfc_order` WHERE  `out_trade_no` = '20221123112223810001' [ RunTime:0.000922s ]
[2022-11-23T11:22:21+08:00][sql] UPDATE `gxfc_order`  SET `pay_status` = 1 , `pay_time` = 1669173741 , `is_enable_refund` = 1 , `pay_type` = 'wechatpay' , `pay_type_name` = '微信支付' , `order_status` = 3 , `order_status_name` = '待核销' , `order_status_action` = '{\"status\":3,\"name\":\"\\u5f85\\u6838\\u9500\",\"is_allow_refund\":1,\"icon\":\"upload\\/uniapp\\/order\\/order-icon-close.png\",\"action\":[],\"member_action\":[],\"color\":\"\"}'  WHERE  `order_id` = 2073 [ RunTime:0.000505s ]
[2022-11-23T11:22:21+08:00][sql] SELECT `order_no`,`site_id`,`site_name`,`member_id`,`order_type`,`sign_time`,`order_status`,`delivery_code`,`create_time`,`name`,`pay_time`,`pay_money`,`mobile`,`is_lock`,`order_money` FROM `gxfc_order` WHERE  `order_id` = 2073 LIMIT 1 [ RunTime:0.000296s ]
[2022-11-23T11:22:21+08:00][sql] SHOW FULL COLUMNS FROM `gxfc_order_goods` [ RunTime:0.000630s ]
[2022-11-23T11:22:21+08:00][sql] SELECT `sku_id`,`sku_name`,`sku_image`,`price`,`num`,`order_goods_id` FROM `gxfc_order_goods` WHERE  `order_id` = 2073 LIMIT 1 [ RunTime:0.001164s ]
[2022-11-23T11:22:21+08:00][sql] SHOW FULL COLUMNS FROM `gxfc_verify` [ RunTime:0.000499s ]
[2022-11-23T11:22:21+08:00][sql] INSERT INTO `gxfc_verify` SET `site_id` = 1 , `site_name` = '全民' , `verify_code` = '20221123112200001' , `verify_type` = 'virtualgoods' , `verify_type_name` = '虚拟商品' , `verify_content_json` = '{\"item_array\":[{\"img\":\"upload\\/1\\/common\\/images\\/20220706\\/20220706112446165707788623539.jpg\",\"name\":\"11111 \",\"price\":\"0.01\",\"num\":1,\"order_goods_id\":2105,\"remark_array\":[{\"title\":\"联系人\",\"value\":\"18271963152\"}]}],\"remark_array\":[{\"title\":\"订单金额\",\"value\":\"0.01\"},{\"title\":\"订单编号\",\"value\":\"20221123112223810001\"},{\"title\":\"创建时间\",\"value\":\"2022-11-23 11:22:15\"},{\"title\":\"付款时间\",\"value\":\"2022-11-23 11:22:21\"}]}' , `create_time` = 1669173741 , `relate_id` = 0 [ RunTime:0.000299s ]
[2022-11-23T11:22:22+08:00][sql] UPDATE `gxfc_order`  SET `virtual_code` = '20221123112200001'  WHERE  `order_id` = 2073 [ RunTime:0.000553s ]
[2022-11-23T11:22:22+08:00][sql] SHOW FULL COLUMNS FROM `gxfc_goods_virtual` [ RunTime:0.000657s ]
[2022-11-23T11:22:22+08:00][sql] INSERT INTO `gxfc_goods_virtual` SET `site_id` = 1 , `order_id` = 2073 , `order_no` = '20221123112223810001' , `sku_id` = 1123 , `sku_name` = '11111 ' , `code` = '20221123112200001' , `member_id` = 2381 , `sku_image` = 'upload/1/common/images/20220706/20220706112446165707788623539.jpg' [ RunTime:0.000283s ]
[2022-11-23T11:22:22+08:00][sql] SHOW FULL COLUMNS FROM `gxfc_member` [ RunTime:0.000859s ]
[2022-11-23T11:22:22+08:00][sql] UPDATE `gxfc_member`  SET `order_money` = `order_money` + 0.01  WHERE  `member_id` = 2381 [ RunTime:0.000350s ]
[2022-11-23T11:22:22+08:00][sql] UPDATE `gxfc_member`  SET `order_num` = `order_num` + 1  WHERE  `member_id` = 2381 [ RunTime:0.000251s ]
[2022-11-23T11:22:22+08:00][sql] SELECT `sku_id`,`num` FROM `gxfc_order_goods` WHERE  `order_id` = 2073 [ RunTime:0.000842s ]
[2022-11-23T11:22:22+08:00][sql] SHOW FULL COLUMNS FROM `gxfc_goods_sku` [ RunTime:0.000690s ]
[2022-11-23T11:22:22+08:00][sql] UPDATE `gxfc_goods_sku`  SET `sale_num` = `sale_num` + 1  WHERE  `sku_id` = 1123 [ RunTime:0.000348s ]
[2022-11-23T11:22:22+08:00][sql] SELECT `goods_id` FROM `gxfc_goods_sku` WHERE  `sku_id` = 1123 LIMIT 1 [ RunTime:0.000240s ]
[2022-11-23T11:22:22+08:00][sql] SHOW FULL COLUMNS FROM `gxfc_goods` [ RunTime:0.000639s ]
[2022-11-23T11:22:22+08:00][sql] UPDATE `gxfc_goods`  SET `sale_num` = `sale_num` + 1  WHERE  `goods_id` = 215 [ RunTime:0.000295s ]
[2022-11-23T11:22:22+08:00][sql] UPDATE `gxfc_order_goods`  SET `refund_status_action` = '{\"status\":0,\"name\":\"\",\"action\":[],\"member_action\":[{\"event\":\"orderRefundApply\",\"title\":\"申请维权\",\"color\":\"\"}]}'  WHERE  `order_id` = 2073 [ RunTime:0.003554s ]
[2022-11-23T11:22:22+08:00][sql] SHOW FULL COLUMNS FROM `gxfc_order_log` [ RunTime:0.000590s ]
[2022-11-23T11:22:22+08:00][sql] INSERT INTO `gxfc_order_log` SET `uid` = 2381 , `nick_name` = '' , `module` = 'member' , `action` = '订单支付' , `order_status` = 1 , `order_status_name` = '待发货' , `action_way` = 'orderPay' , `order_id` = 2073 , `action_time` = 1669173742 [ RunTime:0.000268s ]
[2022-11-23T11:22:22+08:00][sql] SELECT `member_id`,`promotion_money`,`coupon_money`,`goods_money`,`delivery_money`,`adjust_money`,`dj_money`,`order_money`,`platform_coupon_money`,`is_lease`,`earnest_money` FROM `gxfc_order` WHERE  `order_id` = 2073 LIMIT 1 [ RunTime:0.000353s ]
[2022-11-23T11:22:22+08:00][sql] SELECT `order_goods_id`,`goods_money`,`commission_rate`,`real_goods_money` FROM `gxfc_order_goods` WHERE  `order_id` = 2073 [ RunTime:0.001026s ]
[2022-11-23T11:22:22+08:00][sql] SELECT `hospital_id` FROM `gxfc_member` WHERE  `member_id` = 2381 LIMIT 1 [ RunTime:0.000265s ]
[2022-11-23T11:22:22+08:00][sql] UPDATE `gxfc_order_goods`  SET `shop_money` = 0 , `platform_money` = 0.01 , `hospital_money` = 0  WHERE  `order_goods_id` = 2105 [ RunTime:0.000307s ]
[2022-11-23T11:22:22+08:00][sql] UPDATE `gxfc_order`  SET `shop_money` = 0 , `platform_money` = 0.01 , `hospital_money` = 0 , `hospital_id` = 0  WHERE  `order_id` = 2073 [ RunTime:0.000299s ]
[2022-11-23T11:22:22+08:00][sql] SHOW FULL COLUMNS FROM `gxfc_stat_shop` [ RunTime:0.000656s ]
[2022-11-23T11:22:22+08:00][sql] SELECT `id` FROM `gxfc_stat_shop` WHERE  `site_id` = 1  AND `year` = 2022  AND `month` = 11  AND `day` = 23 LIMIT 1 [ RunTime:0.000299s ]
[2022-11-23T11:22:22+08:00][sql] UPDATE `gxfc_stat_shop`  SET `modify_time` = 1669173742 , `order_total` = order_total+0.01 , `shipping_total` = shipping_total+0.00 , `order_pay_count` = order_pay_count+1 , `goods_pay_count` = goods_pay_count+1  WHERE  `site_id` = 1  AND `year` = 2022  AND `month` = 11  AND `day` = 23 [ RunTime:0.000352s ]
[2022-11-23T11:22:22+08:00][sql] SELECT `id` FROM `gxfc_stat_shop` WHERE  `site_id` = 0  AND `year` = 2022  AND `month` = 11  AND `day` = 23 LIMIT 1 [ RunTime:0.000359s ]
[2022-11-23T11:22:22+08:00][sql] UPDATE `gxfc_stat_shop`  SET `modify_time` = 1669173742 , `order_total` = order_total+0.01 , `shipping_total` = shipping_total+0.00 , `order_pay_count` = order_pay_count+1 , `goods_pay_count` = goods_pay_count+1  WHERE  `site_id` = 0  AND `year` = 2022  AND `month` = 11  AND `day` = 23 [ RunTime:0.000311s ]
[2022-11-23T11:22:22+08:00][sql] SELECT `is_fenxiao_order` FROM `gxfc_member` WHERE  `member_id` = 2381 LIMIT 1 [ RunTime:0.000285s ]
[2022-11-23T11:22:22+08:00][sql] SELECT `fenxiao_id`,`source_member` FROM `gxfc_member` WHERE  `member_id` = 2381 LIMIT 1 [ RunTime:0.000247s ]
[2022-11-23T11:22:22+08:00][sql] SELECT `member_level` FROM `gxfc_member` WHERE  `member_id` = 0 LIMIT 1 [ RunTime:0.000185s ]
[2022-11-23T11:22:22+08:00][sql] SHOW FULL COLUMNS FROM `gxfc_fenxiao` [ RunTime:0.000513s ]
[2022-11-23T11:22:22+08:00][sql] SELECT `fenxiao_id`,`fenxiao_no`,`fenxiao_name`,`mobile`,`member_id`,`level_id`,`level_name`,`parent`,`grand_parent`,`account`,`account_withdraw`,`account_withdraw_apply`,`status`,`create_time`,`audit_time`,`lock_time`,`one_fenxiao_order_num`,`one_fenxiao_order_money`,`one_child_num`,`one_child_fenxiao_num`,`two_child_fenxiao_num`,`total_commission`,`is_delete`,`two_rate` FROM `gxfc_fenxiao` WHERE  `fenxiao_id` = 0  AND `is_delete` = 0 LIMIT 1 [ RunTime:0.000308s ]
[2022-11-23T11:22:22+08:00][sql] SELECT * FROM `gxfc_order` WHERE  `order_id` = 2073 LIMIT 1 [ RunTime:0.000627s ]
[2022-11-23T11:22:22+08:00][sql] SHOW FULL COLUMNS FROM `gxfc_cron` [ RunTime:0.000760s ]
[2022-11-23T11:22:22+08:00][sql] INSERT INTO `gxfc_cron` SET `type` = 1 , `period` = 0 , `period_type` = 0 , `name` = '订单小票打印' , `event` = 'PrintOrder' , `execute_time` = 1669173742 , `relate_id` = 2073 , `create_time` = 1669173742 [ RunTime:0.000363s ]
[2022-11-23T11:22:22+08:00][sql] SELECT `weapp_openid` FROM `gxfc_member` WHERE  `member_id` = 2381 LIMIT 1 [ RunTime:0.000402s ]
[2022-11-23T11:22:22+08:00][error] [2]Cannot modify header information - headers already sent by (output started at /www/wwwroot/www.hunqin.com/vendor/symfony/http-foundation/Response.php:381)
[2022-11-23T11:22:22+08:00][error] [1]Uncaught think\exception\ErrorException: Cannot modify header information - headers already sent by (output started at /www/wwwroot/www.hunqin.com/vendor/symfony/http-foundation/Response.php:381) in /www/wwwroot/www.hunqin.com/vendor/topthink/framework/src/think/Cookie.php:226
Stack trace:
#0 [internal function]: think\initializer\Error->appError(2, 'Cannot modify h...', '/www/wwwroot/ww...', 226, Array)
#1 /www/wwwroot/www.hunqin.com/vendor/topthink/framework/src/think/Cookie.php(226): setcookie('think_lang', '', 0, '/', '', false, false)
#2 /www/wwwroot/www.hunqin.com/vendor/topthink/framework/src/think/Cookie.php(196): think\Cookie->saveCookie('think_lang', '', 0, '/', '', false, false, '')
#3 /www/wwwroot/www.hunqin.com/vendor/topthink/framework/src/think/Response.php(142): think\Cookie->save()
#4 /www/wwwroot/www.hunqin.com/vendor/topthink/framework/src/think/initializer/Error.php(58): think\Response->send()
#5 [internal function]: think\initializer\Error->appException(Object(think\exception\ErrorExcepti
