[2022-07-28T15:11:25+08:00][sql] CONNECT:[ UseTime:0.000238s ] mysql:host=localhost;port=3306;dbname=ls_chnssl_com;charset=utf8
[2022-07-28T15:11:25+08:00][sql] SHOW FULL COLUMNS FROM `gxfc_user` [ RunTime:0.000866s ]
[2022-07-28T15:11:25+08:00][sql] SELECT `uid`,`app_module`,`app_group`,`is_admin`,`site_id`,`group_id`,`group_name`,`username`,`password`,`member_id`,`create_time`,`update_time`,`status`,`login_time`,`login_ip` FROM `gxfc_user` WHERE  `username` = 'admin'  AND `app_module` = 'admin' LIMIT 1 [ RunTime:0.000294s ]
[2022-07-28T15:11:25+08:00][sql] UPDATE `gxfc_user`  SET `login_time` = 1658992285 , `login_ip` = '171.113.233.47'  WHERE  `uid` = 1 [ RunTime:0.005940s ]
[2022-07-28T15:11:25+08:00][sql] SHOW FULL COLUMNS FROM `gxfc_user_log` [ RunTime:0.000730s ]
[2022-07-28T15:11:25+08:00][sql] INSERT INTO `gxfc_user_log` SET `uid` = 1 , `username` = 'admin' , `site_id` = 0 , `url` = 'admin/Login/login' , `ip` = '171.113.233.47' , `data` = '[]' , `action_name` = '用户登录' , `create_time` = 1658992285 [ RunTime:0.009285s ]
[2022-07-28T15:11:26+08:00][sql] CONNECT:[ UseTime:0.000248s ] mysql:host=localhost;port=3306;dbname=ls_chnssl_com;charset=utf8
[2022-07-28T15:11:26+08:00][sql] SHOW FULL COLUMNS FROM `gxfc_menu` [ RunTime:0.000995s ]
[2022-07-28T15:11:26+08:00][sql] SELECT `id`,`app_module`,`name`,`title`,`parent`,`level`,`url`,`is_show`,`sort`,`desc`,`picture`,`is_icon`,`picture_select`,`is_control`,`addon` FROM `gxfc_menu` WHERE  `url` = 'admin/Index/index'  AND `app_module` = 'admin' ORDER BY `level` DESC LIMIT 1 [ RunTime:0.000328s ]
[2022-07-28T15:11:26+08:00][sql] SELECT `id`,`app_module`,`name`,`title`,`parent`,`level`,`url`,`is_show`,`sort`,`desc`,`picture`,`is_icon`,`picture_select`,`is_control`,`addon` FROM `gxfc_menu` WHERE  `name` = 'INDEX_ROOT'  AND `app_module` = 'admin' LIMIT 1 [ RunTime:0.000266s ]
[2022-07-28T15:11:26+08:00][sql] SHOW FULL COLUMNS FROM `gxfc_stat_shop` [ RunTime:0.000952s ]
[2022-07-28T15:11:26+08:00][sql] SELECT `id`,`site_id`,`year`,`month`,`day`,`order_total`,`shipping_total`,`refund_total`,`order_pay_count`,`goods_pay_count`,`shop_money`,`platform_money`,`create_time`,`modify_time`,`collect_shop`,`collect_goods`,`visit_count`,`order_count`,`goods_count`,`add_goods_count`,`day_time`,`member_count` FROM `gxfc_stat_shop` WHERE  `site_id` = 0  AND `year` = 2022  AND `month` = 7  AND `day` = 28 LIMIT 1 [ RunTime:0.000266s ]
[2022-07-28T15:11:26+08:00][sql] INSERT INTO `gxfc_stat_shop` SET `site_id` = 0 , `year` = 2022 , `month` = 7 , `day` = 28 , `day_time` = 1658937600 [ RunTime:0.005705s ]
[2022-07-28T15:11:26+08:00][sql] SELECT `id`,`site_id`,`year`,`month`,`day`,`order_total`,`shipping_total`,`refund_total`,`order_pay_count`,`goods_pay_count`,`shop_money`,`platform_money`,`create_time`,`modify_time`,`collect_shop`,`collect_goods`,`visit_count`,`order_count`,`goods_count`,`add_goods_count`,`day_time`,`member_count` FROM `gxfc_stat_shop` WHERE  `site_id` = 0  AND `year` = 2022  AND `month` = 7  AND `day` = 28  AND `day_time` = 1658937600 LIMIT 1 [ RunTime:0.000288s ]
[2022-07-28T15:11:26+08:00][sql] SELECT `id`,`site_id`,`year`,`month`,`day`,`order_total`,`shipping_total`,`refund_total`,`order_pay_count`,`goods_pay_count`,`shop_money`,`platform_money`,`create_time`,`modify_time`,`collect_shop`,`collect_goods`,`visit_count`,`order_count`,`goods_count`,`add_goods_count`,`day_time`,`member_count` FROM `gxfc_stat_shop` WHERE  `site_id` = 0  AND `year` = 2022  AND `month` = 7  AND `day` = 28 LIMIT 1 [ RunTime:0.000274s ]
[2022-07-28T15:11:26+08:00][sql] SELECT `id`,`site_id`,`year`,`month`,`day`,`order_total`,`shipping_total`,`refund_total`,`order_pay_count`,`goods_pay_count`,`shop_money`,`platform_money`,`create_time`,`modify_time`,`collect_shop`,`collect_goods`,`visit_count`,`order_count`,`goods_count`,`add_goods_count`,`day_time`,`member_count` FROM `gxfc_stat_shop` WHERE  `site_id` = 0  AND `year` = 2022  AND `month` = 7  AND `day` = 27 LIMIT 1 [ RunTime:0.000268s ]
[2022-07-28T15:11:26+08:00][sql] SELECT `id`,`site_id`,`year`,`month`,`day`,`order_total`,`shipping_total`,`refund_total`,`order_pay_count`,`goods_pay_count`,`shop_money`,`platform_money`,`create_time`,`modify_time`,`collect_shop`,`collect_goods`,`visit_count`,`order_count`,`goods_count`,`add_goods_count`,`day_time`,`member_count` FROM `gxfc_stat_shop` WHERE  `site_id` = 0  AND `year` = 2022  AND `month` = 07  AND `day` = 19 LIMIT 1 [ RunTime:0.000245s ]
[2022-07-28T15:11:26+08:00][sql] SELECT `id`,`site_id`,`year`,`month`,`day`,`order_total`,`shipping_total`,`refund_total`,`order_pay_count`,`goods_pay_count`,`shop_money`,`platform_money`,`create_time`,`modify_time`,`collect_shop`,`collect_goods`,`visit_count`,`order_count`,`goods_count`,`add_goods_count`,`day_time`,`member_count` FROM `gxfc_stat_shop` WHERE  `site_id` = 0  AND `year` = 2022  AND `month` = 07  AND `day` = 20 LIMIT 1 [ RunTime:0.000248s ]
[2022-07-28T15:11:26+08:00][sql] SELECT `id`,`site_id`,`year`,`month`,`day`,`order_total`,`shipping_total`,`refund_total`,`order_pay_count`,`goods_pay_count`,`shop_money`,`platform_money`,`create_time`,`modify_time`,`collect_shop`,`collect_goods`,`visit_count`,`order_count`,`goods_count`,`add_goods_count`,`day_time`,`member_count` FROM `gxfc_stat_shop` WHERE  `site_id` = 0  AND `year` = 2022  AND `month` = 07  AND `day` = 21 LIMIT 1 [ RunTime:0.000244s ]
[2022-07-28T15:11:26+08:00][sql] SELECT `id`,`site_id`,`year`,`month`,`day`,`order_total`,`shipping_total`,`refund_total`,`order_pay_count`,`goods_pay_count`,`shop_money`,`platform_money`,`create_time`,`modify_time`,`collect_shop`,`collect_goods`,`visit_count`,`order_count`,`goods_count`,`add_goods_count`,`day_time`,`member_count` FROM `gxfc_stat_shop` WHERE  `site_id` = 0  AND `year` = 2022  AND `month` = 07  AND `day` = 22 LIMIT 1 [ RunTime:0.000244s ]
[2022-07-28T15:11:26+08:00][sql] SELECT `id`,`site_id`,`year`,`month`,`day`,`order_total`,`shipping_total`,`refund_total`,`order_pay_count`,`goods_pay_count`,`shop_money`,`platform_money`,`create_time`,`modify_time`,`collect_shop`,`collect_goods`,`visit_count`,`order_count`,`goods_count`,`add_goods_count`,`day_time`,`member_count` FROM `gxfc_stat_shop` WHERE  `site_id` = 0  AND `year` = 2022  AND `month` = 07  AND `day` = 23 LIMIT 1 [ RunTime:0.000265s ]
[2022-07-28T15:11:26+08:00][sql] SELECT `id`,`site_id`,`year`,`month`,`day`,`order_total`,`shipping_total`,`refund_total`,`order_pay_count`,`goods_pay_count`,`shop_money`,`platform_money`,`create_time`,`modify_time`,`collect_shop`,`collect_goods`,`visit_count`,`order_count`,`goods_count`,`add_goods_count`,`day_time`,`member_count` FROM `gxfc_stat_shop` WHERE  `site_id` = 0  AND `year` = 2022  AND `month` = 07  AND `day` = 24 LIMIT 1 [ RunTime:0.000252s ]
[2022-07-28T15:11:26+08:00][sql] SELECT `id`,`site_id`,`year`,`month`,`day`,`order_total`,`shipping_total`,`refund_total`,`order_pay_count`,`goods_pay_count`,`shop_money`,`platform_money`,`create_time`,`modify_time`,`collect_shop`,`collect_goods`,`visit_count`,`order_count`,`goods_count`,`add_goods_count`,`day_time`,`member_count` FROM `gxfc_stat_shop` WHERE  `site_id` = 0  AND `year` = 2022  AND `month` = 07  AND `day` = 25 LIMIT 1 [ RunTime:0.000253s ]
[2022-07-28T15:11:26+08:00][sql] SELECT `id`,`site_id`,`year`,`month`,`day`,`order_total`,`shipping_total`,`refund_total`,`order_pay_count`,`goods_pay_count`,`shop_money`,`platform_money`,`create_time`,`modify_time`,`collect_shop`,`collect_goods`,`visit_count`,`order_count`,`goods_count`,`add_goods_count`,`day_time`,`member_count` FROM `gxfc_stat_shop` WHERE  `site_id` = 0  AND `year` = 2022  AND `month` = 07  AND `day` = 26 LIMIT 1 [ RunTime:0.000241s ]
[2022-07-28T15:11:26+08:00][sql] SELECT `id`,`site_id`,`year`,`month`,`day`,`order_total`,`shipping_total`,`refund_total`,`order_pay_count`,`goods_pay_count`,`shop_money`,`platform_money`,`create_time`,`modify_time`,`collect_shop`,`collect_goods`,`visit_count`,`order_count`,`goods_count`,`add_goods_count`,`day_time`,`member_count` FROM `gxfc_stat_shop` WHERE  `site_id` = 0  AND `year` = 2022  AND `month` = 07  AND `day` = 27 LIMIT 1 [ RunTime:0.000238s ]
[2022-07-28T15:11:26+08:00][sql] SELECT `id`,`site_id`,`year`,`month`,`day`,`order_total`,`shipping_total`,`refund_total`,`order_pay_count`,`goods_pay_count`,`shop_money`,`platform_money`,`create_time`,`modify_time`,`collect_shop`,`collect_goods`,`visit_count`,`order_count`,`goods_count`,`add_goods_count`,`day_time`,`member_count` FROM `gxfc_stat_shop` WHERE  `site_id` = 0  AND `year` = 2022  AND `month` = 07  AND `day` = 28 LIMIT 1 [ RunTime:0.000252s ]
[2022-07-28T15:11:26+08:00][sql] SHOW FULL COLUMNS FROM `gxfc_order` [ RunTime:0.001281s ]
[2022-07-28T15:11:26+08:00][sql] SELECT COUNT(*) AS think_count FROM `gxfc_order` WHERE  `order_status` = 0  AND `is_delete` = 0 [ RunTime:0.000203s ]
[2022-07-28T15:11:26+08:00][sql] SELECT COUNT(*) AS think_count FROM `gxfc_order` WHERE  `order_status` = 1  AND `is_delete` = 0 [ RunTime:0.000343s ]
[2022-07-28T15:11:26+08:00][sql] SHOW FULL COLUMNS FROM `gxfc_order_goods` [ RunTime:0.000982s ]
[2022-07-28T15:11:26+08:00][sql] SELECT COUNT(*) AS think_count FROM `gxfc_order_goods` WHERE  `refund_status` NOT IN (0,3) [ RunTime:0.000295s ]
[2022-07-28T15:11:26+08:00][sql] SHOW FULL COLUMNS FROM `gxfc_goods` [ RunTime:0.000967s ]
[2022-07-28T15:11:26+08:00][sql] SELECT COUNT(*) AS think_count FROM `gxfc_goods` WHERE  `goods_state` = 1  AND `is_delete` = 0 [ RunTime:0.000212s ]
[2022-07-28T15:11:26+08:00][sql] SELECT COUNT(*) AS think_count FROM `gxfc_goods` WHERE  `goods_state` = 0  AND `is_delete` = 0 [ RunTime:0.000193s ]
[2022-07-28T15:11:26+08:00][sql] SHOW FULL COLUMNS FROM `gxfc_fenxiao_withdraw` [ RunTime:0.000761s ]
[2022-07-28T15:11:26+08:00][sql] SELECT COUNT(`id`) AS think_count FROM `gxfc_fenxiao_withdraw` WHERE  `status` = 1 [ RunTime:0.000166s ]
[2022-07-28T15:11:26+08:00][sql] SHOW FULL COLUMNS FROM `gxfc_fenxiao_apply` [ RunTime:0.000738s ]
[2022-07-28T15:11:26+08:00][sql] SELECT COUNT(`apply_id`) AS think_count FROM `gxfc_fenxiao_apply` WHERE  `status` = 1 [ RunTime:0.000151s ]
[2022-07-28T15:11:26+08:00][sql] SHOW FULL COLUMNS FROM `gxfc_order_complain` [ RunTime:0.000845s ]
[2022-07-28T15:11:26+08:00][sql] SELECT COUNT(*) AS think_count FROM `gxfc_order_complain` WHERE  `complain_status` = 1 [ RunTime:0.000146s ]
[2022-07-28T15:11:26+08:00][sql] SELECT SUM(`order_money`) AS think_sum FROM `gxfc_order` [ RunTime:0.000403s ]
[2022-07-28T15:11:26+08:00][sql] SHOW FULL COLUMNS FROM `gxfc_member` [ RunTime:0.000896s ]
[2022-07-28T15:11:26+08:00][sql] SELECT COUNT(*) AS think_count FROM `gxfc_member` [ RunTime:0.000127s ]
[2022-07-28T15:11:26+08:00][sql] SHOW FULL COLUMNS FROM `gxfc_shop_apply` [ RunTime:0.000766s ]
[2022-07-28T15:11:26+08:00][sql] SELECT COUNT(*) AS think_count FROM `gxfc_shop_apply` WHERE  `create_time` BETWEEN 1658937600 AND 1659023999 [ RunTime:0.000145s ]
[2022-07-28T15:11:26+08:00][sql] SELECT COUNT(*) AS think_count FROM `gxfc_shop_apply` WHERE  `create_time` BETWEEN 1658851200 AND 1658937599 [ RunTime:0.000141s ]
[2022-07-28T15:11:26+08:00][sql] SHOW FULL COLUMNS FROM `gxfc_shop` [ RunTime:0.001008s ]
[2022-07-28T15:11:26+08:00][sql] SELECT COUNT(*) AS think_count FROM `gxfc_shop` WHERE  `create_time` BETWEEN 1658937600 AND 1659023999 [ RunTime:0.000188s ]
[2022-07-28T15:11:26+08:00][sql] SELECT COUNT(*) AS think_count FROM `gxfc_shop` [ RunTime:0.000920s ]
[2022-07-28T15:11:26+08:00][sql] SELECT COUNT(*) AS think_count FROM `gxfc_goods` [ RunTime:0.000141s ]
[2022-07-28T15:13:24+08:00][sql] CONNECT:[ UseTime:0.000252s ] mysql:host=localhost;port=3306;dbname=ls_chnssl_com;charset=utf8
[2022-07-28T15:13:24+08:00][sql] SHOW FULL COLUMNS FROM `gxfc_shop` [ RunTime:0.001600s ]
[2022-07-28T15:13:24+08:00][sql] SELECT `group_id` FROM `gxfc_shop` WHERE  `site_id` = 0 LIMIT 1 [ RunTime:0.000213s ]
[2022-07-28T15:13:24+08:00][sql] SHOW FULL COLUMNS FROM `gxfc_shop_group` [ RunTime:0.000751s ]
[2022-07-28T15:13:24+08:00][sql] SELECT `addon_array` FROM `gxfc_shop_group` WHERE  `group_id` IS NULL LIMIT 1 [ RunTime:0.000110s ]
[2022-07-28T15:13:24+08:00][sql] SHOW FULL COLUMNS FROM `gxfc_diy_view_util` [ RunTime:0.000744s ]
[2022-07-28T15:13:24+08:00][sql] SELECT `id`,`name`,`title`,`type`,`controller`,`value`,`addon_name`,`support_diy_view`,`max_count`,`is_delete`,`icon`,`icon_selected` FROM `gxfc_diy_view_util` WHERE  (`support_diy_view` LIKE 'DIY_VIEW_INDEX' OR `support_diy_view` LIKE '%DIY_VIEW_INDEX,%' OR `support_diy_view` LIKE '%DIY_VIEW_INDEX' OR `support_diy_view` LIKE '%,DIY_VIEW_INDEX,%' OR `support_diy_view` LIKE '') ORDER BY `sort` ASC [ RunTime:0.000329s ]
[2022-07-28T15:13:24+08:00][sql] SHOW FULL COLUMNS FROM `gxfc_site_diy_view` [ RunTime:0.000714s ]
[2022-07-28T15:13:24+08:00][sql] SELECT `site_id`,`name` FROM `gxfc_site_diy_view` WHERE  `site_id` = 0  AND `name` = 'DIY_VIEW_INDEX' LIMIT 1 [ RunTime:0.000222s ]
[2022-07-28T15:13:24+08:00][sql] SHOW FULL COLUMNS FROM `gxfc_config` [ RunTime:0.000706s ]
[2022-07-28T15:13:24+08:00][sql] SELECT `site_id`,`app_module`,`config_key`,`value`,`config_desc`,`is_use`,`create_time`,`modify_time` FROM `gxfc_config` WHERE  `site_id` = 0  AND `app_module` = 'admin'  AND `config_key` = 'H5_DOMAIN_NAME' LIMIT 1 [ RunTime:0.000197s ]
[2022-07-28T15:13:24+08:00][sql] SELECT `site_id`,`app_module`,`config_key`,`value`,`config_desc`,`is_use`,`create_time`,`modify_time` FROM `gxfc_config` WHERE  `site_id` = 0  AND `app_module` = 'admin'  AND `config_key` = 'WECHAT_CONFIG' LIMIT 1 [ RunTime:0.000315s ]
[2022-07-28T15:13:24+08:00][sql] SELECT `sdv`.`id`,`sdv`.`site_id`,`sdv`.`name`,`sdv`.`title`,`sdv`.`value`,`sdv`.`type`,`dvt`.`addon_name` FROM `gxfc_site_diy_view` `sdv` LEFT JOIN `gxfc_diy_view_temp` `dvt` ON `sdv`.`name`=`dvt`.`name` WHERE  `sdv`.`site_id` = 0  AND `sdv`.`name` = 'DIY_VIEW_INDEX' LIMIT 1 [ RunTime:0.000323s ]
[2022-07-28T15:16:00+08:00][sql] CONNECT:[ UseTime:0.000252s ] mysql:host=localhost;port=3306;dbname=ls_chnssl_com;charset=utf8
[2022-07-28T15:16:00+08:00][sql] SHOW FULL COLUMNS FROM `gxfc_user` [ RunTime:0.001025s ]
[2022-07-28T15:16:00+08:00][sql] SELECT `uid`,`app_module`,`app_group`,`is_admin`,`site_id`,`group_id`,`group_name`,`username`,`password`,`member_id`,`create_time`,`update_time`,`status`,`login_time`,`login_ip` FROM `gxfc_user` WHERE  `username` = 'admin'  AND `app_module` = 'admin' LIMIT 1 [ RunTime:0.000330s ]
[2022-07-28T15:16:00+08:00][sql] UPDATE `gxfc_user`  SET `login_time` = 1658992560 , `login_ip` = '171.113.167.186'  WHERE  `uid` = 1 [ RunTime:0.006421s ]
[2022-07-28T15:16:00+08:00][sql] SHOW FULL COLUMNS FROM `gxfc_user_log` [ RunTime:0.000721s ]
[2022-07-28T15:16:00+08:00][sql] INSERT INTO `gxfc_user_log` SET `uid` = 1 , `username` = 'admin' , `site_id` = 0 , `url` = 'admin/Login/login' , `ip` = '171.113.167.186' , `data` = '[]' , `action_name` = '用户登录' , `create_time` = 1658992560 [ RunTime:0.003346s ]
[2022-07-28T15:16:00+08:00][sql] CONNECT:[ UseTime:0.000232s ] mysql:host=localhost;port=3306;dbname=ls_chnssl_com;charset=utf8
[2022-07-28T15:16:00+08:00][sql] SHOW FULL COLUMNS FROM `gxfc_stat_shop` [ RunTime:0.000999s ]
[2022-07-28T15:16:00+08:00][sql] SELECT `id`,`site_id`,`year`,`month`,`day`,`order_total`,`shipping_total`,`refund_total`,`order_pay_count`,`goods_pay_count`,`shop_money`,`platform_money`,`create_time`,`modify_time`,`collect_shop`,`collect_goods`,`visit_count`,`order_count`,`goods_count`,`add_goods_count`,`day_time`,`member_count` FROM `gxfc_stat_shop` WHERE  `site_id` = 0  AND `year` = 2022  AND `month` = 7  AND `day` = 28 LIMIT 1 [ RunTime:0.000340s ]
[2022-07-28T15:16:00+08:00][sql] SELECT `id`,`site_id`,`year`,`month`,`day`,`order_total`,`shipping_total`,`refund_total`,`order_pay_count`,`goods_pay_count`,`shop_money`,`platform_money`,`create_time`,`modify_time`,`collect_shop`,`collect_goods`,`visit_count`,`order_count`,`goods_count`,`add_goods_count`,`day_time`,`member_count` FROM `gxfc_stat_shop` WHERE  `site_id` = 0  AND `year` = 2022  AND `month` = 7  AND `day` = 28 LIMIT 1 [ RunTime:0.000279s ]
[2022-07-28T15:16:00+08:00][sql] SELECT `id`,`site_id`,`year`,`month`,`day`,`order_total`,`shipping_total`,`refund_total`,`order_pay_count`,`goods_pay_count`,`shop_money`,`platform_money`,`create_time`,`modify_time`,`collect_shop`,`collect_goods`,`visit_count`,`order_count`,`goods_count`,`add_goods_count`,`day_time`,`member_count` FROM `gxfc_stat_shop` WHERE  `site_id` = 0  AND `year` = 2022  AND `month` = 7  AND `day` = 27 LIMIT 1 [ RunTime:0.000309s ]
[2022-07-28T15:16:00+08:00][sql] SELECT `id`,`site_id`,`year`,`month`,`day`,`order_total`,`shipping_total`,`refund_total`,`order_pay_count`,`goods_pay_count`,`shop_money`,`platform_money`,`create_time`,`modify_time`,`collect_shop`,`collect_goods`,`visit_count`,`order_count`,`goods_count`,`add_goods_count`,`day_time`,`member_count` FROM `gxfc_stat_shop` WHERE  `site_id` = 0  AND `year` = 2022  AND `month` = 07  AND `day` = 19 LIMIT 1 [ RunTime:0.000348s ]
[2022-07-28T15:16:00+08:00][sql] SELECT `id`,`site_id`,`year`,`month`,`day`,`order_total`,`shipping_total`,`refund_total`,`order_pay_count`,`goods_pay_count`,`shop_money`,`platform_money`,`create_time`,`modify_time`,`collect_shop`,`collect_goods`,`visit_count`,`order_count`,`goods_count`,`add_goods_count`,`day_time`,`member_count` FROM `gxfc_stat_shop` WHERE  `site_id` = 0  AND `year` = 2022  AND `month` = 07  AND `day` = 20 LIMIT 1 [ RunTime:0.000341s ]
[2022-07-28T15:16:00+08:00][sql] SELECT `id`,`site_id`,`year`,`month`,`day`,`order_total`,`shipping_total`,`refund_total`,`order_pay_count`,`goods_pay_count`,`shop_money`,`platform_money`,`create_time`,`modify_time`,`collect_shop`,`collect_goods`,`visit_count`,`order_count`,`goods_count`,`add_goods_count`,`day_time`,`member_count` FROM `gxfc_stat_shop` WHERE  `site_id` = 0  AND `year` = 2022  AND `month` = 07  AND `day` = 21 LIMIT 1 [ RunTime:0.000257s ]
[2022-07-28T15:16:00+08:00][sql] SELECT `id`,`site_id`,`year`,`month`,`day`,`order_total`,`shipping_total`,`refund_total`,`order_pay_count`,`goods_pay_count`,`shop_money`,`platform_money`,`create_time`,`modify_time`,`collect_shop`,`collect_goods`,`visit_count`,`order_count`,`goods_count`,`add_goods_count`,`day_time`,`member_count` FROM `gxfc_stat_shop` WHERE  `site_id` = 0  AND `year` = 2022  AND `month` = 07  AND `day` = 22 LIMIT 1 [ RunTime:0.000249s ]
[2022-07-28T15:16:00+08:00][sql] SELECT `id`,`site_id`,`year`,`month`,`day`,`order_total`,`shipping_total`,`refund_total`,`order_pay_count`,`goods_pay_count`,`shop_money`,`platform_money`,`create_time`,`modify_time`,`collect_shop`,`collect_goods`,`visit_count`,`order_count`,`goods_count`,`add_goods_count`,`day_time`,`member_count` FROM `gxfc_stat_shop` WHERE  `site_id` = 0  AND `year` = 2022  AND `month` = 07  AND `day` = 23 LIMIT 1 [ RunTime:0.000251s ]
[2022-07-28T15:16:00+08:00][sql] SELECT `id`,`site_id`,`year`,`month`,`day`,`order_total`,`shipping_total`,`refund_total`,`order_pay_count`,`goods_pay_count`,`shop_money`,`platform_money`,`create_time`,`modify_time`,`collect_shop`,`collect_goods`,`visit_count`,`order_count`,`goods_count`,`add_goods_count`,`day_time`,`member_count` FROM `gxfc_stat_shop` WHERE  `site_id` = 0  AND `year` = 2022  AND `month` = 07  AND `day` = 24 LIMIT 1 [ RunTime:0.000247s ]
[2022-07-28T15:16:00+08:00][sql] SELECT `id`,`site_id`,`year`,`month`,`day`,`order_total`,`shipping_total`,`refund_total`,`order_pay_count`,`goods_pay_count`,`shop_money`,`platform_money`,`create_time`,`modify_time`,`collect_shop`,`collect_goods`,`visit_count`,`order_count`,`goods_count`,`add_goods_count`,`day_time`,`member_count` FROM `gxfc_stat_shop` WHERE  `site_id` = 0  AND `year` = 2022  AND `month` = 07  AND `day` = 25 LIMIT 1 [ RunTime:0.000242s ]
[2022-07-28T15:16:00+08:00][sql] SELECT `id`,`site_id`,`year`,`month`,`day`,`order_total`,`shipping_total`,`refund_total`,`order_pay_count`,`goods_pay_count`,`shop_money`,`platform_money`,`create_time`,`modify_time`,`collect_shop`,`collect_goods`,`visit_count`,`order_count`,`goods_count`,`add_goods_count`,`day_time`,`member_count` FROM `gxfc_stat_shop` WHERE  `site_id` = 0  AND `year` = 2022  AND `month` = 07  AND `day` = 26 LIMIT 1 [ RunTime:0.000246s ]
[2022-07-28T15:16:00+08:00][sql] SELECT `id`,`site_id`,`year`,`month`,`day`,`order_total`,`shipping_total`,`refund_total`,`order_pay_count`,`goods_pay_count`,`shop_money`,`platform_money`,`create_time`,`modify_time`,`collect_shop`,`collect_goods`,`visit_count`,`order_count`,`goods_count`,`add_goods_count`,`day_time`,`member_count` FROM `gxfc_stat_shop` WHERE  `site_id` = 0  AND `year` = 2022  AND `month` = 07  AND `day` = 27 LIMIT 1 [ RunTime:0.000243s ]
[2022-07-28T15:16:00+08:00][sql] SELECT `id`,`site_id`,`year`,`month`,`day`,`order_total`,`shipping_total`,`refund_total`,`order_pay_count`,`goods_pay_count`,`shop_money`,`platform_money`,`create_time`,`modify_time`,`collect_shop`,`collect_goods`,`visit_count`,`order_count`,`goods_count`,`add_goods_count`,`day_time`,`member_count` FROM `gxfc_stat_shop` WHERE  `site_id` = 0  AND `year` = 2022  AND `month` = 07  AND `day` = 28 LIMIT 1 [ RunTime:0.000316s ]
[2022-07-28T15:16:00+08:00][sql] SHOW FULL COLUMNS FROM `gxfc_order` [ RunTime:0.001339s ]
[2022-07-28T15:16:00+08:00][sql] SELECT COUNT(*) AS think_count FROM `gxfc_order` WHERE  `order_status` = 0  AND `is_delete` = 0 [ RunTime:0.000188s ]
[2022-07-28T15:16:00+08:00][sql] SELECT COUNT(*) AS think_count FROM `gxfc_order` WHERE  `order_status` = 1  AND `is_delete` = 0 [ RunTime:0.000339s ]
[2022-07-28T15:16:00+08:00][sql] SHOW FULL COLUMNS FROM `gxfc_order_goods` [ RunTime:0.000967s ]
[2022-07-28T15:16:00+08:00][sql] SELECT COUNT(*) AS think_count FROM `gxfc_order_goods` WHERE  `refund_status` NOT IN (0,3) [ RunTime:0.000332s ]
[2022-07-28T15:16:00+08:00][sql] SHOW FULL COLUMNS FROM `gxfc_goods` [ RunTime:0.001033s ]
[2022-07-28T15:16:00+08:00][sql] SELECT COUNT(*) AS think_count FROM `gxfc_goods` WHERE  `goods_state` = 1  AND `is_delete` = 0 [ RunTime:0.000216s ]
[2022-07-28T15:16:00+08:00][sql] SELECT COUNT(*) AS think_count FROM `gxfc_goods` WHERE  `goods_state` = 0  AND `is_delete` = 0 [ RunTime:0.000180s ]
[2022-07-28T15:16:00+08:00][sql] SHOW FULL COLUMNS FROM `gxfc_fenxiao_withdraw` [ RunTime:0.000861s ]
[2022-07-28T15:16:00+08:00][sql] SELECT COUNT(`id`) AS think_count FROM `gxfc_fenxiao_withdraw` WHERE  `status` = 1 [ RunTime:0.000141s ]
[2022-07-28T15:16:00+08:00][sql] SHOW FULL COLUMNS FROM `gxfc_fenxiao_apply` [ RunTime:0.000753s ]
[2022-07-28T15:16:00+08:00][sql] SELECT COUNT(`apply_id`) AS think_count FROM `gxfc_fenxiao_apply` WHERE  `status` = 1 [ RunTime:0.000136s ]
[2022-07-28T15:16:00+08:00][sql] SHOW FULL COLUMNS FROM `gxfc_order_complain` [ RunTime:0.000883s ]
[2022-07-28T15:16:00+08:00][sql] SELECT COUNT(*) AS think_count FROM `gxfc_order_complain` WHERE  `complain_status` = 1 [ RunTime:0.000158s ]
[2022-07-28T15:16:00+08:00][sql] SELECT SUM(`order_money`) AS think_sum FROM `gxfc_order` [ RunTime:0.000358s ]
[2022-07-28T15:16:00+08:00][sql] SHOW FULL COLUMNS FROM `gxfc_member` [ RunTime:0.000967s ]
[2022-07-28T15:16:00+08:00][sql] SELECT COUNT(*) AS think_count FROM `gxfc_member` [ RunTime:0.000129s ]
[2022-07-28T15:16:00+08:00][sql] SHOW FULL COLUMNS FROM `gxfc_shop_apply` [ RunTime:0.000834s ]
[2022-07-28T15:16:00+08:00][sql] SELECT COUNT(*) AS think_count FROM `gxfc_shop_apply` WHERE  `create_time` BETWEEN 1658937600 AND 1659023999 [ RunTime:0.000152s ]
[2022-07-28T15:16:00+08:00][sql] SELECT COUNT(*) AS think_count FROM `gxfc_shop_apply` WHERE  `create_time` BETWEEN 1658851200 AND 1658937599 [ RunTime:0.000149s ]
[2022-07-28T15:16:00+08:00][sql] SHOW FULL COLUMNS FROM `gxfc_shop` [ RunTime:0.000999s ]
[2022-07-28T15:16:00+08:00][sql] SELECT COUNT(*) AS think_count FROM `gxfc_shop` WHERE  `create_time` BETWEEN 1658937600 AND 1659023999 [ RunTime:0.000162s ]
[2022-07-28T15:16:00+08:00][sql] SELECT COUNT(*) AS think_count FROM `gxfc_shop` [ RunTime:0.000134s ]
[2022-07-28T15:16:00+08:00][sql] SELECT COUNT(*) AS think_count FROM `gxfc_goods` [ RunTime:0.000134s ]
[2022-07-28T15:16:03+08:00][sql] CONNECT:[ UseTime:0.000253s ] mysql:host=localhost;port=3306;dbname=ls_chnssl_com;charset=utf8
[2022-07-28T15:16:03+08:00][sql] SHOW FULL COLUMNS FROM `gxfc_shop` [ RunTime:0.001244s ]
[2022-07-28T15:16:03+08:00][sql] SELECT `group_id` FROM `gxfc_shop` WHERE  `site_id` = 0 LIMIT 1 [ RunTime:0.000199s ]
[2022-07-28T15:16:03+08:00][sql] SHOW FULL COLUMNS FROM `gxfc_shop_group` [ RunTime:0.000796s ]
[2022-07-28T15:16:03+08:00][sql] SELECT `addon_array` FROM `gxfc_shop_group` WHERE  `group_id` IS NULL LIMIT 1 [ RunTime:0.000121s ]
[2022-07-28T15:16:03+08:00][sql] SHOW FULL COLUMNS FROM `gxfc_diy_view_util` [ RunTime:0.000777s ]
[2022-07-28T15:16:03+08:00][sql] SELECT `id`,`name`,`title`,`type`,`controller`,`value`,`addon_name`,`support_diy_view`,`max_count`,`is_delete`,`icon`,`icon_selected` FROM `gxfc_diy_view_util` WHERE  (`support_diy_view` LIKE 'DIY_VIEW_INDEX' OR `support_diy_view` LIKE '%DIY_VIEW_INDEX,%' OR `support_diy_view` LIKE '%DIY_VIEW_INDEX' OR `support_diy_view` LIKE '%,DIY_VIEW_INDEX,%' OR `support_diy_view` LIKE '') ORDER BY `sort` ASC [ RunTime:0.000359s ]
[2022-07-28T15:16:03+08:00][sql] SHOW FULL COLUMNS FROM `gxfc_site_diy_view` [ RunTime:0.000756s ]
[2022-07-28T15:16:03+08:00][sql] SELECT `site_id`,`name` FROM `gxfc_site_diy_view` WHERE  `site_id` = 0  AND `name` = 'DIY_VIEW_INDEX' LIMIT 1 [ RunTime:0.000241s ]
[2022-07-28T15:16:04+08:00][sql] SELECT `sdv`.`id`,`sdv`.`site_id`,`sdv`.`name`,`sdv`.`title`,`sdv`.`value`,`sdv`.`type`,`dvt`.`addon_name` FROM `gxfc_site_diy_view` `sdv` LEFT JOIN `gxfc_diy_view_temp` `dvt` ON `sdv`.`name`=`dvt`.`name` WHERE  `sdv`.`site_id` = 0  AND `sdv`.`name` = 'DIY_VIEW_INDEX' LIMIT 1 [ RunTime:0.000404s ]
[2022-07-28T15:17:20+08:00][sql] CONNECT:[ UseTime:0.000259s ] mysql:host=localhost;port=3306;dbname=ls_chnssl_com;charset=utf8
[2022-07-28T15:17:20+08:00][sql] SHOW FULL COLUMNS FROM `gxfc_menu` [ RunTime:0.000909s ]
[2022-07-28T15:17:20+08:00][sql] SELECT `id`,`app_module`,`name`,`title`,`parent`,`level`,`url`,`is_show`,`sort`,`desc`,`picture`,`is_icon`,`picture_select`,`is_control`,`addon` FROM `gxfc_menu` WHERE  `url` = 'admin/Diy/memberindex'  AND `app_module` = 'admin' ORDER BY `level` DESC LIMIT 1 [ RunTime:0.000324s ]
[2022-07-28T15:17:20+08:00][sql] SELECT `id`,`app_module`,`name`,`title`,`parent`,`level`,`url`,`is_show`,`sort`,`desc`,`picture`,`is_icon`,`picture_select`,`is_control`,`addon` FROM `gxfc_menu` WHERE  `name` = 'WEBSITE_MID_MEMBER_INDEX'  AND `app_module` = 'admin' LIMIT 1 [ RunTime:0.000270s ]
[2022-07-28T15:17:20+08:00][sql] SHOW FULL COLUMNS FROM `gxfc_config` [ RunTime:0.000760s ]
[2022-07-28T15:17:20+08:00][sql] SELECT `site_id`,`app_module`,`config_key`,`value`,`config_desc`,`is_use`,`create_time`,`modify_time` FROM `gxfc_config` WHERE  `site_id` = 0  AND `app_module` = 'shop'  AND `config_key` = 'DIY_MEMBER_INDEX_CONFIG_SHOP_0' LIMIT 1 [ RunTime:0.000240s ]
[2022-07-28T15:17:22+08:00][sql] CONNECT:[ UseTime:0.000240s ] mysql:host=localhost;port=3306;dbname=ls_chnssl_com;charset=utf8
[2022-07-28T15:17:22+08:00][sql] SHOW FULL COLUMNS FROM `gxfc_menu` [ RunTime:0.000996s ]
[2022-07-28T15:17:22+08:00][sql] SELECT `id`,`app_module`,`name`,`title`,`parent`,`level`,`url`,`is_show`,`sort`,`desc`,`picture`,`is_icon`,`picture_select`,`is_control`,`addon` FROM `gxfc_menu` WHERE  `url` = 'admin/Diy/bottomnavdesign'  AND `app_module` = 'admin' ORDER BY `level` DESC LIMIT 1 [ RunTime:0.000327s ]
[2022-07-28T15:17:22+08:00][sql] SELECT `id`,`app_module`,`name`,`title`,`parent`,`level`,`url`,`is_show`,`sort`,`desc`,`picture`,`is_icon`,`picture_select`,`is_control`,`addon` FROM `gxfc_menu` WHERE  `name` = 'WEBSITE_MID_DIY_BOTTOM_NAV'  AND `app_module` = 'admin' LIMIT 1 [ RunTime:0.000248s ]
[2022-07-28T15:17:22+08:00][sql] SHOW FULL COLUMNS FROM `gxfc_config` [ RunTime:0.000801s ]
[2022-07-28T15:17:22+08:00][sql] SELECT `site_id`,`app_module`,`config_key`,`value`,`config_desc`,`is_use`,`create_time`,`modify_time` FROM `gxfc_config` WHERE  `site_id` = 0  AND `app_module` = 'admin'  AND `config_key` = 'DIY_VIEW_ADMIN_BOTTOM_NAV_CONFIG' LIMIT 1 [ RunTime:0.000227s ]
[2022-07-28T15:17:34+08:00][sql] CONNECT:[ UseTime:0.000259s ] mysql:host=localhost;port=3306;dbname=ls_chnssl_com;charset=utf8
[2022-07-28T15:17:34+08:00][sql] SHOW FULL COLUMNS FROM `gxfc_link` [ RunTime:0.000960s ]
[2022-07-28T15:17:34+08:00][sql] SELECT * FROM `gxfc_link` WHERE  `parent` = '' ORDER BY `sort` ASC [ RunTime:0.000324s ]
[2022-07-28T15:17:34+08:00][sql] SELECT * FROM `gxfc_link` WHERE  `parent` = 'MALL_PAGE' ORDER BY `sort` ASC [ RunTime:0.000288s ]
[2022-07-28T15:17:34+08:00][sql] SELECT * FROM `gxfc_link` WHERE  `parent` = 'COMMODITY' ORDER BY `sort` ASC [ RunTime:0.000223s ]
[2022-07-28T15:17:34+08:00][sql] SELECT * FROM `gxfc_link` WHERE  `parent` = 'CUSTOM_LINK' ORDER BY `sort` ASC [ RunTime:0.000204s ]
[2022-07-28T15:17:34+08:00][sql] SELECT * FROM `gxfc_link` WHERE  `parent` = 'GAME' ORDER BY `sort` ASC [ RunTime:0.000213s ]
[2022-07-28T15:17:34+08:00][sql] SHOW FULL COLUMNS FROM `gxfc_goods_category` [ RunTime:0.000841s ]
[2022-07-28T15:17:34+08:00][sql] SELECT `category_id`,`category_name`,`short_name`,`pid`,`level`,`is_show`,`sort`,`image`,`attr_class_name`,`category_id_1`,`category_id_2`,`category_id_3`,`commission_rate`,`supply_commission_rate` FROM `gxfc_goods_category` ORDER BY `sort` ASC [ RunTime:0.000242s ]
[2022-07-28T15:18:24+08:00][sql] CONNECT:[ UseTime:0.000242s ] mysql:host=localhost;port=3306;dbname=ls_chnssl_com;charset=utf8
[2022-07-28T15:18:24+08:00][sql] SHOW FULL COLUMNS FROM `gxfc_menu` [ RunTime:0.000947s ]
[2022-07-28T15:18:24+08:00][sql] SELECT `id`,`app_module`,`name`,`title`,`parent`,`level`,`url`,`is_show`,`sort`,`desc`,`picture`,`is_icon`,`picture_select`,`is_control`,`addon` FROM `gxfc_menu` WHERE  `url` = 'admin/Album/album'  AND `app_module` = 'admin' ORDER BY `level` DESC LIMIT 1 [ RunTime:0.000371s ]
[2022-07-28T15:18:24+08:00][sql] SELECT `id`,`app_module`,`name`,`title`,`parent`,`level`,`url`,`is_show`,`sort`,`desc`,`picture`,`is_icon`,`picture_select`,`is_control`,`addon` FROM `gxfc_menu` WHERE  `name` = 'ADMIN_ALBUM_BOX'  AND `app_module` = 'admin' LIMIT 1 [ RunTime:0.000276s ]
[2022-07-28T15:18:24+08:00][sql] SELECT `id`,`app_module`,`name`,`title`,`parent`,`level`,`url`,`is_show`,`sort`,`desc`,`picture`,`is_icon`,`picture_select`,`is_control`,`addon` FROM `gxfc_menu` WHERE  `name` = 'ADMIN_ALBUM_MANAGE'  AND `app_module` = 'admin' LIMIT 1 [ RunTime:0.000271s ]
[2022-07-28T15:18:24+08:00][sql] SELECT `id`,`app_module`,`name`,`title`,`parent`,`level`,`url`,`is_show`,`sort`,`desc`,`picture`,`is_icon`,`picture_select`,`is_control`,`addon` FROM `gxfc_menu` WHERE  `name` = 'GOODS_ROOT'  AND `app_module` = 'admin' LIMIT 1 [ RunTime:0.000240s ]
[2022-07-28T15:18:24+08:00][sql] SHOW FULL COLUMNS FROM `gxfc_album` [ RunTime:0.000814s ]
[2022-07-28T15:18:24+08:00][sql] SELECT `album_id`,`site_id`,`site_name`,`album_name`,`sort`,`cover`,`desc`,`is_default`,`update_time`,`num`,`app_module` FROM `gxfc_album` WHERE  `site_id` = 0  AND `app_module` = 'admin' LIMIT 1 [ RunTime:0.000229s ]
[2022-07-28T15:18:24+08:00][sql] SELECT `album_id`,`site_id`,`album_name`,`sort`,`cover`,`desc`,`is_default`,`update_time`,`num` FROM `gxfc_album` WHERE  `site_id` = 0  AND `app_module` = 'admin' [ RunTime:0.000203s ]
[2022-07-28T15:18:25+08:00][sql] CONNECT:[ UseTime:0.000254s ] mysql:host=localhost;port=3306;dbname=ls_chnssl_com;charset=utf8
[2022-07-28T15:18:25+08:00][sql] SHOW FULL COLUMNS FROM `gxfc_album_pic` [ RunTime:0.000957s ]
[2022-07-28T15:18:25+08:00][sql] SELECT COUNT(*) AS think_count FROM `gxfc_album_pic` `a` WHERE  `site_id` = 0  AND `album_id` = 1 ORDER BY `update_time` DESC [ RunTime:0.000272s ]
[2022-07-28T15:18:25+08:00][sql] SELECT `pic_id`,`pic_name`,`pic_path`,`pic_spec`,`site_id`,`update_time` FROM `gxfc_album_pic` `a` WHERE  `site_id` = 0  AND `album_id` = 1 ORDER BY `update_time` DESC LIMIT 0,12 [ RunTime:0.000262s ]
[2022-07-28T15:18:29+08:00][sql] CONNECT:[ UseTime:0.000255s ] mysql:host=localhost;port=3306;dbname=ls_chnssl_com;charset=utf8
[2022-07-28T15:18:29+08:00][sql] SHOW FULL COLUMNS FROM `gxfc_album_pic` [ RunTime:0.000889s ]
[2022-07-28T15:18:29+08:00][sql] SELECT COUNT(*) AS think_count FROM `gxfc_album_pic` `a` WHERE  `site_id` = 0  AND `album_id` = 1 ORDER BY `update_time` DESC [ RunTime:0.000295s ]
[2022-07-28T15:18:29+08:00][sql] SELECT `pic_id`,`pic_name`,`pic_path`,`pic_spec`,`site_id`,`update_time` FROM `gxfc_album_pic` `a` WHERE  `site_id` = 0  AND `album_id` = 1 ORDER BY `update_time` DESC LIMIT 12,12 [ RunTime:0.000286s ]
[2022-07-28T15:18:32+08:00][sql] CONNECT:[ UseTime:0.000252s ] mysql:host=localhost;port=3306;dbname=ls_chnssl_com;charset=utf8
[2022-07-28T15:18:32+08:00][sql] SHOW FULL COLUMNS FROM `gxfc_album_pic` [ RunTime:0.000833s ]
[2022-07-28T15:18:32+08:00][sql] SELECT COUNT(*) AS think_count FROM `gxfc_album_pic` `a` WHERE  `site_id` = 0  AND `album_id` = 1 ORDER BY `update_time` DESC [ RunTime:0.000299s ]
[2022-07-28T15:18:32+08:00][sql] SELECT `pic_id`,`pic_name`,`pic_path`,`pic_spec`,`site_id`,`update_time` FROM `gxfc_album_pic` `a` WHERE  `site_id` = 0  AND `album_id` = 1 ORDER BY `update_time` DESC LIMIT 24,12 [ RunTime:0.000342s ]
[2022-07-28T15:18:38+08:00][sql] CONNECT:[ UseTime:0.000230s ] mysql:host=localhost;port=3306;dbname=ls_chnssl_com;charset=utf8
[2022-07-28T15:18:38+08:00][sql] SHOW FULL COLUMNS FROM `gxfc_album_pic` [ RunTime:0.000876s ]
[2022-07-28T15:18:38+08:00][sql] SELECT COUNT(*) AS think_count FROM `gxfc_album_pic` `a` WHERE  `site_id` = 0  AND `album_id` = 1 ORDER BY `update_time` DESC [ RunTime:0.000287s ]
[2022-07-28T15:18:38+08:00][sql] SELECT `pic_id`,`pic_name`,`pic_path`,`pic_spec`,`site_id`,`update_time` FROM `gxfc_album_pic` `a` WHERE  `site_id` = 0  AND `album_id` = 1 ORDER BY `update_time` DESC LIMIT 36,12 [ RunTime:0.000293s ]
[2022-07-28T15:18:42+08:00][sql] CONNECT:[ UseTime:0.000242s ] mysql:host=localhost;port=3306;dbname=ls_chnssl_com;charset=utf8
[2022-07-28T15:18:42+08:00][sql] SHOW FULL COLUMNS FROM `gxfc_album_pic` [ RunTime:0.000823s ]
[2022-07-28T15:18:42+08:00][sql] SELECT COUNT(*) AS think_count FROM `gxfc_album_pic` `a` WHERE  `site_id` = 0  AND `album_id` = 1 ORDER BY `update_time` DESC [ RunTime:0.000290s ]
[2022-07-28T15:18:42+08:00][sql] SELECT `pic_id`,`pic_name`,`pic_path`,`pic_spec`,`site_id`,`update_time` FROM `gxfc_album_pic` `a` WHERE  `site_id` = 0  AND `album_id` = 1 ORDER BY `update_time` DESC LIMIT 24,12 [ RunTime:0.000289s ]
[2022-07-28T15:18:48+08:00][sql] CONNECT:[ UseTime:0.000237s ] mysql:host=localhost;port=3306;dbname=ls_chnssl_com;charset=utf8
[2022-07-28T15:18:48+08:00][sql] SHOW FULL COLUMNS FROM `gxfc_album_pic` [ RunTime:0.000992s ]
[2022-07-28T15:18:48+08:00][sql] SELECT COUNT(*) AS think_count FROM `gxfc_album_pic` `a` WHERE  `site_id` = 0  AND `album_id` = 1 ORDER BY `update_time` DESC [ RunTime:0.000319s ]
[2022-07-28T15:18:48+08:00][sql] SELECT `pic_id`,`pic_name`,`pic_path`,`pic_spec`,`site_id`,`update_time` FROM `gxfc_album_pic` `a` WHERE  `site_id` = 0  AND `album_id` = 1 ORDER BY `update_time` DESC LIMIT 12,12 [ RunTime:0.000325s ]
[2022-07-28T15:18:51+08:00][sql] CONNECT:[ UseTime:0.000248s ] mysql:host=localhost;port=3306;dbname=ls_chnssl_com;charset=utf8
[2022-07-28T15:18:51+08:00][sql] SHOW FULL COLUMNS FROM `gxfc_album_pic` [ RunTime:0.000950s ]
[2022-07-28T15:18:51+08:00][sql] SELECT COUNT(*) AS think_count FROM `gxfc_album_pic` `a` WHERE  `site_id` = 0  AND `album_id` = 1 ORDER BY `update_time` DESC [ RunTime:0.000301s ]
[2022-07-28T15:18:51+08:00][sql] SELECT `pic_id`,`pic_name`,`pic_path`,`pic_spec`,`site_id`,`update_time` FROM `gxfc_album_pic` `a` WHERE  `site_id` = 0  AND `album_id` = 1 ORDER BY `update_time` DESC LIMIT 0,12 [ RunTime:0.000265s ]
[2022-07-28T15:19:13+08:00][sql] CONNECT:[ UseTime:0.000245s ] mysql:host=localhost;port=3306;dbname=ls_chnssl_com;charset=utf8
[2022-07-28T15:19:13+08:00][sql] SHOW FULL COLUMNS FROM `gxfc_config` [ RunTime:0.000959s ]
[2022-07-28T15:19:13+08:00][sql] SELECT `id` FROM `gxfc_config` WHERE  `site_id` = 0  AND `app_module` = 'admin'  AND `config_key` = 'DIY_VIEW_ADMIN_BOTTOM_NAV_CONFIG' LIMIT 1 [ RunTime:0.000241s ]
[2022-07-28T15:19:13+08:00][sql] UPDATE `gxfc_config`  SET `site_id` = 0 , `app_module` = 'admin' , `config_key` = 'DIY_VIEW_ADMIN_BOTTOM_NAV_CONFIG' , `value` = '\"{\\\"type\\\":1,\\\"backgroundColor\\\":\\\"#ffffff\\\",\\\"textColor\\\":\\\"#888899\\\",\\\"textHoverColor\\\":\\\"#ffd500\\\",\\\"bulge\\\":false,\\\"list\\\":[{\\\"iconPath\\\":\\\"upload\\/common\\/images\\/20220509\\/20220509035353165208283389391.png\\\",\\\"selectedIconPath\\\":\\\"upload\\/common\\/images\\/20220509\\/20220509035405165208284543888.png\\\",\\\"text\\\":\\\"\\u9996\\u9875\\\",\\\"link\\\":{\\\"addon_name\\\":\\\"\\\",\\\"addon_title\\\":null,\\\"name\\\":\\\"INDEX\\\",\\\"title\\\":\\\"\\u4e3b\\u9875\\\",\\\"web_url\\\":\\\"\\\",\\\"wap_url\\\":\\\"\\/pages\\/index\\/index\\/index\\\",\\\"icon\\\":\\\"\\\",\\\"addon_icon\\\":null,\\\"selected\\\":false,\\\"type\\\":0},\\\"imgWidth\\\":\\\"44\\\",\\\"imgHeight\\\":\\\"44\\\"},{\\\"iconPath\\\":\\\"upload\\/common\\/images\\/20220509\\/20220509035421165208286148544.png\\\",\\\"selectedIconPath\\\":\\\"upload\\/default\\/diy_view\\/bottom\\/category_selected.png\\\",\\\"text\\\":\\\"\\u8c37\\u7c92\\u5b9d\\u8d1d\\\",\\\"link\\\":{\\\"addon_name\\\":\\\"\\\",\\\"addon_title\\\":null,\\\"name\\\":\\\"\\\",\\\"title\\\":\\\"\\u8c37\\u7c92\\u5b9d\\u8d1d\\\",\\\"web_url\\\":\\\"\\\",\\\"wap_url\\\":\\\"\\/pages\\/baby\\/baby\\\",\\\"icon\\\":\\\"\\\",\\\"addon_icon\\\":null,\\\"selected\\\":false,\\\"menuOne\\\":\\\"CUSTOM_LINK\\\",\\\"type\\\":3,\\\"parent\\\":\\\"MALL_PAGE\\\",\\\"childer\\\":\\\"MALL_LINK\\\"},\\\"imgWidth\\\":\\\"44\\\",\\\"imgHeight\\\":\\\"44\\\"},{\\\"iconPath\\\":\\\"upload\\/common\\/images\\/20220509\\/20220509035435165208287526043.png\\\",\\\"selectedIconPath\\\":\\\"upload\\/common\\/images\\/20220509\\/20220509035447165208288722293.png\\\",\\\"text\\\":\\\"\\u6211\\u7684\\\",\\\"link\\\":{\\\"addon_name\\\":\\\"\\\",\\\"addon_title\\\":null,\\\"name\\\":\\\"MEMBER_INDEX\\\",\\\"title\\\":\\\"\\u4f1a\\u5458\\u4e2d\\u5fc3\\\",\\\"web_url\\\":\\\"\\\",\\\"wap_url\\\":\\\"\\/pages\\/member\\/index\\/index\\\",\\\"icon\\\":\\\"\\\",\\\"addon_icon\\\":null,\\\"selected\\\":false},\\\"imgWidth\\\":\\\"44\\\",\\\"imgHeight\\\":\\\"44\\\"}]}\"' , `config_desc` = '平台端自定义底部导航' , `is_use` = 1 , `modify_time` = 1658992753  WHERE  `site_id` = 0  AND `app_module` = 'admin'  AND `config_key` = 'DIY_VIEW_ADMIN_BOTTOM_NAV_CONFIG' [ RunTime:0.005178s ]
[2022-07-28T15:19:13+08:00][sql] CONNECT:[ UseTime:0.000267s ] mysql:host=localhost;port=3306;dbname=ls_chnssl_com;charset=utf8
[2022-07-28T15:19:13+08:00][sql] SHOW FULL COLUMNS FROM `gxfc_config` [ RunTime:0.000895s ]
[2022-07-28T15:19:13+08:00][sql] SELECT `site_id`,`app_module`,`config_key`,`value`,`config_desc`,`is_use`,`create_time`,`modify_time` FROM `gxfc_config` WHERE  `site_id` = 0  AND `app_module` = 'admin'  AND `config_key` = 'COPYRIGHT' LIMIT 1 [ RunTime:0.000238s ]
[2022-07-28T15:19:13+08:00][sql] SELECT `site_id`,`app_module`,`config_key`,`value`,`config_desc`,`is_use`,`create_time`,`modify_time` FROM `gxfc_config` WHERE  `site_id` = 0  AND `app_module` = 'admin'  AND `config_key` = 'DEFAULT_IMAGE' LIMIT 1 [ RunTime:0.000283s ]
[2022-07-28T15:19:13+08:00][sql] SELECT `site_id`,`app_module`,`config_key`,`value`,`config_desc`,`is_use`,`create_time`,`modify_time` FROM `gxfc_config` WHERE  `site_id` = 0  AND `app_module` = 'admin'  AND `config_key` = 'DIY_VIEW_ADMIN_BOTTOM_NAV_CONFIG' LIMIT 1 [ RunTime:0.000214s ]
[2022-07-28T15:19:16+08:00][sql] CONNECT:[ UseTime:0.000296s ] mysql:host=localhost;port=3306;dbname=ls_chnssl_com;charset=utf8
[2022-07-28T15:19:16+08:00][sql] SHOW FULL COLUMNS FROM `gxfc_link` [ RunTime:0.001232s ]
[2022-07-28T15:19:16+08:00][sql] SELECT * FROM `gxfc_link` WHERE  `parent` = '' ORDER BY `sort` ASC [ RunTime:0.000381s ]
[2022-07-28T15:19:16+08:00][sql] SELECT * FROM `gxfc_link` WHERE  `parent` = 'MALL_PAGE' ORDER BY `sort` ASC [ RunTime:0.000331s ]
[2022-07-28T15:19:16+08:00][sql] SELECT * FROM `gxfc_link` WHERE  `parent` = 'COMMODITY' ORDER BY `sort` ASC [ RunTime:0.001762s ]
[2022-07-28T15:19:16+08:00][sql] SELECT * FROM `gxfc_link` WHERE  `parent` = 'CUSTOM_LINK' ORDER BY `sort` ASC [ RunTime:0.000284s ]
[2022-07-28T15:19:16+08:00][sql] SELECT * FROM `gxfc_link` WHERE  `parent` = 'GAME' ORDER BY `sort` ASC [ RunTime:0.000267s ]
[2022-07-28T16:02:51+08:00][sql] CONNECT:[ UseTime:0.000261s ] mysql:host=localhost;port=3306;dbname=ls_chnssl_com;charset=utf8
[2022-07-28T16:02:51+08:00][sql] SHOW FULL COLUMNS FROM `gxfc_album` [ RunTime:0.000961s ]
[2022-07-28T16:02:51+08:00][sql] SELECT `album_id`,`site_id`,`site_name`,`album_name`,`sort`,`cover`,`desc`,`is_default`,`update_time`,`num`,`app_module` FROM `gxfc_album` WHERE  `site_id` = 0  AND `app_module` = 'admin' LIMIT 1 [ RunTime:0.000254s ]
[2022-07-28T16:02:51+08:00][sql] SELECT `album_id`,`site_id`,`album_name`,`sort`,`cover`,`desc`,`is_default`,`update_time`,`num` FROM `gxfc_album` WHERE  `site_id` = 0  AND `app_module` = 'admin' [ RunTime:0.000172s ]
[2022-07-28T16:02:52+08:00][sql] CONNECT:[ UseTime:0.000280s ] mysql:host=localhost;port=3306;dbname=ls_chnssl_com;charset=utf8
[2022-07-28T16:02:52+08:00][sql] SHOW FULL COLUMNS FROM `gxfc_album_pic` [ RunTime:0.000887s ]
[2022-07-28T16:02:52+08:00][sql] SELECT COUNT(*) AS think_count FROM `gxfc_album_pic` `a` WHERE  `site_id` = 0  AND `album_id` = 1 ORDER BY `update_time` DESC [ RunTime:0.000324s ]
[2022-07-28T16:02:52+08:00][sql] SELECT `pic_id`,`pic_name`,`pic_path`,`pic_spec`,`site_id`,`update_time` FROM `gxfc_album_pic` `a` WHERE  `site_id` = 0  AND `album_id` = 1 ORDER BY `update_time` DESC LIMIT 0,12 [ RunTime:0.000305s ]
[2022-07-28T16:03:04+08:00][sql] CONNECT:[ UseTime:0.000219s ] mysql:host=localhost;port=3306;dbname=ls_chnssl_com;charset=utf8
[2022-07-28T16:03:04+08:00][sql] SHOW FULL COLUMNS FROM `gxfc_config` [ RunTime:0.000916s ]
[2022-07-28T16:03:04+08:00][sql] SELECT `site_id`,`app_module`,`config_key`,`value`,`config_desc`,`is_use`,`create_time`,`modify_time` FROM `gxfc_config` WHERE  `site_id` = 0  AND `app_module` = 'admin'  AND `config_key` = 'UPLOAD_CONFIG' LIMIT 1 [ RunTime:0.000275s ]
[2022-07-28T16:03:04+08:00][sql] SELECT `site_id`,`app_module`,`config_key`,`value`,`config_desc`,`is_use`,`create_time`,`modify_time` FROM `gxfc_config` WHERE  `site_id` = 0  AND `app_module` = 'admin'  AND `config_key` = 'ALIOSS_CONFIG' LIMIT 1 [ RunTime:0.000274s ]
[2022-07-28T16:03:04+08:00][sql] SELECT `site_id`,`app_module`,`config_key`,`value`,`config_desc`,`is_use`,`create_time`,`modify_time` FROM `gxfc_config` WHERE  `site_id` = 0  AND `app_module` = 'admin'  AND `config_key` = 'QINIU_CONFIG' LIMIT 1 [ RunTime:0.000231s ]
[2022-07-28T16:03:04+08:00][sql] SHOW FULL COLUMNS FROM `gxfc_album_pic` [ RunTime:0.000927s ]
[2022-07-28T16:03:04+08:00][sql] INSERT INTO `gxfc_album_pic` SET `pic_path` = 'upload/common/images/20220728/20220728040304165899538473413.png' , `pic_name` = '宝贝@2x' , `pic_spec` = '44*40' , `update_time` = 1658995384 , `site_id` = 0 , `album_id` = 1 [ RunTime:0.007172s ]
[2022-07-28T16:03:04+08:00][sql] SELECT COUNT(*) AS think_count FROM `gxfc_album_pic` WHERE  `album_id` = 1 [ RunTime:0.000329s ]
[2022-07-28T16:03:04+08:00][sql] SHOW FULL COLUMNS FROM `gxfc_album` [ RunTime:0.001120s ]
[2022-07-28T16:03:04+08:00][sql] UPDATE `gxfc_album`  SET `num` = 49  WHERE  `album_id` = 1 [ RunTime:0.003997s ]
[2022-07-28T16:03:05+08:00][sql] CONNECT:[ UseTime:0.000240s ] mysql:host=localhost;port=3306;dbname=ls_chnssl_com;charset=utf8
[2022-07-28T16:03:05+08:00][sql] SHOW FULL COLUMNS FROM `gxfc_album_pic` [ RunTime:0.000881s ]
[2022-07-28T16:03:05+08:00][sql] SELECT COUNT(*) AS think_count FROM `gxfc_album_pic` `a` WHERE  `site_id` = 0  AND `album_id` = 1 ORDER BY `update_time` DESC [ RunTime:0.000300s ]
[2022-07-28T16:03:05+08:00][sql] SELECT `pic_id`,`pic_name`,`pic_path`,`pic_spec`,`site_id`,`update_time` FROM `gxfc_album_pic` `a` WHERE  `site_id` = 0  AND `album_id` = 1 ORDER BY `update_time` DESC LIMIT 0,12 [ RunTime:0.000291s ]
[2022-07-28T16:03:24+08:00][sql] CONNECT:[ UseTime:0.000240s ] mysql:host=localhost;port=3306;dbname=ls_chnssl_com;charset=utf8
[2022-07-28T16:03:24+08:00][sql] SHOW FULL COLUMNS FROM `gxfc_config` [ RunTime:0.000867s ]
[2022-07-28T16:03:24+08:00][sql] SELECT `id` FROM `gxfc_config` WHERE  `site_id` = 0  AND `app_module` = 'admin'  AND `config_key` = 'DIY_VIEW_ADMIN_BOTTOM_NAV_CONFIG' LIMIT 1 [ RunTime:0.000232s ]
[2022-07-28T16:03:24+08:00][sql] UPDATE `gxfc_config`  SET `site_id` = 0 , `app_module` = 'admin' , `config_key` = 'DIY_VIEW_ADMIN_BOTTOM_NAV_CONFIG' , `value` = '\"{\\\"type\\\":1,\\\"backgroundColor\\\":\\\"#ffffff\\\",\\\"textColor\\\":\\\"#888899\\\",\\\"textHoverColor\\\":\\\"#ffd500\\\",\\\"bulge\\\":false,\\\"list\\\":[{\\\"iconPath\\\":\\\"upload\\/common\\/images\\/20220509\\/20220509035353165208283389391.png\\\",\\\"selectedIconPath\\\":\\\"upload\\/common\\/images\\/20220509\\/20220509035405165208284543888.png\\\",\\\"text\\\":\\\"\\u9996\\u9875\\\",\\\"link\\\":{\\\"addon_name\\\":\\\"\\\",\\\"addon_title\\\":null,\\\"name\\\":\\\"INDEX\\\",\\\"title\\\":\\\"\\u4e3b\\u9875\\\",\\\"web_url\\\":\\\"\\\",\\\"wap_url\\\":\\\"\\/pages\\/index\\/index\\/index\\\",\\\"icon\\\":\\\"\\\",\\\"addon_icon\\\":null,\\\"selected\\\":false,\\\"type\\\":0},\\\"imgWidth\\\":\\\"44\\\",\\\"imgHeight\\\":\\\"44\\\"},{\\\"iconPath\\\":\\\"upload\\/common\\/images\\/20220509\\/20220509035421165208286148544.png\\\",\\\"selectedIconPath\\\":\\\"upload\\/common\\/images\\/20220728\\/20220728040304165899538473413.png\\\",\\\"text\\\":\\\"\\u8c37\\u7c92\\u5b9d\\u8d1d\\\",\\\"link\\\":{\\\"addon_name\\\":\\\"\\\",\\\"addon_title\\\":null,\\\"name\\\":\\\"\\\",\\\"title\\\":\\\"\\u8c37\\u7c92\\u5b9d\\u8d1d\\\",\\\"web_url\\\":\\\"\\\",\\\"wap_url\\\":\\\"\\/pages\\/baby\\/baby\\\",\\\"icon\\\":\\\"\\\",\\\"addon_icon\\\":null,\\\"selected\\\":false,\\\"menuOne\\\":\\\"CUSTOM_LINK\\\",\\\"type\\\":3,\\\"parent\\\":\\\"MALL_PAGE\\\",\\\"childer\\\":\\\"MALL_LINK\\\"},\\\"imgWidth\\\":\\\"44\\\",\\\"imgHeight\\\":\\\"40\\\"},{\\\"iconPath\\\":\\\"upload\\/common\\/images\\/20220509\\/20220509035435165208287526043.png\\\",\\\"selectedIconPath\\\":\\\"upload\\/common\\/images\\/20220509\\/20220509035447165208288722293.png\\\",\\\"text\\\":\\\"\\u6211\\u7684\\\",\\\"link\\\":{\\\"addon_name\\\":\\\"\\\",\\\"addon_title\\\":null,\\\"name\\\":\\\"MEMBER_INDEX\\\",\\\"title\\\":\\\"\\u4f1a\\u5458\\u4e2d\\u5fc3\\\",\\\"web_url\\\":\\\"\\\",\\\"wap_url\\\":\\\"\\/pages\\/member\\/index\\/index\\\",\\\"icon\\\":\\\"\\\",\\\"addon_icon\\\":null,\\\"selected\\\":false},\\\"imgWidth\\\":\\\"44\\\",\\\"imgHeight\\\":\\\"44\\\"}]}\"' , `config_desc` = '平台端自定义底部导航' , `is_use` = 1 , `modify_time` = 1658995404  WHERE  `site_id` = 0  AND `app_module` = 'admin'  AND `config_key` = 'DIY_VIEW_ADMIN_BOTTOM_NAV_CONFIG' [ RunTime:0.004920s ]
[2022-07-28T16:03:24+08:00][sql] CONNECT:[ UseTime:0.000217s ] mysql:host=localhost;port=3306;dbname=ls_chnssl_com;charset=utf8
[2022-07-28T16:03:24+08:00][sql] SHOW FULL COLUMNS FROM `gxfc_config` [ RunTime:0.000910s ]
[2022-07-28T16:03:24+08:00][sql] SELECT `site_id`,`app_module`,`config_key`,`value`,`config_desc`,`is_use`,`create_time`,`modify_time` FROM `gxfc_config` WHERE  `site_id` = 0  AND `app_module` = 'admin'  AND `config_key` = 'COPYRIGHT' LIMIT 1 [ RunTime:0.000240s ]
[2022-07-28T16:03:24+08:00][sql] SELECT `site_id`,`app_module`,`config_key`,`value`,`config_desc`,`is_use`,`create_time`,`modify_time` FROM `gxfc_config` WHERE  `site_id` = 0  AND `app_module` = 'admin'  AND `config_key` = 'DEFAULT_IMAGE' LIMIT 1 [ RunTime:0.000180s ]
[2022-07-28T16:03:24+08:00][sql] SELECT `site_id`,`app_module`,`config_key`,`value`,`config_desc`,`is_use`,`create_time`,`modify_time` FROM `gxfc_config` WHERE  `site_id` = 0  AND `app_module` = 'admin'  AND `config_key` = 'DIY_VIEW_ADMIN_BOTTOM_NAV_CONFIG' LIMIT 1 [ RunTime:0.000229s ]
[2022-07-28T16:03:50+08:00][sql] CONNECT:[ UseTime:0.000242s ] mysql:host=localhost;port=3306;dbname=ls_chnssl_com;charset=utf8
[2022-07-28T16:03:50+08:00][sql] SHOW FULL COLUMNS FROM `gxfc_link` [ RunTime:0.000906s ]
[2022-07-28T16:03:50+08:00][sql] SELECT * FROM `gxfc_link` WHERE  `parent` = '' ORDER BY `sort` ASC [ RunTime:0.000285s ]
[2022-07-28T16:03:50+08:00][sql] SELECT * FROM `gxfc_link` WHERE  `parent` = 'MALL_PAGE' ORDER BY `sort` ASC [ RunTime:0.000244s ]
[2022-07-28T16:03:50+08:00][sql] SELECT * FROM `gxfc_link` WHERE  `parent` = 'COMMODITY' ORDER BY `sort` ASC [ RunTime:0.000243s ]
[2022-07-28T16:03:50+08:00][sql] SELECT * FROM `gxfc_link` WHERE  `parent` = 'CUSTOM_LINK' ORDER BY `sort` ASC [ RunTime:0.000210s ]
[2022-07-28T16:03:50+08:00][sql] SELECT * FROM `gxfc_link` WHERE  `parent` = 'GAME' ORDER BY `sort` ASC [ RunTime:0.000247s ]
[2022-07-28T16:03:56+08:00][sql] CONNECT:[ UseTime:0.000236s ] mysql:host=localhost;port=3306;dbname=ls_chnssl_com;charset=utf8
[2022-07-28T16:03:56+08:00][sql] SHOW FULL COLUMNS FROM `gxfc_config` [ RunTime:0.000917s ]
[2022-07-28T16:03:56+08:00][sql] SELECT `id` FROM `gxfc_config` WHERE  `site_id` = 0  AND `app_module` = 'admin'  AND `config_key` = 'DIY_VIEW_ADMIN_BOTTOM_NAV_CONFIG' LIMIT 1 [ RunTime:0.000210s ]
[2022-07-28T16:03:56+08:00][sql] UPDATE `gxfc_config`  SET `site_id` = 0 , `app_module` = 'admin' , `config_key` = 'DIY_VIEW_ADMIN_BOTTOM_NAV_CONFIG' , `value` = '\"{\\\"type\\\":1,\\\"backgroundColor\\\":\\\"#ffffff\\\",\\\"textColor\\\":\\\"#888899\\\",\\\"textHoverColor\\\":\\\"#ffd500\\\",\\\"bulge\\\":false,\\\"list\\\":[{\\\"iconPath\\\":\\\"upload\\/common\\/images\\/20220509\\/20220509035353165208283389391.png\\\",\\\"selectedIconPath\\\":\\\"upload\\/common\\/images\\/20220509\\/20220509035405165208284543888.png\\\",\\\"text\\\":\\\"\\u9996\\u9875\\\",\\\"link\\\":{\\\"addon_name\\\":\\\"\\\",\\\"addon_title\\\":null,\\\"name\\\":\\\"INDEX\\\",\\\"title\\\":\\\"\\u4e3b\\u9875\\\",\\\"web_url\\\":\\\"\\\",\\\"wap_url\\\":\\\"\\/pages\\/index\\/index\\/index\\\",\\\"icon\\\":\\\"\\\",\\\"addon_icon\\\":null,\\\"selected\\\":false,\\\"type\\\":0},\\\"imgWidth\\\":\\\"44\\\",\\\"imgHeight\\\":\\\"44\\\"},{\\\"iconPath\\\":\\\"upload\\/common\\/images\\/20220509\\/20220509035421165208286148544.png\\\",\\\"selectedIconPath\\\":\\\"upload\\/common\\/images\\/20220728\\/20220728040304165899538473413.png\\\",\\\"text\\\":\\\"\\u8c37\\u7c92\\u5b9d\\u8d1d\\\",\\\"link\\\":{\\\"addon_name\\\":\\\"\\\",\\\"addon_title\\\":null,\\\"name\\\":\\\"\\\",\\\"title\\\":\\\"\\u8c37\\u7c92\\u5b9d\\u8d1d\\\",\\\"web_url\\\":\\\"\\\",\\\"wap_url\\\":\\\"\\/pages\\/baby\\/baby\\\",\\\"icon\\\":\\\"\\\",\\\"addon_icon\\\":null,\\\"selected\\\":false,\\\"menuOne\\\":\\\"CUSTOM_LINK\\\",\\\"type\\\":3,\\\"parent\\\":\\\"MALL_PAGE\\\",\\\"childer\\\":\\\"MALL_LINK\\\"},\\\"imgWidth\\\":\\\"44\\\",\\\"imgHeight\\\":\\\"40\\\"},{\\\"iconPath\\\":\\\"upload\\/common\\/images\\/20220509\\/20220509035435165208287526043.png\\\",\\\"selectedIconPath\\\":\\\"upload\\/common\\/images\\/20220509\\/20220509035447165208288722293.png\\\",\\\"text\\\":\\\"\\u6211\\u7684\\\",\\\"link\\\":{\\\"addon_name\\\":\\\"\\\",\\\"addon_title\\\":null,\\\"name\\\":\\\"MEMBER_INDEX\\\",\\\"title\\\":\\\"\\u4f1a\\u5458\\u4e2d\\u5fc3\\\",\\\"web_url\\\":\\\"\\\",\\\"wap_url\\\":\\\"\\/pages\\/member\\/index\\/index\\\",\\\"icon\\\":\\\"\\\",\\\"addon_icon\\\":null,\\\"selected\\\":false},\\\"imgWidth\\\":\\\"44\\\",\\\"imgHeight\\\":\\\"44\\\"}]}\"' , `config_desc` = '平台端自定义底部导航' , `is_use` = 1 , `modify_time` = 1658995436  WHERE  `site_id` = 0  AND `app_module` = 'admin'  AND `config_key` = 'DIY_VIEW_ADMIN_BOTTOM_NAV_CONFIG' [ RunTime:0.005282s ]
[2022-07-28T16:03:56+08:00][sql] CONNECT:[ UseTime:0.000253s ] mysql:host=localhost;port=3306;dbname=ls_chnssl_com;charset=utf8
[2022-07-28T16:03:56+08:00][sql] SHOW FULL COLUMNS FROM `gxfc_config` [ RunTime:0.000849s ]
[2022-07-28T16:03:56+08:00][sql] SELECT `site_id`,`app_module`,`config_key`,`value`,`config_desc`,`is_use`,`create_time`,`modify_time` FROM `gxfc_config` WHERE  `site_id` = 0  AND `app_module` = 'admin'  AND `config_key` = 'COPYRIGHT' LIMIT 1 [ RunTime:0.000234s ]
[2022-07-28T16:03:56+08:00][sql] SELECT `site_id`,`app_module`,`config_key`,`value`,`config_desc`,`is_use`,`create_time`,`modify_time` FROM `gxfc_config` WHERE  `site_id` = 0  AND `app_module` = 'admin'  AND `config_key` = 'DEFAULT_IMAGE' LIMIT 1 [ RunTime:0.000214s ]
[2022-07-28T16:03:56+08:00][sql] SELECT `site_id`,`app_module`,`config_key`,`value`,`config_desc`,`is_use`,`create_time`,`modify_time` FROM `gxfc_config` WHERE  `site_id` = 0  AND `app_module` = 'admin'  AND `config_key` = 'DIY_VIEW_ADMIN_BOTTOM_NAV_CONFIG' LIMIT 1 [ RunTime:0.000211s ]
[2022-07-28T17:14:32+08:00][sql] CONNECT:[ UseTime:0.000248s ] mysql:host=localhost;port=3306;dbname=ls_chnssl_com;charset=utf8
[2022-07-28T17:14:32+08:00][sql] SHOW FULL COLUMNS FROM `gxfc_user` [ RunTime:0.001113s ]
[2022-07-28T17:14:32+08:00][sql] SELECT `uid`,`app_module`,`app_group`,`is_admin`,`site_id`,`group_id`,`group_name`,`username`,`password`,`member_id`,`create_time`,`update_time`,`status`,`login_time`,`login_ip` FROM `gxfc_user` WHERE  `username` = 'admin'  AND `app_module` = 'admin' LIMIT 1 [ RunTime:0.000283s ]
[2022-07-28T17:14:32+08:00][sql] UPDATE `gxfc_user`  SET `login_time` = 1658999672 , `login_ip` = '27.18.144.184'  WHERE  `uid` = 1 [ RunTime:0.004685s ]
[2022-07-28T17:14:32+08:00][sql] SHOW FULL COLUMNS FROM `gxfc_user_log` [ RunTime:0.000728s ]
[2022-07-28T17:14:32+08:00][sql] INSERT INTO `gxfc_user_log` SET `uid` = 1 , `username` = 'admin' , `site_id` = 0 , `url` = 'admin/Login/login' , `ip` = '27.18.144.184' , `data` = '[]' , `action_name` = '用户登录' , `create_time` = 1658999672 [ RunTime:0.003557s ]
[2022-07-28T17:14:33+08:00][sql] CONNECT:[ UseTime:0.000244s ] mysql:host=localhost;port=3306;dbname=ls_chnssl_com;charset=utf8
[2022-07-28T17:14:33+08:00][sql] SHOW FULL COLUMNS FROM `gxfc_menu` [ RunTime:0.000893s ]
[2022-07-28T17:14:33+08:00][sql] SELECT `id`,`app_module`,`name`,`title`,`parent`,`level`,`url`,`is_show`,`sort`,`desc`,`picture`,`is_icon`,`picture_select`,`is_control`,`addon` FROM `gxfc_menu` WHERE  `url` = 'admin/Index/index'  AND `app_module` = 'admin' ORDER BY `level` DESC LIMIT 1 [ RunTime:0.000357s ]
[2022-07-28T17:14:33+08:00][sql] SELECT `id`,`app_module`,`name`,`title`,`parent`,`level`,`url`,`is_show`,`sort`,`desc`,`picture`,`is_icon`,`picture_select`,`is_control`,`addon` FROM `gxfc_menu` WHERE  `name` = 'INDEX_ROOT'  AND `app_module` = 'admin' LIMIT 1 [ RunTime:0.000258s ]
[2022-07-28T17:14:33+08:00][sql] SHOW FULL COLUMNS FROM `gxfc_stat_shop` [ RunTime:0.000874s ]
[2022-07-28T17:14:33+08:00][sql] SELECT `id`,`site_id`,`year`,`month`,`day`,`order_total`,`shipping_total`,`refund_total`,`order_pay_count`,`goods_pay_count`,`shop_money`,`platform_money`,`create_time`,`modify_time`,`collect_shop`,`collect_goods`,`visit_count`,`order_count`,`goods_count`,`add_goods_count`,`day_time`,`member_count` FROM `gxfc_stat_shop` WHERE  `site_id` = 0  AND `year` = 2022  AND `month` = 7  AND `day` = 28 LIMIT 1 [ RunTime:0.000282s ]
[2022-07-28T17:14:33+08:00][sql] SELECT `id`,`site_id`,`year`,`month`,`day`,`order_total`,`shipping_total`,`refund_total`,`order_pay_count`,`goods_pay_count`,`shop_money`,`platform_money`,`create_time`,`modify_time`,`collect_shop`,`collect_goods`,`visit_count`,`order_count`,`goods_count`,`add_goods_count`,`day_time`,`member_count` FROM `gxfc_stat_shop` WHERE  `site_id` = 0  AND `year` = 2022  AND `month` = 7  AND `day` = 28 LIMIT 1 [ RunTime:0.000242s ]
[2022-07-28T17:14:33+08:00][sql] SELECT `id`,`site_id`,`year`,`month`,`day`,`order_total`,`shipping_total`,`refund_total`,`order_pay_count`,`goods_pay_count`,`shop_money`,`platform_money`,`create_time`,`modify_time`,`collect_shop`,`collect_goods`,`visit_count`,`order_count`,`goods_count`,`add_goods_count`,`day_time`,`member_count` FROM `gxfc_stat_shop` WHERE  `site_id` = 0  AND `year` = 2022  AND `month` = 7  AND `day` = 27 LIMIT 1 [ RunTime:0.000226s ]
[2022-07-28T17:14:33+08:00][sql] SELECT `id`,`site_id`,`year`,`month`,`day`,`order_total`,`shipping_total`,`refund_total`,`order_pay_count`,`goods_pay_count`,`shop_money`,`platform_money`,`create_time`,`modify_time`,`collect_shop`,`collect_goods`,`visit_count`,`order_count`,`goods_count`,`add_goods_count`,`day_time`,`member_count` FROM `gxfc_stat_shop` WHERE  `site_id` = 0  AND `year` = 2022  AND `month` = 07  AND `day` = 19 LIMIT 1 [ RunTime:0.000259s ]
[2022-07-28T17:14:33+08:00][sql] SELECT `id`,`site_id`,`year`,`month`,`day`,`order_total`,`shipping_total`,`refund_total`,`order_pay_count`,`goods_pay_count`,`shop_money`,`platform_money`,`create_time`,`modify_time`,`collect_shop`,`collect_goods`,`visit_count`,`order_count`,`goods_count`,`add_goods_count`,`day_time`,`member_count` FROM `gxfc_stat_shop` WHERE  `site_id` = 0  AND `year` = 2022  AND `month` = 07  AND `day` = 20 LIMIT 1 [ RunTime:0.000231s ]
[2022-07-28T17:14:33+08:00][sql] SELECT `id`,`site_id`,`year`,`month`,`day`,`order_total`,`shipping_total`,`refund_total`,`order_pay_count`,`goods_pay_count`,`shop_money`,`platform_money`,`create_time`,`modify_time`,`collect_shop`,`collect_goods`,`visit_count`,`order_count`,`goods_count`,`add_goods_count`,`day_time`,`member_count` FROM `gxfc_stat_shop` WHERE  `site_id` = 0  AND `year` = 2022  AND `month` = 07  AND `day` = 21 LIMIT 1 [ RunTime:0.000262s ]
[2022-07-28T17:14:33+08:00][sql] SELECT `id`,`site_id`,`year`,`month`,`day`,`order_total`,`shipping_total`,`refund_total`,`order_pay_count`,`goods_pay_count`,`shop_money`,`platform_money`,`create_time`,`modify_time`,`collect_shop`,`collect_goods`,`visit_count`,`order_count`,`goods_count`,`add_goods_count`,`day_time`,`member_count` FROM `gxfc_stat_shop` WHERE  `site_id` = 0  AND `year` = 2022  AND `month` = 07  AND `day` = 22 LIMIT 1 [ RunTime:0.000256s ]
[2022-07-28T17:14:33+08:00][sql] SELECT `id`,`site_id`,`year`,`month`,`day`,`order_total`,`shipping_total`,`refund_total`,`order_pay_count`,`goods_pay_count`,`shop_money`,`platform_money`,`create_time`,`modify_time`,`collect_shop`,`collect_goods`,`visit_count`,`order_count`,`goods_count`,`add_goods_count`,`day_time`,`member_count` FROM `gxfc_stat_shop` WHERE  `site_id` = 0  AND `year` = 2022  AND `month` = 07  AND `day` = 23 LIMIT 1 [ RunTime:0.000250s ]
[2022-07-28T17:14:33+08:00][sql] SELECT `id`,`site_id`,`year`,`month`,`day`,`order_total`,`shipping_total`,`refund_total`,`order_pay_count`,`goods_pay_count`,`shop_money`,`platform_money`,`create_time`,`modify_time`,`collect_shop`,`collect_goods`,`visit_count`,`order_count`,`goods_count`,`add_goods_count`,`day_time`,`member_count` FROM `gxfc_stat_shop` WHERE  `site_id` = 0  AND `year` = 2022  AND `month` = 07  AND `day` = 24 LIMIT 1 [ RunTime:0.000263s ]
[2022-07-28T17:14:33+08:00][sql] SELECT `id`,`site_id`,`year`,`month`,`day`,`order_total`,`shipping_total`,`refund_total`,`order_pay_count`,`goods_pay_count`,`shop_money`,`platform_money`,`create_time`,`modify_time`,`collect_shop`,`collect_goods`,`visit_count`,`order_count`,`goods_count`,`add_goods_count`,`day_time`,`member_count` FROM `gxfc_stat_shop` WHERE  `site_id` = 0  AND `year` = 2022  AND `month` = 07  AND `day` = 25 LIMIT 1 [ RunTime:0.000233s ]
[2022-07-28T17:14:33+08:00][sql] SELECT `id`,`site_id`,`year`,`month`,`day`,`order_total`,`shipping_total`,`refund_total`,`order_pay_count`,`goods_pay_count`,`shop_money`,`platform_money`,`create_time`,`modify_time`,`collect_shop`,`collect_goods`,`visit_count`,`order_count`,`goods_count`,`add_goods_count`,`day_time`,`member_count` FROM `gxfc_stat_shop` WHERE  `site_id` = 0  AND `year` = 2022  AND `month` = 07  AND `day` = 26 LIMIT 1 [ RunTime:0.000232s ]
[2022-07-28T17:14:33+08:00][sql] SELECT `id`,`site_id`,`year`,`month`,`day`,`order_total`,`shipping_total`,`refund_total`,`order_pay_count`,`goods_pay_count`,`shop_money`,`platform_money`,`create_time`,`modify_time`,`collect_shop`,`collect_goods`,`visit_count`,`order_count`,`goods_count`,`add_goods_count`,`day_time`,`member_count` FROM `gxfc_stat_shop` WHERE  `site_id` = 0  AND `year` = 2022  AND `month` = 07  AND `day` = 27 LIMIT 1 [ RunTime:0.000281s ]
[2022-07-28T17:14:33+08:00][sql] SELECT `id`,`site_id`,`year`,`month`,`day`,`order_total`,`shipping_total`,`refund_total`,`order_pay_count`,`goods_pay_count`,`shop_money`,`platform_money`,`create_time`,`modify_time`,`collect_shop`,`collect_goods`,`visit_count`,`order_count`,`goods_count`,`add_goods_count`,`day_time`,`member_count` FROM `gxfc_stat_shop` WHERE  `site_id` = 0  AND `year` = 2022  AND `month` = 07  AND `day` = 28 LIMIT 1 [ RunTime:0.000257s ]
[2022-07-28T17:14:33+08:00][sql] SHOW FULL COLUMNS FROM `gxfc_order` [ RunTime:0.001246s ]
[2022-07-28T17:14:33+08:00][sql] SELECT COUNT(*) AS think_count FROM `gxfc_order` WHERE  `order_status` = 0  AND `is_delete` = 0 [ RunTime:0.000191s ]
[2022-07-28T17:14:33+08:00][sql] SELECT COUNT(*) AS think_count FROM `gxfc_order` WHERE  `order_status` = 1  AND `is_delete` = 0 [ RunTime:0.000341s ]
[2022-07-28T17:14:33+08:00][sql] SHOW FULL COLUMNS FROM `gxfc_order_goods` [ RunTime:0.000945s ]
[2022-07-28T17:14:33+08:00][sql] SELECT COUNT(*) AS think_count FROM `gxfc_order_goods` WHERE  `refund_status` NOT IN (0,3) [ RunTime:0.000294s ]
[2022-07-28T17:14:33+08:00][sql] SHOW FULL COLUMNS FROM `gxfc_goods` [ RunTime:0.000936s ]
[2022-07-28T17:14:33+08:00][sql] SELECT COUNT(*) AS think_count FROM `gxfc_goods` WHERE  `goods_state` = 1  AND `is_delete` = 0 [ RunTime:0.000240s ]
[2022-07-28T17:14:33+08:00][sql] SELECT COUNT(*) AS think_count FROM `gxfc_goods` WHERE  `goods_state` = 0  AND `is_delete` = 0 [ RunTime:0.000209s ]
[2022-07-28T17:14:33+08:00][sql] SHOW FULL COLUMNS FROM `gxfc_fenxiao_withdraw` [ RunTime:0.000879s ]
[2022-07-28T17:14:33+08:00][sql] SELECT COUNT(`id`) AS think_count FROM `gxfc_fenxiao_withdraw` WHERE  `status` = 1 [ RunTime:0.000157s ]
[2022-07-28T17:14:33+08:00][sql] SHOW FULL COLUMNS FROM `gxfc_fenxiao_apply` [ RunTime:0.000716s ]
[2022-07-28T17:14:33+08:00][sql] SELECT COUNT(`apply_id`) AS think_count FROM `gxfc_fenxiao_apply` WHERE  `status` = 1 [ RunTime:0.000144s ]
[2022-07-28T17:14:33+08:00][sql] SHOW FULL COLUMNS FROM `gxfc_order_complain` [ RunTime:0.000817s ]
[2022-07-28T17:14:33+08:00][sql] SELECT COUNT(*) AS think_count FROM `gxfc_order_complain` WHERE  `complain_status` = 1 [ RunTime:0.000170s ]
[2022-07-28T17:14:33+08:00][sql] SELECT SUM(`order_money`) AS think_sum FROM `gxfc_order` [ RunTime:0.000387s ]
[2022-07-28T17:14:33+08:00][sql] SHOW FULL COLUMNS FROM `gxfc_member` [ RunTime:0.000952s ]
[2022-07-28T17:14:33+08:00][sql] SELECT COUNT(*) AS think_count FROM `gxfc_member` [ RunTime:0.000128s ]
[2022-07-28T17:14:33+08:00][sql] SHOW FULL COLUMNS FROM `gxfc_shop_apply` [ RunTime:0.000810s ]
[2022-07-28T17:14:33+08:00][sql] SELECT COUNT(*) AS think_count FROM `gxfc_shop_apply` WHERE  `create_time` BETWEEN 1658937600 AND 1659023999 [ RunTime:0.000154s ]
[2022-07-28T17:14:33+08:00][sql] SELECT COUNT(*) AS think_count FROM `gxfc_shop_apply` WHERE  `create_time` BETWEEN 1658851200 AND 1658937599 [ RunTime:0.000159s ]
[2022-07-28T17:14:33+08:00][sql] SHOW FULL COLUMNS FROM `gxfc_shop` [ RunTime:0.001023s ]
[2022-07-28T17:14:33+08:00][sql] SELECT COUNT(*) AS think_count FROM `gxfc_shop` WHERE  `create_time` BETWEEN 1658937600 AND 1659023999 [ RunTime:0.000166s ]
[2022-07-28T17:14:33+08:00][sql] SELECT COUNT(*) AS think_count FROM `gxfc_shop` [ RunTime:0.000130s ]
[2022-07-28T17:14:33+08:00][sql] SELECT COUNT(*) AS think_count FROM `gxfc_goods` [ RunTime:0.000133s ]
[2022-07-28T17:14:36+08:00][sql] CONNECT:[ UseTime:0.000231s ] mysql:host=localhost;port=3306;dbname=ls_chnssl_com;charset=utf8
[2022-07-28T17:14:36+08:00][sql] SHOW FULL COLUMNS FROM `gxfc_menu` [ RunTime:0.001019s ]
[2022-07-28T17:14:36+08:00][sql] SELECT `id`,`app_module`,`name`,`title`,`parent`,`level`,`url`,`is_show`,`sort`,`desc`,`picture`,`is_icon`,`picture_select`,`is_control`,`addon` FROM `gxfc_menu` WHERE  `url` = 'admin/Goods/lists'  AND `app_module` = 'admin' ORDER BY `level` DESC LIMIT 1 [ RunTime:0.000345s ]
[2022-07-28T17:14:36+08:00][sql] SELECT `id`,`app_module`,`name`,`title`,`parent`,`level`,`url`,`is_show`,`sort`,`desc`,`picture`,`is_icon`,`picture_select`,`is_control`,`addon` FROM `gxfc_menu` WHERE  `name` = 'GOODS_MANAGE'  AND `app_module` = 'admin' LIMIT 1 [ RunTime:0.000279s ]
[2022-07-28T17:14:36+08:00][sql] SHOW FULL COLUMNS FROM `gxfc_goods` [ RunTime:0.001069s ]
[2022-07-28T17:14:36+08:00][sql] SELECT COUNT(*) AS think_count FROM `gxfc_goods` WHERE  `verify_state` = 0  AND `is_delete` = 0 [ RunTime:0.000244s ]
[2022-07-28T17:14:36+08:00][sql] SELECT COUNT(*) AS think_count FROM `gxfc_goods` WHERE  `verify_state` = -2  AND `is_delete` = 0 [ RunTime:0.000216s ]
[2022-07-28T17:14:36+08:00][sql] SELECT COUNT(*) AS think_count FROM `gxfc_goods` WHERE  `verify_state` = 10  AND `is_delete` = 0 [ RunTime:0.000203s ]
[2022-07-28T17:14:36+08:00][sql] SHOW FULL COLUMNS FROM `gxfc_express_template` [ RunTime:0.000710s ]
[2022-07-28T17:14:36+08:00][sql] SELECT `template_id`,`template_name` FROM `gxfc_express_template` ORDER BY `is_default` DESC [ RunTime:0.000151s ]
[2022-07-28T17:14:36+08:00][sql] SHOW FULL COLUMNS FROM `gxfc_goods_category` [ RunTime:0.000736s ]
[2022-07-28T17:14:36+08:00][sql] SELECT `category_id`,`category_name`,`level`,`commission_rate` FROM `gxfc_goods_category` WHERE  `pid` = 0 ORDER BY `sort` ASC [ RunTime:0.000184s ]
[2022-07-28T17:14:36+08:00][sql] CONNECT:[ UseTime:0.000234s ] mysql:host=localhost;port=3306;dbname=ls_chnssl_com;charset=utf8
[2022-07-28T17:14:36+08:00][sql] SHOW FULL COLUMNS FROM `gxfc_goods_category` [ RunTime:0.000945s ]
[2022-07-28T17:14:36+08:00][sql] SELECT `category_id`,`category_name`,`pid`,`level`,`category_id_1`,`category_id_2`,`category_id_3` FROM `gxfc_goods_category` WHERE  `level` = 1 ORDER BY `sort` ASC [ RunTime:0.000237s ]
[2022-07-28T17:14:36+08:00][sql] SELECT COUNT(*) AS think_count FROM `gxfc_goods_category` WHERE  `pid` = 1 [ RunTime:0.000163s ]
[2022-07-28T17:14:36+08:00][sql] SELECT COUNT(*) AS think_count FROM `gxfc_goods_category` WHERE  `pid` = 2 [ RunTime:0.000143s ]
[2022-07-28T17:14:36+08:00][sql] SELECT COUNT(*) AS think_count FROM `gxfc_goods_category` WHERE  `pid` = 3 [ RunTime:0.000134s ]
[2022-07-28T17:14:36+08:00][sql] SELECT COUNT(*) AS think_count FROM `gxfc_goods_category` WHERE  `pid` = 4 [ RunTime:0.000126s ]
[2022-07-28T17:14:36+08:00][sql] SELECT COUNT(*) AS think_count FROM `gxfc_goods_category` WHERE  `pid` = 5 [ RunTime:0.000134s ]
[2022-07-28T17:14:36+08:00][sql] SELECT COUNT(*) AS think_count FROM `gxfc_goods_category` WHERE  `pid` = 6 [ RunTime:0.000126s ]
[2022-07-28T17:14:36+08:00][sql] SELECT COUNT(*) AS think_count FROM `gxfc_goods_category` WHERE  `pid` = 7 [ RunTime:0.000157s ]
[2022-07-28T17:14:36+08:00][sql] SELECT COUNT(*) AS think_count FROM `gxfc_goods_category` WHERE  `pid` = 10 [ RunTime:0.000135s ]
[2022-07-28T17:14:36+08:00][sql] SELECT COUNT(*) AS think_count FROM `gxfc_goods_category` WHERE  `pid` = 11 [ RunTime:0.000129s ]
[2022-07-28T17:14:36+08:00][sql] CONNECT:[ UseTime:0.000230s ] mysql:host=localhost;port=3306;dbname=ls_chnssl_com;charset=utf8
[2022-07-28T17:14:36+08:00][sql] SHOW FULL COLUMNS FROM `gxfc_goods_brand` [ RunTime:0.001261s ]
[2022-07-28T17:14:36+08:00][sql] SELECT COUNT(*) AS think_count FROM `gxfc_goods_brand` `ngb` LEFT JOIN `gxfc_shop` `ns` ON `ngb`.`site_id`=`ns`.`site_id` LEFT JOIN `gxfc_supplier` `nsp` ON `ngb`.`site_id`=`nsp`.`supplier_site_id` ORDER BY `ngb`.`create_time` DESC [ RunTime:0.000406s ]
[2022-07-28T17:14:36+08:00][sql] SELECT `ngb`.`brand_id`,`ngb`.`brand_name`,`ngb`.`brand_initial`,`ngb`.`image_url`,`ngb`.`sort`,`ngb`.`create_time`,`ngb`.`is_recommend`,`ngb`.`site_id`,`ns`.`site_name`,nsp.title as supply_name FROM `gxfc_goods_brand` `ngb` LEFT JOIN `gxfc_shop` `ns` ON `ngb`.`site_id`=`ns`.`site_id` LEFT JOIN `gxfc_supplier` `nsp` ON `ngb`.`site_id`=`nsp`.`supplier_site_id` ORDER BY `ngb`.`create_time` DESC LIMIT 0,10 [ RunTime:0.000687s ]
[2022-07-28T17:14:36+08:00][sql] CONNECT:[ UseTime:0.000234s ] mysql:host=localhost;port=3306;dbname=ls_chnssl_com;charset=utf8
[2022-07-28T17:14:36+08:00][sql] SHOW FULL COLUMNS FROM `gxfc_goods` [ RunTime:0.001538s ]
[2022-07-28T17:14:36+08:00][sql] SELECT COUNT(*) AS think_count FROM `gxfc_goods` `` WHERE  `is_delete` = 0 ORDER BY `create_time` DESC [ RunTime:0.000434s ]
[2022-07-28T17:14:36+08:00][sql] SELECT `goods_id`,`goods_name`,`site_id`,`site_name`,`goods_image`,`is_own`,`goods_state`,`verify_state`,`price`,`goods_stock`,`goods_stock_alarm`,`create_time`,`sale_num`,`is_virtual`,`goods_class`,`is_fenxiao`,`fenxiao_type`,`sku_id`,`max_buy`,`min_buy`,`promotion_addon`,`sort` FROM `gxfc_goods` `` WHERE  `is_delete` = 0 ORDER BY `create_time` DESC LIMIT 0,10 [ RunTime:0.000639s ]
[2022-07-28T17:14:36+08:00][sql] CONNECT:[ UseTime:0.000196s ] mysql:host=localhost;port=3306;dbname=ls_chnssl_com;charset=utf8
[2022-07-28T17:14:36+08:00][sql] SHOW FULL COLUMNS FROM `gxfc_goods` [ RunTime:0.001030s ]
[2022-07-28T17:14:36+08:00][sql] SELECT COUNT(*) AS think_count FROM `gxfc_goods` WHERE  `verify_state` = 0  AND `is_delete` = 0 [ RunTime:0.000306s ]
[2022-07-28T17:14:36+08:00][sql] SELECT COUNT(*) AS think_count FROM `gxfc_goods` WHERE  `verify_state` = -2  AND `is_delete` = 0 [ RunTime:0.000204s ]
[2022-07-28T17:14:36+08:00][sql] SELECT COUNT(*) AS think_count FROM `gxfc_goods` WHERE  `verify_state` = 10  AND `is_delete` = 0 [ RunTime:0.000223s ]
[2022-07-28T17:14:37+08:00][sql] CONNECT:[ UseTime:0.000240s ] mysql:host=localhost;port=3306;dbname=ls_chnssl_com;charset=utf8
[2022-07-28T17:14:37+08:00][sql] SHOW FULL COLUMNS FROM `gxfc_menu` [ RunTime:0.000888s ]
[2022-07-28T17:14:37+08:00][sql] SELECT `id`,`app_module`,`name`,`title`,`parent`,`level`,`url`,`is_show`,`sort`,`desc`,`picture`,`is_icon`,`picture_select`,`is_control`,`addon` FROM `gxfc_menu` WHERE  `url` = 'admin/Shop/lists'  AND `app_module` = 'admin' ORDER BY `level` DESC LIMIT 1 [ RunTime:0.000358s ]
[2022-07-28T17:14:37+08:00][sql] SELECT `id`,`app_module`,`name`,`title`,`parent`,`level`,`url`,`is_show`,`sort`,`desc`,`picture`,`is_icon`,`picture_select`,`is_control`,`addon` FROM `gxfc_menu` WHERE  `name` = 'SHOP_LIST'  AND `app_module` = 'admin' LIMIT 1 [ RunTime:0.000267s ]
[2022-07-28T17:14:37+08:00][sql] SELECT `id`,`app_module`,`name`,`title`,`parent`,`level`,`url`,`is_show`,`sort`,`desc`,`picture`,`is_icon`,`picture_select`,`is_control`,`addon` FROM `gxfc_menu` WHERE  `name` = 'SHOP_INDEX'  AND `app_module` = 'admin' LIMIT 1 [ RunTime:0.000261s ]
[2022-07-28T17:14:37+08:00][sql] SELECT `id`,`app_module`,`name`,`title`,`parent`,`level`,`url`,`is_show`,`sort`,`desc`,`picture`,`is_icon`,`picture_select`,`is_control`,`addon` FROM `gxfc_menu` WHERE  `name` = 'SHOP_ROOT'  AND `app_module` = 'admin' LIMIT 1 [ RunTime:0.000258s ]
[2022-07-28T17:14:37+08:00][sql] SHOW FULL COLUMNS FROM `gxfc_shop_category` [ RunTime:0.000788s ]
[2022-07-28T17:14:37+08:00][sql] SELECT `category_id`,`category_name` FROM `gxfc_shop_category` ORDER BY `sort` ASC [ RunTime:0.000173s ]
[2022-07-28T17:14:37+08:00][sql] SHOW FULL COLUMNS FROM `gxfc_website` [ RunTime:0.000884s ]
[2022-07-28T17:14:37+08:00][sql] SELECT `site_id`,`site_area_name` FROM `gxfc_website` [ RunTime:0.000137s ]
[2022-07-28T17:15:06+08:00][sql] CONNECT:[ UseTime:0.000328s ] mysql:host=localhost;port=3306;dbname=ls_chnssl_com;charset=utf8
[2022-07-28T17:15:06+08:00][sql] CONNECT:[ UseTime:0.000196s ] mysql:host=localhost;port=3306;dbname=ls_chnssl_com;charset=utf8
[2022-07-28T17:15:06+08:00][sql] SHOW FULL COLUMNS FROM `gxfc_menu` [ RunTime:0.000816s ]
[2022-07-28T17:15:06+08:00][sql] SHOW FULL COLUMNS FROM `gxfc_store` [ RunTime:0.001118s ]
[2022-07-28T17:15:06+08:00][sql] SELECT `id`,`app_module`,`name`,`title`,`parent`,`level`,`url`,`is_show`,`sort`,`desc`,`picture`,`is_icon`,`picture_select`,`is_control`,`addon` FROM `gxfc_menu` WHERE  `url` = 'admin/Shop/basicInfo'  AND `app_module` = 'admin' ORDER BY `level` DESC LIMIT 1 [ RunTime:0.000377s ]
[2022-07-28T17:15:06+08:00][sql] SELECT COUNT(*) AS think_count FROM `gxfc_store` `a` WHERE  `store_name` LIKE '%%'  AND `site_id` = 11 ORDER BY `store_id` DESC [ RunTime:0.000421s ]
[2022-07-28T17:15:06+08:00][sql] SELECT * FROM `gxfc_store` `a` WHERE  `store_name` LIKE '%%'  AND `site_id` = 11 ORDER BY `store_id` DESC LIMIT 0,10 [ RunTime:0.000293s ]
[2022-07-28T17:15:06+08:00][sql] SELECT `id`,`app_module`,`name`,`title`,`parent`,`level`,`url`,`is_show`,`sort`,`desc`,`picture`,`is_icon`,`picture_select`,`is_control`,`addon` FROM `gxfc_menu` WHERE  `name` = 'SHOP_BISIC_INFO'  AND `app_module` = 'admin' LIMIT 1 [ RunTime:0.000291s ]
[2022-07-28T17:15:06+08:00][sql] SHOW FULL COLUMNS FROM `gxfc_shop` [ RunTime:0.001051s ]
[2022-07-28T17:15:06+08:00][sql] SELECT * FROM `gxfc_shop` WHERE  `site_id` = 11 LIMIT 1 [ RunTime:0.000405s ]
[2022-07-28T17:15:06+08:00][sql] SHOW FULL COLUMNS FROM `gxfc_shop_group` [ RunTime:0.000741s ]
[2022-07-28T17:15:06+08:00][sql] SELECT `group_id`,`is_own`,`group_name`,`fee`,`remark` FROM `gxfc_shop_group` WHERE  `is_own` = 1 ORDER BY `is_own` ASC,`fee` ASC [ RunTime:0.000188s ]
[2022-07-28T17:15:06+08:00][sql] SELECT `parent` FROM `gxfc_menu` WHERE  `url` = 'admin/shop/basicinfo'  AND `level` = 4 LIMIT 1 [ RunTime:0.000198s ]
[2022-07-28T17:15:06+08:00][sql] SELECT * FROM `gxfc_menu` WHERE  `app_module` = 'admin'  AND `is_show` = 1  AND `parent` = 'SHOP_LIST' ORDER BY `sort` ASC [ RunTime:0.000326s ]
