[2022-07-28T08:34:27+08:00][sql] CONNECT:[ UseTime:0.000248s ] mysql:host=localhost;port=3306;dbname=ls_chnssl_com;charset=utf8
[2022-07-28T08:34:27+08:00][sql] SHOW FULL COLUMNS FROM `gxfc_promotion_topic` [ RunTime:0.000910s ]
[2022-07-28T08:34:27+08:00][sql] SELECT COUNT(*) AS think_count FROM `gxfc_promotion_topic` `a` WHERE  `status` = 2 ORDER BY `create_time` DESC [ RunTime:0.000186s ]
[2022-07-28T08:34:27+08:00][sql] SELECT `topic_id`,`topic_name`,`topic_adv`,`status`,`remark`,`start_time`,`end_time` FROM `gxfc_promotion_topic` `a` WHERE  `status` = 2 ORDER BY `create_time` DESC LIMIT 0,10 [ RunTime:0.000170s ]
[2022-07-28T08:35:33+08:00][sql] CONNECT:[ UseTime:0.000263s ] mysql:host=localhost;port=3306;dbname=ls_chnssl_com;charset=utf8
[2022-07-28T08:35:33+08:00][sql] SHOW FULL COLUMNS FROM `gxfc_promotion_coupon_type` [ RunTime:0.001028s ]
[2022-07-28T08:35:33+08:00][sql] SELECT COUNT(*) AS think_count FROM `gxfc_promotion_coupon_type` `pct` INNER JOIN `gxfc_shop` `s` ON `s`.`site_id`=`pct`.`site_id` WHERE  `pct`.`status` = 1  AND `pct`.`is_show` = 1  AND `s`.`shop_status` = 1 ORDER BY `pct`.`coupon_type_id` DESC [ RunTime:0.000369s ]
[2022-07-28T08:35:33+08:00][sql] SELECT `pct`.`coupon_type_id`,`pct`.`type`,`pct`.`site_id`,`pct`.`coupon_name`,`pct`.`money`,`pct`.`discount`,`pct`.`max_fetch`,`pct`.`at_least`,`pct`.`end_time`,`pct`.`image`,`pct`.`validity_type`,`pct`.`fixed_term`,`pct`.`status`,`pct`.`is_show`,`pct`.`goods_type`,`pct`.`discount_limit`,`pct`.`count`,`pct`.`lead_count`,`pct`.`site_name` FROM `gxfc_promotion_coupon_type` `pct` INNER JOIN `gxfc_shop` `s` ON `s`.`site_id`=`pct`.`site_id` WHERE  `pct`.`status` = 1  AND `pct`.`is_show` = 1  AND `s`.`shop_status` = 1 ORDER BY `pct`.`coupon_type_id` DESC LIMIT 0,10 [ RunTime:0.000317s ]
[2022-07-28T08:35:35+08:00][sql] CONNECT:[ UseTime:0.000232s ] mysql:host=localhost;port=3306;dbname=ls_chnssl_com;charset=utf8
[2022-07-28T08:35:35+08:00][sql] SHOW FULL COLUMNS FROM `gxfc_promotion_groupbuy` [ RunTime:0.000915s ]
[2022-07-28T08:35:35+08:00][sql] SELECT COUNT(*) AS think_count FROM `gxfc_promotion_groupbuy` `pg` INNER JOIN `gxfc_goods` `g` ON `pg`.`goods_id`=`g`.`goods_id` INNER JOIN `gxfc_goods_sku` `sku` ON `g`.`sku_id`=`sku`.`sku_id` INNER JOIN `gxfc_shop` `s` ON `s`.`site_id`=`pg`.`site_id` WHERE  `pg`.`status` = 2  AND `g`.`goods_stock` > 0  AND `g`.`goods_state` = 1  AND `g`.`is_delete` = 0  AND `s`.`shop_status` = 1  AND `g`.`verify_state` = 1 ORDER BY `g`.`sort` DESC,`g`.`create_time` DESC [ RunTime:0.000363s ]
[2022-07-28T08:35:35+08:00][sql] SELECT `pg`.`groupbuy_id`,`pg`.`groupbuy_price`,`pg`.`sell_num`,`pg`.`site_id`,`pg`.`buy_num`,`sku`.`sku_id`,`sku`.`price`,`sku`.`sku_name`,`sku`.`sku_image`,`g`.`goods_id`,`g`.`goods_name`,`g`.`goods_image`,`g`.`goods_stock`,`g`.`recommend_way` FROM `gxfc_promotion_groupbuy` `pg` INNER JOIN `gxfc_goods` `g` ON `pg`.`goods_id`=`g`.`goods_id` INNER JOIN `gxfc_goods_sku` `sku` ON `g`.`sku_id`=`sku`.`sku_id` INNER JOIN `gxfc_shop` `s` ON `s`.`site_id`=`pg`.`site_id` WHERE  `pg`.`status` = 2  AND `g`.`goods_stock` > 0  AND `g`.`goods_state` = 1  AND `g`.`is_delete` = 0  AND `s`.`shop_status` = 1  AND `g`.`verify_state` = 1 ORDER BY `g`.`sort` DESC,`g`.`create_time` DESC LIMIT 0,10 [ RunTime:0.000371s ]
[2022-07-28T08:43:19+08:00][sql] CONNECT:[ UseTime:0.000274s ] mysql:host=localhost;port=3306;dbname=ls_chnssl_com;charset=utf8
[2022-07-28T08:43:19+08:00][sql] SHOW FULL COLUMNS FROM `gxfc_shop` [ RunTime:0.001149s ]
[2022-07-28T08:43:19+08:00][sql] SELECT `website_id`,`site_name`,`logo`,`is_own`,`level_id`,`category_id`,`group_id`,`seo_keywords`,`seo_description`,`expire_time`,`shop_status` FROM `gxfc_shop` WHERE  `site_id` = 11 LIMIT 1 [ RunTime:0.000271s ]
[2022-07-28T08:43:19+08:00][sql] SHOW FULL COLUMNS FROM `gxfc_menu` [ RunTime:0.000838s ]
[2022-07-28T08:43:19+08:00][sql] SELECT `id`,`app_module`,`name`,`title`,`parent`,`level`,`url`,`is_show`,`sort`,`desc`,`picture`,`is_icon`,`picture_select`,`is_control`,`addon` FROM `gxfc_menu` WHERE  `url` = 'fenxiao://shop/Fenxiao/index'  AND `app_module` = 'shop' ORDER BY `level` DESC LIMIT 1 [ RunTime:0.000339s ]
[2022-07-28T08:43:19+08:00][sql] SELECT `id`,`app_module`,`name`,`title`,`parent`,`level`,`url`,`is_show`,`sort`,`desc`,`picture`,`is_icon`,`picture_select`,`is_control`,`addon` FROM `gxfc_menu` WHERE  `name` = 'PROMOTION_FENXIAO_INDEX'  AND `app_module` = 'shop' LIMIT 1 [ RunTime:0.000280s ]
[2022-07-28T08:43:19+08:00][sql] SELECT `id`,`app_module`,`name`,`title`,`parent`,`level`,`url`,`is_show`,`sort`,`desc`,`picture`,`is_icon`,`picture_select`,`is_control`,`addon` FROM `gxfc_menu` WHERE  `name` = 'PROMOTION_FENXIAO'  AND `app_module` = 'shop' LIMIT 1 [ RunTime:0.000279s ]
[2022-07-28T08:43:19+08:00][sql] SHOW FULL COLUMNS FROM `gxfc_addon` [ RunTime:0.000737s ]
[2022-07-28T08:43:19+08:00][sql] SELECT `name`,`title` FROM `gxfc_addon` WHERE  `name` = 'fenxiao' LIMIT 1 [ RunTime:0.000159s ]
[2022-07-28T08:43:19+08:00][sql] SHOW FULL COLUMNS FROM `gxfc_fenxiao_order` [ RunTime:0.000873s ]
[2022-07-28T08:43:19+08:00][sql] SELECT sum(real_goods_money) as real_goods_money,sum(commission) as commission FROM `gxfc_fenxiao_order` WHERE  `site_id` = 11  AND `is_settlement` = 1  AND `is_refund` = 0 LIMIT 1 [ RunTime:0.000224s ]
[2022-07-28T08:43:19+08:00][sql] SHOW FULL COLUMNS FROM `gxfc_goods` [ RunTime:0.000958s ]
[2022-07-28T08:43:19+08:00][sql] SELECT count(goods_id) as fenxiao_goods_num FROM `gxfc_goods` WHERE  `site_id` = 11  AND `is_fenxiao` = 1 LIMIT 1 [ RunTime:0.000242s ]
[2022-07-28T08:43:22+08:00][sql] CONNECT:[ UseTime:0.000379s ] mysql:host=localhost;port=3306;dbname=ls_chnssl_com;charset=utf8
[2022-07-28T08:43:22+08:00][sql] SHOW FULL COLUMNS FROM `gxfc_shop` [ RunTime:0.001347s ]
[2022-07-28T08:43:22+08:00][sql] SELECT `website_id`,`site_name`,`logo`,`is_own`,`level_id`,`category_id`,`group_id`,`seo_keywords`,`seo_description`,`expire_time`,`shop_status` FROM `gxfc_shop` WHERE  `site_id` = 11 LIMIT 1 [ RunTime:0.000266s ]
[2022-07-28T08:43:22+08:00][sql] SHOW FULL COLUMNS FROM `gxfc_menu` [ RunTime:0.000879s ]
[2022-07-28T08:43:22+08:00][sql] SELECT `id`,`app_module`,`name`,`title`,`parent`,`level`,`url`,`is_show`,`sort`,`desc`,`picture`,`is_icon`,`picture_select`,`is_control`,`addon` FROM `gxfc_menu` WHERE  `url` = 'fenxiao://shop/Fenxiao/lists'  AND `app_module` = 'shop' ORDER BY `level` DESC LIMIT 1 [ RunTime:0.000371s ]
[2022-07-28T08:43:22+08:00][sql] SELECT `id`,`app_module`,`name`,`title`,`parent`,`level`,`url`,`is_show`,`sort`,`desc`,`picture`,`is_icon`,`picture_select`,`is_control`,`addon` FROM `gxfc_menu` WHERE  `name` = 'PROMOTION_FENXIAO_LIST'  AND `app_module` = 'shop' LIMIT 1 [ RunTime:0.000278s ]
[2022-07-28T08:43:22+08:00][sql] SHOW FULL COLUMNS FROM `gxfc_goods_shop_category` [ RunTime:0.000844s ]
[2022-07-28T08:43:22+08:00][sql] SELECT `category_id`,`category_name`,`pid`,`level` FROM `gxfc_goods_shop_category` WHERE  `site_id` = 11 ORDER BY `sort` ASC [ RunTime:0.000247s ]
[2022-07-28T08:43:23+08:00][sql] CONNECT:[ UseTime:0.000242s ] mysql:host=localhost;port=3306;dbname=ls_chnssl_com;charset=utf8
[2022-07-28T08:43:23+08:00][sql] SHOW FULL COLUMNS FROM `gxfc_shop` [ RunTime:0.001236s ]
[2022-07-28T08:43:23+08:00][sql] SELECT `website_id`,`site_name`,`logo`,`is_own`,`level_id`,`category_id`,`group_id`,`seo_keywords`,`seo_description`,`expire_time`,`shop_status` FROM `gxfc_shop` WHERE  `site_id` = 11 LIMIT 1 [ RunTime:0.000279s ]
[2022-07-28T08:43:23+08:00][sql] SHOW FULL COLUMNS FROM `gxfc_goods` [ RunTime:0.001035s ]
[2022-07-28T08:43:23+08:00][sql] SELECT COUNT(*) AS think_count FROM `gxfc_goods` `` WHERE  `is_delete` = 0  AND `site_id` = 11  AND `verify_state` = 1 ORDER BY `create_time` DESC [ RunTime:0.000275s ]
[2022-07-28T08:43:23+08:00][sql] SELECT `goods_id`,`goods_name`,`site_id`,`site_name`,`goods_image`,`is_own`,`goods_state`,`verify_state`,`price`,`goods_stock`,`goods_stock_alarm`,`create_time`,`sale_num`,`is_virtual`,`goods_class`,`is_fenxiao`,`fenxiao_type`,`sku_id`,`max_buy`,`min_buy`,`promotion_addon`,`sort` FROM `gxfc_goods` `` WHERE  `is_delete` = 0  AND `site_id` = 11  AND `verify_state` = 1 ORDER BY `create_time` DESC LIMIT 0,10 [ RunTime:0.000312s ]
[2022-07-28T08:43:23+08:00][sql] SHOW FULL COLUMNS FROM `gxfc_fenxiao_goods_sku` [ RunTime:0.000732s ]
[2022-07-28T08:43:23+08:00][sql] SELECT `one_rate`,`one_money` FROM `gxfc_fenxiao_goods_sku` WHERE  `goods_id` = 59 LIMIT 1 [ RunTime:0.000150s ]
[2022-07-28T08:43:23+08:00][sql] SELECT `one_rate`,`one_money` FROM `gxfc_fenxiao_goods_sku` WHERE  `goods_id` = 58 LIMIT 1 [ RunTime:0.000138s ]
[2022-07-28T08:43:23+08:00][sql] SELECT `one_rate`,`one_money` FROM `gxfc_fenxiao_goods_sku` WHERE  `goods_id` = 57 LIMIT 1 [ RunTime:0.000138s ]
[2022-07-28T08:43:23+08:00][sql] SELECT `one_rate`,`one_money` FROM `gxfc_fenxiao_goods_sku` WHERE  `goods_id` = 55 LIMIT 1 [ RunTime:0.000124s ]
[2022-07-28T08:43:23+08:00][sql] SELECT `one_rate`,`one_money` FROM `gxfc_fenxiao_goods_sku` WHERE  `goods_id` = 43 LIMIT 1 [ RunTime:0.000128s ]
[2022-07-28T08:43:23+08:00][sql] SELECT `one_rate`,`one_money` FROM `gxfc_fenxiao_goods_sku` WHERE  `goods_id` = 42 LIMIT 1 [ RunTime:0.000123s ]
[2022-07-28T08:43:23+08:00][sql] SELECT `one_rate`,`one_money` FROM `gxfc_fenxiao_goods_sku` WHERE  `goods_id` = 41 LIMIT 1 [ RunTime:0.000122s ]
[2022-07-28T08:43:23+08:00][sql] SELECT `one_rate`,`one_money` FROM `gxfc_fenxiao_goods_sku` WHERE  `goods_id` = 40 LIMIT 1 [ RunTime:0.000120s ]
[2022-07-28T08:43:23+08:00][sql] SELECT `one_rate`,`one_money` FROM `gxfc_fenxiao_goods_sku` WHERE  `goods_id` = 39 LIMIT 1 [ RunTime:0.000120s ]
[2022-07-28T08:43:23+08:00][sql] SELECT `one_rate`,`one_money` FROM `gxfc_fenxiao_goods_sku` WHERE  `goods_id` = 37 LIMIT 1 [ RunTime:0.000119s ]
[2022-07-28T08:43:27+08:00][sql] CONNECT:[ UseTime:0.000268s ] mysql:host=localhost;port=3306;dbname=ls_chnssl_com;charset=utf8
[2022-07-28T08:43:27+08:00][sql] SHOW FULL COLUMNS FROM `gxfc_shop` [ RunTime:0.001287s ]
[2022-07-28T08:43:27+08:00][sql] SELECT `website_id`,`site_name`,`logo`,`is_own`,`level_id`,`category_id`,`group_id`,`seo_keywords`,`seo_description`,`expire_time`,`shop_status` FROM `gxfc_shop` WHERE  `site_id` = 11 LIMIT 1 [ RunTime:0.000270s ]
[2022-07-28T08:43:27+08:00][sql] SHOW FULL COLUMNS FROM `gxfc_goods` [ RunTime:0.001029s ]
[2022-07-28T08:43:27+08:00][sql] SELECT COUNT(*) AS think_count FROM `gxfc_goods` `` WHERE  `is_delete` = 0  AND `site_id` = 11  AND `verify_state` = 1 ORDER BY `create_time` DESC [ RunTime:0.000309s ]
[2022-07-28T08:43:27+08:00][sql] SELECT `goods_id`,`goods_name`,`site_id`,`site_name`,`goods_image`,`is_own`,`goods_state`,`verify_state`,`price`,`goods_stock`,`goods_stock_alarm`,`create_time`,`sale_num`,`is_virtual`,`goods_class`,`is_fenxiao`,`fenxiao_type`,`sku_id`,`max_buy`,`min_buy`,`promotion_addon`,`sort` FROM `gxfc_goods` `` WHERE  `is_delete` = 0  AND `site_id` = 11  AND `verify_state` = 1 ORDER BY `create_time` DESC LIMIT 0,90 [ RunTime:0.000365s ]
[2022-07-28T08:43:27+08:00][sql] SHOW FULL COLUMNS FROM `gxfc_fenxiao_goods_sku` [ RunTime:0.000799s ]
[2022-07-28T08:43:27+08:00][sql] SELECT `one_rate`,`one_money` FROM `gxfc_fenxiao_goods_sku` WHERE  `goods_id` = 59 LIMIT 1 [ RunTime:0.000172s ]
[2022-07-28T08:43:27+08:00][sql] SELECT `one_rate`,`one_money` FROM `gxfc_fenxiao_goods_sku` WHERE  `goods_id` = 58 LIMIT 1 [ RunTime:0.000155s ]
[2022-07-28T08:43:27+08:00][sql] SELECT `one_rate`,`one_money` FROM `gxfc_fenxiao_goods_sku` WHERE  `goods_id` = 57 LIMIT 1 [ RunTime:0.000150s ]
[2022-07-28T08:43:27+08:00][sql] SELECT `one_rate`,`one_money` FROM `gxfc_fenxiao_goods_sku` WHERE  `goods_id` = 55 LIMIT 1 [ RunTime:0.000151s ]
[2022-07-28T08:43:27+08:00][sql] SELECT `one_rate`,`one_money` FROM `gxfc_fenxiao_goods_sku` WHERE  `goods_id` = 43 LIMIT 1 [ RunTime:0.000159s ]
[2022-07-28T08:43:27+08:00][sql] SELECT `one_rate`,`one_money` FROM `gxfc_fenxiao_goods_sku` WHERE  `goods_id` = 42 LIMIT 1 [ RunTime:0.000149s ]
[2022-07-28T08:43:27+08:00][sql] SELECT `one_rate`,`one_money` FROM `gxfc_fenxiao_goods_sku` WHERE  `goods_id` = 41 LIMIT 1 [ RunTime:0.000148s ]
[2022-07-28T08:43:27+08:00][sql] SELECT `one_rate`,`one_money` FROM `gxfc_fenxiao_goods_sku` WHERE  `goods_id` = 40 LIMIT 1 [ RunTime:0.000165s ]
[2022-07-28T08:43:27+08:00][sql] SELECT `one_rate`,`one_money` FROM `gxfc_fenxiao_goods_sku` WHERE  `goods_id` = 39 LIMIT 1 [ RunTime:0.000150s ]
[2022-07-28T08:43:27+08:00][sql] SELECT `one_rate`,`one_money` FROM `gxfc_fenxiao_goods_sku` WHERE  `goods_id` = 37 LIMIT 1 [ RunTime:0.000156s ]
[2022-07-28T08:43:27+08:00][sql] SELECT `one_rate`,`one_money` FROM `gxfc_fenxiao_goods_sku` WHERE  `goods_id` = 36 LIMIT 1 [ RunTime:0.000151s ]
[2022-07-28T08:43:27+08:00][sql] SELECT `one_rate`,`one_money` FROM `gxfc_fenxiao_goods_sku` WHERE  `goods_id` = 31 LIMIT 1 [ RunTime:0.000146s ]
[2022-07-28T08:43:27+08:00][sql] SELECT `one_rate`,`one_money` FROM `gxfc_fenxiao_goods_sku` WHERE  `goods_id` = 30 LIMIT 1 [ RunTime:0.000194s ]
[2022-07-28T08:43:27+08:00][sql] SELECT `one_rate`,`one_money` FROM `gxfc_fenxiao_goods_sku` WHERE  `goods_id` = 29 LIMIT 1 [ RunTime:0.000150s ]
[2022-07-28T08:43:35+08:00][sql] CONNECT:[ UseTime:0.000254s ] mysql:host=localhost;port=3306;dbname=ls_chnssl_com;charset=utf8
[2022-07-28T08:43:35+08:00][sql] SHOW FULL COLUMNS FROM `gxfc_shop` [ RunTime:0.001156s ]
[2022-07-28T08:43:35+08:00][sql] SELECT `website_id`,`site_name`,`logo`,`is_own`,`level_id`,`category_id`,`group_id`,`seo_keywords`,`seo_description`,`expire_time`,`shop_status` FROM `gxfc_shop` WHERE  `site_id` = 11 LIMIT 1 [ RunTime:0.000252s ]
[2022-07-28T08:43:35+08:00][sql] SHOW FULL COLUMNS FROM `gxfc_menu` [ RunTime:0.000825s ]
[2022-07-28T08:43:35+08:00][sql] SELECT `id`,`app_module`,`name`,`title`,`parent`,`level`,`url`,`is_show`,`sort`,`desc`,`picture`,`is_icon`,`picture_select`,`is_control`,`addon` FROM `gxfc_menu` WHERE  `url` = 'fenxiao://shop/Fenxiao/config'  AND `app_module` = 'shop' ORDER BY `level` DESC LIMIT 1 [ RunTime:0.000280s ]
[2022-07-28T08:43:35+08:00][sql] SELECT `id`,`app_module`,`name`,`title`,`parent`,`level`,`url`,`is_show`,`sort`,`desc`,`picture`,`is_icon`,`picture_select`,`is_control`,`addon` FROM `gxfc_menu` WHERE  `name` = 'PROMOTION_FENXIAO_CONFIG'  AND `app_module` = 'shop' LIMIT 1 [ RunTime:0.000263s ]
[2022-07-28T08:43:35+08:00][sql] SHOW FULL COLUMNS FROM `gxfc_fenxiao_level` [ RunTime:0.000759s ]
[2022-07-28T08:43:35+08:00][sql] SELECT * FROM `gxfc_fenxiao_level` ORDER BY `level_num` ASC,`one_rate` ASC [ RunTime:0.000262s ]
[2022-07-28T08:43:35+08:00][sql] SHOW FULL COLUMNS FROM `gxfc_goods` [ RunTime:0.001009s ]
[2022-07-28T08:43:35+08:00][sql] SELECT * FROM `gxfc_goods` WHERE  `goods_id` = 36 LIMIT 1 [ RunTime:0.000307s ]
[2022-07-28T08:43:35+08:00][sql] SHOW FULL COLUMNS FROM `gxfc_goods_sku` [ RunTime:0.001071s ]
[2022-07-28T08:43:35+08:00][sql] SELECT `sku_id`,`sku_name`,`sku_no`,`sku_spec_format`,`price`,`market_price`,`cost_price`,`discount_price`,`stock`,`weight`,`volume`,`sku_image`,`sku_images`,`sort`,`max_buy`,`min_buy`,`fenxiao_price` FROM `gxfc_goods_sku` WHERE  `goods_id` = 36 [ RunTime:0.000285s ]
[2022-07-28T08:43:35+08:00][sql] SHOW FULL COLUMNS FROM `gxfc_fenxiao_goods_sku` [ RunTime:0.000806s ]
[2022-07-28T08:43:35+08:00][sql] SELECT * FROM `gxfc_fenxiao_goods_sku` WHERE  `goods_id` = 36 [ RunTime:0.000174s ]
[2022-07-28T09:47:57+08:00][sql] CONNECT:[ UseTime:0.000237s ] mysql:host=localhost;port=3306;dbname=ls_chnssl_com;charset=utf8
[2022-07-28T09:47:57+08:00][sql] SHOW FULL COLUMNS FROM `gxfc_promotion_coupon_type` [ RunTime:0.001009s ]
[2022-07-28T09:47:57+08:00][sql] SELECT COUNT(*) AS think_count FROM `gxfc_promotion_coupon_type` `pct` INNER JOIN `gxfc_shop` `s` ON `s`.`site_id`=`pct`.`site_id` WHERE  `pct`.`status` = 1  AND `pct`.`is_show` = 1  AND `s`.`shop_status` = 1 ORDER BY `pct`.`coupon_type_id` DESC [ RunTime:0.000296s ]
[2022-07-28T09:47:57+08:00][sql] SELECT `pct`.`coupon_type_id`,`pct`.`type`,`pct`.`site_id`,`pct`.`coupon_name`,`pct`.`money`,`pct`.`discount`,`pct`.`max_fetch`,`pct`.`at_least`,`pct`.`end_time`,`pct`.`image`,`pct`.`validity_type`,`pct`.`fixed_term`,`pct`.`status`,`pct`.`is_show`,`pct`.`goods_type`,`pct`.`discount_limit`,`pct`.`count`,`pct`.`lead_count`,`pct`.`site_name` FROM `gxfc_promotion_coupon_type` `pct` INNER JOIN `gxfc_shop` `s` ON `s`.`site_id`=`pct`.`site_id` WHERE  `pct`.`status` = 1  AND `pct`.`is_show` = 1  AND `s`.`shop_status` = 1 ORDER BY `pct`.`coupon_type_id` DESC LIMIT 0,10 [ RunTime:0.000266s ]
[2022-07-28T09:47:59+08:00][sql] CONNECT:[ UseTime:0.000246s ] mysql:host=localhost;port=3306;dbname=ls_chnssl_com;charset=utf8
[2022-07-28T09:47:59+08:00][sql] SHOW FULL COLUMNS FROM `gxfc_promotion_platformcoupon_type` [ RunTime:0.000992s ]
[2022-07-28T09:47:59+08:00][sql] SELECT COUNT(*) AS think_count FROM `gxfc_promotion_platformcoupon_type` `a` WHERE  `status` = 1  AND `is_show` = 1 ORDER BY `platformcoupon_type_id` DESC [ RunTime:0.000216s ]
[2022-07-28T09:47:59+08:00][sql] SELECT `platformcoupon_type_id`,`platformcoupon_name`,`money`,`max_fetch`,`at_least`,`end_time`,`image`,`validity_type`,`fixed_term`,`status`,`is_show`,`use_scenario`,`lead_count`,`count` FROM `gxfc_promotion_platformcoupon_type` `a` WHERE  `status` = 1  AND `is_show` = 1 ORDER BY `platformcoupon_type_id` DESC LIMIT 0,10 [ RunTime:0.000219s ]
[2022-07-28T09:48:02+08:00][sql] CONNECT:[ UseTime:0.000234s ] mysql:host=localhost;port=3306;dbname=ls_chnssl_com;charset=utf8
[2022-07-28T09:48:02+08:00][sql] SHOW FULL COLUMNS FROM `gxfc_promotion_coupon_type` [ RunTime:0.001032s ]
[2022-07-28T09:48:02+08:00][sql] SELECT COUNT(*) AS think_count FROM `gxfc_promotion_coupon_type` `pct` INNER JOIN `gxfc_shop` `s` ON `s`.`site_id`=`pct`.`site_id` WHERE  `pct`.`status` = 1  AND `pct`.`is_show` = 1  AND `s`.`shop_status` = 1 ORDER BY `pct`.`coupon_type_id` DESC [ RunTime:0.000306s ]
[2022-07-28T09:48:02+08:00][sql] SELECT `pct`.`coupon_type_id`,`pct`.`type`,`pct`.`site_id`,`pct`.`coupon_name`,`pct`.`money`,`pct`.`discount`,`pct`.`max_fetch`,`pct`.`at_least`,`pct`.`end_time`,`pct`.`image`,`pct`.`validity_type`,`pct`.`fixed_term`,`pct`.`status`,`pct`.`is_show`,`pct`.`goods_type`,`pct`.`discount_limit`,`pct`.`count`,`pct`.`lead_count`,`pct`.`site_name` FROM `gxfc_promotion_coupon_type` `pct` INNER JOIN `gxfc_shop` `s` ON `s`.`site_id`=`pct`.`site_id` WHERE  `pct`.`status` = 1  AND `pct`.`is_show` = 1  AND `s`.`shop_status` = 1 ORDER BY `pct`.`coupon_type_id` DESC LIMIT 0,10 [ RunTime:0.000257s ]
[2022-07-28T15:16:09+08:00][sql] CONNECT:[ UseTime:0.000254s ] mysql:host=localhost;port=3306;dbname=ls_chnssl_com;charset=utf8
[2022-07-28T15:16:09+08:00][sql] SHOW FULL COLUMNS FROM `gxfc_addon` [ RunTime:0.000848s ]
[2022-07-28T15:16:09+08:00][sql] SELECT `name` FROM `gxfc_addon` [ RunTime:0.000192s ]
[2022-07-28T15:16:09+08:00][sql] SHOW FULL COLUMNS FROM `gxfc_group` [ RunTime:0.000821s ]
[2022-07-28T15:16:09+08:00][sql] SELECT * FROM `gxfc_group` WHERE  `group_id` = 1  AND `site_id` = 0  AND `app_module` = 'admin' LIMIT 1 [ RunTime:0.000243s ]
[2022-07-28T15:16:09+08:00][sql] SHOW FULL COLUMNS FROM `gxfc_menu` [ RunTime:0.000804s ]
[2022-07-28T15:16:09+08:00][sql] SELECT * FROM `gxfc_menu` WHERE  `app_module` = 'admin'  AND `is_show` = 1 ORDER BY `sort` ASC [ RunTime:0.001138s ]
[2022-07-28T15:16:09+08:00][sql] SELECT `id`,`app_module`,`name`,`title`,`parent`,`level`,`url`,`is_show`,`sort`,`desc`,`picture`,`is_icon`,`picture_select`,`is_control`,`addon` FROM `gxfc_menu` WHERE  `url` = 'admin/Diy/index'  AND `app_module` = 'admin' ORDER BY `level` DESC LIMIT 1 [ RunTime:0.000309s ]
[2022-07-28T15:16:09+08:00][sql] SELECT `id`,`app_module`,`name`,`title`,`parent`,`level`,`url`,`is_show`,`sort`,`desc`,`picture`,`is_icon`,`picture_select`,`is_control`,`addon` FROM `gxfc_menu` WHERE  `name` = 'WEBSITE_MID_INDEX'  AND `app_module` = 'admin' LIMIT 1 [ RunTime:0.000254s ]
[2022-07-28T15:16:09+08:00][sql] SELECT `id`,`app_module`,`name`,`title`,`parent`,`level`,`url`,`is_show`,`sort`,`desc`,`picture`,`is_icon`,`picture_select`,`is_control`,`addon` FROM `gxfc_menu` WHERE  `name` = 'WEBSITE_MID_CONFIG'  AND `app_module` = 'admin' LIMIT 1 [ RunTime:0.000224s ]
[2022-07-28T15:16:09+08:00][sql] SELECT `id`,`app_module`,`name`,`title`,`parent`,`level`,`url`,`is_show`,`sort`,`desc`,`picture`,`is_icon`,`picture_select`,`is_control`,`addon` FROM `gxfc_menu` WHERE  `name` = 'APPLET_ROOT'  AND `app_module` = 'admin' LIMIT 1 [ RunTime:0.000237s ]
[2022-07-28T15:16:09+08:00][sql] SHOW FULL COLUMNS FROM `gxfc_website` [ RunTime:0.000910s ]
[2022-07-28T15:16:09+08:00][sql] SELECT `title`,`logo`,`desc`,`keywords`,`web_status`,`close_reason` FROM `gxfc_website` WHERE  `site_id` = 0 LIMIT 1 [ RunTime:0.000182s ]
[2022-07-28T15:16:09+08:00][sql] SHOW FULL COLUMNS FROM `gxfc_config` [ RunTime:0.000762s ]
[2022-07-28T15:16:09+08:00][sql] SELECT `site_id`,`app_module`,`config_key`,`value`,`config_desc`,`is_use`,`create_time`,`modify_time` FROM `gxfc_config` WHERE  `site_id` = 0  AND `app_module` = 'admin'  AND `config_key` = 'COPYRIGHT' LIMIT 1 [ RunTime:0.000166s ]
[2022-07-28T15:16:09+08:00][sql] SELECT `site_id`,`app_module`,`config_key`,`value`,`config_desc`,`is_use`,`create_time`,`modify_time` FROM `gxfc_config` WHERE  `site_id` = 0  AND `app_module` = 'admin'  AND `config_key` = 'DEFAULT_IMAGE' LIMIT 1 [ RunTime:0.000195s ]
[2022-07-28T15:16:09+08:00][sql] SHOW FULL COLUMNS FROM `gxfc_shop` [ RunTime:0.000997s ]
[2022-07-28T15:16:09+08:00][sql] SELECT `group_id` FROM `gxfc_shop` WHERE  `site_id` = 0 LIMIT 1 [ RunTime:0.000155s ]
[2022-07-28T15:16:09+08:00][sql] SHOW FULL COLUMNS FROM `gxfc_shop_group` [ RunTime:0.000662s ]
[2022-07-28T15:16:09+08:00][sql] SELECT `addon_array` FROM `gxfc_shop_group` WHERE  `group_id` IS NULL LIMIT 1 [ RunTime:0.000107s ]
[2022-07-28T15:16:09+08:00][sql] SHOW FULL COLUMNS FROM `gxfc_diy_view_util` [ RunTime:0.000729s ]
[2022-07-28T15:16:09+08:00][sql] SELECT `id`,`name`,`title`,`type`,`controller`,`value`,`addon_name`,`support_diy_view`,`max_count`,`is_delete`,`icon`,`icon_selected` FROM `gxfc_diy_view_util` WHERE  (`support_diy_view` LIKE 'DIY_VIEW_INDEX' OR `support_diy_view` LIKE '%DIY_VIEW_INDEX,%' OR `support_diy_view` LIKE '%DIY_VIEW_INDEX' OR `support_diy_view` LIKE '%,DIY_VIEW_INDEX,%' OR `support_diy_view` LIKE '') ORDER BY `sort` ASC [ RunTime:0.000296s ]
[2022-07-28T15:16:09+08:00][sql] SHOW FULL COLUMNS FROM `gxfc_site_diy_view` [ RunTime:0.000781s ]
[2022-07-28T15:16:09+08:00][sql] SELECT `site_id`,`name` FROM `gxfc_site_diy_view` WHERE  `site_id` = 0  AND `name` = 'DIY_VIEW_INDEX' LIMIT 1 [ RunTime:0.000164s ]
[2022-07-28T15:16:09+08:00][sql] SELECT `site_id`,`app_module`,`config_key`,`value`,`config_desc`,`is_use`,`create_time`,`modify_time` FROM `gxfc_config` WHERE  `site_id` = 0  AND `app_module` = 'admin'  AND `config_key` = 'H5_DOMAIN_NAME' LIMIT 1 [ RunTime:0.000210s ]
[2022-07-28T15:16:09+08:00][sql] SELECT `site_id`,`app_module`,`config_key`,`value`,`config_desc`,`is_use`,`create_time`,`modify_time` FROM `gxfc_config` WHERE  `site_id` = 0  AND `app_module` = 'admin'  AND `config_key` = 'WEAPP_CONFIG' LIMIT 1 [ RunTime:0.000238s ]
[2022-07-28T15:16:10+08:00][sql] SELECT `site_id`,`app_module`,`config_key`,`value`,`config_desc`,`is_use`,`create_time`,`modify_time` FROM `gxfc_config` WHERE  `site_id` = 0  AND `app_module` = 'admin'  AND `config_key` = 'WECHAT_CONFIG' LIMIT 1 [ RunTime:0.000293s ]
[2022-07-28T15:16:10+08:00][sql] SELECT `sdv`.`id`,`sdv`.`site_id`,`sdv`.`name`,`sdv`.`title`,`sdv`.`value`,`sdv`.`type`,`dvt`.`addon_name` FROM `gxfc_site_diy_view` `sdv` LEFT JOIN `gxfc_diy_view_temp` `dvt` ON `sdv`.`name`=`dvt`.`name` WHERE  `sdv`.`site_id` = 0  AND `sdv`.`name` = 'DIY_VIEW_INDEX' LIMIT 1 [ RunTime:0.000350s ]
[2022-07-28T15:26:18+08:00][sql] CONNECT:[ UseTime:0.000259s ] mysql:host=localhost;port=3306;dbname=ls_chnssl_com;charset=utf8
[2022-07-28T15:26:18+08:00][sql] CONNECT:[ UseTime:0.000194s ] mysql:host=localhost;port=3306;dbname=ls_chnssl_com;charset=utf8
[2022-07-28T15:26:18+08:00][sql] SHOW FULL COLUMNS FROM `gxfc_config` [ RunTime:0.000955s ]
[2022-07-28T15:26:18+08:00][sql] SHOW FULL COLUMNS FROM `gxfc_config` [ RunTime:0.000854s ]
[2022-07-28T15:26:18+08:00][sql] SELECT `site_id`,`app_module`,`config_key`,`value`,`config_desc`,`is_use`,`create_time`,`modify_time` FROM `gxfc_config` WHERE  `site_id` = 0  AND `app_module` = 'admin'  AND `config_key` = 'MEMBER_REGISTER_REWARD_CONFIG' LIMIT 1 [ RunTime:0.000295s ]
[2022-07-28T15:26:18+08:00][sql] SELECT `site_id`,`app_module`,`config_key`,`value`,`config_desc`,`is_use`,`create_time`,`modify_time` FROM `gxfc_config` WHERE  `site_id` = 0  AND `app_module` = 'admin'  AND `config_key` = 'MEMBER_REGISTER_REWARD_CONFIG' LIMIT 1 [ RunTime:0.000289s ]
[2022-07-28T15:58:04+08:00][sql] CONNECT:[ UseTime:0.000189s ] mysql:host=localhost;port=3306;dbname=ls_chnssl_com;charset=utf8
[2022-07-28T15:58:04+08:00][sql] SHOW FULL COLUMNS FROM `gxfc_config` [ RunTime:0.000861s ]
[2022-07-28T15:58:04+08:00][sql] SELECT `site_id`,`app_module`,`config_key`,`value`,`config_desc`,`is_use`,`create_time`,`modify_time` FROM `gxfc_config` WHERE  `site_id` = 0  AND `app_module` = 'admin'  AND `config_key` = 'FENXIAO_BASICS_CONFIG' LIMIT 1 [ RunTime:0.000263s ]
[2022-07-28T16:03:36+08:00][sql] CONNECT:[ UseTime:0.000250s ] mysql:host=localhost;port=3306;dbname=ls_chnssl_com;charset=utf8
[2022-07-28T16:03:36+08:00][sql] SHOW FULL COLUMNS FROM `gxfc_config` [ RunTime:0.001134s ]
[2022-07-28T16:03:36+08:00][sql] SELECT `site_id`,`app_module`,`config_key`,`value`,`config_desc`,`is_use`,`create_time`,`modify_time` FROM `gxfc_config` WHERE  `site_id` = 0  AND `app_module` = 'admin'  AND `config_key` = 'MEMBER_REGISTER_REWARD_CONFIG' LIMIT 1 [ RunTime:0.000319s ]
[2022-07-28T16:03:36+08:00][sql] CONNECT:[ UseTime:0.000171s ] mysql:host=localhost;port=3306;dbname=ls_chnssl_com;charset=utf8
[2022-07-28T16:03:36+08:00][sql] SHOW FULL COLUMNS FROM `gxfc_config` [ RunTime:0.000852s ]
[2022-07-28T16:03:36+08:00][sql] SELECT `site_id`,`app_module`,`config_key`,`value`,`config_desc`,`is_use`,`create_time`,`modify_time` FROM `gxfc_config` WHERE  `site_id` = 0  AND `app_module` = 'admin'  AND `config_key` = 'MEMBER_REGISTER_REWARD_CONFIG' LIMIT 1 [ RunTime:0.000293s ]
[2022-07-28T16:03:36+08:00][sql] CONNECT:[ UseTime:0.000273s ] mysql:host=localhost;port=3306;dbname=ls_chnssl_com;charset=utf8
[2022-07-28T16:03:36+08:00][sql] SHOW FULL COLUMNS FROM `gxfc_config` [ RunTime:0.000888s ]
[2022-07-28T16:03:36+08:00][sql] SELECT `site_id`,`app_module`,`config_key`,`value`,`config_desc`,`is_use`,`create_time`,`modify_time` FROM `gxfc_config` WHERE  `site_id` = 0  AND `app_module` = 'admin'  AND `config_key` = 'FENXIAO_BASICS_CONFIG' LIMIT 1 [ RunTime:0.000247s ]
[2022-07-28T16:10:02+08:00][sql] CONNECT:[ UseTime:0.000309s ] mysql:host=localhost;port=3306;dbname=ls_chnssl_com;charset=utf8
[2022-07-28T16:10:02+08:00][sql] SHOW FULL COLUMNS FROM `gxfc_config` [ RunTime:0.001249s ]
[2022-07-28T16:10:02+08:00][sql] SELECT `site_id`,`app_module`,`config_key`,`value`,`config_desc`,`is_use`,`create_time`,`modify_time` FROM `gxfc_config` WHERE  `site_id` = 0  AND `app_module` = 'admin'  AND `config_key` = 'MEMBER_REGISTER_REWARD_CONFIG' LIMIT 1 [ RunTime:0.000380s ]
[2022-07-28T16:10:02+08:00][sql] CONNECT:[ UseTime:0.000226s ] mysql:host=localhost;port=3306;dbname=ls_chnssl_com;charset=utf8
[2022-07-28T16:10:02+08:00][sql] SHOW FULL COLUMNS FROM `gxfc_config` [ RunTime:0.000792s ]
[2022-07-28T16:10:02+08:00][sql] SELECT `site_id`,`app_module`,`config_key`,`value`,`config_desc`,`is_use`,`create_time`,`modify_time` FROM `gxfc_config` WHERE  `site_id` = 0  AND `app_module` = 'admin'  AND `config_key` = 'MEMBER_REGISTER_REWARD_CONFIG' LIMIT 1 [ RunTime:0.000251s ]
[2022-07-28T16:15:37+08:00][sql] CONNECT:[ UseTime:0.000298s ] mysql:host=localhost;port=3306;dbname=ls_chnssl_com;charset=utf8
[2022-07-28T16:15:37+08:00][sql] SHOW FULL COLUMNS FROM `gxfc_config` [ RunTime:0.001198s ]
[2022-07-28T16:15:37+08:00][sql] SELECT `site_id`,`app_module`,`config_key`,`value`,`config_desc`,`is_use`,`create_time`,`modify_time` FROM `gxfc_config` WHERE  `site_id` = 0  AND `app_module` = 'admin'  AND `config_key` = 'FENXIAO_BASICS_CONFIG' LIMIT 1 [ RunTime:0.000376s ]
[2022-07-28T16:20:08+08:00][sql] CONNECT:[ UseTime:0.000235s ] mysql:host=localhost;port=3306;dbname=ls_chnssl_com;charset=utf8
[2022-07-28T16:20:08+08:00][sql] SHOW FULL COLUMNS FROM `gxfc_config` [ RunTime:0.000817s ]
[2022-07-28T16:20:08+08:00][sql] SELECT `site_id`,`app_module`,`config_key`,`value`,`config_desc`,`is_use`,`create_time`,`modify_time` FROM `gxfc_config` WHERE  `site_id` = 0  AND `app_module` = 'admin'  AND `config_key` = 'WEAPP_CONFIG' LIMIT 1 [ RunTime:0.000262s ]
[2022-07-28T17:14:37+08:00][sql] CONNECT:[ UseTime:0.000212s ] mysql:host=localhost;port=3306;dbname=ls_chnssl_com;charset=utf8
[2022-07-28T17:14:37+08:00][sql] SHOW FULL COLUMNS FROM `gxfc_shop` [ RunTime:0.001150s ]
[2022-07-28T17:14:37+08:00][sql] SELECT COUNT(*) AS think_count FROM `gxfc_shop` `s` LEFT JOIN `gxfc_website` `w` ON `w`.`site_id`=`s`.`website_id` ORDER BY `s`.`site_id` DESC [ RunTime:0.000243s ]
[2022-07-28T17:14:37+08:00][sql] SELECT `s`.`site_id`,`s`.`expire_time`,`s`.`site_name`,`s`.`username`,`s`.`website_id`,`s`.`cert_id`,`s`.`is_own`,`s`.`category_name`,`s`.`group_name`,`s`.`shop_status`,`s`.`site_xgl_id`,`s`.`create_time`,`w`.`site_area_name` FROM `gxfc_shop` `s` LEFT JOIN `gxfc_website` `w` ON `w`.`site_id`=`s`.`website_id` ORDER BY `s`.`site_id` DESC LIMIT 0,10 [ RunTime:0.000337s ]
[2022-07-28T17:14:37+08:00][sql] SHOW FULL COLUMNS FROM `gxfc_shop_cert` [ RunTime:0.000831s ]
[2022-07-28T17:14:37+08:00][sql] SELECT * FROM `gxfc_shop_cert` WHERE  `cert_id` = 59 LIMIT 1 [ RunTime:0.000302s ]
[2022-07-28T17:14:37+08:00][sql] SELECT * FROM `gxfc_shop_cert` WHERE  `cert_id` = 58 LIMIT 1 [ RunTime:0.000295s ]
[2022-07-28T17:14:37+08:00][sql] SELECT * FROM `gxfc_shop_cert` WHERE  `cert_id` = 57 LIMIT 1 [ RunTime:0.000278s ]
[2022-07-28T17:14:37+08:00][sql] SELECT * FROM `gxfc_shop_cert` WHERE  `cert_id` = 56 LIMIT 1 [ RunTime:0.000276s ]
[2022-07-28T17:14:37+08:00][sql] SELECT * FROM `gxfc_shop_cert` WHERE  `cert_id` = 5 LIMIT 1 [ RunTime:0.000269s ]
[2022-07-28T17:14:37+08:00][sql] SELECT * FROM `gxfc_shop_cert` WHERE  `cert_id` = 9 LIMIT 1 [ RunTime:0.000278s ]
[2022-07-28T17:14:37+08:00][sql] SELECT * FROM `gxfc_shop_cert` WHERE  `cert_id` = 8 LIMIT 1 [ RunTime:0.000289s ]
[2022-07-28T17:14:37+08:00][sql] SELECT * FROM `gxfc_shop_cert` WHERE  `cert_id` = 3 LIMIT 1 [ RunTime:0.000284s ]
[2022-07-28T17:14:37+08:00][sql] SELECT * FROM `gxfc_shop_cert` WHERE  `cert_id` = 2 LIMIT 1 [ RunTime:0.000247s ]
[2022-07-28T17:14:37+08:00][sql] SELECT * FROM `gxfc_shop_cert` WHERE  `cert_id` = 1 LIMIT 1 [ RunTime:0.000249s ]
[2022-07-28T23:10:10+08:00][error] [0]route pattern error
