[2022-08-01T14:40:56+08:00][sql] CONNECT:[ UseTime:0.000258s ] mysql:host=localhost;port=3306;dbname=ls_chnssl_com;charset=utf8
[2022-08-01T14:40:56+08:00][sql] SHOW FULL COLUMNS FROM `gxfc_config` [ RunTime:0.000948s ]
[2022-08-01T14:40:56+08:00][sql] SELECT `site_id`,`app_module`,`config_key`,`value`,`config_desc`,`is_use`,`create_time`,`modify_time` FROM `gxfc_config` WHERE  `site_id` = 0  AND `app_module` = 'admin'  AND `config_key` = 'ALI_PAY_CONFIG' LIMIT 1 [ RunTime:0.000234s ]
[2022-08-01T14:40:56+08:00][sql] SELECT `site_id`,`app_module`,`config_key`,`value`,`config_desc`,`is_use`,`create_time`,`modify_time` FROM `gxfc_config` WHERE  `site_id` = 0  AND `app_module` = 'admin'  AND `config_key` = 'WECHAT_CONFIG' LIMIT 1 [ RunTime:0.000241s ]
[2022-08-01T14:40:56+08:00][sql] SHOW FULL COLUMNS FROM `gxfc_pay` [ RunTime:0.000824s ]
[2022-08-01T14:40:56+08:00][sql] SELECT `id`,`site_id`,`out_trade_no`,`pay_type`,`trade_no`,`pay_no`,`pay_body`,`pay_detail`,`pay_money`,`pay_addon`,`pay_voucher`,`pay_status`,`return_url`,`event`,`mch_info`,`create_time`,`pay_time` FROM `gxfc_pay` WHERE  `out_trade_no` = '20220801144080001' LIMIT 1 [ RunTime:0.000275s ]
[2022-08-01T14:40:56+08:00][sql] UPDATE `gxfc_pay`  SET `trade_no` = '4200001435202208012489584164' , `pay_type` = 'wechatpay' , `pay_addon` = 'wechatpay' , `pay_time` = 1659336056 , `pay_status` = 2  WHERE  `out_trade_no` = '20220801144080001' [ RunTime:0.006488s ]
[2022-08-01T14:40:56+08:00][sql] SHOW FULL COLUMNS FROM `gxfc_order` [ RunTime:0.001309s ]
[2022-08-01T14:40:56+08:00][sql] SELECT * FROM `gxfc_order` WHERE  `out_trade_no` = '20220801144080001' [ RunTime:0.001832s ]
[2022-08-01T14:40:56+08:00][sql] UPDATE `gxfc_order`  SET `pay_status` = 1 , `pay_time` = 1659336056 , `is_enable_refund` = 1 , `pay_type` = 'wechatpay' , `pay_type_name` = '微信支付' , `order_status` = 3 , `order_status_name` = '待核销' , `order_status_action` = '{\"status\":3,\"name\":\"\\u5f85\\u6838\\u9500\",\"is_allow_refund\":1,\"icon\":\"upload\\/uniapp\\/order\\/order-icon-close.png\",\"action\":[],\"member_action\":[],\"color\":\"\"}'  WHERE  `order_id` = 561 [ RunTime:0.000326s ]
[2022-08-01T14:40:56+08:00][sql] SELECT `order_no`,`site_id`,`site_name`,`member_id`,`order_type`,`sign_time`,`order_status`,`delivery_code`,`create_time`,`name`,`pay_time`,`pay_money`,`mobile`,`is_lock`,`order_money` FROM `gxfc_order` WHERE  `order_id` = 561 LIMIT 1 [ RunTime:0.000213s ]
[2022-08-01T14:40:56+08:00][sql] SHOW FULL COLUMNS FROM `gxfc_order_goods` [ RunTime:0.000937s ]
[2022-08-01T14:40:56+08:00][sql] SELECT `sku_id`,`sku_name`,`sku_image`,`price`,`num`,`order_goods_id` FROM `gxfc_order_goods` WHERE  `order_id` = 561 LIMIT 1 [ RunTime:0.000433s ]
[2022-08-01T14:40:56+08:00][sql] SHOW FULL COLUMNS FROM `gxfc_verify` [ RunTime:0.000660s ]
[2022-08-01T14:40:56+08:00][sql] INSERT INTO `gxfc_verify` SET `site_id` = 11 , `site_name` = '有点东西旗舰店' , `verify_code` = '20220801144000001' , `verify_type` = 'virtualgoods' , `verify_type_name` = '虚拟商品' , `verify_content_json` = '{\"item_array\":[{\"img\":\"upload\\/11\\/common\\/images\\/20220712\\/20220712044403165761544340018.png\",\"name\":\"武术兴趣班 第一期\",\"price\":\"10.00\",\"num\":1,\"order_goods_id\":592,\"remark_array\":[{\"title\":\"联系人\",\"value\":\"15927119597\"}]}],\"remark_array\":[{\"title\":\"订单金额\",\"value\":\"9.95\"},{\"title\":\"订单编号\",\"value\":\"20220801144080001\"},{\"title\":\"创建时间\",\"value\":\"2022-08-01 14:40:50\"},{\"title\":\"付款时间\",\"value\":\"2022-08-01 14:40:56\"}]}' , `create_time` = 1659336056 , `relate_id` = 0 [ RunTime:0.000199s ]
[2022-08-01T14:40:56+08:00][sql] SELECT `site_id`,`app_module`,`config_key`,`value`,`config_desc`,`is_use`,`create_time`,`modify_time` FROM `gxfc_config` WHERE  `site_id` = 0  AND `app_module` = 'admin'  AND `config_key` = 'H5_DOMAIN_NAME' LIMIT 1 [ RunTime:0.000261s ]
[2022-08-01T14:40:57+08:00][sql] UPDATE `gxfc_order`  SET `virtual_code` = '20220801144000001'  WHERE  `order_id` = 561 [ RunTime:0.000332s ]
[2022-08-01T14:40:57+08:00][sql] SHOW FULL COLUMNS FROM `gxfc_goods_virtual` [ RunTime:0.000790s ]
[2022-08-01T14:40:57+08:00][sql] INSERT INTO `gxfc_goods_virtual` SET `site_id` = 11 , `order_id` = 561 , `order_no` = '20220801144080001' , `sku_id` = 77 , `sku_name` = '武术兴趣班 第一期' , `code` = '20220801144000001' , `member_id` = 8 , `sku_image` = 'upload/11/common/images/20220712/20220712044403165761544340018.png' [ RunTime:0.000183s ]
[2022-08-01T14:40:57+08:00][sql] SHOW FULL COLUMNS FROM `gxfc_member` [ RunTime:0.001087s ]
[2022-08-01T14:40:57+08:00][sql] UPDATE `gxfc_member`  SET `order_money` = `order_money` + 9.95  WHERE  `member_id` = 8 [ RunTime:0.000196s ]
[2022-08-01T14:40:57+08:00][sql] UPDATE `gxfc_member`  SET `order_num` = `order_num` + 1  WHERE  `member_id` = 8 [ RunTime:0.000137s ]
[2022-08-01T14:40:57+08:00][sql] SELECT `sku_id`,`num` FROM `gxfc_order_goods` WHERE  `order_id` = 561 [ RunTime:0.000315s ]
[2022-08-01T14:40:57+08:00][sql] SHOW FULL COLUMNS FROM `gxfc_goods_sku` [ RunTime:0.000989s ]
[2022-08-01T14:40:57+08:00][sql] UPDATE `gxfc_goods_sku`  SET `sale_num` = `sale_num` + 1  WHERE  `sku_id` = 77 [ RunTime:0.000170s ]
[2022-08-01T14:40:57+08:00][sql] SELECT `goods_id` FROM `gxfc_goods_sku` WHERE  `sku_id` = 77 LIMIT 1 [ RunTime:0.000129s ]
[2022-08-01T14:40:57+08:00][sql] SHOW FULL COLUMNS FROM `gxfc_goods` [ RunTime:0.000925s ]
[2022-08-01T14:40:57+08:00][sql] UPDATE `gxfc_goods`  SET `sale_num` = `sale_num` + 1  WHERE  `goods_id` = 57 [ RunTime:0.000179s ]
[2022-08-01T14:40:57+08:00][sql] UPDATE `gxfc_order_goods`  SET `refund_status_action` = '{\"status\":0,\"name\":\"\",\"action\":[],\"member_action\":[{\"event\":\"orderRefundApply\",\"title\":\"申请维权\",\"color\":\"\"}]}'  WHERE  `order_id` = 561 [ RunTime:0.000921s ]
[2022-08-01T14:40:57+08:00][sql] SHOW FULL COLUMNS FROM `gxfc_order_log` [ RunTime:0.000708s ]
[2022-08-01T14:40:57+08:00][sql] INSERT INTO `gxfc_order_log` SET `uid` = 8 , `nick_name` = '' , `module` = 'member' , `action` = '订单支付' , `order_status` = 1 , `order_status_name` = '待发货' , `action_way` = orderPay , `order_id` = 561 , `action_time` = 1659336057 [ RunTime:0.000177s ]
[2022-08-01T14:40:57+08:00][sql] SELECT `member_id`,`promotion_money`,`coupon_money`,`goods_money`,`delivery_money`,`adjust_money`,`dj_money`,`order_money`,`platform_coupon_money` FROM `gxfc_order` WHERE  `order_id` = 561 LIMIT 1 [ RunTime:0.000194s ]
[2022-08-01T14:40:57+08:00][sql] SELECT `order_goods_id`,`goods_money`,`commission_rate`,`real_goods_money` FROM `gxfc_order_goods` WHERE  `order_id` = 561 [ RunTime:0.000411s ]
[2022-08-01T14:40:57+08:00][sql] SELECT `hospital_id` FROM `gxfc_member` WHERE  `member_id` = 8 LIMIT 1 [ RunTime:0.000139s ]
[2022-08-01T14:40:57+08:00][sql] UPDATE `gxfc_order_goods`  SET `shop_money` = 9.96 , `platform_money` = -0.01 , `hospital_money` = 0  WHERE  `order_goods_id` = 592 [ RunTime:0.000178s ]
[2022-08-01T14:40:57+08:00][sql] UPDATE `gxfc_order`  SET `shop_money` = 9.96 , `platform_money` = -0.01 , `hospital_money` = 0 , `hospital_id` = 0  WHERE  `order_id` = 561 [ RunTime:0.000184s ]
[2022-08-01T14:40:57+08:00][sql] SHOW FULL COLUMNS FROM `gxfc_stat_shop` [ RunTime:0.000796s ]
[2022-08-01T14:40:57+08:00][sql] SELECT `id` FROM `gxfc_stat_shop` WHERE  `site_id` = 11  AND `year` = 2022  AND `month` = 8  AND `day` = 1 LIMIT 1 [ RunTime:0.000175s ]
[2022-08-01T14:40:57+08:00][sql] UPDATE `gxfc_stat_shop`  SET `modify_time` = 1659336057 , `order_total` = order_total+9.95 , `shipping_total` = shipping_total+0.00 , `order_pay_count` = order_pay_count+1 , `goods_pay_count` = goods_pay_count+1  WHERE  `site_id` = 11  AND `year` = 2022  AND `month` = 8  AND `day` = 1 [ RunTime:0.000185s ]
[2022-08-01T14:40:57+08:00][sql] SELECT `id` FROM `gxfc_stat_shop` WHERE  `site_id` = 0  AND `year` = 2022  AND `month` = 8  AND `day` = 1 LIMIT 1 [ RunTime:0.000156s ]
[2022-08-01T14:40:57+08:00][sql] UPDATE `gxfc_stat_shop`  SET `modify_time` = 1659336057 , `order_total` = order_total+9.95 , `shipping_total` = shipping_total+0.00 , `order_pay_count` = order_pay_count+1 , `goods_pay_count` = goods_pay_count+1  WHERE  `site_id` = 0  AND `year` = 2022  AND `month` = 8  AND `day` = 1 [ RunTime:0.000160s ]
[2022-08-01T14:40:57+08:00][sql] SELECT `site_id`,`app_module`,`config_key`,`value`,`config_desc`,`is_use`,`create_time`,`modify_time` FROM `gxfc_config` WHERE  `site_id` = 0  AND `app_module` = 'admin'  AND `config_key` = 'MEMBER_CONSUME_CONFIG' LIMIT 1 [ RunTime:0.000193s ]
[2022-08-01T14:40:57+08:00][sql] SELECT * FROM `gxfc_order` WHERE  `order_id` = 561 LIMIT 1 [ RunTime:0.000425s ]
[2022-08-01T14:40:57+08:00][sql] SELECT `point`,`username`,`mobile`,`email` FROM `gxfc_member` WHERE  `member_id` = 8 LIMIT 1 [ RunTime:0.000143s ]
[2022-08-01T14:40:57+08:00][sql] SHOW FULL COLUMNS FROM `gxfc_member_account` [ RunTime:0.000763s ]
[2022-08-01T14:40:57+08:00][sql] INSERT INTO `gxfc_member_account` SET `member_id` = 8 , `account_type` = 'point' , `account_data` = 9 , `from_type` = 'order' , `type_name` = '消费' , `type_tag` = 561 , `create_time` = 1659336057 , `username` = '' , `mobile` = '15927119597' , `email` = '' , `remark` = '订单20220801144080001付款送9积分' [ RunTime:0.000205s ]
[2022-08-01T14:40:57+08:00][sql] UPDATE `gxfc_member`  SET `point` = 2744  WHERE  `member_id` = 8 [ RunTime:0.000175s ]
[2022-08-01T14:40:57+08:00][sql] SELECT `growth`,`username`,`mobile`,`email` FROM `gxfc_member` WHERE  `member_id` = 8 LIMIT 1 [ RunTime:0.000172s ]
[2022-08-01T14:40:57+08:00][sql] INSERT INTO `gxfc_member_account` SET `member_id` = 8 , `account_type` = 'growth' , `account_data` = 9 , `from_type` = 'order' , `type_name` = '消费' , `type_tag` = 561 , `create_time` = 1659336057 , `username` = '' , `mobile` = '15927119597' , `email` = '' , `remark` = '订单20220801144080001付款送9成长值' [ RunTime:0.000173s ]
[2022-08-01T14:40:57+08:00][sql] UPDATE `gxfc_member`  SET `growth` = 2744  WHERE  `member_id` = 8 [ RunTime:0.000187s ]
[2022-08-01T14:40:57+08:00][sql] SELECT `growth`,`member_level` FROM `gxfc_member` WHERE  `member_id` = 8 LIMIT 1 [ RunTime:0.000141s ]
[2022-08-01T14:40:57+08:00][sql] SHOW FULL COLUMNS FROM `gxfc_member_level` [ RunTime:0.000638s ]
[2022-08-01T14:40:57+08:00][sql] SELECT `level_id`,`level_name`,`sort`,`growth` FROM `gxfc_member_level` WHERE  `growth` <= '2744.00' ORDER BY `sort` DESC [ RunTime:0.000158s ]
[2022-08-01T14:40:57+08:00][sql] SHOW FULL COLUMNS FROM `gxfc_cron` [ RunTime:0.000752s ]
[2022-08-01T14:40:57+08:00][sql] INSERT INTO `gxfc_cron` SET `type` = 1 , `period` = 0 , `period_type` = 0 , `name` = '订单小票打印' , `event` = 'PrintOrder' , `execute_time` = 1659336057 , `relate_id` = 561 , `create_time` = 1659336057 [ RunTime:0.000146s ]
[2022-08-01T14:40:57+08:00][sql] SELECT * FROM `gxfc_member` WHERE  `member_id` = 8  AND `is_delete` = 0 LIMIT 1 [ RunTime:0.000282s ]
[2022-08-01T14:40:57+08:00][sql] SHOW FULL COLUMNS FROM `gxfc_message_sms_records` [ RunTime:0.000711s ]
[2022-08-01T14:40:57+08:00][sql] INSERT INTO `gxfc_message_sms_records` SET `account` = '15927119597' , `status` = 0 , `addon` = '' , `addon_name` = '' , `content` = '' , `var_parse` = '{\"orderno\":\"20220801144080001\",\"username\":\"\",\"ordermoney\":\"9.95\"}' , `keywords` = 'ORDER_PAY' , `create_time` = 1659336057 , `send_time` = 0 , `result` = '没有可用的短信发送方式' , `keywords_name` = '订单支付通知' [ RunTime:0.000174s ]
[2022-08-01T14:40:57+08:00][sql] SELECT `order_no`,`site_id`,`order_name`,`order_money`,`order_type`,`pay_time` FROM `gxfc_order` WHERE  `order_id` = 561 LIMIT 1 [ RunTime:0.000178s ]
[2022-08-01T14:40:57+08:00][sql] SHOW FULL COLUMNS FROM `gxfc_shop_accept_message` [ RunTime:0.000668s ]
[2022-08-01T14:40:57+08:00][sql] SELECT `sam`.*,`m`.`mobile`,`m`.`wx_openid`,`m`.`nickname`,`m`.`headimg`,`m`.`username`,`m`.`email` FROM `gxfc_shop_accept_message` `sam` LEFT JOIN `gxfc_member` `m` ON `m`.`member_id`=`sam`.`member_id` WHERE  `sam`.`site_id` = 11 [ RunTime:0.000201s ]
[2022-08-01T14:40:57+08:00][error] [2]Cannot modify header information - headers already sent by (output started at /www/wwwroot/ls.chnssl.com/vendor/symfony/http-foundation/Response.php:381)
[2022-08-01T14:40:57+08:00][error] [1]Uncaught think\exception\ErrorException: Cannot modify header information - headers already sent by (output started at /www/wwwroot/ls.chnssl.com/vendor/symfony/http-foundation/Response.php:381) in /www/wwwroot/ls.chnssl.com/vendor/topthink/framework/src/think/Cookie.php:226
Stack trace:
#0 [internal function]: think\initializer\Error->appError(2, 'Cannot modify h...', '/www/wwwroot/ls...', 226, Array)
#1 /www/wwwroot/ls.chnssl.com/vendor/topthink/framework/src/think/Cookie.php(226): setcookie('think_lang', '', 0, '/', '', false, false)
#2 /www/wwwroot/ls.chnssl.com/vendor/topthink/framework/src/think/Cookie.php(196): think\Cookie->saveCookie('think_lang', '', 0, '/', '', false, false, '')
#3 /www/wwwroot/ls.chnssl.com/vendor/topthink/framework/src/think/Response.php(142): think\Cookie->save()
#4 /www/wwwroot/ls.chnssl.com/vendor/topthink/framework/src/think/initializer/Error.php(58): think\Response->send()
#5 [internal function]: think\initializer\Error->appException(Object(think\exception\ErrorException))
#
