[2022-08-26T14:04:36+08:00][sql] CONNECT:[ UseTime:0.000360s ] mysql:host=127.0.0.1;port=3306;dbname=ls_ssl_com;charset=utf8
[2022-08-26T14:04:36+08:00][sql] SELECT `site_id`,`app_module`,`config_key`,`value`,`config_desc`,`is_use`,`create_time`,`modify_time` FROM `gxfc_config` WHERE  `site_id` = 0  AND `app_module` = 'admin'  AND `config_key` = 'ALI_PAY_CONFIG' LIMIT 1 [ RunTime:0.000383s ]
[2022-08-26T14:04:36+08:00][sql] SELECT `site_id`,`app_module`,`config_key`,`value`,`config_desc`,`is_use`,`create_time`,`modify_time` FROM `gxfc_config` WHERE  `site_id` = 0  AND `app_module` = 'admin'  AND `config_key` = 'WECHAT_CONFIG' LIMIT 1 [ RunTime:0.000363s ]
[2022-08-26T14:04:36+08:00][sql] SELECT `id`,`site_id`,`out_trade_no`,`pay_type`,`trade_no`,`pay_no`,`pay_body`,`pay_detail`,`pay_money`,`pay_addon`,`pay_voucher`,`pay_status`,`return_url`,`event`,`mch_info`,`create_time`,`pay_time` FROM `gxfc_pay` WHERE  `out_trade_no` = '2022082614042520001' LIMIT 1 [ RunTime:0.000401s ]
[2022-08-26T14:04:36+08:00][sql] UPDATE `gxfc_pay`  SET `trade_no` = '4200001596202208261193580991' , `pay_type` = 'wechatpay' , `pay_addon` = 'wechatpay' , `pay_time` = 1661493876 , `pay_status` = 2  WHERE  `out_trade_no` = '2022082614042520001' [ RunTime:0.011151s ]
[2022-08-26T14:04:36+08:00][sql] SELECT * FROM `gxfc_order` WHERE  `out_trade_no` = '2022082614042520001' [ RunTime:0.000529s ]
[2022-08-26T14:04:36+08:00][sql] UPDATE `gxfc_order`  SET `pay_status` = 1 , `pay_time` = 1661493876 , `is_enable_refund` = 1 , `pay_type` = 'wechatpay' , `pay_type_name` = '微信支付'  WHERE  `order_id` = 1 [ RunTime:0.000393s ]
[2022-08-26T14:04:36+08:00][sql] SELECT `order_id`,`order_no`,`site_id`,`site_name`,`website_id`,`order_name`,`order_from`,`order_from_name`,`order_type`,`order_type_name`,`order_promotion_type`,`order_promotion_name`,`promotion_id`,`out_trade_no`,`out_trade_no_2`,`delivery_code`,`order_status`,`order_status_name`,`order_status_action`,`pay_status`,`delivery_status`,`refund_status`,`pay_type`,`pay_type_name`,`delivery_type`,`delivery_type_name`,`member_id`,`name`,`mobile`,`telephone`,`province_id`,`city_id`,`district_id`,`community_id`,`address`,`full_address`,`longitude`,`latitude`,`buyer_ip`,`buyer_ask_delivery_time`,`buyer_message`,`order_invoice_company`,`order_invoice_type`,`order_invoice_type_name`,`order_invoice_trade_type`,`order_invoice_rate`,`goods_money`,`delivery_money`,`promotion_money`,`coupon_id`,`coupon_money`,`invoice_money`,`order_money`,`adjust_money`,`balance_money`,`pay_money`,`create_time`,`pay_time`,`delivery_time`,`sign_time`,`finish_time`,`close_time`,`is_lock`,`is_evaluate`,`is_delete`,`is_enable_refund`,`remark`,`goods_num`,`delivery_store_id`,`delivery_status_name`,`is_settlement`,`store_settlement_id`,`delivery_store_name`,`promotion_type`,`promotion_type_name`,`promotion_status_name`,`delivery_store_info`,`virtual_code`,`evaluate_status`,`evaluate_status_name`,`shop_money`,`platform_money`,`refund_money`,`refund_shop_money`,`refund_platform_money`,`commission`,`settlement_id`,`platform_coupon_id`,`platform_coupon_money`,`platform_coupon_total_money`,`platform_coupon_shop_money`,`is_invoice`,`invoice_type`,`invoice_title`,`taxpayer_number`,`invoice_rate`,`invoice_content`,`invoice_delivery_money`,`invoice_full_address`,`is_tax_invoice`,`invoice_email`,`invoice_title_type`,`refund_platform_coupon_total_money`,`refund_platform_coupon_shop_money`,`refund_platform_coupon_money`,`dj_money`,`soldier_money` FROM `gxfc_order` WHERE  `order_id` = 1 LIMIT 1 [ RunTime:0.000462s ]
[2022-08-26T14:04:36+08:00][sql] SELECT `is_lock` FROM `gxfc_order` WHERE  `order_id` = 1 LIMIT 1 [ RunTime:0.000224s ]
[2022-08-26T14:04:36+08:00][sql] SELECT `order_no`,`site_id`,`site_name`,`member_id`,`order_type`,`sign_time`,`order_status`,`delivery_code`,`create_time`,`name`,`pay_time`,`pay_money`,`mobile`,`is_lock`,`order_money` FROM `gxfc_order` WHERE  `order_id` = 1 LIMIT 1 [ RunTime:0.000211s ]
[2022-08-26T14:04:36+08:00][sql] UPDATE `gxfc_order_goods`  SET `delivery_status` = 1 , `delivery_status_name` = '已收货'  WHERE  `order_id` = 1 [ RunTime:0.000252s ]
[2022-08-26T14:04:36+08:00][sql] SELECT `sku_id`,`sku_name`,`sku_image`,`price`,`num`,`order_goods_id` FROM `gxfc_order_goods` WHERE  `order_id` = 1 LIMIT 1 [ RunTime:0.000248s ]
[2022-08-26T14:04:36+08:00][sql] SHOW FULL COLUMNS FROM `gxfc_verify` [ RunTime:0.000812s ]
[2022-08-26T14:04:36+08:00][sql] INSERT INTO `gxfc_verify` SET `site_id` = 1 , `site_name` = '赞友情' , `verify_code` = '20220826140410001' , `verify_type` = 'virtualgoods' , `verify_type_name` = '虚拟商品' , `verify_content_json` = '{\"item_array\":{\"1\":{\"img\":\"upload\\/1\\/common\\/images\\/20220808\\/20220808060408165995304859318.png\",\"name\":\"没有商品 \",\"price\":\"0.10\",\"num\":1,\"remark_array\":[{\"title\":\"联系人\",\"value\":\"18271963152\"}]}},\"remark_array\":[{\"title\":\"订单金额\",\"value\":\"0.10\"},{\"title\":\"订单编号\",\"value\":\"2022082614042520001\"},{\"title\":\"创建时间\",\"value\":\"2022-08-26 14:04:28\"},{\"title\":\"付款时间\",\"value\":\"2022-08-26 14:04:36\"}]}' , `create_time` = 1661493876 , `relate_id` = 1 [ RunTime:0.008386s ]
[2022-08-26T14:04:36+08:00][sql] SELECT `site_id`,`app_module`,`config_key`,`value`,`config_desc`,`is_use`,`create_time`,`modify_time` FROM `gxfc_config` WHERE  `site_id` = 0  AND `app_module` = 'admin'  AND `config_key` = 'H5_DOMAIN_NAME' LIMIT 1 [ RunTime:0.000325s ]
[2022-08-26T14:04:37+08:00][sql] UPDATE `gxfc_order`  SET `virtual_code` = '20220826140410001'  WHERE  `order_id` = 1 [ RunTime:0.000413s ]
[2022-08-26T14:04:37+08:00][sql] SHOW FULL COLUMNS FROM `gxfc_goods_virtual` [ RunTime:0.000944s ]
[2022-08-26T14:04:37+08:00][sql] INSERT INTO `gxfc_goods_virtual` SET `site_id` = 1 , `order_id` = 1 , `order_no` = '2022082614042520001' , `sku_id` = 5 , `sku_name` = '没有商品 ' , `code` = '20220826140410001' , `member_id` = 252 , `sku_image` = 'upload/1/common/images/20220808/20220808060408165995304859318.png' [ RunTime:0.000226s ]
[2022-08-26T14:04:37+08:00][sql] UPDATE `gxfc_order`  SET `order_status` = 4 , `order_status_name` = '已收货' , `order_status_action` = '{\"status\":4,\"name\":\"已收货\",\"is_allow_refund\":1,\"icon\":\"upload\\/uniapp\\/order\\/order-icon-received.png\",\"action\":[],\"member_action\":[],\"color\":\"\"}' , `is_evaluate` = 1 , `evaluate_status` = 0 , `evaluate_status_name` = '待评价' , `sign_time` = 1661493877  WHERE  `order_id` = 1 [ RunTime:0.000402s ]
[2022-08-26T14:04:37+08:00][sql] INSERT INTO `gxfc_cron` SET `type` = 1 , `period` = 0 , `period_type` = 0 , `name` = '订单自动完成' , `event` = 'CronOrderComplete' , `execute_time` = 1661493877 , `relate_id` = 1 , `create_time` = 1661493877 [ RunTime:0.000248s ]
[2022-08-26T14:04:37+08:00][sql] SELECT `site_id`,`app_module`,`config_key`,`value`,`config_desc`,`is_use`,`create_time`,`modify_time` FROM `gxfc_config` WHERE  `site_id` = 0  AND `app_module` = 'admin'  AND `config_key` = 'MEMBER_CONSUME_CONFIG' LIMIT 1 [ RunTime:0.000288s ]
[2022-08-26T14:04:37+08:00][sql] INSERT INTO `gxfc_order_log` SET `action` = '订单收货' , `order_status` = 4 , `order_status_name` = '已收货' , `action_way` = orderTakeDelivery , `order_id` = 1 , `uid` = 0 , `nick_name` = '系统操作' , `module` = 'member' , `action_time` = 1661493877 [ RunTime:0.000210s ]
[2022-08-26T14:04:37+08:00][sql] SELECT * FROM `gxfc_message` WHERE  `keywords` = 'ORDER_TAKE_DELIVERY' LIMIT 1 [ RunTime:0.000304s ]
[2022-08-26T14:04:37+08:00][sql] SELECT `order_type`,`order_no`,`mobile`,`member_id`,`full_address`,`address`,`name`,`order_name`,`sign_time` FROM `gxfc_order` WHERE  `order_id` = 1 LIMIT 1 [ RunTime:0.000295s ]
[2022-08-26T14:04:37+08:00][sql] SELECT * FROM `gxfc_member` WHERE  `member_id` = 252  AND `is_delete` = 0 LIMIT 1 [ RunTime:0.000329s ]
[2022-08-26T14:04:37+08:00][sql] INSERT INTO `gxfc_message_sms_records` SET `account` = '18271963152' , `status` = 0 , `addon` = '' , `addon_name` = '' , `content` = '' , `var_parse` = '{\"orderno\":\"2022082614042520001\"}' , `keywords` = 'ORDER_TAKE_DELIVERY' , `create_time` = 1661493877 , `send_time` = 0 , `result` = '没有可用的短信发送方式' , `keywords_name` = '订单收货通知' [ RunTime:0.000247s ]
[2022-08-26T14:04:37+08:00][sql] SELECT * FROM `gxfc_message` WHERE  `keywords` = 'BUYER_TAKE_DELIVERY' LIMIT 1 [ RunTime:0.000291s ]
[2022-08-26T14:04:37+08:00][sql] SELECT `order_no`,`order_name`,`site_id`,`order_type`,`name`,`full_address`,`sign_time` FROM `gxfc_order` WHERE  `order_id` = 1 LIMIT 1 [ RunTime:0.000257s ]
[2022-08-26T14:04:37+08:00][sql] SHOW FULL COLUMNS FROM `gxfc_shop_accept_message` [ RunTime:0.000818s ]
[2022-08-26T14:04:37+08:00][sql] SELECT `sam`.*,`m`.`mobile`,`m`.`wx_openid`,`m`.`nickname`,`m`.`headimg`,`m`.`username`,`m`.`email` FROM `gxfc_shop_accept_message` `sam` LEFT JOIN `gxfc_member` `m` ON `m`.`member_id`=`sam`.`member_id` WHERE  `sam`.`site_id` = 1 [ RunTime:0.000286s ]
[2022-08-26T14:04:37+08:00][sql] UPDATE `gxfc_member`  SET `order_money` = `order_money` + 0.1  WHERE  `member_id` = 252 [ RunTime:0.000254s ]
[2022-08-26T14:04:37+08:00][sql] UPDATE `gxfc_member`  SET `order_num` = `order_num` + 1  WHERE  `member_id` = 252 [ RunTime:0.000179s ]
[2022-08-26T14:04:37+08:00][sql] SELECT `sku_id`,`num` FROM `gxfc_order_goods` WHERE  `order_id` = 1 [ RunTime:0.000215s ]
[2022-08-26T14:04:37+08:00][sql] UPDATE `gxfc_goods_sku`  SET `sale_num` = `sale_num` + 1  WHERE  `sku_id` = 5 [ RunTime:0.000274s ]
[2022-08-26T14:04:37+08:00][sql] SELECT `goods_id` FROM `gxfc_goods_sku` WHERE  `sku_id` = 5 LIMIT 1 [ RunTime:0.000173s ]
[2022-08-26T14:04:37+08:00][sql] UPDATE `gxfc_goods`  SET `sale_num` = `sale_num` + 1  WHERE  `goods_id` = 5 [ RunTime:0.000201s ]
[2022-08-26T14:04:37+08:00][sql] UPDATE `gxfc_order_goods`  SET `refund_status_action` = '{\"status\":0,\"name\":\"\",\"action\":[],\"member_action\":[{\"event\":\"orderRefundApply\",\"title\":\"申请维权\",\"color\":\"\"}]}'  WHERE  `order_id` = 1 [ RunTime:0.000271s ]
[2022-08-26T14:04:37+08:00][sql] INSERT INTO `gxfc_order_log` SET `uid` = 252 , `nick_name` = '' , `module` = 'member' , `action` = '订单支付' , `order_status` = 1 , `order_status_name` = '待发货' , `action_way` = orderPay , `order_id` = 1 , `action_time` = 1661493877 [ RunTime:0.000202s ]
[2022-08-26T14:04:37+08:00][sql] SELECT `promotion_money`,`coupon_money`,`goods_money`,`delivery_money`,`adjust_money` FROM `gxfc_order` WHERE  `order_id` = 1 LIMIT 1 [ RunTime:0.000255s ]
[2022-08-26T14:04:37+08:00][sql] SELECT `order_goods_id`,`goods_money`,`commission_rate`,`real_goods_money` FROM `gxfc_order_goods` WHERE  `order_id` = 1 [ RunTime:0.000209s ]
[2022-08-26T14:04:37+08:00][sql] UPDATE `gxfc_order_goods`  SET `shop_money` = 0.1 , `platform_money` = 0  WHERE  `order_goods_id` = 1 [ RunTime:0.000197s ]
[2022-08-26T14:04:37+08:00][sql] UPDATE `gxfc_order`  SET `shop_money` = 0.1 , `platform_money` = 0  WHERE  `order_id` = 1 [ RunTime:0.000215s ]
[2022-08-26T14:04:37+08:00][sql] SELECT `id` FROM `gxfc_stat_shop` WHERE  `site_id` = 1  AND `year` = 2022  AND `month` = 8  AND `day` = 26 LIMIT 1 [ RunTime:0.000277s ]
[2022-08-26T14:04:37+08:00][sql] UPDATE `gxfc_stat_shop`  SET `modify_time` = 1661493877 , `order_total` = order_total+0.10 , `shipping_total` = shipping_total+0.00 , `order_pay_count` = order_pay_count+1 , `goods_pay_count` = goods_pay_count+1  WHERE  `site_id` = 1  AND `year` = 2022  AND `month` = 8  AND `day` = 26 [ RunTime:0.000307s ]
[2022-08-26T14:04:37+08:00][sql] SELECT `id` FROM `gxfc_stat_shop` WHERE  `site_id` = 0  AND `year` = 2022  AND `month` = 8  AND `day` = 26 LIMIT 1 [ RunTime:0.000210s ]
[2022-08-26T14:04:37+08:00][sql] UPDATE `gxfc_stat_shop`  SET `modify_time` = 1661493877 , `order_total` = order_total+0.10 , `shipping_total` = shipping_total+0.00 , `order_pay_count` = order_pay_count+1 , `goods_pay_count` = goods_pay_count+1  WHERE  `site_id` = 0  AND `year` = 2022  AND `month` = 8  AND `day` = 26 [ RunTime:0.000512s ]
[2022-08-26T14:04:37+08:00][sql] SELECT `fenxiao_id` FROM `gxfc_member` WHERE  `member_id` = 252 LIMIT 1 [ RunTime:0.000257s ]
[2022-08-26T14:04:37+08:00][sql] SELECT `fenxiao_id`,`fenxiao_no`,`fenxiao_name`,`mobile`,`member_id`,`level_id`,`level_name`,`parent`,`grand_parent`,`account`,`account_withdraw`,`account_withdraw_apply`,`status`,`create_time`,`audit_time`,`lock_time`,`one_fenxiao_order_num`,`one_fenxiao_order_money`,`one_child_num`,`one_child_fenxiao_num`,`two_child_fenxiao_num`,`total_commission`,`is_delete` FROM `gxfc_fenxiao` WHERE  `fenxiao_id` = 18  AND `is_delete` = 0 LIMIT 1 [ RunTime:0.000321s ]
[2022-08-26T14:04:37+08:00][sql] SELECT `order_goods_id`,`goods_id`,`sku_id`,`sku_name`,`sku_image`,`sku_no`,`is_virtual`,`price`,`cost_price`,`num`,`goods_money`,`cost_money`,`delivery_no`,`delivery_status`,`real_goods_money`,`shop_money`,`platform_money`,`is_present`,`is_fenxiao` FROM `gxfc_order_goods` WHERE  `order_id` = 1 [ RunTime:0.000278s ]
[2022-08-26T14:04:37+08:00][sql] SHOW FULL COLUMNS FROM `gxfc_fenxiao_order` [ RunTime:0.001003s ]
[2022-08-26T14:04:37+08:00][sql] DELETE FROM `gxfc_fenxiao_order` WHERE  `order_id` = 1 [ RunTime:0.000247s ]
[2022-08-26T14:04:37+08:00][sql] SELECT `is_fenxiao`,`fenxiao_type` FROM `gxfc_goods` WHERE  `goods_id` = 5 LIMIT 1 [ RunTime:0.000232s ]
[2022-08-26T14:04:37+08:00][sql] SELECT `f`.`level_id`,`m`.`order_num`,`m`.`order_money`,`f`.`one_fenxiao_order_num`,`f`.`one_fenxiao_order_money`,`f`.`one_child_num`,`f`.`one_child_fenxiao_num`,`fl`.`one_rate`,`fl`.`level_num` FROM `gxfc_fenxiao` `f` INNER JOIN `gxfc_member` `m` ON `f`.`member_id`=`m`.`member_id` INNER JOIN `gxfc_fenxiao_level` `fl` ON `f`.`level_id`=`fl`.`level_id` WHERE  `f`.`fenxiao_id` = 18  AND `f`.`status` = 1  AND `f`.`is_delete` = 0 LIMIT 1 [ RunTime:0.000329s ]
[2022-08-26T14:04:37+08:00][sql] SHOW FULL COLUMNS FROM `gxfc_fenxiao_level` [ RunTime:0.000933s ]
[2022-08-26T14:04:37+08:00][sql] SELECT * FROM `gxfc_fenxiao_level` WHERE  `level_num` > 0 ORDER BY `level_num` ASC,`one_rate` ASC [ RunTime:0.000284s ]
[2022-08-26T14:04:37+08:00][sql] INSERT INTO `gxfc_cron` SET `type` = 1 , `period` = 0 , `period_type` = 0 , `name` = '订单小票打印' , `event` = 'PrintOrder' , `execute_time` = 1661493877 , `relate_id` = 1 , `create_time` = 1661493877 [ RunTime:0.000239s ]
[2022-08-26T14:04:37+08:00][sql] SELECT * FROM `gxfc_message` WHERE  `keywords` = 'ORDER_PAY' LIMIT 1 [ RunTime:0.000281s ]
[2022-08-26T14:04:37+08:00][sql] SELECT * FROM `gxfc_member` WHERE  `member_id` = 252  AND `is_delete` = 0 LIMIT 1 [ RunTime:0.000389s ]
[2022-08-26T14:04:37+08:00][sql] INSERT INTO `gxfc_message_sms_records` SET `account` = '18271963152' , `status` = 0 , `addon` = '' , `addon_name` = '' , `content` = '' , `var_parse` = '{\"orderno\":\"2022082614042520001\",\"username\":\"\",\"ordermoney\":\"0.10\"}' , `keywords` = 'ORDER_PAY' , `create_time` = 1661493877 , `send_time` = 0 , `result` = '没有可用的短信发送方式' , `keywords_name` = '订单支付通知' [ RunTime:0.000266s ]
[2022-08-26T14:04:37+08:00][sql] SELECT * FROM `gxfc_message` WHERE  `keywords` = 'BUYER_PAY' LIMIT 1 [ RunTime:0.000319s ]
[2022-08-26T14:04:37+08:00][sql] SELECT `order_no`,`site_id`,`order_name`,`order_money`,`order_type`,`pay_time` FROM `gxfc_order` WHERE  `order_id` = 1 LIMIT 1 [ RunTime:0.000326s ]
[2022-08-26T14:04:37+08:00][sql] SELECT `sam`.*,`m`.`mobile`,`m`.`wx_openid`,`m`.`nickname`,`m`.`headimg`,`m`.`username`,`m`.`email` FROM `gxfc_shop_accept_message` `sam` LEFT JOIN `gxfc_member` `m` ON `m`.`member_id`=`sam`.`member_id` WHERE  `sam`.`site_id` = 1 [ RunTime:0.000268s ]
[2022-08-26T14:04:37+08:00][error] [2]Cannot modify header information - headers already sent by (output started at /www/wwwroot/ls.chnssl.com/vendor/symfony/http-foundation/Response.php:381)
[2022-08-26T14:04:37+08:00][error] [1]Uncaught think\exception\ErrorException: Cannot modify header information - headers already sent by (output started at /www/wwwroot/ls.chnssl.com/vendor/symfony/http-foundation/Response.php:381) in /www/wwwroot/ls.chnssl.com/vendor/topthink/framework/src/think/Cookie.php:226
Stack trace:
#0 [internal function]: think\initializer\Error->appError(2, 'Cannot modify h...', '/www/wwwroot/ls...', 226, Array)
#1 /www/wwwroot/ls.chnssl.com/vendor/topthink/framework/src/think/Cookie.php(226): setcookie('think_lang', '', 0, '/', '', false, false)
#2 /www/wwwroot/ls.chnssl.com/vendor/topthink/framework/src/think/Cookie.php(196): think\Cookie->saveCookie('think_lang', '', 0, '/', '', false, false, '')
#3 /www/wwwroot/ls.chnssl.com/vendor/topthink/framework/src/think/Response.php(142): think\Cookie->save()
#4 /www/wwwroot/ls.chnssl.com/vendor/topthink/framework/src/think/initializer/Error.php(58): think\Response->send()
#5 [internal function]: think\initializer\Error->appException(Object(think\exception\ErrorException))
#
