[2022-11-26T21:09:33+08:00][sql] CONNECT:[ UseTime:0.000562s ] mysql:host=127.0.0.1;port=3306;dbname=hunqin;charset=utf8
[2022-11-26T21:09:33+08:00][sql] SHOW FULL COLUMNS FROM `gxfc_site_diy_view` [ RunTime:0.000758s ]
[2022-11-26T21:09:33+08:00][sql] CONNECT:[ UseTime:0.000331s ] mysql:host=127.0.0.1;port=3306;dbname=hunqin;charset=utf8
[2022-11-26T21:09:33+08:00][sql] SHOW FULL COLUMNS FROM `gxfc_goods_sku` [ RunTime:0.000877s ]
[2022-11-26T21:09:33+08:00][sql] SELECT COUNT(*) AS think_count FROM `gxfc_goods_sku` `gs` INNER JOIN `gxfc_goods` `g` ON `gs`.`sku_id`=`g`.`sku_id` INNER JOIN `gxfc_shop` `s` ON `s`.`site_id`=`gs`.`site_id` WHERE  `gs`.`goods_state` = 1  AND `gs`.`verify_state` = 1  AND `gs`.`is_delete` = 0  AND `s`.`shop_status` = 1 ORDER BY `gs`.`sort` DESC,`gs`.`create_time` DESC [ RunTime:0.000512s ]
[2022-11-26T21:09:33+08:00][sql] SELECT `gs`.`goods_id`,`gs`.`sku_id`,`gs`.`sku_name`,`gs`.`price`,`gs`.`market_price`,`gs`.`discount_price`,`gs`.`stock`,`gs`.`sale_num`,`gs`.`sku_image`,`gs`.`goods_name`,`gs`.`site_id`,`gs`.`website_id`,`gs`.`is_own`,`gs`.`is_free_shipping`,`gs`.`introduction`,`gs`.`promotion_type`,`g`.`goods_image`,`gs`.`is_lease`,`s`.`site_name`,`s`.`logo` FROM `gxfc_goods_sku` `gs` INNER JOIN `gxfc_goods` `g` ON `gs`.`sku_id`=`g`.`sku_id` INNER JOIN `gxfc_shop` `s` ON `s`.`site_id`=`gs`.`site_id` WHERE  `gs`.`goods_state` = 1  AND `gs`.`verify_state` = 1  AND `gs`.`is_delete` = 0  AND `s`.`shop_status` = 1 ORDER BY `gs`.`sort` DESC,`gs`.`create_time` DESC LIMIT 0,10 [ RunTime:0.000663s ]
[2022-11-26T21:09:33+08:00][sql] UPDATE `gxfc_site_diy_view`  SET `click_num` = `click_num` + 1  WHERE  `name` = 'DIY_VIEW_INDEX' [ RunTime:0.008212s ]
[2022-11-26T21:09:33+08:00][sql] SELECT `sdv`.`id`,`sdv`.`site_id`,`sdv`.`name`,`sdv`.`title`,`sdv`.`value`,`sdv`.`type`,`dvt`.`addon_name` FROM `gxfc_site_diy_view` `sdv` LEFT JOIN `gxfc_diy_view_temp` `dvt` ON `sdv`.`name`=`dvt`.`name` WHERE  `sdv`.`name` = 'DIY_VIEW_INDEX' LIMIT 1 [ RunTime:0.000497s ]
[2022-11-26T21:09:40+08:00][sql] CONNECT:[ UseTime:0.000439s ] mysql:host=127.0.0.1;port=3306;dbname=hunqin;charset=utf8
[2022-11-26T21:09:40+08:00][sql] SHOW FULL COLUMNS FROM `gxfc_site_diy_view` [ RunTime:0.000718s ]
[2022-11-26T21:09:41+08:00][sql] UPDATE `gxfc_site_diy_view`  SET `click_num` = `click_num` + 1  WHERE  `name` = 'DIY_VIEW_GOODS_CATEGORY' [ RunTime:0.007019s ]
[2022-11-26T21:09:41+08:00][sql] SELECT `sdv`.`id`,`sdv`.`site_id`,`sdv`.`name`,`sdv`.`title`,`sdv`.`value`,`sdv`.`type`,`dvt`.`addon_name` FROM `gxfc_site_diy_view` `sdv` LEFT JOIN `gxfc_diy_view_temp` `dvt` ON `sdv`.`name`=`dvt`.`name` WHERE  `sdv`.`name` = 'DIY_VIEW_GOODS_CATEGORY' LIMIT 1 [ RunTime:0.000639s ]
[2022-11-26T21:09:41+08:00][sql] CONNECT:[ UseTime:0.000414s ] mysql:host=127.0.0.1;port=3306;dbname=hunqin;charset=utf8
[2022-11-26T21:09:41+08:00][sql] SHOW FULL COLUMNS FROM `gxfc_goods_sku` [ RunTime:0.001213s ]
[2022-11-26T21:09:41+08:00][sql] SELECT COUNT(*) AS think_count FROM `gxfc_goods_sku` `gs` INNER JOIN `gxfc_goods` `g` ON `gs`.`sku_id`=`g`.`sku_id` INNER JOIN `gxfc_shop` `s` ON `s`.`site_id`=`gs`.`site_id` WHERE  `s`.`shop_status` = 1  AND `s`.`conceal` = 0  AND (`g`.`category_id` LIKE '%,30,%')  AND `gs`.`goods_state` = 1  AND `gs`.`verify_state` = 1  AND `gs`.`is_delete` = 0 ORDER BY `gs`.`sort` DESC [ RunTime:0.000731s ]
[2022-11-26T21:09:41+08:00][sql] SELECT `gs`.`goods_id`,`gs`.`sku_id`,`gs`.`sku_name`,`gs`.`price`,`gs`.`market_price`,`gs`.`discount_price`,`gs`.`stock`,`gs`.`sale_num`,`gs`.`sku_image`,`gs`.`goods_name`,`gs`.`site_id`,`gs`.`website_id`,`gs`.`is_own`,`gs`.`is_free_shipping`,`gs`.`introduction`,`gs`.`promotion_type`,`g`.`goods_image`,`g`.`site_name`,`gs`.`goods_spec_format`,`gs`.`is_virtual`,`gs`.`recommend_way`,`g`.`is_sale`,`gs`.`is_lease` FROM `gxfc_goods_sku` `gs` INNER JOIN `gxfc_goods` `g` ON `gs`.`sku_id`=`g`.`sku_id` INNER JOIN `gxfc_shop` `s` ON `s`.`site_id`=`gs`.`site_id` WHERE  `s`.`shop_status` = 1  AND `s`.`conceal` = 0  AND (`g`.`category_id` LIKE '%,30,%')  AND `gs`.`goods_state` = 1  AND `gs`.`verify_state` = 1  AND `gs`.`is_delete` = 0 ORDER BY `gs`.`sort` DESC LIMIT 0,10 [ RunTime:0.000931s ]
[2022-11-26T21:09:41+08:00][sql] CONNECT:[ UseTime:0.000419s ] mysql:host=127.0.0.1;port=3306;dbname=hunqin;charset=utf8
[2022-11-26T21:09:41+08:00][sql] SHOW FULL COLUMNS FROM `gxfc_member` [ RunTime:0.000890s ]
[2022-11-26T21:09:41+08:00][sql] SELECT `member_id` FROM `gxfc_member` WHERE  `status` = 0 [ RunTime:0.000357s ]
[2022-11-26T21:09:41+08:00][sql] SELECT `member_id`,`source_member`,`fenxiao_id`,`is_fenxiao`,`username`,`nickname`,`mobile`,`email`,`password`,`status`,`headimg`,`member_level`,`member_level_name`,`member_label`,`member_label_name`,`qq`,`qq_openid`,`wx_openid`,`weapp_openid`,`wx_unionid`,`ali_openid`,`baidu_openid`,`toutiao_openid`,`douyin_openid`,`login_ip`,`login_type`,`login_time`,`last_login_ip`,`last_login_type`,`last_login_time`,`login_num`,`realname`,`sex`,`location`,`birthday`,`reg_time`,`point`,`balance`,`growth`,`balance_money`,`account5`,`is_auth`,`sign_time`,`sign_days_series`,`pay_password`,`order_money`,`order_complete_money`,`order_num`,`order_complete_num`,`balance_withdraw_apply`,`balance_withdraw`,`is_delete`,`login_type_name`,`hospital_id`,`is_commander`,`self_cl_id`,`hospital_name`,`self_leader_name`,`cl_id`,`is_fenxiao_order`,`expiration_time`,`start_time`,`is_fenxiao_charge` FROM `gxfc_member` WHERE  `member_id` = 2387 LIMIT 1 [ RunTime:0.000564s ]
[2022-11-26T21:09:42+08:00][sql] CONNECT:[ UseTime:0.000426s ] mysql:host=127.0.0.1;port=3306;dbname=hunqin;charset=utf8
[2022-11-26T21:09:42+08:00][sql] SHOW FULL COLUMNS FROM `gxfc_goods_sku` [ RunTime:0.001175s ]
[2022-11-26T21:09:42+08:00][sql] SELECT COUNT(*) AS think_count FROM `gxfc_goods_sku` `gs` INNER JOIN `gxfc_goods` `g` ON `gs`.`sku_id`=`g`.`sku_id` INNER JOIN `gxfc_shop` `s` ON `s`.`site_id`=`gs`.`site_id` WHERE  `gs`.`goods_state` = 1  AND `gs`.`verify_state` = 1  AND `gs`.`is_delete` = 0  AND `s`.`shop_status` = 1 ORDER BY `gs`.`sort` DESC,`gs`.`create_time` DESC [ RunTime:0.000596s ]
[2022-11-26T21:09:42+08:00][sql] SELECT `gs`.`goods_id`,`gs`.`sku_id`,`gs`.`sku_name`,`gs`.`price`,`gs`.`market_price`,`gs`.`discount_price`,`gs`.`stock`,`gs`.`sale_num`,`gs`.`sku_image`,`gs`.`goods_name`,`gs`.`site_id`,`gs`.`website_id`,`gs`.`is_own`,`gs`.`is_free_shipping`,`gs`.`introduction`,`gs`.`promotion_type`,`g`.`goods_image`,`gs`.`is_lease`,`s`.`site_name`,`s`.`logo` FROM `gxfc_goods_sku` `gs` INNER JOIN `gxfc_goods` `g` ON `gs`.`sku_id`=`g`.`sku_id` INNER JOIN `gxfc_shop` `s` ON `s`.`site_id`=`gs`.`site_id` WHERE  `gs`.`goods_state` = 1  AND `gs`.`verify_state` = 1  AND `gs`.`is_delete` = 0  AND `s`.`shop_status` = 1 ORDER BY `gs`.`sort` DESC,`gs`.`create_time` DESC LIMIT 0,10 [ RunTime:0.000712s ]
[2022-11-26T21:09:44+08:00][sql] CONNECT:[ UseTime:0.000405s ] mysql:host=127.0.0.1;port=3306;dbname=hunqin;charset=utf8
[2022-11-26T21:09:44+08:00][sql] SHOW FULL COLUMNS FROM `gxfc_goods_sku` [ RunTime:0.000985s ]
[2022-11-26T21:09:44+08:00][sql] CONNECT:[ UseTime:0.000361s ] mysql:host=127.0.0.1;port=3306;dbname=hunqin;charset=utf8
[2022-11-26T21:09:44+08:00][sql] SHOW FULL COLUMNS FROM `gxfc_site_diy_view` [ RunTime:0.000737s ]
[2022-11-26T21:09:44+08:00][sql] SELECT COUNT(*) AS think_count FROM `gxfc_goods_sku` `gs` INNER JOIN `gxfc_goods` `g` ON `gs`.`sku_id`=`g`.`sku_id` INNER JOIN `gxfc_shop` `s` ON `s`.`site_id`=`gs`.`site_id` WHERE  `gs`.`goods_state` = 1  AND `gs`.`verify_state` = 1  AND `gs`.`is_delete` = 0  AND `s`.`shop_status` = 1 ORDER BY `gs`.`sort` DESC,`gs`.`create_time` DESC [ RunTime:0.000691s ]
[2022-11-26T21:09:44+08:00][sql] SELECT `gs`.`goods_id`,`gs`.`sku_id`,`gs`.`sku_name`,`gs`.`price`,`gs`.`market_price`,`gs`.`discount_price`,`gs`.`stock`,`gs`.`sale_num`,`gs`.`sku_image`,`gs`.`goods_name`,`gs`.`site_id`,`gs`.`website_id`,`gs`.`is_own`,`gs`.`is_free_shipping`,`gs`.`introduction`,`gs`.`promotion_type`,`g`.`goods_image`,`gs`.`is_lease`,`s`.`site_name`,`s`.`logo` FROM `gxfc_goods_sku` `gs` INNER JOIN `gxfc_goods` `g` ON `gs`.`sku_id`=`g`.`sku_id` INNER JOIN `gxfc_shop` `s` ON `s`.`site_id`=`gs`.`site_id` WHERE  `gs`.`goods_state` = 1  AND `gs`.`verify_state` = 1  AND `gs`.`is_delete` = 0  AND `s`.`shop_status` = 1 ORDER BY `gs`.`sort` DESC,`gs`.`create_time` DESC LIMIT 0,10 [ RunTime:0.000749s ]
[2022-11-26T21:09:44+08:00][sql] UPDATE `gxfc_site_diy_view`  SET `click_num` = `click_num` + 1  WHERE  `name` = 'DIY_VIEW_INDEX' [ RunTime:0.007744s ]
[2022-11-26T21:09:44+08:00][sql] SELECT `sdv`.`id`,`sdv`.`site_id`,`sdv`.`name`,`sdv`.`title`,`sdv`.`value`,`sdv`.`type`,`dvt`.`addon_name` FROM `gxfc_site_diy_view` `sdv` LEFT JOIN `gxfc_diy_view_temp` `dvt` ON `sdv`.`name`=`dvt`.`name` WHERE  `sdv`.`name` = 'DIY_VIEW_INDEX' LIMIT 1 [ RunTime:0.000598s ]
[2022-11-26T21:09:50+08:00][sql] CONNECT:[ UseTime:0.000411s ] mysql:host=127.0.0.1;port=3306;dbname=hunqin;charset=utf8
[2022-11-26T21:09:50+08:00][sql] SHOW FULL COLUMNS FROM `gxfc_member` [ RunTime:0.000857s ]
[2022-11-26T21:09:50+08:00][sql] SELECT `member_id`,`username`,`nickname`,`mobile`,`email`,`status`,`last_login_time` FROM `gxfc_member` WHERE  `weapp_openid` = 'oqyYV49Pbf2WNuvqKnrLUTn1wPCc'  AND `is_delete` = 0 LIMIT 1 [ RunTime:0.000390s ]
[2022-11-26T21:09:51+08:00][sql] UPDATE `gxfc_member`  SET `login_time` = 1669468190 , `login_type` = 'weapp' , `login_type_name` = '微信小程序' , `last_login_time` = 1669468190 , `login_ip` = '117.136.81.173'  WHERE  `member_id` = 2387 [ RunTime:0.012790s ]
[2022-11-26T21:09:51+08:00][sql] SELECT `username`,`mobile`,`email`,`reg_time`,`wx_openid`,`last_login_type`,`login_time` FROM `gxfc_member` WHERE  `member_id` = 2387  AND `is_delete` = 0 LIMIT 1 [ RunTime:0.000467s ]
[2022-11-26T21:09:51+08:00][sql] SHOW FULL COLUMNS FROM `gxfc_message_sms_records` [ RunTime:0.000694s ]
[2022-11-26T21:09:51+08:00][sql] INSERT INTO `gxfc_message_sms_records` SET `account` = '15271600813' , `status` = 0 , `addon` = '' , `addon_name` = '' , `content` = '' , `var_parse` = '{\"name\":\"\"}' , `keywords` = 'LOGIN' , `create_time` = 1669468191 , `send_time` = 0 , `result` = '没有可用的短信发送方式' , `keywords_name` = '会员登录' [ RunTime:0.007146s ]
[2022-11-26T21:09:51+08:00][sql] UPDATE `gxfc_member`  SET `weapp_openid` = ''  WHERE  `weapp_openid` = 'oqyYV49Pbf2WNuvqKnrLUTn1wPCc'  AND `is_delete` = 0 [ RunTime:0.010284s ]
[2022-11-26T21:09:51+08:00][sql] UPDATE `gxfc_member`  SET `weapp_openid` = 'oqyYV49Pbf2WNuvqKnrLUTn1wPCc'  WHERE  `member_id` = 2387  AND `is_delete` = 0 [ RunTime:0.006643s ]
[2022-11-26T21:09:51+08:00][sql] UPDATE `gxfc_member`  SET `wx_unionid` = ''  WHERE  `wx_unionid` = 'on2pR58cL1x9OEJk5A6nN9h5tXHw'  AND `is_delete` = 0 [ RunTime:0.009100s ]
[2022-11-26T21:09:51+08:00][sql] UPDATE `gxfc_member`  SET `wx_unionid` = 'on2pR58cL1x9OEJk5A6nN9h5tXHw'  WHERE  `member_id` = 2387  AND `is_delete` = 0 [ RunTime:0.006532s ]
[2022-11-26T21:09:51+08:00][sql] SHOW FULL COLUMNS FROM `gxfc_wechat_fans` [ RunTime:0.000797s ]
[2022-11-26T21:09:51+08:00][sql] SELECT `fans_id`,`nickname`,`nickname_decode`,`headimgurl`,`sex`,`language`,`country`,`province`,`city`,`district`,`openid`,`unionid`,`groupid`,`is_subscribe`,`remark`,`subscribe_time`,`subscribe_scene`,`unsubscribe_time`,`update_date`,`tagid_list`,`subscribe_scene_name`,`qr_scene`,`qr_scene_str` FROM `gxfc_wechat_fans` WHERE  `unionid` = 'on2pR58cL1x9OEJk5A6nN9h5tXHw' LIMIT 1 [ RunTime:0.000491s ]
[2022-11-26T21:09:51+08:00][sql] UPDATE `gxfc_member`  SET `wx_openid` = ''  WHERE  `wx_openid` = 'oa2ys55DTznCYIvT7B5-EF7ORkRQ'  AND `is_delete` = 0 [ RunTime:0.006693s ]
[2022-11-26T21:09:51+08:00][sql] UPDATE `gxfc_member`  SET `wx_openid` = 'oa2ys55DTznCYIvT7B5-EF7ORkRQ'  WHERE  `member_id` = 2387  AND `is_delete` = 0 [ RunTime:0.008046s ]
[2022-11-26T21:09:51+08:00][sql] CONNECT:[ UseTime:0.000411s ] mysql:host=127.0.0.1;port=3306;dbname=hunqin;charset=utf8
[2022-11-26T21:09:51+08:00][sql] SHOW FULL COLUMNS FROM `gxfc_member` [ RunTime:0.000918s ]
[2022-11-26T21:09:51+08:00][sql] SELECT `member_id` FROM `gxfc_member` WHERE  `status` = 0 [ RunTime:0.000351s ]
[2022-11-26T21:09:51+08:00][sql] SELECT `member_id`,`source_member`,`fenxiao_id`,`is_fenxiao`,`username`,`nickname`,`mobile`,`email`,`password`,`status`,`headimg`,`member_level`,`member_level_name`,`member_label`,`member_label_name`,`qq`,`qq_openid`,`wx_openid`,`weapp_openid`,`wx_unionid`,`ali_openid`,`baidu_openid`,`toutiao_openid`,`douyin_openid`,`login_ip`,`login_type`,`login_time`,`last_login_ip`,`last_login_type`,`last_login_time`,`login_num`,`realname`,`sex`,`location`,`birthday`,`reg_time`,`point`,`balance`,`growth`,`balance_money`,`account5`,`is_auth`,`sign_time`,`sign_days_series`,`pay_password`,`order_money`,`order_complete_money`,`order_num`,`order_complete_num`,`balance_withdraw_apply`,`balance_withdraw`,`is_delete`,`login_type_name`,`hospital_id`,`is_commander`,`self_cl_id`,`hospital_name`,`self_leader_name`,`cl_id`,`is_fenxiao_order`,`expiration_time`,`start_time`,`is_fenxiao_charge` FROM `gxfc_member` WHERE  `member_id` = 2387 LIMIT 1 [ RunTime:0.000611s ]
[2022-11-26T21:09:51+08:00][sql] SHOW FULL COLUMNS FROM `gxfc_goods_cart` [ RunTime:0.000525s ]
[2022-11-26T21:09:51+08:00][sql] SELECT `ngc`.`cart_id`,`ngc`.`site_id`,`ngc`.`member_id`,`ngc`.`sku_id`,`ngc`.`num`,`ngs`.`sku_name`,`ngs`.`sku_no`,`ngs`.`sku_spec_format`,`ngs`.`price`,`ngs`.`market_price`,`ngs`.`discount_price`,`ngs`.`promotion_type`,`ngs`.`stock`,`ngs`.`sku_image`,`ngs`.`site_name`,`ngs`.`website_id`,`ngs`.`is_own`,`ngs`.`goods_state`,`ngs`.`verify_state`,`ngs`.`goods_name`,`ngs`.`unit`,`s`.`shop_status`,`ngs`.`max_buy`,`ngs`.`min_buy` FROM `gxfc_goods_cart` `ngc` INNER JOIN `gxfc_goods_sku` `ngs` ON `ngc`.`sku_id`=`ngs`.`sku_id` INNER JOIN `gxfc_shop` `s` ON `s`.`site_id`=`ngc`.`site_id` WHERE  `ngc`.`member_id` = 2387 [ RunTime:0.000507s ]
[2022-11-26T21:09:51+08:00][sql] CONNECT:[ UseTime:0.000456s ] mysql:host=127.0.0.1;port=3306;dbname=hunqin;charset=utf8
[2022-11-26T21:09:51+08:00][sql] SHOW FULL COLUMNS FROM `gxfc_goods_sku` [ RunTime:0.001148s ]
[2022-11-26T21:09:51+08:00][sql] SELECT COUNT(*) AS think_count FROM `gxfc_goods_sku` `gs` INNER JOIN `gxfc_goods` `g` ON `gs`.`sku_id`=`g`.`sku_id` INNER JOIN `gxfc_shop` `s` ON `s`.`site_id`=`gs`.`site_id` WHERE  `s`.`shop_status` = 1  AND `s`.`conceal` = 0  AND (`g`.`category_id` LIKE '%,30,%')  AND `gs`.`goods_state` = 1  AND `gs`.`verify_state` = 1  AND `gs`.`is_delete` = 0 ORDER BY `gs`.`sort` DESC [ RunTime:0.000778s ]
[2022-11-26T21:09:51+08:00][sql] SELECT `gs`.`goods_id`,`gs`.`sku_id`,`gs`.`sku_name`,`gs`.`price`,`gs`.`market_price`,`gs`.`discount_price`,`gs`.`stock`,`gs`.`sale_num`,`gs`.`sku_image`,`gs`.`goods_name`,`gs`.`site_id`,`gs`.`website_id`,`gs`.`is_own`,`gs`.`is_free_shipping`,`gs`.`introduction`,`gs`.`promotion_type`,`g`.`goods_image`,`g`.`site_name`,`gs`.`goods_spec_format`,`gs`.`is_virtual`,`gs`.`recommend_way`,`g`.`is_sale`,`gs`.`is_lease` FROM `gxfc_goods_sku` `gs` INNER JOIN `gxfc_goods` `g` ON `gs`.`sku_id`=`g`.`sku_id` INNER JOIN `gxfc_shop` `s` ON `s`.`site_id`=`gs`.`site_id` WHERE  `s`.`shop_status` = 1  AND `s`.`conceal` = 0  AND (`g`.`category_id` LIKE '%,30,%')  AND `gs`.`goods_state` = 1  AND `gs`.`verify_state` = 1  AND `gs`.`is_delete` = 0 ORDER BY `gs`.`sort` DESC LIMIT 10,10 [ RunTime:0.001042s ]
[2022-11-26T21:09:51+08:00][sql] CONNECT:[ UseTime:0.000358s ] mysql:host=127.0.0.1;port=3306;dbname=hunqin;charset=utf8
[2022-11-26T21:09:51+08:00][sql] SHOW FULL COLUMNS FROM `gxfc_member` [ RunTime:0.000842s ]
[2022-11-26T21:09:51+08:00][sql] SELECT `member_id` FROM `gxfc_member` WHERE  `status` = 0 [ RunTime:0.000319s ]
[2022-11-26T21:09:51+08:00][sql] SELECT `member_id`,`source_member`,`fenxiao_id`,`is_fenxiao`,`username`,`nickname`,`mobile`,`email`,`password`,`status`,`headimg`,`member_level`,`member_level_name`,`member_label`,`member_label_name`,`qq`,`qq_openid`,`wx_openid`,`weapp_openid`,`wx_unionid`,`ali_openid`,`baidu_openid`,`toutiao_openid`,`douyin_openid`,`login_ip`,`login_type`,`login_time`,`last_login_ip`,`last_login_type`,`last_login_time`,`login_num`,`realname`,`sex`,`location`,`birthday`,`reg_time`,`point`,`balance`,`growth`,`balance_money`,`account5`,`is_auth`,`sign_time`,`sign_days_series`,`pay_password`,`order_money`,`order_complete_money`,`order_num`,`order_complete_num`,`balance_withdraw_apply`,`balance_withdraw`,`is_delete`,`login_type_name`,`hospital_id`,`is_commander`,`self_cl_id`,`hospital_name`,`self_leader_name`,`cl_id`,`is_fenxiao_order`,`expiration_time`,`start_time`,`is_fenxiao_charge` FROM `gxfc_member` WHERE  `member_id` = 2387 LIMIT 1 [ RunTime:0.000577s ]
[2022-11-26T21:09:51+08:00][sql] SELECT `member_id`,`source_member`,`username`,`nickname`,`mobile`,`email`,`password`,`status`,`headimg`,`member_level`,`member_level_name`,`member_label`,`member_label_name`,`qq`,`qq_openid`,`wx_openid`,`wx_unionid`,`ali_openid`,`baidu_openid`,`toutiao_openid`,`douyin_openid`,`realname`,`sex`,`location`,`birthday`,`point`,`balance`,`balance_money`,`growth`,`sign_days_series`,`hospital_id`,`self_cl_id`,`hospital_name`,`start_time`,`expiration_time`,`is_fenxiao` FROM `gxfc_member` WHERE  `member_id` = 2387  AND `is_delete` = 0 LIMIT 1 [ RunTime:0.000425s ]
[2022-11-26T21:09:51+08:00][sql] SHOW FULL COLUMNS FROM `gxfc_user` [ RunTime:0.000557s ]
[2022-11-26T21:09:51+08:00][sql] SELECT `uid`,`app_module`,`app_group`,`is_admin`,`site_id`,`group_id`,`group_name`,`username`,`password`,`member_id`,`create_time`,`update_time`,`status`,`login_time`,`login_ip` FROM `gxfc_user` WHERE  `member_id` = 2387 LIMIT 1 [ RunTime:0.000300s ]
[2022-11-26T21:09:51+08:00][sql] SHOW FULL COLUMNS FROM `gxfc_customer_operational` [ RunTime:0.000408s ]
[2022-11-26T21:09:51+08:00][sql] SELECT `id` FROM `gxfc_customer_operational` WHERE  `member_id` = 2387 LIMIT 1 [ RunTime:0.000223s ]
[2022-11-26T21:09:51+08:00][sql] CONNECT:[ UseTime:0.000451s ] mysql:host=127.0.0.1;port=3306;dbname=hunqin;charset=utf8
[2022-11-26T21:09:51+08:00][sql] SHOW FULL COLUMNS FROM `gxfc_member` [ RunTime:0.001152s ]
[2022-11-26T21:09:51+08:00][sql] SELECT `member_id` FROM `gxfc_member` WHERE  `status` = 0 [ RunTime:0.000386s ]
[2022-11-26T21:09:51+08:00][sql] SELECT `member_id`,`source_member`,`fenxiao_id`,`is_fenxiao`,`username`,`nickname`,`mobile`,`email`,`password`,`status`,`headimg`,`member_level`,`member_level_name`,`member_label`,`member_label_name`,`qq`,`qq_openid`,`wx_openid`,`weapp_openid`,`wx_unionid`,`ali_openid`,`baidu_openid`,`toutiao_openid`,`douyin_openid`,`login_ip`,`login_type`,`login_time`,`last_login_ip`,`last_login_type`,`last_login_time`,`login_num`,`realname`,`sex`,`location`,`birthday`,`reg_time`,`point`,`balance`,`growth`,`balance_money`,`account5`,`is_auth`,`sign_time`,`sign_days_series`,`pay_password`,`order_money`,`order_complete_money`,`order_num`,`order_complete_num`,`balance_withdraw_apply`,`balance_withdraw`,`is_delete`,`login_type_name`,`hospital_id`,`is_commander`,`self_cl_id`,`hospital_name`,`self_leader_name`,`cl_id`,`is_fenxiao_order`,`expiration_time`,`start_time`,`is_fenxiao_charge` FROM `gxfc_member` WHERE  `member_id` = 2387 LIMIT 1 [ RunTime:0.000654s ]
[2022-11-26T21:09:51+08:00][sql] SHOW FULL COLUMNS FROM `gxfc_goods_cart` [ RunTime:0.000659s ]
[2022-11-26T21:09:51+08:00][sql] SELECT `gc`.`cart_id`,`gc`.`sku_id`,`gc`.`num` FROM `gxfc_goods_cart` `gc` LEFT JOIN `gxfc_goods_sku` `gs` ON `gc`.`sku_id`=`gs`.`sku_id` WHERE  `gc`.`member_id` = 2387 ORDER BY `cart_id` DESC [ RunTime:0.000386s ]
[2022-11-26T21:09:51+08:00][sql] CONNECT:[ UseTime:0.000328s ] mysql:host=127.0.0.1;port=3306;dbname=hunqin;charset=utf8
[2022-11-26T21:09:51+08:00][sql] SHOW FULL COLUMNS FROM `gxfc_member` [ RunTime:0.000767s ]
[2022-11-26T21:09:51+08:00][sql] SELECT `member_id` FROM `gxfc_member` WHERE  `status` = 0 [ RunTime:0.000285s ]
[2022-11-26T21:09:51+08:00][sql] SELECT `member_id`,`source_member`,`fenxiao_id`,`is_fenxiao`,`username`,`nickname`,`mobile`,`email`,`password`,`status`,`headimg`,`member_level`,`member_level_name`,`member_label`,`member_label_name`,`qq`,`qq_openid`,`wx_openid`,`weapp_openid`,`wx_unionid`,`ali_openid`,`baidu_openid`,`toutiao_openid`,`douyin_openid`,`login_ip`,`login_type`,`login_time`,`last_login_ip`,`last_login_type`,`last_login_time`,`login_num`,`realname`,`sex`,`location`,`birthday`,`reg_time`,`point`,`balance`,`growth`,`balance_money`,`account5`,`is_auth`,`sign_time`,`sign_days_series`,`pay_password`,`order_money`,`order_complete_money`,`order_num`,`order_complete_num`,`balance_withdraw_apply`,`balance_withdraw`,`is_delete`,`login_type_name`,`hospital_id`,`is_commander`,`self_cl_id`,`hospital_name`,`self_leader_name`,`cl_id`,`is_fenxiao_order`,`expiration_time`,`start_time`,`is_fenxiao_charge` FROM `gxfc_member` WHERE  `member_id` = 2387 LIMIT 1 [ RunTime:0.000561s ]
[2022-11-26T21:09:51+08:00][sql] SHOW FULL COLUMNS FROM `gxfc_order` [ RunTime:0.001050s ]
[2022-11-26T21:09:51+08:00][sql] SELECT COUNT(*) AS think_count FROM `gxfc_order` WHERE  `member_id` = 2387  AND `order_status` = 0 [ RunTime:0.000370s ]
[2022-11-26T21:09:51+08:00][sql] SELECT COUNT(*) AS think_count FROM `gxfc_order` WHERE  `member_id` = 2387  AND `order_status` = 1 [ RunTime:0.000306s ]
[2022-11-26T21:09:51+08:00][sql] SELECT COUNT(*) AS think_count FROM `gxfc_order` WHERE  `member_id` = 2387  AND `order_status` = 3 [ RunTime:0.000304s ]
[2022-11-26T21:09:51+08:00][sql] SELECT COUNT(*) AS think_count FROM `gxfc_order` WHERE  `member_id` = 2387  AND `order_status` IN (4,10)  AND `is_evaluate` = 1 [ RunTime:0.000341s ]
[2022-11-26T21:09:51+08:00][sql] SHOW FULL COLUMNS FROM `gxfc_order_goods` [ RunTime:0.000720s ]
[2022-11-26T21:09:51+08:00][sql] SELECT COUNT(*) AS think_count FROM `gxfc_order_goods` WHERE  `member_id` = 2387  AND `refund_status` IN (-1,1,2,4,5,6) [ RunTime:0.000919s ]
[2022-11-26T21:10:01+08:00][sql] CONNECT:[ UseTime:0.000504s ] mysql:host=127.0.0.1;port=3306;dbname=hunqin;charset=utf8
[2022-11-26T21:10:01+08:00][sql] SHOW FULL COLUMNS FROM `gxfc_goods_category` [ RunTime:0.000956s ]
[2022-11-26T21:10:01+08:00][sql] SELECT `category_id`,`category_name`,`short_name`,`pid`,`level`,`is_show`,`sort`,`image`,`keywords`,`description`,`attr_class_id`,`attr_class_name`,`category_id_1`,`category_id_2`,`category_id_3`,`category_full_name`,`commission_rate`,`image_adv`,`supply_commission_rate`,`is_jifen` FROM `gxfc_goods_category` WHERE  `category_id` = 36 LIMIT 1 [ RunTime:0.000477s ]
[2022-11-26T21:10:01+08:00][sql] CONNECT:[ UseTime:0.000355s ] mysql:host=127.0.0.1;port=3306;dbname=hunqin;charset=utf8
[2022-11-26T21:10:01+08:00][sql] SHOW FULL COLUMNS FROM `gxfc_goods_sku` [ RunTime:0.001062s ]
[2022-11-26T21:10:01+08:00][sql] SELECT COUNT(*) AS think_count FROM `gxfc_goods_sku` `gs` INNER JOIN `gxfc_goods` `g` ON `gs`.`sku_id`=`g`.`sku_id` INNER JOIN `gxfc_shop` `s` ON `s`.`site_id`=`gs`.`site_id` WHERE  `s`.`shop_status` = 1  AND `s`.`conceal` = 0  AND (`g`.`category_id` LIKE '%,36,%')  AND `gs`.`goods_state` = 1  AND `gs`.`verify_state` = 1  AND `gs`.`is_delete` = 0 ORDER BY `gs`.`sort` DESC [ RunTime:0.000611s ]
[2022-11-26T21:10:01+08:00][sql] SELECT `gs`.`goods_id`,`gs`.`sku_id`,`gs`.`sku_name`,`gs`.`price`,`gs`.`market_price`,`gs`.`discount_price`,`gs`.`stock`,`gs`.`sale_num`,`gs`.`sku_image`,`gs`.`goods_name`,`gs`.`site_id`,`gs`.`website_id`,`gs`.`is_own`,`gs`.`is_free_shipping`,`gs`.`introduction`,`gs`.`promotion_type`,`g`.`goods_image`,`g`.`site_name`,`gs`.`goods_spec_format`,`gs`.`is_virtual`,`gs`.`recommend_way`,`g`.`is_sale`,`gs`.`is_lease` FROM `gxfc_goods_sku` `gs` INNER JOIN `gxfc_goods` `g` ON `gs`.`sku_id`=`g`.`sku_id` INNER JOIN `gxfc_shop` `s` ON `s`.`site_id`=`gs`.`site_id` WHERE  `s`.`shop_status` = 1  AND `s`.`conceal` = 0  AND (`g`.`category_id` LIKE '%,36,%')  AND `gs`.`goods_state` = 1  AND `gs`.`verify_state` = 1  AND `gs`.`is_delete` = 0 ORDER BY `gs`.`sort` DESC LIMIT 0,10 [ RunTime:0.000785s ]
[2022-11-26T21:10:01+08:00][sql] CONNECT:[ UseTime:0.000518s ] mysql:host=127.0.0.1;port=3306;dbname=hunqin;charset=utf8
[2022-11-26T21:10:01+08:00][sql] SHOW FULL COLUMNS FROM `gxfc_goods_sku` [ RunTime:0.000958s ]
[2022-11-26T21:10:01+08:00][sql] SELECT COUNT(*) AS think_count FROM `gxfc_goods_sku` `gs` INNER JOIN `gxfc_goods` `g` ON `gs`.`sku_id`=`g`.`sku_id` INNER JOIN `gxfc_shop` `s` ON `s`.`site_id`=`gs`.`site_id` WHERE  `s`.`shop_status` = 1  AND `s`.`conceal` = 0  AND (`g`.`category_id` LIKE '%,36,%')  AND `gs`.`goods_state` = 1  AND `gs`.`verify_state` = 1  AND `gs`.`is_delete` = 0 ORDER BY `gs`.`sort` DESC [ RunTime:0.000649s ]
[2022-11-26T21:10:01+08:00][sql] SELECT `gs`.`goods_id`,`gs`.`sku_id`,`gs`.`sku_name`,`gs`.`price`,`gs`.`market_price`,`gs`.`discount_price`,`gs`.`stock`,`gs`.`sale_num`,`gs`.`sku_image`,`gs`.`goods_name`,`gs`.`site_id`,`gs`.`website_id`,`gs`.`is_own`,`gs`.`is_free_shipping`,`gs`.`introduction`,`gs`.`promotion_type`,`g`.`goods_image`,`g`.`site_name`,`gs`.`goods_spec_format`,`gs`.`is_virtual`,`gs`.`recommend_way`,`g`.`is_sale`,`gs`.`is_lease` FROM `gxfc_goods_sku` `gs` INNER JOIN `gxfc_goods` `g` ON `gs`.`sku_id`=`g`.`sku_id` INNER JOIN `gxfc_shop` `s` ON `s`.`site_id`=`gs`.`site_id` WHERE  `s`.`shop_status` = 1  AND `s`.`conceal` = 0  AND (`g`.`category_id` LIKE '%,36,%')  AND `gs`.`goods_state` = 1  AND `gs`.`verify_state` = 1  AND `gs`.`is_delete` = 0 ORDER BY `gs`.`sort` DESC LIMIT 0,10 [ RunTime:0.000927s ]
[2022-11-26T21:10:05+08:00][sql] CONNECT:[ UseTime:0.000509s ] mysql:host=127.0.0.1;port=3306;dbname=hunqin;charset=utf8
[2022-11-26T21:10:05+08:00][sql] SHOW FULL COLUMNS FROM `gxfc_goods_category` [ RunTime:0.000899s ]
[2022-11-26T21:10:05+08:00][sql] SELECT `category_id`,`pid`,`level` FROM `gxfc_goods_category` WHERE  `pid` = 50  AND `is_show` = 1 ORDER BY `sort` ASC [ RunTime:0.000470s ]
[2022-11-26T21:10:05+08:00][sql] SHOW FULL COLUMNS FROM `gxfc_goods_sku` [ RunTime:0.001006s ]
[2022-11-26T21:10:05+08:00][sql] SELECT COUNT(*) AS think_count FROM `gxfc_goods_sku` `gs` INNER JOIN `gxfc_goods` `g` ON `gs`.`sku_id`=`g`.`sku_id` INNER JOIN `gxfc_shop` `s` ON `s`.`site_id`=`gs`.`site_id` WHERE  `s`.`shop_status` = 1  AND `s`.`conceal` = 0  AND (`g`.`category_id` LIKE '%,50,%')  AND `gs`.`goods_state` = 1  AND `gs`.`verify_state` = 1  AND `gs`.`is_delete` = 0 ORDER BY `gs`.`sort` DESC [ RunTime:0.000648s ]
[2022-11-26T21:10:05+08:00][sql] SELECT `gs`.`goods_id`,`gs`.`sku_id`,`gs`.`sku_name`,`gs`.`price`,`gs`.`market_price`,`gs`.`discount_price`,`gs`.`stock`,`gs`.`sale_num`,`gs`.`sku_image`,`gs`.`goods_name`,`gs`.`site_id`,`gs`.`website_id`,`gs`.`is_own`,`gs`.`is_free_shipping`,`gs`.`introduction`,`gs`.`promotion_type`,`g`.`goods_image`,`g`.`site_name`,`gs`.`goods_spec_format`,`gs`.`is_virtual`,`gs`.`recommend_way`,`g`.`is_sale`,`gs`.`is_lease` FROM `gxfc_goods_sku` `gs` INNER JOIN `gxfc_goods` `g` ON `gs`.`sku_id`=`g`.`sku_id` INNER JOIN `gxfc_shop` `s` ON `s`.`site_id`=`gs`.`site_id` WHERE  `s`.`shop_status` = 1  AND `s`.`conceal` = 0  AND (`g`.`category_id` LIKE '%,50,%')  AND `gs`.`goods_state` = 1  AND `gs`.`verify_state` = 1  AND `gs`.`is_delete` = 0 ORDER BY `gs`.`sort` DESC LIMIT 0,10 [ RunTime:0.000794s ]
[2022-11-26T21:10:06+08:00][sql] CONNECT:[ UseTime:0.000442s ] mysql:host=127.0.0.1;port=3306;dbname=hunqin;charset=utf8
[2022-11-26T21:10:06+08:00][sql] SHOW FULL COLUMNS FROM `gxfc_goods_category` [ RunTime:0.000719s ]
[2022-11-26T21:10:06+08:00][sql] SELECT `category_id`,`pid`,`level` FROM `gxfc_goods_category` WHERE  `pid` = 37  AND `is_show` = 1 ORDER BY `sort` ASC [ RunTime:0.000339s ]
[2022-11-26T21:10:06+08:00][sql] SHOW FULL COLUMNS FROM `gxfc_goods_sku` [ RunTime:0.000840s ]
[2022-11-26T21:10:06+08:00][sql] SELECT COUNT(*) AS think_count FROM `gxfc_goods_sku` `gs` INNER JOIN `gxfc_goods` `g` ON `gs`.`sku_id`=`g`.`sku_id` INNER JOIN `gxfc_shop` `s` ON `s`.`site_id`=`gs`.`site_id` WHERE  `s`.`shop_status` = 1  AND `s`.`conceal` = 0  AND (`g`.`category_id` LIKE '%,37,%')  AND `gs`.`goods_state` = 1  AND `gs`.`verify_state` = 1  AND `gs`.`is_delete` = 0 ORDER BY `gs`.`sort` DESC [ RunTime:0.000555s ]
[2022-11-26T21:10:06+08:00][sql] SELECT `gs`.`goods_id`,`gs`.`sku_id`,`gs`.`sku_name`,`gs`.`price`,`gs`.`market_price`,`gs`.`discount_price`,`gs`.`stock`,`gs`.`sale_num`,`gs`.`sku_image`,`gs`.`goods_name`,`gs`.`site_id`,`gs`.`website_id`,`gs`.`is_own`,`gs`.`is_free_shipping`,`gs`.`introduction`,`gs`.`promotion_type`,`g`.`goods_image`,`g`.`site_name`,`gs`.`goods_spec_format`,`gs`.`is_virtual`,`gs`.`recommend_way`,`g`.`is_sale`,`gs`.`is_lease` FROM `gxfc_goods_sku` `gs` INNER JOIN `gxfc_goods` `g` ON `gs`.`sku_id`=`g`.`sku_id` INNER JOIN `gxfc_shop` `s` ON `s`.`site_id`=`gs`.`site_id` WHERE  `s`.`shop_status` = 1  AND `s`.`conceal` = 0  AND (`g`.`category_id` LIKE '%,37,%')  AND `gs`.`goods_state` = 1  AND `gs`.`verify_state` = 1  AND `gs`.`is_delete` = 0 ORDER BY `gs`.`sort` DESC LIMIT 0,10 [ RunTime:0.000746s ]
[2022-11-26T21:10:06+08:00][sql] CONNECT:[ UseTime:0.000466s ] mysql:host=127.0.0.1;port=3306;dbname=hunqin;charset=utf8
[2022-11-26T21:10:06+08:00][sql] SHOW FULL COLUMNS FROM `gxfc_goods_category` [ RunTime:0.000700s ]
[2022-11-26T21:10:06+08:00][sql] SELECT `category_id`,`pid`,`level` FROM `gxfc_goods_category` WHERE  `pid` = 51  AND `is_show` = 1 ORDER BY `sort` ASC [ RunTime:0.000353s ]
[2022-11-26T21:10:06+08:00][sql] SHOW FULL COLUMNS FROM `gxfc_goods_sku` [ RunTime:0.000866s ]
[2022-11-26T21:10:06+08:00][sql] SELECT COUNT(*) AS think_count FROM `gxfc_goods_sku` `gs` INNER JOIN `gxfc_goods` `g` ON `gs`.`sku_id`=`g`.`sku_id` INNER JOIN `gxfc_shop` `s` ON `s`.`site_id`=`gs`.`site_id` WHERE  `s`.`shop_status` = 1  AND `s`.`conceal` = 0  AND (`g`.`category_id` LIKE '%,51,%')  AND `gs`.`goods_state` = 1  AND `gs`.`verify_state` = 1  AND `gs`.`is_delete` = 0 ORDER BY `gs`.`sort` DESC [ RunTime:0.000584s ]
[2022-11-26T21:10:06+08:00][sql] SELECT `gs`.`goods_id`,`gs`.`sku_id`,`gs`.`sku_name`,`gs`.`price`,`gs`.`market_price`,`gs`.`discount_price`,`gs`.`stock`,`gs`.`sale_num`,`gs`.`sku_image`,`gs`.`goods_name`,`gs`.`site_id`,`gs`.`website_id`,`gs`.`is_own`,`gs`.`is_free_shipping`,`gs`.`introduction`,`gs`.`promotion_type`,`g`.`goods_image`,`g`.`site_name`,`gs`.`goods_spec_format`,`gs`.`is_virtual`,`gs`.`recommend_way`,`g`.`is_sale`,`gs`.`is_lease` FROM `gxfc_goods_sku` `gs` INNER JOIN `gxfc_goods` `g` ON `gs`.`sku_id`=`g`.`sku_id` INNER JOIN `gxfc_shop` `s` ON `s`.`site_id`=`gs`.`site_id` WHERE  `s`.`shop_status` = 1  AND `s`.`conceal` = 0  AND (`g`.`category_id` LIKE '%,51,%')  AND `gs`.`goods_state` = 1  AND `gs`.`verify_state` = 1  AND `gs`.`is_delete` = 0 ORDER BY `gs`.`sort` DESC LIMIT 0,10 [ RunTime:0.000746s ]
[2022-11-26T21:10:07+08:00][sql] CONNECT:[ UseTime:0.000476s ] mysql:host=127.0.0.1;port=3306;dbname=hunqin;charset=utf8
[2022-11-26T21:10:07+08:00][sql] SHOW FULL COLUMNS FROM `gxfc_goods_category` [ RunTime:0.000758s ]
[2022-11-26T21:10:07+08:00][sql] SELECT `category_id`,`pid`,`level` FROM `gxfc_goods_category` WHERE  `pid` = 52  AND `is_show` = 1 ORDER BY `sort` ASC [ RunTime:0.000412s ]
[2022-11-26T21:10:07+08:00][sql] SHOW FULL COLUMNS FROM `gxfc_goods_sku` [ RunTime:0.000842s ]
[2022-11-26T21:10:07+08:00][sql] SELECT COUNT(*) AS think_count FROM `gxfc_goods_sku` `gs` INNER JOIN `gxfc_goods` `g` ON `gs`.`sku_id`=`g`.`sku_id` INNER JOIN `gxfc_shop` `s` ON `s`.`site_id`=`gs`.`site_id` WHERE  `s`.`shop_status` = 1  AND `s`.`conceal` = 0  AND (`g`.`category_id` LIKE '%,52,%')  AND `gs`.`goods_state` = 1  AND `gs`.`verify_state` = 1  AND `gs`.`is_delete` = 0 ORDER BY `gs`.`sort` DESC [ RunTime:0.000543s ]
[2022-11-26T21:10:07+08:00][sql] SELECT `gs`.`goods_id`,`gs`.`sku_id`,`gs`.`sku_name`,`gs`.`price`,`gs`.`market_price`,`gs`.`discount_price`,`gs`.`stock`,`gs`.`sale_num`,`gs`.`sku_image`,`gs`.`goods_name`,`gs`.`site_id`,`gs`.`website_id`,`gs`.`is_own`,`gs`.`is_free_shipping`,`gs`.`introduction`,`gs`.`promotion_type`,`g`.`goods_image`,`g`.`site_name`,`gs`.`goods_spec_format`,`gs`.`is_virtual`,`gs`.`recommend_way`,`g`.`is_sale`,`gs`.`is_lease` FROM `gxfc_goods_sku` `gs` INNER JOIN `gxfc_goods` `g` ON `gs`.`sku_id`=`g`.`sku_id` INNER JOIN `gxfc_shop` `s` ON `s`.`site_id`=`gs`.`site_id` WHERE  `s`.`shop_status` = 1  AND `s`.`conceal` = 0  AND (`g`.`category_id` LIKE '%,52,%')  AND `gs`.`goods_state` = 1  AND `gs`.`verify_state` = 1  AND `gs`.`is_delete` = 0 ORDER BY `gs`.`sort` DESC LIMIT 0,10 [ RunTime:0.000762s ]
[2022-11-26T21:10:08+08:00][sql] CONNECT:[ UseTime:0.000517s ] mysql:host=127.0.0.1;port=3306;dbname=hunqin;charset=utf8
[2022-11-26T21:10:08+08:00][sql] SHOW FULL COLUMNS FROM `gxfc_goods_category` [ RunTime:0.000737s ]
[2022-11-26T21:10:08+08:00][sql] SELECT `category_id`,`pid`,`level` FROM `gxfc_goods_category` WHERE  `pid` = 64  AND `is_show` = 1 ORDER BY `sort` ASC [ RunTime:0.000353s ]
[2022-11-26T21:10:08+08:00][sql] SHOW FULL COLUMNS FROM `gxfc_goods_sku` [ RunTime:0.000829s ]
[2022-11-26T21:10:08+08:00][sql] SELECT COUNT(*) AS think_count FROM `gxfc_goods_sku` `gs` INNER JOIN `gxfc_goods` `g` ON `gs`.`sku_id`=`g`.`sku_id` INNER JOIN `gxfc_shop` `s` ON `s`.`site_id`=`gs`.`site_id` WHERE  `s`.`shop_status` = 1  AND `s`.`conceal` = 0  AND (`g`.`category_id` LIKE '%,64,%')  AND `gs`.`goods_state` = 1  AND `gs`.`verify_state` = 1  AND `gs`.`is_delete` = 0 ORDER BY `gs`.`sort` DESC [ RunTime:0.000547s ]
[2022-11-26T21:10:08+08:00][sql] SELECT `gs`.`goods_id`,`gs`.`sku_id`,`gs`.`sku_name`,`gs`.`price`,`gs`.`market_price`,`gs`.`discount_price`,`gs`.`stock`,`gs`.`sale_num`,`gs`.`sku_image`,`gs`.`goods_name`,`gs`.`site_id`,`gs`.`website_id`,`gs`.`is_own`,`gs`.`is_free_shipping`,`gs`.`introduction`,`gs`.`promotion_type`,`g`.`goods_image`,`g`.`site_name`,`gs`.`goods_spec_format`,`gs`.`is_virtual`,`gs`.`recommend_way`,`g`.`is_sale`,`gs`.`is_lease` FROM `gxfc_goods_sku` `gs` INNER JOIN `gxfc_goods` `g` ON `gs`.`sku_id`=`g`.`sku_id` INNER JOIN `gxfc_shop` `s` ON `s`.`site_id`=`gs`.`site_id` WHERE  `s`.`shop_status` = 1  AND `s`.`conceal` = 0  AND (`g`.`category_id` LIKE '%,64,%')  AND `gs`.`goods_state` = 1  AND `gs`.`verify_state` = 1  AND `gs`.`is_delete` = 0 ORDER BY `gs`.`sort` DESC LIMIT 0,10 [ RunTime:0.000684s ]
[2022-11-26T21:10:08+08:00][sql] CONNECT:[ UseTime:0.000387s ] mysql:host=127.0.0.1;port=3306;dbname=hunqin;charset=utf8
[2022-11-26T21:10:08+08:00][sql] SHOW FULL COLUMNS FROM `gxfc_goods_category` [ RunTime:0.001010s ]
[2022-11-26T21:10:08+08:00][sql] SELECT `category_id`,`pid`,`level` FROM `gxfc_goods_category` WHERE  `pid` = 53  AND `is_show` = 1 ORDER BY `sort` ASC [ RunTime:0.000363s ]
[2022-11-26T21:10:08+08:00][sql] SHOW FULL COLUMNS FROM `gxfc_goods_sku` [ RunTime:0.000862s ]
[2022-11-26T21:10:08+08:00][sql] SELECT COUNT(*) AS think_count FROM `gxfc_goods_sku` `gs` INNER JOIN `gxfc_goods` `g` ON `gs`.`sku_id`=`g`.`sku_id` INNER JOIN `gxfc_shop` `s` ON `s`.`site_id`=`gs`.`site_id` WHERE  `s`.`shop_status` = 1  AND `s`.`conceal` = 0  AND (`g`.`category_id` LIKE '%,53,%')  AND `gs`.`goods_state` = 1  AND `gs`.`verify_state` = 1  AND `gs`.`is_delete` = 0 ORDER BY `gs`.`sort` DESC [ RunTime:0.000619s ]
[2022-11-26T21:10:08+08:00][sql] SELECT `gs`.`goods_id`,`gs`.`sku_id`,`gs`.`sku_name`,`gs`.`price`,`gs`.`market_price`,`gs`.`discount_price`,`gs`.`stock`,`gs`.`sale_num`,`gs`.`sku_image`,`gs`.`goods_name`,`gs`.`site_id`,`gs`.`website_id`,`gs`.`is_own`,`gs`.`is_free_shipping`,`gs`.`introduction`,`gs`.`promotion_type`,`g`.`goods_image`,`g`.`site_name`,`gs`.`goods_spec_format`,`gs`.`is_virtual`,`gs`.`recommend_way`,`g`.`is_sale`,`gs`.`is_lease` FROM `gxfc_goods_sku` `gs` INNER JOIN `gxfc_goods` `g` ON `gs`.`sku_id`=`g`.`sku_id` INNER JOIN `gxfc_shop` `s` ON `s`.`site_id`=`gs`.`site_id` WHERE  `s`.`shop_status` = 1  AND `s`.`conceal` = 0  AND (`g`.`category_id` LIKE '%,53,%')  AND `gs`.`goods_state` = 1  AND `gs`.`verify_state` = 1  AND `gs`.`is_delete` = 0 ORDER BY `gs`.`sort` DESC LIMIT 0,10 [ RunTime:0.000720s ]
[2022-11-26T21:10:10+08:00][sql] CONNECT:[ UseTime:0.000521s ] mysql:host=127.0.0.1;port=3306;dbname=hunqin;charset=utf8
[2022-11-26T21:10:10+08:00][sql] SHOW FULL COLUMNS FROM `gxfc_goods_category` [ RunTime:0.000747s ]
[2022-11-26T21:10:10+08:00][sql] CONNECT:[ UseTime:0.000395s ] mysql:host=127.0.0.1;port=3306;dbname=hunqin;charset=utf8
[2022-11-26T21:10:10+08:00][sql] SELECT `category_id`,`category_name`,`short_name`,`pid`,`level`,`is_show`,`sort`,`image`,`keywords`,`description`,`attr_class_id`,`attr_class_name`,`category_id_1`,`category_id_2`,`category_id_3`,`category_full_name`,`commission_rate`,`image_adv`,`supply_commission_rate`,`is_jifen` FROM `gxfc_goods_category` WHERE  `category_id` = 30 LIMIT 1 [ RunTime:0.000498s ]
[2022-11-26T21:10:10+08:00][sql] SHOW FULL COLUMNS FROM `gxfc_goods_sku` [ RunTime:0.000903s ]
[2022-11-26T21:10:10+08:00][sql] SELECT COUNT(*) AS think_count FROM `gxfc_goods_sku` `gs` INNER JOIN `gxfc_goods` `g` ON `gs`.`sku_id`=`g`.`sku_id` INNER JOIN `gxfc_shop` `s` ON `s`.`site_id`=`gs`.`site_id` WHERE  `s`.`shop_status` = 1  AND `s`.`conceal` = 0  AND (`g`.`category_id` LIKE '%,30,%')  AND `gs`.`goods_state` = 1  AND `gs`.`verify_state` = 1  AND `gs`.`is_delete` = 0 ORDER BY `gs`.`sort` DESC [ RunTime:0.000655s ]
[2022-11-26T21:10:10+08:00][sql] SELECT `gs`.`goods_id`,`gs`.`sku_id`,`gs`.`sku_name`,`gs`.`price`,`gs`.`market_price`,`gs`.`discount_price`,`gs`.`stock`,`gs`.`sale_num`,`gs`.`sku_image`,`gs`.`goods_name`,`gs`.`site_id`,`gs`.`website_id`,`gs`.`is_own`,`gs`.`is_free_shipping`,`gs`.`introduction`,`gs`.`promotion_type`,`g`.`goods_image`,`g`.`site_name`,`gs`.`goods_spec_format`,`gs`.`is_virtual`,`gs`.`recommend_way`,`g`.`is_sale`,`gs`.`is_lease` FROM `gxfc_goods_sku` `gs` INNER JOIN `gxfc_goods` `g` ON `gs`.`sku_id`=`g`.`sku_id` INNER JOIN `gxfc_shop` `s` ON `s`.`site_id`=`gs`.`site_id` WHERE  `s`.`shop_status` = 1  AND `s`.`conceal` = 0  AND (`g`.`category_id` LIKE '%,30,%')  AND `gs`.`goods_state` = 1  AND `gs`.`verify_state` = 1  AND `gs`.`is_delete` = 0 ORDER BY `gs`.`sort` DESC LIMIT 0,10 [ RunTime:0.000982s ]
[2022-11-26T21:10:10+08:00][sql] CONNECT:[ UseTime:0.000423s ] mysql:host=127.0.0.1;port=3306;dbname=hunqin;charset=utf8
[2022-11-26T21:10:10+08:00][sql] SHOW FULL COLUMNS FROM `gxfc_goods_sku` [ RunTime:0.001005s ]
[2022-11-26T21:10:10+08:00][sql] SELECT COUNT(*) AS think_count FROM `gxfc_goods_sku` `gs` INNER JOIN `gxfc_goods` `g` ON `gs`.`sku_id`=`g`.`sku_id` INNER JOIN `gxfc_shop` `s` ON `s`.`site_id`=`gs`.`site_id` WHERE  `s`.`shop_status` = 1  AND `s`.`conceal` = 0  AND (`g`.`category_id` LIKE '%,30,%')  AND `gs`.`goods_state` = 1  AND `gs`.`verify_state` = 1  AND `gs`.`is_delete` = 0 ORDER BY `gs`.`sort` DESC [ RunTime:0.000742s ]
[2022-11-26T21:10:10+08:00][sql] SELECT `gs`.`goods_id`,`gs`.`sku_id`,`gs`.`sku_name`,`gs`.`price`,`gs`.`market_price`,`gs`.`discount_price`,`gs`.`stock`,`gs`.`sale_num`,`gs`.`sku_image`,`gs`.`goods_name`,`gs`.`site_id`,`gs`.`website_id`,`gs`.`is_own`,`gs`.`is_free_shipping`,`gs`.`introduction`,`gs`.`promotion_type`,`g`.`goods_image`,`g`.`site_name`,`gs`.`goods_spec_format`,`gs`.`is_virtual`,`gs`.`recommend_way`,`g`.`is_sale`,`gs`.`is_lease` FROM `gxfc_goods_sku` `gs` INNER JOIN `gxfc_goods` `g` ON `gs`.`sku_id`=`g`.`sku_id` INNER JOIN `gxfc_shop` `s` ON `s`.`site_id`=`gs`.`site_id` WHERE  `s`.`shop_status` = 1  AND `s`.`conceal` = 0  AND (`g`.`category_id` LIKE '%,30,%')  AND `gs`.`goods_state` = 1  AND `gs`.`verify_state` = 1  AND `gs`.`is_delete` = 0 ORDER BY `gs`.`sort` DESC LIMIT 0,10 [ RunTime:0.000815s ]
[2022-11-26T21:10:12+08:00][sql] CONNECT:[ UseTime:0.000468s ] mysql:host=127.0.0.1;port=3306;dbname=hunqin;charset=utf8
[2022-11-26T21:10:12+08:00][sql] SHOW FULL COLUMNS FROM `gxfc_goods_category` [ RunTime:0.000757s ]
[2022-11-26T21:10:12+08:00][sql] SELECT `category_id`,`pid`,`level` FROM `gxfc_goods_category` WHERE  `pid` = 56  AND `is_show` = 1 ORDER BY `sort` ASC [ RunTime:0.000384s ]
[2022-11-26T21:10:12+08:00][sql] SHOW FULL COLUMNS FROM `gxfc_goods_sku` [ RunTime:0.000963s ]
[2022-11-26T21:10:12+08:00][sql] SELECT COUNT(*) AS think_count FROM `gxfc_goods_sku` `gs` INNER JOIN `gxfc_goods` `g` ON `gs`.`sku_id`=`g`.`sku_id` INNER JOIN `gxfc_shop` `s` ON `s`.`site_id`=`gs`.`site_id` WHERE  `s`.`shop_status` = 1  AND `s`.`conceal` = 0  AND (`g`.`category_id` LIKE '%,56,%')  AND `gs`.`goods_state` = 1  AND `gs`.`verify_state` = 1  AND `gs`.`is_delete` = 0 ORDER BY `gs`.`sort` DESC [ RunTime:0.000599s ]
[2022-11-26T21:10:12+08:00][sql] SELECT `gs`.`goods_id`,`gs`.`sku_id`,`gs`.`sku_name`,`gs`.`price`,`gs`.`market_price`,`gs`.`discount_price`,`gs`.`stock`,`gs`.`sale_num`,`gs`.`sku_image`,`gs`.`goods_name`,`gs`.`site_id`,`gs`.`website_id`,`gs`.`is_own`,`gs`.`is_free_shipping`,`gs`.`introduction`,`gs`.`promotion_type`,`g`.`goods_image`,`g`.`site_name`,`gs`.`goods_spec_format`,`gs`.`is_virtual`,`gs`.`recommend_way`,`g`.`is_sale`,`gs`.`is_lease` FROM `gxfc_goods_sku` `gs` INNER JOIN `gxfc_goods` `g` ON `gs`.`sku_id`=`g`.`sku_id` INNER JOIN `gxfc_shop` `s` ON `s`.`site_id`=`gs`.`site_id` WHERE  `s`.`shop_status` = 1  AND `s`.`conceal` = 0  AND (`g`.`category_id` LIKE '%,56,%')  AND `gs`.`goods_state` = 1  AND `gs`.`verify_state` = 1  AND `gs`.`is_delete` = 0 ORDER BY `gs`.`sort` DESC LIMIT 0,10 [ RunTime:0.000753s ]
[2022-11-26T21:10:20+08:00][sql] CONNECT:[ UseTime:0.000457s ] mysql:host=127.0.0.1;port=3306;dbname=hunqin;charset=utf8
[2022-11-26T21:10:20+08:00][sql] SHOW FULL COLUMNS FROM `gxfc_shop` [ RunTime:0.001000s ]
[2022-11-26T21:10:20+08:00][sql] SELECT COUNT(*) AS think_count FROM `gxfc_shop` `a` WHERE  `shop_status` = 1  AND `cert_id` <> 0  AND `conceal` = 0  AND `category_id` = 2 ORDER BY site_id desc [ RunTime:0.000357s ]
[2022-11-26T21:10:20+08:00][sql] SELECT `site_id`,`site_name`,`category_name`,`category_id`,`group_name`,`logo`,`avatar`,`banner`,`seo_description`,`shop_desccredit`,`shop_servicecredit`,`shop_deliverycredit`,`shop_sales`,`sub_num`,`is_own`,`longitude`,`latitude`,`telephone`,`address`,`full_address` FROM `gxfc_shop` `a` WHERE  `shop_status` = 1  AND `cert_id` <> 0  AND `conceal` = 0  AND `category_id` = 2 ORDER BY site_id desc LIMIT 0,1 [ RunTime:0.000361s ]
[2022-11-26T21:10:22+08:00][sql] CONNECT:[ UseTime:0.001076s ] mysql:host=127.0.0.1;port=3306;dbname=hunqin;charset=utf8
[2022-11-26T21:10:22+08:00][sql] SHOW FULL COLUMNS FROM `gxfc_shop` [ RunTime:0.001111s ]
[2022-11-26T21:10:22+08:00][sql] SELECT `site_id`,`expire_time`,`site_name`,`website_id`,`is_own`,`level_name`,`category_name`,`shop_status`,`start_time`,`logo`,`avatar`,`banner`,`seo_description`,`qq`,`ww`,`telephone`,`shop_desccredit`,`shop_servicecredit`,`shop_deliverycredit`,`workingtime`,`shop_baozh`,`shop_baozhopen`,`shop_baozhrmb`,`shop_qtian`,`shop_zhping`,`shop_erxiaoshi`,`shop_tuihuo`,`shop_shiyong`,`shop_shiti`,`shop_xiaoxie`,`shop_free_time`,`shop_sales`,`shop_adv`,`work_week`,`address`,`full_address`,`longitude`,`latitude`,`sub_num` FROM `gxfc_shop` WHERE  `site_id` = 70 LIMIT 1 [ RunTime:0.000536s ]
[2022-11-26T21:10:22+08:00][sql] CONNECT:[ UseTime:0.000447s ] mysql:host=127.0.0.1;port=3306;dbname=hunqin;charset=utf8
[2022-11-26T21:10:22+08:00][sql] SHOW FULL COLUMNS FROM `gxfc_goods_category` [ RunTime:0.000703s ]
[2022-11-26T21:10:22+08:00][sql] SELECT `category_id`,`pid`,`level` FROM `gxfc_goods_category` WHERE  `category_id` = 70  AND `is_show` = 1 ORDER BY `sort` ASC [ RunTime:0.000294s ]
[2022-11-26T21:10:22+08:00][sql] SELECT `category_id`,`pid`,`level` FROM `gxfc_goods_category` WHERE  `pid` = 70  AND `is_show` = 1 ORDER BY `sort` ASC [ RunTime:0.000342s ]
[2022-11-26T21:10:22+08:00][sql] SHOW FULL COLUMNS FROM `gxfc_goods_sku` [ RunTime:0.000837s ]
[2022-11-26T21:10:22+08:00][sql] SELECT COUNT(*) AS think_count FROM `gxfc_goods_sku` `gs` INNER JOIN `gxfc_goods` `g` ON `gs`.`sku_id`=`g`.`sku_id` INNER JOIN `gxfc_shop` `s` ON `s`.`site_id`=`gs`.`site_id` WHERE  `s`.`shop_status` = 1  AND `s`.`conceal` = 0  AND `gs`.`site_id` = '70'  AND `gs`.`goods_state` = 1  AND `gs`.`verify_state` = 1  AND `gs`.`is_delete` = 0 ORDER BY `gs`.`sort` DESC [ RunTime:0.000451s ]
[2022-11-26T21:10:22+08:00][sql] SELECT `gs`.`goods_id`,`gs`.`sku_id`,`gs`.`sku_name`,`gs`.`price`,`gs`.`market_price`,`gs`.`discount_price`,`gs`.`stock`,`gs`.`sale_num`,`gs`.`sku_image`,`gs`.`goods_name`,`gs`.`site_id`,`gs`.`website_id`,`gs`.`is_own`,`gs`.`is_free_shipping`,`gs`.`introduction`,`gs`.`promotion_type`,`g`.`goods_image`,`g`.`site_name`,`gs`.`goods_spec_format`,`gs`.`is_virtual`,`gs`.`recommend_way`,`g`.`is_sale`,`gs`.`is_lease` FROM `gxfc_goods_sku` `gs` INNER JOIN `gxfc_goods` `g` ON `gs`.`sku_id`=`g`.`sku_id` INNER JOIN `gxfc_shop` `s` ON `s`.`site_id`=`gs`.`site_id` WHERE  `s`.`shop_status` = 1  AND `s`.`conceal` = 0  AND `gs`.`site_id` = '70'  AND `gs`.`goods_state` = 1  AND `gs`.`verify_state` = 1  AND `gs`.`is_delete` = 0 ORDER BY `gs`.`sort` DESC LIMIT 0,0 [ RunTime:0.000336s ]
[2022-11-26T21:10:28+08:00][sql] CONNECT:[ UseTime:0.000437s ] mysql:host=127.0.0.1;port=3306;dbname=hunqin;charset=utf8
[2022-11-26T21:10:28+08:00][sql] SHOW FULL COLUMNS FROM `gxfc_goods_sku` [ RunTime:0.001005s ]
[2022-11-26T21:10:28+08:00][sql] SELECT `gs`.`goods_id`,`gs`.`sku_id`,`gs`.`goods_name`,`gs`.`sku_name`,`gs`.`sku_spec_format`,`gs`.`price`,`gs`.`market_price`,`gs`.`discount_price`,`gs`.`promotion_type`,`gs`.`start_time`,`gs`.`end_time`,`gs`.`stock`,`gs`.`click_num`,`g`.`sale_num`,`gs`.`collect_num`,`gs`.`sku_image`,`gs`.`sku_images`,`gs`.`site_id`,`gs`.`goods_content`,`gs`.`goods_state`,`gs`.`is_free_shipping`,`gs`.`goods_spec_format`,`gs`.`goods_attr_format`,`gs`.`introduction`,`gs`.`unit`,`gs`.`video_url`,`gs`.`evaluate`,`gs`.`is_virtual`,`gs`.`max_buy`,`gs`.`min_buy`,`g`.`goods_image`,`g`.`verify_state`,`g`.`is_sale`,`g`.`is_lease`,`g`.`cash_pledge`,`gs`.`cash_pledge`,`gs`.`is_lease` FROM `gxfc_goods_sku` `gs` INNER JOIN `gxfc_goods` `g` ON `g`.`goods_id`=`gs`.`goods_id` WHERE  `gs`.`sku_id` = '1114'  AND `gs`.`is_delete` = 0 LIMIT 1 [ RunTime:0.000587s ]
[2022-11-26T21:10:28+08:00][sql] SHOW FULL COLUMNS FROM `gxfc_shop` [ RunTime:0.000826s ]
[2022-11-26T21:10:28+08:00][sql] SELECT `site_id`,`site_name`,`is_own`,`logo`,`avatar`,`banner`,`seo_description`,`qq`,`ww`,`telephone`,`shop_desccredit`,`shop_servicecredit`,`shop_deliverycredit`,`shop_baozh`,`shop_baozhopen`,`shop_baozhrmb`,`shop_qtian`,`shop_zhping`,`shop_erxiaoshi`,`shop_tuihuo`,`shop_shiyong`,`shop_shiti`,`shop_xiaoxie`,`shop_sales`,`sub_num` FROM `gxfc_shop` WHERE  `site_id` = 73 LIMIT 1 [ RunTime:0.000409s ]
[2022-11-26T21:10:28+08:00][sql] SHOW FULL COLUMNS FROM `gxfc_goods` [ RunTime:0.000770s ]
[2022-11-26T21:10:28+08:00][sql] SELECT `promotion_addon` FROM `gxfc_goods` WHERE  `goods_id` = 198 LIMIT 1 [ RunTime:0.000306s ]
[2022-11-26T21:10:28+08:00][sql] SELECT `promotion_addon` FROM `gxfc_goods` WHERE  `goods_id` = 198 LIMIT 1 [ RunTime:0.000317s ]
[2022-11-26T21:10:28+08:00][sql] SELECT `promotion_addon` FROM `gxfc_goods` WHERE  `goods_id` = 198 LIMIT 1 [ RunTime:0.000273s ]
[2022-11-26T21:10:28+08:00][sql] SELECT `promotion_addon` FROM `gxfc_goods` WHERE  `goods_id` = 198 LIMIT 1 [ RunTime:0.000258s ]
[2022-11-26T21:10:28+08:00][sql] SELECT `promotion_addon` FROM `gxfc_goods` WHERE  `goods_id` = 198 LIMIT 1 [ RunTime:0.000248s ]
[2022-11-26T21:10:28+08:00][sql] SELECT `promotion_addon` FROM `gxfc_goods` WHERE  `goods_id` = 198 LIMIT 1 [ RunTime:0.000254s ]
[2022-11-26T21:10:28+08:00][sql] CONNECT:[ UseTime:0.000444s ] mysql:host=127.0.0.1;port=3306;dbname=hunqin;charset=utf8
[2022-11-26T21:10:28+08:00][sql] SHOW FULL COLUMNS FROM `gxfc_goods_sku` [ RunTime:0.001582s ]
[2022-11-26T21:10:28+08:00][sql] UPDATE `gxfc_goods_sku`  SET `click_num` = `click_num` + 1  WHERE  `sku_id` = 1114 [ RunTime:0.056294s ]
[2022-11-26T21:10:28+08:00][sql] CONNECT:[ UseTime:0.000430s ] mysql:host=127.0.0.1;port=3306;dbname=hunqin;charset=utf8
[2022-11-26T21:10:28+08:00][sql] SHOW FULL COLUMNS FROM `gxfc_goods_sku` [ RunTime:0.000932s ]
[2022-11-26T21:10:28+08:00][sql] SELECT COUNT(*) AS think_count FROM `gxfc_goods_sku` `gs` INNER JOIN `gxfc_goods` `g` ON `gs`.`sku_id`=`g`.`sku_id` INNER JOIN `gxfc_shop` `s` ON `s`.`site_id`=`gs`.`site_id` WHERE  `gs`.`goods_state` = 1  AND `gs`.`verify_state` = 1  AND `gs`.`is_delete` = 0  AND `s`.`shop_status` = 1 ORDER BY `gs`.`sort` DESC,`gs`.`create_time` DESC [ RunTime:0.000583s ]
[2022-11-26T21:10:28+08:00][sql] SELECT `gs`.`goods_id`,`gs`.`sku_id`,`gs`.`sku_name`,`gs`.`price`,`gs`.`market_price`,`gs`.`discount_price`,`gs`.`stock`,`gs`.`sale_num`,`gs`.`sku_image`,`gs`.`goods_name`,`gs`.`site_id`,`gs`.`website_id`,`gs`.`is_own`,`gs`.`is_free_shipping`,`gs`.`introduction`,`gs`.`promotion_type`,`g`.`goods_image`,`gs`.`is_lease`,`s`.`site_name`,`s`.`logo` FROM `gxfc_goods_sku` `gs` INNER JOIN `gxfc_goods` `g` ON `gs`.`sku_id`=`g`.`sku_id` INNER JOIN `gxfc_shop` `s` ON `s`.`site_id`=`gs`.`site_id` WHERE  `gs`.`goods_state` = 1  AND `gs`.`verify_state` = 1  AND `gs`.`is_delete` = 0  AND `s`.`shop_status` = 1 ORDER BY `gs`.`sort` DESC,`gs`.`create_time` DESC LIMIT 0,10 [ RunTime:0.000708s ]
[2022-11-26T21:10:28+08:00][sql] CONNECT:[ UseTime:0.000333s ] mysql:host=127.0.0.1;port=3306;dbname=hunqin;charset=utf8
[2022-11-26T21:10:28+08:00][sql] SHOW FULL COLUMNS FROM `gxfc_goods_evaluate` [ RunTime:0.000659s ]
[2022-11-26T21:10:28+08:00][sql] SELECT `evaluate_id`,`order_goods_id`,`goods_id`,`sku_id`,`sku_name`,`sku_price`,`content`,`images`,`explain_first`,`member_name`,`member_headimg`,`member_id`,`is_anonymous`,`again_content`,`again_images`,`again_explain`,`create_time`,`again_time` FROM `gxfc_goods_evaluate` WHERE  `is_show` = 1  AND `is_audit` = 1  AND `goods_id` = 198 ORDER BY `create_time` DESC LIMIT 1 [ RunTime:0.000372s ]
