[2022-11-29T13:29:25+08:00][sql] CONNECT:[ UseTime:0.000474s ] mysql:host=127.0.0.1;port=3306;dbname=hunqin;charset=utf8
[2022-11-29T13:29:25+08:00][sql] SHOW FULL COLUMNS FROM `gxfc_goods_sku` [ RunTime:0.000965s ]
[2022-11-29T13:29:25+08:00][sql] SELECT COUNT(*) AS think_count FROM `gxfc_goods_sku` `gs` INNER JOIN `gxfc_goods` `g` ON `gs`.`sku_id`=`g`.`sku_id` INNER JOIN `gxfc_shop` `s` ON `s`.`site_id`=`gs`.`site_id` WHERE  `gs`.`goods_state` = 1  AND `gs`.`verify_state` = 1  AND `gs`.`is_delete` = 0  AND `s`.`shop_status` = 1 ORDER BY `gs`.`sort` DESC,`gs`.`create_time` DESC [ RunTime:0.000581s ]
[2022-11-29T13:29:25+08:00][sql] SELECT `gs`.`goods_id`,`gs`.`sku_id`,`gs`.`sku_name`,`gs`.`price`,`gs`.`market_price`,`gs`.`discount_price`,`gs`.`stock`,`gs`.`sale_num`,`gs`.`sku_image`,`gs`.`goods_name`,`gs`.`site_id`,`gs`.`website_id`,`gs`.`is_own`,`gs`.`is_free_shipping`,`gs`.`introduction`,`gs`.`promotion_type`,`g`.`goods_image`,`gs`.`is_lease`,`s`.`site_name`,`s`.`logo` FROM `gxfc_goods_sku` `gs` INNER JOIN `gxfc_goods` `g` ON `gs`.`sku_id`=`g`.`sku_id` INNER JOIN `gxfc_shop` `s` ON `s`.`site_id`=`gs`.`site_id` WHERE  `gs`.`goods_state` = 1  AND `gs`.`verify_state` = 1  AND `gs`.`is_delete` = 0  AND `s`.`shop_status` = 1 ORDER BY `gs`.`sort` DESC,`gs`.`create_time` DESC LIMIT 0,10 [ RunTime:0.000714s ]
[2022-11-29T13:29:25+08:00][sql] CONNECT:[ UseTime:0.000421s ] mysql:host=127.0.0.1;port=3306;dbname=hunqin;charset=utf8
[2022-11-29T13:29:25+08:00][sql] SHOW FULL COLUMNS FROM `gxfc_site_diy_view` [ RunTime:0.000683s ]
[2022-11-29T13:29:25+08:00][sql] UPDATE `gxfc_site_diy_view`  SET `click_num` = `click_num` + 1  WHERE  `name` = 'DIY_VIEW_INDEX' [ RunTime:0.012994s ]
[2022-11-29T13:29:25+08:00][sql] SELECT `sdv`.`id`,`sdv`.`site_id`,`sdv`.`name`,`sdv`.`title`,`sdv`.`value`,`sdv`.`type`,`dvt`.`addon_name` FROM `gxfc_site_diy_view` `sdv` LEFT JOIN `gxfc_diy_view_temp` `dvt` ON `sdv`.`name`=`dvt`.`name` WHERE  `sdv`.`name` = 'DIY_VIEW_INDEX' LIMIT 1 [ RunTime:0.000629s ]
[2022-11-29T13:29:32+08:00][sql] CONNECT:[ UseTime:0.000486s ] mysql:host=127.0.0.1;port=3306;dbname=hunqin;charset=utf8
[2022-11-29T13:29:32+08:00][sql] SHOW FULL COLUMNS FROM `gxfc_member` [ RunTime:0.001470s ]
[2022-11-29T13:29:32+08:00][sql] SELECT `member_id` FROM `gxfc_member` WHERE  `status` = 0 [ RunTime:0.000641s ]
[2022-11-29T13:29:32+08:00][sql] SELECT `member_id`,`source_member`,`fenxiao_id`,`is_fenxiao`,`username`,`nickname`,`mobile`,`email`,`password`,`status`,`headimg`,`member_level`,`member_level_name`,`member_label`,`member_label_name`,`qq`,`qq_openid`,`wx_openid`,`weapp_openid`,`wx_unionid`,`ali_openid`,`baidu_openid`,`toutiao_openid`,`douyin_openid`,`login_ip`,`login_type`,`login_time`,`last_login_ip`,`last_login_type`,`last_login_time`,`login_num`,`realname`,`sex`,`location`,`birthday`,`reg_time`,`point`,`balance`,`growth`,`balance_money`,`account5`,`is_auth`,`sign_time`,`sign_days_series`,`pay_password`,`order_money`,`order_complete_money`,`order_num`,`order_complete_num`,`balance_withdraw_apply`,`balance_withdraw`,`is_delete`,`login_type_name`,`hospital_id`,`is_commander`,`self_cl_id`,`hospital_name`,`self_leader_name`,`cl_id`,`is_fenxiao_order`,`expiration_time`,`start_time`,`is_fenxiao_charge` FROM `gxfc_member` WHERE  `member_id` = 2387 LIMIT 1 [ RunTime:0.000966s ]
[2022-11-29T13:29:32+08:00][sql] CONNECT:[ UseTime:0.001318s ] mysql:host=127.0.0.1;port=3306;dbname=hunqin;charset=utf8
[2022-11-29T13:29:32+08:00][sql] SHOW FULL COLUMNS FROM `gxfc_member` [ RunTime:0.001276s ]
[2022-11-29T13:29:32+08:00][sql] SELECT `member_id` FROM `gxfc_member` WHERE  `status` = 0 [ RunTime:0.000459s ]
[2022-11-29T13:29:32+08:00][sql] SELECT `member_id`,`source_member`,`fenxiao_id`,`is_fenxiao`,`username`,`nickname`,`mobile`,`email`,`password`,`status`,`headimg`,`member_level`,`member_level_name`,`member_label`,`member_label_name`,`qq`,`qq_openid`,`wx_openid`,`weapp_openid`,`wx_unionid`,`ali_openid`,`baidu_openid`,`toutiao_openid`,`douyin_openid`,`login_ip`,`login_type`,`login_time`,`last_login_ip`,`last_login_type`,`last_login_time`,`login_num`,`realname`,`sex`,`location`,`birthday`,`reg_time`,`point`,`balance`,`growth`,`balance_money`,`account5`,`is_auth`,`sign_time`,`sign_days_series`,`pay_password`,`order_money`,`order_complete_money`,`order_num`,`order_complete_num`,`balance_withdraw_apply`,`balance_withdraw`,`is_delete`,`login_type_name`,`hospital_id`,`is_commander`,`self_cl_id`,`hospital_name`,`self_leader_name`,`cl_id`,`is_fenxiao_order`,`expiration_time`,`start_time`,`is_fenxiao_charge` FROM `gxfc_member` WHERE  `member_id` = 2387 LIMIT 1 [ RunTime:0.000896s ]
[2022-11-29T13:29:32+08:00][sql] CONNECT:[ UseTime:0.000412s ] mysql:host=127.0.0.1;port=3306;dbname=hunqin;charset=utf8
[2022-11-29T13:29:32+08:00][sql] SHOW FULL COLUMNS FROM `gxfc_goods_sku` [ RunTime:0.001475s ]
[2022-11-29T13:29:32+08:00][sql] SELECT `gs`.`goods_id`,`gs`.`sku_id`,`gs`.`goods_name`,`gs`.`sku_name`,`gs`.`sku_spec_format`,`gs`.`price`,`gs`.`market_price`,`gs`.`discount_price`,`gs`.`promotion_type`,`gs`.`start_time`,`gs`.`end_time`,`gs`.`stock`,`gs`.`click_num`,`g`.`sale_num`,`gs`.`collect_num`,`gs`.`sku_image`,`gs`.`sku_images`,`gs`.`site_id`,`gs`.`goods_content`,`gs`.`goods_state`,`gs`.`is_free_shipping`,`gs`.`goods_spec_format`,`gs`.`goods_attr_format`,`gs`.`introduction`,`gs`.`unit`,`gs`.`video_url`,`gs`.`evaluate`,`gs`.`is_virtual`,`gs`.`max_buy`,`gs`.`min_buy`,`g`.`goods_image`,`g`.`verify_state`,`g`.`is_sale`,`g`.`is_lease`,`g`.`cash_pledge`,`gs`.`cash_pledge`,`gs`.`is_lease` FROM `gxfc_goods_sku` `gs` INNER JOIN `gxfc_goods` `g` ON `g`.`goods_id`=`gs`.`goods_id` WHERE  `gs`.`sku_id` = '1123'  AND `gs`.`is_delete` = 0 LIMIT 1 [ RunTime:0.000865s ]
[2022-11-29T13:29:32+08:00][sql] CONNECT:[ UseTime:0.000488s ] mysql:host=127.0.0.1;port=3306;dbname=hunqin;charset=utf8
[2022-11-29T13:29:32+08:00][sql] SHOW FULL COLUMNS FROM `gxfc_goods_sku` [ RunTime:0.001252s ]
[2022-11-29T13:29:32+08:00][sql] SHOW FULL COLUMNS FROM `gxfc_member` [ RunTime:0.001275s ]
[2022-11-29T13:29:32+08:00][sql] SELECT COUNT(*) AS think_count FROM `gxfc_goods_sku` `gs` INNER JOIN `gxfc_goods` `g` ON `gs`.`sku_id`=`g`.`sku_id` INNER JOIN `gxfc_shop` `s` ON `s`.`site_id`=`gs`.`site_id` WHERE  `gs`.`goods_state` = 1  AND `gs`.`verify_state` = 1  AND `gs`.`is_delete` = 0  AND `s`.`shop_status` = 1 ORDER BY `gs`.`sort` DESC,`gs`.`create_time` DESC [ RunTime:0.000643s ]
[2022-11-29T13:29:32+08:00][sql] SELECT `member_id` FROM `gxfc_member` WHERE  `status` = 0 [ RunTime:0.000419s ]
[2022-11-29T13:29:32+08:00][sql] SELECT `gs`.`goods_id`,`gs`.`sku_id`,`gs`.`sku_name`,`gs`.`price`,`gs`.`market_price`,`gs`.`discount_price`,`gs`.`stock`,`gs`.`sale_num`,`gs`.`sku_image`,`gs`.`goods_name`,`gs`.`site_id`,`gs`.`website_id`,`gs`.`is_own`,`gs`.`is_free_shipping`,`gs`.`introduction`,`gs`.`promotion_type`,`g`.`goods_image`,`gs`.`is_lease`,`s`.`site_name`,`s`.`logo` FROM `gxfc_goods_sku` `gs` INNER JOIN `gxfc_goods` `g` ON `gs`.`sku_id`=`g`.`sku_id` INNER JOIN `gxfc_shop` `s` ON `s`.`site_id`=`gs`.`site_id` WHERE  `gs`.`goods_state` = 1  AND `gs`.`verify_state` = 1  AND `gs`.`is_delete` = 0  AND `s`.`shop_status` = 1 ORDER BY `gs`.`sort` DESC,`gs`.`create_time` DESC LIMIT 0,10 [ RunTime:0.000865s ]
[2022-11-29T13:29:32+08:00][sql] SELECT `member_id`,`source_member`,`fenxiao_id`,`is_fenxiao`,`username`,`nickname`,`mobile`,`email`,`password`,`status`,`headimg`,`member_level`,`member_level_name`,`member_label`,`member_label_name`,`qq`,`qq_openid`,`wx_openid`,`weapp_openid`,`wx_unionid`,`ali_openid`,`baidu_openid`,`toutiao_openid`,`douyin_openid`,`login_ip`,`login_type`,`login_time`,`last_login_ip`,`last_login_type`,`last_login_time`,`login_num`,`realname`,`sex`,`location`,`birthday`,`reg_time`,`point`,`balance`,`growth`,`balance_money`,`account5`,`is_auth`,`sign_time`,`sign_days_series`,`pay_password`,`order_money`,`order_complete_money`,`order_num`,`order_complete_num`,`balance_withdraw_apply`,`balance_withdraw`,`is_delete`,`login_type_name`,`hospital_id`,`is_commander`,`self_cl_id`,`hospital_name`,`self_leader_name`,`cl_id`,`is_fenxiao_order`,`expiration_time`,`start_time`,`is_fenxiao_charge` FROM `gxfc_member` WHERE  `member_id` = 2387 LIMIT 1 [ RunTime:0.000789s ]
[2022-11-29T13:29:32+08:00][sql] SHOW FULL COLUMNS FROM `gxfc_shop` [ RunTime:0.001259s ]
[2022-11-29T13:29:32+08:00][sql] SHOW FULL COLUMNS FROM `gxfc_member` [ RunTime:0.001052s ]
[2022-11-29T13:29:32+08:00][sql] SELECT `site_id`,`site_name`,`is_own`,`logo`,`avatar`,`banner`,`seo_description`,`qq`,`ww`,`telephone`,`shop_desccredit`,`shop_servicecredit`,`shop_deliverycredit`,`shop_baozh`,`shop_baozhopen`,`shop_baozhrmb`,`shop_qtian`,`shop_zhping`,`shop_erxiaoshi`,`shop_tuihuo`,`shop_shiyong`,`shop_shiti`,`shop_xiaoxie`,`shop_sales`,`sub_num` FROM `gxfc_shop` WHERE  `site_id` = 1 LIMIT 1 [ RunTime:0.000467s ]
[2022-11-29T13:29:32+08:00][sql] SELECT `member_id` FROM `gxfc_member` WHERE  `status` = 0 [ RunTime:0.000304s ]
[2022-11-29T13:29:32+08:00][sql] SHOW FULL COLUMNS FROM `gxfc_goods` [ RunTime:0.001178s ]
[2022-11-29T13:29:32+08:00][sql] SELECT `promotion_addon` FROM `gxfc_goods` WHERE  `goods_id` = 215 LIMIT 1 [ RunTime:0.000349s ]
[2022-11-29T13:29:32+08:00][sql] SELECT `promotion_addon` FROM `gxfc_goods` WHERE  `goods_id` = 215 LIMIT 1 [ RunTime:0.000309s ]
[2022-11-29T13:29:32+08:00][sql] SELECT `member_id`,`source_member`,`fenxiao_id`,`is_fenxiao`,`username`,`nickname`,`mobile`,`email`,`password`,`status`,`headimg`,`member_level`,`member_level_name`,`member_label`,`member_label_name`,`qq`,`qq_openid`,`wx_openid`,`weapp_openid`,`wx_unionid`,`ali_openid`,`baidu_openid`,`toutiao_openid`,`douyin_openid`,`login_ip`,`login_type`,`login_time`,`last_login_ip`,`last_login_type`,`last_login_time`,`login_num`,`realname`,`sex`,`location`,`birthday`,`reg_time`,`point`,`balance`,`growth`,`balance_money`,`account5`,`is_auth`,`sign_time`,`sign_days_series`,`pay_password`,`order_money`,`order_complete_money`,`order_num`,`order_complete_num`,`balance_withdraw_apply`,`balance_withdraw`,`is_delete`,`login_type_name`,`hospital_id`,`is_commander`,`self_cl_id`,`hospital_name`,`self_leader_name`,`cl_id`,`is_fenxiao_order`,`expiration_time`,`start_time`,`is_fenxiao_charge` FROM `gxfc_member` WHERE  `member_id` = 2387 LIMIT 1 [ RunTime:0.003232s ]
[2022-11-29T13:29:32+08:00][sql] SELECT `promotion_addon` FROM `gxfc_goods` WHERE  `goods_id` = 215 LIMIT 1 [ RunTime:0.001923s ]
[2022-11-29T13:29:32+08:00][sql] SELECT `promotion_addon` FROM `gxfc_goods` WHERE  `goods_id` = 215 LIMIT 1 [ RunTime:0.000300s ]
[2022-11-29T13:29:32+08:00][sql] SELECT `promotion_addon` FROM `gxfc_goods` WHERE  `goods_id` = 215 LIMIT 1 [ RunTime:0.000277s ]
[2022-11-29T13:29:32+08:00][sql] SELECT `promotion_addon` FROM `gxfc_goods` WHERE  `goods_id` = 215 LIMIT 1 [ RunTime:0.000296s ]
[2022-11-29T13:29:32+08:00][sql] CONNECT:[ UseTime:0.000466s ] mysql:host=127.0.0.1;port=3306;dbname=hunqin;charset=utf8
[2022-11-29T13:29:32+08:00][sql] SHOW FULL COLUMNS FROM `gxfc_goods_sku` [ RunTime:0.001353s ]
[2022-11-29T13:29:32+08:00][sql] UPDATE `gxfc_goods_sku`  SET `click_num` = `click_num` + 1  WHERE  `sku_id` = 1123 [ RunTime:0.011457s ]
[2022-11-29T13:29:32+08:00][sql] CONNECT:[ UseTime:0.000424s ] mysql:host=127.0.0.1;port=3306;dbname=hunqin;charset=utf8
[2022-11-29T13:29:32+08:00][sql] SHOW FULL COLUMNS FROM `gxfc_goods_evaluate` [ RunTime:0.000911s ]
[2022-11-29T13:29:32+08:00][sql] SELECT `evaluate_id`,`order_goods_id`,`goods_id`,`sku_id`,`sku_name`,`sku_price`,`content`,`images`,`explain_first`,`member_name`,`member_headimg`,`member_id`,`is_anonymous`,`again_content`,`again_images`,`again_explain`,`create_time`,`again_time` FROM `gxfc_goods_evaluate` WHERE  `is_show` = 1  AND `is_audit` = 1  AND `goods_id` = 215 ORDER BY `create_time` DESC LIMIT 1 [ RunTime:0.000435s ]
[2022-11-29T13:29:46+08:00][sql] CONNECT:[ UseTime:0.000478s ] mysql:host=127.0.0.1;port=3306;dbname=hunqin;charset=utf8
[2022-11-29T13:29:46+08:00][sql] SHOW FULL COLUMNS FROM `gxfc_goods_sku` [ RunTime:0.001249s ]
[2022-11-29T13:29:46+08:00][sql] SELECT `gs`.`goods_id`,`gs`.`sku_id`,`gs`.`goods_name`,`gs`.`sku_name`,`gs`.`sku_spec_format`,`gs`.`price`,`gs`.`market_price`,`gs`.`discount_price`,`gs`.`promotion_type`,`gs`.`start_time`,`gs`.`end_time`,`gs`.`stock`,`gs`.`click_num`,`g`.`sale_num`,`gs`.`collect_num`,`gs`.`sku_image`,`gs`.`sku_images`,`gs`.`site_id`,`gs`.`goods_content`,`gs`.`goods_state`,`gs`.`is_free_shipping`,`gs`.`goods_spec_format`,`gs`.`goods_attr_format`,`gs`.`introduction`,`gs`.`unit`,`gs`.`video_url`,`gs`.`evaluate`,`gs`.`is_virtual`,`gs`.`max_buy`,`gs`.`min_buy`,`g`.`goods_image`,`g`.`verify_state`,`g`.`is_sale`,`g`.`is_lease`,`g`.`cash_pledge`,`gs`.`cash_pledge`,`gs`.`is_lease` FROM `gxfc_goods_sku` `gs` INNER JOIN `gxfc_goods` `g` ON `g`.`goods_id`=`gs`.`goods_id` WHERE  `gs`.`sku_id` = '1106'  AND `gs`.`is_delete` = 0 LIMIT 1 [ RunTime:0.000676s ]
[2022-11-29T13:29:46+08:00][sql] SHOW FULL COLUMNS FROM `gxfc_shop` [ RunTime:0.001196s ]
[2022-11-29T13:29:46+08:00][sql] SELECT `site_id`,`site_name`,`is_own`,`logo`,`avatar`,`banner`,`seo_description`,`qq`,`ww`,`telephone`,`shop_desccredit`,`shop_servicecredit`,`shop_deliverycredit`,`shop_baozh`,`shop_baozhopen`,`shop_baozhrmb`,`shop_qtian`,`shop_zhping`,`shop_erxiaoshi`,`shop_tuihuo`,`shop_shiyong`,`shop_shiti`,`shop_xiaoxie`,`shop_sales`,`sub_num` FROM `gxfc_shop` WHERE  `site_id` = 1 LIMIT 1 [ RunTime:0.000432s ]
[2022-11-29T13:29:46+08:00][sql] SHOW FULL COLUMNS FROM `gxfc_goods` [ RunTime:0.001067s ]
[2022-11-29T13:29:46+08:00][sql] SELECT `promotion_addon` FROM `gxfc_goods` WHERE  `goods_id` = 191 LIMIT 1 [ RunTime:0.000322s ]
[2022-11-29T13:29:46+08:00][sql] SELECT `promotion_addon` FROM `gxfc_goods` WHERE  `goods_id` = 191 LIMIT 1 [ RunTime:0.000318s ]
[2022-11-29T13:29:46+08:00][sql] SELECT `promotion_addon` FROM `gxfc_goods` WHERE  `goods_id` = 191 LIMIT 1 [ RunTime:0.000301s ]
[2022-11-29T13:29:46+08:00][sql] SELECT `promotion_addon` FROM `gxfc_goods` WHERE  `goods_id` = 191 LIMIT 1 [ RunTime:0.000284s ]
[2022-11-29T13:29:46+08:00][sql] SELECT `promotion_addon` FROM `gxfc_goods` WHERE  `goods_id` = 191 LIMIT 1 [ RunTime:0.000301s ]
[2022-11-29T13:29:46+08:00][sql] SELECT `promotion_addon` FROM `gxfc_goods` WHERE  `goods_id` = 191 LIMIT 1 [ RunTime:0.000284s ]
[2022-11-29T15:32:49+08:00][sql] CONNECT:[ UseTime:0.000431s ] mysql:host=127.0.0.1;port=3306;dbname=hunqin;charset=utf8
[2022-11-29T15:32:49+08:00][sql] SHOW FULL COLUMNS FROM `gxfc_site_diy_view` [ RunTime:0.000779s ]
[2022-11-29T15:32:49+08:00][sql] CONNECT:[ UseTime:0.000291s ] mysql:host=127.0.0.1;port=3306;dbname=hunqin;charset=utf8
[2022-11-29T15:32:49+08:00][sql] SHOW FULL COLUMNS FROM `gxfc_goods_sku` [ RunTime:0.000886s ]
[2022-11-29T15:32:49+08:00][sql] SELECT COUNT(*) AS think_count FROM `gxfc_goods_sku` `gs` INNER JOIN `gxfc_goods` `g` ON `gs`.`sku_id`=`g`.`sku_id` INNER JOIN `gxfc_shop` `s` ON `s`.`site_id`=`gs`.`site_id` WHERE  `gs`.`goods_state` = 1  AND `gs`.`verify_state` = 1  AND `gs`.`is_delete` = 0  AND `s`.`shop_status` = 1 ORDER BY `gs`.`sort` DESC,`gs`.`create_time` DESC [ RunTime:0.000589s ]
[2022-11-29T15:32:49+08:00][sql] SELECT `gs`.`goods_id`,`gs`.`sku_id`,`gs`.`sku_name`,`gs`.`price`,`gs`.`market_price`,`gs`.`discount_price`,`gs`.`stock`,`gs`.`sale_num`,`gs`.`sku_image`,`gs`.`goods_name`,`gs`.`site_id`,`gs`.`website_id`,`gs`.`is_own`,`gs`.`is_free_shipping`,`gs`.`introduction`,`gs`.`promotion_type`,`g`.`goods_image`,`gs`.`is_lease`,`s`.`site_name`,`s`.`logo` FROM `gxfc_goods_sku` `gs` INNER JOIN `gxfc_goods` `g` ON `gs`.`sku_id`=`g`.`sku_id` INNER JOIN `gxfc_shop` `s` ON `s`.`site_id`=`gs`.`site_id` WHERE  `gs`.`goods_state` = 1  AND `gs`.`verify_state` = 1  AND `gs`.`is_delete` = 0  AND `s`.`shop_status` = 1 ORDER BY `gs`.`sort` DESC,`gs`.`create_time` DESC LIMIT 0,10 [ RunTime:0.000697s ]
[2022-11-29T15:32:49+08:00][sql] UPDATE `gxfc_site_diy_view`  SET `click_num` = `click_num` + 1  WHERE  `name` = 'DIY_VIEW_INDEX' [ RunTime:0.007662s ]
[2022-11-29T15:32:49+08:00][sql] SELECT `sdv`.`id`,`sdv`.`site_id`,`sdv`.`name`,`sdv`.`title`,`sdv`.`value`,`sdv`.`type`,`dvt`.`addon_name` FROM `gxfc_site_diy_view` `sdv` LEFT JOIN `gxfc_diy_view_temp` `dvt` ON `sdv`.`name`=`dvt`.`name` WHERE  `sdv`.`name` = 'DIY_VIEW_INDEX' LIMIT 1 [ RunTime:0.000665s ]
[2022-11-29T16:06:50+08:00][sql] CONNECT:[ UseTime:0.000621s ] mysql:host=127.0.0.1;port=3306;dbname=hunqin;charset=utf8
[2022-11-29T16:06:50+08:00][sql] SHOW FULL COLUMNS FROM `gxfc_member` [ RunTime:0.001458s ]
[2022-11-29T16:06:50+08:00][sql] SELECT `member_id` FROM `gxfc_member` WHERE  `status` = 0 [ RunTime:0.000544s ]
[2022-11-29T16:06:50+08:00][sql] CONNECT:[ UseTime:0.000404s ] mysql:host=127.0.0.1;port=3306;dbname=hunqin;charset=utf8
[2022-11-29T16:06:50+08:00][sql] SHOW FULL COLUMNS FROM `gxfc_member` [ RunTime:0.001259s ]
[2022-11-29T16:06:50+08:00][sql] SELECT `member_id`,`source_member`,`fenxiao_id`,`is_fenxiao`,`username`,`nickname`,`mobile`,`email`,`password`,`status`,`headimg`,`member_level`,`member_level_name`,`member_label`,`member_label_name`,`qq`,`qq_openid`,`wx_openid`,`weapp_openid`,`wx_unionid`,`ali_openid`,`baidu_openid`,`toutiao_openid`,`douyin_openid`,`login_ip`,`login_type`,`login_time`,`last_login_ip`,`last_login_type`,`last_login_time`,`login_num`,`realname`,`sex`,`location`,`birthday`,`reg_time`,`point`,`balance`,`growth`,`balance_money`,`account5`,`is_auth`,`sign_time`,`sign_days_series`,`pay_password`,`order_money`,`order_complete_money`,`order_num`,`order_complete_num`,`balance_withdraw_apply`,`balance_withdraw`,`is_delete`,`login_type_name`,`hospital_id`,`is_commander`,`self_cl_id`,`hospital_name`,`self_leader_name`,`cl_id`,`is_fenxiao_order`,`expiration_time`,`start_time`,`is_fenxiao_charge` FROM `gxfc_member` WHERE  `member_id` = 2387 LIMIT 1 [ RunTime:0.001044s ]
[2022-11-29T16:06:50+08:00][sql] SELECT `member_id` FROM `gxfc_member` WHERE  `status` = 0 [ RunTime:0.000388s ]
[2022-11-29T16:06:50+08:00][sql] SELECT `member_id`,`source_member`,`fenxiao_id`,`is_fenxiao`,`username`,`nickname`,`mobile`,`email`,`password`,`status`,`headimg`,`member_level`,`member_level_name`,`member_label`,`member_label_name`,`qq`,`qq_openid`,`wx_openid`,`weapp_openid`,`wx_unionid`,`ali_openid`,`baidu_openid`,`toutiao_openid`,`douyin_openid`,`login_ip`,`login_type`,`login_time`,`last_login_ip`,`last_login_type`,`last_login_time`,`login_num`,`realname`,`sex`,`location`,`birthday`,`reg_time`,`point`,`balance`,`growth`,`balance_money`,`account5`,`is_auth`,`sign_time`,`sign_days_series`,`pay_password`,`order_money`,`order_complete_money`,`order_num`,`order_complete_num`,`balance_withdraw_apply`,`balance_withdraw`,`is_delete`,`login_type_name`,`hospital_id`,`is_commander`,`self_cl_id`,`hospital_name`,`self_leader_name`,`cl_id`,`is_fenxiao_order`,`expiration_time`,`start_time`,`is_fenxiao_charge` FROM `gxfc_member` WHERE  `member_id` = 2387 LIMIT 1 [ RunTime:0.000892s ]
[2022-11-29T16:06:50+08:00][sql] CONNECT:[ UseTime:0.001231s ] mysql:host=127.0.0.1;port=3306;dbname=hunqin;charset=utf8
[2022-11-29T16:06:50+08:00][sql] SHOW FULL COLUMNS FROM `gxfc_goods_sku` [ RunTime:0.001686s ]
[2022-11-29T16:06:50+08:00][sql] SELECT `gs`.`goods_id`,`gs`.`sku_id`,`gs`.`goods_name`,`gs`.`sku_name`,`gs`.`sku_spec_format`,`gs`.`price`,`gs`.`market_price`,`gs`.`discount_price`,`gs`.`promotion_type`,`gs`.`start_time`,`gs`.`end_time`,`gs`.`stock`,`gs`.`click_num`,`g`.`sale_num`,`gs`.`collect_num`,`gs`.`sku_image`,`gs`.`sku_images`,`gs`.`site_id`,`gs`.`goods_content`,`gs`.`goods_state`,`gs`.`is_free_shipping`,`gs`.`goods_spec_format`,`gs`.`goods_attr_format`,`gs`.`introduction`,`gs`.`unit`,`gs`.`video_url`,`gs`.`evaluate`,`gs`.`is_virtual`,`gs`.`max_buy`,`gs`.`min_buy`,`g`.`goods_image`,`g`.`verify_state`,`g`.`is_sale`,`g`.`is_lease`,`g`.`cash_pledge`,`gs`.`cash_pledge`,`gs`.`is_lease` FROM `gxfc_goods_sku` `gs` INNER JOIN `gxfc_goods` `g` ON `g`.`goods_id`=`gs`.`goods_id` WHERE  `gs`.`sku_id` = '1122'  AND `gs`.`is_delete` = 0 LIMIT 1 [ RunTime:0.001999s ]
[2022-11-29T16:06:50+08:00][sql] SHOW FULL COLUMNS FROM `gxfc_member` [ RunTime:0.003688s ]
[2022-11-29T16:06:50+08:00][sql] SELECT `member_id` FROM `gxfc_member` WHERE  `status` = 0 [ RunTime:0.001826s ]
[2022-11-29T16:06:50+08:00][sql] SELECT `member_id`,`source_member`,`fenxiao_id`,`is_fenxiao`,`username`,`nickname`,`mobile`,`email`,`password`,`status`,`headimg`,`member_level`,`member_level_name`,`member_label`,`member_label_name`,`qq`,`qq_openid`,`wx_openid`,`weapp_openid`,`wx_unionid`,`ali_openid`,`baidu_openid`,`toutiao_openid`,`douyin_openid`,`login_ip`,`login_type`,`login_time`,`last_login_ip`,`last_login_type`,`last_login_time`,`login_num`,`realname`,`sex`,`location`,`birthday`,`reg_time`,`point`,`balance`,`growth`,`balance_money`,`account5`,`is_auth`,`sign_time`,`sign_days_series`,`pay_password`,`order_money`,`order_complete_money`,`order_num`,`order_complete_num`,`balance_withdraw_apply`,`balance_withdraw`,`is_delete`,`login_type_name`,`hospital_id`,`is_commander`,`self_cl_id`,`hospital_name`,`self_leader_name`,`cl_id`,`is_fenxiao_order`,`expiration_time`,`start_time`,`is_fenxiao_charge` FROM `gxfc_member` WHERE  `member_id` = 2387 LIMIT 1 [ RunTime:0.000801s ]
[2022-11-29T16:06:50+08:00][sql] CONNECT:[ UseTime:0.001003s ] mysql:host=127.0.0.1;port=3306;dbname=hunqin;charset=utf8
[2022-11-29T16:06:50+08:00][sql] SHOW FULL COLUMNS FROM `gxfc_goods_sku` [ RunTime:0.001320s ]
[2022-11-29T16:06:50+08:00][sql] SHOW FULL COLUMNS FROM `gxfc_shop` [ RunTime:0.001395s ]
[2022-11-29T16:06:50+08:00][sql] SELECT `site_id`,`site_name`,`is_own`,`logo`,`avatar`,`banner`,`seo_description`,`qq`,`ww`,`telephone`,`shop_desccredit`,`shop_servicecredit`,`shop_deliverycredit`,`shop_baozh`,`shop_baozhopen`,`shop_baozhrmb`,`shop_qtian`,`shop_zhping`,`shop_erxiaoshi`,`shop_tuihuo`,`shop_shiyong`,`shop_shiti`,`shop_xiaoxie`,`shop_sales`,`sub_num` FROM `gxfc_shop` WHERE  `site_id` = 1 LIMIT 1 [ RunTime:0.000513s ]
[2022-11-29T16:06:50+08:00][sql] SELECT COUNT(*) AS think_count FROM `gxfc_goods_sku` `gs` INNER JOIN `gxfc_goods` `g` ON `gs`.`sku_id`=`g`.`sku_id` INNER JOIN `gxfc_shop` `s` ON `s`.`site_id`=`gs`.`site_id` WHERE  `gs`.`goods_state` = 1  AND `gs`.`verify_state` = 1  AND `gs`.`is_delete` = 0  AND `s`.`shop_status` = 1 ORDER BY `gs`.`sort` DESC,`gs`.`create_time` DESC [ RunTime:0.000694s ]
[2022-11-29T16:06:50+08:00][sql] SELECT `gs`.`goods_id`,`gs`.`sku_id`,`gs`.`sku_name`,`gs`.`price`,`gs`.`market_price`,`gs`.`discount_price`,`gs`.`stock`,`gs`.`sale_num`,`gs`.`sku_image`,`gs`.`goods_name`,`gs`.`site_id`,`gs`.`website_id`,`gs`.`is_own`,`gs`.`is_free_shipping`,`gs`.`introduction`,`gs`.`promotion_type`,`g`.`goods_image`,`gs`.`is_lease`,`s`.`site_name`,`s`.`logo` FROM `gxfc_goods_sku` `gs` INNER JOIN `gxfc_goods` `g` ON `gs`.`sku_id`=`g`.`sku_id` INNER JOIN `gxfc_shop` `s` ON `s`.`site_id`=`gs`.`site_id` WHERE  `gs`.`goods_state` = 1  AND `gs`.`verify_state` = 1  AND `gs`.`is_delete` = 0  AND `s`.`shop_status` = 1 ORDER BY `gs`.`sort` DESC,`gs`.`create_time` DESC LIMIT 0,10 [ RunTime:0.000913s ]
[2022-11-29T16:06:50+08:00][sql] SHOW FULL COLUMNS FROM `gxfc_goods` [ RunTime:0.001111s ]
[2022-11-29T16:06:50+08:00][sql] SELECT `promotion_addon` FROM `gxfc_goods` WHERE  `goods_id` = 214 LIMIT 1 [ RunTime:0.000334s ]
[2022-11-29T16:06:50+08:00][sql] SELECT `promotion_addon` FROM `gxfc_goods` WHERE  `goods_id` = 214 LIMIT 1 [ RunTime:0.000412s ]
[2022-11-29T16:06:50+08:00][sql] SELECT `promotion_addon` FROM `gxfc_goods` WHERE  `goods_id` = 214 LIMIT 1 [ RunTime:0.000418s ]
[2022-11-29T16:06:50+08:00][sql] SHOW FULL COLUMNS FROM `gxfc_member` [ RunTime:0.001116s ]
[2022-11-29T16:06:50+08:00][sql] SELECT `member_id` FROM `gxfc_member` WHERE  `status` = 0 [ RunTime:0.000340s ]
[2022-11-29T16:06:50+08:00][sql] SELECT `promotion_addon` FROM `gxfc_goods` WHERE  `goods_id` = 214 LIMIT 1 [ RunTime:0.000411s ]
[2022-11-29T16:06:50+08:00][sql] SELECT `promotion_addon` FROM `gxfc_goods` WHERE  `goods_id` = 214 LIMIT 1 [ RunTime:0.000893s ]
[2022-11-29T16:06:50+08:00][sql] SELECT `member_id`,`source_member`,`fenxiao_id`,`is_fenxiao`,`username`,`nickname`,`mobile`,`email`,`password`,`status`,`headimg`,`member_level`,`member_level_name`,`member_label`,`member_label_name`,`qq`,`qq_openid`,`wx_openid`,`weapp_openid`,`wx_unionid`,`ali_openid`,`baidu_openid`,`toutiao_openid`,`douyin_openid`,`login_ip`,`login_type`,`login_time`,`last_login_ip`,`last_login_type`,`last_login_time`,`login_num`,`realname`,`sex`,`location`,`birthday`,`reg_time`,`point`,`balance`,`growth`,`balance_money`,`account5`,`is_auth`,`sign_time`,`sign_days_series`,`pay_password`,`order_money`,`order_complete_money`,`order_num`,`order_complete_num`,`balance_withdraw_apply`,`balance_withdraw`,`is_delete`,`login_type_name`,`hospital_id`,`is_commander`,`self_cl_id`,`hospital_name`,`self_leader_name`,`cl_id`,`is_fenxiao_order`,`expiration_time`,`start_time`,`is_fenxiao_charge` FROM `gxfc_member` WHERE  `member_id` = 2387 LIMIT 1 [ RunTime:0.000742s ]
[2022-11-29T16:06:50+08:00][sql] SELECT `promotion_addon` FROM `gxfc_goods` WHERE  `goods_id` = 214 LIMIT 1 [ RunTime:0.001125s ]
[2022-11-29T16:06:50+08:00][sql] CONNECT:[ UseTime:0.000504s ] mysql:host=127.0.0.1;port=3306;dbname=hunqin;charset=utf8
[2022-11-29T16:06:50+08:00][sql] SHOW FULL COLUMNS FROM `gxfc_goods_sku` [ RunTime:0.001397s ]
[2022-11-29T16:06:50+08:00][sql] UPDATE `gxfc_goods_sku`  SET `click_num` = `click_num` + 1  WHERE  `sku_id` = 1122 [ RunTime:0.030767s ]
[2022-11-29T16:06:50+08:00][sql] CONNECT:[ UseTime:0.000430s ] mysql:host=127.0.0.1;port=3306;dbname=hunqin;charset=utf8
[2022-11-29T16:06:50+08:00][sql] SHOW FULL COLUMNS FROM `gxfc_goods_evaluate` [ RunTime:0.000941s ]
[2022-11-29T16:06:50+08:00][sql] SELECT `evaluate_id`,`order_goods_id`,`goods_id`,`sku_id`,`sku_name`,`sku_price`,`content`,`images`,`explain_first`,`member_name`,`member_headimg`,`member_id`,`is_anonymous`,`again_content`,`again_images`,`again_explain`,`create_time`,`again_time` FROM `gxfc_goods_evaluate` WHERE  `is_show` = 1  AND `is_audit` = 1  AND `goods_id` = 214 ORDER BY `create_time` DESC LIMIT 1 [ RunTime:0.000479s ]
[2022-11-29T16:09:03+08:00][sql] CONNECT:[ UseTime:0.000440s ] mysql:host=127.0.0.1;port=3306;dbname=hunqin;charset=utf8
[2022-11-29T16:09:03+08:00][sql] SHOW FULL COLUMNS FROM `gxfc_goods_sku` [ RunTime:0.001107s ]
[2022-11-29T16:09:03+08:00][sql] SELECT `gs`.`goods_id`,`gs`.`sku_id`,`gs`.`goods_name`,`gs`.`sku_name`,`gs`.`sku_spec_format`,`gs`.`price`,`gs`.`market_price`,`gs`.`discount_price`,`gs`.`promotion_type`,`gs`.`start_time`,`gs`.`end_time`,`gs`.`stock`,`gs`.`click_num`,`g`.`sale_num`,`gs`.`collect_num`,`gs`.`sku_image`,`gs`.`sku_images`,`gs`.`site_id`,`gs`.`goods_content`,`gs`.`goods_state`,`gs`.`is_free_shipping`,`gs`.`goods_spec_format`,`gs`.`goods_attr_format`,`gs`.`introduction`,`gs`.`unit`,`gs`.`video_url`,`gs`.`evaluate`,`gs`.`is_virtual`,`gs`.`max_buy`,`gs`.`min_buy`,`g`.`goods_image`,`g`.`verify_state`,`g`.`is_sale`,`g`.`is_lease`,`g`.`cash_pledge`,`gs`.`cash_pledge`,`gs`.`is_lease` FROM `gxfc_goods_sku` `gs` INNER JOIN `gxfc_goods` `g` ON `g`.`goods_id`=`gs`.`goods_id` WHERE  `gs`.`sku_id` = '1106'  AND `gs`.`is_delete` = 0 LIMIT 1 [ RunTime:0.000610s ]
[2022-11-29T16:09:03+08:00][sql] SHOW FULL COLUMNS FROM `gxfc_shop` [ RunTime:0.000837s ]
[2022-11-29T16:09:03+08:00][sql] SELECT `site_id`,`site_name`,`is_own`,`logo`,`avatar`,`banner`,`seo_description`,`qq`,`ww`,`telephone`,`shop_desccredit`,`shop_servicecredit`,`shop_deliverycredit`,`shop_baozh`,`shop_baozhopen`,`shop_baozhrmb`,`shop_qtian`,`shop_zhping`,`shop_erxiaoshi`,`shop_tuihuo`,`shop_shiyong`,`shop_shiti`,`shop_xiaoxie`,`shop_sales`,`sub_num` FROM `gxfc_shop` WHERE  `site_id` = 1 LIMIT 1 [ RunTime:0.000433s ]
[2022-11-29T16:09:03+08:00][sql] SHOW FULL COLUMNS FROM `gxfc_goods` [ RunTime:0.000731s ]
[2022-11-29T16:09:03+08:00][sql] SELECT `promotion_addon` FROM `gxfc_goods` WHERE  `goods_id` = 191 LIMIT 1 [ RunTime:0.000286s ]
[2022-11-29T16:09:03+08:00][sql] SELECT `promotion_addon` FROM `gxfc_goods` WHERE  `goods_id` = 191 LIMIT 1 [ RunTime:0.000296s ]
[2022-11-29T16:09:03+08:00][sql] SELECT `promotion_addon` FROM `gxfc_goods` WHERE  `goods_id` = 191 LIMIT 1 [ RunTime:0.000261s ]
[2022-11-29T16:09:03+08:00][sql] SELECT `promotion_addon` FROM `gxfc_goods` WHERE  `goods_id` = 191 LIMIT 1 [ RunTime:0.000274s ]
[2022-11-29T16:09:03+08:00][sql] SELECT `promotion_addon` FROM `gxfc_goods` WHERE  `goods_id` = 191 LIMIT 1 [ RunTime:0.000270s ]
[2022-11-29T16:09:03+08:00][sql] SELECT `promotion_addon` FROM `gxfc_goods` WHERE  `goods_id` = 191 LIMIT 1 [ RunTime:0.000254s ]
[2022-11-29T18:06:51+08:00][sql] CONNECT:[ UseTime:0.000446s ] mysql:host=127.0.0.1;port=3306;dbname=hunqin;charset=utf8
[2022-11-29T18:06:51+08:00][sql] SHOW FULL COLUMNS FROM `gxfc_site_diy_view` [ RunTime:0.000888s ]
[2022-11-29T18:06:51+08:00][sql] CONNECT:[ UseTime:0.000412s ] mysql:host=127.0.0.1;port=3306;dbname=hunqin;charset=utf8
[2022-11-29T18:06:51+08:00][sql] SHOW FULL COLUMNS FROM `gxfc_goods_sku` [ RunTime:0.000868s ]
[2022-11-29T18:06:51+08:00][sql] SELECT COUNT(*) AS think_count FROM `gxfc_goods_sku` `gs` INNER JOIN `gxfc_goods` `g` ON `gs`.`sku_id`=`g`.`sku_id` INNER JOIN `gxfc_shop` `s` ON `s`.`site_id`=`gs`.`site_id` WHERE  `gs`.`goods_state` = 1  AND `gs`.`verify_state` = 1  AND `gs`.`is_delete` = 0  AND `s`.`shop_status` = 1 ORDER BY `gs`.`sort` DESC,`gs`.`create_time` DESC [ RunTime:0.000592s ]
[2022-11-29T18:06:51+08:00][sql] SELECT `gs`.`goods_id`,`gs`.`sku_id`,`gs`.`sku_name`,`gs`.`price`,`gs`.`market_price`,`gs`.`discount_price`,`gs`.`stock`,`gs`.`sale_num`,`gs`.`sku_image`,`gs`.`goods_name`,`gs`.`site_id`,`gs`.`website_id`,`gs`.`is_own`,`gs`.`is_free_shipping`,`gs`.`introduction`,`gs`.`promotion_type`,`g`.`goods_image`,`gs`.`is_lease`,`s`.`site_name`,`s`.`logo` FROM `gxfc_goods_sku` `gs` INNER JOIN `gxfc_goods` `g` ON `gs`.`sku_id`=`g`.`sku_id` INNER JOIN `gxfc_shop` `s` ON `s`.`site_id`=`gs`.`site_id` WHERE  `gs`.`goods_state` = 1  AND `gs`.`verify_state` = 1  AND `gs`.`is_delete` = 0  AND `s`.`shop_status` = 1 ORDER BY `gs`.`sort` DESC,`gs`.`create_time` DESC LIMIT 0,10 [ RunTime:0.000774s ]
[2022-11-29T18:06:51+08:00][sql] UPDATE `gxfc_site_diy_view`  SET `click_num` = `click_num` + 1  WHERE  `name` = 'DIY_VIEW_INDEX' [ RunTime:0.008446s ]
[2022-11-29T18:06:51+08:00][sql] SELECT `sdv`.`id`,`sdv`.`site_id`,`sdv`.`name`,`sdv`.`title`,`sdv`.`value`,`sdv`.`type`,`dvt`.`addon_name` FROM `gxfc_site_diy_view` `sdv` LEFT JOIN `gxfc_diy_view_temp` `dvt` ON `sdv`.`name`=`dvt`.`name` WHERE  `sdv`.`name` = 'DIY_VIEW_INDEX' LIMIT 1 [ RunTime:0.000520s ]
[2022-11-29T18:07:05+08:00][sql] CONNECT:[ UseTime:0.000517s ] mysql:host=127.0.0.1;port=3306;dbname=hunqin;charset=utf8
[2022-11-29T18:07:05+08:00][sql] SHOW FULL COLUMNS FROM `gxfc_site_diy_view` [ RunTime:0.000732s ]
[2022-11-29T18:07:05+08:00][sql] UPDATE `gxfc_site_diy_view`  SET `click_num` = `click_num` + 1  WHERE  `name` = 'DIY_VIEW_INDEX' [ RunTime:0.007868s ]
[2022-11-29T18:07:05+08:00][sql] SELECT `sdv`.`id`,`sdv`.`site_id`,`sdv`.`name`,`sdv`.`title`,`sdv`.`value`,`sdv`.`type`,`dvt`.`addon_name` FROM `gxfc_site_diy_view` `sdv` LEFT JOIN `gxfc_diy_view_temp` `dvt` ON `sdv`.`name`=`dvt`.`name` WHERE  `sdv`.`name` = 'DIY_VIEW_INDEX' LIMIT 1 [ RunTime:0.000655s ]
[2022-11-29T18:07:05+08:00][sql] CONNECT:[ UseTime:0.000361s ] mysql:host=127.0.0.1;port=3306;dbname=hunqin;charset=utf8
[2022-11-29T18:07:05+08:00][sql] SHOW FULL COLUMNS FROM `gxfc_goods_sku` [ RunTime:0.001270s ]
[2022-11-29T18:07:05+08:00][sql] SELECT COUNT(*) AS think_count FROM `gxfc_goods_sku` `gs` INNER JOIN `gxfc_goods` `g` ON `gs`.`sku_id`=`g`.`sku_id` INNER JOIN `gxfc_shop` `s` ON `s`.`site_id`=`gs`.`site_id` WHERE  `gs`.`goods_state` = 1  AND `gs`.`verify_state` = 1  AND `gs`.`is_delete` = 0  AND `s`.`shop_status` = 1 ORDER BY `gs`.`sort` DESC,`gs`.`create_time` DESC [ RunTime:0.000778s ]
[2022-11-29T18:07:05+08:00][sql] SELECT `gs`.`goods_id`,`gs`.`sku_id`,`gs`.`sku_name`,`gs`.`price`,`gs`.`market_price`,`gs`.`discount_price`,`gs`.`stock`,`gs`.`sale_num`,`gs`.`sku_image`,`gs`.`goods_name`,`gs`.`site_id`,`gs`.`website_id`,`gs`.`is_own`,`gs`.`is_free_shipping`,`gs`.`introduction`,`gs`.`promotion_type`,`g`.`goods_image`,`gs`.`is_lease`,`s`.`site_name`,`s`.`logo` FROM `gxfc_goods_sku` `gs` INNER JOIN `gxfc_goods` `g` ON `gs`.`sku_id`=`g`.`sku_id` INNER JOIN `gxfc_shop` `s` ON `s`.`site_id`=`gs`.`site_id` WHERE  `gs`.`goods_state` = 1  AND `gs`.`verify_state` = 1  AND `gs`.`is_delete` = 0  AND `s`.`shop_status` = 1 ORDER BY `gs`.`sort` DESC,`gs`.`create_time` DESC LIMIT 0,10 [ RunTime:0.000815s ]
[2022-11-29T18:07:12+08:00][sql] CONNECT:[ UseTime:0.000434s ] mysql:host=127.0.0.1;port=3306;dbname=hunqin;charset=utf8
[2022-11-29T18:07:12+08:00][sql] SHOW FULL COLUMNS FROM `gxfc_site_diy_view` [ RunTime:0.000663s ]
[2022-11-29T18:07:12+08:00][sql] UPDATE `gxfc_site_diy_view`  SET `click_num` = `click_num` + 1  WHERE  `name` = 'DIY_VIEW_GOODS_CATEGORY' [ RunTime:0.014769s ]
[2022-11-29T18:07:12+08:00][sql] SELECT `sdv`.`id`,`sdv`.`site_id`,`sdv`.`name`,`sdv`.`title`,`sdv`.`value`,`sdv`.`type`,`dvt`.`addon_name` FROM `gxfc_site_diy_view` `sdv` LEFT JOIN `gxfc_diy_view_temp` `dvt` ON `sdv`.`name`=`dvt`.`name` WHERE  `sdv`.`name` = 'DIY_VIEW_GOODS_CATEGORY' LIMIT 1 [ RunTime:0.000632s ]
[2022-11-29T18:07:13+08:00][sql] CONNECT:[ UseTime:0.000420s ] mysql:host=127.0.0.1;port=3306;dbname=hunqin;charset=utf8
[2022-11-29T18:07:13+08:00][sql] SHOW FULL COLUMNS FROM `gxfc_goods_sku` [ RunTime:0.001300s ]
[2022-11-29T18:07:13+08:00][sql] SELECT COUNT(*) AS think_count FROM `gxfc_goods_sku` `gs` INNER JOIN `gxfc_goods` `g` ON `gs`.`sku_id`=`g`.`sku_id` INNER JOIN `gxfc_shop` `s` ON `s`.`site_id`=`gs`.`site_id` WHERE  `s`.`shop_status` = 1  AND `s`.`conceal` = 0  AND (`g`.`category_id` LIKE '%,30,%')  AND `gs`.`goods_state` = 1  AND `gs`.`verify_state` = 1  AND `gs`.`is_delete` = 0 ORDER BY `gs`.`sort` DESC [ RunTime:0.000846s ]
[2022-11-29T18:07:13+08:00][sql] SELECT `gs`.`goods_id`,`gs`.`sku_id`,`gs`.`sku_name`,`gs`.`price`,`gs`.`market_price`,`gs`.`discount_price`,`gs`.`stock`,`gs`.`sale_num`,`gs`.`sku_image`,`gs`.`goods_name`,`gs`.`site_id`,`gs`.`website_id`,`gs`.`is_own`,`gs`.`is_free_shipping`,`gs`.`introduction`,`gs`.`promotion_type`,`g`.`goods_image`,`g`.`site_name`,`gs`.`goods_spec_format`,`gs`.`is_virtual`,`gs`.`recommend_way`,`g`.`is_sale`,`gs`.`is_lease` FROM `gxfc_goods_sku` `gs` INNER JOIN `gxfc_goods` `g` ON `gs`.`sku_id`=`g`.`sku_id` INNER JOIN `gxfc_shop` `s` ON `s`.`site_id`=`gs`.`site_id` WHERE  `s`.`shop_status` = 1  AND `s`.`conceal` = 0  AND (`g`.`category_id` LIKE '%,30,%')  AND `gs`.`goods_state` = 1  AND `gs`.`verify_state` = 1  AND `gs`.`is_delete` = 0 ORDER BY `gs`.`sort` DESC LIMIT 0,10 [ RunTime:0.001030s ]
[2022-11-29T18:07:13+08:00][sql] CONNECT:[ UseTime:0.000526s ] mysql:host=127.0.0.1;port=3306;dbname=hunqin;charset=utf8
[2022-11-29T18:07:13+08:00][sql] SHOW FULL COLUMNS FROM `gxfc_member` [ RunTime:0.000964s ]
[2022-11-29T18:07:13+08:00][sql] SELECT `member_id` FROM `gxfc_member` WHERE  `status` = 0 [ RunTime:0.000389s ]
[2022-11-29T18:07:13+08:00][sql] SELECT `member_id`,`source_member`,`fenxiao_id`,`is_fenxiao`,`username`,`nickname`,`mobile`,`email`,`password`,`status`,`headimg`,`member_level`,`member_level_name`,`member_label`,`member_label_name`,`qq`,`qq_openid`,`wx_openid`,`weapp_openid`,`wx_unionid`,`ali_openid`,`baidu_openid`,`toutiao_openid`,`douyin_openid`,`login_ip`,`login_type`,`login_time`,`last_login_ip`,`last_login_type`,`last_login_time`,`login_num`,`realname`,`sex`,`location`,`birthday`,`reg_time`,`point`,`balance`,`growth`,`balance_money`,`account5`,`is_auth`,`sign_time`,`sign_days_series`,`pay_password`,`order_money`,`order_complete_money`,`order_num`,`order_complete_num`,`balance_withdraw_apply`,`balance_withdraw`,`is_delete`,`login_type_name`,`hospital_id`,`is_commander`,`self_cl_id`,`hospital_name`,`self_leader_name`,`cl_id`,`is_fenxiao_order`,`expiration_time`,`start_time`,`is_fenxiao_charge` FROM `gxfc_member` WHERE  `member_id` = 2391 LIMIT 1 [ RunTime:0.000671s ]
[2022-11-29T18:07:15+08:00][sql] CONNECT:[ UseTime:0.000478s ] mysql:host=127.0.0.1;port=3306;dbname=hunqin;charset=utf8
[2022-11-29T18:07:15+08:00][sql] SHOW FULL COLUMNS FROM `gxfc_goods_sku` [ RunTime:0.001023s ]
[2022-11-29T18:07:15+08:00][sql] SELECT COUNT(*) AS think_count FROM `gxfc_goods_sku` `gs` INNER JOIN `gxfc_goods` `g` ON `gs`.`sku_id`=`g`.`sku_id` INNER JOIN `gxfc_shop` `s` ON `s`.`site_id`=`gs`.`site_id` WHERE  `gs`.`goods_state` = 1  AND `gs`.`verify_state` = 1  AND `gs`.`is_delete` = 0  AND `s`.`shop_status` = 1 ORDER BY `gs`.`sort` DESC,`gs`.`create_time` DESC [ RunTime:0.000591s ]
[2022-11-29T18:07:15+08:00][sql] SELECT `gs`.`goods_id`,`gs`.`sku_id`,`gs`.`sku_name`,`gs`.`price`,`gs`.`market_price`,`gs`.`discount_price`,`gs`.`stock`,`gs`.`sale_num`,`gs`.`sku_image`,`gs`.`goods_name`,`gs`.`site_id`,`gs`.`website_id`,`gs`.`is_own`,`gs`.`is_free_shipping`,`gs`.`introduction`,`gs`.`promotion_type`,`g`.`goods_image`,`gs`.`is_lease`,`s`.`site_name`,`s`.`logo` FROM `gxfc_goods_sku` `gs` INNER JOIN `gxfc_goods` `g` ON `gs`.`sku_id`=`g`.`sku_id` INNER JOIN `gxfc_shop` `s` ON `s`.`site_id`=`gs`.`site_id` WHERE  `gs`.`goods_state` = 1  AND `gs`.`verify_state` = 1  AND `gs`.`is_delete` = 0  AND `s`.`shop_status` = 1 ORDER BY `gs`.`sort` DESC,`gs`.`create_time` DESC LIMIT 0,10 [ RunTime:0.000731s ]
[2022-11-29T18:07:24+08:00][sql] CONNECT:[ UseTime:0.000493s ] mysql:host=127.0.0.1;port=3306;dbname=hunqin;charset=utf8
[2022-11-29T18:07:24+08:00][sql] SHOW FULL COLUMNS FROM `gxfc_member` [ RunTime:0.001144s ]
[2022-11-29T18:07:24+08:00][sql] SELECT `member_id`,`username`,`nickname`,`mobile`,`email`,`status`,`last_login_time` FROM `gxfc_member` WHERE  `weapp_openid` = 'oqyYV48VDItyo_0JQqAf39y6pu0Q'  AND `is_delete` = 0 LIMIT 1 [ RunTime:0.000407s ]
[2022-11-29T18:07:24+08:00][sql] UPDATE `gxfc_member`  SET `login_time` = 1669716444 , `login_type` = 'weapp' , `login_type_name` = '微信小程序' , `last_login_time` = 1669716444 , `login_ip` = '117.153.99.252'  WHERE  `member_id` = 2391 [ RunTime:0.008718s ]
[2022-11-29T18:07:24+08:00][sql] SELECT `username`,`mobile`,`email`,`reg_time`,`wx_openid`,`last_login_type`,`login_time` FROM `gxfc_member` WHERE  `member_id` = 2391  AND `is_delete` = 0 LIMIT 1 [ RunTime:0.000455s ]
[2022-11-29T18:07:24+08:00][sql] SHOW FULL COLUMNS FROM `gxfc_message_sms_records` [ RunTime:0.000697s ]
[2022-11-29T18:07:24+08:00][sql] INSERT INTO `gxfc_message_sms_records` SET `account` = '19171611512' , `status` = 0 , `addon` = '' , `addon_name` = '' , `content` = '' , `var_parse` = '{\"name\":\"\"}' , `keywords` = 'LOGIN' , `create_time` = 1669716444 , `send_time` = 0 , `result` = '没有可用的短信发送方式' , `keywords_name` = '会员登录' [ RunTime:0.013927s ]
[2022-11-29T18:07:24+08:00][sql] UPDATE `gxfc_member`  SET `weapp_openid` = ''  WHERE  `weapp_openid` = 'oqyYV48VDItyo_0JQqAf39y6pu0Q'  AND `is_delete` = 0 [ RunTime:0.007367s ]
[2022-11-29T18:07:24+08:00][sql] UPDATE `gxfc_member`  SET `weapp_openid` = 'oqyYV48VDItyo_0JQqAf39y6pu0Q'  WHERE  `member_id` = 2391  AND `is_delete` = 0 [ RunTime:0.016781s ]
[2022-11-29T18:07:24+08:00][sql] UPDATE `gxfc_member`  SET `wx_unionid` = ''  WHERE  `wx_unionid` = 'on2pR5yYxEnApBq4yLDs-VUp0NCw'  AND `is_delete` = 0 [ RunTime:0.016459s ]
[2022-11-29T18:07:24+08:00][sql] UPDATE `gxfc_member`  SET `wx_unionid` = 'on2pR5yYxEnApBq4yLDs-VUp0NCw'  WHERE  `member_id` = 2391  AND `is_delete` = 0 [ RunTime:0.008940s ]
[2022-11-29T18:07:24+08:00][sql] SHOW FULL COLUMNS FROM `gxfc_wechat_fans` [ RunTime:0.000741s ]
[2022-11-29T18:07:24+08:00][sql] SELECT `fans_id`,`nickname`,`nickname_decode`,`headimgurl`,`sex`,`language`,`country`,`province`,`city`,`district`,`openid`,`unionid`,`groupid`,`is_subscribe`,`remark`,`subscribe_time`,`subscribe_scene`,`unsubscribe_time`,`update_date`,`tagid_list`,`subscribe_scene_name`,`qr_scene`,`qr_scene_str` FROM `gxfc_wechat_fans` WHERE  `unionid` = 'on2pR5yYxEnApBq4yLDs-VUp0NCw' LIMIT 1 [ RunTime:0.000463s ]
[2022-11-29T18:07:24+08:00][sql] UPDATE `gxfc_member`  SET `wx_openid` = ''  WHERE  `wx_openid` = 'oa2ys55YSqbCM7u94Phjv3RRibfI'  AND `is_delete` = 0 [ RunTime:0.009698s ]
[2022-11-29T18:07:24+08:00][sql] UPDATE `gxfc_member`  SET `wx_openid` = 'oa2ys55YSqbCM7u94Phjv3RRibfI'  WHERE  `member_id` = 2391  AND `is_delete` = 0 [ RunTime:0.007474s ]
[2022-11-29T18:07:24+08:00][sql] CONNECT:[ UseTime:0.000438s ] mysql:host=127.0.0.1;port=3306;dbname=hunqin;charset=utf8
[2022-11-29T18:07:24+08:00][sql] SHOW FULL COLUMNS FROM `gxfc_goods_sku` [ RunTime:0.000991s ]
[2022-11-29T18:07:24+08:00][sql] SELECT COUNT(*) AS think_count FROM `gxfc_goods_sku` `gs` INNER JOIN `gxfc_goods` `g` ON `gs`.`sku_id`=`g`.`sku_id` INNER JOIN `gxfc_shop` `s` ON `s`.`site_id`=`gs`.`site_id` WHERE  `s`.`shop_status` = 1  AND `s`.`conceal` = 0  AND (`g`.`category_id` LIKE '%,30,%')  AND `gs`.`goods_state` = 1  AND `gs`.`verify_state` = 1  AND `gs`.`is_delete` = 0 ORDER BY `gs`.`sort` DESC [ RunTime:0.000624s ]
[2022-11-29T18:07:24+08:00][sql] SELECT `gs`.`goods_id`,`gs`.`sku_id`,`gs`.`sku_name`,`gs`.`price`,`gs`.`market_price`,`gs`.`discount_price`,`gs`.`stock`,`gs`.`sale_num`,`gs`.`sku_image`,`gs`.`goods_name`,`gs`.`site_id`,`gs`.`website_id`,`gs`.`is_own`,`gs`.`is_free_shipping`,`gs`.`introduction`,`gs`.`promotion_type`,`g`.`goods_image`,`g`.`site_name`,`gs`.`goods_spec_format`,`gs`.`is_virtual`,`gs`.`recommend_way`,`g`.`is_sale`,`gs`.`is_lease` FROM `gxfc_goods_sku` `gs` INNER JOIN `gxfc_goods` `g` ON `gs`.`sku_id`=`g`.`sku_id` INNER JOIN `gxfc_shop` `s` ON `s`.`site_id`=`gs`.`site_id` WHERE  `s`.`shop_status` = 1  AND `s`.`conceal` = 0  AND (`g`.`category_id` LIKE '%,30,%')  AND `gs`.`goods_state` = 1  AND `gs`.`verify_state` = 1  AND `gs`.`is_delete` = 0 ORDER BY `gs`.`sort` DESC LIMIT 10,10 [ RunTime:0.000819s ]
[2022-11-29T18:07:24+08:00][sql] CONNECT:[ UseTime:0.000481s ] mysql:host=127.0.0.1;port=3306;dbname=hunqin;charset=utf8
[2022-11-29T18:07:24+08:00][sql] CONNECT:[ UseTime:0.000292s ] mysql:host=127.0.0.1;port=3306;dbname=hunqin;charset=utf8
[2022-11-29T18:07:24+08:00][sql] SHOW FULL COLUMNS FROM `gxfc_member` [ RunTime:0.001038s ]
[2022-11-29T18:07:24+08:00][sql] SHOW FULL COLUMNS FROM `gxfc_member` [ RunTime:0.000854s ]
[2022-11-29T18:07:24+08:00][sql] SELECT `member_id` FROM `gxfc_member` WHERE  `status` = 0 [ RunTime:0.000362s ]
[2022-11-29T18:07:24+08:00][sql] SELECT `member_id` FROM `gxfc_member` WHERE  `status` = 0 [ RunTime:0.000285s ]
[2022-11-29T18:07:24+08:00][sql] SELECT `member_id`,`source_member`,`fenxiao_id`,`is_fenxiao`,`username`,`nickname`,`mobile`,`email`,`password`,`status`,`headimg`,`member_level`,`member_level_name`,`member_label`,`member_label_name`,`qq`,`qq_openid`,`wx_openid`,`weapp_openid`,`wx_unionid`,`ali_openid`,`baidu_openid`,`toutiao_openid`,`douyin_openid`,`login_ip`,`login_type`,`login_time`,`last_login_ip`,`last_login_type`,`last_login_time`,`login_num`,`realname`,`sex`,`location`,`birthday`,`reg_time`,`point`,`balance`,`growth`,`balance_money`,`account5`,`is_auth`,`sign_time`,`sign_days_series`,`pay_password`,`order_money`,`order_complete_money`,`order_num`,`order_complete_num`,`balance_withdraw_apply`,`balance_withdraw`,`is_delete`,`login_type_name`,`hospital_id`,`is_commander`,`self_cl_id`,`hospital_name`,`self_leader_name`,`cl_id`,`is_fenxiao_order`,`expiration_time`,`start_time`,`is_fenxiao_charge` FROM `gxfc_member` WHERE  `member_id` = 2391 LIMIT 1 [ RunTime:0.000612s ]
[2022-11-29T18:07:24+08:00][sql] SHOW FULL COLUMNS FROM `gxfc_goods_cart` [ RunTime:0.000560s ]
[2022-11-29T18:07:24+08:00][sql] SELECT `member_id`,`source_member`,`fenxiao_id`,`is_fenxiao`,`username`,`nickname`,`mobile`,`email`,`password`,`status`,`headimg`,`member_level`,`member_level_name`,`member_label`,`member_label_name`,`qq`,`qq_openid`,`wx_openid`,`weapp_openid`,`wx_unionid`,`ali_openid`,`baidu_openid`,`toutiao_openid`,`douyin_openid`,`login_ip`,`login_type`,`login_time`,`last_login_ip`,`last_login_type`,`last_login_time`,`login_num`,`realname`,`sex`,`location`,`birthday`,`reg_time`,`point`,`balance`,`growth`,`balance_money`,`account5`,`is_auth`,`sign_time`,`sign_days_series`,`pay_password`,`order_money`,`order_complete_money`,`order_num`,`order_complete_num`,`balance_withdraw_apply`,`balance_withdraw`,`is_delete`,`login_type_name`,`hospital_id`,`is_commander`,`self_cl_id`,`hospital_name`,`self_leader_name`,`cl_id`,`is_fenxiao_order`,`expiration_time`,`start_time`,`is_fenxiao_charge` FROM `gxfc_member` WHERE  `member_id` = 2391 LIMIT 1 [ RunTime:0.000654s ]
[2022-11-29T18:07:24+08:00][sql] SELECT `ngc`.`cart_id`,`ngc`.`site_id`,`ngc`.`member_id`,`ngc`.`sku_id`,`ngc`.`num`,`ngs`.`sku_name`,`ngs`.`sku_no`,`ngs`.`sku_spec_format`,`ngs`.`price`,`ngs`.`market_price`,`ngs`.`discount_price`,`ngs`.`promotion_type`,`ngs`.`stock`,`ngs`.`sku_image`,`ngs`.`site_name`,`ngs`.`website_id`,`ngs`.`is_own`,`ngs`.`goods_state`,`ngs`.`verify_state`,`ngs`.`goods_name`,`ngs`.`unit`,`s`.`shop_status`,`ngs`.`max_buy`,`ngs`.`min_buy` FROM `gxfc_goods_cart` `ngc` INNER JOIN `gxfc_goods_sku` `ngs` ON `ngc`.`sku_id`=`ngs`.`sku_id` INNER JOIN `gxfc_shop` `s` ON `s`.`site_id`=`ngc`.`site_id` WHERE  `ngc`.`member_id` = 2391 [ RunTime:0.000468s ]
[2022-11-29T18:07:24+08:00][sql] SELECT `member_id`,`source_member`,`username`,`nickname`,`mobile`,`email`,`password`,`status`,`headimg`,`member_level`,`member_level_name`,`member_label`,`member_label_name`,`qq`,`qq_openid`,`wx_openid`,`wx_unionid`,`ali_openid`,`baidu_openid`,`toutiao_openid`,`douyin_openid`,`realname`,`sex`,`location`,`birthday`,`point`,`balance`,`balance_money`,`growth`,`sign_days_series`,`hospital_id`,`self_cl_id`,`hospital_name`,`start_time`,`expiration_time`,`is_fenxiao` FROM `gxfc_member` WHERE  `member_id` = 2391  AND `is_delete` = 0 LIMIT 1 [ RunTime:0.000402s ]
[2022-11-29T18:07:24+08:00][sql] SHOW FULL COLUMNS FROM `gxfc_user` [ RunTime:0.000525s ]
[2022-11-29T18:07:24+08:00][sql] SELECT `uid`,`app_module`,`app_group`,`is_admin`,`site_id`,`group_id`,`group_name`,`username`,`password`,`member_id`,`create_time`,`update_time`,`status`,`login_time`,`login_ip` FROM `gxfc_user` WHERE  `member_id` = 2391 LIMIT 1 [ RunTime:0.000315s ]
[2022-11-29T18:07:24+08:00][sql] SHOW FULL COLUMNS FROM `gxfc_shop_apply` [ RunTime:0.000550s ]
[2022-11-29T18:07:24+08:00][sql] SELECT `nsa`.`apply_id`,`nsa`.`site_id`,`nsa`.`website_id`,`nsa`.`member_id`,`nsa`.`username`,`nsa`.`cert_id`,`nsa`.`shop_name`,`nsa`.`apply_state`,`nsa`.`apply_message`,`nsa`.`apply_year`,`nsa`.`category_name`,`nsa`.`category_id`,`nsa`.`group_name`,`nsa`.`group_id`,`nsa`.`paying_money_certificate`,`nsa`.`paying_money_certificate_explain`,`nsa`.`paying_deposit`,`nsa`.`paying_apply`,`nsa`.`paying_amount`,`nsa`.`create_time`,`nsa`.`audit_time`,`nsa`.`finish_time`,`nsc`.`cert_id`,`nsc`.`cert_type`,`nsc`.`company_name`,`nsc`.`company_province_id`,`nsc`.`company_city_id`,`nsc`.`company_district_id`,`nsc`.`company_address`,`nsc`.`contacts_name`,`nsc`.`contacts_mobile`,`nsc`.`contacts_card_no`,`nsc`.`contacts_card_electronic_1`,`nsc`.`contacts_card_electronic_2`,`nsc`.`contacts_card_electronic_3`,`nsc`.`business_licence_number`,`nsc`.`business_licence_number_electronic`,`nsc`.`business_sphere`,`nsc`.`taxpayer_id`,`nsc`.`general_taxpayer`,`nsc`.`tax_registration_certificate`,`nsc`.`tax_registration_certificate_electronic`,`nsc`.`bank_account_name`,`nsc`.`bank_account_number`,`nsc`.`bank_name`,`nsc`.`bank_address`,`nsc`.`bank_code`,`nsc`.`bank_type`,`nsc`.`settlement_bank_account_name`,`nsc`.`settlement_bank_account_number`,`nsc`.`settlement_bank_name`,`nsc`.`settlement_bank_address`,`nsc`.`company_full_address`,`w`.`site_area_name` FROM `gxfc_shop_apply` `nsa` LEFT JOIN `gxfc_shop_cert` `nsc` ON `nsa`.`cert_id`=`nsc`.`cert_id` LEFT JOIN `gxfc_website` `w` ON `w`.`site_id`=`nsa`.`website_id` WHERE  `uid` = 78 LIMIT 1 [ RunTime:0.000736s ]
[2022-11-29T18:07:24+08:00][sql] SHOW FULL COLUMNS FROM `gxfc_customer_operational` [ RunTime:0.000577s ]
[2022-11-29T18:07:24+08:00][sql] SELECT `id` FROM `gxfc_customer_operational` WHERE  `member_id` = 2391 LIMIT 1 [ RunTime:0.000384s ]
[2022-11-29T18:07:24+08:00][sql] CONNECT:[ UseTime:0.000434s ] mysql:host=127.0.0.1;port=3306;dbname=hunqin;charset=utf8
[2022-11-29T18:07:24+08:00][sql] SHOW FULL COLUMNS FROM `gxfc_member` [ RunTime:0.000831s ]
[2022-11-29T18:07:24+08:00][sql] SELECT `member_id` FROM `gxfc_member` WHERE  `status` = 0 [ RunTime:0.000283s ]
[2022-11-29T18:07:24+08:00][sql] SELECT `member_id`,`source_member`,`fenxiao_id`,`is_fenxiao`,`username`,`nickname`,`mobile`,`email`,`password`,`status`,`headimg`,`member_level`,`member_level_name`,`member_label`,`member_label_name`,`qq`,`qq_openid`,`wx_openid`,`weapp_openid`,`wx_unionid`,`ali_openid`,`baidu_openid`,`toutiao_openid`,`douyin_openid`,`login_ip`,`login_type`,`login_time`,`last_login_ip`,`last_login_type`,`last_login_time`,`login_num`,`realname`,`sex`,`location`,`birthday`,`reg_time`,`point`,`balance`,`growth`,`balance_money`,`account5`,`is_auth`,`sign_time`,`sign_days_series`,`pay_password`,`order_money`,`order_complete_money`,`order_num`,`order_complete_num`,`balance_withdraw_apply`,`balance_withdraw`,`is_delete`,`login_type_name`,`hospital_id`,`is_commander`,`self_cl_id`,`hospital_name`,`self_leader_name`,`cl_id`,`is_fenxiao_order`,`expiration_time`,`start_time`,`is_fenxiao_charge` FROM `gxfc_member` WHERE  `member_id` = 2391 LIMIT 1 [ RunTime:0.000533s ]
[2022-11-29T18:07:24+08:00][sql] SHOW FULL COLUMNS FROM `gxfc_goods_cart` [ RunTime:0.000471s ]
[2022-11-29T18:07:24+08:00][sql] SELECT `gc`.`cart_id`,`gc`.`sku_id`,`gc`.`num` FROM `gxfc_goods_cart` `gc` LEFT JOIN `gxfc_goods_sku` `gs` ON `gc`.`sku_id`=`gs`.`sku_id` WHERE  `gc`.`member_id` = 2391 ORDER BY `cart_id` DESC [ RunTime:0.000308s ]
[2022-11-29T18:07:24+08:00][sql] CONNECT:[ UseTime:0.000431s ] mysql:host=127.0.0.1;port=3306;dbname=hunqin;charset=utf8
[2022-11-29T18:07:24+08:00][sql] SHOW FULL COLUMNS FROM `gxfc_member` [ RunTime:0.000866s ]
[2022-11-29T18:07:24+08:00][sql] SELECT `member_id` FROM `gxfc_member` WHERE  `status` = 0 [ RunTime:0.000300s ]
[2022-11-29T18:07:24+08:00][sql] SELECT `member_id`,`source_member`,`fenxiao_id`,`is_fenxiao`,`username`,`nickname`,`mobile`,`email`,`password`,`status`,`headimg`,`member_level`,`member_level_name`,`member_label`,`member_label_name`,`qq`,`qq_openid`,`wx_openid`,`weapp_openid`,`wx_unionid`,`ali_openid`,`baidu_openid`,`toutiao_openid`,`douyin_openid`,`login_ip`,`login_type`,`login_time`,`last_login_ip`,`last_login_type`,`last_login_time`,`login_num`,`realname`,`sex`,`location`,`birthday`,`reg_time`,`point`,`balance`,`growth`,`balance_money`,`account5`,`is_auth`,`sign_time`,`sign_days_series`,`pay_password`,`order_money`,`order_complete_money`,`order_num`,`order_complete_num`,`balance_withdraw_apply`,`balance_withdraw`,`is_delete`,`login_type_name`,`hospital_id`,`is_commander`,`self_cl_id`,`hospital_name`,`self_leader_name`,`cl_id`,`is_fenxiao_order`,`expiration_time`,`start_time`,`is_fenxiao_charge` FROM `gxfc_member` WHERE  `member_id` = 2391 LIMIT 1 [ RunTime:0.000542s ]
[2022-11-29T18:07:24+08:00][sql] SHOW FULL COLUMNS FROM `gxfc_order` [ RunTime:0.001116s ]
[2022-11-29T18:07:24+08:00][sql] SELECT COUNT(*) AS think_count FROM `gxfc_order` WHERE  `member_id` = 2391  AND `order_status` = 0 [ RunTime:0.000311s ]
[2022-11-29T18:07:24+08:00][sql] SELECT COUNT(*) AS think_count FROM `gxfc_order` WHERE  `member_id` = 2391  AND `order_status` = 1 [ RunTime:0.000330s ]
[2022-11-29T18:07:24+08:00][sql] SELECT COUNT(*) AS think_count FROM `gxfc_order` WHERE  `member_id` = 2391  AND `order_status` = 3 [ RunTime:0.000251s ]
[2022-11-29T18:07:24+08:00][sql] SELECT COUNT(*) AS think_count FROM `gxfc_order` WHERE  `member_id` = 2391  AND `order_status` IN (4,10)  AND `is_evaluate` = 1 [ RunTime:0.000278s ]
[2022-11-29T18:07:24+08:00][sql] SHOW FULL COLUMNS FROM `gxfc_order_goods` [ RunTime:0.000673s ]
[2022-11-29T18:07:24+08:00][sql] SELECT COUNT(*) AS think_count FROM `gxfc_order_goods` WHERE  `member_id` = 2391  AND `refund_status` IN (-1,1,2,4,5,6) [ RunTime:0.000894s ]
[2022-11-29T18:07:25+08:00][sql] CONNECT:[ UseTime:0.000446s ] mysql:host=127.0.0.1;port=3306;dbname=hunqin;charset=utf8
[2022-11-29T18:07:25+08:00][sql] SHOW FULL COLUMNS FROM `gxfc_member` [ RunTime:0.000904s ]
[2022-11-29T18:07:25+08:00][sql] SELECT `member_id`,`username`,`nickname`,`mobile`,`email`,`status`,`last_login_time` FROM `gxfc_member` WHERE  `weapp_openid` = 'oqyYV48VDItyo_0JQqAf39y6pu0Q'  AND `is_delete` = 0 LIMIT 1 [ RunTime:0.000440s ]
[2022-11-29T18:07:25+08:00][sql] UPDATE `gxfc_member`  SET `login_time` = 1669716445 , `login_type` = 'weapp' , `login_type_name` = '微信小程序' , `last_login_time` = 1669716445 , `login_ip` = '117.153.99.252'  WHERE  `member_id` = 2391 [ RunTime:0.007929s ]
[2022-11-29T18:07:25+08:00][sql] SELECT `username`,`mobile`,`email`,`reg_time`,`wx_openid`,`last_login_type`,`login_time` FROM `gxfc_member` WHERE  `member_id` = 2391  AND `is_delete` = 0 LIMIT 1 [ RunTime:0.000546s ]
[2022-11-29T18:07:25+08:00][sql] SHOW FULL COLUMNS FROM `gxfc_message_sms_records` [ RunTime:0.000711s ]
[2022-11-29T18:07:25+08:00][sql] INSERT INTO `gxfc_message_sms_records` SET `account` = '19171611512' , `status` = 0 , `addon` = '' , `addon_name` = '' , `content` = '' , `var_parse` = '{\"name\":\"\"}' , `keywords` = 'LOGIN' , `create_time` = 1669716445 , `send_time` = 0 , `result` = '没有可用的短信发送方式' , `keywords_name` = '会员登录' [ RunTime:0.014917s ]
[2022-11-29T18:07:25+08:00][sql] UPDATE `gxfc_member`  SET `weapp_openid` = ''  WHERE  `weapp_openid` = 'oqyYV48VDItyo_0JQqAf39y6pu0Q'  AND `is_delete` = 0 [ RunTime:0.009476s ]
[2022-11-29T18:07:25+08:00][sql] UPDATE `gxfc_member`  SET `weapp_openid` = 'oqyYV48VDItyo_0JQqAf39y6pu0Q'  WHERE  `member_id` = 2391  AND `is_delete` = 0 [ RunTime:0.011875s ]
[2022-11-29T18:07:25+08:00][sql] UPDATE `gxfc_member`  SET `wx_unionid` = ''  WHERE  `wx_unionid` = 'on2pR5yYxEnApBq4yLDs-VUp0NCw'  AND `is_delete` = 0 [ RunTime:0.017650s ]
[2022-11-29T18:07:25+08:00][sql] UPDATE `gxfc_member`  SET `wx_unionid` = 'on2pR5yYxEnApBq4yLDs-VUp0NCw'  WHERE  `member_id` = 2391  AND `is_delete` = 0 [ RunTime:0.010193s ]
[2022-11-29T18:07:25+08:00][sql] SHOW FULL COLUMNS FROM `gxfc_wechat_fans` [ RunTime:0.000794s ]
[2022-11-29T18:07:25+08:00][sql] SELECT `fans_id`,`nickname`,`nickname_decode`,`headimgurl`,`sex`,`language`,`country`,`province`,`city`,`district`,`openid`,`unionid`,`groupid`,`is_subscribe`,`remark`,`subscribe_time`,`subscribe_scene`,`unsubscribe_time`,`update_date`,`tagid_list`,`subscribe_scene_name`,`qr_scene`,`qr_scene_str` FROM `gxfc_wechat_fans` WHERE  `unionid` = 'on2pR5yYxEnApBq4yLDs-VUp0NCw' LIMIT 1 [ RunTime:0.000527s ]
[2022-11-29T18:07:25+08:00][sql] UPDATE `gxfc_member`  SET `wx_openid` = ''  WHERE  `wx_openid` = 'oa2ys55YSqbCM7u94Phjv3RRibfI'  AND `is_delete` = 0 [ RunTime:0.012225s ]
[2022-11-29T18:07:25+08:00][sql] UPDATE `gxfc_member`  SET `wx_openid` = 'oa2ys55YSqbCM7u94Phjv3RRibfI'  WHERE  `member_id` = 2391  AND `is_delete` = 0 [ RunTime:0.005963s ]
[2022-11-29T18:07:25+08:00][sql] CONNECT:[ UseTime:0.000512s ] mysql:host=127.0.0.1;port=3306;dbname=hunqin;charset=utf8
[2022-11-29T18:07:25+08:00][sql] SHOW FULL COLUMNS FROM `gxfc_goods_sku` [ RunTime:0.001292s ]
[2022-11-29T18:07:25+08:00][sql] SELECT COUNT(*) AS think_count FROM `gxfc_goods_sku` `gs` INNER JOIN `gxfc_goods` `g` ON `gs`.`sku_id`=`g`.`sku_id` INNER JOIN `gxfc_shop` `s` ON `s`.`site_id`=`gs`.`site_id` WHERE  `s`.`shop_status` = 1  AND `s`.`conceal` = 0  AND (`g`.`category_id` LIKE '%,30,%')  AND `gs`.`goods_state` = 1  AND `gs`.`verify_state` = 1  AND `gs`.`is_delete` = 0 ORDER BY `gs`.`sort` DESC [ RunTime:0.000831s ]
[2022-11-29T18:07:25+08:00][sql] SELECT `gs`.`goods_id`,`gs`.`sku_id`,`gs`.`sku_name`,`gs`.`price`,`gs`.`market_price`,`gs`.`discount_price`,`gs`.`stock`,`gs`.`sale_num`,`gs`.`sku_image`,`gs`.`goods_name`,`gs`.`site_id`,`gs`.`website_id`,`gs`.`is_own`,`gs`.`is_free_shipping`,`gs`.`introduction`,`gs`.`promotion_type`,`g`.`goods_image`,`g`.`site_name`,`gs`.`goods_spec_format`,`gs`.`is_virtual`,`gs`.`recommend_way`,`g`.`is_sale`,`gs`.`is_lease` FROM `gxfc_goods_sku` `gs` INNER JOIN `gxfc_goods` `g` ON `gs`.`sku_id`=`g`.`sku_id` INNER JOIN `gxfc_shop` `s` ON `s`.`site_id`=`gs`.`site_id` WHERE  `s`.`shop_status` = 1  AND `s`.`conceal` = 0  AND (`g`.`category_id` LIKE '%,30,%')  AND `gs`.`goods_state` = 1  AND `gs`.`verify_state` = 1  AND `gs`.`is_delete` = 0 ORDER BY `gs`.`sort` DESC LIMIT 20,10 [ RunTime:0.001112s ]
[2022-11-29T18:07:25+08:00][sql] CONNECT:[ UseTime:0.000365s ] mysql:host=127.0.0.1;port=3306;dbname=hunqin;charset=utf8
[2022-11-29T18:07:25+08:00][sql] SHOW FULL COLUMNS FROM `gxfc_member` [ RunTime:0.001049s ]
[2022-11-29T18:07:25+08:00][sql] SELECT `member_id` FROM `gxfc_member` WHERE  `status` = 0 [ RunTime:0.000348s ]
[2022-11-29T18:07:25+08:00][sql] CONNECT:[ UseTime:0.000295s ] mysql:host=127.0.0.1;port=3306;dbname=hunqin;charset=utf8
[2022-11-29T18:07:25+08:00][sql] SELECT `member_id`,`source_member`,`fenxiao_id`,`is_fenxiao`,`username`,`nickname`,`mobile`,`email`,`password`,`status`,`headimg`,`member_level`,`member_level_name`,`member_label`,`member_label_name`,`qq`,`qq_openid`,`wx_openid`,`weapp_openid`,`wx_unionid`,`ali_openid`,`baidu_openid`,`toutiao_openid`,`douyin_openid`,`login_ip`,`login_type`,`login_time`,`last_login_ip`,`last_login_type`,`last_login_time`,`login_num`,`realname`,`sex`,`location`,`birthday`,`reg_time`,`point`,`balance`,`growth`,`balance_money`,`account5`,`is_auth`,`sign_time`,`sign_days_series`,`pay_password`,`order_money`,`order_complete_money`,`order_num`,`order_complete_num`,`balance_withdraw_apply`,`balance_withdraw`,`is_delete`,`login_type_name`,`hospital_id`,`is_commander`,`self_cl_id`,`hospital_name`,`self_leader_name`,`cl_id`,`is_fenxiao_order`,`expiration_time`,`start_time`,`is_fenxiao_charge` FROM `gxfc_member` WHERE  `member_id` = 2391 LIMIT 1 [ RunTime:0.000942s ]
[2022-11-29T18:07:25+08:00][sql] SHOW FULL COLUMNS FROM `gxfc_member` [ RunTime:0.001049s ]
[2022-11-29T18:07:25+08:00][sql] SELECT `member_id`,`source_member`,`username`,`nickname`,`mobile`,`email`,`password`,`status`,`headimg`,`member_level`,`member_level_name`,`member_label`,`member_label_name`,`qq`,`qq_openid`,`wx_openid`,`wx_unionid`,`ali_openid`,`baidu_openid`,`toutiao_openid`,`douyin_openid`,`realname`,`sex`,`location`,`birthday`,`point`,`balance`,`balance_money`,`growth`,`sign_days_series`,`hospital_id`,`self_cl_id`,`hospital_name`,`start_time`,`expiration_time`,`is_fenxiao` FROM `gxfc_member` WHERE  `member_id` = 2391  AND `is_delete` = 0 LIMIT 1 [ RunTime:0.000466s ]
[2022-11-29T18:07:25+08:00][sql] SELECT `member_id` FROM `gxfc_member` WHERE  `status` = 0 [ RunTime:0.000297s ]
[2022-11-29T18:07:25+08:00][sql] SELECT `member_id`,`source_member`,`fenxiao_id`,`is_fenxiao`,`username`,`nickname`,`mobile`,`email`,`password`,`status`,`headimg`,`member_level`,`member_level_name`,`member_label`,`member_label_name`,`qq`,`qq_openid`,`wx_openid`,`weapp_openid`,`wx_unionid`,`ali_openid`,`baidu_openid`,`toutiao_openid`,`douyin_openid`,`login_ip`,`login_type`,`login_time`,`last_login_ip`,`last_login_type`,`last_login_time`,`login_num`,`realname`,`sex`,`location`,`birthday`,`reg_time`,`point`,`balance`,`growth`,`balance_money`,`account5`,`is_auth`,`sign_time`,`sign_days_series`,`pay_password`,`order_money`,`order_complete_money`,`order_num`,`order_complete_num`,`balance_withdraw_apply`,`balance_withdraw`,`is_delete`,`login_type_name`,`hospital_id`,`is_commander`,`self_cl_id`,`hospital_name`,`self_leader_name`,`cl_id`,`is_fenxiao_order`,`expiration_time`,`start_time`,`is_fenxiao_charge` FROM `gxfc_member` WHERE  `member_id` = 2391 LIMIT 1 [ RunTime:0.000542s ]
[2022-11-29T18:07:25+08:00][sql] SHOW FULL COLUMNS FROM `gxfc_goods_cart` [ RunTime:0.000525s ]
[2022-11-29T18:07:25+08:00][sql] SHOW FULL COLUMNS FROM `gxfc_user` [ RunTime:0.000491s ]
[2022-11-29T18:07:25+08:00][sql] SELECT `ngc`.`cart_id`,`ngc`.`site_id`,`ngc`.`member_id`,`ngc`.`sku_id`,`ngc`.`num`,`ngs`.`sku_name`,`ngs`.`sku_no`,`ngs`.`sku_spec_format`,`ngs`.`price`,`ngs`.`market_price`,`ngs`.`discount_price`,`ngs`.`promotion_type`,`ngs`.`stock`,`ngs`.`sku_image`,`ngs`.`site_name`,`ngs`.`website_id`,`ngs`.`is_own`,`ngs`.`goods_state`,`ngs`.`verify_state`,`ngs`.`goods_name`,`ngs`.`unit`,`s`.`shop_status`,`ngs`.`max_buy`,`ngs`.`min_buy` FROM `gxfc_goods_cart` `ngc` INNER JOIN `gxfc_goods_sku` `ngs` ON `ngc`.`sku_id`=`ngs`.`sku_id` INNER JOIN `gxfc_shop` `s` ON `s`.`site_id`=`ngc`.`site_id` WHERE  `ngc`.`member_id` = 2391 [ RunTime:0.000467s ]
[2022-11-29T18:07:25+08:00][sql] SELECT `uid`,`app_module`,`app_group`,`is_admin`,`site_id`,`group_id`,`group_name`,`username`,`password`,`member_id`,`create_time`,`update_time`,`status`,`login_time`,`login_ip` FROM `gxfc_user` WHERE  `member_id` = 2391 LIMIT 1 [ RunTime:0.000321s ]
[2022-11-29T18:07:25+08:00][sql] SHOW FULL COLUMNS FROM `gxfc_shop_apply` [ RunTime:0.000693s ]
[2022-11-29T18:07:25+08:00][sql] SELECT `nsa`.`apply_id`,`nsa`.`site_id`,`nsa`.`website_id`,`nsa`.`member_id`,`nsa`.`username`,`nsa`.`cert_id`,`nsa`.`shop_name`,`nsa`.`apply_state`,`nsa`.`apply_message`,`nsa`.`apply_year`,`nsa`.`category_name`,`nsa`.`category_id`,`nsa`.`group_name`,`nsa`.`group_id`,`nsa`.`paying_money_certificate`,`nsa`.`paying_money_certificate_explain`,`nsa`.`paying_deposit`,`nsa`.`paying_apply`,`nsa`.`paying_amount`,`nsa`.`create_time`,`nsa`.`audit_time`,`nsa`.`finish_time`,`nsc`.`cert_id`,`nsc`.`cert_type`,`nsc`.`company_name`,`nsc`.`company_province_id`,`nsc`.`company_city_id`,`nsc`.`company_district_id`,`nsc`.`company_address`,`nsc`.`contacts_name`,`nsc`.`contacts_mobile`,`nsc`.`contacts_card_no`,`nsc`.`contacts_card_electronic_1`,`nsc`.`contacts_card_electronic_2`,`nsc`.`contacts_card_electronic_3`,`nsc`.`business_licence_number`,`nsc`.`business_licence_number_electronic`,`nsc`.`business_sphere`,`nsc`.`taxpayer_id`,`nsc`.`general_taxpayer`,`nsc`.`tax_registration_certificate`,`nsc`.`tax_registration_certificate_electronic`,`nsc`.`bank_account_name`,`nsc`.`bank_account_number`,`nsc`.`bank_name`,`nsc`.`bank_address`,`nsc`.`bank_code`,`nsc`.`bank_type`,`nsc`.`settlement_bank_account_name`,`nsc`.`settlement_bank_account_number`,`nsc`.`settlement_bank_name`,`nsc`.`settlement_bank_address`,`nsc`.`company_full_address`,`w`.`site_area_name` FROM `gxfc_shop_apply` `nsa` LEFT JOIN `gxfc_shop_cert` `nsc` ON `nsa`.`cert_id`=`nsc`.`cert_id` LEFT JOIN `gxfc_website` `w` ON `w`.`site_id`=`nsa`.`website_id` WHERE  `uid` = 78 LIMIT 1 [ RunTime:0.000533s ]
[2022-11-29T18:07:25+08:00][sql] SHOW FULL COLUMNS FROM `gxfc_customer_operational` [ RunTime:0.000420s ]
[2022-11-29T18:07:25+08:00][sql] SELECT `id` FROM `gxfc_customer_operational` WHERE  `member_id` = 2391 LIMIT 1 [ RunTime:0.000240s ]
[2022-11-29T18:07:25+08:00][sql] CONNECT:[ UseTime:0.000415s ] mysql:host=127.0.0.1;port=3306;dbname=hunqin;charset=utf8
[2022-11-29T18:07:25+08:00][sql] SHOW FULL COLUMNS FROM `gxfc_member` [ RunTime:0.000922s ]
[2022-11-29T18:07:25+08:00][sql] SELECT `member_id` FROM `gxfc_member` WHERE  `status` = 0 [ RunTime:0.000357s ]
[2022-11-29T18:07:25+08:00][sql] SELECT `member_id`,`source_member`,`fenxiao_id`,`is_fenxiao`,`username`,`nickname`,`mobile`,`email`,`password`,`status`,`headimg`,`member_level`,`member_level_name`,`member_label`,`member_label_name`,`qq`,`qq_openid`,`wx_openid`,`weapp_openid`,`wx_unionid`,`ali_openid`,`baidu_openid`,`toutiao_openid`,`douyin_openid`,`login_ip`,`login_type`,`login_time`,`last_login_ip`,`last_login_type`,`last_login_time`,`login_num`,`realname`,`sex`,`location`,`birthday`,`reg_time`,`point`,`balance`,`growth`,`balance_money`,`account5`,`is_auth`,`sign_time`,`sign_days_series`,`pay_password`,`order_money`,`order_complete_money`,`order_num`,`order_complete_num`,`balance_withdraw_apply`,`balance_withdraw`,`is_delete`,`login_type_name`,`hospital_id`,`is_commander`,`self_cl_id`,`hospital_name`,`self_leader_name`,`cl_id`,`is_fenxiao_order`,`expiration_time`,`start_time`,`is_fenxiao_charge` FROM `gxfc_member` WHERE  `member_id` = 2391 LIMIT 1 [ RunTime:0.000567s ]
[2022-11-29T18:07:25+08:00][sql] SHOW FULL COLUMNS FROM `gxfc_goods_cart` [ RunTime:0.000554s ]
[2022-11-29T18:07:25+08:00][sql] SELECT `gc`.`cart_id`,`gc`.`sku_id`,`gc`.`num` FROM `gxfc_goods_cart` `gc` LEFT JOIN `gxfc_goods_sku` `gs` ON `gc`.`sku_id`=`gs`.`sku_id` WHERE  `gc`.`member_id` = 2391 ORDER BY `cart_id` DESC [ RunTime:0.000355s ]
[2022-11-29T18:07:25+08:00][sql] CONNECT:[ UseTime:0.000456s ] mysql:host=127.0.0.1;port=3306;dbname=hunqin;charset=utf8
[2022-11-29T18:07:25+08:00][sql] SHOW FULL COLUMNS FROM `gxfc_member` [ RunTime:0.000844s ]
[2022-11-29T18:07:25+08:00][sql] SELECT `member_id` FROM `gxfc_member` WHERE  `status` = 0 [ RunTime:0.000346s ]
[2022-11-29T18:07:25+08:00][sql] SELECT `member_id`,`source_member`,`fenxiao_id`,`is_fenxiao`,`username`,`nickname`,`mobile`,`email`,`password`,`status`,`headimg`,`member_level`,`member_level_name`,`member_label`,`member_label_name`,`qq`,`qq_openid`,`wx_openid`,`weapp_openid`,`wx_unionid`,`ali_openid`,`baidu_openid`,`toutiao_openid`,`douyin_openid`,`login_ip`,`login_type`,`login_time`,`last_login_ip`,`last_login_type`,`last_login_time`,`login_num`,`realname`,`sex`,`location`,`birthday`,`reg_time`,`point`,`balance`,`growth`,`balance_money`,`account5`,`is_auth`,`sign_time`,`sign_days_series`,`pay_password`,`order_money`,`order_complete_money`,`order_num`,`order_complete_num`,`balance_withdraw_apply`,`balance_withdraw`,`is_delete`,`login_type_name`,`hospital_id`,`is_commander`,`self_cl_id`,`hospital_name`,`self_leader_name`,`cl_id`,`is_fenxiao_order`,`expiration_time`,`start_time`,`is_fenxiao_charge` FROM `gxfc_member` WHERE  `member_id` = 2391 LIMIT 1 [ RunTime:0.000564s ]
[2022-11-29T18:07:25+08:00][sql] SHOW FULL COLUMNS FROM `gxfc_order` [ RunTime:0.001005s ]
[2022-11-29T18:07:25+08:00][sql] SELECT COUNT(*) AS think_count FROM `gxfc_order` WHERE  `member_id` = 2391  AND `order_status` = 0 [ RunTime:0.000302s ]
[2022-11-29T18:07:25+08:00][sql] SELECT COUNT(*) AS think_count FROM `gxfc_order` WHERE  `member_id` = 2391  AND `order_status` = 1 [ RunTime:0.000306s ]
[2022-11-29T18:07:25+08:00][sql] SELECT COUNT(*) AS think_count FROM `gxfc_order` WHERE  `member_id` = 2391  AND `order_status` = 3 [ RunTime:0.000311s ]
[2022-11-29T18:07:25+08:00][sql] SELECT COUNT(*) AS think_count FROM `gxfc_order` WHERE  `member_id` = 2391  AND `order_status` IN (4,10)  AND `is_evaluate` = 1 [ RunTime:0.000285s ]
[2022-11-29T18:07:25+08:00][sql] SHOW FULL COLUMNS FROM `gxfc_order_goods` [ RunTime:0.000712s ]
[2022-11-29T18:07:25+08:00][sql] SELECT COUNT(*) AS think_count FROM `gxfc_order_goods` WHERE  `member_id` = 2391  AND `refund_status` IN (-1,1,2,4,5,6) [ RunTime:0.000879s ]
[2022-11-29T18:07:29+08:00][sql] CONNECT:[ UseTime:0.000435s ] mysql:host=127.0.0.1;port=3306;dbname=hunqin;charset=utf8
[2022-11-29T18:07:29+08:00][sql] SHOW FULL COLUMNS FROM `gxfc_customer_operational` [ RunTime:0.000626s ]
[2022-11-29T18:07:29+08:00][sql] SELECT `a`.`counterpart_id`,`a`.`id`,`m`.`nickname` FROM `gxfc_customer_operational` `a` LEFT JOIN `gxfc_member` `m` ON `a`.`counterpart_id`=`m`.`member_id` WHERE  `a`.`member_id` = 2385 [ RunTime:0.000358s ]
[2022-11-29T18:07:29+08:00][sql] CONNECT:[ UseTime:0.000476s ] mysql:host=127.0.0.1;port=3306;dbname=hunqin;charset=utf8
[2022-11-29T18:07:29+08:00][sql] SHOW FULL COLUMNS FROM `gxfc_customer` [ RunTime:0.000934s ]
[2022-11-29T18:07:29+08:00][sql] SELECT * FROM `gxfc_customer` WHERE  `member_id` = 2385  AND (  FIND_IN_SET('45',personnel_id) ) LIMIT 0,10 [ RunTime:0.002014s ]
[2022-11-29T18:07:29+08:00][sql] SHOW FULL COLUMNS FROM `gxfc_customer_type` [ RunTime:0.000593s ]
[2022-11-29T18:07:29+08:00][sql] SELECT `type_name` FROM `gxfc_customer_type` WHERE  `id` = 1 LIMIT 1 [ RunTime:0.000276s ]
[2022-11-29T18:07:29+08:00][sql] SELECT `type_name` FROM `gxfc_customer_type` WHERE  `id` = 2 LIMIT 1 [ RunTime:0.000250s ]
[2022-11-29T18:07:29+08:00][sql] SELECT `type_name` FROM `gxfc_customer_type` WHERE  `id` = 1 LIMIT 1 [ RunTime:0.000260s ]
[2022-11-29T18:07:29+08:00][sql] SELECT `type_name` FROM `gxfc_customer_type` WHERE  `id` = 14 LIMIT 1 [ RunTime:0.000261s ]
[2022-11-29T18:07:33+08:00][sql] CONNECT:[ UseTime:0.000468s ] mysql:host=127.0.0.1;port=3306;dbname=hunqin;charset=utf8
[2022-11-29T18:07:33+08:00][sql] SHOW FULL COLUMNS FROM `gxfc_customer` [ RunTime:0.001070s ]
[2022-11-29T18:07:33+08:00][sql] SELECT * FROM `gxfc_customer` WHERE  `member_id` = 2385  AND (  FIND_IN_SET('45',personnel_id) ) LIMIT 0,10 [ RunTime:0.001326s ]
[2022-11-29T18:07:33+08:00][sql] SHOW FULL COLUMNS FROM `gxfc_customer_type` [ RunTime:0.000573s ]
[2022-11-29T18:07:33+08:00][sql] SELECT `type_name` FROM `gxfc_customer_type` WHERE  `id` = 1 LIMIT 1 [ RunTime:0.000337s ]
[2022-11-29T18:07:33+08:00][sql] SELECT `type_name` FROM `gxfc_customer_type` WHERE  `id` = 2 LIMIT 1 [ RunTime:0.000269s ]
[2022-11-29T18:07:33+08:00][sql] SELECT `type_name` FROM `gxfc_customer_type` WHERE  `id` = 1 LIMIT 1 [ RunTime:0.000256s ]
[2022-11-29T18:07:33+08:00][sql] SELECT `type_name` FROM `gxfc_customer_type` WHERE  `id` = 14 LIMIT 1 [ RunTime:0.000272s ]
[2022-11-29T18:07:41+08:00][sql] CONNECT:[ UseTime:0.000428s ] mysql:host=127.0.0.1;port=3306;dbname=hunqin;charset=utf8
[2022-11-29T18:07:41+08:00][sql] SHOW FULL COLUMNS FROM `gxfc_member` [ RunTime:0.000866s ]
[2022-11-29T18:07:41+08:00][sql] SELECT `member_id` FROM `gxfc_member` WHERE  `status` = 0 [ RunTime:0.000307s ]
[2022-11-29T18:07:41+08:00][sql] SELECT `member_id`,`source_member`,`fenxiao_id`,`is_fenxiao`,`username`,`nickname`,`mobile`,`email`,`password`,`status`,`headimg`,`member_level`,`member_level_name`,`member_label`,`member_label_name`,`qq`,`qq_openid`,`wx_openid`,`weapp_openid`,`wx_unionid`,`ali_openid`,`baidu_openid`,`toutiao_openid`,`douyin_openid`,`login_ip`,`login_type`,`login_time`,`last_login_ip`,`last_login_type`,`last_login_time`,`login_num`,`realname`,`sex`,`location`,`birthday`,`reg_time`,`point`,`balance`,`growth`,`balance_money`,`account5`,`is_auth`,`sign_time`,`sign_days_series`,`pay_password`,`order_money`,`order_complete_money`,`order_num`,`order_complete_num`,`balance_withdraw_apply`,`balance_withdraw`,`is_delete`,`login_type_name`,`hospital_id`,`is_commander`,`self_cl_id`,`hospital_name`,`self_leader_name`,`cl_id`,`is_fenxiao_order`,`expiration_time`,`start_time`,`is_fenxiao_charge` FROM `gxfc_member` WHERE  `member_id` = 2391 LIMIT 1 [ RunTime:0.000561s ]
[2022-11-29T18:07:41+08:00][sql] SELECT `member_id`,`source_member`,`username`,`nickname`,`mobile`,`email`,`password`,`status`,`headimg`,`member_level`,`member_level_name`,`member_label`,`member_label_name`,`qq`,`qq_openid`,`wx_openid`,`wx_unionid`,`ali_openid`,`baidu_openid`,`toutiao_openid`,`douyin_openid`,`realname`,`sex`,`location`,`birthday`,`point`,`balance`,`balance_money`,`growth`,`sign_days_series`,`hospital_id`,`self_cl_id`,`hospital_name`,`start_time`,`expiration_time`,`is_fenxiao` FROM `gxfc_member` WHERE  `member_id` = 2391  AND `is_delete` = 0 LIMIT 1 [ RunTime:0.000466s ]
[2022-11-29T18:07:41+08:00][sql] SHOW FULL COLUMNS FROM `gxfc_user` [ RunTime:0.000650s ]
[2022-11-29T18:07:41+08:00][sql] SELECT `uid`,`app_module`,`app_group`,`is_admin`,`site_id`,`group_id`,`group_name`,`username`,`password`,`member_id`,`create_time`,`update_time`,`status`,`login_time`,`login_ip` FROM `gxfc_user` WHERE  `member_id` = 2391 LIMIT 1 [ RunTime:0.000302s ]
[2022-11-29T18:07:41+08:00][sql] SHOW FULL COLUMNS FROM `gxfc_shop_apply` [ RunTime:0.005657s ]
[2022-11-29T18:07:41+08:00][sql] SELECT `nsa`.`apply_id`,`nsa`.`site_id`,`nsa`.`website_id`,`nsa`.`member_id`,`nsa`.`username`,`nsa`.`cert_id`,`nsa`.`shop_name`,`nsa`.`apply_state`,`nsa`.`apply_message`,`nsa`.`apply_year`,`nsa`.`category_name`,`nsa`.`category_id`,`nsa`.`group_name`,`nsa`.`group_id`,`nsa`.`paying_money_certificate`,`nsa`.`paying_money_certificate_explain`,`nsa`.`paying_deposit`,`nsa`.`paying_apply`,`nsa`.`paying_amount`,`nsa`.`create_time`,`nsa`.`audit_time`,`nsa`.`finish_time`,`nsc`.`cert_id`,`nsc`.`cert_type`,`nsc`.`company_name`,`nsc`.`company_province_id`,`nsc`.`company_city_id`,`nsc`.`company_district_id`,`nsc`.`company_address`,`nsc`.`contacts_name`,`nsc`.`contacts_mobile`,`nsc`.`contacts_card_no`,`nsc`.`contacts_card_electronic_1`,`nsc`.`contacts_card_electronic_2`,`nsc`.`contacts_card_electronic_3`,`nsc`.`business_licence_number`,`nsc`.`business_licence_number_electronic`,`nsc`.`business_sphere`,`nsc`.`taxpayer_id`,`nsc`.`general_taxpayer`,`nsc`.`tax_registration_certificate`,`nsc`.`tax_registration_certificate_electronic`,`nsc`.`bank_account_name`,`nsc`.`bank_account_number`,`nsc`.`bank_name`,`nsc`.`bank_address`,`nsc`.`bank_code`,`nsc`.`bank_type`,`nsc`.`settlement_bank_account_name`,`nsc`.`settlement_bank_account_number`,`nsc`.`settlement_bank_name`,`nsc`.`settlement_bank_address`,`nsc`.`company_full_address`,`w`.`site_area_name` FROM `gxfc_shop_apply` `nsa` LEFT JOIN `gxfc_shop_cert` `nsc` ON `nsa`.`cert_id`=`nsc`.`cert_id` LEFT JOIN `gxfc_website` `w` ON `w`.`site_id`=`nsa`.`website_id` WHERE  `uid` = 78 LIMIT 1 [ RunTime:0.000639s ]
[2022-11-29T18:07:41+08:00][sql] SHOW FULL COLUMNS FROM `gxfc_customer_operational` [ RunTime:0.000502s ]
[2022-11-29T18:07:41+08:00][sql] SELECT `id` FROM `gxfc_customer_operational` WHERE  `member_id` = 2391 LIMIT 1 [ RunTime:0.000277s ]
[2022-11-29T18:07:41+08:00][sql] CONNECT:[ UseTime:0.000458s ] mysql:host=127.0.0.1;port=3306;dbname=hunqin;charset=utf8
[2022-11-29T18:07:41+08:00][sql] SHOW FULL COLUMNS FROM `gxfc_member` [ RunTime:0.001108s ]
[2022-11-29T18:07:41+08:00][sql] SELECT `member_id` FROM `gxfc_member` WHERE  `status` = 0 [ RunTime:0.000358s ]
[2022-11-29T18:07:41+08:00][sql] SELECT `member_id`,`source_member`,`fenxiao_id`,`is_fenxiao`,`username`,`nickname`,`mobile`,`email`,`password`,`status`,`headimg`,`member_level`,`member_level_name`,`member_label`,`member_label_name`,`qq`,`qq_openid`,`wx_openid`,`weapp_openid`,`wx_unionid`,`ali_openid`,`baidu_openid`,`toutiao_openid`,`douyin_openid`,`login_ip`,`login_type`,`login_time`,`last_login_ip`,`last_login_type`,`last_login_time`,`login_num`,`realname`,`sex`,`location`,`birthday`,`reg_time`,`point`,`balance`,`growth`,`balance_money`,`account5`,`is_auth`,`sign_time`,`sign_days_series`,`pay_password`,`order_money`,`order_complete_money`,`order_num`,`order_complete_num`,`balance_withdraw_apply`,`balance_withdraw`,`is_delete`,`login_type_name`,`hospital_id`,`is_commander`,`self_cl_id`,`hospital_name`,`self_leader_name`,`cl_id`,`is_fenxiao_order`,`expiration_time`,`start_time`,`is_fenxiao_charge` FROM `gxfc_member` WHERE  `member_id` = 2391 LIMIT 1 [ RunTime:0.000740s ]
[2022-11-29T18:07:41+08:00][sql] SHOW FULL COLUMNS FROM `gxfc_order` [ RunTime:0.001007s ]
[2022-11-29T18:07:41+08:00][sql] SELECT COUNT(*) AS think_count FROM `gxfc_order` WHERE  `member_id` = 2391  AND `order_status` = 0 [ RunTime:0.000309s ]
[2022-11-29T18:07:41+08:00][sql] SELECT COUNT(*) AS think_count FROM `gxfc_order` WHERE  `member_id` = 2391  AND `order_status` = 1 [ RunTime:0.000276s ]
[2022-11-29T18:07:41+08:00][sql] SELECT COUNT(*) AS think_count FROM `gxfc_order` WHERE  `member_id` = 2391  AND `order_status` = 3 [ RunTime:0.000270s ]
[2022-11-29T18:07:41+08:00][sql] SELECT COUNT(*) AS think_count FROM `gxfc_order` WHERE  `member_id` = 2391  AND `order_status` IN (4,10)  AND `is_evaluate` = 1 [ RunTime:0.000307s ]
[2022-11-29T18:07:41+08:00][sql] SHOW FULL COLUMNS FROM `gxfc_order_goods` [ RunTime:0.000683s ]
[2022-11-29T18:07:41+08:00][sql] SELECT COUNT(*) AS think_count FROM `gxfc_order_goods` WHERE  `member_id` = 2391  AND `refund_status` IN (-1,1,2,4,5,6) [ RunTime:0.000888s ]
[2022-11-29T18:07:44+08:00][sql] CONNECT:[ UseTime:0.000409s ] mysql:host=127.0.0.1;port=3306;dbname=hunqin;charset=utf8
[2022-11-29T18:07:44+08:00][sql] SHOW FULL COLUMNS FROM `gxfc_member` [ RunTime:0.000819s ]
[2022-11-29T18:07:44+08:00][sql] SELECT `member_id` FROM `gxfc_member` WHERE  `status` = 0 [ RunTime:0.000325s ]
[2022-11-29T18:07:44+08:00][sql] SELECT `member_id`,`source_member`,`fenxiao_id`,`is_fenxiao`,`username`,`nickname`,`mobile`,`email`,`password`,`status`,`headimg`,`member_level`,`member_level_name`,`member_label`,`member_label_name`,`qq`,`qq_openid`,`wx_openid`,`weapp_openid`,`wx_unionid`,`ali_openid`,`baidu_openid`,`toutiao_openid`,`douyin_openid`,`login_ip`,`login_type`,`login_time`,`last_login_ip`,`last_login_type`,`last_login_time`,`login_num`,`realname`,`sex`,`location`,`birthday`,`reg_time`,`point`,`balance`,`growth`,`balance_money`,`account5`,`is_auth`,`sign_time`,`sign_days_series`,`pay_password`,`order_money`,`order_complete_money`,`order_num`,`order_complete_num`,`balance_withdraw_apply`,`balance_withdraw`,`is_delete`,`login_type_name`,`hospital_id`,`is_commander`,`self_cl_id`,`hospital_name`,`self_leader_name`,`cl_id`,`is_fenxiao_order`,`expiration_time`,`start_time`,`is_fenxiao_charge` FROM `gxfc_member` WHERE  `member_id` = 2391 LIMIT 1 [ RunTime:0.000498s ]
[2022-11-29T18:07:44+08:00][sql] SHOW FULL COLUMNS FROM `gxfc_customer_operational` [ RunTime:0.000438s ]
[2022-11-29T18:07:44+08:00][sql] SELECT COUNT(*) AS think_count FROM `gxfc_customer_operational` `a` LEFT JOIN `gxfc_member` `m` ON `a`.`member_id`=`m`.`member_id` WHERE  `a`.`counterpart_id` = 2391 [ RunTime:0.000309s ]
[2022-11-29T18:07:44+08:00][sql] SELECT `a`.*,`m`.`headimg` FROM `gxfc_customer_operational` `a` LEFT JOIN `gxfc_member` `m` ON `a`.`member_id`=`m`.`member_id` WHERE  `a`.`counterpart_id` = 2391 LIMIT 0,10 [ RunTime:0.000273s ]
[2022-11-29T18:07:45+08:00][sql] CONNECT:[ UseTime:0.000440s ] mysql:host=127.0.0.1;port=3306;dbname=hunqin;charset=utf8
[2022-11-29T18:07:45+08:00][sql] SHOW FULL COLUMNS FROM `gxfc_member` [ RunTime:0.000908s ]
[2022-11-29T18:07:45+08:00][sql] SELECT `member_id` FROM `gxfc_member` WHERE  `status` = 0 [ RunTime:0.000303s ]
[2022-11-29T18:07:45+08:00][sql] SELECT `member_id`,`source_member`,`fenxiao_id`,`is_fenxiao`,`username`,`nickname`,`mobile`,`email`,`password`,`status`,`headimg`,`member_level`,`member_level_name`,`member_label`,`member_label_name`,`qq`,`qq_openid`,`wx_openid`,`weapp_openid`,`wx_unionid`,`ali_openid`,`baidu_openid`,`toutiao_openid`,`douyin_openid`,`login_ip`,`login_type`,`login_time`,`last_login_ip`,`last_login_type`,`last_login_time`,`login_num`,`realname`,`sex`,`location`,`birthday`,`reg_time`,`point`,`balance`,`growth`,`balance_money`,`account5`,`is_auth`,`sign_time`,`sign_days_series`,`pay_password`,`order_money`,`order_complete_money`,`order_num`,`order_complete_num`,`balance_withdraw_apply`,`balance_withdraw`,`is_delete`,`login_type_name`,`hospital_id`,`is_commander`,`self_cl_id`,`hospital_name`,`self_leader_name`,`cl_id`,`is_fenxiao_order`,`expiration_time`,`start_time`,`is_fenxiao_charge` FROM `gxfc_member` WHERE  `member_id` = 2391 LIMIT 1 [ RunTime:0.000583s ]
[2022-11-29T18:07:45+08:00][sql] SELECT `member_id`,`source_member`,`username`,`nickname`,`mobile`,`email`,`password`,`status`,`headimg`,`member_level`,`member_level_name`,`member_label`,`member_label_name`,`qq`,`qq_openid`,`wx_openid`,`wx_unionid`,`ali_openid`,`baidu_openid`,`toutiao_openid`,`douyin_openid`,`realname`,`sex`,`location`,`birthday`,`point`,`balance`,`balance_money`,`growth`,`sign_days_series`,`hospital_id`,`self_cl_id`,`hospital_name`,`start_time`,`expiration_time`,`is_fenxiao` FROM `gxfc_member` WHERE  `member_id` = 2391  AND `is_delete` = 0 LIMIT 1 [ RunTime:0.000414s ]
[2022-11-29T18:07:45+08:00][sql] SHOW FULL COLUMNS FROM `gxfc_user` [ RunTime:0.000558s ]
[2022-11-29T18:07:45+08:00][sql] SELECT `uid`,`app_module`,`app_group`,`is_admin`,`site_id`,`group_id`,`group_name`,`username`,`password`,`member_id`,`create_time`,`update_time`,`status`,`login_time`,`login_ip` FROM `gxfc_user` WHERE  `member_id` = 2391 LIMIT 1 [ RunTime:0.000308s ]
[2022-11-29T18:07:45+08:00][sql] SHOW FULL COLUMNS FROM `gxfc_shop_apply` [ RunTime:0.000512s ]
[2022-11-29T18:07:45+08:00][sql] SELECT `nsa`.`apply_id`,`nsa`.`site_id`,`nsa`.`website_id`,`nsa`.`member_id`,`nsa`.`username`,`nsa`.`cert_id`,`nsa`.`shop_name`,`nsa`.`apply_state`,`nsa`.`apply_message`,`nsa`.`apply_year`,`nsa`.`category_name`,`nsa`.`category_id`,`nsa`.`group_name`,`nsa`.`group_id`,`nsa`.`paying_money_certificate`,`nsa`.`paying_money_certificate_explain`,`nsa`.`paying_deposit`,`nsa`.`paying_apply`,`nsa`.`paying_amount`,`nsa`.`create_time`,`nsa`.`audit_time`,`nsa`.`finish_time`,`nsc`.`cert_id`,`nsc`.`cert_type`,`nsc`.`company_name`,`nsc`.`company_province_id`,`nsc`.`company_city_id`,`nsc`.`company_district_id`,`nsc`.`company_address`,`nsc`.`contacts_name`,`nsc`.`contacts_mobile`,`nsc`.`contacts_card_no`,`nsc`.`contacts_card_electronic_1`,`nsc`.`contacts_card_electronic_2`,`nsc`.`contacts_card_electronic_3`,`nsc`.`business_licence_number`,`nsc`.`business_licence_number_electronic`,`nsc`.`business_sphere`,`nsc`.`taxpayer_id`,`nsc`.`general_taxpayer`,`nsc`.`tax_registration_certificate`,`nsc`.`tax_registration_certificate_electronic`,`nsc`.`bank_account_name`,`nsc`.`bank_account_number`,`nsc`.`bank_name`,`nsc`.`bank_address`,`nsc`.`bank_code`,`nsc`.`bank_type`,`nsc`.`settlement_bank_account_name`,`nsc`.`settlement_bank_account_number`,`nsc`.`settlement_bank_name`,`nsc`.`settlement_bank_address`,`nsc`.`company_full_address`,`w`.`site_area_name` FROM `gxfc_shop_apply` `nsa` LEFT JOIN `gxfc_shop_cert` `nsc` ON `nsa`.`cert_id`=`nsc`.`cert_id` LEFT JOIN `gxfc_website` `w` ON `w`.`site_id`=`nsa`.`website_id` WHERE  `uid` = 78 LIMIT 1 [ RunTime:0.000508s ]
[2022-11-29T18:07:45+08:00][sql] SHOW FULL COLUMNS FROM `gxfc_customer_operational` [ RunTime:0.000425s ]
[2022-11-29T18:07:45+08:00][sql] SELECT `id` FROM `gxfc_customer_operational` WHERE  `member_id` = 2391 LIMIT 1 [ RunTime:0.000217s ]
[2022-11-29T18:07:45+08:00][sql] CONNECT:[ UseTime:0.000477s ] mysql:host=127.0.0.1;port=3306;dbname=hunqin;charset=utf8
[2022-11-29T18:07:45+08:00][sql] SHOW FULL COLUMNS FROM `gxfc_member` [ RunTime:0.000857s ]
[2022-11-29T18:07:45+08:00][sql] SELECT `member_id` FROM `gxfc_member` WHERE  `status` = 0 [ RunTime:0.000291s ]
[2022-11-29T18:07:45+08:00][sql] SELECT `member_id`,`source_member`,`fenxiao_id`,`is_fenxiao`,`username`,`nickname`,`mobile`,`email`,`password`,`status`,`headimg`,`member_level`,`member_level_name`,`member_label`,`member_label_name`,`qq`,`qq_openid`,`wx_openid`,`weapp_openid`,`wx_unionid`,`ali_openid`,`baidu_openid`,`toutiao_openid`,`douyin_openid`,`login_ip`,`login_type`,`login_time`,`last_login_ip`,`last_login_type`,`last_login_time`,`login_num`,`realname`,`sex`,`location`,`birthday`,`reg_time`,`point`,`balance`,`growth`,`balance_money`,`account5`,`is_auth`,`sign_time`,`sign_days_series`,`pay_password`,`order_money`,`order_complete_money`,`order_num`,`order_complete_num`,`balance_withdraw_apply`,`balance_withdraw`,`is_delete`,`login_type_name`,`hospital_id`,`is_commander`,`self_cl_id`,`hospital_name`,`self_leader_name`,`cl_id`,`is_fenxiao_order`,`expiration_time`,`start_time`,`is_fenxiao_charge` FROM `gxfc_member` WHERE  `member_id` = 2391 LIMIT 1 [ RunTime:0.000497s ]
[2022-11-29T18:07:45+08:00][sql] SHOW FULL COLUMNS FROM `gxfc_order` [ RunTime:0.001032s ]
[2022-11-29T18:07:45+08:00][sql] SELECT COUNT(*) AS think_count FROM `gxfc_order` WHERE  `member_id` = 2391  AND `order_status` = 0 [ RunTime:0.000442s ]
[2022-11-29T18:07:45+08:00][sql] SELECT COUNT(*) AS think_count FROM `gxfc_order` WHERE  `member_id` = 2391  AND `order_status` = 1 [ RunTime:0.000289s ]
[2022-11-29T18:07:45+08:00][sql] SELECT COUNT(*) AS think_count FROM `gxfc_order` WHERE  `member_id` = 2391  AND `order_status` = 3 [ RunTime:0.000267s ]
[2022-11-29T18:07:45+08:00][sql] SELECT COUNT(*) AS think_count FROM `gxfc_order` WHERE  `member_id` = 2391  AND `order_status` IN (4,10)  AND `is_evaluate` = 1 [ RunTime:0.000282s ]
[2022-11-29T18:07:45+08:00][sql] SHOW FULL COLUMNS FROM `gxfc_order_goods` [ RunTime:0.000662s ]
[2022-11-29T18:07:45+08:00][sql] SELECT COUNT(*) AS think_count FROM `gxfc_order_goods` WHERE  `member_id` = 2391  AND `refund_status` IN (-1,1,2,4,5,6) [ RunTime:0.001279s ]
[2022-11-29T18:07:46+08:00][sql] CONNECT:[ UseTime:0.000456s ] mysql:host=127.0.0.1;port=3306;dbname=hunqin;charset=utf8
[2022-11-29T18:07:46+08:00][sql] SHOW FULL COLUMNS FROM `gxfc_customer_type` [ RunTime:0.000800s ]
[2022-11-29T18:07:46+08:00][sql] SELECT `id`,`type_name`,`is_show`,`sort` FROM `gxfc_customer_type` [ RunTime:0.000300s ]
[2022-11-29T18:07:46+08:00][sql] CONNECT:[ UseTime:0.000704s ] mysql:host=127.0.0.1;port=3306;dbname=hunqin;charset=utf8
[2022-11-29T18:07:46+08:00][sql] SHOW FULL COLUMNS FROM `gxfc_member` [ RunTime:0.000973s ]
[2022-11-29T18:07:46+08:00][sql] SELECT `member_id` FROM `gxfc_member` WHERE  `status` = 0 [ RunTime:0.000316s ]
[2022-11-29T18:07:46+08:00][sql] SELECT `member_id`,`source_member`,`fenxiao_id`,`is_fenxiao`,`username`,`nickname`,`mobile`,`email`,`password`,`status`,`headimg`,`member_level`,`member_level_name`,`member_label`,`member_label_name`,`qq`,`qq_openid`,`wx_openid`,`weapp_openid`,`wx_unionid`,`ali_openid`,`baidu_openid`,`toutiao_openid`,`douyin_openid`,`login_ip`,`login_type`,`login_time`,`last_login_ip`,`last_login_type`,`last_login_time`,`login_num`,`realname`,`sex`,`location`,`birthday`,`reg_time`,`point`,`balance`,`growth`,`balance_money`,`account5`,`is_auth`,`sign_time`,`sign_days_series`,`pay_password`,`order_money`,`order_complete_money`,`order_num`,`order_complete_num`,`balance_withdraw_apply`,`balance_withdraw`,`is_delete`,`login_type_name`,`hospital_id`,`is_commander`,`self_cl_id`,`hospital_name`,`self_leader_name`,`cl_id`,`is_fenxiao_order`,`expiration_time`,`start_time`,`is_fenxiao_charge` FROM `gxfc_member` WHERE  `member_id` = 2391 LIMIT 1 [ RunTime:0.000484s ]
[2022-11-29T18:07:46+08:00][sql] SELECT `member_level`,`expiration_time` FROM `gxfc_member` WHERE  `member_id` = 2391 LIMIT 1 [ RunTime:0.000263s ]
[2022-11-29T18:07:46+08:00][sql] SHOW FULL COLUMNS FROM `gxfc_customer` [ RunTime:0.000493s ]
[2022-11-29T18:07:46+08:00][sql] SELECT COUNT(*) AS think_count FROM `gxfc_customer` `a` WHERE  `member_id` = 2391 ORDER BY `create_time` DESC [ RunTime:0.000452s ]
[2022-11-29T18:07:46+08:00][sql] SELECT * FROM `gxfc_customer` `a` WHERE  `member_id` = 2391 ORDER BY `create_time` DESC LIMIT 0,10 [ RunTime:0.000524s ]
[2022-11-29T18:07:46+08:00][sql] SHOW FULL COLUMNS FROM `gxfc_customer_type` [ RunTime:0.000417s ]
[2022-11-29T18:07:46+08:00][sql] SELECT `id`,`type_name`,`is_show`,`sort` FROM `gxfc_customer_type` WHERE  `id` = 2 LIMIT 1 [ RunTime:0.000218s ]
[2022-11-29T18:07:46+08:00][sql] SHOW FULL COLUMNS FROM `gxfc_customer_operational` [ RunTime:0.000388s ]
[2022-11-29T18:07:46+08:00][sql] SELECT `id`,`name`,`moblile`,`member_id`,`site_id`,`is_type`,`counterpart_id` FROM `gxfc_customer_operational` WHERE  `id` IN (98,99,100) [ RunTime:0.000255s ]
[2022-11-29T18:07:48+08:00][sql] CONNECT:[ UseTime:0.000397s ] mysql:host=127.0.0.1;port=3306;dbname=hunqin;charset=utf8
[2022-11-29T18:07:48+08:00][sql] SHOW FULL COLUMNS FROM `gxfc_member` [ RunTime:0.000951s ]
[2022-11-29T18:07:48+08:00][sql] SELECT `member_id` FROM `gxfc_member` WHERE  `status` = 0 [ RunTime:0.000311s ]
[2022-11-29T18:07:48+08:00][sql] SELECT `member_id`,`source_member`,`fenxiao_id`,`is_fenxiao`,`username`,`nickname`,`mobile`,`email`,`password`,`status`,`headimg`,`member_level`,`member_level_name`,`member_label`,`member_label_name`,`qq`,`qq_openid`,`wx_openid`,`weapp_openid`,`wx_unionid`,`ali_openid`,`baidu_openid`,`toutiao_openid`,`douyin_openid`,`login_ip`,`login_type`,`login_time`,`last_login_ip`,`last_login_type`,`last_login_time`,`login_num`,`realname`,`sex`,`location`,`birthday`,`reg_time`,`point`,`balance`,`growth`,`balance_money`,`account5`,`is_auth`,`sign_time`,`sign_days_series`,`pay_password`,`order_money`,`order_complete_money`,`order_num`,`order_complete_num`,`balance_withdraw_apply`,`balance_withdraw`,`is_delete`,`login_type_name`,`hospital_id`,`is_commander`,`self_cl_id`,`hospital_name`,`self_leader_name`,`cl_id`,`is_fenxiao_order`,`expiration_time`,`start_time`,`is_fenxiao_charge` FROM `gxfc_member` WHERE  `member_id` = 2391 LIMIT 1 [ RunTime:0.000557s ]
[2022-11-29T18:07:48+08:00][sql] SELECT `member_id`,`source_member`,`username`,`nickname`,`mobile`,`email`,`password`,`status`,`headimg`,`member_level`,`member_level_name`,`member_label`,`member_label_name`,`qq`,`qq_openid`,`wx_openid`,`wx_unionid`,`ali_openid`,`baidu_openid`,`toutiao_openid`,`douyin_openid`,`realname`,`sex`,`location`,`birthday`,`point`,`balance`,`balance_money`,`growth`,`sign_days_series`,`hospital_id`,`self_cl_id`,`hospital_name`,`start_time`,`expiration_time`,`is_fenxiao` FROM `gxfc_member` WHERE  `member_id` = 2391  AND `is_delete` = 0 LIMIT 1 [ RunTime:0.000360s ]
[2022-11-29T18:07:48+08:00][sql] SHOW FULL COLUMNS FROM `gxfc_user` [ RunTime:0.000584s ]
[2022-11-29T18:07:48+08:00][sql] SELECT `uid`,`app_module`,`app_group`,`is_admin`,`site_id`,`group_id`,`group_name`,`username`,`password`,`member_id`,`create_time`,`update_time`,`status`,`login_time`,`login_ip` FROM `gxfc_user` WHERE  `member_id` = 2391 LIMIT 1 [ RunTime:0.000300s ]
[2022-11-29T18:07:48+08:00][sql] SHOW FULL COLUMNS FROM `gxfc_shop_apply` [ RunTime:0.000509s ]
[2022-11-29T18:07:48+08:00][sql] SELECT `nsa`.`apply_id`,`nsa`.`site_id`,`nsa`.`website_id`,`nsa`.`member_id`,`nsa`.`username`,`nsa`.`cert_id`,`nsa`.`shop_name`,`nsa`.`apply_state`,`nsa`.`apply_message`,`nsa`.`apply_year`,`nsa`.`category_name`,`nsa`.`category_id`,`nsa`.`group_name`,`nsa`.`group_id`,`nsa`.`paying_money_certificate`,`nsa`.`paying_money_certificate_explain`,`nsa`.`paying_deposit`,`nsa`.`paying_apply`,`nsa`.`paying_amount`,`nsa`.`create_time`,`nsa`.`audit_time`,`nsa`.`finish_time`,`nsc`.`cert_id`,`nsc`.`cert_type`,`nsc`.`company_name`,`nsc`.`company_province_id`,`nsc`.`company_city_id`,`nsc`.`company_district_id`,`nsc`.`company_address`,`nsc`.`contacts_name`,`nsc`.`contacts_mobile`,`nsc`.`contacts_card_no`,`nsc`.`contacts_card_electronic_1`,`nsc`.`contacts_card_electronic_2`,`nsc`.`contacts_card_electronic_3`,`nsc`.`business_licence_number`,`nsc`.`business_licence_number_electronic`,`nsc`.`business_sphere`,`nsc`.`taxpayer_id`,`nsc`.`general_taxpayer`,`nsc`.`tax_registration_certificate`,`nsc`.`tax_registration_certificate_electronic`,`nsc`.`bank_account_name`,`nsc`.`bank_account_number`,`nsc`.`bank_name`,`nsc`.`bank_address`,`nsc`.`bank_code`,`nsc`.`bank_type`,`nsc`.`settlement_bank_account_name`,`nsc`.`settlement_bank_account_number`,`nsc`.`settlement_bank_name`,`nsc`.`settlement_bank_address`,`nsc`.`company_full_address`,`w`.`site_area_name` FROM `gxfc_shop_apply` `nsa` LEFT JOIN `gxfc_shop_cert` `nsc` ON `nsa`.`cert_id`=`nsc`.`cert_id` LEFT JOIN `gxfc_website` `w` ON `w`.`site_id`=`nsa`.`website_id` WHERE  `uid` = 78 LIMIT 1 [ RunTime:0.000518s ]
[2022-11-29T18:07:48+08:00][sql] SHOW FULL COLUMNS FROM `gxfc_customer_operational` [ RunTime:0.000422s ]
[2022-11-29T18:07:48+08:00][sql] SELECT `id` FROM `gxfc_customer_operational` WHERE  `member_id` = 2391 LIMIT 1 [ RunTime:0.000224s ]
[2022-11-29T18:07:48+08:00][sql] CONNECT:[ UseTime:0.000429s ] mysql:host=127.0.0.1;port=3306;dbname=hunqin;charset=utf8
[2022-11-29T18:07:48+08:00][sql] SHOW FULL COLUMNS FROM `gxfc_member` [ RunTime:0.000852s ]
[2022-11-29T18:07:48+08:00][sql] SELECT `member_id` FROM `gxfc_member` WHERE  `status` = 0 [ RunTime:0.000296s ]
[2022-11-29T18:07:48+08:00][sql] SELECT `member_id`,`source_member`,`fenxiao_id`,`is_fenxiao`,`username`,`nickname`,`mobile`,`email`,`password`,`status`,`headimg`,`member_level`,`member_level_name`,`member_label`,`member_label_name`,`qq`,`qq_openid`,`wx_openid`,`weapp_openid`,`wx_unionid`,`ali_openid`,`baidu_openid`,`toutiao_openid`,`douyin_openid`,`login_ip`,`login_type`,`login_time`,`last_login_ip`,`last_login_type`,`last_login_time`,`login_num`,`realname`,`sex`,`location`,`birthday`,`reg_time`,`point`,`balance`,`growth`,`balance_money`,`account5`,`is_auth`,`sign_time`,`sign_days_series`,`pay_password`,`order_money`,`order_complete_money`,`order_num`,`order_complete_num`,`balance_withdraw_apply`,`balance_withdraw`,`is_delete`,`login_type_name`,`hospital_id`,`is_commander`,`self_cl_id`,`hospital_name`,`self_leader_name`,`cl_id`,`is_fenxiao_order`,`expiration_time`,`start_time`,`is_fenxiao_charge` FROM `gxfc_member` WHERE  `member_id` = 2391 LIMIT 1 [ RunTime:0.000524s ]
[2022-11-29T18:07:48+08:00][sql] SHOW FULL COLUMNS FROM `gxfc_order` [ RunTime:0.000986s ]
[2022-11-29T18:07:48+08:00][sql] SELECT COUNT(*) AS think_count FROM `gxfc_order` WHERE  `member_id` = 2391  AND `order_status` = 0 [ RunTime:0.000293s ]
[2022-11-29T18:07:48+08:00][sql] SELECT COUNT(*) AS think_count FROM `gxfc_order` WHERE  `member_id` = 2391  AND `order_status` = 1 [ RunTime:0.000265s ]
[2022-11-29T18:07:48+08:00][sql] SELECT COUNT(*) AS think_count FROM `gxfc_order` WHERE  `member_id` = 2391  AND `order_status` = 3 [ RunTime:0.000285s ]
[2022-11-29T18:07:48+08:00][sql] SELECT COUNT(*) AS think_count FROM `gxfc_order` WHERE  `member_id` = 2391  AND `order_status` IN (4,10)  AND `is_evaluate` = 1 [ RunTime:0.000300s ]
[2022-11-29T18:07:48+08:00][sql] SHOW FULL COLUMNS FROM `gxfc_order_goods` [ RunTime:0.000658s ]
[2022-11-29T18:07:48+08:00][sql] SELECT COUNT(*) AS think_count FROM `gxfc_order_goods` WHERE  `member_id` = 2391  AND `refund_status` IN (-1,1,2,4,5,6) [ RunTime:0.000926s ]
