[2022-09-05T05:55:22+08:00][sql] CONNECT:[ UseTime:0.000383s ] mysql:host=127.0.0.1;port=3306;dbname=ls_ssl_com;charset=utf8
[2022-09-05T05:55:22+08:00][sql] SELECT `web_phone`,`web_email`,`web_qrcode`,`web_qq`,`web_weixin`,`logo` FROM `gxfc_website` WHERE  `site_id` = 0 LIMIT 1 [ RunTime:0.000310s ]
[2022-09-05T16:49:57+08:00][sql] CONNECT:[ UseTime:0.000346s ] mysql:host=127.0.0.1;port=3306;dbname=ls_ssl_com;charset=utf8
[2022-09-05T16:49:57+08:00][sql] SELECT `uid`,`app_module`,`app_group`,`is_admin`,`site_id`,`group_id`,`group_name`,`username`,`password`,`member_id`,`create_time`,`update_time`,`status`,`login_time`,`login_ip` FROM `gxfc_user` WHERE  `username` = 'admin'  AND `app_module` = 'shop' LIMIT 1 [ RunTime:0.000443s ]
[2022-09-05T16:49:57+08:00][sql] UPDATE `gxfc_user`  SET `login_time` = 1662367797 , `login_ip` = '171.113.167.201'  WHERE  `uid` = 2 [ RunTime:0.004561s ]
[2022-09-05T16:49:57+08:00][sql] INSERT INTO `gxfc_user_log` SET `uid` = 2 , `username` = 'admin' , `site_id` = 1 , `url` = 'shop/Login/login' , `ip` = '171.113.167.201' , `data` = '[]' , `action_name` = '用户登录' , `create_time` = 1662367797 [ RunTime:0.003746s ]
[2022-09-05T16:49:58+08:00][sql] CONNECT:[ UseTime:0.000331s ] mysql:host=127.0.0.1;port=3306;dbname=ls_ssl_com;charset=utf8
[2022-09-05T16:49:58+08:00][sql] SELECT * FROM `gxfc_group` WHERE  `group_id` = 2  AND `site_id` = 1  AND `app_module` = 'shop' LIMIT 1 [ RunTime:0.000461s ]
[2022-09-05T16:49:58+08:00][sql] SELECT `website_id`,`site_name`,`logo`,`is_own`,`level_id`,`category_id`,`group_id`,`seo_keywords`,`seo_description`,`expire_time`,`shop_status` FROM `gxfc_shop` WHERE  `site_id` = 1 LIMIT 1 [ RunTime:0.000291s ]
[2022-09-05T16:49:58+08:00][sql] SELECT `addon_array` FROM `gxfc_shop_group` WHERE  `group_id` = 1 LIMIT 1 [ RunTime:0.000229s ]
[2022-09-05T16:49:58+08:00][sql] SELECT * FROM `gxfc_menu` WHERE  `app_module` = 'shop'  AND `addon` NOT IN ('electronicsheet','freeshipping','printer','servicer','bargain','bundling','cards','coupon','discount','egg','groupbuy','live','manjian','notes','pintuan','present','seckill','topic','turntable','wholesale','crazyguess','coupon_code','community_buy','cashier','appointment','missioncenter')  AND `is_show` = 1 ORDER BY `sort` ASC [ RunTime:0.000969s ]
[2022-09-05T16:49:58+08:00][sql] SELECT * FROM `gxfc_menu` WHERE  `addon` IN ('printer','electronicsheet','freeshipping','servicer','bargain','bundling','cards','coupon','discount','egg','fenxiao','groupbuy','live','manjian','notes','pintuan','present','seckill','topic','turntable','wholesale')  AND `app_module` = 'shop'  AND `is_show` = 1 ORDER BY `sort` ASC [ RunTime:0.000797s ]
[2022-09-05T16:49:58+08:00][sql] SELECT `id`,`app_module`,`name`,`title`,`parent`,`level`,`url`,`is_show`,`sort`,`desc`,`picture`,`is_icon`,`picture_select`,`is_control`,`addon` FROM `gxfc_menu` WHERE  `url` = 'shop/Index/index'  AND `app_module` = 'shop' ORDER BY `level` DESC LIMIT 1 [ RunTime:0.000306s ]
[2022-09-05T16:49:58+08:00][sql] SELECT `id`,`app_module`,`name`,`title`,`parent`,`level`,`url`,`is_show`,`sort`,`desc`,`picture`,`is_icon`,`picture_select`,`is_control`,`addon` FROM `gxfc_menu` WHERE  `name` = 'INDEX_ROOT'  AND `app_module` = 'shop' LIMIT 1 [ RunTime:0.000320s ]
[2022-09-05T16:49:58+08:00][sql] SELECT `title`,`logo`,`desc`,`keywords`,`web_status`,`close_reason`,`web_qrcode`,`web_phone` FROM `gxfc_website` WHERE  `site_id` = 0 LIMIT 1 [ RunTime:0.000231s ]
[2022-09-05T16:49:58+08:00][sql] SELECT `site_id`,`expire_time`,`site_name`,`username`,`website_id`,`cert_id`,`is_own`,`level_id`,`level_name`,`category_id`,`category_name`,`group_id`,`group_name`,`member_id`,`member_name`,`shop_status`,`close_info`,`sort`,`start_time`,`end_time`,`logo`,`avatar`,`banner`,`seo_keywords`,`seo_description`,`qq`,`ww`,`telephone`,`is_recommend`,`shop_desccredit`,`shop_servicecredit`,`shop_deliverycredit`,`workingtime`,`shop_baozh`,`shop_baozhopen`,`shop_baozhrmb`,`shop_qtian`,`shop_zhping`,`shop_erxiaoshi`,`shop_tuihuo`,`shop_shiyong`,`shop_shiti`,`shop_xiaoxie`,`shop_free_time`,`shop_sales`,`shop_adv`,`account`,`account_withdraw`,`work_week`,`province`,`province_name`,`city`,`city_name`,`district`,`district_name`,`community`,`community_name`,`address`,`full_address`,`longitude`,`latitude`,`sub_num` FROM `gxfc_shop` WHERE  `site_id` = 1 LIMIT 1 [ RunTime:0.000367s ]
[2022-09-05T16:49:58+08:00][sql] SELECT `sr`.*,`s`.`site_name` FROM `gxfc_shop_reopen` `sr` LEFT JOIN `gxfc_shop` `s` ON `s`.`site_id`=`sr`.`site_id` WHERE  `sr`.`site_id` = 1  AND `sr`.`apply_state` IN (1,-1) LIMIT 1 [ RunTime:0.000328s ]
[2022-09-05T16:49:58+08:00][sql] SELECT `username`,`group_name`,`login_time` FROM `gxfc_user` WHERE  `uid` = 2 LIMIT 1 [ RunTime:0.000196s ]
[2022-09-05T16:49:58+08:00][sql] SELECT `id`,`site_id`,`year`,`month`,`day`,`order_total`,`shipping_total`,`refund_total`,`order_pay_count`,`goods_pay_count`,`shop_money`,`platform_money`,`create_time`,`modify_time`,`collect_shop`,`collect_goods`,`visit_count`,`order_count`,`goods_count`,`add_goods_count`,`day_time`,`member_count` FROM `gxfc_stat_shop` WHERE  `site_id` = 1  AND `year` = 2022  AND `month` = 9  AND `day` = 5 LIMIT 1 [ RunTime:0.000297s ]
[2022-09-05T16:49:58+08:00][sql] INSERT INTO `gxfc_stat_shop` SET `site_id` = 1 , `year` = 2022 , `month` = 9 , `day` = 5 , `day_time` = 1662307200 [ RunTime:0.007181s ]
[2022-09-05T16:49:58+08:00][sql] SELECT `id`,`site_id`,`year`,`month`,`day`,`order_total`,`shipping_total`,`refund_total`,`order_pay_count`,`goods_pay_count`,`shop_money`,`platform_money`,`create_time`,`modify_time`,`collect_shop`,`collect_goods`,`visit_count`,`order_count`,`goods_count`,`add_goods_count`,`day_time`,`member_count` FROM `gxfc_stat_shop` WHERE  `site_id` = 1  AND `year` = 2022  AND `month` = 9  AND `day` = 5  AND `day_time` = 1662307200 LIMIT 1 [ RunTime:0.000343s ]
[2022-09-05T16:49:58+08:00][sql] SELECT `id`,`site_id`,`year`,`month`,`day`,`order_total`,`shipping_total`,`refund_total`,`order_pay_count`,`goods_pay_count`,`shop_money`,`platform_money`,`create_time`,`modify_time`,`collect_shop`,`collect_goods`,`visit_count`,`order_count`,`goods_count`,`add_goods_count`,`day_time`,`member_count` FROM `gxfc_stat_shop` WHERE  `site_id` = 1  AND `year` = 2022  AND `month` = 9  AND `day` = 4 LIMIT 1 [ RunTime:0.000279s ]
[2022-09-05T16:49:58+08:00][sql] INSERT INTO `gxfc_stat_shop` SET `site_id` = 1 , `year` = 2022 , `month` = 9 , `day` = 4 , `day_time` = 1662307200 [ RunTime:0.004310s ]
[2022-09-05T16:49:58+08:00][sql] SELECT `id`,`site_id`,`year`,`month`,`day`,`order_total`,`shipping_total`,`refund_total`,`order_pay_count`,`goods_pay_count`,`shop_money`,`platform_money`,`create_time`,`modify_time`,`collect_shop`,`collect_goods`,`visit_count`,`order_count`,`goods_count`,`add_goods_count`,`day_time`,`member_count` FROM `gxfc_stat_shop` WHERE  `site_id` = 1  AND `year` = 2022  AND `month` = 9  AND `day` = 4  AND `day_time` = 1662307200 LIMIT 1 [ RunTime:0.000263s ]
[2022-09-05T16:49:58+08:00][sql] SELECT `id`,`site_id`,`year`,`month`,`day`,`order_total`,`shipping_total`,`refund_total`,`order_pay_count`,`goods_pay_count`,`shop_money`,`platform_money`,`create_time`,`modify_time`,`collect_shop`,`collect_goods`,`visit_count`,`order_count`,`goods_count`,`add_goods_count`,`day_time`,`member_count` FROM `gxfc_stat_shop` WHERE  `site_id` = 1  AND `year` = 2022  AND `month` = 08  AND `day` = 27 LIMIT 1 [ RunTime:0.000283s ]
[2022-09-05T16:49:58+08:00][sql] SELECT `id`,`site_id`,`year`,`month`,`day`,`order_total`,`shipping_total`,`refund_total`,`order_pay_count`,`goods_pay_count`,`shop_money`,`platform_money`,`create_time`,`modify_time`,`collect_shop`,`collect_goods`,`visit_count`,`order_count`,`goods_count`,`add_goods_count`,`day_time`,`member_count` FROM `gxfc_stat_shop` WHERE  `site_id` = 1  AND `year` = 2022  AND `month` = 08  AND `day` = 28 LIMIT 1 [ RunTime:0.000275s ]
[2022-09-05T16:49:58+08:00][sql] SELECT `id`,`site_id`,`year`,`month`,`day`,`order_total`,`shipping_total`,`refund_total`,`order_pay_count`,`goods_pay_count`,`shop_money`,`platform_money`,`create_time`,`modify_time`,`collect_shop`,`collect_goods`,`visit_count`,`order_count`,`goods_count`,`add_goods_count`,`day_time`,`member_count` FROM `gxfc_stat_shop` WHERE  `site_id` = 1  AND `year` = 2022  AND `month` = 08  AND `day` = 29 LIMIT 1 [ RunTime:0.000270s ]
[2022-09-05T16:49:58+08:00][sql] SELECT `id`,`site_id`,`year`,`month`,`day`,`order_total`,`shipping_total`,`refund_total`,`order_pay_count`,`goods_pay_count`,`shop_money`,`platform_money`,`create_time`,`modify_time`,`collect_shop`,`collect_goods`,`visit_count`,`order_count`,`goods_count`,`add_goods_count`,`day_time`,`member_count` FROM `gxfc_stat_shop` WHERE  `site_id` = 1  AND `year` = 2022  AND `month` = 08  AND `day` = 30 LIMIT 1 [ RunTime:0.000279s ]
[2022-09-05T16:49:58+08:00][sql] SELECT `id`,`site_id`,`year`,`month`,`day`,`order_total`,`shipping_total`,`refund_total`,`order_pay_count`,`goods_pay_count`,`shop_money`,`platform_money`,`create_time`,`modify_time`,`collect_shop`,`collect_goods`,`visit_count`,`order_count`,`goods_count`,`add_goods_count`,`day_time`,`member_count` FROM `gxfc_stat_shop` WHERE  `site_id` = 1  AND `year` = 2022  AND `month` = 08  AND `day` = 31 LIMIT 1 [ RunTime:0.000262s ]
[2022-09-05T16:49:58+08:00][sql] INSERT INTO `gxfc_stat_shop` SET `site_id` = 1 , `year` = 2022 , `month` = 08 , `day` = 31 , `day_time` = 1662307200 [ RunTime:0.003486s ]
[2022-09-05T16:49:58+08:00][sql] SELECT `id`,`site_id`,`year`,`month`,`day`,`order_total`,`shipping_total`,`refund_total`,`order_pay_count`,`goods_pay_count`,`shop_money`,`platform_money`,`create_time`,`modify_time`,`collect_shop`,`collect_goods`,`visit_count`,`order_count`,`goods_count`,`add_goods_count`,`day_time`,`member_count` FROM `gxfc_stat_shop` WHERE  `site_id` = 1  AND `year` = 2022  AND `month` = 08  AND `day` = 31  AND `day_time` = 1662307200 LIMIT 1 [ RunTime:0.000264s ]
[2022-09-05T16:49:58+08:00][sql] SELECT `id`,`site_id`,`year`,`month`,`day`,`order_total`,`shipping_total`,`refund_total`,`order_pay_count`,`goods_pay_count`,`shop_money`,`platform_money`,`create_time`,`modify_time`,`collect_shop`,`collect_goods`,`visit_count`,`order_count`,`goods_count`,`add_goods_count`,`day_time`,`member_count` FROM `gxfc_stat_shop` WHERE  `site_id` = 1  AND `year` = 2022  AND `month` = 09  AND `day` = 01 LIMIT 1 [ RunTime:0.000272s ]
[2022-09-05T16:49:58+08:00][sql] INSERT INTO `gxfc_stat_shop` SET `site_id` = 1 , `year` = 2022 , `month` = 09 , `day` = 01 , `day_time` = 1662307200 [ RunTime:0.003260s ]
[2022-09-05T16:49:58+08:00][sql] SELECT `id`,`site_id`,`year`,`month`,`day`,`order_total`,`shipping_total`,`refund_total`,`order_pay_count`,`goods_pay_count`,`shop_money`,`platform_money`,`create_time`,`modify_time`,`collect_shop`,`collect_goods`,`visit_count`,`order_count`,`goods_count`,`add_goods_count`,`day_time`,`member_count` FROM `gxfc_stat_shop` WHERE  `site_id` = 1  AND `year` = 2022  AND `month` = 09  AND `day` = 01  AND `day_time` = 1662307200 LIMIT 1 [ RunTime:0.000291s ]
[2022-09-05T16:49:58+08:00][sql] SELECT `id`,`site_id`,`year`,`month`,`day`,`order_total`,`shipping_total`,`refund_total`,`order_pay_count`,`goods_pay_count`,`shop_money`,`platform_money`,`create_time`,`modify_time`,`collect_shop`,`collect_goods`,`visit_count`,`order_count`,`goods_count`,`add_goods_count`,`day_time`,`member_count` FROM `gxfc_stat_shop` WHERE  `site_id` = 1  AND `year` = 2022  AND `month` = 09  AND `day` = 02 LIMIT 1 [ RunTime:0.000279s ]
[2022-09-05T16:49:58+08:00][sql] INSERT INTO `gxfc_stat_shop` SET `site_id` = 1 , `year` = 2022 , `month` = 09 , `day` = 02 , `day_time` = 1662307200 [ RunTime:0.004436s ]
[2022-09-05T16:49:58+08:00][sql] SELECT `id`,`site_id`,`year`,`month`,`day`,`order_total`,`shipping_total`,`refund_total`,`order_pay_count`,`goods_pay_count`,`shop_money`,`platform_money`,`create_time`,`modify_time`,`collect_shop`,`collect_goods`,`visit_count`,`order_count`,`goods_count`,`add_goods_count`,`day_time`,`member_count` FROM `gxfc_stat_shop` WHERE  `site_id` = 1  AND `year` = 2022  AND `month` = 09  AND `day` = 02  AND `day_time` = 1662307200 LIMIT 1 [ RunTime:0.000315s ]
[2022-09-05T16:49:58+08:00][sql] SELECT `id`,`site_id`,`year`,`month`,`day`,`order_total`,`shipping_total`,`refund_total`,`order_pay_count`,`goods_pay_count`,`shop_money`,`platform_money`,`create_time`,`modify_time`,`collect_shop`,`collect_goods`,`visit_count`,`order_count`,`goods_count`,`add_goods_count`,`day_time`,`member_count` FROM `gxfc_stat_shop` WHERE  `site_id` = 1  AND `year` = 2022  AND `month` = 09  AND `day` = 03 LIMIT 1 [ RunTime:0.000305s ]
[2022-09-05T16:49:58+08:00][sql] INSERT INTO `gxfc_stat_shop` SET `site_id` = 1 , `year` = 2022 , `month` = 09 , `day` = 03 , `day_time` = 1662307200 [ RunTime:0.004170s ]
[2022-09-05T16:49:58+08:00][sql] SELECT `id`,`site_id`,`year`,`month`,`day`,`order_total`,`shipping_total`,`refund_total`,`order_pay_count`,`goods_pay_count`,`shop_money`,`platform_money`,`create_time`,`modify_time`,`collect_shop`,`collect_goods`,`visit_count`,`order_count`,`goods_count`,`add_goods_count`,`day_time`,`member_count` FROM `gxfc_stat_shop` WHERE  `site_id` = 1  AND `year` = 2022  AND `month` = 09  AND `day` = 03  AND `day_time` = 1662307200 LIMIT 1 [ RunTime:0.000383s ]
[2022-09-05T16:49:58+08:00][sql] SELECT `id`,`site_id`,`year`,`month`,`day`,`order_total`,`shipping_total`,`refund_total`,`order_pay_count`,`goods_pay_count`,`shop_money`,`platform_money`,`create_time`,`modify_time`,`collect_shop`,`collect_goods`,`visit_count`,`order_count`,`goods_count`,`add_goods_count`,`day_time`,`member_count` FROM `gxfc_stat_shop` WHERE  `site_id` = 1  AND `year` = 2022  AND `month` = 09  AND `day` = 04 LIMIT 1 [ RunTime:0.000361s ]
[2022-09-05T16:49:58+08:00][sql] SELECT `id`,`site_id`,`year`,`month`,`day`,`order_total`,`shipping_total`,`refund_total`,`order_pay_count`,`goods_pay_count`,`shop_money`,`platform_money`,`create_time`,`modify_time`,`collect_shop`,`collect_goods`,`visit_count`,`order_count`,`goods_count`,`add_goods_count`,`day_time`,`member_count` FROM `gxfc_stat_shop` WHERE  `site_id` = 1  AND `year` = 2022  AND `month` = 09  AND `day` = 05 LIMIT 1 [ RunTime:0.000354s ]
[2022-09-05T16:49:58+08:00][sql] SELECT SUM(order_total) as order_total,SUM(shipping_total) as shipping_total,SUM(refund_total) as refund_total,SUM(order_pay_count) as order_pay_count,SUM(goods_pay_count) as goods_pay_count,SUM(shop_money) as shop_money,SUM(platform_money) as platform_money,SUM(collect_shop) as collect_shop,SUM(collect_goods) as collect_goods,SUM(visit_count) as visit_count,SUM(order_count) as order_count,SUM(goods_count) as goods_count,SUM(add_goods_count) as add_goods_count,SUM(member_count) as member_count FROM `gxfc_stat_shop` WHERE  `site_id` = 1 LIMIT 1 [ RunTime:0.000432s ]
[2022-09-05T16:49:58+08:00][sql] SELECT COUNT(*) AS think_count FROM `gxfc_goods` WHERE  `site_id` = 1 [ RunTime:0.000304s ]
[2022-09-05T16:49:58+08:00][sql] SELECT `addon_array` FROM `gxfc_shop_group` WHERE  `group_id` = 1 LIMIT 1 [ RunTime:0.000289s ]
[2022-09-05T16:49:58+08:00][sql] SELECT COUNT(*) AS think_count FROM `gxfc_order` WHERE  `order_status` = 0  AND `site_id` = 1  AND `is_delete` = 0 [ RunTime:0.000406s ]
[2022-09-05T16:49:58+08:00][sql] SELECT COUNT(*) AS think_count FROM `gxfc_order` WHERE  `order_status` = 1  AND `site_id` = 1  AND `is_delete` = 0 [ RunTime:0.000317s ]
[2022-09-05T16:49:58+08:00][sql] SELECT COUNT(*) AS think_count FROM `gxfc_order_goods` WHERE  `site_id` = 1  AND `refund_status` NOT IN (0,3) [ RunTime:0.000320s ]
[2022-09-05T16:49:58+08:00][sql] select count(goods_id) as num from gxfc_goods where goods_stock_alarm >= goods_stock and goods_stock_alarm > 0 and is_delete = 0 and goods_state = 1 and site_id = 1 [ RunTime:0.000279s ]
[2022-09-05T16:49:58+08:00][sql] SELECT COUNT(*) AS think_count FROM `gxfc_goods` WHERE  `goods_state` = 1  AND `site_id` = 1  AND `is_delete` = 0 [ RunTime:0.000274s ]
[2022-09-05T16:49:58+08:00][sql] SELECT COUNT(*) AS think_count FROM `gxfc_goods` WHERE  `verify_state` = 0  AND `site_id` = 1  AND `is_delete` = 0 [ RunTime:0.000262s ]
[2022-09-05T16:49:58+08:00][sql] SELECT COUNT(*) AS think_count FROM `gxfc_goods` WHERE  `verify_state` = 10  AND `site_id` = 1  AND `is_delete` = 0 [ RunTime:0.000275s ]
[2022-09-05T16:49:58+08:00][sql] SELECT COUNT(*) AS think_count FROM `gxfc_help` `a` WHERE  `app_module` = 'shop' ORDER BY `create_time` DESC [ RunTime:0.000361s ]
[2022-09-05T16:49:58+08:00][sql] SELECT `id`,`title`,`content`,`class_id`,`class_name`,`sort`,`link_address`,`create_time` FROM `gxfc_help` `a` WHERE  `app_module` = 'shop' ORDER BY `create_time` DESC LIMIT 0,5 [ RunTime:0.000267s ]
[2022-09-05T16:49:58+08:00][sql] SELECT `group_id`,`is_own`,`group_name`,`fee`,`remark` FROM `gxfc_shop_group` WHERE  `is_own` = 0 ORDER BY `is_own` ASC,`fee` ASC [ RunTime:0.000303s ]
[2022-09-05T16:49:58+08:00][sql] SELECT COUNT(*) AS think_count FROM `gxfc_notice` `a` WHERE  `receiving_type` LIKE '%shop%' ORDER BY `is_top` DESC,`create_time` DESC [ RunTime:0.000313s ]
[2022-09-05T16:49:58+08:00][sql] SELECT `id`,`title` FROM `gxfc_notice` `a` WHERE  `receiving_type` LIKE '%shop%' ORDER BY `is_top` DESC,`create_time` DESC LIMIT 0,5 [ RunTime:0.000234s ]
[2022-09-05T16:50:00+08:00][sql] CONNECT:[ UseTime:0.000396s ] mysql:host=127.0.0.1;port=3306;dbname=ls_ssl_com;charset=utf8
[2022-09-05T16:50:00+08:00][sql] SELECT `website_id`,`site_name`,`logo`,`is_own`,`level_id`,`category_id`,`group_id`,`seo_keywords`,`seo_description`,`expire_time`,`shop_status` FROM `gxfc_shop` WHERE  `site_id` = 1 LIMIT 1 [ RunTime:0.000456s ]
[2022-09-05T16:50:00+08:00][sql] SELECT `id`,`app_module`,`name`,`title`,`parent`,`level`,`url`,`is_show`,`sort`,`desc`,`picture`,`is_icon`,`picture_select`,`is_control`,`addon` FROM `gxfc_menu` WHERE  `url` = 'shop/Shop/config'  AND `app_module` = 'shop' ORDER BY `level` DESC LIMIT 1 [ RunTime:0.000549s ]
[2022-09-05T16:50:00+08:00][sql] SELECT `id`,`app_module`,`name`,`title`,`parent`,`level`,`url`,`is_show`,`sort`,`desc`,`picture`,`is_icon`,`picture_select`,`is_control`,`addon` FROM `gxfc_menu` WHERE  `name` = 'SHOP_CONFIG'  AND `app_module` = 'shop' LIMIT 1 [ RunTime:0.000393s ]
[2022-09-05T16:50:00+08:00][sql] SELECT `id`,`app_module`,`name`,`title`,`parent`,`level`,`url`,`is_show`,`sort`,`desc`,`picture`,`is_icon`,`picture_select`,`is_control`,`addon` FROM `gxfc_menu` WHERE  `name` = 'SHOP_MANAGE'  AND `app_module` = 'shop' LIMIT 1 [ RunTime:0.000416s ]
[2022-09-05T16:50:00+08:00][sql] SELECT `id`,`app_module`,`name`,`title`,`parent`,`level`,`url`,`is_show`,`sort`,`desc`,`picture`,`is_icon`,`picture_select`,`is_control`,`addon` FROM `gxfc_menu` WHERE  `name` = 'SHOP_ROOT'  AND `app_module` = 'shop' LIMIT 1 [ RunTime:0.000356s ]
[2022-09-05T16:50:00+08:00][sql] SELECT * FROM `gxfc_shop` WHERE  `site_id` = 1 LIMIT 1 [ RunTime:0.000540s ]
[2022-09-05T16:50:02+08:00][sql] CONNECT:[ UseTime:0.000525s ] mysql:host=127.0.0.1;port=3306;dbname=ls_ssl_com;charset=utf8
[2022-09-05T16:50:02+08:00][sql] SELECT `website_id`,`site_name`,`logo`,`is_own`,`level_id`,`category_id`,`group_id`,`seo_keywords`,`seo_description`,`expire_time`,`shop_status` FROM `gxfc_shop` WHERE  `site_id` = 1 LIMIT 1 [ RunTime:0.000392s ]
[2022-09-05T16:50:02+08:00][sql] SELECT `id`,`app_module`,`name`,`title`,`parent`,`level`,`url`,`is_show`,`sort`,`desc`,`picture`,`is_icon`,`picture_select`,`is_control`,`addon` FROM `gxfc_menu` WHERE  `url` = 'shop/Diy/index'  AND `app_module` = 'shop' ORDER BY `level` DESC LIMIT 1 [ RunTime:0.000436s ]
[2022-09-05T16:50:02+08:00][sql] SELECT `id`,`app_module`,`name`,`title`,`parent`,`level`,`url`,`is_show`,`sort`,`desc`,`picture`,`is_icon`,`picture_select`,`is_control`,`addon` FROM `gxfc_menu` WHERE  `name` = 'SHOP_DIY_INDEX'  AND `app_module` = 'shop' LIMIT 1 [ RunTime:0.000383s ]
[2022-09-05T16:50:02+08:00][sql] SELECT `id`,`app_module`,`name`,`title`,`parent`,`level`,`url`,`is_show`,`sort`,`desc`,`picture`,`is_icon`,`picture_select`,`is_control`,`addon` FROM `gxfc_menu` WHERE  `name` = 'SHOP_DIY'  AND `app_module` = 'shop' LIMIT 1 [ RunTime:0.000318s ]
[2022-09-05T16:50:02+08:00][sql] SELECT `group_id` FROM `gxfc_shop` WHERE  `site_id` = 1 LIMIT 1 [ RunTime:0.000270s ]
[2022-09-05T16:50:02+08:00][sql] SELECT `id`,`name`,`title`,`type`,`controller`,`value`,`addon_name`,`support_diy_view`,`max_count`,`is_delete`,`icon`,`icon_selected` FROM `gxfc_diy_view_util` WHERE  (`support_diy_view` LIKE 'DIY_VIEW_SHOP_INDEX' OR `support_diy_view` LIKE '%DIY_VIEW_SHOP_INDEX,%' OR `support_diy_view` LIKE '%DIY_VIEW_SHOP_INDEX' OR `support_diy_view` LIKE '%,DIY_VIEW_SHOP_INDEX,%' OR `support_diy_view` LIKE '')  AND ( `addon_name` IN ('printer','electronicsheet','freeshipping','servicer','bargain','bundling','cards','coupon','discount','egg','fenxiao','groupbuy','live','manjian','notes','pintuan','present','seckill','topic','turntable','wholesale','') ) ORDER BY `sort` ASC [ RunTime:0.000514s ]
[2022-09-05T16:50:02+08:00][sql] SELECT `site_id`,`name` FROM `gxfc_site_diy_view` WHERE  `site_id` = 1  AND `name` = 'DIY_VIEW_SHOP_INDEX' LIMIT 1 [ RunTime:0.000300s ]
[2022-09-05T16:50:03+08:00][sql] SELECT `sdv`.`id`,`sdv`.`site_id`,`sdv`.`name`,`sdv`.`title`,`sdv`.`value`,`sdv`.`type`,`dvt`.`addon_name` FROM `gxfc_site_diy_view` `sdv` LEFT JOIN `gxfc_diy_view_temp` `dvt` ON `sdv`.`name`=`dvt`.`name` WHERE  `sdv`.`site_id` = 1  AND `sdv`.`name` = 'DIY_VIEW_SHOP_INDEX' LIMIT 1 [ RunTime:0.000477s ]
[2022-09-05T17:16:52+08:00][sql] CONNECT:[ UseTime:0.000345s ] mysql:host=127.0.0.1;port=3306;dbname=ls_ssl_com;charset=utf8
[2022-09-05T17:16:52+08:00][sql] SELECT `website_id`,`site_name`,`logo`,`is_own`,`level_id`,`category_id`,`group_id`,`seo_keywords`,`seo_description`,`expire_time`,`shop_status` FROM `gxfc_shop` WHERE  `site_id` = 1 LIMIT 1 [ RunTime:0.000382s ]
[2022-09-05T17:16:52+08:00][sql] SELECT `id`,`app_module`,`name`,`title`,`parent`,`level`,`url`,`is_show`,`sort`,`desc`,`picture`,`is_icon`,`picture_select`,`is_control`,`addon` FROM `gxfc_menu` WHERE  `url` = 'shop/Goods/lists'  AND `app_module` = 'shop' ORDER BY `level` DESC LIMIT 1 [ RunTime:0.000493s ]
[2022-09-05T17:16:52+08:00][sql] SELECT `id`,`app_module`,`name`,`title`,`parent`,`level`,`url`,`is_show`,`sort`,`desc`,`picture`,`is_icon`,`picture_select`,`is_control`,`addon` FROM `gxfc_menu` WHERE  `name` = 'GOODS_MANAGE'  AND `app_module` = 'shop' LIMIT 1 [ RunTime:0.000348s ]
[2022-09-05T17:16:52+08:00][sql] SELECT `id`,`app_module`,`name`,`title`,`parent`,`level`,`url`,`is_show`,`sort`,`desc`,`picture`,`is_icon`,`picture_select`,`is_control`,`addon` FROM `gxfc_menu` WHERE  `name` = 'GOODS_ROOT'  AND `app_module` = 'shop' LIMIT 1 [ RunTime:0.000372s ]
[2022-09-05T17:16:52+08:00][sql] SELECT COUNT(*) AS think_count FROM `gxfc_goods` WHERE  `verify_state` = 0  AND `is_delete` = 0  AND `site_id` = 1 [ RunTime:0.000322s ]
[2022-09-05T17:16:52+08:00][sql] SELECT COUNT(*) AS think_count FROM `gxfc_goods` WHERE  `verify_state` = -2  AND `is_delete` = 0  AND `site_id` = 1 [ RunTime:0.000284s ]
[2022-09-05T17:16:52+08:00][sql] SELECT COUNT(*) AS think_count FROM `gxfc_goods` WHERE  `verify_state` = 10  AND `is_delete` = 0  AND `site_id` = 1 [ RunTime:0.000242s ]
[2022-09-05T17:16:52+08:00][sql] SELECT `category_id`,`category_name`,`pid`,`level` FROM `gxfc_goods_shop_category` WHERE  `site_id` = 1 ORDER BY `sort` ASC [ RunTime:0.000261s ]
[2022-09-05T17:16:52+08:00][sql] SELECT `template_id`,`template_name` FROM `gxfc_express_template` WHERE  `site_id` = 1 ORDER BY `is_default` DESC [ RunTime:0.000216s ]
[2022-09-05T17:16:52+08:00][sql] SELECT `category_id`,`category_name`,`short_name`,`pid`,`level`,`is_show`,`sort`,`image`,`attr_class_name`,`category_id_1`,`category_id_2`,`category_id_3`,`commission_rate`,`supply_commission_rate` FROM `gxfc_goods_category` ORDER BY `sort` ASC [ RunTime:0.000281s ]
[2022-09-05T17:16:53+08:00][sql] CONNECT:[ UseTime:0.000390s ] mysql:host=127.0.0.1;port=3306;dbname=ls_ssl_com;charset=utf8
[2022-09-05T17:16:53+08:00][sql] SELECT `website_id`,`site_name`,`logo`,`is_own`,`level_id`,`category_id`,`group_id`,`seo_keywords`,`seo_description`,`expire_time`,`shop_status` FROM `gxfc_shop` WHERE  `site_id` = 1 LIMIT 1 [ RunTime:0.000391s ]
[2022-09-05T17:16:53+08:00][sql] SELECT COUNT(*) AS think_count FROM `gxfc_goods` WHERE  `verify_state` = 0  AND `is_delete` = 0  AND `site_id` = 1 [ RunTime:0.000338s ]
[2022-09-05T17:16:53+08:00][sql] SELECT COUNT(*) AS think_count FROM `gxfc_goods` WHERE  `verify_state` = -2  AND `is_delete` = 0  AND `site_id` = 1 [ RunTime:0.000260s ]
[2022-09-05T17:16:53+08:00][sql] SELECT COUNT(*) AS think_count FROM `gxfc_goods` WHERE  `verify_state` = 10  AND `is_delete` = 0  AND `site_id` = 1 [ RunTime:0.000242s ]
[2022-09-05T17:16:53+08:00][sql] CONNECT:[ UseTime:0.000375s ] mysql:host=127.0.0.1;port=3306;dbname=ls_ssl_com;charset=utf8
[2022-09-05T17:16:53+08:00][sql] SELECT `website_id`,`site_name`,`logo`,`is_own`,`level_id`,`category_id`,`group_id`,`seo_keywords`,`seo_description`,`expire_time`,`shop_status` FROM `gxfc_shop` WHERE  `site_id` = 1 LIMIT 1 [ RunTime:0.000401s ]
[2022-09-05T17:16:53+08:00][sql] SELECT COUNT(*) AS think_count FROM `gxfc_goods` `` WHERE  `is_delete` = 0  AND `site_id` = 1 ORDER BY `create_time` DESC [ RunTime:0.000370s ]
[2022-09-05T17:16:53+08:00][sql] SELECT `goods_id`,`goods_name`,`site_id`,`site_name`,`goods_image`,`is_own`,`goods_state`,`verify_state`,`price`,`goods_stock`,`goods_stock_alarm`,`create_time`,`sale_num`,`is_virtual`,`goods_class`,`is_fenxiao`,`fenxiao_type`,`sku_id`,`max_buy`,`min_buy`,`promotion_addon`,`sort` FROM `gxfc_goods` `` WHERE  `is_delete` = 0  AND `site_id` = 1 ORDER BY `create_time` DESC LIMIT 0,10 [ RunTime:0.000439s ]
