[2022-12-08T14:37:20+08:00][sql] CONNECT:[ UseTime:0.000473s ] mysql:host=127.0.0.1;port=3306;dbname=hunqin;charset=utf8
[2022-12-08T14:37:20+08:00][sql] SHOW FULL COLUMNS FROM `gxfc_config` [ RunTime:0.000717s ]
[2022-12-08T14:37:20+08:00][sql] SELECT `site_id`,`app_module`,`config_key`,`value`,`config_desc`,`is_use`,`create_time`,`modify_time` FROM `gxfc_config` WHERE  `site_id` = 0  AND `app_module` = 'admin'  AND `config_key` = 'CAPTCHA_CONFIG' LIMIT 1 [ RunTime:0.000393s ]
[2022-12-08T14:37:20+08:00][sql] SELECT `site_id`,`app_module`,`config_key`,`value`,`config_desc`,`is_use`,`create_time`,`modify_time` FROM `gxfc_config` WHERE  `site_id` = 0  AND `app_module` = 'admin'  AND `config_key` = 'SHOP_JOIN_ADV_CONFIG' LIMIT 1 [ RunTime:0.000375s ]
[2022-12-08T14:37:20+08:00][sql] SHOW FULL COLUMNS FROM `gxfc_document` [ RunTime:0.000657s ]
[2022-12-08T14:37:20+08:00][sql] SELECT `site_id`,`app_module`,`document_key`,`title`,`content`,`create_time`,`modify_time` FROM `gxfc_document` WHERE  `site_id` = 0  AND `app_module` = 'admin'  AND `document_key` = 'SHOP_JOIN_GUIDE_1' LIMIT 1 [ RunTime:0.000383s ]
[2022-12-08T14:37:20+08:00][sql] SELECT `site_id`,`app_module`,`document_key`,`title`,`content`,`create_time`,`modify_time` FROM `gxfc_document` WHERE  `site_id` = 0  AND `app_module` = 'admin'  AND `document_key` = 'SHOP_JOIN_GUIDE_2' LIMIT 1 [ RunTime:0.000359s ]
[2022-12-08T14:37:20+08:00][sql] SELECT `site_id`,`app_module`,`document_key`,`title`,`content`,`create_time`,`modify_time` FROM `gxfc_document` WHERE  `site_id` = 0  AND `app_module` = 'admin'  AND `document_key` = 'SHOP_JOIN_GUIDE_3' LIMIT 1 [ RunTime:0.000309s ]
[2022-12-08T14:37:20+08:00][sql] SELECT `site_id`,`app_module`,`document_key`,`title`,`content`,`create_time`,`modify_time` FROM `gxfc_document` WHERE  `site_id` = 0  AND `app_module` = 'admin'  AND `document_key` = 'SHOP_JOIN_GUIDE_4' LIMIT 1 [ RunTime:0.000298s ]
[2022-12-08T14:37:20+08:00][sql] SHOW FULL COLUMNS FROM `gxfc_website` [ RunTime:0.000630s ]
[2022-12-08T14:37:20+08:00][sql] SELECT `web_phone`,`web_email`,`web_qrcode`,`web_qq`,`web_weixin`,`logo` FROM `gxfc_website` WHERE  `site_id` = 0 LIMIT 1 [ RunTime:0.000283s ]
[2022-12-08T16:35:47+08:00][sql] CONNECT:[ UseTime:0.000474s ] mysql:host=127.0.0.1;port=3306;dbname=hunqin;charset=utf8
[2022-12-08T16:35:47+08:00][sql] SHOW FULL COLUMNS FROM `gxfc_config` [ RunTime:0.000817s ]
[2022-12-08T16:35:47+08:00][sql] SELECT `site_id`,`app_module`,`config_key`,`value`,`config_desc`,`is_use`,`create_time`,`modify_time` FROM `gxfc_config` WHERE  `site_id` = 0  AND `app_module` = 'admin'  AND `config_key` = 'UPLOAD_CONFIG' LIMIT 1 [ RunTime:0.000435s ]
[2022-12-08T16:35:47+08:00][sql] SELECT `site_id`,`app_module`,`config_key`,`value`,`config_desc`,`is_use`,`create_time`,`modify_time` FROM `gxfc_config` WHERE  `site_id` = 0  AND `app_module` = 'admin'  AND `config_key` = 'ALIOSS_CONFIG' LIMIT 1 [ RunTime:0.000534s ]
[2022-12-08T16:35:47+08:00][sql] SELECT `site_id`,`app_module`,`config_key`,`value`,`config_desc`,`is_use`,`create_time`,`modify_time` FROM `gxfc_config` WHERE  `site_id` = 0  AND `app_module` = 'admin'  AND `config_key` = 'QINIU_CONFIG' LIMIT 1 [ RunTime:0.000386s ]
[2022-12-08T17:18:36+08:00][sql] CONNECT:[ UseTime:0.000439s ] mysql:host=127.0.0.1;port=3306;dbname=hunqin;charset=utf8
[2022-12-08T17:18:36+08:00][sql] SHOW FULL COLUMNS FROM `gxfc_user` [ RunTime:0.000695s ]
[2022-12-08T17:18:36+08:00][sql] SELECT `uid`,`app_module`,`app_group`,`is_admin`,`site_id`,`group_id`,`group_name`,`username`,`password`,`member_id`,`create_time`,`update_time`,`status`,`login_time`,`login_ip` FROM `gxfc_user` WHERE  `username` = 'admin'  AND `app_module` = 'shop' LIMIT 1 [ RunTime:0.000388s ]
[2022-12-08T17:18:36+08:00][sql] UPDATE `gxfc_user`  SET `login_time` = 1670491116 , `login_ip` = '171.83.116.232'  WHERE  `uid` = 2 [ RunTime:0.011769s ]
[2022-12-08T17:18:36+08:00][sql] SHOW FULL COLUMNS FROM `gxfc_user_log` [ RunTime:0.000630s ]
[2022-12-08T17:18:36+08:00][sql] INSERT INTO `gxfc_user_log` SET `uid` = 2 , `username` = 'admin' , `site_id` = 1 , `url` = 'shop/Login/login' , `ip` = '171.83.116.232' , `data` = '[]' , `action_name` = '用户登录' , `create_time` = 1670491116 [ RunTime:0.016971s ]
[2022-12-08T17:18:37+08:00][sql] CONNECT:[ UseTime:0.000480s ] mysql:host=127.0.0.1;port=3306;dbname=hunqin;charset=utf8
[2022-12-08T17:18:37+08:00][sql] SHOW FULL COLUMNS FROM `gxfc_group` [ RunTime:0.000731s ]
[2022-12-08T17:18:37+08:00][sql] SELECT * FROM `gxfc_group` WHERE  `group_id` = 2  AND `site_id` = 1  AND `app_module` = 'shop' LIMIT 1 [ RunTime:0.000361s ]
[2022-12-08T17:18:37+08:00][sql] SHOW FULL COLUMNS FROM `gxfc_shop` [ RunTime:0.000773s ]
[2022-12-08T17:18:37+08:00][sql] SELECT `website_id`,`site_name`,`logo`,`is_own`,`level_id`,`category_id`,`group_id`,`seo_keywords`,`seo_description`,`expire_time`,`shop_status` FROM `gxfc_shop` WHERE  `site_id` = 1 LIMIT 1 [ RunTime:0.000299s ]
[2022-12-08T17:18:37+08:00][sql] SHOW FULL COLUMNS FROM `gxfc_shop_group` [ RunTime:0.000496s ]
[2022-12-08T17:18:37+08:00][sql] SELECT `addon_array` FROM `gxfc_shop_group` WHERE  `group_id` = 1 LIMIT 1 [ RunTime:0.000223s ]
[2022-12-08T17:18:37+08:00][sql] SHOW FULL COLUMNS FROM `gxfc_menu` [ RunTime:0.000547s ]
[2022-12-08T17:18:37+08:00][sql] SELECT * FROM `gxfc_menu` WHERE  `app_module` = 'shop'  AND `addon` NOT IN ('electronicsheet','freeshipping','printer','servicer','bargain','bundling','coupon','discount','groupbuy','manjian','pintuan','present','seckill','crazyguess','coupon_code','community_buy','cashier','appointment','missioncenter')  AND `is_show` = 1 ORDER BY `sort` ASC [ RunTime:0.000993s ]
[2022-12-08T17:18:37+08:00][sql] SELECT * FROM `gxfc_menu` WHERE  `addon` IN ('freeshipping','bargain','bundling','coupon','discount','manjian','pintuan','present','seckill','topic','fenxiao','printer','electronicsheet')  AND `app_module` = 'shop'  AND `is_show` = 1 ORDER BY `sort` ASC [ RunTime:0.000848s ]
[2022-12-08T17:18:37+08:00][sql] SELECT `id`,`app_module`,`name`,`title`,`parent`,`level`,`url`,`is_show`,`sort`,`desc`,`picture`,`is_icon`,`picture_select`,`is_control`,`addon` FROM `gxfc_menu` WHERE  `url` = 'shop/Index/index'  AND `app_module` = 'shop' ORDER BY `level` DESC LIMIT 1 [ RunTime:0.000397s ]
[2022-12-08T17:18:37+08:00][sql] SELECT `id`,`app_module`,`name`,`title`,`parent`,`level`,`url`,`is_show`,`sort`,`desc`,`picture`,`is_icon`,`picture_select`,`is_control`,`addon` FROM `gxfc_menu` WHERE  `name` = 'INDEX_ROOT'  AND `app_module` = 'shop' LIMIT 1 [ RunTime:0.000314s ]
[2022-12-08T17:18:37+08:00][sql] SHOW FULL COLUMNS FROM `gxfc_website` [ RunTime:0.000607s ]
[2022-12-08T17:18:37+08:00][sql] SELECT `title`,`logo`,`desc`,`keywords`,`web_status`,`close_reason`,`web_qrcode`,`web_phone` FROM `gxfc_website` WHERE  `site_id` = 0 LIMIT 1 [ RunTime:0.000253s ]
[2022-12-08T17:18:37+08:00][sql] SELECT `site_id`,`expire_time`,`site_name`,`username`,`website_id`,`cert_id`,`is_own`,`level_id`,`level_name`,`category_id`,`category_name`,`group_id`,`group_name`,`member_id`,`member_name`,`shop_status`,`close_info`,`sort`,`start_time`,`end_time`,`logo`,`avatar`,`banner`,`seo_keywords`,`seo_description`,`qq`,`ww`,`telephone`,`is_recommend`,`shop_desccredit`,`shop_servicecredit`,`shop_deliverycredit`,`workingtime`,`shop_baozh`,`shop_baozhopen`,`shop_baozhrmb`,`shop_qtian`,`shop_zhping`,`shop_erxiaoshi`,`shop_tuihuo`,`shop_shiyong`,`shop_shiti`,`shop_xiaoxie`,`shop_free_time`,`shop_sales`,`shop_adv`,`account`,`account_withdraw`,`work_week`,`province`,`province_name`,`city`,`city_name`,`district`,`district_name`,`community`,`community_name`,`address`,`full_address`,`longitude`,`latitude`,`sub_num` FROM `gxfc_shop` WHERE  `site_id` = 1 LIMIT 1 [ RunTime:0.000499s ]
[2022-12-08T17:18:37+08:00][sql] SHOW FULL COLUMNS FROM `gxfc_shop_reopen` [ RunTime:0.000718s ]
[2022-12-08T17:18:37+08:00][sql] SELECT `sr`.*,`s`.`site_name` FROM `gxfc_shop_reopen` `sr` LEFT JOIN `gxfc_shop` `s` ON `s`.`site_id`=`sr`.`site_id` WHERE  `sr`.`site_id` = 1  AND `sr`.`apply_state` IN (1,-1) LIMIT 1 [ RunTime:0.000368s ]
[2022-12-08T17:18:37+08:00][sql] SHOW FULL COLUMNS FROM `gxfc_user` [ RunTime:0.000538s ]
[2022-12-08T17:18:37+08:00][sql] SELECT `username`,`group_name`,`login_time` FROM `gxfc_user` WHERE  `uid` = 2 LIMIT 1 [ RunTime:0.000254s ]
[2022-12-08T17:18:37+08:00][sql] SHOW FULL COLUMNS FROM `gxfc_stat_shop` [ RunTime:0.000706s ]
[2022-12-08T17:18:37+08:00][sql] SELECT `id`,`site_id`,`year`,`month`,`day`,`order_total`,`shipping_total`,`refund_total`,`order_pay_count`,`goods_pay_count`,`shop_money`,`platform_money`,`create_time`,`modify_time`,`collect_shop`,`collect_goods`,`visit_count`,`order_count`,`goods_count`,`add_goods_count`,`day_time`,`member_count` FROM `gxfc_stat_shop` WHERE  `site_id` = 1  AND `year` = 2022  AND `month` = 12  AND `day` = 8 LIMIT 1 [ RunTime:0.000404s ]
[2022-12-08T17:18:37+08:00][sql] INSERT INTO `gxfc_stat_shop` SET `site_id` = 1 , `year` = 2022 , `month` = 12 , `day` = 8 , `day_time` = 1670428800 [ RunTime:0.010083s ]
[2022-12-08T17:18:37+08:00][sql] SELECT `id`,`site_id`,`year`,`month`,`day`,`order_total`,`shipping_total`,`refund_total`,`order_pay_count`,`goods_pay_count`,`shop_money`,`platform_money`,`create_time`,`modify_time`,`collect_shop`,`collect_goods`,`visit_count`,`order_count`,`goods_count`,`add_goods_count`,`day_time`,`member_count` FROM `gxfc_stat_shop` WHERE  `site_id` = 1  AND `year` = 2022  AND `month` = 12  AND `day` = 8  AND `day_time` = 1670428800 LIMIT 1 [ RunTime:0.000436s ]
[2022-12-08T17:18:37+08:00][sql] SELECT `id`,`site_id`,`year`,`month`,`day`,`order_total`,`shipping_total`,`refund_total`,`order_pay_count`,`goods_pay_count`,`shop_money`,`platform_money`,`create_time`,`modify_time`,`collect_shop`,`collect_goods`,`visit_count`,`order_count`,`goods_count`,`add_goods_count`,`day_time`,`member_count` FROM `gxfc_stat_shop` WHERE  `site_id` = 1  AND `year` = 2022  AND `month` = 12  AND `day` = 7 LIMIT 1 [ RunTime:0.000360s ]
[2022-12-08T17:18:37+08:00][sql] SELECT `id`,`site_id`,`year`,`month`,`day`,`order_total`,`shipping_total`,`refund_total`,`order_pay_count`,`goods_pay_count`,`shop_money`,`platform_money`,`create_time`,`modify_time`,`collect_shop`,`collect_goods`,`visit_count`,`order_count`,`goods_count`,`add_goods_count`,`day_time`,`member_count` FROM `gxfc_stat_shop` WHERE  `site_id` = 1  AND `year` = 2022  AND `month` = 11  AND `day` = 29 LIMIT 1 [ RunTime:0.000399s ]
[2022-12-08T17:18:37+08:00][sql] SELECT `id`,`site_id`,`year`,`month`,`day`,`order_total`,`shipping_total`,`refund_total`,`order_pay_count`,`goods_pay_count`,`shop_money`,`platform_money`,`create_time`,`modify_time`,`collect_shop`,`collect_goods`,`visit_count`,`order_count`,`goods_count`,`add_goods_count`,`day_time`,`member_count` FROM `gxfc_stat_shop` WHERE  `site_id` = 1  AND `year` = 2022  AND `month` = 11  AND `day` = 30 LIMIT 1 [ RunTime:0.000359s ]
[2022-12-08T17:18:37+08:00][sql] SELECT `id`,`site_id`,`year`,`month`,`day`,`order_total`,`shipping_total`,`refund_total`,`order_pay_count`,`goods_pay_count`,`shop_money`,`platform_money`,`create_time`,`modify_time`,`collect_shop`,`collect_goods`,`visit_count`,`order_count`,`goods_count`,`add_goods_count`,`day_time`,`member_count` FROM `gxfc_stat_shop` WHERE  `site_id` = 1  AND `year` = 2022  AND `month` = 12  AND `day` = 01 LIMIT 1 [ RunTime:0.000372s ]
[2022-12-08T17:18:37+08:00][sql] SELECT `id`,`site_id`,`year`,`month`,`day`,`order_total`,`shipping_total`,`refund_total`,`order_pay_count`,`goods_pay_count`,`shop_money`,`platform_money`,`create_time`,`modify_time`,`collect_shop`,`collect_goods`,`visit_count`,`order_count`,`goods_count`,`add_goods_count`,`day_time`,`member_count` FROM `gxfc_stat_shop` WHERE  `site_id` = 1  AND `year` = 2022  AND `month` = 12  AND `day` = 02 LIMIT 1 [ RunTime:0.000357s ]
[2022-12-08T17:18:37+08:00][sql] SELECT `id`,`site_id`,`year`,`month`,`day`,`order_total`,`shipping_total`,`refund_total`,`order_pay_count`,`goods_pay_count`,`shop_money`,`platform_money`,`create_time`,`modify_time`,`collect_shop`,`collect_goods`,`visit_count`,`order_count`,`goods_count`,`add_goods_count`,`day_time`,`member_count` FROM `gxfc_stat_shop` WHERE  `site_id` = 1  AND `year` = 2022  AND `month` = 12  AND `day` = 03 LIMIT 1 [ RunTime:0.000346s ]
[2022-12-08T17:18:37+08:00][sql] SELECT `id`,`site_id`,`year`,`month`,`day`,`order_total`,`shipping_total`,`refund_total`,`order_pay_count`,`goods_pay_count`,`shop_money`,`platform_money`,`create_time`,`modify_time`,`collect_shop`,`collect_goods`,`visit_count`,`order_count`,`goods_count`,`add_goods_count`,`day_time`,`member_count` FROM `gxfc_stat_shop` WHERE  `site_id` = 1  AND `year` = 2022  AND `month` = 12  AND `day` = 04 LIMIT 1 [ RunTime:0.000360s ]
[2022-12-08T17:18:37+08:00][sql] SELECT `id`,`site_id`,`year`,`month`,`day`,`order_total`,`shipping_total`,`refund_total`,`order_pay_count`,`goods_pay_count`,`shop_money`,`platform_money`,`create_time`,`modify_time`,`collect_shop`,`collect_goods`,`visit_count`,`order_count`,`goods_count`,`add_goods_count`,`day_time`,`member_count` FROM `gxfc_stat_shop` WHERE  `site_id` = 1  AND `year` = 2022  AND `month` = 12  AND `day` = 05 LIMIT 1 [ RunTime:0.000374s ]
[2022-12-08T17:18:37+08:00][sql] SELECT `id`,`site_id`,`year`,`month`,`day`,`order_total`,`shipping_total`,`refund_total`,`order_pay_count`,`goods_pay_count`,`shop_money`,`platform_money`,`create_time`,`modify_time`,`collect_shop`,`collect_goods`,`visit_count`,`order_count`,`goods_count`,`add_goods_count`,`day_time`,`member_count` FROM `gxfc_stat_shop` WHERE  `site_id` = 1  AND `year` = 2022  AND `month` = 12  AND `day` = 06 LIMIT 1 [ RunTime:0.000348s ]
[2022-12-08T17:18:37+08:00][sql] SELECT `id`,`site_id`,`year`,`month`,`day`,`order_total`,`shipping_total`,`refund_total`,`order_pay_count`,`goods_pay_count`,`shop_money`,`platform_money`,`create_time`,`modify_time`,`collect_shop`,`collect_goods`,`visit_count`,`order_count`,`goods_count`,`add_goods_count`,`day_time`,`member_count` FROM `gxfc_stat_shop` WHERE  `site_id` = 1  AND `year` = 2022  AND `month` = 12  AND `day` = 07 LIMIT 1 [ RunTime:0.000359s ]
[2022-12-08T17:18:37+08:00][sql] SELECT `id`,`site_id`,`year`,`month`,`day`,`order_total`,`shipping_total`,`refund_total`,`order_pay_count`,`goods_pay_count`,`shop_money`,`platform_money`,`create_time`,`modify_time`,`collect_shop`,`collect_goods`,`visit_count`,`order_count`,`goods_count`,`add_goods_count`,`day_time`,`member_count` FROM `gxfc_stat_shop` WHERE  `site_id` = 1  AND `year` = 2022  AND `month` = 12  AND `day` = 08 LIMIT 1 [ RunTime:0.000362s ]
[2022-12-08T17:18:37+08:00][sql] SELECT SUM(order_total) as order_total,SUM(shipping_total) as shipping_total,SUM(refund_total) as refund_total,SUM(order_pay_count) as order_pay_count,SUM(goods_pay_count) as goods_pay_count,SUM(shop_money) as shop_money,SUM(platform_money) as platform_money,SUM(collect_shop) as collect_shop,SUM(collect_goods) as collect_goods,SUM(visit_count) as visit_count,SUM(order_count) as order_count,SUM(goods_count) as goods_count,SUM(add_goods_count) as add_goods_count,SUM(member_count) as member_count FROM `gxfc_stat_shop` WHERE  `site_id` = 1 LIMIT 1 [ RunTime:0.000877s ]
[2022-12-08T17:18:37+08:00][sql] SHOW FULL COLUMNS FROM `gxfc_goods` [ RunTime:0.000825s ]
[2022-12-08T17:18:37+08:00][sql] SELECT COUNT(*) AS think_count FROM `gxfc_goods` WHERE  `site_id` = 1 [ RunTime:0.000330s ]
[2022-12-08T17:18:37+08:00][sql] SELECT `addon_array` FROM `gxfc_shop_group` WHERE  `group_id` = 1 LIMIT 1 [ RunTime:0.000256s ]
[2022-12-08T17:18:37+08:00][sql] SHOW FULL COLUMNS FROM `gxfc_order` [ RunTime:0.001063s ]
[2022-12-08T17:18:37+08:00][sql] SELECT COUNT(*) AS think_count FROM `gxfc_order` WHERE  `order_status` = 0  AND `site_id` = 1  AND `is_delete` = 0 [ RunTime:0.000335s ]
[2022-12-08T17:18:37+08:00][sql] SELECT COUNT(*) AS think_count FROM `gxfc_order` WHERE  `order_status` = 1  AND `site_id` = 1  AND `is_delete` = 0 [ RunTime:0.000298s ]
[2022-12-08T17:18:37+08:00][sql] SHOW FULL COLUMNS FROM `gxfc_order_goods` [ RunTime:0.000732s ]
[2022-12-08T17:18:37+08:00][sql] SELECT COUNT(*) AS think_count FROM `gxfc_order_goods` WHERE  `site_id` = 1  AND `refund_status` NOT IN (0,3) [ RunTime:0.000929s ]
[2022-12-08T17:18:37+08:00][sql] select count(goods_id) as num from gxfc_goods where goods_stock_alarm >= goods_stock and goods_stock_alarm > 0 and is_delete = 0 and goods_state = 1 and site_id = 1 [ RunTime:0.000328s ]
[2022-12-08T17:18:37+08:00][sql] SELECT COUNT(*) AS think_count FROM `gxfc_goods` WHERE  `goods_state` = 1  AND `site_id` = 1  AND `is_delete` = 0 [ RunTime:0.000312s ]
[2022-12-08T17:18:37+08:00][sql] SELECT COUNT(*) AS think_count FROM `gxfc_goods` WHERE  `verify_state` = 0  AND `site_id` = 1  AND `is_delete` = 0 [ RunTime:0.000307s ]
[2022-12-08T17:18:37+08:00][sql] SELECT COUNT(*) AS think_count FROM `gxfc_goods` WHERE  `verify_state` = 10  AND `site_id` = 1  AND `is_delete` = 0 [ RunTime:0.000319s ]
[2022-12-08T17:18:37+08:00][sql] SHOW FULL COLUMNS FROM `gxfc_help` [ RunTime:0.000666s ]
[2022-12-08T17:18:37+08:00][sql] SELECT COUNT(*) AS think_count FROM `gxfc_help` `a` WHERE  `app_module` = 'shop' ORDER BY `create_time` DESC [ RunTime:0.000274s ]
[2022-12-08T17:18:37+08:00][sql] SELECT `id`,`title`,`content`,`class_id`,`class_name`,`sort`,`link_address`,`create_time` FROM `gxfc_help` `a` WHERE  `app_module` = 'shop' ORDER BY `create_time` DESC LIMIT 0,5 [ RunTime:0.000303s ]
[2022-12-08T17:18:37+08:00][sql] SHOW FULL COLUMNS FROM `gxfc_notice` [ RunTime:0.000634s ]
[2022-12-08T17:18:37+08:00][sql] SELECT COUNT(*) AS think_count FROM `gxfc_notice` `a` WHERE  `receiving_type` LIKE '%shop%' ORDER BY `is_top` DESC,`create_time` DESC [ RunTime:0.000258s ]
[2022-12-08T17:18:37+08:00][sql] SELECT `id`,`title` FROM `gxfc_notice` `a` WHERE  `receiving_type` LIKE '%shop%' ORDER BY `is_top` DESC,`create_time` DESC LIMIT 0,5 [ RunTime:0.000303s ]
[2022-12-08T17:18:38+08:00][sql] CONNECT:[ UseTime:0.000552s ] mysql:host=127.0.0.1;port=3306;dbname=hunqin;charset=utf8
[2022-12-08T17:18:38+08:00][sql] SHOW FULL COLUMNS FROM `gxfc_shop` [ RunTime:0.001291s ]
[2022-12-08T17:18:38+08:00][sql] SELECT `website_id`,`site_name`,`logo`,`is_own`,`level_id`,`category_id`,`group_id`,`seo_keywords`,`seo_description`,`expire_time`,`shop_status` FROM `gxfc_shop` WHERE  `site_id` = 1 LIMIT 1 [ RunTime:0.001374s ]
[2022-12-08T17:18:38+08:00][sql] SHOW FULL COLUMNS FROM `gxfc_menu` [ RunTime:0.000658s ]
[2022-12-08T17:18:38+08:00][sql] SELECT `id`,`app_module`,`name`,`title`,`parent`,`level`,`url`,`is_show`,`sort`,`desc`,`picture`,`is_icon`,`picture_select`,`is_control`,`addon` FROM `gxfc_menu` WHERE  `url` = 'shop/Goods/lists'  AND `app_module` = 'shop' ORDER BY `level` DESC LIMIT 1 [ RunTime:0.000500s ]
[2022-12-08T17:18:38+08:00][sql] SELECT `id`,`app_module`,`name`,`title`,`parent`,`level`,`url`,`is_show`,`sort`,`desc`,`picture`,`is_icon`,`picture_select`,`is_control`,`addon` FROM `gxfc_menu` WHERE  `name` = 'GOODS_MANAGE'  AND `app_module` = 'shop' LIMIT 1 [ RunTime:0.000737s ]
[2022-12-08T17:18:38+08:00][sql] SELECT `id`,`app_module`,`name`,`title`,`parent`,`level`,`url`,`is_show`,`sort`,`desc`,`picture`,`is_icon`,`picture_select`,`is_control`,`addon` FROM `gxfc_menu` WHERE  `name` = 'GOODS_ROOT'  AND `app_module` = 'shop' LIMIT 1 [ RunTime:0.000338s ]
[2022-12-08T17:18:38+08:00][sql] SHOW FULL COLUMNS FROM `gxfc_goods` [ RunTime:0.000912s ]
[2022-12-08T17:18:38+08:00][sql] SELECT COUNT(*) AS think_count FROM `gxfc_goods` WHERE  `verify_state` = 0  AND `is_delete` = 0  AND `site_id` = 1 [ RunTime:0.000447s ]
[2022-12-08T17:18:38+08:00][sql] SELECT COUNT(*) AS think_count FROM `gxfc_goods` WHERE  `verify_state` = -2  AND `is_delete` = 0  AND `site_id` = 1 [ RunTime:0.000300s ]
[2022-12-08T17:18:38+08:00][sql] SELECT COUNT(*) AS think_count FROM `gxfc_goods` WHERE  `verify_state` = 10  AND `is_delete` = 0  AND `site_id` = 1 [ RunTime:0.000320s ]
[2022-12-08T17:18:38+08:00][sql] SHOW FULL COLUMNS FROM `gxfc_goods_shop_category` [ RunTime:0.000790s ]
[2022-12-08T17:18:38+08:00][sql] SELECT `category_id`,`category_name`,`pid`,`level` FROM `gxfc_goods_shop_category` WHERE  `site_id` = 1 ORDER BY `sort` ASC [ RunTime:0.000347s ]
[2022-12-08T17:18:38+08:00][sql] SHOW FULL COLUMNS FROM `gxfc_express_template` [ RunTime:0.000759s ]
[2022-12-08T17:18:38+08:00][sql] SELECT `template_id`,`template_name` FROM `gxfc_express_template` WHERE  `site_id` = 1 ORDER BY `is_default` DESC [ RunTime:0.000274s ]
[2022-12-08T17:18:38+08:00][sql] SHOW FULL COLUMNS FROM `gxfc_goods_category` [ RunTime:0.000631s ]
[2022-12-08T17:18:38+08:00][sql] SELECT `category_id`,`category_name`,`short_name`,`pid`,`level`,`is_show`,`sort`,`image`,`attr_class_name`,`category_id_1`,`category_id_2`,`category_id_3`,`commission_rate`,`supply_commission_rate` FROM `gxfc_goods_category` ORDER BY `sort` ASC [ RunTime:0.000344s ]
[2022-12-08T17:18:39+08:00][sql] CONNECT:[ UseTime:0.002782s ] mysql:host=127.0.0.1;port=3306;dbname=hunqin;charset=utf8
[2022-12-08T17:18:39+08:00][sql] SHOW FULL COLUMNS FROM `gxfc_shop` [ RunTime:0.001316s ]
[2022-12-08T17:18:39+08:00][sql] SELECT `website_id`,`site_name`,`logo`,`is_own`,`level_id`,`category_id`,`group_id`,`seo_keywords`,`seo_description`,`expire_time`,`shop_status` FROM `gxfc_shop` WHERE  `site_id` = 1 LIMIT 1 [ RunTime:0.000509s ]
[2022-12-08T17:18:39+08:00][sql] SHOW FULL COLUMNS FROM `gxfc_goods` [ RunTime:0.001151s ]
[2022-12-08T17:18:39+08:00][sql] SELECT COUNT(*) AS think_count FROM `gxfc_goods` WHERE  `verify_state` = 0  AND `is_delete` = 0  AND `site_id` = 1 [ RunTime:0.000466s ]
[2022-12-08T17:18:39+08:00][sql] SELECT COUNT(*) AS think_count FROM `gxfc_goods` WHERE  `verify_state` = -2  AND `is_delete` = 0  AND `site_id` = 1 [ RunTime:0.000373s ]
[2022-12-08T17:18:39+08:00][sql] SELECT COUNT(*) AS think_count FROM `gxfc_goods` WHERE  `verify_state` = 10  AND `is_delete` = 0  AND `site_id` = 1 [ RunTime:0.000500s ]
[2022-12-08T17:18:39+08:00][sql] CONNECT:[ UseTime:0.000329s ] mysql:host=127.0.0.1;port=3306;dbname=hunqin;charset=utf8
[2022-12-08T17:18:39+08:00][sql] SHOW FULL COLUMNS FROM `gxfc_shop` [ RunTime:0.000824s ]
[2022-12-08T17:18:39+08:00][sql] SELECT `website_id`,`site_name`,`logo`,`is_own`,`level_id`,`category_id`,`group_id`,`seo_keywords`,`seo_description`,`expire_time`,`shop_status` FROM `gxfc_shop` WHERE  `site_id` = 1 LIMIT 1 [ RunTime:0.000360s ]
[2022-12-08T17:18:39+08:00][sql] SHOW FULL COLUMNS FROM `gxfc_goods` [ RunTime:0.000802s ]
[2022-12-08T17:18:39+08:00][sql] SELECT COUNT(*) AS think_count FROM `gxfc_goods` `` WHERE  `is_delete` = 0  AND `site_id` = 1 ORDER BY `create_time` DESC [ RunTime:0.000362s ]
[2022-12-08T17:18:39+08:00][sql] SELECT `goods_id`,`goods_name`,`site_id`,`site_name`,`goods_image`,`is_own`,`goods_state`,`verify_state`,`price`,`goods_stock`,`goods_stock_alarm`,`create_time`,`sale_num`,`is_virtual`,`goods_class`,`is_fenxiao`,`fenxiao_type`,`sku_id`,`max_buy`,`min_buy`,`promotion_addon`,`sort` FROM `gxfc_goods` `` WHERE  `is_delete` = 0  AND `site_id` = 1 ORDER BY `create_time` DESC LIMIT 0,10 [ RunTime:0.000447s ]
[2022-12-08T17:18:41+08:00][sql] CONNECT:[ UseTime:0.000435s ] mysql:host=127.0.0.1;port=3306;dbname=hunqin;charset=utf8
[2022-12-08T17:18:41+08:00][sql] SHOW FULL COLUMNS FROM `gxfc_shop` [ RunTime:0.000897s ]
[2022-12-08T17:18:41+08:00][sql] SELECT `website_id`,`site_name`,`logo`,`is_own`,`level_id`,`category_id`,`group_id`,`seo_keywords`,`seo_description`,`expire_time`,`shop_status` FROM `gxfc_shop` WHERE  `site_id` = 1 LIMIT 1 [ RunTime:0.000335s ]
[2022-12-08T17:18:41+08:00][sql] SHOW FULL COLUMNS FROM `gxfc_menu` [ RunTime:0.000690s ]
[2022-12-08T17:18:41+08:00][sql] SELECT `id`,`app_module`,`name`,`title`,`parent`,`level`,`url`,`is_show`,`sort`,`desc`,`picture`,`is_icon`,`picture_select`,`is_control`,`addon` FROM `gxfc_menu` WHERE  `url` = 'shop/Virtualgoods/editgoods'  AND `app_module` = 'shop' ORDER BY `level` DESC LIMIT 1 [ RunTime:0.000442s ]
[2022-12-08T17:18:41+08:00][sql] SELECT `id`,`app_module`,`name`,`title`,`parent`,`level`,`url`,`is_show`,`sort`,`desc`,`picture`,`is_icon`,`picture_select`,`is_control`,`addon` FROM `gxfc_menu` WHERE  `name` = 'VIRTUAL_GOODS_EDIT'  AND `app_module` = 'shop' LIMIT 1 [ RunTime:0.000375s ]
[2022-12-08T17:18:41+08:00][sql] SHOW FULL COLUMNS FROM `gxfc_goods` [ RunTime:0.001013s ]
[2022-12-08T17:18:41+08:00][sql] SELECT * FROM `gxfc_goods` WHERE  `goods_id` = 216  AND `site_id` = 1 LIMIT 1 [ RunTime:0.000606s ]
[2022-12-08T17:18:41+08:00][sql] SHOW FULL COLUMNS FROM `gxfc_goods_category` [ RunTime:0.000655s ]
[2022-12-08T17:18:41+08:00][sql] SELECT `category_name` FROM `gxfc_goods_category` WHERE  `category_id` IN (36,37) [ RunTime:0.000297s ]
[2022-12-08T17:18:41+08:00][sql] SHOW FULL COLUMNS FROM `gxfc_goods_sku` [ RunTime:0.001196s ]
[2022-12-08T17:18:41+08:00][sql] SELECT `sku_id`,`sku_name`,`sku_no`,`sku_spec_format`,`price`,`market_price`,`cost_price`,`stock`,`virtual_indate`,`sku_image`,`sku_images`,`goods_spec_format`,`spec_name`,`stock_alarm`,`is_default`,`is_lease`,`cash_pledge` FROM `gxfc_goods_sku` WHERE  `goods_id` = 216  AND `site_id` = 1 [ RunTime:0.000413s ]
[2022-12-08T17:18:41+08:00][sql] SELECT `category_id`,`category_name`,`level`,`commission_rate` FROM `gxfc_goods_category` WHERE  `pid` = 0 ORDER BY `sort` ASC [ RunTime:0.000322s ]
[2022-12-08T17:18:41+08:00][sql] SHOW FULL COLUMNS FROM `gxfc_goods_brand` [ RunTime:0.000563s ]
[2022-12-08T17:18:41+08:00][sql] SELECT `brand_id`,`brand_name` FROM `gxfc_goods_brand` WHERE  `site_id` IN (0,1) [ RunTime:0.000243s ]
[2022-12-08T17:18:41+08:00][sql] SHOW FULL COLUMNS FROM `gxfc_goods_shop_category` [ RunTime:0.000517s ]
[2022-12-08T17:18:41+08:00][sql] SELECT `category_id`,`category_name`,`pid`,`level` FROM `gxfc_goods_shop_category` WHERE  `site_id` = 1 ORDER BY `sort` ASC [ RunTime:0.000260s ]
[2022-12-08T17:18:41+08:00][sql] SHOW FULL COLUMNS FROM `gxfc_goods_attr_class` [ RunTime:0.000533s ]
[2022-12-08T17:18:41+08:00][sql] SELECT `class_id`,`class_name` FROM `gxfc_goods_attr_class` WHERE  `site_id` IN (0,1) ORDER BY `class_id` DESC [ RunTime:0.000238s ]
[2022-12-08T17:18:41+08:00][sql] SHOW FULL COLUMNS FROM `gxfc_supplier` [ RunTime:0.000682s ]
[2022-12-08T17:18:41+08:00][sql] SELECT COUNT(*) AS think_count FROM `gxfc_supplier` `a` ORDER BY `supplier_id` DESC [ RunTime:0.000225s ]
[2022-12-08T17:18:41+08:00][sql] SELECT `supplier_id`,`title`,`supplier_site_id` FROM `gxfc_supplier` `a` ORDER BY `supplier_id` DESC LIMIT 0,10 [ RunTime:0.000185s ]
[2022-12-08T17:18:41+08:00][sql] CONNECT:[ UseTime:0.000419s ] mysql:host=127.0.0.1;port=3306;dbname=hunqin;charset=utf8
[2022-12-08T17:18:41+08:00][sql] SHOW FULL COLUMNS FROM `gxfc_shop` [ RunTime:0.000893s ]
[2022-12-08T17:18:41+08:00][sql] SELECT `website_id`,`site_name`,`logo`,`is_own`,`level_id`,`category_id`,`group_id`,`seo_keywords`,`seo_description`,`expire_time`,`shop_status` FROM `gxfc_shop` WHERE  `site_id` = 1 LIMIT 1 [ RunTime:0.000327s ]
[2022-12-08T17:18:41+08:00][sql] SELECT `group_id` FROM `gxfc_shop` WHERE  `site_id` = 1 LIMIT 1 [ RunTime:0.000359s ]
[2022-12-08T17:18:41+08:00][sql] SHOW FULL COLUMNS FROM `gxfc_goods_category` [ RunTime:0.000595s ]
[2022-12-08T17:18:41+08:00][sql] SELECT `category_id`,`category_name`,`pid`,`level`,`category_id_1`,`category_id_2`,`category_id_3` FROM `gxfc_goods_category` WHERE  `level` = 1  AND `category_id` IN (31,36)  AND `is_jifen` = 0 ORDER BY `sort` ASC [ RunTime:0.000343s ]
[2022-12-08T17:18:41+08:00][sql] SELECT COUNT(*) AS think_count FROM `gxfc_goods_category` WHERE  `pid` = 31 [ RunTime:0.000267s ]
[2022-12-08T17:18:41+08:00][sql] SELECT COUNT(*) AS think_count FROM `gxfc_goods_category` WHERE  `pid` = 36 [ RunTime:0.000201s ]
[2022-12-08T17:18:48+08:00][sql] CONNECT:[ UseTime:0.000443s ] mysql:host=127.0.0.1;port=3306;dbname=hunqin;charset=utf8
[2022-12-08T17:18:48+08:00][sql] SHOW FULL COLUMNS FROM `gxfc_shop` [ RunTime:0.000987s ]
[2022-12-08T17:18:48+08:00][sql] SELECT `website_id`,`site_name`,`logo`,`is_own`,`level_id`,`category_id`,`group_id`,`seo_keywords`,`seo_description`,`expire_time`,`shop_status` FROM `gxfc_shop` WHERE  `site_id` = 1 LIMIT 1 [ RunTime:0.000434s ]
[2022-12-08T17:18:48+08:00][sql] SELECT `site_name`,`website_id`,`is_own`,`cert_id`,`shop_status` FROM `gxfc_shop` WHERE  `site_id` = 1 LIMIT 1 [ RunTime:0.000294s ]
[2022-12-08T17:18:48+08:00][sql] SHOW FULL COLUMNS FROM `gxfc_config` [ RunTime:0.000561s ]
[2022-12-08T17:18:48+08:00][sql] SELECT `site_id`,`app_module`,`config_key`,`value`,`config_desc`,`is_use`,`create_time`,`modify_time` FROM `gxfc_config` WHERE  `site_id` = 0  AND `app_module` = 'shop'  AND `config_key` = 'GOODS_VERIFY_CONFIG' LIMIT 1 [ RunTime:0.000341s ]
[2022-12-08T17:18:48+08:00][sql] SHOW FULL COLUMNS FROM `gxfc_goods_category` [ RunTime:0.000610s ]
[2022-12-08T17:18:48+08:00][sql] SELECT `commission_rate`,`category_full_name` FROM `gxfc_goods_category` WHERE  `category_id` = 36,37 LIMIT 1 [ RunTime:0.000262s ]
[2022-12-08T17:18:48+08:00][sql] SHOW FULL COLUMNS FROM `gxfc_goods` [ RunTime:0.000769s ]
[2022-12-08T17:18:48+08:00][sql] UPDATE `gxfc_goods`  SET `goods_image` = 'upload/1/common/images/20220706/20220706112446165707788623539.jpg' , `goods_stock` = 1111 , `price` = '11111.00' , `market_price` = '0.00' , `cost_price` = '0.00' , `goods_spec_format` = '' , `category_id` = ',36,37,' , `category_json` = '[\"36,37\"]' , `timer_on` =  , `timer_off` =  , `commission_rate` = '3.00' , `category_name` = '租赁' , `goods_name` = '11111' , `goods_class` = 2 , `goods_class_name` = '虚拟商品' , `goods_attr_class` = 0 , `goods_attr_name` = '' , `site_id` = 1 , `goods_content` = '<p>11111<br/></p>' , `goods_state` = 1 , `goods_stock_alarm` = 0 , `goods_attr_format` = '[]' , `introduction` = '' , `keywords` = '' , `unit` = '' , `video_url` = 'upload/1/common/video/20221208/20221208051847167049112725240.mp4' , `modify_time` = 1670491128 , `max_buy` = 0 , `min_buy` = 0 , `is_own` = 1 , `brand_id` = 0 , `brand_name` = '' , `verify_state` = 0 , `goods_shop_category_ids` = '' , `supplier_id` = 0 , `site_name` = '全民' , `website_id` = 0 , `is_virtual` = 1 , `virtual_indate` = 1111111 , `wj_off` = 0 , `cash_pledge` = '0.00'  WHERE  `goods_id` = 216  AND `goods_class` = 2 [ RunTime:0.000553s ]
[2022-12-08T17:18:48+08:00][sql] SHOW FULL COLUMNS FROM `gxfc_promotion_discount_goods` [ RunTime:0.000682s ]
[2022-12-08T17:18:48+08:00][sql] SELECT * FROM `gxfc_promotion_discount_goods` `pdg` INNER JOIN `gxfc_promotion_discount` `pd` ON `pd`.`discount_id`=`pdg`.`discount_id` WHERE  `pdg`.`sku_id` = '1124'  AND `pd`.`status` = 1 LIMIT 1 [ RunTime:0.000523s ]
[2022-12-08T17:18:48+08:00][sql] SHOW FULL COLUMNS FROM `gxfc_goods_sku` [ RunTime:0.000756s ]
[2022-12-08T17:18:48+08:00][sql] UPDATE `gxfc_goods_sku`  SET `sku_name` = '11111 ' , `spec_name` = '' , `sku_no` = '' , `sku_spec_format` = '' , `price` = '11111.00' , `market_price` = '0.00' , `cost_price` = '0.00' , `stock` = 1111 , `stock_alarm` = 0 , `sku_image` = 'upload/1/common/images/20220706/20220706112446165707788623539.jpg' , `sku_images` = 'upload/1/common/images/20220706/20220706112446165707788623539.jpg' , `goods_id` = 216 , `is_default` = 0 , `discount_price` = '11111.00' , `goods_name` = '11111' , `goods_class` = 2 , `goods_class_name` = '虚拟商品' , `goods_attr_class` = 0 , `goods_attr_name` = '' , `site_id` = 1 , `goods_content` = '<p>11111<br/></p>' , `goods_state` = 1 , `goods_stock_alarm` = 0 , `goods_attr_format` = '[]' , `introduction` = '' , `keywords` = '' , `unit` = '' , `video_url` = 'upload/1/common/video/20221208/20221208051847167049112725240.mp4' , `modify_time` = 1670491128 , `max_buy` = 0 , `min_buy` = 0 , `is_own` = 1 , `brand_id` = 0 , `brand_name` = '' , `verify_state` = 0 , `goods_shop_category_ids` = '' , `supplier_id` = 0 , `site_name` = '全民' , `website_id` = 0 , `is_virtual` = 1 , `virtual_indate` = 1111111 , `cash_pledge` = '0.00'  WHERE  `sku_id` = 1124  AND `goods_class` = 2 [ RunTime:0.000508s ]
[2022-12-08T17:18:48+08:00][sql] SELECT `sku_id` FROM `gxfc_goods_sku` WHERE  `goods_id` = 216 [ RunTime:0.000248s ]
[2022-12-08T17:18:48+08:00][sql] SELECT `sku_id` FROM `gxfc_goods_sku` WHERE  `goods_id` = 216 ORDER BY `is_default` DESC,`sku_id` ASC LIMIT 1 [ RunTime:0.000298s ]
[2022-12-08T17:18:48+08:00][sql] UPDATE `gxfc_goods`  SET `sku_id` = 1124 , `goods_stock` = 1111  WHERE  `goods_id` = 216 [ RunTime:0.000302s ]
[2022-12-08T17:18:48+08:00][sql] SHOW FULL COLUMNS FROM `gxfc_goods_attr_index` [ RunTime:0.000527s ]
[2022-12-08T17:18:48+08:00][sql] DELETE FROM `gxfc_goods_attr_index` WHERE  `goods_id` = 216  AND `app_module` = 'shop' [ RunTime:0.000213s ]
[2022-12-08T17:18:48+08:00][sql] SELECT `sku_id` FROM `gxfc_goods_sku` WHERE  `goods_id` = 216 [ RunTime:0.000221s ]
[2022-12-08T17:18:48+08:00][sql] CONNECT:[ UseTime:0.000428s ] mysql:host=127.0.0.1;port=3306;dbname=hunqin;charset=utf8
[2022-12-08T17:18:48+08:00][sql] SHOW FULL COLUMNS FROM `gxfc_shop` [ RunTime:0.001069s ]
[2022-12-08T17:18:48+08:00][sql] SELECT `website_id`,`site_name`,`logo`,`is_own`,`level_id`,`category_id`,`group_id`,`seo_keywords`,`seo_description`,`expire_time`,`shop_status` FROM `gxfc_shop` WHERE  `site_id` = 1 LIMIT 1 [ RunTime:0.000407s ]
[2022-12-08T17:18:48+08:00][sql] SHOW FULL COLUMNS FROM `gxfc_goods` [ RunTime:0.001026s ]
[2022-12-08T17:18:48+08:00][sql] SELECT COUNT(*) AS think_count FROM `gxfc_goods` WHERE  `verify_state` = 0  AND `is_delete` = 0  AND `site_id` = 1 [ RunTime:0.000425s ]
[2022-12-08T17:18:48+08:00][sql] SELECT COUNT(*) AS think_count FROM `gxfc_goods` WHERE  `verify_state` = -2  AND `is_delete` = 0  AND `site_id` = 1 [ RunTime:0.000345s ]
[2022-12-08T17:18:48+08:00][sql] SELECT COUNT(*) AS think_count FROM `gxfc_goods` WHERE  `verify_state` = 10  AND `is_delete` = 0  AND `site_id` = 1 [ RunTime:0.000341s ]
[2022-12-08T17:18:48+08:00][sql] SHOW FULL COLUMNS FROM `gxfc_goods_shop_category` [ RunTime:0.000594s ]
[2022-12-08T17:18:48+08:00][sql] SELECT `category_id`,`category_name`,`pid`,`level` FROM `gxfc_goods_shop_category` WHERE  `site_id` = 1 ORDER BY `sort` ASC [ RunTime:0.000307s ]
[2022-12-08T17:18:48+08:00][sql] SHOW FULL COLUMNS FROM `gxfc_express_template` [ RunTime:0.000547s ]
[2022-12-08T17:18:48+08:00][sql] SELECT `template_id`,`template_name` FROM `gxfc_express_template` WHERE  `site_id` = 1 ORDER BY `is_default` DESC [ RunTime:0.000293s ]
[2022-12-08T17:18:48+08:00][sql] CONNECT:[ UseTime:0.000507s ] mysql:host=127.0.0.1;port=3306;dbname=hunqin;charset=utf8
[2022-12-08T17:18:48+08:00][sql] SHOW FULL COLUMNS FROM `gxfc_shop` [ RunTime:0.000985s ]
[2022-12-08T17:18:48+08:00][sql] SELECT `website_id`,`site_name`,`logo`,`is_own`,`level_id`,`category_id`,`group_id`,`seo_keywords`,`seo_description`,`expire_time`,`shop_status` FROM `gxfc_shop` WHERE  `site_id` = 1 LIMIT 1 [ RunTime:0.000393s ]
[2022-12-08T17:18:48+08:00][sql] SHOW FULL COLUMNS FROM `gxfc_goods` [ RunTime:0.000862s ]
[2022-12-08T17:18:48+08:00][sql] SELECT COUNT(*) AS think_count FROM `gxfc_goods` WHERE  `verify_state` = 0  AND `is_delete` = 0  AND `site_id` = 1 [ RunTime:0.000388s ]
[2022-12-08T17:18:48+08:00][sql] SELECT COUNT(*) AS think_count FROM `gxfc_goods` WHERE  `verify_state` = -2  AND `is_delete` = 0  AND `site_id` = 1 [ RunTime:0.000350s ]
[2022-12-08T17:18:48+08:00][sql] SELECT COUNT(*) AS think_count FROM `gxfc_goods` WHERE  `verify_state` = 10  AND `is_delete` = 0  AND `site_id` = 1 [ RunTime:0.000375s ]
[2022-12-08T17:18:48+08:00][sql] CONNECT:[ UseTime:0.000405s ] mysql:host=127.0.0.1;port=3306;dbname=hunqin;charset=utf8
[2022-12-08T17:18:48+08:00][sql] SHOW FULL COLUMNS FROM `gxfc_shop` [ RunTime:0.000946s ]
[2022-12-08T17:18:48+08:00][sql] SELECT `website_id`,`site_name`,`logo`,`is_own`,`level_id`,`category_id`,`group_id`,`seo_keywords`,`seo_description`,`expire_time`,`shop_status` FROM `gxfc_shop` WHERE  `site_id` = 1 LIMIT 1 [ RunTime:0.000381s ]
[2022-12-08T17:18:48+08:00][sql] SHOW FULL COLUMNS FROM `gxfc_goods` [ RunTime:0.000845s ]
[2022-12-08T17:18:48+08:00][sql] SELECT COUNT(*) AS think_count FROM `gxfc_goods` `` WHERE  `is_delete` = 0  AND `site_id` = 1 ORDER BY `create_time` DESC [ RunTime:0.000421s ]
[2022-12-08T17:18:48+08:00][sql] SELECT `goods_id`,`goods_name`,`site_id`,`site_name`,`goods_image`,`is_own`,`goods_state`,`verify_state`,`price`,`goods_stock`,`goods_stock_alarm`,`create_time`,`sale_num`,`is_virtual`,`goods_class`,`is_fenxiao`,`fenxiao_type`,`sku_id`,`max_buy`,`min_buy`,`promotion_addon`,`sort` FROM `gxfc_goods` `` WHERE  `is_delete` = 0  AND `site_id` = 1 ORDER BY `create_time` DESC LIMIT 0,10 [ RunTime:0.000514s ]
[2022-12-08T17:18:51+08:00][sql] CONNECT:[ UseTime:0.000415s ] mysql:host=127.0.0.1;port=3306;dbname=hunqin;charset=utf8
[2022-12-08T17:18:51+08:00][sql] SHOW FULL COLUMNS FROM `gxfc_shop` [ RunTime:0.000893s ]
[2022-12-08T17:18:51+08:00][sql] SELECT `website_id`,`site_name`,`logo`,`is_own`,`level_id`,`category_id`,`group_id`,`seo_keywords`,`seo_description`,`expire_time`,`shop_status` FROM `gxfc_shop` WHERE  `site_id` = 1 LIMIT 1 [ RunTime:0.000360s ]
[2022-12-08T17:18:51+08:00][sql] SHOW FULL COLUMNS FROM `gxfc_goods` [ RunTime:0.000915s ]
[2022-12-08T17:18:51+08:00][sql] SELECT * FROM `gxfc_goods` WHERE  `goods_id` = 216  AND `site_id` = 1 LIMIT 1 [ RunTime:0.000519s ]
[2022-12-08T17:18:51+08:00][sql] SHOW FULL COLUMNS FROM `gxfc_goods_category` [ RunTime:0.000510s ]
[2022-12-08T17:18:51+08:00][sql] SELECT `category_name` FROM `gxfc_goods_category` WHERE  `category_id` IN (36,37) [ RunTime:0.000255s ]
[2022-12-08T17:18:51+08:00][sql] SHOW FULL COLUMNS FROM `gxfc_goods_sku` [ RunTime:0.000693s ]
[2022-12-08T17:18:51+08:00][sql] SELECT `sku_id`,`sku_name`,`sku_no`,`sku_spec_format`,`price`,`market_price`,`cost_price`,`stock`,`virtual_indate`,`sku_image`,`sku_images`,`goods_spec_format`,`spec_name`,`stock_alarm`,`is_default`,`is_lease`,`cash_pledge` FROM `gxfc_goods_sku` WHERE  `goods_id` = 216  AND `site_id` = 1 [ RunTime:0.000360s ]
[2022-12-08T17:18:51+08:00][sql] SHOW FULL COLUMNS FROM `gxfc_goods_shop_category` [ RunTime:0.000585s ]
[2022-12-08T17:18:51+08:00][sql] SELECT `category_id`,`category_name`,`pid`,`level` FROM `gxfc_goods_shop_category` WHERE  `site_id` = 1 ORDER BY `sort` ASC [ RunTime:0.000348s ]
[2022-12-08T17:18:51+08:00][sql] CONNECT:[ UseTime:0.000474s ] mysql:host=127.0.0.1;port=3306;dbname=hunqin;charset=utf8
[2022-12-08T17:18:51+08:00][sql] SHOW FULL COLUMNS FROM `gxfc_shop` [ RunTime:0.000877s ]
[2022-12-08T17:18:51+08:00][sql] SELECT `website_id`,`site_name`,`logo`,`is_own`,`level_id`,`category_id`,`group_id`,`seo_keywords`,`seo_description`,`expire_time`,`shop_status` FROM `gxfc_shop` WHERE  `site_id` = 1 LIMIT 1 [ RunTime:0.000352s ]
[2022-12-08T17:18:51+08:00][sql] SELECT `group_id` FROM `gxfc_shop` WHERE  `site_id` = 1 LIMIT 1 [ RunTime:0.000343s ]
[2022-12-08T17:19:04+08:00][sql] CONNECT:[ UseTime:0.000450s ] mysql:host=127.0.0.1;port=3306;dbname=hunqin;charset=utf8
[2022-12-08T17:19:04+08:00][sql] SHOW FULL COLUMNS FROM `gxfc_shop` [ RunTime:0.000898s ]
[2022-12-08T17:19:04+08:00][sql] SELECT `website_id`,`site_name`,`logo`,`is_own`,`level_id`,`category_id`,`group_id`,`seo_keywords`,`seo_description`,`expire_time`,`shop_status` FROM `gxfc_shop` WHERE  `site_id` = 1 LIMIT 1 [ RunTime:0.000369s ]
[2022-12-08T17:19:04+08:00][sql] SHOW FULL COLUMNS FROM `gxfc_goods` [ RunTime:0.000933s ]
[2022-12-08T17:19:04+08:00][sql] SELECT * FROM `gxfc_goods` WHERE  `goods_id` = 216  AND `site_id` = 1 LIMIT 1 [ RunTime:0.000510s ]
[2022-12-08T17:19:04+08:00][sql] SHOW FULL COLUMNS FROM `gxfc_goods_category` [ RunTime:0.000547s ]
[2022-12-08T17:19:04+08:00][sql] SELECT `category_name` FROM `gxfc_goods_category` WHERE  `category_id` IN (36,37) [ RunTime:0.000250s ]
[2022-12-08T17:19:04+08:00][sql] SHOW FULL COLUMNS FROM `gxfc_goods_sku` [ RunTime:0.000721s ]
[2022-12-08T17:19:04+08:00][sql] SELECT `sku_id`,`sku_name`,`sku_no`,`sku_spec_format`,`price`,`market_price`,`cost_price`,`stock`,`virtual_indate`,`sku_image`,`sku_images`,`goods_spec_format`,`spec_name`,`stock_alarm`,`is_default`,`is_lease`,`cash_pledge` FROM `gxfc_goods_sku` WHERE  `goods_id` = 216  AND `site_id` = 1 [ RunTime:0.000374s ]
[2022-12-08T17:19:04+08:00][sql] SHOW FULL COLUMNS FROM `gxfc_goods_shop_category` [ RunTime:0.000538s ]
[2022-12-08T17:19:04+08:00][sql] SELECT `category_id`,`category_name`,`pid`,`level` FROM `gxfc_goods_shop_category` WHERE  `site_id` = 1 ORDER BY `sort` ASC [ RunTime:0.000261s ]
[2022-12-08T17:19:04+08:00][sql] CONNECT:[ UseTime:0.000440s ] mysql:host=127.0.0.1;port=3306;dbname=hunqin;charset=utf8
[2022-12-08T17:19:04+08:00][sql] SHOW FULL COLUMNS FROM `gxfc_shop` [ RunTime:0.000973s ]
[2022-12-08T17:19:04+08:00][sql] SELECT `website_id`,`site_name`,`logo`,`is_own`,`level_id`,`category_id`,`group_id`,`seo_keywords`,`seo_description`,`expire_time`,`shop_status` FROM `gxfc_shop` WHERE  `site_id` = 1 LIMIT 1 [ RunTime:0.000392s ]
[2022-12-08T17:19:04+08:00][sql] SELECT `group_id` FROM `gxfc_shop` WHERE  `site_id` = 1 LIMIT 1 [ RunTime:0.000329s ]
