[2023-03-20T16:20:45+08:00][sql] CONNECT:[ UseTime:0.001129s ] mysql:host=127.0.0.1;port=3306;dbname=tongcheng;charset=utf8
[2023-03-20T16:20:45+08:00][sql] SHOW FULL COLUMNS FROM `gxfc_addon` [ RunTime:0.003925s ]
[2023-03-20T16:20:45+08:00][sql] SELECT `name` FROM `gxfc_addon` [ RunTime:0.000946s ]
[2023-03-20T16:20:46+08:00][sql] SHOW FULL COLUMNS FROM `gxfc_group` [ RunTime:0.002015s ]
[2023-03-20T16:20:46+08:00][sql] SELECT * FROM `gxfc_group` WHERE  `group_id` = 1  AND `site_id` = 0  AND `app_module` = 'admin' LIMIT 1 [ RunTime:0.000551s ]
[2023-03-20T16:20:46+08:00][sql] SHOW FULL COLUMNS FROM `gxfc_menu` [ RunTime:0.002187s ]
[2023-03-20T16:20:46+08:00][sql] SELECT * FROM `gxfc_menu` WHERE  `app_module` = 'admin'  AND `is_show` = 1 ORDER BY `sort` ASC [ RunTime:0.001911s ]
[2023-03-20T16:20:46+08:00][sql] SELECT `id`,`app_module`,`name`,`title`,`parent`,`level`,`url`,`is_show`,`sort`,`desc`,`picture`,`is_icon`,`picture_select`,`is_control`,`addon` FROM `gxfc_menu` WHERE  `url` = 'admin/System/cache'  AND `app_module` = 'admin' ORDER BY `level` DESC LIMIT 1 [ RunTime:0.000728s ]
[2023-03-20T16:20:46+08:00][sql] SELECT `id`,`app_module`,`name`,`title`,`parent`,`level`,`url`,`is_show`,`sort`,`desc`,`picture`,`is_icon`,`picture_select`,`is_control`,`addon` FROM `gxfc_menu` WHERE  `name` = 'CONFIG_SYSTEM_CACHE'  AND `app_module` = 'admin' LIMIT 1 [ RunTime:0.000984s ]
[2023-03-20T16:20:46+08:00][sql] SELECT `id`,`app_module`,`name`,`title`,`parent`,`level`,`url`,`is_show`,`sort`,`desc`,`picture`,`is_icon`,`picture_select`,`is_control`,`addon` FROM `gxfc_menu` WHERE  `name` = 'CONFIG_SYSTEM'  AND `app_module` = 'admin' LIMIT 1 [ RunTime:0.000713s ]
[2023-03-20T16:20:46+08:00][sql] SELECT `id`,`app_module`,`name`,`title`,`parent`,`level`,`url`,`is_show`,`sort`,`desc`,`picture`,`is_icon`,`picture_select`,`is_control`,`addon` FROM `gxfc_menu` WHERE  `name` = 'CONFIG_ROOT'  AND `app_module` = 'admin' LIMIT 1 [ RunTime:0.000779s ]
[2023-03-20T16:20:46+08:00][sql] SHOW FULL COLUMNS FROM `gxfc_website` [ RunTime:0.001057s ]
[2023-03-20T16:20:46+08:00][sql] SELECT `title`,`logo`,`desc`,`keywords`,`web_status`,`close_reason` FROM `gxfc_website` WHERE  `site_id` = 0 LIMIT 1 [ RunTime:0.000512s ]
[2023-03-20T16:20:46+08:00][sql] SHOW FULL COLUMNS FROM `gxfc_config` [ RunTime:0.002312s ]
[2023-03-20T16:20:46+08:00][sql] SELECT `site_id`,`app_module`,`config_key`,`value`,`config_desc`,`is_use`,`create_time`,`modify_time` FROM `gxfc_config` WHERE  `site_id` = 0  AND `app_module` = 'admin'  AND `config_key` = 'COPYRIGHT' LIMIT 1 [ RunTime:0.001157s ]
[2023-03-20T16:20:46+08:00][sql] SELECT `site_id`,`app_module`,`config_key`,`value`,`config_desc`,`is_use`,`create_time`,`modify_time` FROM `gxfc_config` WHERE  `site_id` = 0  AND `app_module` = 'admin'  AND `config_key` = 'DEFAULT_IMAGE' LIMIT 1 [ RunTime:0.000725s ]
[2023-03-20T16:22:01+08:00][sql] CONNECT:[ UseTime:0.001770s ] mysql:host=127.0.0.1;port=3306;dbname=tongcheng;charset=utf8
[2023-03-20T16:22:01+08:00][sql] SHOW FULL COLUMNS FROM `gxfc_addon` [ RunTime:0.002252s ]
[2023-03-20T16:22:01+08:00][sql] SELECT `name` FROM `gxfc_addon` [ RunTime:0.000352s ]
[2023-03-20T16:22:02+08:00][sql] SHOW FULL COLUMNS FROM `gxfc_group` [ RunTime:0.002062s ]
[2023-03-20T16:22:02+08:00][sql] SELECT * FROM `gxfc_group` WHERE  `group_id` = 1  AND `site_id` = 0  AND `app_module` = 'admin' LIMIT 1 [ RunTime:0.000522s ]
[2023-03-20T16:22:02+08:00][sql] SHOW FULL COLUMNS FROM `gxfc_menu` [ RunTime:0.002037s ]
[2023-03-20T16:22:02+08:00][sql] SELECT * FROM `gxfc_menu` WHERE  `app_module` = 'admin'  AND `is_show` = 1 ORDER BY `sort` ASC [ RunTime:0.001711s ]
[2023-03-20T16:22:02+08:00][sql] SELECT `id`,`app_module`,`name`,`title`,`parent`,`level`,`url`,`is_show`,`sort`,`desc`,`picture`,`is_icon`,`picture_select`,`is_control`,`addon` FROM `gxfc_menu` WHERE  `url` = 'admin/System/cache'  AND `app_module` = 'admin' ORDER BY `level` DESC LIMIT 1 [ RunTime:0.000956s ]
[2023-03-20T16:22:02+08:00][sql] SELECT `id`,`app_module`,`name`,`title`,`parent`,`level`,`url`,`is_show`,`sort`,`desc`,`picture`,`is_icon`,`picture_select`,`is_control`,`addon` FROM `gxfc_menu` WHERE  `name` = 'CONFIG_SYSTEM_CACHE'  AND `app_module` = 'admin' LIMIT 1 [ RunTime:0.000661s ]
[2023-03-20T16:22:02+08:00][sql] SELECT `id`,`app_module`,`name`,`title`,`parent`,`level`,`url`,`is_show`,`sort`,`desc`,`picture`,`is_icon`,`picture_select`,`is_control`,`addon` FROM `gxfc_menu` WHERE  `name` = 'CONFIG_SYSTEM'  AND `app_module` = 'admin' LIMIT 1 [ RunTime:0.000757s ]
[2023-03-20T16:22:02+08:00][sql] SELECT `id`,`app_module`,`name`,`title`,`parent`,`level`,`url`,`is_show`,`sort`,`desc`,`picture`,`is_icon`,`picture_select`,`is_control`,`addon` FROM `gxfc_menu` WHERE  `name` = 'CONFIG_ROOT'  AND `app_module` = 'admin' LIMIT 1 [ RunTime:0.000709s ]
[2023-03-20T16:22:02+08:00][sql] SHOW FULL COLUMNS FROM `gxfc_website` [ RunTime:0.002729s ]
[2023-03-20T16:22:02+08:00][sql] SELECT `title`,`logo`,`desc`,`keywords`,`web_status`,`close_reason` FROM `gxfc_website` WHERE  `site_id` = 0 LIMIT 1 [ RunTime:0.000587s ]
[2023-03-20T16:22:02+08:00][sql] SHOW FULL COLUMNS FROM `gxfc_config` [ RunTime:0.002040s ]
[2023-03-20T16:22:02+08:00][sql] SELECT `site_id`,`app_module`,`config_key`,`value`,`config_desc`,`is_use`,`create_time`,`modify_time` FROM `gxfc_config` WHERE  `site_id` = 0  AND `app_module` = 'admin'  AND `config_key` = 'COPYRIGHT' LIMIT 1 [ RunTime:0.000751s ]
[2023-03-20T16:22:02+08:00][sql] SELECT `site_id`,`app_module`,`config_key`,`value`,`config_desc`,`is_use`,`create_time`,`modify_time` FROM `gxfc_config` WHERE  `site_id` = 0  AND `app_module` = 'admin'  AND `config_key` = 'DEFAULT_IMAGE' LIMIT 1 [ RunTime:0.000492s ]
[2023-03-20T16:32:42+08:00][sql] CONNECT:[ UseTime:0.001030s ] mysql:host=127.0.0.1;port=3306;dbname=tongcheng;charset=utf8
[2023-03-20T16:32:42+08:00][sql] SHOW FULL COLUMNS FROM `gxfc_addon` [ RunTime:0.004911s ]
[2023-03-20T16:32:42+08:00][sql] CONNECT:[ UseTime:0.001592s ] mysql:host=127.0.0.1;port=3306;dbname=tongcheng;charset=utf8
[2023-03-20T16:32:42+08:00][sql] SELECT `name` FROM `gxfc_addon` [ RunTime:0.000711s ]
[2023-03-20T16:32:42+08:00][sql] SHOW FULL COLUMNS FROM `gxfc_addon` [ RunTime:0.002416s ]
[2023-03-20T16:32:42+08:00][sql] SELECT `name` FROM `gxfc_addon` [ RunTime:0.000517s ]
[2023-03-20T16:32:43+08:00][sql] SHOW FULL COLUMNS FROM `gxfc_group` [ RunTime:0.002589s ]
[2023-03-20T16:32:43+08:00][sql] SELECT * FROM `gxfc_group` WHERE  `group_id` = 1  AND `site_id` = 0  AND `app_module` = 'admin' LIMIT 1 [ RunTime:0.000595s ]
[2023-03-20T16:32:43+08:00][sql] SHOW FULL COLUMNS FROM `gxfc_menu` [ RunTime:0.002744s ]
[2023-03-20T16:32:43+08:00][sql] SELECT * FROM `gxfc_menu` WHERE  `app_module` = 'admin'  AND `is_show` = 1 ORDER BY `sort` ASC [ RunTime:0.001883s ]
[2023-03-20T16:32:43+08:00][sql] SELECT `id`,`app_module`,`name`,`title`,`parent`,`level`,`url`,`is_show`,`sort`,`desc`,`picture`,`is_icon`,`picture_select`,`is_control`,`addon` FROM `gxfc_menu` WHERE  `url` = 'admin/Goods/lists'  AND `app_module` = 'admin' ORDER BY `level` DESC LIMIT 1 [ RunTime:0.000787s ]
[2023-03-20T16:32:43+08:00][sql] SELECT `id`,`app_module`,`name`,`title`,`parent`,`level`,`url`,`is_show`,`sort`,`desc`,`picture`,`is_icon`,`picture_select`,`is_control`,`addon` FROM `gxfc_menu` WHERE  `name` = 'GOODS_MANAGE'  AND `app_module` = 'admin' LIMIT 1 [ RunTime:0.000703s ]
[2023-03-20T16:32:43+08:00][sql] SELECT `id`,`app_module`,`name`,`title`,`parent`,`level`,`url`,`is_show`,`sort`,`desc`,`picture`,`is_icon`,`picture_select`,`is_control`,`addon` FROM `gxfc_menu` WHERE  `name` = 'GOODS_ROOT'  AND `app_module` = 'admin' LIMIT 1 [ RunTime:0.000662s ]
[2023-03-20T16:32:43+08:00][sql] SHOW FULL COLUMNS FROM `gxfc_website` [ RunTime:0.001115s ]
[2023-03-20T16:32:43+08:00][sql] SELECT `title`,`logo`,`desc`,`keywords`,`web_status`,`close_reason` FROM `gxfc_website` WHERE  `site_id` = 0 LIMIT 1 [ RunTime:0.000525s ]
[2023-03-20T16:32:43+08:00][sql] SHOW FULL COLUMNS FROM `gxfc_config` [ RunTime:0.002183s ]
[2023-03-20T16:32:43+08:00][sql] SELECT `site_id`,`app_module`,`config_key`,`value`,`config_desc`,`is_use`,`create_time`,`modify_time` FROM `gxfc_config` WHERE  `site_id` = 0  AND `app_module` = 'admin'  AND `config_key` = 'COPYRIGHT' LIMIT 1 [ RunTime:0.000507s ]
[2023-03-20T16:32:43+08:00][sql] SELECT `site_id`,`app_module`,`config_key`,`value`,`config_desc`,`is_use`,`create_time`,`modify_time` FROM `gxfc_config` WHERE  `site_id` = 0  AND `app_module` = 'admin'  AND `config_key` = 'DEFAULT_IMAGE' LIMIT 1 [ RunTime:0.000582s ]
[2023-03-20T16:32:43+08:00][sql] SHOW FULL COLUMNS FROM `gxfc_goods` [ RunTime:0.002251s ]
[2023-03-20T16:32:43+08:00][sql] SELECT COUNT(*) AS think_count FROM `gxfc_goods` WHERE  `verify_state` = 0  AND `is_delete` = 0 [ RunTime:0.000494s ]
[2023-03-20T16:32:43+08:00][sql] SELECT COUNT(*) AS think_count FROM `gxfc_goods` WHERE  `verify_state` = -2  AND `is_delete` = 0 [ RunTime:0.000566s ]
[2023-03-20T16:32:43+08:00][sql] SELECT COUNT(*) AS think_count FROM `gxfc_goods` WHERE  `verify_state` = 10  AND `is_delete` = 0 [ RunTime:0.000531s ]
[2023-03-20T16:32:43+08:00][sql] SHOW FULL COLUMNS FROM `gxfc_express_template` [ RunTime:0.002175s ]
[2023-03-20T16:32:43+08:00][sql] SELECT `template_id`,`template_name` FROM `gxfc_express_template` ORDER BY `is_default` DESC [ RunTime:0.000411s ]
[2023-03-20T16:32:43+08:00][sql] SHOW FULL COLUMNS FROM `gxfc_goods_category` [ RunTime:0.002713s ]
[2023-03-20T16:32:43+08:00][sql] SELECT `category_id`,`category_name`,`level`,`commission_rate` FROM `gxfc_goods_category` WHERE  `pid` = 0 ORDER BY `sort` ASC [ RunTime:0.000473s ]
