[2022-12-09T09:46:55+08:00][sql] CONNECT:[ UseTime:0.000439s ] mysql:host=127.0.0.1;port=3306;dbname=hunqin;charset=utf8
[2022-12-09T09:46:55+08:00][sql] SHOW FULL COLUMNS FROM `gxfc_user` [ RunTime:0.000737s ]
[2022-12-09T09:46:55+08:00][sql] SELECT `uid`,`app_module`,`app_group`,`is_admin`,`site_id`,`group_id`,`group_name`,`username`,`password`,`member_id`,`create_time`,`update_time`,`status`,`login_time`,`login_ip` FROM `gxfc_user` WHERE  `username` = 'admin'  AND `app_module` = 'shop' LIMIT 1 [ RunTime:0.000434s ]
[2022-12-09T09:46:55+08:00][sql] UPDATE `gxfc_user`  SET `login_time` = 1670550415 , `login_ip` = '171.113.166.16'  WHERE  `uid` = 2 [ RunTime:0.009572s ]
[2022-12-09T09:46:55+08:00][sql] SHOW FULL COLUMNS FROM `gxfc_user_log` [ RunTime:0.000576s ]
[2022-12-09T09:46:55+08:00][sql] INSERT INTO `gxfc_user_log` SET `uid` = 2 , `username` = 'admin' , `site_id` = 1 , `url` = 'shop/Login/login' , `ip` = '171.113.166.16' , `data` = '[]' , `action_name` = '用户登录' , `create_time` = 1670550415 [ RunTime:0.007999s ]
[2022-12-09T09:46:56+08:00][sql] CONNECT:[ UseTime:0.000421s ] mysql:host=127.0.0.1;port=3306;dbname=hunqin;charset=utf8
[2022-12-09T09:46:56+08:00][sql] SHOW FULL COLUMNS FROM `gxfc_shop` [ RunTime:0.000872s ]
[2022-12-09T09:46:56+08:00][sql] SELECT `website_id`,`site_name`,`logo`,`is_own`,`level_id`,`category_id`,`group_id`,`seo_keywords`,`seo_description`,`expire_time`,`shop_status` FROM `gxfc_shop` WHERE  `site_id` = 1 LIMIT 1 [ RunTime:0.000340s ]
[2022-12-09T09:46:56+08:00][sql] SELECT `site_id`,`expire_time`,`site_name`,`username`,`website_id`,`cert_id`,`is_own`,`level_id`,`level_name`,`category_id`,`category_name`,`group_id`,`group_name`,`member_id`,`member_name`,`shop_status`,`close_info`,`sort`,`start_time`,`end_time`,`logo`,`avatar`,`banner`,`seo_keywords`,`seo_description`,`qq`,`ww`,`telephone`,`is_recommend`,`shop_desccredit`,`shop_servicecredit`,`shop_deliverycredit`,`workingtime`,`shop_baozh`,`shop_baozhopen`,`shop_baozhrmb`,`shop_qtian`,`shop_zhping`,`shop_erxiaoshi`,`shop_tuihuo`,`shop_shiyong`,`shop_shiti`,`shop_xiaoxie`,`shop_free_time`,`shop_sales`,`shop_adv`,`account`,`account_withdraw`,`work_week`,`province`,`province_name`,`city`,`city_name`,`district`,`district_name`,`community`,`community_name`,`address`,`full_address`,`longitude`,`latitude`,`sub_num` FROM `gxfc_shop` WHERE  `site_id` = 1 LIMIT 1 [ RunTime:0.000638s ]
[2022-12-09T09:46:56+08:00][sql] SHOW FULL COLUMNS FROM `gxfc_shop_reopen` [ RunTime:0.000744s ]
[2022-12-09T09:46:56+08:00][sql] SELECT `sr`.*,`s`.`site_name` FROM `gxfc_shop_reopen` `sr` LEFT JOIN `gxfc_shop` `s` ON `s`.`site_id`=`sr`.`site_id` WHERE  `sr`.`site_id` = 1  AND `sr`.`apply_state` IN (1,-1) LIMIT 1 [ RunTime:0.000357s ]
[2022-12-09T09:46:56+08:00][sql] SHOW FULL COLUMNS FROM `gxfc_user` [ RunTime:0.000459s ]
[2022-12-09T09:46:56+08:00][sql] SELECT `username`,`group_name`,`login_time` FROM `gxfc_user` WHERE  `uid` = 2 LIMIT 1 [ RunTime:0.000237s ]
[2022-12-09T09:46:56+08:00][sql] SHOW FULL COLUMNS FROM `gxfc_stat_shop` [ RunTime:0.000666s ]
[2022-12-09T09:46:56+08:00][sql] SELECT `id`,`site_id`,`year`,`month`,`day`,`order_total`,`shipping_total`,`refund_total`,`order_pay_count`,`goods_pay_count`,`shop_money`,`platform_money`,`create_time`,`modify_time`,`collect_shop`,`collect_goods`,`visit_count`,`order_count`,`goods_count`,`add_goods_count`,`day_time`,`member_count` FROM `gxfc_stat_shop` WHERE  `site_id` = 1  AND `year` = 2022  AND `month` = 12  AND `day` = 9 LIMIT 1 [ RunTime:0.000368s ]
[2022-12-09T09:46:56+08:00][sql] INSERT INTO `gxfc_stat_shop` SET `site_id` = 1 , `year` = 2022 , `month` = 12 , `day` = 9 , `day_time` = 1670515200 [ RunTime:0.007844s ]
[2022-12-09T09:46:56+08:00][sql] SELECT `id`,`site_id`,`year`,`month`,`day`,`order_total`,`shipping_total`,`refund_total`,`order_pay_count`,`goods_pay_count`,`shop_money`,`platform_money`,`create_time`,`modify_time`,`collect_shop`,`collect_goods`,`visit_count`,`order_count`,`goods_count`,`add_goods_count`,`day_time`,`member_count` FROM `gxfc_stat_shop` WHERE  `site_id` = 1  AND `year` = 2022  AND `month` = 12  AND `day` = 9  AND `day_time` = 1670515200 LIMIT 1 [ RunTime:0.000441s ]
[2022-12-09T09:46:56+08:00][sql] SELECT `id`,`site_id`,`year`,`month`,`day`,`order_total`,`shipping_total`,`refund_total`,`order_pay_count`,`goods_pay_count`,`shop_money`,`platform_money`,`create_time`,`modify_time`,`collect_shop`,`collect_goods`,`visit_count`,`order_count`,`goods_count`,`add_goods_count`,`day_time`,`member_count` FROM `gxfc_stat_shop` WHERE  `site_id` = 1  AND `year` = 2022  AND `month` = 12  AND `day` = 8 LIMIT 1 [ RunTime:0.000339s ]
[2022-12-09T09:46:56+08:00][sql] SELECT `id`,`site_id`,`year`,`month`,`day`,`order_total`,`shipping_total`,`refund_total`,`order_pay_count`,`goods_pay_count`,`shop_money`,`platform_money`,`create_time`,`modify_time`,`collect_shop`,`collect_goods`,`visit_count`,`order_count`,`goods_count`,`add_goods_count`,`day_time`,`member_count` FROM `gxfc_stat_shop` WHERE  `site_id` = 1  AND `year` = 2022  AND `month` = 11  AND `day` = 30 LIMIT 1 [ RunTime:0.000346s ]
[2022-12-09T09:46:56+08:00][sql] SELECT `id`,`site_id`,`year`,`month`,`day`,`order_total`,`shipping_total`,`refund_total`,`order_pay_count`,`goods_pay_count`,`shop_money`,`platform_money`,`create_time`,`modify_time`,`collect_shop`,`collect_goods`,`visit_count`,`order_count`,`goods_count`,`add_goods_count`,`day_time`,`member_count` FROM `gxfc_stat_shop` WHERE  `site_id` = 1  AND `year` = 2022  AND `month` = 12  AND `day` = 01 LIMIT 1 [ RunTime:0.000336s ]
[2022-12-09T09:46:56+08:00][sql] SELECT `id`,`site_id`,`year`,`month`,`day`,`order_total`,`shipping_total`,`refund_total`,`order_pay_count`,`goods_pay_count`,`shop_money`,`platform_money`,`create_time`,`modify_time`,`collect_shop`,`collect_goods`,`visit_count`,`order_count`,`goods_count`,`add_goods_count`,`day_time`,`member_count` FROM `gxfc_stat_shop` WHERE  `site_id` = 1  AND `year` = 2022  AND `month` = 12  AND `day` = 02 LIMIT 1 [ RunTime:0.000325s ]
[2022-12-09T09:46:56+08:00][sql] SELECT `id`,`site_id`,`year`,`month`,`day`,`order_total`,`shipping_total`,`refund_total`,`order_pay_count`,`goods_pay_count`,`shop_money`,`platform_money`,`create_time`,`modify_time`,`collect_shop`,`collect_goods`,`visit_count`,`order_count`,`goods_count`,`add_goods_count`,`day_time`,`member_count` FROM `gxfc_stat_shop` WHERE  `site_id` = 1  AND `year` = 2022  AND `month` = 12  AND `day` = 03 LIMIT 1 [ RunTime:0.000310s ]
[2022-12-09T09:46:56+08:00][sql] SELECT `id`,`site_id`,`year`,`month`,`day`,`order_total`,`shipping_total`,`refund_total`,`order_pay_count`,`goods_pay_count`,`shop_money`,`platform_money`,`create_time`,`modify_time`,`collect_shop`,`collect_goods`,`visit_count`,`order_count`,`goods_count`,`add_goods_count`,`day_time`,`member_count` FROM `gxfc_stat_shop` WHERE  `site_id` = 1  AND `year` = 2022  AND `month` = 12  AND `day` = 04 LIMIT 1 [ RunTime:0.000303s ]
[2022-12-09T09:46:56+08:00][sql] SELECT `id`,`site_id`,`year`,`month`,`day`,`order_total`,`shipping_total`,`refund_total`,`order_pay_count`,`goods_pay_count`,`shop_money`,`platform_money`,`create_time`,`modify_time`,`collect_shop`,`collect_goods`,`visit_count`,`order_count`,`goods_count`,`add_goods_count`,`day_time`,`member_count` FROM `gxfc_stat_shop` WHERE  `site_id` = 1  AND `year` = 2022  AND `month` = 12  AND `day` = 05 LIMIT 1 [ RunTime:0.000345s ]
[2022-12-09T09:46:56+08:00][sql] SELECT `id`,`site_id`,`year`,`month`,`day`,`order_total`,`shipping_total`,`refund_total`,`order_pay_count`,`goods_pay_count`,`shop_money`,`platform_money`,`create_time`,`modify_time`,`collect_shop`,`collect_goods`,`visit_count`,`order_count`,`goods_count`,`add_goods_count`,`day_time`,`member_count` FROM `gxfc_stat_shop` WHERE  `site_id` = 1  AND `year` = 2022  AND `month` = 12  AND `day` = 06 LIMIT 1 [ RunTime:0.000288s ]
[2022-12-09T09:46:56+08:00][sql] SELECT `id`,`site_id`,`year`,`month`,`day`,`order_total`,`shipping_total`,`refund_total`,`order_pay_count`,`goods_pay_count`,`shop_money`,`platform_money`,`create_time`,`modify_time`,`collect_shop`,`collect_goods`,`visit_count`,`order_count`,`goods_count`,`add_goods_count`,`day_time`,`member_count` FROM `gxfc_stat_shop` WHERE  `site_id` = 1  AND `year` = 2022  AND `month` = 12  AND `day` = 07 LIMIT 1 [ RunTime:0.000295s ]
[2022-12-09T09:46:56+08:00][sql] SELECT `id`,`site_id`,`year`,`month`,`day`,`order_total`,`shipping_total`,`refund_total`,`order_pay_count`,`goods_pay_count`,`shop_money`,`platform_money`,`create_time`,`modify_time`,`collect_shop`,`collect_goods`,`visit_count`,`order_count`,`goods_count`,`add_goods_count`,`day_time`,`member_count` FROM `gxfc_stat_shop` WHERE  `site_id` = 1  AND `year` = 2022  AND `month` = 12  AND `day` = 08 LIMIT 1 [ RunTime:0.000304s ]
[2022-12-09T09:46:56+08:00][sql] SELECT `id`,`site_id`,`year`,`month`,`day`,`order_total`,`shipping_total`,`refund_total`,`order_pay_count`,`goods_pay_count`,`shop_money`,`platform_money`,`create_time`,`modify_time`,`collect_shop`,`collect_goods`,`visit_count`,`order_count`,`goods_count`,`add_goods_count`,`day_time`,`member_count` FROM `gxfc_stat_shop` WHERE  `site_id` = 1  AND `year` = 2022  AND `month` = 12  AND `day` = 09 LIMIT 1 [ RunTime:0.000285s ]
[2022-12-09T09:46:56+08:00][sql] SELECT SUM(order_total) as order_total,SUM(shipping_total) as shipping_total,SUM(refund_total) as refund_total,SUM(order_pay_count) as order_pay_count,SUM(goods_pay_count) as goods_pay_count,SUM(shop_money) as shop_money,SUM(platform_money) as platform_money,SUM(collect_shop) as collect_shop,SUM(collect_goods) as collect_goods,SUM(visit_count) as visit_count,SUM(order_count) as order_count,SUM(goods_count) as goods_count,SUM(add_goods_count) as add_goods_count,SUM(member_count) as member_count FROM `gxfc_stat_shop` WHERE  `site_id` = 1 LIMIT 1 [ RunTime:0.000947s ]
[2022-12-09T09:46:56+08:00][sql] SHOW FULL COLUMNS FROM `gxfc_goods` [ RunTime:0.000768s ]
[2022-12-09T09:46:56+08:00][sql] SELECT COUNT(*) AS think_count FROM `gxfc_goods` WHERE  `site_id` = 1 [ RunTime:0.000271s ]
[2022-12-09T09:46:56+08:00][sql] SHOW FULL COLUMNS FROM `gxfc_order` [ RunTime:0.001004s ]
[2022-12-09T09:46:56+08:00][sql] SELECT COUNT(*) AS think_count FROM `gxfc_order` WHERE  `order_status` = 0  AND `site_id` = 1  AND `is_delete` = 0 [ RunTime:0.000303s ]
[2022-12-09T09:46:56+08:00][sql] SELECT COUNT(*) AS think_count FROM `gxfc_order` WHERE  `order_status` = 1  AND `site_id` = 1  AND `is_delete` = 0 [ RunTime:0.000259s ]
[2022-12-09T09:46:56+08:00][sql] SHOW FULL COLUMNS FROM `gxfc_order_goods` [ RunTime:0.000704s ]
[2022-12-09T09:46:56+08:00][sql] SELECT COUNT(*) AS think_count FROM `gxfc_order_goods` WHERE  `site_id` = 1  AND `refund_status` NOT IN (0,3) [ RunTime:0.000886s ]
[2022-12-09T09:46:56+08:00][sql] select count(goods_id) as num from gxfc_goods where goods_stock_alarm >= goods_stock and goods_stock_alarm > 0 and is_delete = 0 and goods_state = 1 and site_id = 1 [ RunTime:0.000311s ]
[2022-12-09T09:46:56+08:00][sql] SELECT COUNT(*) AS think_count FROM `gxfc_goods` WHERE  `goods_state` = 1  AND `site_id` = 1  AND `is_delete` = 0 [ RunTime:0.000285s ]
[2022-12-09T09:46:56+08:00][sql] SELECT COUNT(*) AS think_count FROM `gxfc_goods` WHERE  `verify_state` = 0  AND `site_id` = 1  AND `is_delete` = 0 [ RunTime:0.000290s ]
[2022-12-09T09:46:56+08:00][sql] SELECT COUNT(*) AS think_count FROM `gxfc_goods` WHERE  `verify_state` = 10  AND `site_id` = 1  AND `is_delete` = 0 [ RunTime:0.000271s ]
[2022-12-09T09:46:56+08:00][sql] SHOW FULL COLUMNS FROM `gxfc_help` [ RunTime:0.000630s ]
[2022-12-09T09:46:56+08:00][sql] SELECT COUNT(*) AS think_count FROM `gxfc_help` `a` WHERE  `app_module` = 'shop' ORDER BY `create_time` DESC [ RunTime:0.000284s ]
[2022-12-09T09:46:56+08:00][sql] SELECT `id`,`title`,`content`,`class_id`,`class_name`,`sort`,`link_address`,`create_time` FROM `gxfc_help` `a` WHERE  `app_module` = 'shop' ORDER BY `create_time` DESC LIMIT 0,5 [ RunTime:0.000256s ]
[2022-12-09T09:46:57+08:00][sql] CONNECT:[ UseTime:0.000453s ] mysql:host=127.0.0.1;port=3306;dbname=hunqin;charset=utf8
[2022-12-09T09:46:57+08:00][sql] SHOW FULL COLUMNS FROM `gxfc_shop` [ RunTime:0.001038s ]
[2022-12-09T09:46:57+08:00][sql] SELECT `website_id`,`site_name`,`logo`,`is_own`,`level_id`,`category_id`,`group_id`,`seo_keywords`,`seo_description`,`expire_time`,`shop_status` FROM `gxfc_shop` WHERE  `site_id` = 1 LIMIT 1 [ RunTime:0.000345s ]
[2022-12-09T09:46:57+08:00][sql] SHOW FULL COLUMNS FROM `gxfc_goods` [ RunTime:0.000996s ]
[2022-12-09T09:46:57+08:00][sql] SELECT COUNT(*) AS think_count FROM `gxfc_goods` WHERE  `verify_state` = 0  AND `is_delete` = 0  AND `site_id` = 1 [ RunTime:0.000423s ]
[2022-12-09T09:46:57+08:00][sql] SELECT COUNT(*) AS think_count FROM `gxfc_goods` WHERE  `verify_state` = -2  AND `is_delete` = 0  AND `site_id` = 1 [ RunTime:0.000389s ]
[2022-12-09T09:46:57+08:00][sql] SELECT COUNT(*) AS think_count FROM `gxfc_goods` WHERE  `verify_state` = 10  AND `is_delete` = 0  AND `site_id` = 1 [ RunTime:0.000343s ]
[2022-12-09T09:46:57+08:00][sql] SHOW FULL COLUMNS FROM `gxfc_goods_shop_category` [ RunTime:0.000640s ]
[2022-12-09T09:46:57+08:00][sql] SELECT `category_id`,`category_name`,`pid`,`level` FROM `gxfc_goods_shop_category` WHERE  `site_id` = 1 ORDER BY `sort` ASC [ RunTime:0.000308s ]
[2022-12-09T09:46:57+08:00][sql] SHOW FULL COLUMNS FROM `gxfc_express_template` [ RunTime:0.000582s ]
[2022-12-09T09:46:57+08:00][sql] SELECT `template_id`,`template_name` FROM `gxfc_express_template` WHERE  `site_id` = 1 ORDER BY `is_default` DESC [ RunTime:0.000250s ]
[2022-12-09T09:46:57+08:00][sql] CONNECT:[ UseTime:0.000481s ] mysql:host=127.0.0.1;port=3306;dbname=hunqin;charset=utf8
[2022-12-09T09:46:57+08:00][sql] SHOW FULL COLUMNS FROM `gxfc_shop` [ RunTime:0.001329s ]
[2022-12-09T09:46:57+08:00][sql] SELECT `website_id`,`site_name`,`logo`,`is_own`,`level_id`,`category_id`,`group_id`,`seo_keywords`,`seo_description`,`expire_time`,`shop_status` FROM `gxfc_shop` WHERE  `site_id` = 1 LIMIT 1 [ RunTime:0.000437s ]
[2022-12-09T09:46:57+08:00][sql] SHOW FULL COLUMNS FROM `gxfc_goods` [ RunTime:0.001160s ]
[2022-12-09T09:46:57+08:00][sql] SELECT COUNT(*) AS think_count FROM `gxfc_goods` WHERE  `verify_state` = 0  AND `is_delete` = 0  AND `site_id` = 1 [ RunTime:0.000452s ]
[2022-12-09T09:46:57+08:00][sql] SELECT COUNT(*) AS think_count FROM `gxfc_goods` WHERE  `verify_state` = -2  AND `is_delete` = 0  AND `site_id` = 1 [ RunTime:0.000387s ]
[2022-12-09T09:46:57+08:00][sql] SELECT COUNT(*) AS think_count FROM `gxfc_goods` WHERE  `verify_state` = 10  AND `is_delete` = 0  AND `site_id` = 1 [ RunTime:0.000372s ]
[2022-12-09T09:46:57+08:00][sql] CONNECT:[ UseTime:0.000399s ] mysql:host=127.0.0.1;port=3306;dbname=hunqin;charset=utf8
[2022-12-09T09:46:57+08:00][sql] SHOW FULL COLUMNS FROM `gxfc_shop` [ RunTime:0.000931s ]
[2022-12-09T09:46:57+08:00][sql] SELECT `website_id`,`site_name`,`logo`,`is_own`,`level_id`,`category_id`,`group_id`,`seo_keywords`,`seo_description`,`expire_time`,`shop_status` FROM `gxfc_shop` WHERE  `site_id` = 1 LIMIT 1 [ RunTime:0.000385s ]
[2022-12-09T09:46:57+08:00][sql] SHOW FULL COLUMNS FROM `gxfc_goods` [ RunTime:0.000932s ]
[2022-12-09T09:46:57+08:00][sql] SELECT COUNT(*) AS think_count FROM `gxfc_goods` `` WHERE  `is_delete` = 0  AND `site_id` = 1 ORDER BY `create_time` DESC [ RunTime:0.000440s ]
[2022-12-09T09:46:57+08:00][sql] SELECT `goods_id`,`goods_name`,`site_id`,`site_name`,`goods_image`,`is_own`,`goods_state`,`verify_state`,`price`,`goods_stock`,`goods_stock_alarm`,`create_time`,`sale_num`,`is_virtual`,`goods_class`,`is_fenxiao`,`fenxiao_type`,`sku_id`,`max_buy`,`min_buy`,`promotion_addon`,`sort` FROM `gxfc_goods` `` WHERE  `is_delete` = 0  AND `site_id` = 1 ORDER BY `create_time` DESC LIMIT 0,10 [ RunTime:0.000507s ]
[2022-12-09T09:46:58+08:00][sql] CONNECT:[ UseTime:0.000521s ] mysql:host=127.0.0.1;port=3306;dbname=hunqin;charset=utf8
[2022-12-09T09:46:58+08:00][sql] SHOW FULL COLUMNS FROM `gxfc_shop` [ RunTime:0.001155s ]
[2022-12-09T09:46:58+08:00][sql] SELECT `website_id`,`site_name`,`logo`,`is_own`,`level_id`,`category_id`,`group_id`,`seo_keywords`,`seo_description`,`expire_time`,`shop_status` FROM `gxfc_shop` WHERE  `site_id` = 1 LIMIT 1 [ RunTime:0.000410s ]
[2022-12-09T09:46:58+08:00][sql] SHOW FULL COLUMNS FROM `gxfc_menu` [ RunTime:0.000678s ]
[2022-12-09T09:46:58+08:00][sql] SELECT `id`,`app_module`,`name`,`title`,`parent`,`level`,`url`,`is_show`,`sort`,`desc`,`picture`,`is_icon`,`picture_select`,`is_control`,`addon` FROM `gxfc_menu` WHERE  `url` = 'shop/Order/lists'  AND `app_module` = 'shop' ORDER BY `level` DESC LIMIT 1 [ RunTime:0.000501s ]
[2022-12-09T09:46:58+08:00][sql] SELECT `id`,`app_module`,`name`,`title`,`parent`,`level`,`url`,`is_show`,`sort`,`desc`,`picture`,`is_icon`,`picture_select`,`is_control`,`addon` FROM `gxfc_menu` WHERE  `name` = 'ORDER_MANAGE'  AND `app_module` = 'shop' LIMIT 1 [ RunTime:0.000433s ]
[2022-12-09T09:46:58+08:00][sql] SELECT `id`,`app_module`,`name`,`title`,`parent`,`level`,`url`,`is_show`,`sort`,`desc`,`picture`,`is_icon`,`picture_select`,`is_control`,`addon` FROM `gxfc_menu` WHERE  `name` = 'ORDER_ROOT'  AND `app_module` = 'shop' LIMIT 1 [ RunTime:0.000451s ]
[2022-12-09T09:46:58+08:00][sql] SELECT `group_id` FROM `gxfc_shop` WHERE  `site_id` = 1 LIMIT 1 [ RunTime:0.000395s ]
[2022-12-09T09:46:58+08:00][sql] SELECT `group_id` FROM `gxfc_shop` WHERE  `site_id` = 1 LIMIT 1 [ RunTime:0.000292s ]
[2022-12-09T09:46:58+08:00][sql] SELECT `group_id` FROM `gxfc_shop` WHERE  `site_id` = 1 LIMIT 1 [ RunTime:0.000255s ]
[2022-12-09T09:46:58+08:00][sql] SELECT `group_id` FROM `gxfc_shop` WHERE  `site_id` = 1 LIMIT 1 [ RunTime:0.000264s ]
[2022-12-09T09:46:59+08:00][sql] CONNECT:[ UseTime:0.000422s ] mysql:host=127.0.0.1;port=3306;dbname=hunqin;charset=utf8
[2022-12-09T09:46:59+08:00][sql] SHOW FULL COLUMNS FROM `gxfc_shop` [ RunTime:0.000957s ]
[2022-12-09T09:46:59+08:00][sql] SELECT `website_id`,`site_name`,`logo`,`is_own`,`level_id`,`category_id`,`group_id`,`seo_keywords`,`seo_description`,`expire_time`,`shop_status` FROM `gxfc_shop` WHERE  `site_id` = 1 LIMIT 1 [ RunTime:0.000330s ]
[2022-12-09T09:46:59+08:00][sql] SHOW FULL COLUMNS FROM `gxfc_order` [ RunTime:0.001021s ]
[2022-12-09T09:46:59+08:00][sql] SELECT COUNT(*) AS think_count FROM `gxfc_order` `o` WHERE  `o`.`site_id` = 1 ORDER BY `o`.`create_time` DESC [ RunTime:0.000342s ]
[2022-12-09T09:46:59+08:00][sql] SELECT `o`.* FROM `gxfc_order` `o` WHERE  `o`.`site_id` = 1 ORDER BY `o`.`create_time` DESC LIMIT 0,10 [ RunTime:0.000665s ]
[2022-12-09T09:46:59+08:00][sql] SHOW FULL COLUMNS FROM `gxfc_order_goods` [ RunTime:0.000648s ]
[2022-12-09T09:46:59+08:00][sql] SELECT * FROM `gxfc_order_goods` WHERE  `order_id` = 2073 [ RunTime:0.003621s ]
[2022-12-09T09:46:59+08:00][sql] SHOW FULL COLUMNS FROM `gxfc_member` [ RunTime:0.000687s ]
[2022-12-09T09:46:59+08:00][sql] SELECT `nickname` FROM `gxfc_member` WHERE  `member_id` = 2381 LIMIT 1 [ RunTime:0.000245s ]
[2022-12-09T09:46:59+08:00][sql] SELECT * FROM `gxfc_order_goods` WHERE  `order_id` = 2072 [ RunTime:0.003523s ]
[2022-12-09T09:46:59+08:00][sql] SELECT `nickname` FROM `gxfc_member` WHERE  `member_id` = 2381 LIMIT 1 [ RunTime:0.000236s ]
[2022-12-09T09:46:59+08:00][sql] SELECT * FROM `gxfc_order_goods` WHERE  `order_id` = 2071 [ RunTime:0.003809s ]
[2022-12-09T09:46:59+08:00][sql] SELECT `nickname` FROM `gxfc_member` WHERE  `member_id` = 2387 LIMIT 1 [ RunTime:0.000278s ]
[2022-12-09T09:46:59+08:00][sql] SELECT * FROM `gxfc_order_goods` WHERE  `order_id` = 2070 [ RunTime:0.003559s ]
[2022-12-09T09:46:59+08:00][sql] SELECT `nickname` FROM `gxfc_member` WHERE  `member_id` = 2375 LIMIT 1 [ RunTime:0.000236s ]
[2022-12-09T09:46:59+08:00][sql] SELECT * FROM `gxfc_order_goods` WHERE  `order_id` = 2069 [ RunTime:0.003543s ]
[2022-12-09T09:46:59+08:00][sql] SELECT `nickname` FROM `gxfc_member` WHERE  `member_id` = 2375 LIMIT 1 [ RunTime:0.000231s ]
[2022-12-09T09:46:59+08:00][sql] SELECT * FROM `gxfc_order_goods` WHERE  `order_id` = 2068 [ RunTime:0.003484s ]
[2022-12-09T09:46:59+08:00][sql] SELECT `nickname` FROM `gxfc_member` WHERE  `member_id` = 2375 LIMIT 1 [ RunTime:0.000223s ]
[2022-12-09T09:46:59+08:00][sql] SELECT * FROM `gxfc_order_goods` WHERE  `order_id` = 2067 [ RunTime:0.003535s ]
[2022-12-09T09:46:59+08:00][sql] SELECT `nickname` FROM `gxfc_member` WHERE  `member_id` = 2375 LIMIT 1 [ RunTime:0.000219s ]
[2022-12-09T09:46:59+08:00][sql] SELECT * FROM `gxfc_order_goods` WHERE  `order_id` = 2066 [ RunTime:0.003482s ]
[2022-12-09T09:46:59+08:00][sql] SELECT `nickname` FROM `gxfc_member` WHERE  `member_id` = 2375 LIMIT 1 [ RunTime:0.000203s ]
[2022-12-09T09:46:59+08:00][sql] SELECT * FROM `gxfc_order_goods` WHERE  `order_id` = 2065 [ RunTime:0.003504s ]
[2022-12-09T09:46:59+08:00][sql] SELECT `nickname` FROM `gxfc_member` WHERE  `member_id` = 2368 LIMIT 1 [ RunTime:0.000215s ]
[2022-12-09T09:46:59+08:00][sql] SELECT * FROM `gxfc_order_goods` WHERE  `order_id` = 2064 [ RunTime:0.003495s ]
[2022-12-09T09:46:59+08:00][sql] SELECT `nickname` FROM `gxfc_member` WHERE  `member_id` = 2368 LIMIT 1 [ RunTime:0.000203s ]
[2022-12-09T09:46:59+08:00][sql] SELECT `conceal` FROM `gxfc_shop` WHERE  `site_id` = 1 LIMIT 1 [ RunTime:0.000230s ]
[2022-12-09T09:47:00+08:00][sql] CONNECT:[ UseTime:0.000457s ] mysql:host=127.0.0.1;port=3306;dbname=hunqin;charset=utf8
[2022-12-09T09:47:00+08:00][sql] SHOW FULL COLUMNS FROM `gxfc_shop` [ RunTime:0.000961s ]
[2022-12-09T09:47:00+08:00][sql] SELECT `website_id`,`site_name`,`logo`,`is_own`,`level_id`,`category_id`,`group_id`,`seo_keywords`,`seo_description`,`expire_time`,`shop_status` FROM `gxfc_shop` WHERE  `site_id` = 1 LIMIT 1 [ RunTime:0.000535s ]
[2022-12-09T09:47:00+08:00][sql] SHOW FULL COLUMNS FROM `gxfc_menu` [ RunTime:0.000710s ]
[2022-12-09T09:47:00+08:00][sql] SELECT `id`,`app_module`,`name`,`title`,`parent`,`level`,`url`,`is_show`,`sort`,`desc`,`picture`,`is_icon`,`picture_select`,`is_control`,`addon` FROM `gxfc_menu` WHERE  `url` = 'shop/Member/index'  AND `app_module` = 'shop' ORDER BY `level` DESC LIMIT 1 [ RunTime:0.000467s ]
[2022-12-09T09:47:00+08:00][sql] SELECT `id`,`app_module`,`name`,`title`,`parent`,`level`,`url`,`is_show`,`sort`,`desc`,`picture`,`is_icon`,`picture_select`,`is_control`,`addon` FROM `gxfc_menu` WHERE  `name` = 'MEMBER_INDEX'  AND `app_module` = 'shop' LIMIT 1 [ RunTime:0.000393s ]
[2022-12-09T09:47:00+08:00][sql] SELECT `id`,`app_module`,`name`,`title`,`parent`,`level`,`url`,`is_show`,`sort`,`desc`,`picture`,`is_icon`,`picture_select`,`is_control`,`addon` FROM `gxfc_menu` WHERE  `name` = 'MEMBER_ROOT'  AND `app_module` = 'shop' LIMIT 1 [ RunTime:0.000325s ]
[2022-12-09T09:47:00+08:00][sql] SHOW FULL COLUMNS FROM `gxfc_shop_member` [ RunTime:0.000655s ]
[2022-12-09T09:47:00+08:00][sql] SELECT COUNT(*) AS think_count FROM `gxfc_shop_member` `nsm` LEFT JOIN `gxfc_member` `nm` ON `nsm`.`member_id`=`nm`.`member_id` WHERE  `nsm`.`site_id` = 1  AND `nm`.`is_delete` = 0 [ RunTime:0.000536s ]
[2022-12-09T09:47:00+08:00][sql] SELECT COUNT(*) AS think_count FROM `gxfc_shop_member` `nsm` LEFT JOIN `gxfc_member` `nm` ON `nsm`.`member_id`=`nm`.`member_id` WHERE  `nsm`.`site_id` = 1  AND `nsm`.`create_time` BETWEEN 1670515200 AND 1670550420   AND `nm`.`is_delete` = 0 [ RunTime:0.000570s ]
[2022-12-09T09:47:00+08:00][sql] SELECT COUNT(*) AS think_count FROM `gxfc_shop_member` `nsm` LEFT JOIN `gxfc_member` `nm` ON `nsm`.`member_id`=`nm`.`member_id` WHERE  `nsm`.`site_id` = 1  AND `nsm`.`is_subscribe` = 1  AND `nm`.`is_delete` = 0 [ RunTime:0.000512s ]
[2022-12-09T09:47:00+08:00][sql] SELECT GROUP_CONCAT(nsm.member_id) as member_id FROM gxfc_shop_member nsm  LEFT JOIN gxfc_member nm ON nsm.member_id = nm.member_id WHERE nsm.site_id = 1 and nm.is_delete = 0 [ RunTime:0.000490s ]
[2022-12-09T09:47:00+08:00][sql] SHOW FULL COLUMNS FROM `gxfc_order` [ RunTime:0.000962s ]
[2022-12-09T09:47:00+08:00][sql] SELECT `order_id` FROM `gxfc_order` WHERE  `site_id` = 1  AND `member_id` IN (2387,2391) GROUP BY `member_id` [ RunTime:0.000320s ]
[2022-12-09T09:47:01+08:00][sql] CONNECT:[ UseTime:0.000451s ] mysql:host=127.0.0.1;port=3306;dbname=hunqin;charset=utf8
[2022-12-09T09:47:01+08:00][sql] SHOW FULL COLUMNS FROM `gxfc_shop` [ RunTime:0.000955s ]
[2022-12-09T09:47:01+08:00][sql] SELECT `website_id`,`site_name`,`logo`,`is_own`,`level_id`,`category_id`,`group_id`,`seo_keywords`,`seo_description`,`expire_time`,`shop_status` FROM `gxfc_shop` WHERE  `site_id` = 1 LIMIT 1 [ RunTime:0.000405s ]
[2022-12-09T09:47:01+08:00][sql] SHOW FULL COLUMNS FROM `gxfc_shop_member` [ RunTime:0.000616s ]
[2022-12-09T09:47:01+08:00][sql] SELECT COUNT(*) AS think_count FROM `gxfc_shop_member` `nsm` LEFT JOIN `gxfc_member` `nm` ON `nsm`.`member_id`=`nm`.`member_id` WHERE  `nsm`.`site_id` = 1  AND `nm`.`is_delete` = 0 [ RunTime:0.000670s ]
[2022-12-09T09:47:01+08:00][sql] SELECT COUNT(*) AS think_count FROM `gxfc_shop_member` `nsm` LEFT JOIN `gxfc_member_address` `nma` ON `nsm`.`member_id`=`nma`.`member_id` LEFT JOIN `gxfc_member` `nm` ON `nsm`.`member_id`=`nm`.`member_id` WHERE  `nsm`.`site_id` = 1  AND `nma`.`is_default` = 1  AND `nma`.`province_id` = 110000  AND `nm`.`is_delete` = 0 [ RunTime:0.000494s ]
[2022-12-09T09:47:01+08:00][sql] SELECT COUNT(*) AS think_count FROM `gxfc_shop_member` `nsm` LEFT JOIN `gxfc_member_address` `nma` ON `nsm`.`member_id`=`nma`.`member_id` LEFT JOIN `gxfc_member` `nm` ON `nsm`.`member_id`=`nm`.`member_id` WHERE  `nsm`.`site_id` = 1  AND `nma`.`is_default` = 1  AND `nma`.`province_id` = 120000  AND `nm`.`is_delete` = 0 [ RunTime:0.000401s ]
[2022-12-09T09:47:01+08:00][sql] SELECT COUNT(*) AS think_count FROM `gxfc_shop_member` `nsm` LEFT JOIN `gxfc_member_address` `nma` ON `nsm`.`member_id`=`nma`.`member_id` LEFT JOIN `gxfc_member` `nm` ON `nsm`.`member_id`=`nm`.`member_id` WHERE  `nsm`.`site_id` = 1  AND `nma`.`is_default` = 1  AND `nma`.`province_id` = 130000  AND `nm`.`is_delete` = 0 [ RunTime:0.000367s ]
[2022-12-09T09:47:01+08:00][sql] SELECT COUNT(*) AS think_count FROM `gxfc_shop_member` `nsm` LEFT JOIN `gxfc_member_address` `nma` ON `nsm`.`member_id`=`nma`.`member_id` LEFT JOIN `gxfc_member` `nm` ON `nsm`.`member_id`=`nm`.`member_id` WHERE  `nsm`.`site_id` = 1  AND `nma`.`is_default` = 1  AND `nma`.`province_id` = 140000  AND `nm`.`is_delete` = 0 [ RunTime:0.000378s ]
[2022-12-09T09:47:01+08:00][sql] SELECT COUNT(*) AS think_count FROM `gxfc_shop_member` `nsm` LEFT JOIN `gxfc_member_address` `nma` ON `nsm`.`member_id`=`nma`.`member_id` LEFT JOIN `gxfc_member` `nm` ON `nsm`.`member_id`=`nm`.`member_id` WHERE  `nsm`.`site_id` = 1  AND `nma`.`is_default` = 1  AND `nma`.`province_id` = 150000  AND `nm`.`is_delete` = 0 [ RunTime:0.000381s ]
[2022-12-09T09:47:01+08:00][sql] SELECT COUNT(*) AS think_count FROM `gxfc_shop_member` `nsm` LEFT JOIN `gxfc_member_address` `nma` ON `nsm`.`member_id`=`nma`.`member_id` LEFT JOIN `gxfc_member` `nm` ON `nsm`.`member_id`=`nm`.`member_id` WHERE  `nsm`.`site_id` = 1  AND `nma`.`is_default` = 1  AND `nma`.`province_id` = 210000  AND `nm`.`is_delete` = 0 [ RunTime:0.000347s ]
[2022-12-09T09:47:01+08:00][sql] SELECT COUNT(*) AS think_count FROM `gxfc_shop_member` `nsm` LEFT JOIN `gxfc_member_address` `nma` ON `nsm`.`member_id`=`nma`.`member_id` LEFT JOIN `gxfc_member` `nm` ON `nsm`.`member_id`=`nm`.`member_id` WHERE  `nsm`.`site_id` = 1  AND `nma`.`is_default` = 1  AND `nma`.`province_id` = 220000  AND `nm`.`is_delete` = 0 [ RunTime:0.000341s ]
[2022-12-09T09:47:01+08:00][sql] SELECT COUNT(*) AS think_count FROM `gxfc_shop_member` `nsm` LEFT JOIN `gxfc_member_address` `nma` ON `nsm`.`member_id`=`nma`.`member_id` LEFT JOIN `gxfc_member` `nm` ON `nsm`.`member_id`=`nm`.`member_id` WHERE  `nsm`.`site_id` = 1  AND `nma`.`is_default` = 1  AND `nma`.`province_id` = 230000  AND `nm`.`is_delete` = 0 [ RunTime:0.000357s ]
[2022-12-09T09:47:01+08:00][sql] SELECT COUNT(*) AS think_count FROM `gxfc_shop_member` `nsm` LEFT JOIN `gxfc_member_address` `nma` ON `nsm`.`member_id`=`nma`.`member_id` LEFT JOIN `gxfc_member` `nm` ON `nsm`.`member_id`=`nm`.`member_id` WHERE  `nsm`.`site_id` = 1  AND `nma`.`is_default` = 1  AND `nma`.`province_id` = 310000  AND `nm`.`is_delete` = 0 [ RunTime:0.000353s ]
[2022-12-09T09:47:01+08:00][sql] SELECT COUNT(*) AS think_count FROM `gxfc_shop_member` `nsm` LEFT JOIN `gxfc_member_address` `nma` ON `nsm`.`member_id`=`nma`.`member_id` LEFT JOIN `gxfc_member` `nm` ON `nsm`.`member_id`=`nm`.`member_id` WHERE  `nsm`.`site_id` = 1  AND `nma`.`is_default` = 1  AND `nma`.`province_id` = 320000  AND `nm`.`is_delete` = 0 [ RunTime:0.000346s ]
[2022-12-09T09:47:01+08:00][sql] SELECT COUNT(*) AS think_count FROM `gxfc_shop_member` `nsm` LEFT JOIN `gxfc_member_address` `nma` ON `nsm`.`member_id`=`nma`.`member_id` LEFT JOIN `gxfc_member` `nm` ON `nsm`.`member_id`=`nm`.`member_id` WHERE  `nsm`.`site_id` = 1  AND `nma`.`is_default` = 1  AND `nma`.`province_id` = 330000  AND `nm`.`is_delete` = 0 [ RunTime:0.000327s ]
[2022-12-09T09:47:01+08:00][sql] SELECT COUNT(*) AS think_count FROM `gxfc_shop_member` `nsm` LEFT JOIN `gxfc_member_address` `nma` ON `nsm`.`member_id`=`nma`.`member_id` LEFT JOIN `gxfc_member` `nm` ON `nsm`.`member_id`=`nm`.`member_id` WHERE  `nsm`.`site_id` = 1  AND `nma`.`is_default` = 1  AND `nma`.`province_id` = 340000  AND `nm`.`is_delete` = 0 [ RunTime:0.000360s ]
[2022-12-09T09:47:01+08:00][sql] SELECT COUNT(*) AS think_count FROM `gxfc_shop_member` `nsm` LEFT JOIN `gxfc_member_address` `nma` ON `nsm`.`member_id`=`nma`.`member_id` LEFT JOIN `gxfc_member` `nm` ON `nsm`.`member_id`=`nm`.`member_id` WHERE  `nsm`.`site_id` = 1  AND `nma`.`is_default` = 1  AND `nma`.`province_id` = 350000  AND `nm`.`is_delete` = 0 [ RunTime:0.000391s ]
[2022-12-09T09:47:01+08:00][sql] SELECT COUNT(*) AS think_count FROM `gxfc_shop_member` `nsm` LEFT JOIN `gxfc_member_address` `nma` ON `nsm`.`member_id`=`nma`.`member_id` LEFT JOIN `gxfc_member` `nm` ON `nsm`.`member_id`=`nm`.`member_id` WHERE  `nsm`.`site_id` = 1  AND `nma`.`is_default` = 1  AND `nma`.`province_id` = 360000  AND `nm`.`is_delete` = 0 [ RunTime:0.000351s ]
[2022-12-09T09:47:01+08:00][sql] SELECT COUNT(*) AS think_count FROM `gxfc_shop_member` `nsm` LEFT JOIN `gxfc_member_address` `nma` ON `nsm`.`member_id`=`nma`.`member_id` LEFT JOIN `gxfc_member` `nm` ON `nsm`.`member_id`=`nm`.`member_id` WHERE  `nsm`.`site_id` = 1  AND `nma`.`is_default` = 1  AND `nma`.`province_id` = 370000  AND `nm`.`is_delete` = 0 [ RunTime:0.000391s ]
[2022-12-09T09:47:01+08:00][sql] SELECT COUNT(*) AS think_count FROM `gxfc_shop_member` `nsm` LEFT JOIN `gxfc_member_address` `nma` ON `nsm`.`member_id`=`nma`.`member_id` LEFT JOIN `gxfc_member` `nm` ON `nsm`.`member_id`=`nm`.`member_id` WHERE  `nsm`.`site_id` = 1  AND `nma`.`is_default` = 1  AND `nma`.`province_id` = 410000  AND `nm`.`is_delete` = 0 [ RunTime:0.000420s ]
[2022-12-09T09:47:01+08:00][sql] SELECT COUNT(*) AS think_count FROM `gxfc_shop_member` `nsm` LEFT JOIN `gxfc_member_address` `nma` ON `nsm`.`member_id`=`nma`.`member_id` LEFT JOIN `gxfc_member` `nm` ON `nsm`.`member_id`=`nm`.`member_id` WHERE  `nsm`.`site_id` = 1  AND `nma`.`is_default` = 1  AND `nma`.`province_id` = 420000  AND `nm`.`is_delete` = 0 [ RunTime:0.000671s ]
[2022-12-09T09:47:01+08:00][sql] SELECT COUNT(*) AS think_count FROM `gxfc_shop_member` `nsm` LEFT JOIN `gxfc_member_address` `nma` ON `nsm`.`member_id`=`nma`.`member_id` LEFT JOIN `gxfc_member` `nm` ON `nsm`.`member_id`=`nm`.`member_id` WHERE  `nsm`.`site_id` = 1  AND `nma`.`is_default` = 1  AND `nma`.`province_id` = 430000  AND `nm`.`is_delete` = 0 [ RunTime:0.000381s ]
[2022-12-09T09:47:01+08:00][sql] SELECT COUNT(*) AS think_count FROM `gxfc_shop_member` `nsm` LEFT JOIN `gxfc_member_address` `nma` ON `nsm`.`member_id`=`nma`.`member_id` LEFT JOIN `gxfc_member` `nm` ON `nsm`.`member_id`=`nm`.`member_id` WHERE  `nsm`.`site_id` = 1  AND `nma`.`is_default` = 1  AND `nma`.`province_id` = 440000  AND `nm`.`is_delete` = 0 [ RunTime:0.000359s ]
[2022-12-09T09:47:01+08:00][sql] SELECT COUNT(*) AS think_count FROM `gxfc_shop_member` `nsm` LEFT JOIN `gxfc_member_address` `nma` ON `nsm`.`member_id`=`nma`.`member_id` LEFT JOIN `gxfc_member` `nm` ON `nsm`.`member_id`=`nm`.`member_id` WHERE  `nsm`.`site_id` = 1  AND `nma`.`is_default` = 1  AND `nma`.`province_id` = 450000  AND `nm`.`is_delete` = 0 [ RunTime:0.000340s ]
[2022-12-09T09:47:01+08:00][sql] SELECT COUNT(*) AS think_count FROM `gxfc_shop_member` `nsm` LEFT JOIN `gxfc_member_address` `nma` ON `nsm`.`member_id`=`nma`.`member_id` LEFT JOIN `gxfc_member` `nm` ON `nsm`.`member_id`=`nm`.`member_id` WHERE  `nsm`.`site_id` = 1  AND `nma`.`is_default` = 1  AND `nma`.`province_id` = 460000  AND `nm`.`is_delete` = 0 [ RunTime:0.000383s ]
[2022-12-09T09:47:01+08:00][sql] SELECT COUNT(*) AS think_count FROM `gxfc_shop_member` `nsm` LEFT JOIN `gxfc_member_address` `nma` ON `nsm`.`member_id`=`nma`.`member_id` LEFT JOIN `gxfc_member` `nm` ON `nsm`.`member_id`=`nm`.`member_id` WHERE  `nsm`.`site_id` = 1  AND `nma`.`is_default` = 1  AND `nma`.`province_id` = 500000  AND `nm`.`is_delete` = 0 [ RunTime:0.000332s ]
[2022-12-09T09:47:01+08:00][sql] SELECT COUNT(*) AS think_count FROM `gxfc_shop_member` `nsm` LEFT JOIN `gxfc_member_address` `nma` ON `nsm`.`member_id`=`nma`.`member_id` LEFT JOIN `gxfc_member` `nm` ON `nsm`.`member_id`=`nm`.`member_id` WHERE  `nsm`.`site_id` = 1  AND `nma`.`is_default` = 1  AND `nma`.`province_id` = 510000  AND `nm`.`is_delete` = 0 [ RunTime:0.000347s ]
[2022-12-09T09:47:01+08:00][sql] SELECT COUNT(*) AS think_count FROM `gxfc_shop_member` `nsm` LEFT JOIN `gxfc_member_address` `nma` ON `nsm`.`member_id`=`nma`.`member_id` LEFT JOIN `gxfc_member` `nm` ON `nsm`.`member_id`=`nm`.`member_id` WHERE  `nsm`.`site_id` = 1  AND `nma`.`is_default` = 1  AND `nma`.`province_id` = 520000  AND `nm`.`is_delete` = 0 [ RunTime:0.000360s ]
[2022-12-09T09:47:01+08:00][sql] SELECT COUNT(*) AS think_count FROM `gxfc_shop_member` `nsm` LEFT JOIN `gxfc_member_address` `nma` ON `nsm`.`member_id`=`nma`.`member_id` LEFT JOIN `gxfc_member` `nm` ON `nsm`.`member_id`=`nm`.`member_id` WHERE  `nsm`.`site_id` = 1  AND `nma`.`is_default` = 1  AND `nma`.`province_id` = 530000  AND `nm`.`is_delete` = 0 [ RunTime:0.000446s ]
[2022-12-09T09:47:01+08:00][sql] SELECT COUNT(*) AS think_count FROM `gxfc_shop_member` `nsm` LEFT JOIN `gxfc_member_address` `nma` ON `nsm`.`member_id`=`nma`.`member_id` LEFT JOIN `gxfc_member` `nm` ON `nsm`.`member_id`=`nm`.`member_id` WHERE  `nsm`.`site_id` = 1  AND `nma`.`is_default` = 1  AND `nma`.`province_id` = 540000  AND `nm`.`is_delete` = 0 [ RunTime:0.000418s ]
[2022-12-09T09:47:01+08:00][sql] SELECT COUNT(*) AS think_count FROM `gxfc_shop_member` `nsm` LEFT JOIN `gxfc_member_address` `nma` ON `nsm`.`member_id`=`nma`.`member_id` LEFT JOIN `gxfc_member` `nm` ON `nsm`.`member_id`=`nm`.`member_id` WHERE  `nsm`.`site_id` = 1  AND `nma`.`is_default` = 1  AND `nma`.`province_id` = 610000  AND `nm`.`is_delete` = 0 [ RunTime:0.000413s ]
[2022-12-09T09:47:01+08:00][sql] SELECT COUNT(*) AS think_count FROM `gxfc_shop_member` `nsm` LEFT JOIN `gxfc_member_address` `nma` ON `nsm`.`member_id`=`nma`.`member_id` LEFT JOIN `gxfc_member` `nm` ON `nsm`.`member_id`=`nm`.`member_id` WHERE  `nsm`.`site_id` = 1  AND `nma`.`is_default` = 1  AND `nma`.`province_id` = 620000  AND `nm`.`is_delete` = 0 [ RunTime:0.000416s ]
[2022-12-09T09:47:01+08:00][sql] SELECT COUNT(*) AS think_count FROM `gxfc_shop_member` `nsm` LEFT JOIN `gxfc_member_address` `nma` ON `nsm`.`member_id`=`nma`.`member_id` LEFT JOIN `gxfc_member` `nm` ON `nsm`.`member_id`=`nm`.`member_id` WHERE  `nsm`.`site_id` = 1  AND `nma`.`is_default` = 1  AND `nma`.`province_id` = 630000  AND `nm`.`is_delete` = 0 [ RunTime:0.000406s ]
[2022-12-09T09:47:01+08:00][sql] SELECT COUNT(*) AS think_count FROM `gxfc_shop_member` `nsm` LEFT JOIN `gxfc_member_address` `nma` ON `nsm`.`member_id`=`nma`.`member_id` LEFT JOIN `gxfc_member` `nm` ON `nsm`.`member_id`=`nm`.`member_id` WHERE  `nsm`.`site_id` = 1  AND `nma`.`is_default` = 1  AND `nma`.`province_id` = 640000  AND `nm`.`is_delete` = 0 [ RunTime:0.000383s ]
[2022-12-09T09:47:01+08:00][sql] SELECT COUNT(*) AS think_count FROM `gxfc_shop_member` `nsm` LEFT JOIN `gxfc_member_address` `nma` ON `nsm`.`member_id`=`nma`.`member_id` LEFT JOIN `gxfc_member` `nm` ON `nsm`.`member_id`=`nm`.`member_id` WHERE  `nsm`.`site_id` = 1  AND `nma`.`is_default` = 1  AND `nma`.`province_id` = 650000  AND `nm`.`is_delete` = 0 [ RunTime:0.000414s ]
[2022-12-09T09:47:01+08:00][sql] CONNECT:[ UseTime:0.000345s ] mysql:host=127.0.0.1;port=3306;dbname=hunqin;charset=utf8
[2022-12-09T09:47:01+08:00][sql] SELECT COUNT(*) AS think_count FROM `gxfc_shop_member` `nsm` LEFT JOIN `gxfc_member_address` `nma` ON `nsm`.`member_id`=`nma`.`member_id` LEFT JOIN `gxfc_member` `nm` ON `nsm`.`member_id`=`nm`.`member_id` WHERE  `nsm`.`site_id` = 1  AND `nma`.`is_default` = 1  AND `nma`.`province_id` = 810000  AND `nm`.`is_delete` = 0 [ RunTime:0.000468s ]
[2022-12-09T09:47:01+08:00][sql] SHOW FULL COLUMNS FROM `gxfc_shop` [ RunTime:0.000925s ]
[2022-12-09T09:47:01+08:00][sql] SELECT `website_id`,`site_name`,`logo`,`is_own`,`level_id`,`category_id`,`group_id`,`seo_keywords`,`seo_description`,`expire_time`,`shop_status` FROM `gxfc_shop` WHERE  `site_id` = 1 LIMIT 1 [ RunTime:0.000364s ]
[2022-12-09T09:47:01+08:00][sql] SELECT COUNT(*) AS think_count FROM `gxfc_shop_member` `nsm` LEFT JOIN `gxfc_member_address` `nma` ON `nsm`.`member_id`=`nma`.`member_id` LEFT JOIN `gxfc_member` `nm` ON `nsm`.`member_id`=`nm`.`member_id` WHERE  `nsm`.`site_id` = 1  AND `nma`.`is_default` = 1  AND `nma`.`province_id` = 820000  AND `nm`.`is_delete` = 0 [ RunTime:0.000413s ]
[2022-12-09T09:47:01+08:00][sql] SELECT COUNT(*) AS think_count FROM `gxfc_shop_member` `nsm` LEFT JOIN `gxfc_member_address` `nma` ON `nsm`.`member_id`=`nma`.`member_id` LEFT JOIN `gxfc_member` `nm` ON `nsm`.`member_id`=`nm`.`member_id` WHERE  `nsm`.`site_id` = 1  AND `nma`.`is_default` = 1  AND `nma`.`province_id` = 710000  AND `nm`.`is_delete` = 0 [ RunTime:0.000343s ]
[2022-12-09T09:47:01+08:00][sql] SHOW FULL COLUMNS FROM `gxfc_shop_member` [ RunTime:0.000582s ]
[2022-12-09T09:47:01+08:00][sql] SELECT COUNT(*) AS think_count FROM `gxfc_shop_member` `nsm` LEFT JOIN `gxfc_member` `nm` ON `nsm`.`member_id`=`nm`.`member_id` WHERE  `nsm`.`site_id` = 1  AND `nm`.`is_delete` = 0 [ RunTime:0.000516s ]
[2022-12-09T09:47:01+08:00][sql] SELECT COUNT(*) AS think_count FROM `gxfc_shop_member` `nsm` LEFT JOIN `gxfc_member_address` `nma` ON `nsm`.`member_id`=`nma`.`member_id` LEFT JOIN `gxfc_member` `nm` ON `nsm`.`member_id`=`nm`.`member_id` WHERE  `nsm`.`site_id` = 1  AND `nma`.`is_default` = 1  AND `nma`.`province_id` = 110000  AND `nm`.`is_delete` = 0 [ RunTime:0.000405s ]
[2022-12-09T09:47:01+08:00][sql] SELECT COUNT(*) AS think_count FROM `gxfc_shop_member` `nsm` LEFT JOIN `gxfc_member_address` `nma` ON `nsm`.`member_id`=`nma`.`member_id` LEFT JOIN `gxfc_member` `nm` ON `nsm`.`member_id`=`nm`.`member_id` WHERE  `nsm`.`site_id` = 1  AND `nma`.`is_default` = 1  AND `nma`.`province_id` = 120000  AND `nm`.`is_delete` = 0 [ RunTime:0.000301s ]
[2022-12-09T09:47:01+08:00][sql] SELECT COUNT(*) AS think_count FROM `gxfc_shop_member` `nsm` LEFT JOIN `gxfc_member_address` `nma` ON `nsm`.`member_id`=`nma`.`member_id` LEFT JOIN `gxfc_member` `nm` ON `nsm`.`member_id`=`nm`.`member_id` WHERE  `nsm`.`site_id` = 1  AND `nma`.`is_default` = 1  AND `nma`.`province_id` = 130000  AND `nm`.`is_delete` = 0 [ RunTime:0.000359s ]
[2022-12-09T09:47:01+08:00][sql] SELECT COUNT(*) AS think_count FROM `gxfc_shop_member` `nsm` LEFT JOIN `gxfc_member_address` `nma` ON `nsm`.`member_id`=`nma`.`member_id` LEFT JOIN `gxfc_member` `nm` ON `nsm`.`member_id`=`nm`.`member_id` WHERE  `nsm`.`site_id` = 1  AND `nma`.`is_default` = 1  AND `nma`.`province_id` = 140000  AND `nm`.`is_delete` = 0 [ RunTime:0.000316s ]
[2022-12-09T09:47:01+08:00][sql] SELECT COUNT(*) AS think_count FROM `gxfc_shop_member` `nsm` LEFT JOIN `gxfc_member_address` `nma` ON `nsm`.`member_id`=`nma`.`member_id` LEFT JOIN `gxfc_member` `nm` ON `nsm`.`member_id`=`nm`.`member_id` WHERE  `nsm`.`site_id` = 1  AND `nma`.`is_default` = 1  AND `nma`.`province_id` = 150000  AND `nm`.`is_delete` = 0 [ RunTime:0.000300s ]
[2022-12-09T09:47:01+08:00][sql] SELECT COUNT(*) AS think_count FROM `gxfc_shop_member` `nsm` LEFT JOIN `gxfc_member_address` `nma` ON `nsm`.`member_id`=`nma`.`member_id` LEFT JOIN `gxfc_member` `nm` ON `nsm`.`member_id`=`nm`.`member_id` WHERE  `nsm`.`site_id` = 1  AND `nma`.`is_default` = 1  AND `nma`.`province_id` = 210000  AND `nm`.`is_delete` = 0 [ RunTime:0.000312s ]
[2022-12-09T09:47:01+08:00][sql] SELECT COUNT(*) AS think_count FROM `gxfc_shop_member` `nsm` LEFT JOIN `gxfc_member_address` `nma` ON `nsm`.`member_id`=`nma`.`member_id` LEFT JOIN `gxfc_member` `nm` ON `nsm`.`member_id`=`nm`.`member_id` WHERE  `nsm`.`site_id` = 1  AND `nma`.`is_default` = 1  AND `nma`.`province_id` = 220000  AND `nm`.`is_delete` = 0 [ RunTime:0.000303s ]
[2022-12-09T09:47:01+08:00][sql] SELECT COUNT(*) AS think_count FROM `gxfc_shop_member` `nsm` LEFT JOIN `gxfc_member_address` `nma` ON `nsm`.`member_id`=`nma`.`member_id` LEFT JOIN `gxfc_member` `nm` ON `nsm`.`member_id`=`nm`.`member_id` WHERE  `nsm`.`site_id` = 1  AND `nma`.`is_default` = 1  AND `nma`.`province_id` = 230000  AND `nm`.`is_delete` = 0 [ RunTime:0.000292s ]
[2022-12-09T09:47:01+08:00][sql] SELECT COUNT(*) AS think_count FROM `gxfc_shop_member` `nsm` LEFT JOIN `gxfc_member_address` `nma` ON `nsm`.`member_id`=`nma`.`member_id` LEFT JOIN `gxfc_member` `nm` ON `nsm`.`member_id`=`nm`.`member_id` WHERE  `nsm`.`site_id` = 1  AND `nma`.`is_default` = 1  AND `nma`.`province_id` = 310000  AND `nm`.`is_delete` = 0 [ RunTime:0.000296s ]
[2022-12-09T09:47:01+08:00][sql] SELECT COUNT(*) AS think_count FROM `gxfc_shop_member` `nsm` LEFT JOIN `gxfc_member_address` `nma` ON `nsm`.`member_id`=`nma`.`member_id` LEFT JOIN `gxfc_member` `nm` ON `nsm`.`member_id`=`nm`.`member_id` WHERE  `nsm`.`site_id` = 1  AND `nma`.`is_default` = 1  AND `nma`.`province_id` = 320000  AND `nm`.`is_delete` = 0 [ RunTime:0.000292s ]
[2022-12-09T09:47:01+08:00][sql] SELECT COUNT(*) AS think_count FROM `gxfc_shop_member` `nsm` LEFT JOIN `gxfc_member_address` `nma` ON `nsm`.`member_id`=`nma`.`member_id` LEFT JOIN `gxfc_member` `nm` ON `nsm`.`member_id`=`nm`.`member_id` WHERE  `nsm`.`site_id` = 1  AND `nma`.`is_default` = 1  AND `nma`.`province_id` = 330000  AND `nm`.`is_delete` = 0 [ RunTime:0.000281s ]
[2022-12-09T09:47:01+08:00][sql] SELECT COUNT(*) AS think_count FROM `gxfc_shop_member` `nsm` LEFT JOIN `gxfc_member_address` `nma` ON `nsm`.`member_id`=`nma`.`member_id` LEFT JOIN `gxfc_member` `nm` ON `nsm`.`member_id`=`nm`.`member_id` WHERE  `nsm`.`site_id` = 1  AND `nma`.`is_default` = 1  AND `nma`.`province_id` = 340000  AND `nm`.`is_delete` = 0 [ RunTime:0.000311s ]
[2022-12-09T09:47:01+08:00][sql] SELECT COUNT(*) AS think_count FROM `gxfc_shop_member` `nsm` LEFT JOIN `gxfc_member_address` `nma` ON `nsm`.`member_id`=`nma`.`member_id` LEFT JOIN `gxfc_member` `nm` ON `nsm`.`member_id`=`nm`.`member_id` WHERE  `nsm`.`site_id` = 1  AND `nma`.`is_default` = 1  AND `nma`.`province_id` = 350000  AND `nm`.`is_delete` = 0 [ RunTime:0.000311s ]
[2022-12-09T09:47:01+08:00][sql] SELECT COUNT(*) AS think_count FROM `gxfc_shop_member` `nsm` LEFT JOIN `gxfc_member_address` `nma` ON `nsm`.`member_id`=`nma`.`member_id` LEFT JOIN `gxfc_member` `nm` ON `nsm`.`member_id`=`nm`.`member_id` WHERE  `nsm`.`site_id` = 1  AND `nma`.`is_default` = 1  AND `nma`.`province_id` = 360000  AND `nm`.`is_delete` = 0 [ RunTime:0.000297s ]
[2022-12-09T09:47:01+08:00][sql] SELECT COUNT(*) AS think_count FROM `gxfc_shop_member` `nsm` LEFT JOIN `gxfc_member_address` `nma` ON `nsm`.`member_id`=`nma`.`member_id` LEFT JOIN `gxfc_member` `nm` ON `nsm`.`member_id`=`nm`.`member_id` WHERE  `nsm`.`site_id` = 1  AND `nma`.`is_default` = 1  AND `nma`.`province_id` = 370000  AND `nm`.`is_delete` = 0 [ RunTime:0.000336s ]
[2022-12-09T09:47:01+08:00][sql] SELECT COUNT(*) AS think_count FROM `gxfc_shop_member` `nsm` LEFT JOIN `gxfc_member_address` `nma` ON `nsm`.`member_id`=`nma`.`member_id` LEFT JOIN `gxfc_member` `nm` ON `nsm`.`member_id`=`nm`.`member_id` WHERE  `nsm`.`site_id` = 1  AND `nma`.`is_default` = 1  AND `nma`.`province_id` = 410000  AND `nm`.`is_delete` = 0 [ RunTime:0.000296s ]
[2022-12-09T09:47:01+08:00][sql] SELECT COUNT(*) AS think_count FROM `gxfc_shop_member` `nsm` LEFT JOIN `gxfc_member_address` `nma` ON `nsm`.`member_id`=`nma`.`member_id` LEFT JOIN `gxfc_member` `nm` ON `nsm`.`member_id`=`nm`.`member_id` WHERE  `nsm`.`site_id` = 1  AND `nma`.`is_default` = 1  AND `nma`.`province_id` = 420000  AND `nm`.`is_delete` = 0 [ RunTime:0.000897s ]
[2022-12-09T09:47:01+08:00][sql] SELECT COUNT(*) AS think_count FROM `gxfc_shop_member` `nsm` LEFT JOIN `gxfc_member_address` `nma` ON `nsm`.`member_id`=`nma`.`member_id` LEFT JOIN `gxfc_member` `nm` ON `nsm`.`member_id`=`nm`.`member_id` WHERE  `nsm`.`site_id` = 1  AND `nma`.`is_default` = 1  AND `nma`.`province_id` = 430000  AND `nm`.`is_delete` = 0 [ RunTime:0.000322s ]
[2022-12-09T09:47:01+08:00][sql] SELECT COUNT(*) AS think_count FROM `gxfc_shop_member` `nsm` LEFT JOIN `gxfc_member_address` `nma` ON `nsm`.`member_id`=`nma`.`member_id` LEFT JOIN `gxfc_member` `nm` ON `nsm`.`member_id`=`nm`.`member_id` WHERE  `nsm`.`site_id` = 1  AND `nma`.`is_default` = 1  AND `nma`.`province_id` = 440000  AND `nm`.`is_delete` = 0 [ RunTime:0.000315s ]
[2022-12-09T09:47:01+08:00][sql] SELECT COUNT(*) AS think_count FROM `gxfc_shop_member` `nsm` LEFT JOIN `gxfc_member_address` `nma` ON `nsm`.`member_id`=`nma`.`member_id` LEFT JOIN `gxfc_member` `nm` ON `nsm`.`member_id`=`nm`.`member_id` WHERE  `nsm`.`site_id` = 1  AND `nma`.`is_default` = 1  AND `nma`.`province_id` = 450000  AND `nm`.`is_delete` = 0 [ RunTime:0.000292s ]
[2022-12-09T09:47:01+08:00][sql] SELECT COUNT(*) AS think_count FROM `gxfc_shop_member` `nsm` LEFT JOIN `gxfc_member_address` `nma` ON `nsm`.`member_id`=`nma`.`member_id` LEFT JOIN `gxfc_member` `nm` ON `nsm`.`member_id`=`nm`.`member_id` WHERE  `nsm`.`site_id` = 1  AND `nma`.`is_default` = 1  AND `nma`.`province_id` = 460000  AND `nm`.`is_delete` = 0 [ RunTime:0.000300s ]
[2022-12-09T09:47:01+08:00][sql] SELECT COUNT(*) AS think_count FROM `gxfc_shop_member` `nsm` LEFT JOIN `gxfc_member_address` `nma` ON `nsm`.`member_id`=`nma`.`member_id` LEFT JOIN `gxfc_member` `nm` ON `nsm`.`member_id`=`nm`.`member_id` WHERE  `nsm`.`site_id` = 1  AND `nma`.`is_default` = 1  AND `nma`.`province_id` = 500000  AND `nm`.`is_delete` = 0 [ RunTime:0.000304s ]
[2022-12-09T09:47:01+08:00][sql] SELECT COUNT(*) AS think_count FROM `gxfc_shop_member` `nsm` LEFT JOIN `gxfc_member_address` `nma` ON `nsm`.`member_id`=`nma`.`member_id` LEFT JOIN `gxfc_member` `nm` ON `nsm`.`member_id`=`nm`.`member_id` WHERE  `nsm`.`site_id` = 1  AND `nma`.`is_default` = 1  AND `nma`.`province_id` = 510000  AND `nm`.`is_delete` = 0 [ RunTime:0.000310s ]
[2022-12-09T09:47:01+08:00][sql] SELECT COUNT(*) AS think_count FROM `gxfc_shop_member` `nsm` LEFT JOIN `gxfc_member_address` `nma` ON `nsm`.`member_id`=`nma`.`member_id` LEFT JOIN `gxfc_member` `nm` ON `nsm`.`member_id`=`nm`.`member_id` WHERE  `nsm`.`site_id` = 1  AND `nma`.`is_default` = 1  AND `nma`.`province_id` = 520000  AND `nm`.`is_delete` = 0 [ RunTime:0.000332s ]
[2022-12-09T09:47:01+08:00][sql] SELECT COUNT(*) AS think_count FROM `gxfc_shop_member` `nsm` LEFT JOIN `gxfc_member_address` `nma` ON `nsm`.`member_id`=`nma`.`member_id` LEFT JOIN `gxfc_member` `nm` ON `nsm`.`member_id`=`nm`.`member_id` WHERE  `nsm`.`site_id` = 1  AND `nma`.`is_default` = 1  AND `nma`.`province_id` = 530000  AND `nm`.`is_delete` = 0 [ RunTime:0.000319s ]
[2022-12-09T09:47:01+08:00][sql] SELECT COUNT(*) AS think_count FROM `gxfc_shop_member` `nsm` LEFT JOIN `gxfc_member_address` `nma` ON `nsm`.`member_id`=`nma`.`member_id` LEFT JOIN `gxfc_member` `nm` ON `nsm`.`member_id`=`nm`.`member_id` WHERE  `nsm`.`site_id` = 1  AND `nma`.`is_default` = 1  AND `nma`.`province_id` = 540000  AND `nm`.`is_delete` = 0 [ RunTime:0.000305s ]
[2022-12-09T09:47:01+08:00][sql] SELECT COUNT(*) AS think_count FROM `gxfc_shop_member` `nsm` LEFT JOIN `gxfc_member_address` `nma` ON `nsm`.`member_id`=`nma`.`member_id` LEFT JOIN `gxfc_member` `nm` ON `nsm`.`member_id`=`nm`.`member_id` WHERE  `nsm`.`site_id` = 1  AND `nma`.`is_default` = 1  AND `nma`.`province_id` = 610000  AND `nm`.`is_delete` = 0 [ RunTime:0.000321s ]
[2022-12-09T09:47:01+08:00][sql] SELECT COUNT(*) AS think_count FROM `gxfc_shop_member` `nsm` LEFT JOIN `gxfc_member_address` `nma` ON `nsm`.`member_id`=`nma`.`member_id` LEFT JOIN `gxfc_member` `nm` ON `nsm`.`member_id`=`nm`.`member_id` WHERE  `nsm`.`site_id` = 1  AND `nma`.`is_default` = 1  AND `nma`.`province_id` = 620000  AND `nm`.`is_delete` = 0 [ RunTime:0.000290s ]
[2022-12-09T09:47:01+08:00][sql] SELECT COUNT(*) AS think_count FROM `gxfc_shop_member` `nsm` LEFT JOIN `gxfc_member_address` `nma` ON `nsm`.`member_id`=`nma`.`member_id` LEFT JOIN `gxfc_member` `nm` ON `nsm`.`member_id`=`nm`.`member_id` WHERE  `nsm`.`site_id` = 1  AND `nma`.`is_default` = 1  AND `nma`.`province_id` = 630000  AND `nm`.`is_delete` = 0 [ RunTime:0.000300s ]
[2022-12-09T09:47:01+08:00][sql] SELECT COUNT(*) AS think_count FROM `gxfc_shop_member` `nsm` LEFT JOIN `gxfc_member_address` `nma` ON `nsm`.`member_id`=`nma`.`member_id` LEFT JOIN `gxfc_member` `nm` ON `nsm`.`member_id`=`nm`.`member_id` WHERE  `nsm`.`site_id` = 1  AND `nma`.`is_default` = 1  AND `nma`.`province_id` = 640000  AND `nm`.`is_delete` = 0 [ RunTime:0.000310s ]
[2022-12-09T09:47:01+08:00][sql] SELECT COUNT(*) AS think_count FROM `gxfc_shop_member` `nsm` LEFT JOIN `gxfc_member_address` `nma` ON `nsm`.`member_id`=`nma`.`member_id` LEFT JOIN `gxfc_member` `nm` ON `nsm`.`member_id`=`nm`.`member_id` WHERE  `nsm`.`site_id` = 1  AND `nma`.`is_default` = 1  AND `nma`.`province_id` = 650000  AND `nm`.`is_delete` = 0 [ RunTime:0.000292s ]
[2022-12-09T09:47:01+08:00][sql] SELECT COUNT(*) AS think_count FROM `gxfc_shop_member` `nsm` LEFT JOIN `gxfc_member_address` `nma` ON `nsm`.`member_id`=`nma`.`member_id` LEFT JOIN `gxfc_member` `nm` ON `nsm`.`member_id`=`nm`.`member_id` WHERE  `nsm`.`site_id` = 1  AND `nma`.`is_default` = 1  AND `nma`.`province_id` = 810000  AND `nm`.`is_delete` = 0 [ RunTime:0.000335s ]
[2022-12-09T09:47:01+08:00][sql] SELECT COUNT(*) AS think_count FROM `gxfc_shop_member` `nsm` LEFT JOIN `gxfc_member_address` `nma` ON `nsm`.`member_id`=`nma`.`member_id` LEFT JOIN `gxfc_member` `nm` ON `nsm`.`member_id`=`nm`.`member_id` WHERE  `nsm`.`site_id` = 1  AND `nma`.`is_default` = 1  AND `nma`.`province_id` = 820000  AND `nm`.`is_delete` = 0 [ RunTime:0.000292s ]
[2022-12-09T09:47:01+08:00][sql] SELECT COUNT(*) AS think_count FROM `gxfc_shop_member` `nsm` LEFT JOIN `gxfc_member_address` `nma` ON `nsm`.`member_id`=`nma`.`member_id` LEFT JOIN `gxfc_member` `nm` ON `nsm`.`member_id`=`nm`.`member_id` WHERE  `nsm`.`site_id` = 1  AND `nma`.`is_default` = 1  AND `nma`.`province_id` = 710000  AND `nm`.`is_delete` = 0 [ RunTime:0.000307s ]
[2022-12-09T09:47:02+08:00][sql] CONNECT:[ UseTime:0.000463s ] mysql:host=127.0.0.1;port=3306;dbname=hunqin;charset=utf8
[2022-12-09T09:47:02+08:00][sql] SHOW FULL COLUMNS FROM `gxfc_shop` [ RunTime:0.001431s ]
[2022-12-09T09:47:02+08:00][sql] SELECT `website_id`,`site_name`,`logo`,`is_own`,`level_id`,`category_id`,`group_id`,`seo_keywords`,`seo_description`,`expire_time`,`shop_status` FROM `gxfc_shop` WHERE  `site_id` = 1 LIMIT 1 [ RunTime:0.000454s ]
[2022-12-09T09:47:02+08:00][sql] SHOW FULL COLUMNS FROM `gxfc_menu` [ RunTime:0.000699s ]
[2022-12-09T09:47:02+08:00][sql] SELECT `id`,`app_module`,`name`,`title`,`parent`,`level`,`url`,`is_show`,`sort`,`desc`,`picture`,`is_icon`,`picture_select`,`is_control`,`addon` FROM `gxfc_menu` WHERE  `url` = 'shop/Promotion/index'  AND `app_module` = 'shop' ORDER BY `level` DESC LIMIT 1 [ RunTime:0.000499s ]
[2022-12-09T09:47:02+08:00][sql] SELECT `id`,`app_module`,`name`,`title`,`parent`,`level`,`url`,`is_show`,`sort`,`desc`,`picture`,`is_icon`,`picture_select`,`is_control`,`addon` FROM `gxfc_menu` WHERE  `name` = 'PROMOTION_CENTER'  AND `app_module` = 'shop' LIMIT 1 [ RunTime:0.000455s ]
[2022-12-09T09:47:02+08:00][sql] SELECT `id`,`app_module`,`name`,`title`,`parent`,`level`,`url`,`is_show`,`sort`,`desc`,`picture`,`is_icon`,`picture_select`,`is_control`,`addon` FROM `gxfc_menu` WHERE  `name` = 'PROMOTION_ROOT'  AND `app_module` = 'shop' LIMIT 1 [ RunTime:0.000445s ]
[2022-12-09T09:47:02+08:00][sql] SHOW FULL COLUMNS FROM `gxfc_addon` [ RunTime:0.000874s ]
[2022-12-09T09:47:02+08:00][sql] SELECT `name`,`title` FROM `gxfc_addon` WHERE  `name` = '' LIMIT 1 [ RunTime:0.000291s ]
[2022-12-09T09:47:04+08:00][sql] CONNECT:[ UseTime:0.000480s ] mysql:host=127.0.0.1;port=3306;dbname=hunqin;charset=utf8
[2022-12-09T09:47:04+08:00][sql] SHOW FULL COLUMNS FROM `gxfc_shop` [ RunTime:0.001336s ]
[2022-12-09T09:47:04+08:00][sql] SELECT `website_id`,`site_name`,`logo`,`is_own`,`level_id`,`category_id`,`group_id`,`seo_keywords`,`seo_description`,`expire_time`,`shop_status` FROM `gxfc_shop` WHERE  `site_id` = 1 LIMIT 1 [ RunTime:0.000461s ]
[2022-12-09T09:47:04+08:00][sql] SHOW FULL COLUMNS FROM `gxfc_goods` [ RunTime:0.000985s ]
[2022-12-09T09:47:04+08:00][sql] SELECT COUNT(*) AS think_count FROM `gxfc_goods` WHERE  `verify_state` = 0  AND `is_delete` = 0  AND `site_id` = 1 [ RunTime:0.000440s ]
[2022-12-09T09:47:04+08:00][sql] SELECT COUNT(*) AS think_count FROM `gxfc_goods` WHERE  `verify_state` = -2  AND `is_delete` = 0  AND `site_id` = 1 [ RunTime:0.000372s ]
[2022-12-09T09:47:04+08:00][sql] SELECT COUNT(*) AS think_count FROM `gxfc_goods` WHERE  `verify_state` = 10  AND `is_delete` = 0  AND `site_id` = 1 [ RunTime:0.000338s ]
[2022-12-09T09:47:04+08:00][sql] SHOW FULL COLUMNS FROM `gxfc_goods_shop_category` [ RunTime:0.000564s ]
[2022-12-09T09:47:04+08:00][sql] SELECT `category_id`,`category_name`,`pid`,`level` FROM `gxfc_goods_shop_category` WHERE  `site_id` = 1 ORDER BY `sort` ASC [ RunTime:0.000304s ]
[2022-12-09T09:47:04+08:00][sql] SHOW FULL COLUMNS FROM `gxfc_express_template` [ RunTime:0.000550s ]
[2022-12-09T09:47:04+08:00][sql] SELECT `template_id`,`template_name` FROM `gxfc_express_template` WHERE  `site_id` = 1 ORDER BY `is_default` DESC [ RunTime:0.000296s ]
[2022-12-09T09:47:04+08:00][sql] CONNECT:[ UseTime:0.000577s ] mysql:host=127.0.0.1;port=3306;dbname=hunqin;charset=utf8
[2022-12-09T09:47:04+08:00][sql] SHOW FULL COLUMNS FROM `gxfc_shop` [ RunTime:0.001312s ]
[2022-12-09T09:47:04+08:00][sql] SELECT `website_id`,`site_name`,`logo`,`is_own`,`level_id`,`category_id`,`group_id`,`seo_keywords`,`seo_description`,`expire_time`,`shop_status` FROM `gxfc_shop` WHERE  `site_id` = 1 LIMIT 1 [ RunTime:0.000516s ]
[2022-12-09T09:47:04+08:00][sql] SHOW FULL COLUMNS FROM `gxfc_goods` [ RunTime:0.000864s ]
[2022-12-09T09:47:04+08:00][sql] SELECT COUNT(*) AS think_count FROM `gxfc_goods` WHERE  `verify_state` = 0  AND `is_delete` = 0  AND `site_id` = 1 [ RunTime:0.000408s ]
[2022-12-09T09:47:04+08:00][sql] SELECT COUNT(*) AS think_count FROM `gxfc_goods` WHERE  `verify_state` = -2  AND `is_delete` = 0  AND `site_id` = 1 [ RunTime:0.000351s ]
[2022-12-09T09:47:04+08:00][sql] SELECT COUNT(*) AS think_count FROM `gxfc_goods` WHERE  `verify_state` = 10  AND `is_delete` = 0  AND `site_id` = 1 [ RunTime:0.000321s ]
[2022-12-09T09:47:04+08:00][sql] CONNECT:[ UseTime:0.000404s ] mysql:host=127.0.0.1;port=3306;dbname=hunqin;charset=utf8
[2022-12-09T09:47:04+08:00][sql] SHOW FULL COLUMNS FROM `gxfc_shop` [ RunTime:0.000972s ]
[2022-12-09T09:47:04+08:00][sql] SELECT `website_id`,`site_name`,`logo`,`is_own`,`level_id`,`category_id`,`group_id`,`seo_keywords`,`seo_description`,`expire_time`,`shop_status` FROM `gxfc_shop` WHERE  `site_id` = 1 LIMIT 1 [ RunTime:0.000406s ]
[2022-12-09T09:47:04+08:00][sql] SHOW FULL COLUMNS FROM `gxfc_goods` [ RunTime:0.000895s ]
[2022-12-09T09:47:04+08:00][sql] SELECT COUNT(*) AS think_count FROM `gxfc_goods` `` WHERE  `is_delete` = 0  AND `site_id` = 1 ORDER BY `create_time` DESC [ RunTime:0.000445s ]
[2022-12-09T09:47:04+08:00][sql] SELECT `goods_id`,`goods_name`,`site_id`,`site_name`,`goods_image`,`is_own`,`goods_state`,`verify_state`,`price`,`goods_stock`,`goods_stock_alarm`,`create_time`,`sale_num`,`is_virtual`,`goods_class`,`is_fenxiao`,`fenxiao_type`,`sku_id`,`max_buy`,`min_buy`,`promotion_addon`,`sort` FROM `gxfc_goods` `` WHERE  `is_delete` = 0  AND `site_id` = 1 ORDER BY `create_time` DESC LIMIT 0,10 [ RunTime:0.000521s ]
[2022-12-09T09:47:05+08:00][sql] CONNECT:[ UseTime:0.000435s ] mysql:host=127.0.0.1;port=3306;dbname=hunqin;charset=utf8
[2022-12-09T09:47:05+08:00][sql] SHOW FULL COLUMNS FROM `gxfc_shop` [ RunTime:0.000989s ]
[2022-12-09T09:47:05+08:00][sql] SELECT `website_id`,`site_name`,`logo`,`is_own`,`level_id`,`category_id`,`group_id`,`seo_keywords`,`seo_description`,`expire_time`,`shop_status` FROM `gxfc_shop` WHERE  `site_id` = 1 LIMIT 1 [ RunTime:0.000388s ]
[2022-12-09T09:47:05+08:00][sql] SHOW FULL COLUMNS FROM `gxfc_menu` [ RunTime:0.000649s ]
[2022-12-09T09:47:05+08:00][sql] SELECT `id`,`app_module`,`name`,`title`,`parent`,`level`,`url`,`is_show`,`sort`,`desc`,`picture`,`is_icon`,`picture_select`,`is_control`,`addon` FROM `gxfc_menu` WHERE  `url` = 'shop/Goods/addGoods'  AND `app_module` = 'shop' ORDER BY `level` DESC LIMIT 1 [ RunTime:0.000496s ]
[2022-12-09T09:47:05+08:00][sql] SELECT `id`,`app_module`,`name`,`title`,`parent`,`level`,`url`,`is_show`,`sort`,`desc`,`picture`,`is_icon`,`picture_select`,`is_control`,`addon` FROM `gxfc_menu` WHERE  `name` = 'PHYSICAL_GOODS_ADD'  AND `app_module` = 'shop' LIMIT 1 [ RunTime:0.000403s ]
[2022-12-09T09:47:05+08:00][sql] SHOW FULL COLUMNS FROM `gxfc_goods_shop_category` [ RunTime:0.000709s ]
[2022-12-09T09:47:05+08:00][sql] SELECT `category_id`,`category_name`,`pid`,`level` FROM `gxfc_goods_shop_category` WHERE  `site_id` = 1 ORDER BY `sort` ASC [ RunTime:0.000359s ]
[2022-12-09T09:47:05+08:00][sql] SHOW FULL COLUMNS FROM `gxfc_express_template` [ RunTime:0.000577s ]
[2022-12-09T09:47:05+08:00][sql] SELECT `template_id`,`template_name` FROM `gxfc_express_template` WHERE  `site_id` = 1 ORDER BY `is_default` DESC [ RunTime:0.000301s ]
[2022-12-09T09:47:05+08:00][sql] SHOW FULL COLUMNS FROM `gxfc_supplier` [ RunTime:0.000808s ]
[2022-12-09T09:47:05+08:00][sql] SELECT COUNT(*) AS think_count FROM `gxfc_supplier` `a` ORDER BY `supplier_id` DESC [ RunTime:0.000273s ]
[2022-12-09T09:47:05+08:00][sql] SELECT * FROM `gxfc_supplier` `a` ORDER BY `supplier_id` DESC LIMIT 0,10 [ RunTime:0.000465s ]
[2022-12-09T09:47:05+08:00][sql] CONNECT:[ UseTime:0.000420s ] mysql:host=127.0.0.1;port=3306;dbname=hunqin;charset=utf8
[2022-12-09T09:47:05+08:00][sql] SHOW FULL COLUMNS FROM `gxfc_shop` [ RunTime:0.000924s ]
[2022-12-09T09:47:05+08:00][sql] SELECT `website_id`,`site_name`,`logo`,`is_own`,`level_id`,`category_id`,`group_id`,`seo_keywords`,`seo_description`,`expire_time`,`shop_status` FROM `gxfc_shop` WHERE  `site_id` = 1 LIMIT 1 [ RunTime:0.000363s ]
[2022-12-09T09:47:05+08:00][sql] SELECT `group_id` FROM `gxfc_shop` WHERE  `site_id` = 1 LIMIT 1 [ RunTime:0.000306s ]
[2022-12-09T09:47:22+08:00][sql] CONNECT:[ UseTime:0.000408s ] mysql:host=127.0.0.1;port=3306;dbname=hunqin;charset=utf8
[2022-12-09T09:47:22+08:00][sql] SHOW FULL COLUMNS FROM `gxfc_shop` [ RunTime:0.000982s ]
[2022-12-09T09:47:22+08:00][sql] SELECT `website_id`,`site_name`,`logo`,`is_own`,`level_id`,`category_id`,`group_id`,`seo_keywords`,`seo_description`,`expire_time`,`shop_status` FROM `gxfc_shop` WHERE  `site_id` = 1 LIMIT 1 [ RunTime:0.000380s ]
[2022-12-09T09:47:22+08:00][sql] SHOW FULL COLUMNS FROM `gxfc_menu` [ RunTime:0.000588s ]
[2022-12-09T09:47:22+08:00][sql] SELECT `id`,`app_module`,`name`,`title`,`parent`,`level`,`url`,`is_show`,`sort`,`desc`,`picture`,`is_icon`,`picture_select`,`is_control`,`addon` FROM `gxfc_menu` WHERE  `url` = 'shop/Album/album'  AND `app_module` = 'shop' ORDER BY `level` DESC LIMIT 1 [ RunTime:0.000493s ]
[2022-12-09T09:47:22+08:00][sql] SELECT `id`,`app_module`,`name`,`title`,`parent`,`level`,`url`,`is_show`,`sort`,`desc`,`picture`,`is_icon`,`picture_select`,`is_control`,`addon` FROM `gxfc_menu` WHERE  `name` = 'ALBUM_BOX'  AND `app_module` = 'shop' LIMIT 1 [ RunTime:0.000375s ]
[2022-12-09T09:47:22+08:00][sql] SELECT `id`,`app_module`,`name`,`title`,`parent`,`level`,`url`,`is_show`,`sort`,`desc`,`picture`,`is_icon`,`picture_select`,`is_control`,`addon` FROM `gxfc_menu` WHERE  `name` = 'ALBUM_MANAGE'  AND `app_module` = 'shop' LIMIT 1 [ RunTime:0.000353s ]
[2022-12-09T09:47:22+08:00][sql] SHOW FULL COLUMNS FROM `gxfc_album` [ RunTime:0.000756s ]
[2022-12-09T09:47:22+08:00][sql] SELECT `album_id`,`site_id`,`album_name`,`sort`,`cover`,`desc`,`is_default`,`update_time`,`num` FROM `gxfc_album` WHERE  `site_id` = 1 [ RunTime:0.000296s ]
[2022-12-09T09:47:23+08:00][sql] CONNECT:[ UseTime:0.000441s ] mysql:host=127.0.0.1;port=3306;dbname=hunqin;charset=utf8
[2022-12-09T09:47:23+08:00][sql] SHOW FULL COLUMNS FROM `gxfc_shop` [ RunTime:0.000868s ]
[2022-12-09T09:47:23+08:00][sql] SELECT `website_id`,`site_name`,`logo`,`is_own`,`level_id`,`category_id`,`group_id`,`seo_keywords`,`seo_description`,`expire_time`,`shop_status` FROM `gxfc_shop` WHERE  `site_id` = 1 LIMIT 1 [ RunTime:0.000348s ]
[2022-12-09T09:47:23+08:00][sql] SHOW FULL COLUMNS FROM `gxfc_album_pic` [ RunTime:0.000564s ]
[2022-12-09T09:47:23+08:00][sql] SELECT COUNT(*) AS think_count FROM `gxfc_album_pic` `a` WHERE  `site_id` = 1  AND `album_id` = 2 ORDER BY `update_time` DESC [ RunTime:0.000375s ]
[2022-12-09T09:47:23+08:00][sql] SELECT `pic_id`,`pic_name`,`pic_path`,`pic_spec`,`site_id`,`update_time` FROM `gxfc_album_pic` `a` WHERE  `site_id` = 1  AND `album_id` = 2 ORDER BY `update_time` DESC LIMIT 0,12 [ RunTime:0.000373s ]
[2022-12-09T09:49:18+08:00][sql] CONNECT:[ UseTime:0.000436s ] mysql:host=127.0.0.1;port=3306;dbname=hunqin;charset=utf8
[2022-12-09T09:49:18+08:00][sql] SHOW FULL COLUMNS FROM `gxfc_shop` [ RunTime:0.001096s ]
[2022-12-09T09:49:18+08:00][sql] SELECT `website_id`,`site_name`,`logo`,`is_own`,`level_id`,`category_id`,`group_id`,`seo_keywords`,`seo_description`,`expire_time`,`shop_status` FROM `gxfc_shop` WHERE  `site_id` = 1 LIMIT 1 [ RunTime:0.000387s ]
[2022-12-09T09:49:18+08:00][sql] SHOW FULL COLUMNS FROM `gxfc_album` [ RunTime:0.000721s ]
[2022-12-09T09:49:18+08:00][sql] SELECT `album_id`,`site_id`,`album_name`,`sort`,`cover`,`desc`,`is_default`,`update_time`,`num` FROM `gxfc_album` WHERE  `site_id` = 1 [ RunTime:0.000397s ]
[2022-12-09T09:49:18+08:00][sql] CONNECT:[ UseTime:0.000425s ] mysql:host=127.0.0.1;port=3306;dbname=hunqin;charset=utf8
[2022-12-09T09:49:18+08:00][sql] SHOW FULL COLUMNS FROM `gxfc_shop` [ RunTime:0.000890s ]
[2022-12-09T09:49:18+08:00][sql] SELECT `website_id`,`site_name`,`logo`,`is_own`,`level_id`,`category_id`,`group_id`,`seo_keywords`,`seo_description`,`expire_time`,`shop_status` FROM `gxfc_shop` WHERE  `site_id` = 1 LIMIT 1 [ RunTime:0.000367s ]
[2022-12-09T09:49:18+08:00][sql] SHOW FULL COLUMNS FROM `gxfc_album_pic` [ RunTime:0.000801s ]
[2022-12-09T09:49:18+08:00][sql] SELECT COUNT(*) AS think_count FROM `gxfc_album_pic` `a` WHERE  `site_id` = 1  AND `album_id` = 2 ORDER BY `update_time` DESC [ RunTime:0.000428s ]
[2022-12-09T09:49:18+08:00][sql] SELECT `pic_id`,`pic_name`,`pic_path`,`pic_spec`,`site_id`,`update_time` FROM `gxfc_album_pic` `a` WHERE  `site_id` = 1  AND `album_id` = 2 ORDER BY `update_time` DESC LIMIT 0,12 [ RunTime:0.000434s ]
[2022-12-09T09:51:50+08:00][sql] CONNECT:[ UseTime:0.000440s ] mysql:host=127.0.0.1;port=3306;dbname=hunqin;charset=utf8
[2022-12-09T09:51:50+08:00][sql] SHOW FULL COLUMNS FROM `gxfc_shop` [ RunTime:0.001179s ]
[2022-12-09T09:51:50+08:00][sql] SELECT `website_id`,`site_name`,`logo`,`is_own`,`level_id`,`category_id`,`group_id`,`seo_keywords`,`seo_description`,`expire_time`,`shop_status` FROM `gxfc_shop` WHERE  `site_id` = 1 LIMIT 1 [ RunTime:0.000417s ]
[2022-12-09T09:51:50+08:00][sql] SELECT `group_id` FROM `gxfc_shop` WHERE  `site_id` = 1 LIMIT 1 [ RunTime:0.000333s ]
[2022-12-09T09:51:52+08:00][sql] CONNECT:[ UseTime:0.000456s ] mysql:host=127.0.0.1;port=3306;dbname=hunqin;charset=utf8
[2022-12-09T09:51:52+08:00][sql] SHOW FULL COLUMNS FROM `gxfc_shop` [ RunTime:0.000915s ]
[2022-12-09T09:51:52+08:00][sql] SELECT `website_id`,`site_name`,`logo`,`is_own`,`level_id`,`category_id`,`group_id`,`seo_keywords`,`seo_description`,`expire_time`,`shop_status` FROM `gxfc_shop` WHERE  `site_id` = 1 LIMIT 1 [ RunTime:0.000364s ]
[2022-12-09T09:51:52+08:00][sql] SHOW FULL COLUMNS FROM `gxfc_goods_category` [ RunTime:0.000576s ]
[2022-12-09T09:51:52+08:00][sql] SELECT `category_id`,`category_name`,`pid`,`level`,`category_id_1`,`category_id_2`,`category_id_3` FROM `gxfc_goods_category` WHERE  `level` = 2  AND `pid` = 31  AND `is_jifen` = 0 ORDER BY `sort` ASC [ RunTime:0.000417s ]
[2022-12-09T09:51:52+08:00][sql] SELECT COUNT(*) AS think_count FROM `gxfc_goods_category` WHERE  `pid` = 32 [ RunTime:0.000278s ]
[2022-12-09T09:51:52+08:00][sql] SELECT COUNT(*) AS think_count FROM `gxfc_goods_category` WHERE  `pid` = 45 [ RunTime:0.000209s ]
[2022-12-09T09:51:52+08:00][sql] SELECT COUNT(*) AS think_count FROM `gxfc_goods_category` WHERE  `pid` = 46 [ RunTime:0.000214s ]
[2022-12-09T09:51:52+08:00][sql] SELECT COUNT(*) AS think_count FROM `gxfc_goods_category` WHERE  `pid` = 47 [ RunTime:0.000193s ]
[2022-12-09T09:51:52+08:00][sql] SELECT COUNT(*) AS think_count FROM `gxfc_goods_category` WHERE  `pid` = 48 [ RunTime:0.000188s ]
[2022-12-09T09:51:52+08:00][sql] SELECT COUNT(*) AS think_count FROM `gxfc_goods_category` WHERE  `pid` = 49 [ RunTime:0.000201s ]
[2022-12-09T09:51:52+08:00][sql] SELECT COUNT(*) AS think_count FROM `gxfc_goods_category` WHERE  `pid` = 63 [ RunTime:0.000189s ]
[2022-12-09T09:53:31+08:00][sql] CONNECT:[ UseTime:0.000705s ] mysql:host=127.0.0.1;port=3306;dbname=hunqin;charset=utf8
[2022-12-09T09:53:31+08:00][sql] SHOW FULL COLUMNS FROM `gxfc_shop` [ RunTime:0.001110s ]
[2022-12-09T09:53:31+08:00][sql] SELECT `website_id`,`site_name`,`logo`,`is_own`,`level_id`,`category_id`,`group_id`,`seo_keywords`,`seo_description`,`expire_time`,`shop_status` FROM `gxfc_shop` WHERE  `site_id` = 1 LIMIT 1 [ RunTime:0.000455s ]
[2022-12-09T09:53:31+08:00][sql] SHOW FULL COLUMNS FROM `gxfc_goods_shop_category` [ RunTime:0.000716s ]
[2022-12-09T09:53:31+08:00][sql] SELECT `category_id`,`category_name`,`pid`,`level` FROM `gxfc_goods_shop_category` WHERE  `site_id` = 1 ORDER BY `sort` ASC [ RunTime:0.000329s ]
[2022-12-09T09:53:31+08:00][sql] SHOW FULL COLUMNS FROM `gxfc_express_template` [ RunTime:0.000606s ]
[2022-12-09T09:53:31+08:00][sql] SELECT `template_id`,`template_name` FROM `gxfc_express_template` WHERE  `site_id` = 1 ORDER BY `is_default` DESC [ RunTime:0.000287s ]
[2022-12-09T09:53:32+08:00][sql] CONNECT:[ UseTime:0.000536s ] mysql:host=127.0.0.1;port=3306;dbname=hunqin;charset=utf8
[2022-12-09T09:53:32+08:00][sql] SHOW FULL COLUMNS FROM `gxfc_shop` [ RunTime:0.001324s ]
[2022-12-09T09:53:32+08:00][sql] SELECT `website_id`,`site_name`,`logo`,`is_own`,`level_id`,`category_id`,`group_id`,`seo_keywords`,`seo_description`,`expire_time`,`shop_status` FROM `gxfc_shop` WHERE  `site_id` = 1 LIMIT 1 [ RunTime:0.000445s ]
[2022-12-09T09:53:32+08:00][sql] SELECT `group_id` FROM `gxfc_shop` WHERE  `site_id` = 1 LIMIT 1 [ RunTime:0.000427s ]
[2022-12-09T09:59:55+08:00][sql] CONNECT:[ UseTime:0.000419s ] mysql:host=127.0.0.1;port=3306;dbname=hunqin;charset=utf8
[2022-12-09T09:59:55+08:00][sql] SHOW FULL COLUMNS FROM `gxfc_shop` [ RunTime:0.000970s ]
[2022-12-09T09:59:55+08:00][sql] SELECT `website_id`,`site_name`,`logo`,`is_own`,`level_id`,`category_id`,`group_id`,`seo_keywords`,`seo_description`,`expire_time`,`shop_status` FROM `gxfc_shop` WHERE  `site_id` = 1 LIMIT 1 [ RunTime:0.000364s ]
[2022-12-09T09:59:55+08:00][sql] SHOW FULL COLUMNS FROM `gxfc_album` [ RunTime:0.000679s ]
[2022-12-09T09:59:55+08:00][sql] SELECT `album_id`,`site_id`,`album_name`,`sort`,`cover`,`desc`,`is_default`,`update_time`,`num` FROM `gxfc_album` WHERE  `site_id` = 1 [ RunTime:0.000353s ]
[2022-12-09T09:59:56+08:00][sql] CONNECT:[ UseTime:0.000414s ] mysql:host=127.0.0.1;port=3306;dbname=hunqin;charset=utf8
[2022-12-09T09:59:56+08:00][sql] SHOW FULL COLUMNS FROM `gxfc_shop` [ RunTime:0.000948s ]
[2022-12-09T09:59:56+08:00][sql] SELECT `website_id`,`site_name`,`logo`,`is_own`,`level_id`,`category_id`,`group_id`,`seo_keywords`,`seo_description`,`expire_time`,`shop_status` FROM `gxfc_shop` WHERE  `site_id` = 1 LIMIT 1 [ RunTime:0.000419s ]
[2022-12-09T09:59:56+08:00][sql] SHOW FULL COLUMNS FROM `gxfc_album_pic` [ RunTime:0.000577s ]
[2022-12-09T09:59:56+08:00][sql] SELECT COUNT(*) AS think_count FROM `gxfc_album_pic` `a` WHERE  `site_id` = 1  AND `album_id` = 2 ORDER BY `update_time` DESC [ RunTime:0.000417s ]
[2022-12-09T09:59:56+08:00][sql] SELECT `pic_id`,`pic_name`,`pic_path`,`pic_spec`,`site_id`,`update_time` FROM `gxfc_album_pic` `a` WHERE  `site_id` = 1  AND `album_id` = 2 ORDER BY `update_time` DESC LIMIT 0,12 [ RunTime:0.000444s ]
