[2022-08-02T09:29:02+08:00][sql] CONNECT:[ UseTime:0.000427s ] mysql:host=localhost;port=3306;dbname=ls_chnssl_com;charset=utf8
[2022-08-02T09:29:02+08:00][sql] SHOW FULL COLUMNS FROM `gxfc_user` [ RunTime:0.000966s ]
[2022-08-02T09:29:02+08:00][sql] SELECT `uid`,`app_module`,`app_group`,`is_admin`,`site_id`,`group_id`,`group_name`,`username`,`password`,`member_id`,`create_time`,`update_time`,`status`,`login_time`,`login_ip` FROM `gxfc_user` WHERE  `username` = 'admin'  AND `app_module` = 'admin' LIMIT 1 [ RunTime:0.000354s ]
[2022-08-02T09:29:02+08:00][sql] UPDATE `gxfc_user`  SET `login_time` = 1659403742 , `login_ip` = '171.113.166.165'  WHERE  `uid` = 1 [ RunTime:0.007942s ]
[2022-08-02T09:29:02+08:00][sql] SHOW FULL COLUMNS FROM `gxfc_user_log` [ RunTime:0.000781s ]
[2022-08-02T09:29:02+08:00][sql] INSERT INTO `gxfc_user_log` SET `uid` = 1 , `username` = 'admin' , `site_id` = 0 , `url` = 'admin/Login/login' , `ip` = '171.113.166.165' , `data` = '[]' , `action_name` = '用户登录' , `create_time` = 1659403742 [ RunTime:0.003953s ]
[2022-08-02T09:29:03+08:00][sql] CONNECT:[ UseTime:0.000250s ] mysql:host=localhost;port=3306;dbname=ls_chnssl_com;charset=utf8
[2022-08-02T09:29:03+08:00][sql] SHOW FULL COLUMNS FROM `gxfc_website` [ RunTime:0.000968s ]
[2022-08-02T09:29:03+08:00][sql] SELECT `title`,`logo`,`desc`,`keywords`,`web_status`,`close_reason` FROM `gxfc_website` WHERE  `site_id` = 0 LIMIT 1 [ RunTime:0.000224s ]
[2022-08-02T09:29:03+08:00][sql] SHOW FULL COLUMNS FROM `gxfc_stat_shop` [ RunTime:0.000989s ]
[2022-08-02T09:29:03+08:00][sql] SELECT `id`,`site_id`,`year`,`month`,`day`,`order_total`,`shipping_total`,`refund_total`,`order_pay_count`,`goods_pay_count`,`shop_money`,`platform_money`,`create_time`,`modify_time`,`collect_shop`,`collect_goods`,`visit_count`,`order_count`,`goods_count`,`add_goods_count`,`day_time`,`member_count` FROM `gxfc_stat_shop` WHERE  `site_id` = 0  AND `year` = 2022  AND `month` = 8  AND `day` = 2 LIMIT 1 [ RunTime:0.000321s ]
[2022-08-02T09:29:03+08:00][sql] INSERT INTO `gxfc_stat_shop` SET `site_id` = 0 , `year` = 2022 , `month` = 8 , `day` = 2 , `day_time` = 1659369600 [ RunTime:0.005422s ]
[2022-08-02T09:29:03+08:00][sql] SELECT `id`,`site_id`,`year`,`month`,`day`,`order_total`,`shipping_total`,`refund_total`,`order_pay_count`,`goods_pay_count`,`shop_money`,`platform_money`,`create_time`,`modify_time`,`collect_shop`,`collect_goods`,`visit_count`,`order_count`,`goods_count`,`add_goods_count`,`day_time`,`member_count` FROM `gxfc_stat_shop` WHERE  `site_id` = 0  AND `year` = 2022  AND `month` = 8  AND `day` = 2  AND `day_time` = 1659369600 LIMIT 1 [ RunTime:0.000269s ]
[2022-08-02T09:29:03+08:00][sql] SELECT `id`,`site_id`,`year`,`month`,`day`,`order_total`,`shipping_total`,`refund_total`,`order_pay_count`,`goods_pay_count`,`shop_money`,`platform_money`,`create_time`,`modify_time`,`collect_shop`,`collect_goods`,`visit_count`,`order_count`,`goods_count`,`add_goods_count`,`day_time`,`member_count` FROM `gxfc_stat_shop` WHERE  `site_id` = 0  AND `year` = 2022  AND `month` = 8  AND `day` = 2 LIMIT 1 [ RunTime:0.000257s ]
[2022-08-02T09:29:03+08:00][sql] SELECT `id`,`site_id`,`year`,`month`,`day`,`order_total`,`shipping_total`,`refund_total`,`order_pay_count`,`goods_pay_count`,`shop_money`,`platform_money`,`create_time`,`modify_time`,`collect_shop`,`collect_goods`,`visit_count`,`order_count`,`goods_count`,`add_goods_count`,`day_time`,`member_count` FROM `gxfc_stat_shop` WHERE  `site_id` = 0  AND `year` = 2022  AND `month` = 8  AND `day` = 1 LIMIT 1 [ RunTime:0.000245s ]
[2022-08-02T09:29:03+08:00][sql] SELECT `id`,`site_id`,`year`,`month`,`day`,`order_total`,`shipping_total`,`refund_total`,`order_pay_count`,`goods_pay_count`,`shop_money`,`platform_money`,`create_time`,`modify_time`,`collect_shop`,`collect_goods`,`visit_count`,`order_count`,`goods_count`,`add_goods_count`,`day_time`,`member_count` FROM `gxfc_stat_shop` WHERE  `site_id` = 0  AND `year` = 2022  AND `month` = 07  AND `day` = 24 LIMIT 1 [ RunTime:0.000297s ]
[2022-08-02T09:29:03+08:00][sql] SELECT `id`,`site_id`,`year`,`month`,`day`,`order_total`,`shipping_total`,`refund_total`,`order_pay_count`,`goods_pay_count`,`shop_money`,`platform_money`,`create_time`,`modify_time`,`collect_shop`,`collect_goods`,`visit_count`,`order_count`,`goods_count`,`add_goods_count`,`day_time`,`member_count` FROM `gxfc_stat_shop` WHERE  `site_id` = 0  AND `year` = 2022  AND `month` = 07  AND `day` = 25 LIMIT 1 [ RunTime:0.000244s ]
[2022-08-02T09:29:03+08:00][sql] SELECT `id`,`site_id`,`year`,`month`,`day`,`order_total`,`shipping_total`,`refund_total`,`order_pay_count`,`goods_pay_count`,`shop_money`,`platform_money`,`create_time`,`modify_time`,`collect_shop`,`collect_goods`,`visit_count`,`order_count`,`goods_count`,`add_goods_count`,`day_time`,`member_count` FROM `gxfc_stat_shop` WHERE  `site_id` = 0  AND `year` = 2022  AND `month` = 07  AND `day` = 26 LIMIT 1 [ RunTime:0.000231s ]
[2022-08-02T09:29:03+08:00][sql] SELECT `id`,`site_id`,`year`,`month`,`day`,`order_total`,`shipping_total`,`refund_total`,`order_pay_count`,`goods_pay_count`,`shop_money`,`platform_money`,`create_time`,`modify_time`,`collect_shop`,`collect_goods`,`visit_count`,`order_count`,`goods_count`,`add_goods_count`,`day_time`,`member_count` FROM `gxfc_stat_shop` WHERE  `site_id` = 0  AND `year` = 2022  AND `month` = 07  AND `day` = 27 LIMIT 1 [ RunTime:0.000273s ]
[2022-08-02T09:29:03+08:00][sql] SELECT `id`,`site_id`,`year`,`month`,`day`,`order_total`,`shipping_total`,`refund_total`,`order_pay_count`,`goods_pay_count`,`shop_money`,`platform_money`,`create_time`,`modify_time`,`collect_shop`,`collect_goods`,`visit_count`,`order_count`,`goods_count`,`add_goods_count`,`day_time`,`member_count` FROM `gxfc_stat_shop` WHERE  `site_id` = 0  AND `year` = 2022  AND `month` = 07  AND `day` = 28 LIMIT 1 [ RunTime:0.000248s ]
[2022-08-02T09:29:03+08:00][sql] SELECT `id`,`site_id`,`year`,`month`,`day`,`order_total`,`shipping_total`,`refund_total`,`order_pay_count`,`goods_pay_count`,`shop_money`,`platform_money`,`create_time`,`modify_time`,`collect_shop`,`collect_goods`,`visit_count`,`order_count`,`goods_count`,`add_goods_count`,`day_time`,`member_count` FROM `gxfc_stat_shop` WHERE  `site_id` = 0  AND `year` = 2022  AND `month` = 07  AND `day` = 29 LIMIT 1 [ RunTime:0.000260s ]
[2022-08-02T09:29:03+08:00][sql] SELECT `id`,`site_id`,`year`,`month`,`day`,`order_total`,`shipping_total`,`refund_total`,`order_pay_count`,`goods_pay_count`,`shop_money`,`platform_money`,`create_time`,`modify_time`,`collect_shop`,`collect_goods`,`visit_count`,`order_count`,`goods_count`,`add_goods_count`,`day_time`,`member_count` FROM `gxfc_stat_shop` WHERE  `site_id` = 0  AND `year` = 2022  AND `month` = 07  AND `day` = 30 LIMIT 1 [ RunTime:0.000243s ]
[2022-08-02T09:29:03+08:00][sql] SELECT `id`,`site_id`,`year`,`month`,`day`,`order_total`,`shipping_total`,`refund_total`,`order_pay_count`,`goods_pay_count`,`shop_money`,`platform_money`,`create_time`,`modify_time`,`collect_shop`,`collect_goods`,`visit_count`,`order_count`,`goods_count`,`add_goods_count`,`day_time`,`member_count` FROM `gxfc_stat_shop` WHERE  `site_id` = 0  AND `year` = 2022  AND `month` = 07  AND `day` = 31 LIMIT 1 [ RunTime:0.000242s ]
[2022-08-02T09:29:03+08:00][sql] SELECT `id`,`site_id`,`year`,`month`,`day`,`order_total`,`shipping_total`,`refund_total`,`order_pay_count`,`goods_pay_count`,`shop_money`,`platform_money`,`create_time`,`modify_time`,`collect_shop`,`collect_goods`,`visit_count`,`order_count`,`goods_count`,`add_goods_count`,`day_time`,`member_count` FROM `gxfc_stat_shop` WHERE  `site_id` = 0  AND `year` = 2022  AND `month` = 08  AND `day` = 01 LIMIT 1 [ RunTime:0.000267s ]
[2022-08-02T09:29:03+08:00][sql] SELECT `id`,`site_id`,`year`,`month`,`day`,`order_total`,`shipping_total`,`refund_total`,`order_pay_count`,`goods_pay_count`,`shop_money`,`platform_money`,`create_time`,`modify_time`,`collect_shop`,`collect_goods`,`visit_count`,`order_count`,`goods_count`,`add_goods_count`,`day_time`,`member_count` FROM `gxfc_stat_shop` WHERE  `site_id` = 0  AND `year` = 2022  AND `month` = 08  AND `day` = 02 LIMIT 1 [ RunTime:0.000243s ]
[2022-08-02T09:29:03+08:00][sql] SHOW FULL COLUMNS FROM `gxfc_order` [ RunTime:0.001396s ]
[2022-08-02T09:29:03+08:00][sql] SELECT COUNT(*) AS think_count FROM `gxfc_order` WHERE  `order_status` = 0  AND `is_delete` = 0 [ RunTime:0.000213s ]
[2022-08-02T09:29:03+08:00][sql] SELECT COUNT(*) AS think_count FROM `gxfc_order` WHERE  `order_status` = 1  AND `is_delete` = 0 [ RunTime:0.000374s ]
[2022-08-02T09:29:03+08:00][sql] SHOW FULL COLUMNS FROM `gxfc_order_goods` [ RunTime:0.001053s ]
[2022-08-02T09:29:03+08:00][sql] SELECT COUNT(*) AS think_count FROM `gxfc_order_goods` WHERE  `refund_status` NOT IN (0,3) [ RunTime:0.000298s ]
[2022-08-02T09:29:03+08:00][sql] SHOW FULL COLUMNS FROM `gxfc_goods` [ RunTime:0.000931s ]
[2022-08-02T09:29:03+08:00][sql] SELECT COUNT(*) AS think_count FROM `gxfc_goods` WHERE  `goods_state` = 1  AND `is_delete` = 0 [ RunTime:0.000218s ]
[2022-08-02T09:29:03+08:00][sql] SELECT COUNT(*) AS think_count FROM `gxfc_goods` WHERE  `goods_state` = 0  AND `is_delete` = 0 [ RunTime:0.000195s ]
[2022-08-02T09:29:03+08:00][sql] SHOW FULL COLUMNS FROM `gxfc_fenxiao_withdraw` [ RunTime:0.000824s ]
[2022-08-02T09:29:03+08:00][sql] SELECT COUNT(`id`) AS think_count FROM `gxfc_fenxiao_withdraw` WHERE  `status` = 1 [ RunTime:0.000146s ]
[2022-08-02T09:29:03+08:00][sql] SHOW FULL COLUMNS FROM `gxfc_fenxiao_apply` [ RunTime:0.000719s ]
[2022-08-02T09:29:03+08:00][sql] SELECT COUNT(`apply_id`) AS think_count FROM `gxfc_fenxiao_apply` WHERE  `status` = 1 [ RunTime:0.000144s ]
[2022-08-02T09:29:03+08:00][sql] SHOW FULL COLUMNS FROM `gxfc_order_complain` [ RunTime:0.000786s ]
[2022-08-02T09:29:03+08:00][sql] SELECT COUNT(*) AS think_count FROM `gxfc_order_complain` WHERE  `complain_status` = 1 [ RunTime:0.000155s ]
[2022-08-02T09:29:03+08:00][sql] SELECT SUM(`order_money`) AS think_sum FROM `gxfc_order` [ RunTime:0.000373s ]
[2022-08-02T09:29:03+08:00][sql] SHOW FULL COLUMNS FROM `gxfc_member` [ RunTime:0.000986s ]
[2022-08-02T09:29:03+08:00][sql] SELECT COUNT(*) AS think_count FROM `gxfc_member` [ RunTime:0.000194s ]
[2022-08-02T09:29:03+08:00][sql] SHOW FULL COLUMNS FROM `gxfc_shop_apply` [ RunTime:0.000780s ]
[2022-08-02T09:29:03+08:00][sql] SELECT COUNT(*) AS think_count FROM `gxfc_shop_apply` WHERE  `create_time` BETWEEN 1659369600 AND 1659455999 [ RunTime:0.000150s ]
[2022-08-02T09:29:03+08:00][sql] SELECT COUNT(*) AS think_count FROM `gxfc_shop_apply` WHERE  `create_time` BETWEEN 1659283200 AND 1659369599 [ RunTime:0.000162s ]
[2022-08-02T09:29:03+08:00][sql] SHOW FULL COLUMNS FROM `gxfc_shop` [ RunTime:0.002125s ]
[2022-08-02T09:29:03+08:00][sql] SELECT COUNT(*) AS think_count FROM `gxfc_shop` WHERE  `create_time` BETWEEN 1659369600 AND 1659455999 [ RunTime:0.000170s ]
[2022-08-02T09:29:03+08:00][sql] SELECT COUNT(*) AS think_count FROM `gxfc_shop` [ RunTime:0.000152s ]
[2022-08-02T09:29:03+08:00][sql] SELECT COUNT(*) AS think_count FROM `gxfc_goods` [ RunTime:0.000149s ]
[2022-08-02T09:29:06+08:00][sql] CONNECT:[ UseTime:0.000295s ] mysql:host=localhost;port=3306;dbname=ls_chnssl_com;charset=utf8
[2022-08-02T09:29:06+08:00][sql] SHOW FULL COLUMNS FROM `gxfc_order` [ RunTime:0.001370s ]
[2022-08-02T09:29:06+08:00][sql] SELECT COUNT(*) AS think_count FROM `gxfc_order` `o` ORDER BY `o`.`create_time` DESC [ RunTime:0.000282s ]
[2022-08-02T09:29:06+08:00][sql] SELECT `o`.* FROM `gxfc_order` `o` ORDER BY `o`.`create_time` DESC LIMIT 0,10 [ RunTime:0.000524s ]
[2022-08-02T09:29:06+08:00][sql] SHOW FULL COLUMNS FROM `gxfc_order_goods` [ RunTime:0.000891s ]
[2022-08-02T09:29:06+08:00][sql] SELECT * FROM `gxfc_order_goods` WHERE  `order_id` = 564 [ RunTime:0.001355s ]
[2022-08-02T09:29:06+08:00][sql] SHOW FULL COLUMNS FROM `gxfc_member` [ RunTime:0.000912s ]
[2022-08-02T09:29:06+08:00][sql] SELECT `nickname` FROM `gxfc_member` WHERE  `member_id` = 8 LIMIT 1 [ RunTime:0.000149s ]
[2022-08-02T09:29:06+08:00][sql] SELECT * FROM `gxfc_order_goods` WHERE  `order_id` = 563 [ RunTime:0.001267s ]
[2022-08-02T09:29:06+08:00][sql] SELECT `nickname` FROM `gxfc_member` WHERE  `member_id` = 8 LIMIT 1 [ RunTime:0.000143s ]
[2022-08-02T09:29:06+08:00][sql] SELECT * FROM `gxfc_order_goods` WHERE  `order_id` = 562 [ RunTime:0.001259s ]
[2022-08-02T09:29:06+08:00][sql] SELECT `nickname` FROM `gxfc_member` WHERE  `member_id` = 8 LIMIT 1 [ RunTime:0.000135s ]
[2022-08-02T09:29:06+08:00][sql] SELECT * FROM `gxfc_order_goods` WHERE  `order_id` = 561 [ RunTime:0.001222s ]
[2022-08-02T09:29:06+08:00][sql] SELECT `nickname` FROM `gxfc_member` WHERE  `member_id` = 8 LIMIT 1 [ RunTime:0.000163s ]
[2022-08-02T09:29:06+08:00][sql] SELECT * FROM `gxfc_order_goods` WHERE  `order_id` = 560 [ RunTime:0.001290s ]
[2022-08-02T09:29:06+08:00][sql] SELECT `nickname` FROM `gxfc_member` WHERE  `member_id` = 5 LIMIT 1 [ RunTime:0.000141s ]
[2022-08-02T09:29:06+08:00][sql] SELECT * FROM `gxfc_order_goods` WHERE  `order_id` = 559 [ RunTime:0.001293s ]
[2022-08-02T09:29:06+08:00][sql] SELECT `nickname` FROM `gxfc_member` WHERE  `member_id` = 1 LIMIT 1 [ RunTime:0.000136s ]
[2022-08-02T09:29:06+08:00][sql] SELECT * FROM `gxfc_order_goods` WHERE  `order_id` = 558 [ RunTime:0.001219s ]
[2022-08-02T09:29:06+08:00][sql] SELECT `nickname` FROM `gxfc_member` WHERE  `member_id` = 5 LIMIT 1 [ RunTime:0.000167s ]
[2022-08-02T09:29:06+08:00][sql] SELECT * FROM `gxfc_order_goods` WHERE  `order_id` = 557 [ RunTime:0.001246s ]
[2022-08-02T09:29:06+08:00][sql] SELECT `nickname` FROM `gxfc_member` WHERE  `member_id` = 30 LIMIT 1 [ RunTime:0.000165s ]
[2022-08-02T09:29:06+08:00][sql] SELECT * FROM `gxfc_order_goods` WHERE  `order_id` = 556 [ RunTime:0.001598s ]
[2022-08-02T09:29:06+08:00][sql] SELECT `nickname` FROM `gxfc_member` WHERE  `member_id` = 5 LIMIT 1 [ RunTime:0.000174s ]
[2022-08-02T09:29:06+08:00][sql] SELECT * FROM `gxfc_order_goods` WHERE  `order_id` = 555 [ RunTime:0.001844s ]
[2022-08-02T09:29:06+08:00][sql] SELECT `nickname` FROM `gxfc_member` WHERE  `member_id` = 8 LIMIT 1 [ RunTime:0.000304s ]
[2022-08-02T09:29:12+08:00][sql] CONNECT:[ UseTime:0.000271s ] mysql:host=localhost;port=3306;dbname=ls_chnssl_com;charset=utf8
[2022-08-02T09:29:12+08:00][sql] SHOW FULL COLUMNS FROM `gxfc_order` [ RunTime:0.001470s ]
[2022-08-02T09:29:12+08:00][sql] SELECT `order_id`,`order_no`,`site_id`,`site_name`,`website_id`,`order_name`,`order_from`,`order_from_name`,`order_type`,`order_type_name`,`order_promotion_type`,`order_promotion_name`,`promotion_id`,`out_trade_no`,`out_trade_no_2`,`delivery_code`,`order_status`,`order_status_name`,`order_status_action`,`pay_status`,`delivery_status`,`refund_status`,`pay_type`,`pay_type_name`,`delivery_type`,`delivery_type_name`,`member_id`,`name`,`mobile`,`telephone`,`province_id`,`city_id`,`district_id`,`community_id`,`address`,`full_address`,`longitude`,`latitude`,`buyer_ip`,`buyer_ask_delivery_time`,`buyer_message`,`order_invoice_company`,`order_invoice_type`,`order_invoice_type_name`,`order_invoice_trade_type`,`order_invoice_rate`,`goods_money`,`delivery_money`,`promotion_money`,`coupon_id`,`coupon_money`,`invoice_money`,`order_money`,`adjust_money`,`balance_money`,`pay_money`,`create_time`,`pay_time`,`delivery_time`,`sign_time`,`finish_time`,`close_time`,`is_lock`,`is_evaluate`,`is_delete`,`is_enable_refund`,`remark`,`goods_num`,`delivery_store_id`,`delivery_status_name`,`is_settlement`,`store_settlement_id`,`delivery_store_name`,`promotion_type`,`promotion_type_name`,`promotion_status_name`,`delivery_store_info`,`virtual_code`,`evaluate_status`,`evaluate_status_name`,`shop_money`,`platform_money`,`refund_money`,`refund_shop_money`,`refund_platform_money`,`commission`,`settlement_id`,`platform_coupon_id`,`platform_coupon_money`,`platform_coupon_total_money`,`platform_coupon_shop_money`,`is_invoice`,`invoice_type`,`invoice_title`,`taxpayer_number`,`invoice_rate`,`invoice_content`,`invoice_delivery_money`,`invoice_full_address`,`is_tax_invoice`,`invoice_email`,`invoice_title_type`,`refund_platform_coupon_total_money`,`refund_platform_coupon_shop_money`,`refund_platform_coupon_money`,`dj_money`,`hospital_money`,`hospital_id`,`refund_hospital_money`,`source_member` FROM `gxfc_order` WHERE  `order_id` = 564 LIMIT 1 [ RunTime:0.000693s ]
[2022-08-02T09:29:12+08:00][sql] SHOW FULL COLUMNS FROM `gxfc_member` [ RunTime:0.000950s ]
[2022-08-02T09:29:12+08:00][sql] SELECT `nickname` FROM `gxfc_member` WHERE  `member_id` = 8 LIMIT 1 [ RunTime:0.000187s ]
[2022-08-02T09:29:12+08:00][sql] SHOW FULL COLUMNS FROM `gxfc_order_goods` [ RunTime:0.000878s ]
[2022-08-02T09:29:12+08:00][sql] SELECT `order_goods_id`,`order_id`,`order_no`,`site_id`,`site_name`,`website_id`,`member_id`,`goods_id`,`sku_id`,`sku_name`,`sku_image`,`sku_no`,`is_virtual`,`goods_class`,`goods_class_name`,`price`,`cost_price`,`num`,`goods_money`,`cost_money`,`delivery_status`,`delivery_no`,`gift_flag`,`refund_no`,`refund_status`,`refund_status_name`,`refund_status_action`,`refund_type`,`refund_apply_money`,`refund_reason`,`refund_real_money`,`refund_delivery_name`,`refund_delivery_no`,`refund_time`,`refund_refuse_reason`,`refund_action_time`,`delivery_status_name`,`commission_rate`,`real_goods_money`,`shop_money`,`platform_money`,`is_settlement`,`refund_remark`,`refund_delivery_remark`,`refund_address`,`is_refund_stock`,`refund_money_type`,`promotion_money`,`coupon_money`,`adjust_money`,`platform_coupon_money`,`is_present`,`refund_delivery_money`,`goods_name`,`sku_spec_format`,`is_fenxiao`,`hospital_money` FROM `gxfc_order_goods` WHERE  `order_id` = 564 [ RunTime:0.001375s ]
[2022-08-02T09:29:12+08:00][sql] SHOW FULL COLUMNS FROM `gxfc_express_delivery_package` [ RunTime:0.000695s ]
[2022-08-02T09:29:12+08:00][sql] SELECT * FROM `gxfc_express_delivery_package` WHERE  `order_id` = 564  AND `site_id` = 11 [ RunTime:0.000254s ]
[2022-08-02T09:29:12+08:00][sql] SHOW FULL COLUMNS FROM `gxfc_express_company` [ RunTime:0.000749s ]
[2022-08-02T09:29:12+08:00][sql] SELECT * FROM `gxfc_express_company` WHERE  `company_id` = 0 LIMIT 1 [ RunTime:0.000202s ]
[2022-08-02T09:29:18+08:00][sql] CONNECT:[ UseTime:0.000257s ] mysql:host=localhost;port=3306;dbname=ls_chnssl_com;charset=utf8
[2022-08-02T09:29:18+08:00][sql] SHOW FULL COLUMNS FROM `gxfc_order` [ RunTime:0.001373s ]
[2022-08-02T09:29:18+08:00][sql] SELECT COUNT(*) AS think_count FROM `gxfc_order` `o` ORDER BY `o`.`create_time` DESC [ RunTime:0.000279s ]
[2022-08-02T09:29:18+08:00][sql] SELECT `o`.* FROM `gxfc_order` `o` ORDER BY `o`.`create_time` DESC LIMIT 0,10 [ RunTime:0.000671s ]
[2022-08-02T09:29:18+08:00][sql] SHOW FULL COLUMNS FROM `gxfc_order_goods` [ RunTime:0.000964s ]
[2022-08-02T09:29:18+08:00][sql] SELECT * FROM `gxfc_order_goods` WHERE  `order_id` = 564 [ RunTime:0.001346s ]
[2022-08-02T09:29:18+08:00][sql] SHOW FULL COLUMNS FROM `gxfc_member` [ RunTime:0.000928s ]
[2022-08-02T09:29:18+08:00][sql] SELECT `nickname` FROM `gxfc_member` WHERE  `member_id` = 8 LIMIT 1 [ RunTime:0.000188s ]
[2022-08-02T09:29:18+08:00][sql] SELECT * FROM `gxfc_order_goods` WHERE  `order_id` = 563 [ RunTime:0.001339s ]
[2022-08-02T09:29:18+08:00][sql] SELECT `nickname` FROM `gxfc_member` WHERE  `member_id` = 8 LIMIT 1 [ RunTime:0.000184s ]
[2022-08-02T09:29:18+08:00][sql] SELECT * FROM `gxfc_order_goods` WHERE  `order_id` = 562 [ RunTime:0.001309s ]
[2022-08-02T09:29:18+08:00][sql] SELECT `nickname` FROM `gxfc_member` WHERE  `member_id` = 8 LIMIT 1 [ RunTime:0.000157s ]
[2022-08-02T09:29:18+08:00][sql] SELECT * FROM `gxfc_order_goods` WHERE  `order_id` = 561 [ RunTime:0.001328s ]
[2022-08-02T09:29:18+08:00][sql] SELECT `nickname` FROM `gxfc_member` WHERE  `member_id` = 8 LIMIT 1 [ RunTime:0.000177s ]
[2022-08-02T09:29:18+08:00][sql] SELECT * FROM `gxfc_order_goods` WHERE  `order_id` = 560 [ RunTime:0.001275s ]
[2022-08-02T09:29:18+08:00][sql] SELECT `nickname` FROM `gxfc_member` WHERE  `member_id` = 5 LIMIT 1 [ RunTime:0.000177s ]
[2022-08-02T09:29:18+08:00][sql] SELECT * FROM `gxfc_order_goods` WHERE  `order_id` = 559 [ RunTime:0.001272s ]
[2022-08-02T09:29:18+08:00][sql] SELECT `nickname` FROM `gxfc_member` WHERE  `member_id` = 1 LIMIT 1 [ RunTime:0.000240s ]
[2022-08-02T09:29:18+08:00][sql] SELECT * FROM `gxfc_order_goods` WHERE  `order_id` = 558 [ RunTime:0.001274s ]
[2022-08-02T09:29:18+08:00][sql] SELECT `nickname` FROM `gxfc_member` WHERE  `member_id` = 5 LIMIT 1 [ RunTime:0.000183s ]
[2022-08-02T09:29:18+08:00][sql] SELECT * FROM `gxfc_order_goods` WHERE  `order_id` = 557 [ RunTime:0.001295s ]
[2022-08-02T09:29:18+08:00][sql] SELECT `nickname` FROM `gxfc_member` WHERE  `member_id` = 30 LIMIT 1 [ RunTime:0.000160s ]
[2022-08-02T09:29:18+08:00][sql] SELECT * FROM `gxfc_order_goods` WHERE  `order_id` = 556 [ RunTime:0.001278s ]
[2022-08-02T09:29:18+08:00][sql] SELECT `nickname` FROM `gxfc_member` WHERE  `member_id` = 5 LIMIT 1 [ RunTime:0.000170s ]
[2022-08-02T09:29:18+08:00][sql] SELECT * FROM `gxfc_order_goods` WHERE  `order_id` = 555 [ RunTime:0.001281s ]
[2022-08-02T09:29:18+08:00][sql] SELECT `nickname` FROM `gxfc_member` WHERE  `member_id` = 8 LIMIT 1 [ RunTime:0.000164s ]
[2022-08-02T09:29:20+08:00][sql] CONNECT:[ UseTime:0.000237s ] mysql:host=localhost;port=3306;dbname=ls_chnssl_com;charset=utf8
[2022-08-02T09:29:20+08:00][sql] SHOW FULL COLUMNS FROM `gxfc_website` [ RunTime:0.000980s ]
[2022-08-02T09:29:20+08:00][sql] SELECT `site_id`,`site_area_name` FROM `gxfc_website` [ RunTime:0.000187s ]
[2022-08-02T09:29:30+08:00][sql] CONNECT:[ UseTime:0.000237s ] mysql:host=localhost;port=3306;dbname=ls_chnssl_com;charset=utf8
[2022-08-02T09:29:30+08:00][sql] SHOW FULL COLUMNS FROM `gxfc_order` [ RunTime:0.001404s ]
[2022-08-02T09:29:30+08:00][sql] SELECT SUM(`order_money`) AS think_sum FROM `gxfc_order` WHERE  `order_status` > 0 [ RunTime:0.000453s ]
[2022-08-02T09:29:30+08:00][sql] SELECT SUM(`dj_money`) AS think_sum FROM `gxfc_order` WHERE  `order_status` > 0 [ RunTime:0.000432s ]
[2022-08-02T09:29:30+08:00][sql] SHOW FULL COLUMNS FROM `gxfc_website` [ RunTime:0.000922s ]
[2022-08-02T09:29:30+08:00][sql] SELECT `account` FROM `gxfc_website` WHERE  `site_id` = 0 LIMIT 1 [ RunTime:0.000175s ]
[2022-08-02T09:29:30+08:00][sql] SHOW FULL COLUMNS FROM `gxfc_shop_settlement_period` [ RunTime:0.000827s ]
[2022-08-02T09:29:30+08:00][sql] SELECT 
                sum(shop_money) as shop_money,
                sum(refund_shop_money) as refund_shop_money,
                sum(commission) as commission,
                sum(platform_money) as platform_money,
                sum(website_commission) as website_commission,
                sum(platform_coupon_money) as platform_coupon_money,
                sum(refund_platform_coupon_money) as refund_platform_coupon_money
                 FROM `gxfc_shop_settlement_period` WHERE  `period_id` > 0 LIMIT 1 [ RunTime:0.000338s ]
[2022-08-02T09:29:30+08:00][sql] SHOW FULL COLUMNS FROM `gxfc_shop` [ RunTime:0.000978s ]
[2022-08-02T09:29:30+08:00][sql] SELECT sum(account) as account, sum(account_withdraw) as account_withdraw, sum(account_withdraw_apply) as account_withdraw_apply, sum(shop_baozhrmb) as shop_baozhrmb, sum(shop_open_fee) as shop_open_fee FROM `gxfc_shop` WHERE  `site_id` > 0 LIMIT 1 [ RunTime:0.000206s ]
[2022-08-02T09:29:30+08:00][sql] SHOW FULL COLUMNS FROM `gxfc_member` [ RunTime:0.000911s ]
[2022-08-02T09:29:30+08:00][sql] SELECT 
                sum(balance) as balance, 
                sum(balance_money) as balance_money,
                sum(balance_withdraw_apply) as balance_withdraw_apply, 
                sum(balance_withdraw) as balance_withdraw
                 FROM `gxfc_member` WHERE  `member_id` > 0 LIMIT 1 [ RunTime:0.000184s ]
[2022-08-02T09:29:30+08:00][sql] SELECT sum(account) as account,sum(account_withdraw) as account_withdraw,sum(account_shop) as account_shop,sum(account_order) as account_order FROM `gxfc_website` WHERE  `site_id` > 0 LIMIT 1 [ RunTime:0.000204s ]
[2022-08-02T09:29:30+08:00][sql] SHOW FULL COLUMNS FROM `gxfc_fenxiao` [ RunTime:0.000889s ]
[2022-08-02T09:29:30+08:00][sql] SELECT sum(account) as account,sum(account_withdraw) as account_withdraw,sum(account_withdraw_apply) as account_withdraw_apply FROM `gxfc_fenxiao` WHERE  `status` IN (1,-1)  AND `is_delete` = 0 LIMIT 1 [ RunTime:0.000206s ]
[2022-08-02T09:29:30+08:00][sql] SHOW FULL COLUMNS FROM `gxfc_fenxiao_order` [ RunTime:0.000867s ]
[2022-08-02T09:29:30+08:00][sql] SELECT sum(real_goods_money) as real_goods_money FROM `gxfc_fenxiao_order` WHERE  `is_refund` = 0  AND `is_settlement` = 1 LIMIT 1 [ RunTime:0.000191s ]
[2022-08-02T09:29:30+08:00][sql] SHOW FULL COLUMNS FROM `gxfc_supply_settlement_period` [ RunTime:0.000716s ]
[2022-08-02T09:29:30+08:00][sql] SELECT 
                sum(supply_money) as supply_money,
                sum(refund_supply_money) as refund_supply_money,
                sum(commission) as commission,
                sum(platform_money) as platform_money,
                sum(website_commission) as website_commission
                 FROM `gxfc_supply_settlement_period` WHERE  `period_id` > 0 LIMIT 1 [ RunTime:0.000257s ]
[2022-08-02T09:29:30+08:00][sql] SHOW FULL COLUMNS FROM `gxfc_supplier` [ RunTime:0.000895s ]
[2022-08-02T09:29:30+08:00][sql] SELECT sum(account) as account, sum(account_withdraw) as account_withdraw, sum(account_withdraw_apply) as account_withdraw_apply, sum(bond) as bond, sum(open_fee) as open_fee FROM `gxfc_supplier` WHERE  `supplier_site_id` > 0 LIMIT 1 [ RunTime:0.000182s ]
[2022-08-02T09:29:30+08:00][sql] SHOW FULL COLUMNS FROM `gxfc_supply_order` [ RunTime:0.001009s ]
[2022-08-02T09:29:30+08:00][sql] SELECT SUM(`order_money`) AS think_sum FROM `gxfc_supply_order` WHERE  `order_status` > 0 [ RunTime:0.000228s ]
[2022-08-02T09:29:31+08:00][sql] CONNECT:[ UseTime:0.000252s ] mysql:host=localhost;port=3306;dbname=ls_chnssl_com;charset=utf8
[2022-08-02T09:29:31+08:00][sql] SHOW FULL COLUMNS FROM `gxfc_shop_settlement_period` [ RunTime:0.000844s ]
[2022-08-02T09:29:31+08:00][sql] SELECT 
                sum(shop_money) as shop_money,
                sum(refund_shop_money) as refund_shop_money,
                sum(commission) as commission,
                sum(platform_money) as platform_money,
                sum(website_commission) as website_commission,
                sum(platform_coupon_money) as platform_coupon_money,
                sum(refund_platform_coupon_money) as refund_platform_coupon_money
                 FROM `gxfc_shop_settlement_period` WHERE  `period_id` > 0 LIMIT 1 [ RunTime:0.000371s ]
[2022-08-02T09:29:31+08:00][sql] CONNECT:[ UseTime:0.000261s ] mysql:host=localhost;port=3306;dbname=ls_chnssl_com;charset=utf8
[2022-08-02T09:29:31+08:00][sql] SHOW FULL COLUMNS FROM `gxfc_shop_settlement_period` [ RunTime:0.000848s ]
[2022-08-02T09:29:31+08:00][sql] SELECT COUNT(*) AS think_count FROM `gxfc_shop_settlement_period` `a` ORDER BY `create_time` DESC [ RunTime:0.000213s ]
[2022-08-02T09:29:31+08:00][sql] SELECT * FROM `gxfc_shop_settlement_period` `a` ORDER BY `create_time` DESC LIMIT 0,10 [ RunTime:0.000351s ]
[2022-08-02T09:30:28+08:00][sql] CONNECT:[ UseTime:0.000259s ] mysql:host=localhost;port=3306;dbname=ls_chnssl_com;charset=utf8
[2022-08-02T09:30:28+08:00][sql] SHOW FULL COLUMNS FROM `gxfc_order` [ RunTime:0.001361s ]
[2022-08-02T09:30:28+08:00][sql] SELECT COUNT(*) AS think_count FROM `gxfc_order` `o` ORDER BY `o`.`create_time` DESC [ RunTime:0.000266s ]
[2022-08-02T09:30:28+08:00][sql] SELECT `o`.* FROM `gxfc_order` `o` ORDER BY `o`.`create_time` DESC LIMIT 0,10 [ RunTime:0.000625s ]
[2022-08-02T09:30:28+08:00][sql] SHOW FULL COLUMNS FROM `gxfc_order_goods` [ RunTime:0.000988s ]
[2022-08-02T09:30:28+08:00][sql] SELECT * FROM `gxfc_order_goods` WHERE  `order_id` = 564 [ RunTime:0.001339s ]
[2022-08-02T09:30:28+08:00][sql] SHOW FULL COLUMNS FROM `gxfc_member` [ RunTime:0.000920s ]
[2022-08-02T09:30:28+08:00][sql] SELECT `nickname` FROM `gxfc_member` WHERE  `member_id` = 8 LIMIT 1 [ RunTime:0.000163s ]
[2022-08-02T09:30:28+08:00][sql] SELECT * FROM `gxfc_order_goods` WHERE  `order_id` = 563 [ RunTime:0.001274s ]
[2022-08-02T09:30:28+08:00][sql] SELECT `nickname` FROM `gxfc_member` WHERE  `member_id` = 8 LIMIT 1 [ RunTime:0.000142s ]
[2022-08-02T09:30:28+08:00][sql] SELECT * FROM `gxfc_order_goods` WHERE  `order_id` = 562 [ RunTime:0.001247s ]
[2022-08-02T09:30:28+08:00][sql] SELECT `nickname` FROM `gxfc_member` WHERE  `member_id` = 8 LIMIT 1 [ RunTime:0.000145s ]
[2022-08-02T09:30:28+08:00][sql] SELECT * FROM `gxfc_order_goods` WHERE  `order_id` = 561 [ RunTime:0.001289s ]
[2022-08-02T09:30:28+08:00][sql] SELECT `nickname` FROM `gxfc_member` WHERE  `member_id` = 8 LIMIT 1 [ RunTime:0.000131s ]
[2022-08-02T09:30:28+08:00][sql] SELECT * FROM `gxfc_order_goods` WHERE  `order_id` = 560 [ RunTime:0.001259s ]
[2022-08-02T09:30:28+08:00][sql] SELECT `nickname` FROM `gxfc_member` WHERE  `member_id` = 5 LIMIT 1 [ RunTime:0.000139s ]
[2022-08-02T09:30:28+08:00][sql] SELECT * FROM `gxfc_order_goods` WHERE  `order_id` = 559 [ RunTime:0.001242s ]
[2022-08-02T09:30:28+08:00][sql] SELECT `nickname` FROM `gxfc_member` WHERE  `member_id` = 1 LIMIT 1 [ RunTime:0.000136s ]
[2022-08-02T09:30:28+08:00][sql] SELECT * FROM `gxfc_order_goods` WHERE  `order_id` = 558 [ RunTime:0.001285s ]
[2022-08-02T09:30:28+08:00][sql] SELECT `nickname` FROM `gxfc_member` WHERE  `member_id` = 5 LIMIT 1 [ RunTime:0.000137s ]
[2022-08-02T09:30:28+08:00][sql] SELECT * FROM `gxfc_order_goods` WHERE  `order_id` = 557 [ RunTime:0.001232s ]
[2022-08-02T09:30:28+08:00][sql] SELECT `nickname` FROM `gxfc_member` WHERE  `member_id` = 30 LIMIT 1 [ RunTime:0.000142s ]
[2022-08-02T09:30:28+08:00][sql] SELECT * FROM `gxfc_order_goods` WHERE  `order_id` = 556 [ RunTime:0.001325s ]
[2022-08-02T09:30:28+08:00][sql] SELECT `nickname` FROM `gxfc_member` WHERE  `member_id` = 5 LIMIT 1 [ RunTime:0.000132s ]
[2022-08-02T09:30:28+08:00][sql] SELECT * FROM `gxfc_order_goods` WHERE  `order_id` = 555 [ RunTime:0.001278s ]
[2022-08-02T09:30:28+08:00][sql] SELECT `nickname` FROM `gxfc_member` WHERE  `member_id` = 8 LIMIT 1 [ RunTime:0.000131s ]
[2022-08-02T09:30:34+08:00][sql] CONNECT:[ UseTime:0.000246s ] mysql:host=localhost;port=3306;dbname=ls_chnssl_com;charset=utf8
[2022-08-02T09:30:34+08:00][sql] SHOW FULL COLUMNS FROM `gxfc_order` [ RunTime:0.001377s ]
[2022-08-02T09:30:34+08:00][sql] SELECT COUNT(*) AS think_count FROM `gxfc_order` `o` ORDER BY `o`.`create_time` DESC [ RunTime:0.000275s ]
[2022-08-02T09:30:34+08:00][sql] SELECT `o`.* FROM `gxfc_order` `o` ORDER BY `o`.`create_time` DESC LIMIT 10,10 [ RunTime:0.000722s ]
[2022-08-02T09:30:34+08:00][sql] SHOW FULL COLUMNS FROM `gxfc_order_goods` [ RunTime:0.000937s ]
[2022-08-02T09:30:34+08:00][sql] SELECT * FROM `gxfc_order_goods` WHERE  `order_id` = 554 [ RunTime:0.001411s ]
[2022-08-02T09:30:34+08:00][sql] SHOW FULL COLUMNS FROM `gxfc_member` [ RunTime:0.000936s ]
[2022-08-02T09:30:34+08:00][sql] SELECT `nickname` FROM `gxfc_member` WHERE  `member_id` = 30 LIMIT 1 [ RunTime:0.000161s ]
[2022-08-02T09:30:34+08:00][sql] SELECT * FROM `gxfc_order_goods` WHERE  `order_id` = 553 [ RunTime:0.001254s ]
[2022-08-02T09:30:34+08:00][sql] SELECT `nickname` FROM `gxfc_member` WHERE  `member_id` = 30 LIMIT 1 [ RunTime:0.000127s ]
[2022-08-02T09:30:34+08:00][sql] SELECT * FROM `gxfc_order_goods` WHERE  `order_id` = 552 [ RunTime:0.001227s ]
[2022-08-02T09:30:34+08:00][sql] SELECT `nickname` FROM `gxfc_member` WHERE  `member_id` = 8 LIMIT 1 [ RunTime:0.000129s ]
[2022-08-02T09:30:34+08:00][sql] SELECT * FROM `gxfc_order_goods` WHERE  `order_id` = 551 [ RunTime:0.001236s ]
[2022-08-02T09:30:34+08:00][sql] SELECT `nickname` FROM `gxfc_member` WHERE  `member_id` = 30 LIMIT 1 [ RunTime:0.000130s ]
[2022-08-02T09:30:34+08:00][sql] SELECT * FROM `gxfc_order_goods` WHERE  `order_id` = 550 [ RunTime:0.001223s ]
[2022-08-02T09:30:34+08:00][sql] SELECT `nickname` FROM `gxfc_member` WHERE  `member_id` = 30 LIMIT 1 [ RunTime:0.000137s ]
[2022-08-02T09:30:34+08:00][sql] SELECT * FROM `gxfc_order_goods` WHERE  `order_id` = 549 [ RunTime:0.001218s ]
[2022-08-02T09:30:34+08:00][sql] SELECT `nickname` FROM `gxfc_member` WHERE  `member_id` = 30 LIMIT 1 [ RunTime:0.000149s ]
[2022-08-02T09:30:34+08:00][sql] SELECT * FROM `gxfc_order_goods` WHERE  `order_id` = 548 [ RunTime:0.001220s ]
[2022-08-02T09:30:34+08:00][sql] SELECT `nickname` FROM `gxfc_member` WHERE  `member_id` = 30 LIMIT 1 [ RunTime:0.000131s ]
[2022-08-02T09:30:34+08:00][sql] SELECT * FROM `gxfc_order_goods` WHERE  `order_id` = 547 [ RunTime:0.001311s ]
[2022-08-02T09:30:34+08:00][sql] SELECT `nickname` FROM `gxfc_member` WHERE  `member_id` = 30 LIMIT 1 [ RunTime:0.000161s ]
[2022-08-02T09:30:34+08:00][sql] SELECT * FROM `gxfc_order_goods` WHERE  `order_id` = 546 [ RunTime:0.001243s ]
[2022-08-02T09:30:34+08:00][sql] SELECT `nickname` FROM `gxfc_member` WHERE  `member_id` = 30 LIMIT 1 [ RunTime:0.000142s ]
[2022-08-02T09:30:34+08:00][sql] SELECT * FROM `gxfc_order_goods` WHERE  `order_id` = 545 [ RunTime:0.001277s ]
[2022-08-02T09:30:34+08:00][sql] SELECT `nickname` FROM `gxfc_member` WHERE  `member_id` = 30 LIMIT 1 [ RunTime:0.000137s ]
[2022-08-02T09:30:43+08:00][sql] CONNECT:[ UseTime:0.000260s ] mysql:host=localhost;port=3306;dbname=ls_chnssl_com;charset=utf8
[2022-08-02T09:30:43+08:00][sql] SHOW FULL COLUMNS FROM `gxfc_order` [ RunTime:0.001351s ]
[2022-08-02T09:30:43+08:00][sql] SELECT `order_id`,`order_no`,`site_id`,`site_name`,`website_id`,`order_name`,`order_from`,`order_from_name`,`order_type`,`order_type_name`,`order_promotion_type`,`order_promotion_name`,`promotion_id`,`out_trade_no`,`out_trade_no_2`,`delivery_code`,`order_status`,`order_status_name`,`order_status_action`,`pay_status`,`delivery_status`,`refund_status`,`pay_type`,`pay_type_name`,`delivery_type`,`delivery_type_name`,`member_id`,`name`,`mobile`,`telephone`,`province_id`,`city_id`,`district_id`,`community_id`,`address`,`full_address`,`longitude`,`latitude`,`buyer_ip`,`buyer_ask_delivery_time`,`buyer_message`,`order_invoice_company`,`order_invoice_type`,`order_invoice_type_name`,`order_invoice_trade_type`,`order_invoice_rate`,`goods_money`,`delivery_money`,`promotion_money`,`coupon_id`,`coupon_money`,`invoice_money`,`order_money`,`adjust_money`,`balance_money`,`pay_money`,`create_time`,`pay_time`,`delivery_time`,`sign_time`,`finish_time`,`close_time`,`is_lock`,`is_evaluate`,`is_delete`,`is_enable_refund`,`remark`,`goods_num`,`delivery_store_id`,`delivery_status_name`,`is_settlement`,`store_settlement_id`,`delivery_store_name`,`promotion_type`,`promotion_type_name`,`promotion_status_name`,`delivery_store_info`,`virtual_code`,`evaluate_status`,`evaluate_status_name`,`shop_money`,`platform_money`,`refund_money`,`refund_shop_money`,`refund_platform_money`,`commission`,`settlement_id`,`platform_coupon_id`,`platform_coupon_money`,`platform_coupon_total_money`,`platform_coupon_shop_money`,`is_invoice`,`invoice_type`,`invoice_title`,`taxpayer_number`,`invoice_rate`,`invoice_content`,`invoice_delivery_money`,`invoice_full_address`,`is_tax_invoice`,`invoice_email`,`invoice_title_type`,`refund_platform_coupon_total_money`,`refund_platform_coupon_shop_money`,`refund_platform_coupon_money`,`dj_money`,`hospital_money`,`hospital_id`,`refund_hospital_money`,`source_member` FROM `gxfc_order` WHERE  `order_id` = 545 LIMIT 1 [ RunTime:0.000651s ]
[2022-08-02T09:30:43+08:00][sql] SHOW FULL COLUMNS FROM `gxfc_member` [ RunTime:0.000934s ]
[2022-08-02T09:30:43+08:00][sql] SELECT `nickname` FROM `gxfc_member` WHERE  `member_id` = 30 LIMIT 1 [ RunTime:0.000168s ]
[2022-08-02T09:30:43+08:00][sql] SHOW FULL COLUMNS FROM `gxfc_order_goods` [ RunTime:0.000866s ]
[2022-08-02T09:30:43+08:00][sql] SELECT `order_goods_id`,`order_id`,`order_no`,`site_id`,`site_name`,`website_id`,`member_id`,`goods_id`,`sku_id`,`sku_name`,`sku_image`,`sku_no`,`is_virtual`,`goods_class`,`goods_class_name`,`price`,`cost_price`,`num`,`goods_money`,`cost_money`,`delivery_status`,`delivery_no`,`gift_flag`,`refund_no`,`refund_status`,`refund_status_name`,`refund_status_action`,`refund_type`,`refund_apply_money`,`refund_reason`,`refund_real_money`,`refund_delivery_name`,`refund_delivery_no`,`refund_time`,`refund_refuse_reason`,`refund_action_time`,`delivery_status_name`,`commission_rate`,`real_goods_money`,`shop_money`,`platform_money`,`is_settlement`,`refund_remark`,`refund_delivery_remark`,`refund_address`,`is_refund_stock`,`refund_money_type`,`promotion_money`,`coupon_money`,`adjust_money`,`platform_coupon_money`,`is_present`,`refund_delivery_money`,`goods_name`,`sku_spec_format`,`is_fenxiao`,`hospital_money` FROM `gxfc_order_goods` WHERE  `order_id` = 545 [ RunTime:0.001327s ]
[2022-08-02T09:30:43+08:00][sql] SHOW FULL COLUMNS FROM `gxfc_express_delivery_package` [ RunTime:0.000762s ]
[2022-08-02T09:30:43+08:00][sql] SELECT * FROM `gxfc_express_delivery_package` WHERE  `order_id` = 545  AND `site_id` = 11 [ RunTime:0.000227s ]
[2022-08-02T09:30:43+08:00][sql] SHOW FULL COLUMNS FROM `gxfc_config` [ RunTime:0.000734s ]
[2022-08-02T09:30:43+08:00][sql] SELECT `site_id`,`app_module`,`config_key`,`value`,`config_desc`,`is_use`,`create_time`,`modify_time` FROM `gxfc_config` WHERE  `app_module` = 'admin'  AND `site_id` = 0  AND `config_key` = 'EXPRESS_KD100_CONFIG' LIMIT 1 [ RunTime:0.000186s ]
[2022-08-02T09:30:43+08:00][sql] SELECT `site_id`,`app_module`,`config_key`,`value`,`config_desc`,`is_use`,`create_time`,`modify_time` FROM `gxfc_config` WHERE  `app_module` = 'admin'  AND `site_id` = 0  AND `config_key` = 'EXPRESS_KDBIRD_CONFIG' LIMIT 1 [ RunTime:0.000199s ]
[2022-08-02T09:30:43+08:00][sql] SHOW FULL COLUMNS FROM `gxfc_cron` [ RunTime:0.000898s ]
[2022-08-02T09:30:43+08:00][sql] SELECT `execute_time` FROM `gxfc_cron` WHERE  `event` = 'CronOrderTakeDelivery'  AND `relate_id` = 545 LIMIT 1 [ RunTime:0.000247s ]
[2022-08-02T09:30:49+08:00][sql] CONNECT:[ UseTime:0.000276s ] mysql:host=localhost;port=3306;dbname=ls_chnssl_com;charset=utf8
[2022-08-02T09:30:49+08:00][sql] SHOW FULL COLUMNS FROM `gxfc_goods` [ RunTime:0.001184s ]
[2022-08-02T09:30:49+08:00][sql] SELECT COUNT(*) AS think_count FROM `gxfc_goods` WHERE  `verify_state` = 0  AND `is_delete` = 0 [ RunTime:0.000316s ]
[2022-08-02T09:30:49+08:00][sql] SELECT COUNT(*) AS think_count FROM `gxfc_goods` WHERE  `verify_state` = -2  AND `is_delete` = 0 [ RunTime:0.000204s ]
[2022-08-02T09:30:49+08:00][sql] SELECT COUNT(*) AS think_count FROM `gxfc_goods` WHERE  `verify_state` = 10  AND `is_delete` = 0 [ RunTime:0.000186s ]
[2022-08-02T09:30:50+08:00][sql] CONNECT:[ UseTime:0.000292s ] mysql:host=localhost;port=3306;dbname=ls_chnssl_com;charset=utf8
[2022-08-02T09:30:50+08:00][sql] SHOW FULL COLUMNS FROM `gxfc_goods` [ RunTime:0.001195s ]
[2022-08-02T09:30:50+08:00][sql] SELECT COUNT(*) AS think_count FROM `gxfc_goods` WHERE  `verify_state` = 0  AND `is_delete` = 0 [ RunTime:0.000303s ]
[2022-08-02T09:30:50+08:00][sql] SELECT COUNT(*) AS think_count FROM `gxfc_goods` WHERE  `verify_state` = -2  AND `is_delete` = 0 [ RunTime:0.000295s ]
[2022-08-02T09:30:50+08:00][sql] SELECT COUNT(*) AS think_count FROM `gxfc_goods` WHERE  `verify_state` = 10  AND `is_delete` = 0 [ RunTime:0.000230s ]
[2022-08-02T09:30:50+08:00][sql] CONNECT:[ UseTime:0.000243s ] mysql:host=localhost;port=3306;dbname=ls_chnssl_com;charset=utf8
[2022-08-02T09:30:50+08:00][sql] SHOW FULL COLUMNS FROM `gxfc_goods` [ RunTime:0.001111s ]
[2022-08-02T09:30:50+08:00][sql] SELECT COUNT(*) AS think_count FROM `gxfc_goods` `` WHERE  `is_delete` = 0 ORDER BY `create_time` DESC [ RunTime:0.000303s ]
[2022-08-02T09:30:50+08:00][sql] SELECT `goods_id`,`goods_name`,`site_id`,`site_name`,`goods_image`,`is_own`,`goods_state`,`verify_state`,`price`,`goods_stock`,`goods_stock_alarm`,`create_time`,`sale_num`,`is_virtual`,`goods_class`,`is_fenxiao`,`fenxiao_type`,`sku_id`,`max_buy`,`min_buy`,`promotion_addon`,`sort` FROM `gxfc_goods` `` WHERE  `is_delete` = 0 ORDER BY `create_time` DESC LIMIT 0,10 [ RunTime:0.000311s ]
[2022-08-02T09:30:53+08:00][sql] CONNECT:[ UseTime:0.000253s ] mysql:host=localhost;port=3306;dbname=ls_chnssl_com;charset=utf8
[2022-08-02T09:30:53+08:00][sql] SHOW FULL COLUMNS FROM `gxfc_consulting` [ RunTime:0.000969s ]
[2022-08-02T09:30:53+08:00][sql] SELECT COUNT(*) AS think_count FROM `gxfc_consulting` `` ORDER BY `id` ASC [ RunTime:0.000188s ]
[2022-08-02T09:30:53+08:00][sql] SELECT * FROM `gxfc_consulting` `` ORDER BY `id` ASC LIMIT 0,5 [ RunTime:0.000282s ]
[2022-08-02T09:30:53+08:00][sql] CONNECT:[ UseTime:0.000238s ] mysql:host=localhost;port=3306;dbname=ls_chnssl_com;charset=utf8
[2022-08-02T09:30:53+08:00][sql] SHOW FULL COLUMNS FROM `gxfc_consulting` [ RunTime:0.000904s ]
[2022-08-02T09:30:53+08:00][sql] SELECT COUNT(*) AS think_count FROM `gxfc_consulting` `` ORDER BY `sort` DESC [ RunTime:0.000204s ]
[2022-08-02T09:30:53+08:00][sql] SELECT * FROM `gxfc_consulting` `` ORDER BY `sort` DESC LIMIT 0,5 [ RunTime:0.000223s ]
[2022-08-02T09:30:54+08:00][sql] CONNECT:[ UseTime:0.000243s ] mysql:host=localhost;port=3306;dbname=ls_chnssl_com;charset=utf8
[2022-08-02T09:30:54+08:00][sql] SHOW FULL COLUMNS FROM `gxfc_order` [ RunTime:0.001420s ]
[2022-08-02T09:30:54+08:00][sql] SELECT COUNT(*) AS think_count FROM `gxfc_order` `o` ORDER BY `o`.`create_time` DESC [ RunTime:0.000261s ]
[2022-08-02T09:30:54+08:00][sql] SELECT `o`.* FROM `gxfc_order` `o` ORDER BY `o`.`create_time` DESC LIMIT 0,10 [ RunTime:0.000491s ]
[2022-08-02T09:30:54+08:00][sql] SHOW FULL COLUMNS FROM `gxfc_order_goods` [ RunTime:0.000933s ]
[2022-08-02T09:30:54+08:00][sql] SELECT * FROM `gxfc_order_goods` WHERE  `order_id` = 564 [ RunTime:0.001293s ]
[2022-08-02T09:30:54+08:00][sql] SHOW FULL COLUMNS FROM `gxfc_member` [ RunTime:0.000915s ]
[2022-08-02T09:30:54+08:00][sql] SELECT `nickname` FROM `gxfc_member` WHERE  `member_id` = 8 LIMIT 1 [ RunTime:0.000165s ]
[2022-08-02T09:30:54+08:00][sql] SELECT * FROM `gxfc_order_goods` WHERE  `order_id` = 563 [ RunTime:0.001250s ]
[2022-08-02T09:30:54+08:00][sql] SELECT `nickname` FROM `gxfc_member` WHERE  `member_id` = 8 LIMIT 1 [ RunTime:0.000142s ]
[2022-08-02T09:30:54+08:00][sql] SELECT * FROM `gxfc_order_goods` WHERE  `order_id` = 562 [ RunTime:0.001240s ]
[2022-08-02T09:30:54+08:00][sql] SELECT `nickname` FROM `gxfc_member` WHERE  `member_id` = 8 LIMIT 1 [ RunTime:0.000155s ]
[2022-08-02T09:30:54+08:00][sql] SELECT * FROM `gxfc_order_goods` WHERE  `order_id` = 561 [ RunTime:0.001236s ]
[2022-08-02T09:30:54+08:00][sql] SELECT `nickname` FROM `gxfc_member` WHERE  `member_id` = 8 LIMIT 1 [ RunTime:0.000154s ]
[2022-08-02T09:30:54+08:00][sql] SELECT * FROM `gxfc_order_goods` WHERE  `order_id` = 560 [ RunTime:0.001427s ]
[2022-08-02T09:30:54+08:00][sql] SELECT `nickname` FROM `gxfc_member` WHERE  `member_id` = 5 LIMIT 1 [ RunTime:0.000150s ]
[2022-08-02T09:30:54+08:00][sql] SELECT * FROM `gxfc_order_goods` WHERE  `order_id` = 559 [ RunTime:0.001502s ]
[2022-08-02T09:30:54+08:00][sql] SELECT `nickname` FROM `gxfc_member` WHERE  `member_id` = 1 LIMIT 1 [ RunTime:0.000156s ]
[2022-08-02T09:30:54+08:00][sql] SELECT * FROM `gxfc_order_goods` WHERE  `order_id` = 558 [ RunTime:0.001233s ]
[2022-08-02T09:30:54+08:00][sql] SELECT `nickname` FROM `gxfc_member` WHERE  `member_id` = 5 LIMIT 1 [ RunTime:0.000135s ]
[2022-08-02T09:30:54+08:00][sql] SELECT * FROM `gxfc_order_goods` WHERE  `order_id` = 557 [ RunTime:0.001245s ]
[2022-08-02T09:30:54+08:00][sql] SELECT `nickname` FROM `gxfc_member` WHERE  `member_id` = 30 LIMIT 1 [ RunTime:0.000139s ]
[2022-08-02T09:30:54+08:00][sql] SELECT * FROM `gxfc_order_goods` WHERE  `order_id` = 556 [ RunTime:0.001248s ]
[2022-08-02T09:30:54+08:00][sql] SELECT `nickname` FROM `gxfc_member` WHERE  `member_id` = 5 LIMIT 1 [ RunTime:0.000134s ]
[2022-08-02T09:30:54+08:00][sql] SELECT * FROM `gxfc_order_goods` WHERE  `order_id` = 555 [ RunTime:0.001251s ]
[2022-08-02T09:30:54+08:00][sql] SELECT `nickname` FROM `gxfc_member` WHERE  `member_id` = 8 LIMIT 1 [ RunTime:0.000135s ]
[2022-08-02T09:31:00+08:00][sql] CONNECT:[ UseTime:0.000216s ] mysql:host=localhost;port=3306;dbname=ls_chnssl_com;charset=utf8
[2022-08-02T09:31:00+08:00][sql] SHOW FULL COLUMNS FROM `gxfc_order` [ RunTime:0.001369s ]
[2022-08-02T09:31:00+08:00][sql] SELECT `order_id`,`order_no`,`site_id`,`site_name`,`website_id`,`order_name`,`order_from`,`order_from_name`,`order_type`,`order_type_name`,`order_promotion_type`,`order_promotion_name`,`promotion_id`,`out_trade_no`,`out_trade_no_2`,`delivery_code`,`order_status`,`order_status_name`,`order_status_action`,`pay_status`,`delivery_status`,`refund_status`,`pay_type`,`pay_type_name`,`delivery_type`,`delivery_type_name`,`member_id`,`name`,`mobile`,`telephone`,`province_id`,`city_id`,`district_id`,`community_id`,`address`,`full_address`,`longitude`,`latitude`,`buyer_ip`,`buyer_ask_delivery_time`,`buyer_message`,`order_invoice_company`,`order_invoice_type`,`order_invoice_type_name`,`order_invoice_trade_type`,`order_invoice_rate`,`goods_money`,`delivery_money`,`promotion_money`,`coupon_id`,`coupon_money`,`invoice_money`,`order_money`,`adjust_money`,`balance_money`,`pay_money`,`create_time`,`pay_time`,`delivery_time`,`sign_time`,`finish_time`,`close_time`,`is_lock`,`is_evaluate`,`is_delete`,`is_enable_refund`,`remark`,`goods_num`,`delivery_store_id`,`delivery_status_name`,`is_settlement`,`store_settlement_id`,`delivery_store_name`,`promotion_type`,`promotion_type_name`,`promotion_status_name`,`delivery_store_info`,`virtual_code`,`evaluate_status`,`evaluate_status_name`,`shop_money`,`platform_money`,`refund_money`,`refund_shop_money`,`refund_platform_money`,`commission`,`settlement_id`,`platform_coupon_id`,`platform_coupon_money`,`platform_coupon_total_money`,`platform_coupon_shop_money`,`is_invoice`,`invoice_type`,`invoice_title`,`taxpayer_number`,`invoice_rate`,`invoice_content`,`invoice_delivery_money`,`invoice_full_address`,`is_tax_invoice`,`invoice_email`,`invoice_title_type`,`refund_platform_coupon_total_money`,`refund_platform_coupon_shop_money`,`refund_platform_coupon_money`,`dj_money`,`hospital_money`,`hospital_id`,`refund_hospital_money`,`source_member` FROM `gxfc_order` WHERE  `order_id` = 564 LIMIT 1 [ RunTime:0.000618s ]
[2022-08-02T09:31:00+08:00][sql] SHOW FULL COLUMNS FROM `gxfc_member` [ RunTime:0.000897s ]
[2022-08-02T09:31:00+08:00][sql] SELECT `nickname` FROM `gxfc_member` WHERE  `member_id` = 8 LIMIT 1 [ RunTime:0.000155s ]
[2022-08-02T09:31:00+08:00][sql] SHOW FULL COLUMNS FROM `gxfc_order_goods` [ RunTime:0.000856s ]
[2022-08-02T09:31:00+08:00][sql] SELECT `order_goods_id`,`order_id`,`order_no`,`site_id`,`site_name`,`website_id`,`member_id`,`goods_id`,`sku_id`,`sku_name`,`sku_image`,`sku_no`,`is_virtual`,`goods_class`,`goods_class_name`,`price`,`cost_price`,`num`,`goods_money`,`cost_money`,`delivery_status`,`delivery_no`,`gift_flag`,`refund_no`,`refund_status`,`refund_status_name`,`refund_status_action`,`refund_type`,`refund_apply_money`,`refund_reason`,`refund_real_money`,`refund_delivery_name`,`refund_delivery_no`,`refund_time`,`refund_refuse_reason`,`refund_action_time`,`delivery_status_name`,`commission_rate`,`real_goods_money`,`shop_money`,`platform_money`,`is_settlement`,`refund_remark`,`refund_delivery_remark`,`refund_address`,`is_refund_stock`,`refund_money_type`,`promotion_money`,`coupon_money`,`adjust_money`,`platform_coupon_money`,`is_present`,`refund_delivery_money`,`goods_name`,`sku_spec_format`,`is_fenxiao`,`hospital_money` FROM `gxfc_order_goods` WHERE  `order_id` = 564 [ RunTime:0.001318s ]
[2022-08-02T09:31:00+08:00][sql] SHOW FULL COLUMNS FROM `gxfc_express_delivery_package` [ RunTime:0.000774s ]
[2022-08-02T09:31:00+08:00][sql] SELECT * FROM `gxfc_express_delivery_package` WHERE  `order_id` = 564  AND `site_id` = 11 [ RunTime:0.000257s ]
[2022-08-02T09:31:00+08:00][sql] SHOW FULL COLUMNS FROM `gxfc_express_company` [ RunTime:0.000827s ]
[2022-08-02T09:31:00+08:00][sql] SELECT * FROM `gxfc_express_company` WHERE  `company_id` = 0 LIMIT 1 [ RunTime:0.000169s ]
[2022-08-02T09:31:13+08:00][sql] CONNECT:[ UseTime:0.000234s ] mysql:host=localhost;port=3306;dbname=ls_chnssl_com;charset=utf8
[2022-08-02T09:31:13+08:00][sql] SHOW FULL COLUMNS FROM `gxfc_order` [ RunTime:0.001435s ]
[2022-08-02T09:31:13+08:00][sql] SELECT COUNT(*) AS think_count FROM `gxfc_order` `o` ORDER BY `o`.`create_time` DESC [ RunTime:0.000327s ]
[2022-08-02T09:31:13+08:00][sql] SELECT `o`.* FROM `gxfc_order` `o` ORDER BY `o`.`create_time` DESC LIMIT 0,10 [ RunTime:0.000530s ]
[2022-08-02T09:31:13+08:00][sql] SHOW FULL COLUMNS FROM `gxfc_order_goods` [ RunTime:0.000928s ]
[2022-08-02T09:31:13+08:00][sql] SELECT * FROM `gxfc_order_goods` WHERE  `order_id` = 564 [ RunTime:0.001368s ]
[2022-08-02T09:31:13+08:00][sql] SHOW FULL COLUMNS FROM `gxfc_member` [ RunTime:0.000917s ]
[2022-08-02T09:31:13+08:00][sql] SELECT `nickname` FROM `gxfc_member` WHERE  `member_id` = 8 LIMIT 1 [ RunTime:0.000165s ]
[2022-08-02T09:31:13+08:00][sql] SELECT * FROM `gxfc_order_goods` WHERE  `order_id` = 563 [ RunTime:0.001259s ]
[2022-08-02T09:31:13+08:00][sql] SELECT `nickname` FROM `gxfc_member` WHERE  `member_id` = 8 LIMIT 1 [ RunTime:0.000130s ]
[2022-08-02T09:31:13+08:00][sql] SELECT * FROM `gxfc_order_goods` WHERE  `order_id` = 562 [ RunTime:0.001241s ]
[2022-08-02T09:31:13+08:00][sql] SELECT `nickname` FROM `gxfc_member` WHERE  `member_id` = 8 LIMIT 1 [ RunTime:0.000134s ]
[2022-08-02T09:31:13+08:00][sql] SELECT * FROM `gxfc_order_goods` WHERE  `order_id` = 561 [ RunTime:0.001246s ]
[2022-08-02T09:31:13+08:00][sql] SELECT `nickname` FROM `gxfc_member` WHERE  `member_id` = 8 LIMIT 1 [ RunTime:0.000137s ]
[2022-08-02T09:31:13+08:00][sql] SELECT * FROM `gxfc_order_goods` WHERE  `order_id` = 560 [ RunTime:0.001254s ]
[2022-08-02T09:31:13+08:00][sql] SELECT `nickname` FROM `gxfc_member` WHERE  `member_id` = 5 LIMIT 1 [ RunTime:0.000139s ]
[2022-08-02T09:31:13+08:00][sql] SELECT * FROM `gxfc_order_goods` WHERE  `order_id` = 559 [ RunTime:0.001260s ]
[2022-08-02T09:31:13+08:00][sql] SELECT `nickname` FROM `gxfc_member` WHERE  `member_id` = 1 LIMIT 1 [ RunTime:0.000140s ]
[2022-08-02T09:31:13+08:00][sql] SELECT * FROM `gxfc_order_goods` WHERE  `order_id` = 558 [ RunTime:0.001236s ]
[2022-08-02T09:31:13+08:00][sql] SELECT `nickname` FROM `gxfc_member` WHERE  `member_id` = 5 LIMIT 1 [ RunTime:0.000167s ]
[2022-08-02T09:31:13+08:00][sql] SELECT * FROM `gxfc_order_goods` WHERE  `order_id` = 557 [ RunTime:0.001312s ]
[2022-08-02T09:31:13+08:00][sql] SELECT `nickname` FROM `gxfc_member` WHERE  `member_id` = 30 LIMIT 1 [ RunTime:0.000135s ]
[2022-08-02T09:31:13+08:00][sql] SELECT * FROM `gxfc_order_goods` WHERE  `order_id` = 556 [ RunTime:0.001257s ]
[2022-08-02T09:31:13+08:00][sql] SELECT `nickname` FROM `gxfc_member` WHERE  `member_id` = 5 LIMIT 1 [ RunTime:0.000134s ]
[2022-08-02T09:31:13+08:00][sql] SELECT * FROM `gxfc_order_goods` WHERE  `order_id` = 555 [ RunTime:0.001220s ]
[2022-08-02T09:31:13+08:00][sql] SELECT `nickname` FROM `gxfc_member` WHERE  `member_id` = 8 LIMIT 1 [ RunTime:0.000137s ]
[2022-08-02T10:11:17+08:00][sql] CONNECT:[ UseTime:0.000220s ] mysql:host=localhost;port=3306;dbname=ls_chnssl_com;charset=utf8
[2022-08-02T10:11:17+08:00][sql] SHOW FULL COLUMNS FROM `gxfc_order` [ RunTime:0.001347s ]
[2022-08-02T10:11:17+08:00][sql] SELECT `order_id`,`order_no`,`site_id`,`site_name`,`website_id`,`order_name`,`order_from`,`order_from_name`,`order_type`,`order_type_name`,`order_promotion_type`,`order_promotion_name`,`promotion_id`,`out_trade_no`,`out_trade_no_2`,`delivery_code`,`order_status`,`order_status_name`,`order_status_action`,`pay_status`,`delivery_status`,`refund_status`,`pay_type`,`pay_type_name`,`delivery_type`,`delivery_type_name`,`member_id`,`name`,`mobile`,`telephone`,`province_id`,`city_id`,`district_id`,`community_id`,`address`,`full_address`,`longitude`,`latitude`,`buyer_ip`,`buyer_ask_delivery_time`,`buyer_message`,`order_invoice_company`,`order_invoice_type`,`order_invoice_type_name`,`order_invoice_trade_type`,`order_invoice_rate`,`goods_money`,`delivery_money`,`promotion_money`,`coupon_id`,`coupon_money`,`invoice_money`,`order_money`,`adjust_money`,`balance_money`,`pay_money`,`create_time`,`pay_time`,`delivery_time`,`sign_time`,`finish_time`,`close_time`,`is_lock`,`is_evaluate`,`is_delete`,`is_enable_refund`,`remark`,`goods_num`,`delivery_store_id`,`delivery_status_name`,`is_settlement`,`store_settlement_id`,`delivery_store_name`,`promotion_type`,`promotion_type_name`,`promotion_status_name`,`delivery_store_info`,`virtual_code`,`evaluate_status`,`evaluate_status_name`,`shop_money`,`platform_money`,`refund_money`,`refund_shop_money`,`refund_platform_money`,`commission`,`settlement_id`,`platform_coupon_id`,`platform_coupon_money`,`platform_coupon_total_money`,`platform_coupon_shop_money`,`is_invoice`,`invoice_type`,`invoice_title`,`taxpayer_number`,`invoice_rate`,`invoice_content`,`invoice_delivery_money`,`invoice_full_address`,`is_tax_invoice`,`invoice_email`,`invoice_title_type`,`refund_platform_coupon_total_money`,`refund_platform_coupon_shop_money`,`refund_platform_coupon_money`,`dj_money`,`hospital_money`,`hospital_id`,`refund_hospital_money`,`source_member` FROM `gxfc_order` WHERE  `order_id` = 564 LIMIT 1 [ RunTime:0.000629s ]
[2022-08-02T10:11:17+08:00][sql] SHOW FULL COLUMNS FROM `gxfc_member` [ RunTime:0.000894s ]
[2022-08-02T10:11:17+08:00][sql] SELECT `nickname` FROM `gxfc_member` WHERE  `member_id` = 8 LIMIT 1 [ RunTime:0.000155s ]
[2022-08-02T10:11:17+08:00][sql] SHOW FULL COLUMNS FROM `gxfc_order_goods` [ RunTime:0.000858s ]
[2022-08-02T10:11:17+08:00][sql] SELECT `order_goods_id`,`order_id`,`order_no`,`site_id`,`site_name`,`website_id`,`member_id`,`goods_id`,`sku_id`,`sku_name`,`sku_image`,`sku_no`,`is_virtual`,`goods_class`,`goods_class_name`,`price`,`cost_price`,`num`,`goods_money`,`cost_money`,`delivery_status`,`delivery_no`,`gift_flag`,`refund_no`,`refund_status`,`refund_status_name`,`refund_status_action`,`refund_type`,`refund_apply_money`,`refund_reason`,`refund_real_money`,`refund_delivery_name`,`refund_delivery_no`,`refund_time`,`refund_refuse_reason`,`refund_action_time`,`delivery_status_name`,`commission_rate`,`real_goods_money`,`shop_money`,`platform_money`,`is_settlement`,`refund_remark`,`refund_delivery_remark`,`refund_address`,`is_refund_stock`,`refund_money_type`,`promotion_money`,`coupon_money`,`adjust_money`,`platform_coupon_money`,`is_present`,`refund_delivery_money`,`goods_name`,`sku_spec_format`,`is_fenxiao`,`hospital_money` FROM `gxfc_order_goods` WHERE  `order_id` = 564 [ RunTime:0.001309s ]
[2022-08-02T10:11:17+08:00][sql] SHOW FULL COLUMNS FROM `gxfc_express_delivery_package` [ RunTime:0.000730s ]
[2022-08-02T10:11:17+08:00][sql] SELECT * FROM `gxfc_express_delivery_package` WHERE  `order_id` = 564  AND `site_id` = 11 [ RunTime:0.000226s ]
[2022-08-02T10:11:17+08:00][sql] SHOW FULL COLUMNS FROM `gxfc_express_company` [ RunTime:0.000802s ]
[2022-08-02T10:11:17+08:00][sql] SELECT * FROM `gxfc_express_company` WHERE  `company_id` = 0 LIMIT 1 [ RunTime:0.000182s ]
[2022-08-02T10:11:59+08:00][sql] CONNECT:[ UseTime:0.000255s ] mysql:host=localhost;port=3306;dbname=ls_chnssl_com;charset=utf8
[2022-08-02T10:11:59+08:00][sql] SHOW FULL COLUMNS FROM `gxfc_shop` [ RunTime:0.001215s ]
[2022-08-02T10:11:59+08:00][sql] SELECT `group_id` FROM `gxfc_shop` WHERE  `site_id` = 0 LIMIT 1 [ RunTime:0.000182s ]
[2022-08-02T10:11:59+08:00][sql] SHOW FULL COLUMNS FROM `gxfc_shop_group` [ RunTime:0.000718s ]
[2022-08-02T10:11:59+08:00][sql] SELECT `addon_array` FROM `gxfc_shop_group` WHERE  `group_id` IS NULL LIMIT 1 [ RunTime:0.000113s ]
[2022-08-02T10:11:59+08:00][sql] SHOW FULL COLUMNS FROM `gxfc_diy_view_util` [ RunTime:0.000744s ]
[2022-08-02T10:11:59+08:00][sql] SELECT `id`,`name`,`title`,`type`,`controller`,`value`,`addon_name`,`support_diy_view`,`max_count`,`is_delete`,`icon`,`icon_selected` FROM `gxfc_diy_view_util` WHERE  (`support_diy_view` LIKE 'DIY_VIEW_INDEX' OR `support_diy_view` LIKE '%DIY_VIEW_INDEX,%' OR `support_diy_view` LIKE '%DIY_VIEW_INDEX' OR `support_diy_view` LIKE '%,DIY_VIEW_INDEX,%' OR `support_diy_view` LIKE '') ORDER BY `sort` ASC [ RunTime:0.000329s ]
[2022-08-02T10:11:59+08:00][sql] SHOW FULL COLUMNS FROM `gxfc_site_diy_view` [ RunTime:0.000722s ]
[2022-08-02T10:11:59+08:00][sql] SELECT `site_id`,`name` FROM `gxfc_site_diy_view` WHERE  `site_id` = 0  AND `name` = 'DIY_VIEW_INDEX' LIMIT 1 [ RunTime:0.000175s ]
[2022-08-02T10:12:00+08:00][sql] SELECT `sdv`.`id`,`sdv`.`site_id`,`sdv`.`name`,`sdv`.`title`,`sdv`.`value`,`sdv`.`type`,`dvt`.`addon_name` FROM `gxfc_site_diy_view` `sdv` LEFT JOIN `gxfc_diy_view_temp` `dvt` ON `sdv`.`name`=`dvt`.`name` WHERE  `sdv`.`site_id` = 0  AND `sdv`.`name` = 'DIY_VIEW_INDEX' LIMIT 1 [ RunTime:0.000446s ]
[2022-08-02T10:12:02+08:00][sql] CONNECT:[ UseTime:0.000277s ] mysql:host=localhost;port=3306;dbname=ls_chnssl_com;charset=utf8
[2022-08-02T10:12:02+08:00][sql] SHOW FULL COLUMNS FROM `gxfc_menu` [ RunTime:0.000930s ]
[2022-08-02T10:12:02+08:00][sql] SELECT `id`,`app_module`,`name`,`title`,`parent`,`level`,`url`,`is_show`,`sort`,`desc`,`picture`,`is_icon`,`picture_select`,`is_control`,`addon` FROM `gxfc_menu` WHERE  `url` = 'admin/Diy/memberindex'  AND `app_module` = 'admin' ORDER BY `level` DESC LIMIT 1 [ RunTime:0.000319s ]
[2022-08-02T10:12:02+08:00][sql] SELECT `id`,`app_module`,`name`,`title`,`parent`,`level`,`url`,`is_show`,`sort`,`desc`,`picture`,`is_icon`,`picture_select`,`is_control`,`addon` FROM `gxfc_menu` WHERE  `name` = 'WEBSITE_MID_MEMBER_INDEX'  AND `app_module` = 'admin' LIMIT 1 [ RunTime:0.000251s ]
[2022-08-02T10:15:46+08:00][sql] CONNECT:[ UseTime:0.000239s ] mysql:host=localhost;port=3306;dbname=ls_chnssl_com;charset=utf8
[2022-08-02T10:15:46+08:00][sql] SHOW FULL COLUMNS FROM `gxfc_link` [ RunTime:0.000857s ]
[2022-08-02T10:15:46+08:00][sql] SELECT * FROM `gxfc_link` WHERE  `parent` = '' ORDER BY `sort` ASC [ RunTime:0.000316s ]
[2022-08-02T10:15:46+08:00][sql] SELECT * FROM `gxfc_link` WHERE  `parent` = 'MALL_PAGE' ORDER BY `sort` ASC [ RunTime:0.000228s ]
[2022-08-02T10:15:46+08:00][sql] SELECT * FROM `gxfc_link` WHERE  `parent` = 'COMMODITY' ORDER BY `sort` ASC [ RunTime:0.000220s ]
[2022-08-02T10:15:47+08:00][sql] SELECT * FROM `gxfc_link` WHERE  `parent` = 'CUSTOM_LINK' ORDER BY `sort` ASC [ RunTime:0.000207s ]
[2022-08-02T10:15:47+08:00][sql] SELECT * FROM `gxfc_link` WHERE  `parent` = 'GAME' ORDER BY `sort` ASC [ RunTime:0.000219s ]
[2022-08-02T10:15:47+08:00][sql] CONNECT:[ UseTime:0.000246s ] mysql:host=localhost;port=3306;dbname=ls_chnssl_com;charset=utf8
[2022-08-02T10:15:47+08:00][sql] SHOW FULL COLUMNS FROM `gxfc_link` [ RunTime:0.000885s ]
[2022-08-02T10:15:47+08:00][sql] SELECT * FROM `gxfc_link` WHERE  `parent` = 'MALL_LINK'  AND (`support_diy_view` LIKE '' OR `support_diy_view` LIKE '') ORDER BY `sort` ASC [ RunTime:0.000321s ]
[2022-08-02T10:15:47+08:00][sql] SELECT * FROM `gxfc_link` WHERE  `parent` = 'BASICS_LINK'  AND (`support_diy_view` LIKE '' OR `support_diy_view` LIKE '') ORDER BY `sort` ASC [ RunTime:0.000324s ]
[2022-08-02T10:15:47+08:00][sql] SELECT * FROM `gxfc_link` WHERE  `parent` = 'SHOP_LINK'  AND (`support_diy_view` LIKE '' OR `support_diy_view` LIKE '') ORDER BY `sort` ASC [ RunTime:0.000260s ]
[2022-08-02T10:15:47+08:00][sql] SELECT * FROM `gxfc_link` WHERE  `parent` = 'MEMBER'  AND (`support_diy_view` LIKE '' OR `support_diy_view` LIKE '') ORDER BY `sort` ASC [ RunTime:0.000313s ]
[2022-08-02T10:15:47+08:00][sql] SELECT * FROM `gxfc_link` WHERE  `parent` = 'DISTRIBUTION'  AND (`support_diy_view` LIKE '' OR `support_diy_view` LIKE '') ORDER BY `sort` ASC [ RunTime:0.000257s ]
[2022-08-02T10:16:37+08:00][sql] CONNECT:[ UseTime:0.000225s ] mysql:host=localhost;port=3306;dbname=ls_chnssl_com;charset=utf8
[2022-08-02T10:16:37+08:00][sql] SHOW FULL COLUMNS FROM `gxfc_link` [ RunTime:0.000881s ]
[2022-08-02T10:16:37+08:00][sql] SELECT * FROM `gxfc_link` WHERE  `parent` = '' ORDER BY `sort` ASC [ RunTime:0.000298s ]
[2022-08-02T10:16:37+08:00][sql] SELECT * FROM `gxfc_link` WHERE  `parent` = 'MALL_PAGE' ORDER BY `sort` ASC [ RunTime:0.000294s ]
[2022-08-02T10:16:37+08:00][sql] SELECT * FROM `gxfc_link` WHERE  `parent` = 'COMMODITY' ORDER BY `sort` ASC [ RunTime:0.000232s ]
[2022-08-02T10:16:37+08:00][sql] SELECT * FROM `gxfc_link` WHERE  `parent` = 'CUSTOM_LINK' ORDER BY `sort` ASC [ RunTime:0.000200s ]
[2022-08-02T10:16:37+08:00][sql] SELECT * FROM `gxfc_link` WHERE  `parent` = 'GAME' ORDER BY `sort` ASC [ RunTime:0.000200s ]
[2022-08-02T10:16:37+08:00][sql] SHOW FULL COLUMNS FROM `gxfc_goods_category` [ RunTime:0.000822s ]
[2022-08-02T10:16:37+08:00][sql] SELECT `category_id`,`category_name`,`short_name`,`pid`,`level`,`is_show`,`sort`,`image`,`attr_class_name`,`category_id_1`,`category_id_2`,`category_id_3`,`commission_rate`,`supply_commission_rate` FROM `gxfc_goods_category` ORDER BY `sort` ASC [ RunTime:0.000237s ]
[2022-08-02T10:16:37+08:00][sql] CONNECT:[ UseTime:0.000257s ] mysql:host=localhost;port=3306;dbname=ls_chnssl_com;charset=utf8
[2022-08-02T10:16:37+08:00][sql] SHOW FULL COLUMNS FROM `gxfc_link` [ RunTime:0.000891s ]
[2022-08-02T10:16:37+08:00][sql] SELECT * FROM `gxfc_link` WHERE  `parent` = 'MALL_LINK'  AND (`support_diy_view` LIKE '' OR `support_diy_view` LIKE '') ORDER BY `sort` ASC [ RunTime:0.000342s ]
[2022-08-02T10:16:37+08:00][sql] SELECT * FROM `gxfc_link` WHERE  `parent` = 'BASICS_LINK'  AND (`support_diy_view` LIKE '' OR `support_diy_view` LIKE '') ORDER BY `sort` ASC [ RunTime:0.000282s ]
[2022-08-02T10:16:37+08:00][sql] SELECT * FROM `gxfc_link` WHERE  `parent` = 'SHOP_LINK'  AND (`support_diy_view` LIKE '' OR `support_diy_view` LIKE '') ORDER BY `sort` ASC [ RunTime:0.000248s ]
[2022-08-02T10:16:37+08:00][sql] SELECT * FROM `gxfc_link` WHERE  `parent` = 'MEMBER'  AND (`support_diy_view` LIKE '' OR `support_diy_view` LIKE '') ORDER BY `sort` ASC [ RunTime:0.000305s ]
[2022-08-02T10:16:37+08:00][sql] SELECT * FROM `gxfc_link` WHERE  `parent` = 'DISTRIBUTION'  AND (`support_diy_view` LIKE '' OR `support_diy_view` LIKE '') ORDER BY `sort` ASC [ RunTime:0.000262s ]
[2022-08-02T10:18:36+08:00][sql] CONNECT:[ UseTime:0.000229s ] mysql:host=localhost;port=3306;dbname=ls_chnssl_com;charset=utf8
[2022-08-02T10:18:36+08:00][sql] SHOW FULL COLUMNS FROM `gxfc_link` [ RunTime:0.000867s ]
[2022-08-02T10:18:36+08:00][sql] SELECT * FROM `gxfc_link` WHERE  `parent` = '' ORDER BY `sort` ASC [ RunTime:0.000291s ]
[2022-08-02T10:18:36+08:00][sql] SELECT * FROM `gxfc_link` WHERE  `parent` = 'MALL_PAGE' ORDER BY `sort` ASC [ RunTime:0.000248s ]
[2022-08-02T10:18:36+08:00][sql] SELECT * FROM `gxfc_link` WHERE  `parent` = 'COMMODITY' ORDER BY `sort` ASC [ RunTime:0.000227s ]
[2022-08-02T10:18:36+08:00][sql] SELECT * FROM `gxfc_link` WHERE  `parent` = 'CUSTOM_LINK' ORDER BY `sort` ASC [ RunTime:0.000234s ]
[2022-08-02T10:18:36+08:00][sql] SELECT * FROM `gxfc_link` WHERE  `parent` = 'GAME' ORDER BY `sort` ASC [ RunTime:0.000238s ]
[2022-08-02T10:18:36+08:00][sql] CONNECT:[ UseTime:0.000263s ] mysql:host=localhost;port=3306;dbname=ls_chnssl_com;charset=utf8
[2022-08-02T10:18:36+08:00][sql] SHOW FULL COLUMNS FROM `gxfc_link` [ RunTime:0.000909s ]
[2022-08-02T10:18:36+08:00][sql] SELECT * FROM `gxfc_link` WHERE  `parent` = 'MALL_LINK'  AND (`support_diy_view` LIKE '' OR `support_diy_view` LIKE '') ORDER BY `sort` ASC [ RunTime:0.000334s ]
[2022-08-02T10:18:36+08:00][sql] SELECT * FROM `gxfc_link` WHERE  `parent` = 'BASICS_LINK'  AND (`support_diy_view` LIKE '' OR `support_diy_view` LIKE '') ORDER BY `sort` ASC [ RunTime:0.000303s ]
[2022-08-02T10:18:36+08:00][sql] SELECT * FROM `gxfc_link` WHERE  `parent` = 'SHOP_LINK'  AND (`support_diy_view` LIKE '' OR `support_diy_view` LIKE '') ORDER BY `sort` ASC [ RunTime:0.000243s ]
[2022-08-02T10:18:36+08:00][sql] SELECT * FROM `gxfc_link` WHERE  `parent` = 'MEMBER'  AND (`support_diy_view` LIKE '' OR `support_diy_view` LIKE '') ORDER BY `sort` ASC [ RunTime:0.000292s ]
[2022-08-02T10:18:36+08:00][sql] SELECT * FROM `gxfc_link` WHERE  `parent` = 'DISTRIBUTION'  AND (`support_diy_view` LIKE '' OR `support_diy_view` LIKE '') ORDER BY `sort` ASC [ RunTime:0.000270s ]
[2022-08-02T10:30:01+08:00][sql] CONNECT:[ UseTime:0.000249s ] mysql:host=localhost;port=3306;dbname=ls_chnssl_com;charset=utf8
[2022-08-02T10:30:01+08:00][sql] SHOW FULL COLUMNS FROM `gxfc_menu` [ RunTime:0.000933s ]
[2022-08-02T10:30:01+08:00][sql] SELECT `id`,`app_module`,`name`,`title`,`parent`,`level`,`url`,`is_show`,`sort`,`desc`,`picture`,`is_icon`,`picture_select`,`is_control`,`addon` FROM `gxfc_menu` WHERE  `url` = 'admin/Order/lists'  AND `app_module` = 'admin' ORDER BY `level` DESC LIMIT 1 [ RunTime:0.000347s ]
[2022-08-02T10:30:01+08:00][sql] SELECT `id`,`app_module`,`name`,`title`,`parent`,`level`,`url`,`is_show`,`sort`,`desc`,`picture`,`is_icon`,`picture_select`,`is_control`,`addon` FROM `gxfc_menu` WHERE  `name` = 'ORDER_EXPRESS'  AND `app_module` = 'admin' LIMIT 1 [ RunTime:0.000251s ]
[2022-08-02T10:30:01+08:00][sql] SELECT `id`,`app_module`,`name`,`title`,`parent`,`level`,`url`,`is_show`,`sort`,`desc`,`picture`,`is_icon`,`picture_select`,`is_control`,`addon` FROM `gxfc_menu` WHERE  `name` = 'ORDER_ROOT'  AND `app_module` = 'admin' LIMIT 1 [ RunTime:0.000237s ]
[2022-08-02T10:30:02+08:00][sql] CONNECT:[ UseTime:0.000463s ] mysql:host=localhost;port=3306;dbname=ls_chnssl_com;charset=utf8
[2022-08-02T10:30:02+08:00][sql] SHOW FULL COLUMNS FROM `gxfc_order` [ RunTime:0.001410s ]
[2022-08-02T10:30:02+08:00][sql] SELECT COUNT(*) AS think_count FROM `gxfc_order` `o` ORDER BY `o`.`create_time` DESC [ RunTime:0.000243s ]
[2022-08-02T10:30:02+08:00][sql] SELECT `o`.* FROM `gxfc_order` `o` ORDER BY `o`.`create_time` DESC LIMIT 0,10 [ RunTime:0.000526s ]
[2022-08-02T10:30:02+08:00][sql] SHOW FULL COLUMNS FROM `gxfc_order_goods` [ RunTime:0.000931s ]
[2022-08-02T10:30:02+08:00][sql] SELECT * FROM `gxfc_order_goods` WHERE  `order_id` = 564 [ RunTime:0.001331s ]
[2022-08-02T10:30:02+08:00][sql] SHOW FULL COLUMNS FROM `gxfc_member` [ RunTime:0.000911s ]
[2022-08-02T10:30:02+08:00][sql] SELECT `nickname` FROM `gxfc_member` WHERE  `member_id` = 8 LIMIT 1 [ RunTime:0.000178s ]
[2022-08-02T10:30:02+08:00][sql] SELECT * FROM `gxfc_order_goods` WHERE  `order_id` = 563 [ RunTime:0.001240s ]
[2022-08-02T10:30:02+08:00][sql] SELECT `nickname` FROM `gxfc_member` WHERE  `member_id` = 8 LIMIT 1 [ RunTime:0.000148s ]
[2022-08-02T10:30:02+08:00][sql] SELECT * FROM `gxfc_order_goods` WHERE  `order_id` = 562 [ RunTime:0.001246s ]
[2022-08-02T10:30:02+08:00][sql] SELECT `nickname` FROM `gxfc_member` WHERE  `member_id` = 8 LIMIT 1 [ RunTime:0.000157s ]
[2022-08-02T10:30:02+08:00][sql] SELECT * FROM `gxfc_order_goods` WHERE  `order_id` = 561 [ RunTime:0.001245s ]
[2022-08-02T10:30:02+08:00][sql] SELECT `nickname` FROM `gxfc_member` WHERE  `member_id` = 8 LIMIT 1 [ RunTime:0.000151s ]
[2022-08-02T10:30:02+08:00][sql] SELECT * FROM `gxfc_order_goods` WHERE  `order_id` = 560 [ RunTime:0.001226s ]
[2022-08-02T10:30:02+08:00][sql] SELECT `nickname` FROM `gxfc_member` WHERE  `member_id` = 5 LIMIT 1 [ RunTime:0.000149s ]
[2022-08-02T10:30:02+08:00][sql] SELECT * FROM `gxfc_order_goods` WHERE  `order_id` = 559 [ RunTime:0.001249s ]
[2022-08-02T10:30:02+08:00][sql] SELECT `nickname` FROM `gxfc_member` WHERE  `member_id` = 1 LIMIT 1 [ RunTime:0.000154s ]
[2022-08-02T10:30:02+08:00][sql] SELECT * FROM `gxfc_order_goods` WHERE  `order_id` = 558 [ RunTime:0.001306s ]
[2022-08-02T10:30:02+08:00][sql] SELECT `nickname` FROM `gxfc_member` WHERE  `member_id` = 5 LIMIT 1 [ RunTime:0.000168s ]
[2022-08-02T10:30:02+08:00][sql] SELECT * FROM `gxfc_order_goods` WHERE  `order_id` = 557 [ RunTime:0.001256s ]
[2022-08-02T10:30:02+08:00][sql] SELECT `nickname` FROM `gxfc_member` WHERE  `member_id` = 30 LIMIT 1 [ RunTime:0.000154s ]
[2022-08-02T10:30:02+08:00][sql] SELECT * FROM `gxfc_order_goods` WHERE  `order_id` = 556 [ RunTime:0.001232s ]
[2022-08-02T10:30:02+08:00][sql] SELECT `nickname` FROM `gxfc_member` WHERE  `member_id` = 5 LIMIT 1 [ RunTime:0.000144s ]
[2022-08-02T10:30:02+08:00][sql] SELECT * FROM `gxfc_order_goods` WHERE  `order_id` = 555 [ RunTime:0.001210s ]
[2022-08-02T10:30:02+08:00][sql] SELECT `nickname` FROM `gxfc_member` WHERE  `member_id` = 8 LIMIT 1 [ RunTime:0.000145s ]
