[2022-08-22T17:08:19+08:00][sql] CONNECT:[ UseTime:0.000338s ] mysql:host=127.0.0.1;port=3306;dbname=ls_ssl_com;charset=utf8
[2022-08-22T17:08:19+08:00][sql] SELECT `uid`,`app_module`,`app_group`,`is_admin`,`site_id`,`group_id`,`group_name`,`username`,`password`,`member_id`,`create_time`,`update_time`,`status`,`login_time`,`login_ip` FROM `gxfc_user` WHERE  `username` = 'admin'  AND `app_module` = 'admin' LIMIT 1 [ RunTime:0.000450s ]
[2022-08-22T17:08:19+08:00][sql] UPDATE `gxfc_user`  SET `login_time` = 1661159299 , `login_ip` = '27.17.247.69'  WHERE  `uid` = 1 [ RunTime:0.004537s ]
[2022-08-22T17:08:19+08:00][sql] INSERT INTO `gxfc_user_log` SET `uid` = 1 , `username` = 'admin' , `site_id` = 0 , `url` = 'admin/Login/login' , `ip` = '27.17.247.69' , `data` = '[]' , `action_name` = '用户登录' , `create_time` = 1661159299 [ RunTime:0.011270s ]
[2022-08-22T17:08:20+08:00][sql] CONNECT:[ UseTime:0.000331s ] mysql:host=127.0.0.1;port=3306;dbname=ls_ssl_com;charset=utf8
[2022-08-22T17:08:20+08:00][sql] SELECT `id`,`app_module`,`name`,`title`,`parent`,`level`,`url`,`is_show`,`sort`,`desc`,`picture`,`is_icon`,`picture_select`,`is_control`,`addon` FROM `gxfc_menu` WHERE  `url` = 'admin/Index/index'  AND `app_module` = 'admin' ORDER BY `level` DESC LIMIT 1 [ RunTime:0.000471s ]
[2022-08-22T17:08:20+08:00][sql] SELECT `id`,`app_module`,`name`,`title`,`parent`,`level`,`url`,`is_show`,`sort`,`desc`,`picture`,`is_icon`,`picture_select`,`is_control`,`addon` FROM `gxfc_menu` WHERE  `name` = 'INDEX_ROOT'  AND `app_module` = 'admin' LIMIT 1 [ RunTime:0.000311s ]
[2022-08-22T17:08:20+08:00][sql] SELECT `title`,`logo`,`desc`,`keywords`,`web_status`,`close_reason` FROM `gxfc_website` WHERE  `site_id` = 0 LIMIT 1 [ RunTime:0.000277s ]
[2022-08-22T17:08:20+08:00][sql] SELECT `id`,`site_id`,`year`,`month`,`day`,`order_total`,`shipping_total`,`refund_total`,`order_pay_count`,`goods_pay_count`,`shop_money`,`platform_money`,`create_time`,`modify_time`,`collect_shop`,`collect_goods`,`visit_count`,`order_count`,`goods_count`,`add_goods_count`,`day_time`,`member_count` FROM `gxfc_stat_shop` WHERE  `site_id` = 0  AND `year` = 2022  AND `month` = 8  AND `day` = 22 LIMIT 1 [ RunTime:0.000403s ]
[2022-08-22T17:08:20+08:00][sql] INSERT INTO `gxfc_stat_shop` SET `site_id` = 0 , `year` = 2022 , `month` = 8 , `day` = 22 , `day_time` = 1661097600 [ RunTime:0.007270s ]
[2022-08-22T17:08:20+08:00][sql] SELECT `id`,`site_id`,`year`,`month`,`day`,`order_total`,`shipping_total`,`refund_total`,`order_pay_count`,`goods_pay_count`,`shop_money`,`platform_money`,`create_time`,`modify_time`,`collect_shop`,`collect_goods`,`visit_count`,`order_count`,`goods_count`,`add_goods_count`,`day_time`,`member_count` FROM `gxfc_stat_shop` WHERE  `site_id` = 0  AND `year` = 2022  AND `month` = 8  AND `day` = 22  AND `day_time` = 1661097600 LIMIT 1 [ RunTime:0.000328s ]
[2022-08-22T17:08:20+08:00][sql] SELECT `id`,`site_id`,`year`,`month`,`day`,`order_total`,`shipping_total`,`refund_total`,`order_pay_count`,`goods_pay_count`,`shop_money`,`platform_money`,`create_time`,`modify_time`,`collect_shop`,`collect_goods`,`visit_count`,`order_count`,`goods_count`,`add_goods_count`,`day_time`,`member_count` FROM `gxfc_stat_shop` WHERE  `site_id` = 0  AND `year` = 2022  AND `month` = 8  AND `day` = 22 LIMIT 1 [ RunTime:0.000319s ]
[2022-08-22T17:08:20+08:00][sql] SELECT `id`,`site_id`,`year`,`month`,`day`,`order_total`,`shipping_total`,`refund_total`,`order_pay_count`,`goods_pay_count`,`shop_money`,`platform_money`,`create_time`,`modify_time`,`collect_shop`,`collect_goods`,`visit_count`,`order_count`,`goods_count`,`add_goods_count`,`day_time`,`member_count` FROM `gxfc_stat_shop` WHERE  `site_id` = 0  AND `year` = 2022  AND `month` = 8  AND `day` = 21 LIMIT 1 [ RunTime:0.000259s ]
[2022-08-22T17:08:20+08:00][sql] INSERT INTO `gxfc_stat_shop` SET `site_id` = 0 , `year` = 2022 , `month` = 8 , `day` = 21 , `day_time` = 1661097600 [ RunTime:0.003204s ]
[2022-08-22T17:08:20+08:00][sql] SELECT `id`,`site_id`,`year`,`month`,`day`,`order_total`,`shipping_total`,`refund_total`,`order_pay_count`,`goods_pay_count`,`shop_money`,`platform_money`,`create_time`,`modify_time`,`collect_shop`,`collect_goods`,`visit_count`,`order_count`,`goods_count`,`add_goods_count`,`day_time`,`member_count` FROM `gxfc_stat_shop` WHERE  `site_id` = 0  AND `year` = 2022  AND `month` = 8  AND `day` = 21  AND `day_time` = 1661097600 LIMIT 1 [ RunTime:0.000339s ]
[2022-08-22T17:08:20+08:00][sql] SELECT `id`,`site_id`,`year`,`month`,`day`,`order_total`,`shipping_total`,`refund_total`,`order_pay_count`,`goods_pay_count`,`shop_money`,`platform_money`,`create_time`,`modify_time`,`collect_shop`,`collect_goods`,`visit_count`,`order_count`,`goods_count`,`add_goods_count`,`day_time`,`member_count` FROM `gxfc_stat_shop` WHERE  `site_id` = 0  AND `year` = 2022  AND `month` = 08  AND `day` = 13 LIMIT 1 [ RunTime:0.000279s ]
[2022-08-22T17:08:20+08:00][sql] SELECT `id`,`site_id`,`year`,`month`,`day`,`order_total`,`shipping_total`,`refund_total`,`order_pay_count`,`goods_pay_count`,`shop_money`,`platform_money`,`create_time`,`modify_time`,`collect_shop`,`collect_goods`,`visit_count`,`order_count`,`goods_count`,`add_goods_count`,`day_time`,`member_count` FROM `gxfc_stat_shop` WHERE  `site_id` = 0  AND `year` = 2022  AND `month` = 08  AND `day` = 14 LIMIT 1 [ RunTime:0.000288s ]
[2022-08-22T17:08:20+08:00][sql] SELECT `id`,`site_id`,`year`,`month`,`day`,`order_total`,`shipping_total`,`refund_total`,`order_pay_count`,`goods_pay_count`,`shop_money`,`platform_money`,`create_time`,`modify_time`,`collect_shop`,`collect_goods`,`visit_count`,`order_count`,`goods_count`,`add_goods_count`,`day_time`,`member_count` FROM `gxfc_stat_shop` WHERE  `site_id` = 0  AND `year` = 2022  AND `month` = 08  AND `day` = 15 LIMIT 1 [ RunTime:0.000336s ]
[2022-08-22T17:08:20+08:00][sql] SELECT `id`,`site_id`,`year`,`month`,`day`,`order_total`,`shipping_total`,`refund_total`,`order_pay_count`,`goods_pay_count`,`shop_money`,`platform_money`,`create_time`,`modify_time`,`collect_shop`,`collect_goods`,`visit_count`,`order_count`,`goods_count`,`add_goods_count`,`day_time`,`member_count` FROM `gxfc_stat_shop` WHERE  `site_id` = 0  AND `year` = 2022  AND `month` = 08  AND `day` = 16 LIMIT 1 [ RunTime:0.000318s ]
[2022-08-22T17:08:20+08:00][sql] SELECT `id`,`site_id`,`year`,`month`,`day`,`order_total`,`shipping_total`,`refund_total`,`order_pay_count`,`goods_pay_count`,`shop_money`,`platform_money`,`create_time`,`modify_time`,`collect_shop`,`collect_goods`,`visit_count`,`order_count`,`goods_count`,`add_goods_count`,`day_time`,`member_count` FROM `gxfc_stat_shop` WHERE  `site_id` = 0  AND `year` = 2022  AND `month` = 08  AND `day` = 17 LIMIT 1 [ RunTime:0.000315s ]
[2022-08-22T17:08:20+08:00][sql] SELECT `id`,`site_id`,`year`,`month`,`day`,`order_total`,`shipping_total`,`refund_total`,`order_pay_count`,`goods_pay_count`,`shop_money`,`platform_money`,`create_time`,`modify_time`,`collect_shop`,`collect_goods`,`visit_count`,`order_count`,`goods_count`,`add_goods_count`,`day_time`,`member_count` FROM `gxfc_stat_shop` WHERE  `site_id` = 0  AND `year` = 2022  AND `month` = 08  AND `day` = 18 LIMIT 1 [ RunTime:0.000292s ]
[2022-08-22T17:08:20+08:00][sql] SELECT `id`,`site_id`,`year`,`month`,`day`,`order_total`,`shipping_total`,`refund_total`,`order_pay_count`,`goods_pay_count`,`shop_money`,`platform_money`,`create_time`,`modify_time`,`collect_shop`,`collect_goods`,`visit_count`,`order_count`,`goods_count`,`add_goods_count`,`day_time`,`member_count` FROM `gxfc_stat_shop` WHERE  `site_id` = 0  AND `year` = 2022  AND `month` = 08  AND `day` = 19 LIMIT 1 [ RunTime:0.000325s ]
[2022-08-22T17:08:20+08:00][sql] SELECT `id`,`site_id`,`year`,`month`,`day`,`order_total`,`shipping_total`,`refund_total`,`order_pay_count`,`goods_pay_count`,`shop_money`,`platform_money`,`create_time`,`modify_time`,`collect_shop`,`collect_goods`,`visit_count`,`order_count`,`goods_count`,`add_goods_count`,`day_time`,`member_count` FROM `gxfc_stat_shop` WHERE  `site_id` = 0  AND `year` = 2022  AND `month` = 08  AND `day` = 20 LIMIT 1 [ RunTime:0.000276s ]
[2022-08-22T17:08:20+08:00][sql] INSERT INTO `gxfc_stat_shop` SET `site_id` = 0 , `year` = 2022 , `month` = 08 , `day` = 20 , `day_time` = 1661097600 [ RunTime:0.004633s ]
[2022-08-22T17:08:20+08:00][sql] SELECT `id`,`site_id`,`year`,`month`,`day`,`order_total`,`shipping_total`,`refund_total`,`order_pay_count`,`goods_pay_count`,`shop_money`,`platform_money`,`create_time`,`modify_time`,`collect_shop`,`collect_goods`,`visit_count`,`order_count`,`goods_count`,`add_goods_count`,`day_time`,`member_count` FROM `gxfc_stat_shop` WHERE  `site_id` = 0  AND `year` = 2022  AND `month` = 08  AND `day` = 20  AND `day_time` = 1661097600 LIMIT 1 [ RunTime:0.000286s ]
[2022-08-22T17:08:20+08:00][sql] SELECT `id`,`site_id`,`year`,`month`,`day`,`order_total`,`shipping_total`,`refund_total`,`order_pay_count`,`goods_pay_count`,`shop_money`,`platform_money`,`create_time`,`modify_time`,`collect_shop`,`collect_goods`,`visit_count`,`order_count`,`goods_count`,`add_goods_count`,`day_time`,`member_count` FROM `gxfc_stat_shop` WHERE  `site_id` = 0  AND `year` = 2022  AND `month` = 08  AND `day` = 21 LIMIT 1 [ RunTime:0.000291s ]
[2022-08-22T17:08:20+08:00][sql] SELECT `id`,`site_id`,`year`,`month`,`day`,`order_total`,`shipping_total`,`refund_total`,`order_pay_count`,`goods_pay_count`,`shop_money`,`platform_money`,`create_time`,`modify_time`,`collect_shop`,`collect_goods`,`visit_count`,`order_count`,`goods_count`,`add_goods_count`,`day_time`,`member_count` FROM `gxfc_stat_shop` WHERE  `site_id` = 0  AND `year` = 2022  AND `month` = 08  AND `day` = 22 LIMIT 1 [ RunTime:0.000322s ]
[2022-08-22T17:08:20+08:00][sql] SELECT COUNT(*) AS think_count FROM `gxfc_order` WHERE  `order_status` = 0  AND `is_delete` = 0 [ RunTime:0.000235s ]
[2022-08-22T17:08:20+08:00][sql] SELECT COUNT(*) AS think_count FROM `gxfc_order` WHERE  `order_status` = 1  AND `is_delete` = 0 [ RunTime:0.000227s ]
[2022-08-22T17:08:20+08:00][sql] SELECT COUNT(*) AS think_count FROM `gxfc_order_goods` WHERE  `refund_status` NOT IN (0,3) [ RunTime:0.000223s ]
[2022-08-22T17:08:20+08:00][sql] SELECT COUNT(*) AS think_count FROM `gxfc_goods` WHERE  `goods_state` = 1  AND `is_delete` = 0 [ RunTime:0.000223s ]
[2022-08-22T17:08:20+08:00][sql] SELECT COUNT(*) AS think_count FROM `gxfc_goods` WHERE  `goods_state` = 0  AND `is_delete` = 0 [ RunTime:0.000236s ]
[2022-08-22T17:08:20+08:00][sql] SELECT COUNT(`id`) AS think_count FROM `gxfc_fenxiao_withdraw` WHERE  `status` = 1 [ RunTime:0.000202s ]
[2022-08-22T17:08:20+08:00][sql] SELECT COUNT(`apply_id`) AS think_count FROM `gxfc_fenxiao_apply` WHERE  `status` = 1 [ RunTime:0.000203s ]
[2022-08-22T17:08:20+08:00][sql] SELECT COUNT(*) AS think_count FROM `gxfc_order_complain` WHERE  `complain_status` = 1 [ RunTime:0.000220s ]
[2022-08-22T17:08:20+08:00][sql] SELECT SUM(`order_money`) AS think_sum FROM `gxfc_order` [ RunTime:0.000195s ]
[2022-08-22T17:08:20+08:00][sql] SELECT COUNT(*) AS think_count FROM `gxfc_member` [ RunTime:0.000176s ]
[2022-08-22T17:08:20+08:00][sql] SELECT COUNT(*) AS think_count FROM `gxfc_shop_apply` WHERE  `create_time` BETWEEN 1661097600 AND 1661183999 [ RunTime:0.000209s ]
[2022-08-22T17:08:20+08:00][sql] SELECT COUNT(*) AS think_count FROM `gxfc_shop_apply` WHERE  `create_time` BETWEEN 1661011200 AND 1661097599 [ RunTime:0.000210s ]
[2022-08-22T17:08:20+08:00][sql] SELECT COUNT(*) AS think_count FROM `gxfc_shop` WHERE  `create_time` BETWEEN 1661097600 AND 1661183999 [ RunTime:0.000231s ]
[2022-08-22T17:08:20+08:00][sql] SELECT COUNT(*) AS think_count FROM `gxfc_shop` [ RunTime:0.000168s ]
[2022-08-22T17:08:20+08:00][sql] SELECT COUNT(*) AS think_count FROM `gxfc_goods` [ RunTime:0.000165s ]
[2022-08-22T17:08:40+08:00][sql] CONNECT:[ UseTime:0.000353s ] mysql:host=127.0.0.1;port=3306;dbname=ls_ssl_com;charset=utf8
[2022-08-22T17:08:40+08:00][sql] SELECT `name`,`title` FROM `gxfc_addon` WHERE  `name` = '' LIMIT 1 [ RunTime:0.000296s ]
[2022-08-22T17:09:01+08:00][sql] CONNECT:[ UseTime:0.000358s ] mysql:host=127.0.0.1;port=3306;dbname=ls_ssl_com;charset=utf8
[2022-08-22T17:09:01+08:00][sql] SELECT `id`,`app_module`,`name`,`title`,`parent`,`level`,`url`,`is_show`,`sort`,`desc`,`picture`,`is_icon`,`picture_select`,`is_control`,`addon` FROM `gxfc_menu` WHERE  `url` = 'admin/Promotion/platform'  AND `app_module` = 'admin' ORDER BY `level` DESC LIMIT 1 [ RunTime:0.000509s ]
[2022-08-22T17:09:01+08:00][sql] SELECT `id`,`app_module`,`name`,`title`,`parent`,`level`,`url`,`is_show`,`sort`,`desc`,`picture`,`is_icon`,`picture_select`,`is_control`,`addon` FROM `gxfc_menu` WHERE  `name` = 'PROMOTION_PLATFORM'  AND `app_module` = 'admin' LIMIT 1 [ RunTime:0.000357s ]
[2022-08-22T17:09:01+08:00][sql] SELECT `name`,`title` FROM `gxfc_addon` WHERE  `name` = '' LIMIT 1 [ RunTime:0.000446s ]
[2022-08-22T17:09:02+08:00][sql] CONNECT:[ UseTime:0.000417s ] mysql:host=127.0.0.1;port=3306;dbname=ls_ssl_com;charset=utf8
[2022-08-22T17:09:02+08:00][sql] SELECT `id`,`app_module`,`name`,`title`,`parent`,`level`,`url`,`is_show`,`sort`,`desc`,`picture`,`is_icon`,`picture_select`,`is_control`,`addon` FROM `gxfc_menu` WHERE  `url` = 'admin/Promotion/shop'  AND `app_module` = 'admin' ORDER BY `level` DESC LIMIT 1 [ RunTime:0.000496s ]
[2022-08-22T17:09:02+08:00][sql] SELECT `name`,`title` FROM `gxfc_addon` WHERE  `name` = '' LIMIT 1 [ RunTime:0.000276s ]
[2022-08-22T17:09:11+08:00][sql] CONNECT:[ UseTime:0.000381s ] mysql:host=127.0.0.1;port=3306;dbname=ls_ssl_com;charset=utf8
[2022-08-22T17:09:11+08:00][sql] SELECT `name`,`title` FROM `gxfc_addon` WHERE  `name` = '' LIMIT 1 [ RunTime:0.000336s ]
[2022-08-22T17:09:12+08:00][sql] CONNECT:[ UseTime:0.000347s ] mysql:host=127.0.0.1;port=3306;dbname=ls_ssl_com;charset=utf8
[2022-08-22T17:09:12+08:00][sql] SELECT `name`,`title` FROM `gxfc_addon` WHERE  `name` = '' LIMIT 1 [ RunTime:0.000283s ]
[2022-08-22T17:09:17+08:00][sql] CONNECT:[ UseTime:0.000363s ] mysql:host=127.0.0.1;port=3306;dbname=ls_ssl_com;charset=utf8
[2022-08-22T17:09:17+08:00][sql] SELECT `name`,`title` FROM `gxfc_addon` WHERE  `name` = '' LIMIT 1 [ RunTime:0.000356s ]
[2022-08-22T17:23:56+08:00][sql] CONNECT:[ UseTime:0.000341s ] mysql:host=127.0.0.1;port=3306;dbname=ls_ssl_com;charset=utf8
[2022-08-22T17:23:56+08:00][sql] SELECT `uid`,`app_module`,`app_group`,`is_admin`,`site_id`,`group_id`,`group_name`,`username`,`password`,`member_id`,`create_time`,`update_time`,`status`,`login_time`,`login_ip` FROM `gxfc_user` WHERE  `username` = 'admin'  AND `app_module` = 'admin' LIMIT 1 [ RunTime:0.000435s ]
[2022-08-22T17:23:56+08:00][sql] UPDATE `gxfc_user`  SET `login_time` = 1661160236 , `login_ip` = '117.154.82.87'  WHERE  `uid` = 1 [ RunTime:0.005169s ]
[2022-08-22T17:23:56+08:00][sql] INSERT INTO `gxfc_user_log` SET `uid` = 1 , `username` = 'admin' , `site_id` = 0 , `url` = 'admin/Login/login' , `ip` = '117.154.82.87' , `data` = '[]' , `action_name` = '用户登录' , `create_time` = 1661160236 [ RunTime:0.011492s ]
[2022-08-22T17:23:57+08:00][sql] CONNECT:[ UseTime:0.000404s ] mysql:host=127.0.0.1;port=3306;dbname=ls_ssl_com;charset=utf8
[2022-08-22T17:23:57+08:00][sql] SELECT `id`,`site_id`,`year`,`month`,`day`,`order_total`,`shipping_total`,`refund_total`,`order_pay_count`,`goods_pay_count`,`shop_money`,`platform_money`,`create_time`,`modify_time`,`collect_shop`,`collect_goods`,`visit_count`,`order_count`,`goods_count`,`add_goods_count`,`day_time`,`member_count` FROM `gxfc_stat_shop` WHERE  `site_id` = 0  AND `year` = 2022  AND `month` = 8  AND `day` = 22 LIMIT 1 [ RunTime:0.000412s ]
[2022-08-22T17:23:57+08:00][sql] SELECT `id`,`site_id`,`year`,`month`,`day`,`order_total`,`shipping_total`,`refund_total`,`order_pay_count`,`goods_pay_count`,`shop_money`,`platform_money`,`create_time`,`modify_time`,`collect_shop`,`collect_goods`,`visit_count`,`order_count`,`goods_count`,`add_goods_count`,`day_time`,`member_count` FROM `gxfc_stat_shop` WHERE  `site_id` = 0  AND `year` = 2022  AND `month` = 8  AND `day` = 22 LIMIT 1 [ RunTime:0.000323s ]
[2022-08-22T17:23:57+08:00][sql] SELECT `id`,`site_id`,`year`,`month`,`day`,`order_total`,`shipping_total`,`refund_total`,`order_pay_count`,`goods_pay_count`,`shop_money`,`platform_money`,`create_time`,`modify_time`,`collect_shop`,`collect_goods`,`visit_count`,`order_count`,`goods_count`,`add_goods_count`,`day_time`,`member_count` FROM `gxfc_stat_shop` WHERE  `site_id` = 0  AND `year` = 2022  AND `month` = 8  AND `day` = 21 LIMIT 1 [ RunTime:0.000346s ]
[2022-08-22T17:23:57+08:00][sql] SELECT `id`,`site_id`,`year`,`month`,`day`,`order_total`,`shipping_total`,`refund_total`,`order_pay_count`,`goods_pay_count`,`shop_money`,`platform_money`,`create_time`,`modify_time`,`collect_shop`,`collect_goods`,`visit_count`,`order_count`,`goods_count`,`add_goods_count`,`day_time`,`member_count` FROM `gxfc_stat_shop` WHERE  `site_id` = 0  AND `year` = 2022  AND `month` = 08  AND `day` = 13 LIMIT 1 [ RunTime:0.000323s ]
[2022-08-22T17:23:57+08:00][sql] SELECT `id`,`site_id`,`year`,`month`,`day`,`order_total`,`shipping_total`,`refund_total`,`order_pay_count`,`goods_pay_count`,`shop_money`,`platform_money`,`create_time`,`modify_time`,`collect_shop`,`collect_goods`,`visit_count`,`order_count`,`goods_count`,`add_goods_count`,`day_time`,`member_count` FROM `gxfc_stat_shop` WHERE  `site_id` = 0  AND `year` = 2022  AND `month` = 08  AND `day` = 14 LIMIT 1 [ RunTime:0.000308s ]
[2022-08-22T17:23:57+08:00][sql] SELECT `id`,`site_id`,`year`,`month`,`day`,`order_total`,`shipping_total`,`refund_total`,`order_pay_count`,`goods_pay_count`,`shop_money`,`platform_money`,`create_time`,`modify_time`,`collect_shop`,`collect_goods`,`visit_count`,`order_count`,`goods_count`,`add_goods_count`,`day_time`,`member_count` FROM `gxfc_stat_shop` WHERE  `site_id` = 0  AND `year` = 2022  AND `month` = 08  AND `day` = 15 LIMIT 1 [ RunTime:0.000319s ]
[2022-08-22T17:23:57+08:00][sql] SELECT `id`,`site_id`,`year`,`month`,`day`,`order_total`,`shipping_total`,`refund_total`,`order_pay_count`,`goods_pay_count`,`shop_money`,`platform_money`,`create_time`,`modify_time`,`collect_shop`,`collect_goods`,`visit_count`,`order_count`,`goods_count`,`add_goods_count`,`day_time`,`member_count` FROM `gxfc_stat_shop` WHERE  `site_id` = 0  AND `year` = 2022  AND `month` = 08  AND `day` = 16 LIMIT 1 [ RunTime:0.000315s ]
[2022-08-22T17:23:57+08:00][sql] SELECT `id`,`site_id`,`year`,`month`,`day`,`order_total`,`shipping_total`,`refund_total`,`order_pay_count`,`goods_pay_count`,`shop_money`,`platform_money`,`create_time`,`modify_time`,`collect_shop`,`collect_goods`,`visit_count`,`order_count`,`goods_count`,`add_goods_count`,`day_time`,`member_count` FROM `gxfc_stat_shop` WHERE  `site_id` = 0  AND `year` = 2022  AND `month` = 08  AND `day` = 17 LIMIT 1 [ RunTime:0.000354s ]
[2022-08-22T17:23:57+08:00][sql] SELECT `id`,`site_id`,`year`,`month`,`day`,`order_total`,`shipping_total`,`refund_total`,`order_pay_count`,`goods_pay_count`,`shop_money`,`platform_money`,`create_time`,`modify_time`,`collect_shop`,`collect_goods`,`visit_count`,`order_count`,`goods_count`,`add_goods_count`,`day_time`,`member_count` FROM `gxfc_stat_shop` WHERE  `site_id` = 0  AND `year` = 2022  AND `month` = 08  AND `day` = 18 LIMIT 1 [ RunTime:0.000295s ]
[2022-08-22T17:23:57+08:00][sql] SELECT `id`,`site_id`,`year`,`month`,`day`,`order_total`,`shipping_total`,`refund_total`,`order_pay_count`,`goods_pay_count`,`shop_money`,`platform_money`,`create_time`,`modify_time`,`collect_shop`,`collect_goods`,`visit_count`,`order_count`,`goods_count`,`add_goods_count`,`day_time`,`member_count` FROM `gxfc_stat_shop` WHERE  `site_id` = 0  AND `year` = 2022  AND `month` = 08  AND `day` = 19 LIMIT 1 [ RunTime:0.000316s ]
[2022-08-22T17:23:57+08:00][sql] SELECT `id`,`site_id`,`year`,`month`,`day`,`order_total`,`shipping_total`,`refund_total`,`order_pay_count`,`goods_pay_count`,`shop_money`,`platform_money`,`create_time`,`modify_time`,`collect_shop`,`collect_goods`,`visit_count`,`order_count`,`goods_count`,`add_goods_count`,`day_time`,`member_count` FROM `gxfc_stat_shop` WHERE  `site_id` = 0  AND `year` = 2022  AND `month` = 08  AND `day` = 20 LIMIT 1 [ RunTime:0.000321s ]
[2022-08-22T17:23:57+08:00][sql] SELECT `id`,`site_id`,`year`,`month`,`day`,`order_total`,`shipping_total`,`refund_total`,`order_pay_count`,`goods_pay_count`,`shop_money`,`platform_money`,`create_time`,`modify_time`,`collect_shop`,`collect_goods`,`visit_count`,`order_count`,`goods_count`,`add_goods_count`,`day_time`,`member_count` FROM `gxfc_stat_shop` WHERE  `site_id` = 0  AND `year` = 2022  AND `month` = 08  AND `day` = 21 LIMIT 1 [ RunTime:0.000306s ]
[2022-08-22T17:23:57+08:00][sql] SELECT `id`,`site_id`,`year`,`month`,`day`,`order_total`,`shipping_total`,`refund_total`,`order_pay_count`,`goods_pay_count`,`shop_money`,`platform_money`,`create_time`,`modify_time`,`collect_shop`,`collect_goods`,`visit_count`,`order_count`,`goods_count`,`add_goods_count`,`day_time`,`member_count` FROM `gxfc_stat_shop` WHERE  `site_id` = 0  AND `year` = 2022  AND `month` = 08  AND `day` = 22 LIMIT 1 [ RunTime:0.000327s ]
[2022-08-22T17:23:57+08:00][sql] SELECT COUNT(*) AS think_count FROM `gxfc_order` WHERE  `order_status` = 0  AND `is_delete` = 0 [ RunTime:0.000257s ]
[2022-08-22T17:23:57+08:00][sql] SELECT COUNT(*) AS think_count FROM `gxfc_order` WHERE  `order_status` = 1  AND `is_delete` = 0 [ RunTime:0.000227s ]
[2022-08-22T17:23:57+08:00][sql] SELECT COUNT(*) AS think_count FROM `gxfc_order_goods` WHERE  `refund_status` NOT IN (0,3) [ RunTime:0.000216s ]
[2022-08-22T17:23:57+08:00][sql] SELECT COUNT(*) AS think_count FROM `gxfc_goods` WHERE  `goods_state` = 1  AND `is_delete` = 0 [ RunTime:0.000227s ]
[2022-08-22T17:23:57+08:00][sql] SELECT COUNT(*) AS think_count FROM `gxfc_goods` WHERE  `goods_state` = 0  AND `is_delete` = 0 [ RunTime:0.000217s ]
[2022-08-22T17:23:57+08:00][sql] SELECT COUNT(`id`) AS think_count FROM `gxfc_fenxiao_withdraw` WHERE  `status` = 1 [ RunTime:0.000259s ]
[2022-08-22T17:23:57+08:00][sql] SELECT COUNT(`apply_id`) AS think_count FROM `gxfc_fenxiao_apply` WHERE  `status` = 1 [ RunTime:0.000216s ]
[2022-08-22T17:23:57+08:00][sql] SELECT COUNT(*) AS think_count FROM `gxfc_order_complain` WHERE  `complain_status` = 1 [ RunTime:0.000234s ]
[2022-08-22T17:23:57+08:00][sql] SELECT SUM(`order_money`) AS think_sum FROM `gxfc_order` [ RunTime:0.000192s ]
[2022-08-22T17:23:57+08:00][sql] SELECT COUNT(*) AS think_count FROM `gxfc_member` [ RunTime:0.000187s ]
[2022-08-22T17:23:57+08:00][sql] SELECT COUNT(*) AS think_count FROM `gxfc_shop_apply` WHERE  `create_time` BETWEEN 1661097600 AND 1661183999 [ RunTime:0.000212s ]
[2022-08-22T17:23:57+08:00][sql] SELECT COUNT(*) AS think_count FROM `gxfc_shop_apply` WHERE  `create_time` BETWEEN 1661011200 AND 1661097599 [ RunTime:0.000191s ]
[2022-08-22T17:23:57+08:00][sql] SELECT COUNT(*) AS think_count FROM `gxfc_shop` WHERE  `create_time` BETWEEN 1661097600 AND 1661183999 [ RunTime:0.000222s ]
[2022-08-22T17:23:57+08:00][sql] SELECT COUNT(*) AS think_count FROM `gxfc_shop` [ RunTime:0.000178s ]
[2022-08-22T17:23:57+08:00][sql] SELECT COUNT(*) AS think_count FROM `gxfc_goods` [ RunTime:0.000164s ]
[2022-08-22T17:23:59+08:00][sql] CONNECT:[ UseTime:0.000371s ] mysql:host=127.0.0.1;port=3306;dbname=ls_ssl_com;charset=utf8
[2022-08-22T17:23:59+08:00][sql] SELECT `group_id` FROM `gxfc_shop` WHERE  `site_id` = 0 LIMIT 1 [ RunTime:0.000331s ]
[2022-08-22T17:23:59+08:00][sql] SELECT `addon_array` FROM `gxfc_shop_group` WHERE  `group_id` IS NULL LIMIT 1 [ RunTime:0.000237s ]
[2022-08-22T17:23:59+08:00][sql] SELECT `id`,`name`,`title`,`type`,`controller`,`value`,`addon_name`,`support_diy_view`,`max_count`,`is_delete`,`icon`,`icon_selected` FROM `gxfc_diy_view_util` WHERE  (`support_diy_view` LIKE 'DIY_VIEW_INDEX' OR `support_diy_view` LIKE '%DIY_VIEW_INDEX,%' OR `support_diy_view` LIKE '%DIY_VIEW_INDEX' OR `support_diy_view` LIKE '%,DIY_VIEW_INDEX,%' OR `support_diy_view` LIKE '') ORDER BY `sort` ASC [ RunTime:0.000418s ]
[2022-08-22T17:23:59+08:00][sql] SELECT `site_id`,`name` FROM `gxfc_site_diy_view` WHERE  `site_id` = 0  AND `name` = 'DIY_VIEW_INDEX' LIMIT 1 [ RunTime:0.000247s ]
[2022-08-22T17:23:59+08:00][sql] SELECT `sdv`.`id`,`sdv`.`site_id`,`sdv`.`name`,`sdv`.`title`,`sdv`.`value`,`sdv`.`type`,`dvt`.`addon_name` FROM `gxfc_site_diy_view` `sdv` LEFT JOIN `gxfc_diy_view_temp` `dvt` ON `sdv`.`name`=`dvt`.`name` WHERE  `sdv`.`site_id` = 0  AND `sdv`.`name` = 'DIY_VIEW_INDEX' LIMIT 1 [ RunTime:0.000485s ]
[2022-08-22T17:24:00+08:00][sql] CONNECT:[ UseTime:0.000311s ] mysql:host=127.0.0.1;port=3306;dbname=ls_ssl_com;charset=utf8
[2022-08-22T17:24:00+08:00][sql] SELECT `group_id` FROM `gxfc_shop` WHERE  `site_id` = 0 LIMIT 1 [ RunTime:0.000306s ]
[2022-08-22T17:24:00+08:00][sql] SELECT `addon_array` FROM `gxfc_shop_group` WHERE  `group_id` IS NULL LIMIT 1 [ RunTime:0.000190s ]
[2022-08-22T17:24:00+08:00][sql] SELECT `id`,`name`,`title`,`type`,`controller`,`value`,`addon_name`,`support_diy_view`,`max_count`,`is_delete`,`icon`,`icon_selected` FROM `gxfc_diy_view_util` WHERE  (`support_diy_view` LIKE 'DIY_VIEW_INDEX' OR `support_diy_view` LIKE '%DIY_VIEW_INDEX,%' OR `support_diy_view` LIKE '%DIY_VIEW_INDEX' OR `support_diy_view` LIKE '%,DIY_VIEW_INDEX,%' OR `support_diy_view` LIKE '') ORDER BY `sort` ASC [ RunTime:0.000451s ]
[2022-08-22T17:24:00+08:00][sql] SELECT `site_id`,`name` FROM `gxfc_site_diy_view` WHERE  `site_id` = 0  AND `name` = 'DIY_VIEW_INDEX' LIMIT 1 [ RunTime:0.000270s ]
[2022-08-22T17:24:00+08:00][sql] SELECT `sdv`.`id`,`sdv`.`site_id`,`sdv`.`name`,`sdv`.`title`,`sdv`.`value`,`sdv`.`type`,`dvt`.`addon_name` FROM `gxfc_site_diy_view` `sdv` LEFT JOIN `gxfc_diy_view_temp` `dvt` ON `sdv`.`name`=`dvt`.`name` WHERE  `sdv`.`site_id` = 0  AND `sdv`.`name` = 'DIY_VIEW_INDEX' LIMIT 1 [ RunTime:0.000483s ]
[2022-08-22T17:24:04+08:00][sql] CONNECT:[ UseTime:0.000366s ] mysql:host=127.0.0.1;port=3306;dbname=ls_ssl_com;charset=utf8
[2022-08-22T17:24:04+08:00][sql] SELECT * FROM `gxfc_website` WHERE  `site_id` = 0 LIMIT 1 [ RunTime:0.000476s ]
[2022-08-22T17:24:11+08:00][sql] CONNECT:[ UseTime:0.000390s ] mysql:host=127.0.0.1;port=3306;dbname=ls_ssl_com;charset=utf8
[2022-08-22T17:24:11+08:00][sql] SELECT `id`,`app_module`,`name`,`title`,`parent`,`level`,`url`,`is_show`,`sort`,`desc`,`picture`,`is_icon`,`picture_select`,`is_control`,`addon` FROM `gxfc_menu` WHERE  `url` = 'admin/Member/regconfig'  AND `app_module` = 'admin' ORDER BY `level` DESC LIMIT 1 [ RunTime:0.000516s ]
[2022-08-22T17:24:11+08:00][sql] SELECT `id`,`app_module`,`name`,`title`,`parent`,`level`,`url`,`is_show`,`sort`,`desc`,`picture`,`is_icon`,`picture_select`,`is_control`,`addon` FROM `gxfc_menu` WHERE  `name` = 'LOGIN_REG_CONFIG'  AND `app_module` = 'admin' LIMIT 1 [ RunTime:0.000414s ]
[2022-08-22T17:24:11+08:00][sql] SELECT `id`,`app_module`,`name`,`title`,`parent`,`level`,`url`,`is_show`,`sort`,`desc`,`picture`,`is_icon`,`picture_select`,`is_control`,`addon` FROM `gxfc_menu` WHERE  `name` = 'CONFIG_MALL'  AND `app_module` = 'admin' LIMIT 1 [ RunTime:0.000382s ]
[2022-08-22T17:24:26+08:00][sql] CONNECT:[ UseTime:0.000355s ] mysql:host=127.0.0.1;port=3306;dbname=ls_ssl_com;charset=utf8
[2022-08-22T17:24:26+08:00][sql] SELECT `id` FROM `gxfc_config` WHERE  `site_id` = 0  AND `app_module` = 'admin'  AND `config_key` = 'REGISTER_CONFIG' LIMIT 1 [ RunTime:0.000335s ]
[2022-08-22T17:24:26+08:00][sql] INSERT INTO `gxfc_config` SET `site_id` = 0 , `app_module` = 'admin' , `config_key` = 'REGISTER_CONFIG' , `value` = '{\"login\":\"username,mobile\",\"register\":\"username,mobile\",\"pwd_len\":\"6\",\"pwd_complexity\":\"\",\"third_party\":\"1\",\"bind_mobile\":0}' , `config_desc` = '注册规则' , `is_use` = 1 , `create_time` = 1661160266 [ RunTime:0.006421s ]
[2022-08-22T17:24:26+08:00][sql] CONNECT:[ UseTime:0.000366s ] mysql:host=127.0.0.1;port=3306;dbname=ls_ssl_com;charset=utf8
[2022-08-22T17:24:26+08:00][sql] SELECT `site_id`,`app_module`,`config_key`,`value`,`config_desc`,`is_use`,`create_time`,`modify_time` FROM `gxfc_config` WHERE  `site_id` = 0  AND `app_module` = 'admin'  AND `config_key` = 'COPYRIGHT' LIMIT 1 [ RunTime:0.000403s ]
[2022-08-22T17:24:26+08:00][sql] SELECT `site_id`,`app_module`,`config_key`,`value`,`config_desc`,`is_use`,`create_time`,`modify_time` FROM `gxfc_config` WHERE  `site_id` = 0  AND `app_module` = 'admin'  AND `config_key` = 'DEFAULT_IMAGE' LIMIT 1 [ RunTime:0.000309s ]
[2022-08-22T17:24:26+08:00][sql] SELECT `site_id`,`app_module`,`config_key`,`value`,`config_desc`,`is_use`,`create_time`,`modify_time` FROM `gxfc_config` WHERE  `site_id` = 0  AND `app_module` = 'admin'  AND `config_key` = 'REGISTER_CONFIG' LIMIT 1 [ RunTime:0.000319s ]
[2022-08-22T17:43:21+08:00][sql] CONNECT:[ UseTime:0.000392s ] mysql:host=127.0.0.1;port=3306;dbname=ls_ssl_com;charset=utf8
[2022-08-22T17:43:21+08:00][sql] SELECT `id`,`site_id`,`year`,`month`,`day`,`order_total`,`shipping_total`,`refund_total`,`order_pay_count`,`goods_pay_count`,`shop_money`,`platform_money`,`create_time`,`modify_time`,`collect_shop`,`collect_goods`,`visit_count`,`order_count`,`goods_count`,`add_goods_count`,`day_time`,`member_count` FROM `gxfc_stat_shop` WHERE  `site_id` = 0  AND `year` = 2022  AND `month` = 8  AND `day` = 22 LIMIT 1 [ RunTime:0.000472s ]
[2022-08-22T17:43:21+08:00][sql] SELECT `id`,`site_id`,`year`,`month`,`day`,`order_total`,`shipping_total`,`refund_total`,`order_pay_count`,`goods_pay_count`,`shop_money`,`platform_money`,`create_time`,`modify_time`,`collect_shop`,`collect_goods`,`visit_count`,`order_count`,`goods_count`,`add_goods_count`,`day_time`,`member_count` FROM `gxfc_stat_shop` WHERE  `site_id` = 0  AND `year` = 2022  AND `month` = 8  AND `day` = 22 LIMIT 1 [ RunTime:0.000417s ]
[2022-08-22T17:43:21+08:00][sql] SELECT `id`,`site_id`,`year`,`month`,`day`,`order_total`,`shipping_total`,`refund_total`,`order_pay_count`,`goods_pay_count`,`shop_money`,`platform_money`,`create_time`,`modify_time`,`collect_shop`,`collect_goods`,`visit_count`,`order_count`,`goods_count`,`add_goods_count`,`day_time`,`member_count` FROM `gxfc_stat_shop` WHERE  `site_id` = 0  AND `year` = 2022  AND `month` = 8  AND `day` = 21 LIMIT 1 [ RunTime:0.000352s ]
[2022-08-22T17:43:21+08:00][sql] SELECT `id`,`site_id`,`year`,`month`,`day`,`order_total`,`shipping_total`,`refund_total`,`order_pay_count`,`goods_pay_count`,`shop_money`,`platform_money`,`create_time`,`modify_time`,`collect_shop`,`collect_goods`,`visit_count`,`order_count`,`goods_count`,`add_goods_count`,`day_time`,`member_count` FROM `gxfc_stat_shop` WHERE  `site_id` = 0  AND `year` = 2022  AND `month` = 08  AND `day` = 13 LIMIT 1 [ RunTime:0.000342s ]
[2022-08-22T17:43:21+08:00][sql] SELECT `id`,`site_id`,`year`,`month`,`day`,`order_total`,`shipping_total`,`refund_total`,`order_pay_count`,`goods_pay_count`,`shop_money`,`platform_money`,`create_time`,`modify_time`,`collect_shop`,`collect_goods`,`visit_count`,`order_count`,`goods_count`,`add_goods_count`,`day_time`,`member_count` FROM `gxfc_stat_shop` WHERE  `site_id` = 0  AND `year` = 2022  AND `month` = 08  AND `day` = 14 LIMIT 1 [ RunTime:0.000324s ]
[2022-08-22T17:43:21+08:00][sql] SELECT `id`,`site_id`,`year`,`month`,`day`,`order_total`,`shipping_total`,`refund_total`,`order_pay_count`,`goods_pay_count`,`shop_money`,`platform_money`,`create_time`,`modify_time`,`collect_shop`,`collect_goods`,`visit_count`,`order_count`,`goods_count`,`add_goods_count`,`day_time`,`member_count` FROM `gxfc_stat_shop` WHERE  `site_id` = 0  AND `year` = 2022  AND `month` = 08  AND `day` = 15 LIMIT 1 [ RunTime:0.000332s ]
[2022-08-22T17:43:21+08:00][sql] SELECT `id`,`site_id`,`year`,`month`,`day`,`order_total`,`shipping_total`,`refund_total`,`order_pay_count`,`goods_pay_count`,`shop_money`,`platform_money`,`create_time`,`modify_time`,`collect_shop`,`collect_goods`,`visit_count`,`order_count`,`goods_count`,`add_goods_count`,`day_time`,`member_count` FROM `gxfc_stat_shop` WHERE  `site_id` = 0  AND `year` = 2022  AND `month` = 08  AND `day` = 16 LIMIT 1 [ RunTime:0.000292s ]
[2022-08-22T17:43:21+08:00][sql] SELECT `id`,`site_id`,`year`,`month`,`day`,`order_total`,`shipping_total`,`refund_total`,`order_pay_count`,`goods_pay_count`,`shop_money`,`platform_money`,`create_time`,`modify_time`,`collect_shop`,`collect_goods`,`visit_count`,`order_count`,`goods_count`,`add_goods_count`,`day_time`,`member_count` FROM `gxfc_stat_shop` WHERE  `site_id` = 0  AND `year` = 2022  AND `month` = 08  AND `day` = 17 LIMIT 1 [ RunTime:0.000289s ]
[2022-08-22T17:43:21+08:00][sql] SELECT `id`,`site_id`,`year`,`month`,`day`,`order_total`,`shipping_total`,`refund_total`,`order_pay_count`,`goods_pay_count`,`shop_money`,`platform_money`,`create_time`,`modify_time`,`collect_shop`,`collect_goods`,`visit_count`,`order_count`,`goods_count`,`add_goods_count`,`day_time`,`member_count` FROM `gxfc_stat_shop` WHERE  `site_id` = 0  AND `year` = 2022  AND `month` = 08  AND `day` = 18 LIMIT 1 [ RunTime:0.000339s ]
[2022-08-22T17:43:21+08:00][sql] SELECT `id`,`site_id`,`year`,`month`,`day`,`order_total`,`shipping_total`,`refund_total`,`order_pay_count`,`goods_pay_count`,`shop_money`,`platform_money`,`create_time`,`modify_time`,`collect_shop`,`collect_goods`,`visit_count`,`order_count`,`goods_count`,`add_goods_count`,`day_time`,`member_count` FROM `gxfc_stat_shop` WHERE  `site_id` = 0  AND `year` = 2022  AND `month` = 08  AND `day` = 19 LIMIT 1 [ RunTime:0.000350s ]
[2022-08-22T17:43:21+08:00][sql] SELECT `id`,`site_id`,`year`,`month`,`day`,`order_total`,`shipping_total`,`refund_total`,`order_pay_count`,`goods_pay_count`,`shop_money`,`platform_money`,`create_time`,`modify_time`,`collect_shop`,`collect_goods`,`visit_count`,`order_count`,`goods_count`,`add_goods_count`,`day_time`,`member_count` FROM `gxfc_stat_shop` WHERE  `site_id` = 0  AND `year` = 2022  AND `month` = 08  AND `day` = 20 LIMIT 1 [ RunTime:0.000383s ]
[2022-08-22T17:43:21+08:00][sql] SELECT `id`,`site_id`,`year`,`month`,`day`,`order_total`,`shipping_total`,`refund_total`,`order_pay_count`,`goods_pay_count`,`shop_money`,`platform_money`,`create_time`,`modify_time`,`collect_shop`,`collect_goods`,`visit_count`,`order_count`,`goods_count`,`add_goods_count`,`day_time`,`member_count` FROM `gxfc_stat_shop` WHERE  `site_id` = 0  AND `year` = 2022  AND `month` = 08  AND `day` = 21 LIMIT 1 [ RunTime:0.000366s ]
[2022-08-22T17:43:21+08:00][sql] SELECT `id`,`site_id`,`year`,`month`,`day`,`order_total`,`shipping_total`,`refund_total`,`order_pay_count`,`goods_pay_count`,`shop_money`,`platform_money`,`create_time`,`modify_time`,`collect_shop`,`collect_goods`,`visit_count`,`order_count`,`goods_count`,`add_goods_count`,`day_time`,`member_count` FROM `gxfc_stat_shop` WHERE  `site_id` = 0  AND `year` = 2022  AND `month` = 08  AND `day` = 22 LIMIT 1 [ RunTime:0.000337s ]
[2022-08-22T17:43:21+08:00][sql] SELECT COUNT(*) AS think_count FROM `gxfc_order` WHERE  `order_status` = 0  AND `is_delete` = 0 [ RunTime:0.000286s ]
[2022-08-22T17:43:21+08:00][sql] SELECT COUNT(*) AS think_count FROM `gxfc_order` WHERE  `order_status` = 1  AND `is_delete` = 0 [ RunTime:0.000261s ]
[2022-08-22T17:43:21+08:00][sql] SELECT COUNT(*) AS think_count FROM `gxfc_order_goods` WHERE  `refund_status` NOT IN (0,3) [ RunTime:0.000261s ]
[2022-08-22T17:43:21+08:00][sql] SELECT COUNT(*) AS think_count FROM `gxfc_goods` WHERE  `goods_state` = 1  AND `is_delete` = 0 [ RunTime:0.000275s ]
[2022-08-22T17:43:21+08:00][sql] SELECT COUNT(*) AS think_count FROM `gxfc_goods` WHERE  `goods_state` = 0  AND `is_delete` = 0 [ RunTime:0.000271s ]
[2022-08-22T17:43:21+08:00][sql] SELECT COUNT(`id`) AS think_count FROM `gxfc_fenxiao_withdraw` WHERE  `status` = 1 [ RunTime:0.000271s ]
[2022-08-22T17:43:21+08:00][sql] SELECT COUNT(`apply_id`) AS think_count FROM `gxfc_fenxiao_apply` WHERE  `status` = 1 [ RunTime:0.000259s ]
[2022-08-22T17:43:21+08:00][sql] SELECT COUNT(*) AS think_count FROM `gxfc_order_complain` WHERE  `complain_status` = 1 [ RunTime:0.000228s ]
[2022-08-22T17:43:21+08:00][sql] SELECT SUM(`order_money`) AS think_sum FROM `gxfc_order` [ RunTime:0.000214s ]
[2022-08-22T17:43:21+08:00][sql] SELECT COUNT(*) AS think_count FROM `gxfc_member` [ RunTime:0.000252s ]
[2022-08-22T17:43:21+08:00][sql] SELECT COUNT(*) AS think_count FROM `gxfc_shop_apply` WHERE  `create_time` BETWEEN 1661097600 AND 1661183999 [ RunTime:0.000601s ]
[2022-08-22T17:43:21+08:00][sql] SELECT COUNT(*) AS think_count FROM `gxfc_shop_apply` WHERE  `create_time` BETWEEN 1661011200 AND 1661097599 [ RunTime:0.000291s ]
[2022-08-22T17:43:21+08:00][sql] SELECT COUNT(*) AS think_count FROM `gxfc_shop` WHERE  `create_time` BETWEEN 1661097600 AND 1661183999 [ RunTime:0.000272s ]
[2022-08-22T17:43:21+08:00][sql] SELECT COUNT(*) AS think_count FROM `gxfc_shop` [ RunTime:0.000249s ]
[2022-08-22T17:43:21+08:00][sql] SELECT COUNT(*) AS think_count FROM `gxfc_goods` [ RunTime:0.000828s ]
[2022-08-22T17:43:22+08:00][sql] CONNECT:[ UseTime:0.000365s ] mysql:host=127.0.0.1;port=3306;dbname=ls_ssl_com;charset=utf8
[2022-08-22T17:43:22+08:00][sql] SELECT `id`,`app_module`,`name`,`title`,`parent`,`level`,`url`,`is_show`,`sort`,`desc`,`picture`,`is_icon`,`picture_select`,`is_control`,`addon` FROM `gxfc_menu` WHERE  `url` = 'admin/Goods/lists'  AND `app_module` = 'admin' ORDER BY `level` DESC LIMIT 1 [ RunTime:0.000555s ]
[2022-08-22T17:43:22+08:00][sql] SELECT `id`,`app_module`,`name`,`title`,`parent`,`level`,`url`,`is_show`,`sort`,`desc`,`picture`,`is_icon`,`picture_select`,`is_control`,`addon` FROM `gxfc_menu` WHERE  `name` = 'GOODS_MANAGE'  AND `app_module` = 'admin' LIMIT 1 [ RunTime:0.000373s ]
[2022-08-22T17:43:22+08:00][sql] SELECT `id`,`app_module`,`name`,`title`,`parent`,`level`,`url`,`is_show`,`sort`,`desc`,`picture`,`is_icon`,`picture_select`,`is_control`,`addon` FROM `gxfc_menu` WHERE  `name` = 'GOODS_ROOT'  AND `app_module` = 'admin' LIMIT 1 [ RunTime:0.000341s ]
[2022-08-22T17:43:22+08:00][sql] SELECT COUNT(*) AS think_count FROM `gxfc_goods` WHERE  `verify_state` = 0  AND `is_delete` = 0 [ RunTime:0.000399s ]
[2022-08-22T17:43:22+08:00][sql] SELECT COUNT(*) AS think_count FROM `gxfc_goods` WHERE  `verify_state` = -2  AND `is_delete` = 0 [ RunTime:0.000293s ]
[2022-08-22T17:43:22+08:00][sql] SELECT COUNT(*) AS think_count FROM `gxfc_goods` WHERE  `verify_state` = 10  AND `is_delete` = 0 [ RunTime:0.000263s ]
[2022-08-22T17:43:22+08:00][sql] SELECT `template_id`,`template_name` FROM `gxfc_express_template` ORDER BY `is_default` DESC [ RunTime:0.000230s ]
[2022-08-22T17:43:22+08:00][sql] SELECT `category_id`,`category_name`,`level`,`commission_rate` FROM `gxfc_goods_category` WHERE  `pid` = 0 ORDER BY `sort` ASC [ RunTime:0.000294s ]
[2022-08-22T17:43:22+08:00][sql] CONNECT:[ UseTime:0.000350s ] mysql:host=127.0.0.1;port=3306;dbname=ls_ssl_com;charset=utf8
[2022-08-22T17:43:22+08:00][sql] SELECT `category_id`,`category_name`,`pid`,`level`,`category_id_1`,`category_id_2`,`category_id_3` FROM `gxfc_goods_category` WHERE  `level` = 1 ORDER BY `sort` ASC [ RunTime:0.000369s ]
[2022-08-22T17:43:22+08:00][sql] SELECT COUNT(*) AS think_count FROM `gxfc_goods_category` WHERE  `pid` = 1 [ RunTime:0.000260s ]
[2022-08-22T17:43:22+08:00][sql] SELECT COUNT(*) AS think_count FROM `gxfc_goods_category` WHERE  `pid` = 2 [ RunTime:0.000196s ]
[2022-08-22T17:43:22+08:00][sql] SELECT COUNT(*) AS think_count FROM `gxfc_goods_category` WHERE  `pid` = 3 [ RunTime:0.000174s ]
[2022-08-22T17:43:22+08:00][sql] CONNECT:[ UseTime:0.000386s ] mysql:host=127.0.0.1;port=3306;dbname=ls_ssl_com;charset=utf8
[2022-08-22T17:43:22+08:00][sql] SELECT COUNT(*) AS think_count FROM `gxfc_goods_brand` `ngb` LEFT JOIN `gxfc_shop` `ns` ON `ngb`.`site_id`=`ns`.`site_id` LEFT JOIN `gxfc_supplier` `nsp` ON `ngb`.`site_id`=`nsp`.`supplier_site_id` ORDER BY `ngb`.`create_time` DESC [ RunTime:0.000333s ]
[2022-08-22T17:43:22+08:00][sql] SELECT `ngb`.`brand_id`,`ngb`.`brand_name`,`ngb`.`brand_initial`,`ngb`.`image_url`,`ngb`.`sort`,`ngb`.`create_time`,`ngb`.`is_recommend`,`ngb`.`site_id`,`ns`.`site_name`,nsp.title as supply_name FROM `gxfc_goods_brand` `ngb` LEFT JOIN `gxfc_shop` `ns` ON `ngb`.`site_id`=`ns`.`site_id` LEFT JOIN `gxfc_supplier` `nsp` ON `ngb`.`site_id`=`nsp`.`supplier_site_id` ORDER BY `ngb`.`create_time` DESC LIMIT 0,10 [ RunTime:0.000376s ]
[2022-08-22T17:43:22+08:00][sql] CONNECT:[ UseTime:0.000448s ] mysql:host=127.0.0.1;port=3306;dbname=ls_ssl_com;charset=utf8
[2022-08-22T17:43:22+08:00][sql] SELECT COUNT(*) AS think_count FROM `gxfc_goods` WHERE  `verify_state` = 0  AND `is_delete` = 0 [ RunTime:0.000273s ]
[2022-08-22T17:43:22+08:00][sql] SELECT COUNT(*) AS think_count FROM `gxfc_goods` WHERE  `verify_state` = -2  AND `is_delete` = 0 [ RunTime:0.000245s ]
[2022-08-22T17:43:22+08:00][sql] SELECT COUNT(*) AS think_count FROM `gxfc_goods` WHERE  `verify_state` = 10  AND `is_delete` = 0 [ RunTime:0.000240s ]
[2022-08-22T17:43:22+08:00][sql] CONNECT:[ UseTime:0.000418s ] mysql:host=127.0.0.1;port=3306;dbname=ls_ssl_com;charset=utf8
[2022-08-22T17:43:22+08:00][sql] SELECT COUNT(*) AS think_count FROM `gxfc_goods` `` WHERE  `is_delete` = 0 ORDER BY `create_time` DESC [ RunTime:0.000342s ]
[2022-08-22T17:43:22+08:00][sql] SELECT `goods_id`,`goods_name`,`site_id`,`site_name`,`goods_image`,`is_own`,`goods_state`,`verify_state`,`price`,`goods_stock`,`goods_stock_alarm`,`create_time`,`sale_num`,`is_virtual`,`goods_class`,`is_fenxiao`,`fenxiao_type`,`sku_id`,`max_buy`,`min_buy`,`promotion_addon`,`sort` FROM `gxfc_goods` `` WHERE  `is_delete` = 0 ORDER BY `create_time` DESC LIMIT 0,10 [ RunTime:0.000378s ]
[2022-08-22T17:43:23+08:00][sql] CONNECT:[ UseTime:0.000385s ] mysql:host=127.0.0.1;port=3306;dbname=ls_ssl_com;charset=utf8
[2022-08-22T17:43:23+08:00][sql] SELECT `id`,`app_module`,`name`,`title`,`parent`,`level`,`url`,`is_show`,`sort`,`desc`,`picture`,`is_icon`,`picture_select`,`is_control`,`addon` FROM `gxfc_menu` WHERE  `url` = 'admin/Goodscategory/lists'  AND `app_module` = 'admin' ORDER BY `level` DESC LIMIT 1 [ RunTime:0.000518s ]
[2022-08-22T17:43:23+08:00][sql] SELECT `id`,`app_module`,`name`,`title`,`parent`,`level`,`url`,`is_show`,`sort`,`desc`,`picture`,`is_icon`,`picture_select`,`is_control`,`addon` FROM `gxfc_menu` WHERE  `name` = 'GOODS_CATEGORY'  AND `app_module` = 'admin' LIMIT 1 [ RunTime:0.000338s ]
[2022-08-22T17:43:25+08:00][sql] CONNECT:[ UseTime:0.000348s ] mysql:host=127.0.0.1;port=3306;dbname=ls_ssl_com;charset=utf8
[2022-08-22T17:43:25+08:00][sql] SELECT `id`,`app_module`,`name`,`title`,`parent`,`level`,`url`,`is_show`,`sort`,`desc`,`picture`,`is_icon`,`picture_select`,`is_control`,`addon` FROM `gxfc_menu` WHERE  `url` = 'admin/Goodscategory/editcategory'  AND `app_module` = 'admin' ORDER BY `level` DESC LIMIT 1 [ RunTime:0.000524s ]
[2022-08-22T17:43:25+08:00][sql] SELECT `id`,`app_module`,`name`,`title`,`parent`,`level`,`url`,`is_show`,`sort`,`desc`,`picture`,`is_icon`,`picture_select`,`is_control`,`addon` FROM `gxfc_menu` WHERE  `name` = 'GOODS_CATEGORY_EDIT'  AND `app_module` = 'admin' LIMIT 1 [ RunTime:0.000345s ]
[2022-08-22T17:43:25+08:00][sql] SELECT `category_id`,`category_name`,`short_name`,`pid`,`level`,`is_show`,`sort`,`image`,`keywords`,`description`,`attr_class_id`,`attr_class_name`,`category_id_1`,`category_id_2`,`category_id_3`,`category_full_name`,`commission_rate`,`image_adv`,`supply_commission_rate` FROM `gxfc_goods_category` WHERE  `category_id` = 1 LIMIT 1 [ RunTime:0.000353s ]
[2022-08-22T17:43:25+08:00][sql] SELECT `category_name` FROM `gxfc_goods_category` WHERE  `category_id` = 0 LIMIT 1 [ RunTime:0.000247s ]
[2022-08-22T17:43:25+08:00][sql] SELECT `class_id`,`class_name` FROM `gxfc_goods_attr_class` ORDER BY `class_id` DESC [ RunTime:0.000200s ]
[2022-08-22T17:52:28+08:00][sql] CONNECT:[ UseTime:0.000378s ] mysql:host=127.0.0.1;port=3306;dbname=ls_ssl_com;charset=utf8
[2022-08-22T17:52:28+08:00][sql] INSERT INTO `gxfc_user_log` SET `uid` = 1 , `username` = 'admin' , `site_id` = 0 , `url` = 'admin/Goodscategory/editCategory' , `ip` = '117.154.82.87' , `data` = '[]' , `action_name` = '编辑商品分类:美食餐饮' , `create_time` = 1661161948 [ RunTime:0.006151s ]
[2022-08-22T17:52:28+08:00][sql] SELECT `category_id`,`category_name`,`short_name`,`pid`,`level`,`is_show`,`sort`,`image`,`keywords`,`description`,`attr_class_id`,`attr_class_name`,`category_id_1`,`category_id_2`,`category_id_3`,`category_full_name`,`image_adv`,`commission_rate`,`supply_commission_rate` FROM `gxfc_goods_category` WHERE  `category_id` = 1 LIMIT 1 [ RunTime:0.000393s ]
[2022-08-22T17:52:28+08:00][sql] UPDATE `gxfc_goods`  SET `commission_rate` = '5.00'  WHERE  `category_json` LIKE '%1\"]' [ RunTime:0.000293s ]
[2022-08-22T17:52:28+08:00][sql] UPDATE `gxfc_goods_category`  SET `category_id` = 1 , `category_name` = '美食餐饮' , `short_name` = '' , `pid` = 0 , `level` = 1 , `is_show` = 1 , `image` = '' , `image_adv` = 'upload/common/images/20220822/20220822055225166116194583786.jpg' , `keywords` = '' , `description` = '' , `attr_class_id` = 0 , `attr_class_name` = '' , `commission_rate` = '5.00' , `category_id_1` = 1 , `category_id_2` = 0 , `category_id_3` = 0 , `category_full_name` = '美食餐饮'  WHERE  `category_id` = 1 [ RunTime:0.000485s ]
[2022-08-22T17:52:28+08:00][sql] CONNECT:[ UseTime:0.000386s ] mysql:host=127.0.0.1;port=3306;dbname=ls_ssl_com;charset=utf8
[2022-08-22T17:52:28+08:00][sql] SELECT `category_id`,`category_name`,`short_name`,`pid`,`level`,`is_show`,`sort`,`image`,`attr_class_name`,`category_id_1`,`category_id_2`,`category_id_3`,`commission_rate`,`supply_commission_rate` FROM `gxfc_goods_category` ORDER BY `sort` ASC [ RunTime:0.000372s ]
[2022-08-22T18:00:18+08:00][sql] CONNECT:[ UseTime:0.000388s ] mysql:host=127.0.0.1;port=3306;dbname=ls_ssl_com;charset=utf8
[2022-08-22T18:00:18+08:00][sql] SELECT `category_id`,`category_name`,`short_name`,`pid`,`level`,`is_show`,`sort`,`image`,`keywords`,`description`,`attr_class_id`,`attr_class_name`,`category_id_1`,`category_id_2`,`category_id_3`,`category_full_name`,`commission_rate`,`image_adv`,`supply_commission_rate` FROM `gxfc_goods_category` WHERE  `category_id` = 4 LIMIT 1 [ RunTime:0.000424s ]
[2022-08-22T18:00:18+08:00][sql] SELECT `category_name` FROM `gxfc_goods_category` WHERE  `category_id` = 1 LIMIT 1 [ RunTime:0.000274s ]
[2022-08-22T18:00:18+08:00][sql] SELECT `class_id`,`class_name` FROM `gxfc_goods_attr_class` ORDER BY `class_id` DESC [ RunTime:0.000219s ]
[2022-08-22T18:00:26+08:00][sql] CONNECT:[ UseTime:0.000354s ] mysql:host=127.0.0.1;port=3306;dbname=ls_ssl_com;charset=utf8
[2022-08-22T18:00:26+08:00][sql] SELECT `category_id`,`category_name`,`short_name`,`pid`,`level`,`is_show`,`sort`,`image`,`keywords`,`description`,`attr_class_id`,`attr_class_name`,`category_id_1`,`category_id_2`,`category_id_3`,`category_full_name`,`commission_rate`,`image_adv`,`supply_commission_rate` FROM `gxfc_goods_category` WHERE  `category_id` = 1 LIMIT 1 [ RunTime:0.000432s ]
[2022-08-22T18:00:26+08:00][sql] SELECT `category_name` FROM `gxfc_goods_category` WHERE  `category_id` = 0 LIMIT 1 [ RunTime:0.000242s ]
[2022-08-22T18:00:26+08:00][sql] SELECT `class_id`,`class_name` FROM `gxfc_goods_attr_class` ORDER BY `class_id` DESC [ RunTime:0.000245s ]
[2022-08-22T18:00:32+08:00][sql] CONNECT:[ UseTime:0.000366s ] mysql:host=127.0.0.1;port=3306;dbname=ls_ssl_com;charset=utf8
[2022-08-22T18:00:32+08:00][sql] SELECT `category_id`,`category_name`,`short_name`,`pid`,`level`,`is_show`,`sort`,`image`,`keywords`,`description`,`attr_class_id`,`attr_class_name`,`category_id_1`,`category_id_2`,`category_id_3`,`category_full_name`,`commission_rate`,`image_adv`,`supply_commission_rate` FROM `gxfc_goods_category` WHERE  `category_id` = 4 LIMIT 1 [ RunTime:0.000435s ]
[2022-08-22T18:00:32+08:00][sql] SELECT `category_name` FROM `gxfc_goods_category` WHERE  `category_id` = 1 LIMIT 1 [ RunTime:0.000242s ]
[2022-08-22T18:00:32+08:00][sql] SELECT `class_id`,`class_name` FROM `gxfc_goods_attr_class` ORDER BY `class_id` DESC [ RunTime:0.000227s ]
[2022-08-22T18:00:40+08:00][sql] CONNECT:[ UseTime:0.000378s ] mysql:host=127.0.0.1;port=3306;dbname=ls_ssl_com;charset=utf8
[2022-08-22T18:00:40+08:00][sql] INSERT INTO `gxfc_user_log` SET `uid` = 1 , `username` = 'admin' , `site_id` = 0 , `url` = 'admin/Goodscategory/editCategory' , `ip` = '117.154.82.87' , `data` = '[]' , `action_name` = '编辑商品分类:中餐' , `create_time` = 1661162440 [ RunTime:0.004245s ]
[2022-08-22T18:00:40+08:00][sql] SELECT `category_id`,`category_name`,`short_name`,`pid`,`level`,`is_show`,`sort`,`image`,`keywords`,`description`,`attr_class_id`,`attr_class_name`,`category_id_1`,`category_id_2`,`category_id_3`,`category_full_name`,`image_adv`,`commission_rate`,`supply_commission_rate` FROM `gxfc_goods_category` WHERE  `category_id` = 4 LIMIT 1 [ RunTime:0.000363s ]
[2022-08-22T18:00:40+08:00][sql] UPDATE `gxfc_goods`  SET `commission_rate` = '5.00'  WHERE  `category_json` LIKE '%4\"]' [ RunTime:0.000289s ]
[2022-08-22T18:00:40+08:00][sql] UPDATE `gxfc_goods_category`  SET `category_id` = 4 , `category_name` = '中餐' , `short_name` = '' , `pid` = 1 , `level` = 2 , `is_show` = 1 , `image` = '' , `image_adv` = 'upload/common/images/20220822/20220822060037166116243783987.jpg' , `keywords` = '' , `description` = '' , `attr_class_id` = 0 , `attr_class_name` = '' , `commission_rate` = '5.00' , `category_id_1` = 1 , `category_id_2` = 4 , `category_id_3` = 0 , `category_full_name` = '美食餐饮/中餐'  WHERE  `category_id` = 4 [ RunTime:0.000297s ]
[2022-08-22T18:00:40+08:00][sql] CONNECT:[ UseTime:0.000353s ] mysql:host=127.0.0.1;port=3306;dbname=ls_ssl_com;charset=utf8
[2022-08-22T18:00:40+08:00][sql] SELECT `category_id`,`category_name`,`short_name`,`pid`,`level`,`is_show`,`sort`,`image`,`attr_class_name`,`category_id_1`,`category_id_2`,`category_id_3`,`commission_rate`,`supply_commission_rate` FROM `gxfc_goods_category` ORDER BY `sort` ASC [ RunTime:0.000426s ]
[2022-08-22T18:20:57+08:00][sql] CONNECT:[ UseTime:0.000444s ] mysql:host=127.0.0.1;port=3306;dbname=ls_ssl_com;charset=utf8
[2022-08-22T18:20:57+08:00][sql] SELECT `id`,`app_module`,`name`,`title`,`parent`,`level`,`url`,`is_show`,`sort`,`desc`,`picture`,`is_icon`,`picture_select`,`is_control`,`addon` FROM `gxfc_menu` WHERE  `url` = 'admin/Shop/lists'  AND `app_module` = 'admin' ORDER BY `level` DESC LIMIT 1 [ RunTime:0.000543s ]
[2022-08-22T18:20:57+08:00][sql] SELECT `id`,`app_module`,`name`,`title`,`parent`,`level`,`url`,`is_show`,`sort`,`desc`,`picture`,`is_icon`,`picture_select`,`is_control`,`addon` FROM `gxfc_menu` WHERE  `name` = 'SHOP_LIST'  AND `app_module` = 'admin' LIMIT 1 [ RunTime:0.000412s ]
[2022-08-22T18:20:57+08:00][sql] SELECT `id`,`app_module`,`name`,`title`,`parent`,`level`,`url`,`is_show`,`sort`,`desc`,`picture`,`is_icon`,`picture_select`,`is_control`,`addon` FROM `gxfc_menu` WHERE  `name` = 'SHOP_INDEX'  AND `app_module` = 'admin' LIMIT 1 [ RunTime:0.000362s ]
[2022-08-22T18:20:57+08:00][sql] SELECT `id`,`app_module`,`name`,`title`,`parent`,`level`,`url`,`is_show`,`sort`,`desc`,`picture`,`is_icon`,`picture_select`,`is_control`,`addon` FROM `gxfc_menu` WHERE  `name` = 'SHOP_ROOT'  AND `app_module` = 'admin' LIMIT 1 [ RunTime:0.000297s ]
[2022-08-22T18:20:57+08:00][sql] SELECT `category_id`,`category_name` FROM `gxfc_shop_category` ORDER BY `sort` ASC [ RunTime:0.000358s ]
[2022-08-22T18:20:57+08:00][sql] SELECT `group_id`,`is_own`,`group_name`,`fee`,`remark` FROM `gxfc_shop_group` WHERE  `is_own` = 0 ORDER BY `is_own` ASC,`fee` ASC [ RunTime:0.000280s ]
[2022-08-22T18:20:57+08:00][sql] SELECT `site_id`,`site_area_name` FROM `gxfc_website` [ RunTime:0.000260s ]
[2022-08-22T18:21:00+08:00][sql] CONNECT:[ UseTime:0.000353s ] mysql:host=127.0.0.1;port=3306;dbname=ls_ssl_com;charset=utf8
[2022-08-22T18:21:00+08:00][sql] SELECT `id`,`app_module`,`name`,`title`,`parent`,`level`,`url`,`is_show`,`sort`,`desc`,`picture`,`is_icon`,`picture_select`,`is_control`,`addon` FROM `gxfc_menu` WHERE  `url` = 'admin/Shopcategory/lists'  AND `app_module` = 'admin' ORDER BY `level` DESC LIMIT 1 [ RunTime:0.000509s ]
[2022-08-22T18:21:00+08:00][sql] SELECT `id`,`app_module`,`name`,`title`,`parent`,`level`,`url`,`is_show`,`sort`,`desc`,`picture`,`is_icon`,`picture_select`,`is_control`,`addon` FROM `gxfc_menu` WHERE  `name` = 'SHOP_CATEGORY'  AND `app_module` = 'admin' LIMIT 1 [ RunTime:0.000453s ]
[2022-08-22T18:21:00+08:00][sql] CONNECT:[ UseTime:0.000375s ] mysql:host=127.0.0.1;port=3306;dbname=ls_ssl_com;charset=utf8
[2022-08-22T18:21:00+08:00][sql] SELECT COUNT(*) AS think_count FROM `gxfc_shop_category` `a` ORDER BY `category_id` ASC [ RunTime:0.000297s ]
[2022-08-22T18:21:00+08:00][sql] SELECT * FROM `gxfc_shop_category` `a` ORDER BY `category_id` ASC LIMIT 0,10 [ RunTime:0.000234s ]
[2022-08-22T18:21:04+08:00][sql] CONNECT:[ UseTime:0.000410s ] mysql:host=127.0.0.1;port=3306;dbname=ls_ssl_com;charset=utf8
[2022-08-22T18:21:04+08:00][sql] SELECT `id`,`app_module`,`name`,`title`,`parent`,`level`,`url`,`is_show`,`sort`,`desc`,`picture`,`is_icon`,`picture_select`,`is_control`,`addon` FROM `gxfc_menu` WHERE  `url` = 'admin/Shopcategory/addCategory'  AND `app_module` = 'admin' ORDER BY `level` DESC LIMIT 1 [ RunTime:0.000580s ]
[2022-08-22T18:21:04+08:00][sql] SELECT `id`,`app_module`,`name`,`title`,`parent`,`level`,`url`,`is_show`,`sort`,`desc`,`picture`,`is_icon`,`picture_select`,`is_control`,`addon` FROM `gxfc_menu` WHERE  `name` = 'SHOP_CATEGORY_ADD'  AND `app_module` = 'admin' LIMIT 1 [ RunTime:0.000403s ]
[2022-08-22T18:21:27+08:00][sql] CONNECT:[ UseTime:0.000365s ] mysql:host=127.0.0.1;port=3306;dbname=ls_ssl_com;charset=utf8
[2022-08-22T18:21:27+08:00][sql] INSERT INTO `gxfc_user_log` SET `uid` = 1 , `username` = 'admin' , `site_id` = 0 , `url` = 'admin/Shopcategory/addCategory' , `ip` = '117.154.82.87' , `data` = '[]' , `action_name` = '添加店铺主营行业:餐饮,保证金:0.00' , `create_time` = 1661163687 [ RunTime:0.003644s ]
[2022-08-22T18:21:27+08:00][sql] INSERT INTO `gxfc_shop_category` SET `category_name` = '餐饮' , `baozheng_money` = '0.00' , `sort` = 3 [ RunTime:0.004012s ]
[2022-08-22T18:21:28+08:00][sql] CONNECT:[ UseTime:0.000349s ] mysql:host=127.0.0.1;port=3306;dbname=ls_ssl_com;charset=utf8
[2022-08-22T18:21:28+08:00][sql] SELECT COUNT(*) AS think_count FROM `gxfc_shop_category` `a` ORDER BY `category_id` ASC [ RunTime:0.000364s ]
[2022-08-22T18:21:28+08:00][sql] SELECT * FROM `gxfc_shop_category` `a` ORDER BY `category_id` ASC LIMIT 0,10 [ RunTime:0.000209s ]
