[2022-11-22T11:34:48+08:00][sql] CONNECT:[ UseTime:0.000451s ] mysql:host=127.0.0.1;port=3306;dbname=hunqin;charset=utf8
[2022-11-22T11:34:48+08:00][sql] SHOW FULL COLUMNS FROM `gxfc_member` [ RunTime:0.001246s ]
[2022-11-22T11:34:48+08:00][sql] SELECT `member_id` FROM `gxfc_member` WHERE  `status` = 0 [ RunTime:0.000401s ]
[2022-11-22T11:34:48+08:00][sql] SELECT `member_id`,`source_member`,`fenxiao_id`,`is_fenxiao`,`username`,`nickname`,`mobile`,`email`,`password`,`status`,`headimg`,`member_level`,`member_level_name`,`member_label`,`member_label_name`,`qq`,`qq_openid`,`wx_openid`,`weapp_openid`,`wx_unionid`,`ali_openid`,`baidu_openid`,`toutiao_openid`,`douyin_openid`,`login_ip`,`login_type`,`login_time`,`last_login_ip`,`last_login_type`,`last_login_time`,`login_num`,`realname`,`sex`,`location`,`birthday`,`reg_time`,`point`,`balance`,`growth`,`balance_money`,`account5`,`is_auth`,`sign_time`,`sign_days_series`,`pay_password`,`order_money`,`order_complete_money`,`order_num`,`order_complete_num`,`balance_withdraw_apply`,`balance_withdraw`,`is_delete`,`login_type_name`,`hospital_id`,`is_commander`,`self_cl_id`,`hospital_name`,`self_leader_name`,`cl_id`,`is_fenxiao_order`,`expiration_time`,`start_time`,`is_fenxiao_charge` FROM `gxfc_member` WHERE  `member_id` = 2376 LIMIT 1 [ RunTime:0.000741s ]
[2022-11-22T11:34:48+08:00][sql] SHOW FULL COLUMNS FROM `gxfc_fenxiao` [ RunTime:0.000811s ]
[2022-11-22T11:34:48+08:00][sql] SELECT `f`.*,pf.fenxiao_name as parent_name,`nm`.`nickname`,`nm`.`headimg` FROM `gxfc_fenxiao` `f` LEFT JOIN `gxfc_fenxiao` `pf` ON `pf`.`fenxiao_id`=`f`.`parent` INNER JOIN `gxfc_member` `nm` ON `nm`.`member_id`=`f`.`member_id` WHERE  `f`.`member_id` = 2376  AND `f`.`is_delete` = 0 LIMIT 1 [ RunTime:0.000551s ]
[2022-11-22T11:34:48+08:00][sql] SELECT COUNT(*) AS think_count FROM `gxfc_member` WHERE  `fenxiao_id` = 45  AND `is_fenxiao` = 0  AND `is_delete` = 0 [ RunTime:0.000364s ]
[2022-11-22T11:34:48+08:00][sql] SELECT `f`.`level_id`,`m`.`order_num`,`m`.`order_money`,`f`.`one_fenxiao_order_num`,`f`.`one_fenxiao_order_money`,`f`.`one_child_num`,`f`.`one_child_fenxiao_num`,`fl`.`one_rate`,`fl`.`level_num` FROM `gxfc_fenxiao` `f` INNER JOIN `gxfc_member` `m` ON `f`.`member_id`=`m`.`member_id` INNER JOIN `gxfc_fenxiao_level` `fl` ON `f`.`level_id`=`fl`.`level_id` WHERE  `f`.`member_id` = 2376  AND `f`.`status` = 1  AND `f`.`is_delete` = 0 LIMIT 1 [ RunTime:0.000682s ]
[2022-11-22T11:34:48+08:00][sql] SHOW FULL COLUMNS FROM `gxfc_fenxiao_level` [ RunTime:0.000997s ]
[2022-11-22T11:34:48+08:00][sql] SELECT * FROM `gxfc_fenxiao_level` WHERE  `level_num` >= 1  AND `level_id` <> 1 ORDER BY `level_num` ASC,`one_rate` ASC LIMIT 1 [ RunTime:0.000429s ]
[2022-11-22T11:34:48+08:00][sql] SHOW FULL COLUMNS FROM `gxfc_fenxiao_order` [ RunTime:0.001367s ]
[2022-11-22T11:34:48+08:00][sql] SELECT sum(one_commission) as commission FROM `gxfc_fenxiao_order` WHERE  `one_fenxiao_id` = 45  AND `create_time` BETWEEN 1669046400 AND 1669132800   AND `is_settlement` = 1 LIMIT 1 [ RunTime:0.000500s ]
[2022-11-22T11:34:48+08:00][sql] SELECT sum(two_commission) as commission FROM `gxfc_fenxiao_order` WHERE  `two_fenxiao_id` = 45  AND `create_time` BETWEEN 1669046400 AND 1669132800   AND `is_settlement` = 1 LIMIT 1 [ RunTime:0.000536s ]
[2022-11-22T11:34:48+08:00][sql] SELECT sum(three_commission) as commission FROM `gxfc_fenxiao_order` WHERE  `three_fenxiao_id` = 45  AND `create_time` BETWEEN 1669046400 AND 1669132800   AND `is_settlement` = 1 LIMIT 1 [ RunTime:0.000375s ]
[2022-11-22T11:34:48+08:00][sql] CONNECT:[ UseTime:0.000405s ] mysql:host=127.0.0.1;port=3306;dbname=hunqin;charset=utf8
[2022-11-22T11:34:48+08:00][sql] SELECT sum(real_goods_money) as real_goods_money FROM `gxfc_fenxiao_order` WHERE  ( `one_fenxiao_id` = 45 OR `two_fenxiao_id` = 45 OR `three_fenxiao_id` = 45 ) LIMIT 1 [ RunTime:0.000419s ]
[2022-11-22T11:34:48+08:00][sql] SHOW FULL COLUMNS FROM `gxfc_member` [ RunTime:0.001524s ]
[2022-11-22T11:34:48+08:00][sql] SELECT `member_id` FROM `gxfc_member` WHERE  `status` = 0 [ RunTime:0.000425s ]
[2022-11-22T11:34:48+08:00][sql] SELECT `member_id`,`source_member`,`fenxiao_id`,`is_fenxiao`,`username`,`nickname`,`mobile`,`email`,`password`,`status`,`headimg`,`member_level`,`member_level_name`,`member_label`,`member_label_name`,`qq`,`qq_openid`,`wx_openid`,`weapp_openid`,`wx_unionid`,`ali_openid`,`baidu_openid`,`toutiao_openid`,`douyin_openid`,`login_ip`,`login_type`,`login_time`,`last_login_ip`,`last_login_type`,`last_login_time`,`login_num`,`realname`,`sex`,`location`,`birthday`,`reg_time`,`point`,`balance`,`growth`,`balance_money`,`account5`,`is_auth`,`sign_time`,`sign_days_series`,`pay_password`,`order_money`,`order_complete_money`,`order_num`,`order_complete_num`,`balance_withdraw_apply`,`balance_withdraw`,`is_delete`,`login_type_name`,`hospital_id`,`is_commander`,`self_cl_id`,`hospital_name`,`self_leader_name`,`cl_id`,`is_fenxiao_order`,`expiration_time`,`start_time`,`is_fenxiao_charge` FROM `gxfc_member` WHERE  `member_id` = 2376 LIMIT 1 [ RunTime:0.000612s ]
[2022-11-22T11:34:48+08:00][sql] SHOW FULL COLUMNS FROM `gxfc_fenxiao` [ RunTime:0.000603s ]
[2022-11-22T11:34:48+08:00][sql] SELECT `fenxiao_id`,`fenxiao_no`,`fenxiao_name`,`mobile`,`member_id`,`level_id`,`level_name`,`parent`,`grand_parent`,`account`,`account_withdraw`,`account_withdraw_apply`,`status`,`create_time`,`audit_time`,`lock_time`,`one_fenxiao_order_num`,`one_fenxiao_order_money`,`one_child_num`,`one_child_fenxiao_num`,`two_child_fenxiao_num`,`total_commission`,`is_delete`,`two_rate` FROM `gxfc_fenxiao` WHERE  `member_id` = 2376 LIMIT 1 [ RunTime:0.000340s ]
[2022-11-22T11:34:48+08:00][sql] SELECT `member_id`,`source_member`,`fenxiao_id`,`is_fenxiao`,`username`,`nickname`,`mobile`,`email`,`password`,`status`,`headimg`,`member_level`,`member_level_name`,`member_label`,`member_label_name`,`qq`,`qq_openid`,`wx_openid`,`weapp_openid`,`wx_unionid`,`ali_openid`,`baidu_openid`,`toutiao_openid`,`douyin_openid`,`login_ip`,`login_type`,`login_time`,`last_login_ip`,`last_login_type`,`last_login_time`,`login_num`,`realname`,`sex`,`location`,`birthday`,`reg_time`,`point`,`balance`,`growth`,`balance_money`,`account5`,`is_auth`,`sign_time`,`sign_days_series`,`pay_password`,`order_money`,`order_complete_money`,`order_num`,`order_complete_num`,`balance_withdraw_apply`,`balance_withdraw`,`is_delete`,`login_type_name`,`hospital_id`,`is_commander`,`self_cl_id`,`hospital_name`,`self_leader_name`,`cl_id`,`is_fenxiao_order`,`expiration_time`,`start_time`,`is_fenxiao_charge` FROM `gxfc_member` WHERE  `source_member` = 2376 [ RunTime:0.000445s ]
[2022-11-22T11:34:48+08:00][sql] SHOW FULL COLUMNS FROM `gxfc_fenxiao_account` [ RunTime:0.000496s ]
[2022-11-22T11:34:48+08:00][sql] SELECT `id`,`account_no`,`fenxiao_id`,`fenxiao_name`,`money`,`type`,`type_name`,`relate_id`,`create_time` FROM `gxfc_fenxiao_account` WHERE  `fenxiao_id` = 45 [ RunTime:0.000236s ]
[2022-11-22T11:34:51+08:00][sql] CONNECT:[ UseTime:0.000438s ] mysql:host=127.0.0.1;port=3306;dbname=hunqin;charset=utf8
[2022-11-22T11:34:51+08:00][sql] SHOW FULL COLUMNS FROM `gxfc_member` [ RunTime:0.001062s ]
[2022-11-22T11:34:51+08:00][sql] SELECT `member_id` FROM `gxfc_member` WHERE  `status` = 0 [ RunTime:0.000314s ]
[2022-11-22T11:34:51+08:00][sql] SELECT `member_id`,`source_member`,`fenxiao_id`,`is_fenxiao`,`username`,`nickname`,`mobile`,`email`,`password`,`status`,`headimg`,`member_level`,`member_level_name`,`member_label`,`member_label_name`,`qq`,`qq_openid`,`wx_openid`,`weapp_openid`,`wx_unionid`,`ali_openid`,`baidu_openid`,`toutiao_openid`,`douyin_openid`,`login_ip`,`login_type`,`login_time`,`last_login_ip`,`last_login_type`,`last_login_time`,`login_num`,`realname`,`sex`,`location`,`birthday`,`reg_time`,`point`,`balance`,`growth`,`balance_money`,`account5`,`is_auth`,`sign_time`,`sign_days_series`,`pay_password`,`order_money`,`order_complete_money`,`order_num`,`order_complete_num`,`balance_withdraw_apply`,`balance_withdraw`,`is_delete`,`login_type_name`,`hospital_id`,`is_commander`,`self_cl_id`,`hospital_name`,`self_leader_name`,`cl_id`,`is_fenxiao_order`,`expiration_time`,`start_time`,`is_fenxiao_charge` FROM `gxfc_member` WHERE  `member_id` = 2376 LIMIT 1 [ RunTime:0.000540s ]
[2022-11-22T11:34:51+08:00][sql] SHOW FULL COLUMNS FROM `gxfc_fenxiao` [ RunTime:0.000613s ]
[2022-11-22T11:34:51+08:00][sql] SELECT `f`.*,pf.fenxiao_name as parent_name,`nm`.`nickname`,`nm`.`headimg` FROM `gxfc_fenxiao` `f` LEFT JOIN `gxfc_fenxiao` `pf` ON `pf`.`fenxiao_id`=`f`.`parent` INNER JOIN `gxfc_member` `nm` ON `nm`.`member_id`=`f`.`member_id` WHERE  `f`.`member_id` = 2376  AND `f`.`is_delete` = 0 LIMIT 1 [ RunTime:0.000502s ]
[2022-11-22T11:34:51+08:00][sql] SELECT COUNT(*) AS think_count FROM `gxfc_member` WHERE  `fenxiao_id` = 45  AND `is_fenxiao` = 0  AND `is_delete` = 0 [ RunTime:0.000338s ]
[2022-11-22T11:34:51+08:00][sql] SELECT `f`.`level_id`,`m`.`order_num`,`m`.`order_money`,`f`.`one_fenxiao_order_num`,`f`.`one_fenxiao_order_money`,`f`.`one_child_num`,`f`.`one_child_fenxiao_num`,`fl`.`one_rate`,`fl`.`level_num` FROM `gxfc_fenxiao` `f` INNER JOIN `gxfc_member` `m` ON `f`.`member_id`=`m`.`member_id` INNER JOIN `gxfc_fenxiao_level` `fl` ON `f`.`level_id`=`fl`.`level_id` WHERE  `f`.`member_id` = 2376  AND `f`.`status` = 1  AND `f`.`is_delete` = 0 LIMIT 1 [ RunTime:0.000445s ]
[2022-11-22T11:34:51+08:00][sql] SHOW FULL COLUMNS FROM `gxfc_fenxiao_level` [ RunTime:0.000665s ]
[2022-11-22T11:34:51+08:00][sql] SELECT * FROM `gxfc_fenxiao_level` WHERE  `level_num` >= 1  AND `level_id` <> 1 ORDER BY `level_num` ASC,`one_rate` ASC LIMIT 1 [ RunTime:0.000352s ]
[2022-11-22T11:34:51+08:00][sql] SHOW FULL COLUMNS FROM `gxfc_fenxiao_order` [ RunTime:0.000847s ]
[2022-11-22T11:34:51+08:00][sql] SELECT sum(one_commission) as commission FROM `gxfc_fenxiao_order` WHERE  `one_fenxiao_id` = 45  AND `create_time` BETWEEN 1669046400 AND 1669132800   AND `is_settlement` = 1 LIMIT 1 [ RunTime:0.000336s ]
[2022-11-22T11:34:51+08:00][sql] SELECT sum(two_commission) as commission FROM `gxfc_fenxiao_order` WHERE  `two_fenxiao_id` = 45  AND `create_time` BETWEEN 1669046400 AND 1669132800   AND `is_settlement` = 1 LIMIT 1 [ RunTime:0.000292s ]
[2022-11-22T11:34:51+08:00][sql] SELECT sum(three_commission) as commission FROM `gxfc_fenxiao_order` WHERE  `three_fenxiao_id` = 45  AND `create_time` BETWEEN 1669046400 AND 1669132800   AND `is_settlement` = 1 LIMIT 1 [ RunTime:0.000256s ]
[2022-11-22T11:34:51+08:00][sql] SELECT sum(real_goods_money) as real_goods_money FROM `gxfc_fenxiao_order` WHERE  ( `one_fenxiao_id` = 45 OR `two_fenxiao_id` = 45 OR `three_fenxiao_id` = 45 ) LIMIT 1 [ RunTime:0.000257s ]
[2022-11-22T11:34:51+08:00][sql] CONNECT:[ UseTime:0.000456s ] mysql:host=127.0.0.1;port=3306;dbname=hunqin;charset=utf8
[2022-11-22T11:34:51+08:00][sql] SHOW FULL COLUMNS FROM `gxfc_member` [ RunTime:0.000930s ]
[2022-11-22T11:34:51+08:00][sql] SELECT `member_id` FROM `gxfc_member` WHERE  `status` = 0 [ RunTime:0.000365s ]
[2022-11-22T11:34:51+08:00][sql] SELECT `member_id`,`source_member`,`fenxiao_id`,`is_fenxiao`,`username`,`nickname`,`mobile`,`email`,`password`,`status`,`headimg`,`member_level`,`member_level_name`,`member_label`,`member_label_name`,`qq`,`qq_openid`,`wx_openid`,`weapp_openid`,`wx_unionid`,`ali_openid`,`baidu_openid`,`toutiao_openid`,`douyin_openid`,`login_ip`,`login_type`,`login_time`,`last_login_ip`,`last_login_type`,`last_login_time`,`login_num`,`realname`,`sex`,`location`,`birthday`,`reg_time`,`point`,`balance`,`growth`,`balance_money`,`account5`,`is_auth`,`sign_time`,`sign_days_series`,`pay_password`,`order_money`,`order_complete_money`,`order_num`,`order_complete_num`,`balance_withdraw_apply`,`balance_withdraw`,`is_delete`,`login_type_name`,`hospital_id`,`is_commander`,`self_cl_id`,`hospital_name`,`self_leader_name`,`cl_id`,`is_fenxiao_order`,`expiration_time`,`start_time`,`is_fenxiao_charge` FROM `gxfc_member` WHERE  `member_id` = 2376 LIMIT 1 [ RunTime:0.000590s ]
[2022-11-22T11:34:51+08:00][sql] SELECT `nickname`,`headimg` FROM `gxfc_member` WHERE  `member_id` = 2376 LIMIT 1 [ RunTime:0.000469s ]
[2022-11-22T12:01:53+08:00][sql] CONNECT:[ UseTime:0.000440s ] mysql:host=127.0.0.1;port=3306;dbname=hunqin;charset=utf8
[2022-11-22T12:01:53+08:00][sql] SHOW FULL COLUMNS FROM `gxfc_member` [ RunTime:0.001427s ]
[2022-11-22T12:01:53+08:00][sql] SELECT `member_id` FROM `gxfc_member` WHERE  `status` = 0 [ RunTime:0.000473s ]
[2022-11-22T12:01:53+08:00][sql] SELECT `member_id`,`source_member`,`fenxiao_id`,`is_fenxiao`,`username`,`nickname`,`mobile`,`email`,`password`,`status`,`headimg`,`member_level`,`member_level_name`,`member_label`,`member_label_name`,`qq`,`qq_openid`,`wx_openid`,`weapp_openid`,`wx_unionid`,`ali_openid`,`baidu_openid`,`toutiao_openid`,`douyin_openid`,`login_ip`,`login_type`,`login_time`,`last_login_ip`,`last_login_type`,`last_login_time`,`login_num`,`realname`,`sex`,`location`,`birthday`,`reg_time`,`point`,`balance`,`growth`,`balance_money`,`account5`,`is_auth`,`sign_time`,`sign_days_series`,`pay_password`,`order_money`,`order_complete_money`,`order_num`,`order_complete_num`,`balance_withdraw_apply`,`balance_withdraw`,`is_delete`,`login_type_name`,`hospital_id`,`is_commander`,`self_cl_id`,`hospital_name`,`self_leader_name`,`cl_id`,`is_fenxiao_order`,`expiration_time`,`start_time`,`is_fenxiao_charge` FROM `gxfc_member` WHERE  `member_id` = 2387 LIMIT 1 [ RunTime:0.000859s ]
[2022-11-22T12:01:53+08:00][sql] SHOW FULL COLUMNS FROM `gxfc_fenxiao` [ RunTime:0.000927s ]
[2022-11-22T12:01:53+08:00][sql] SELECT `fenxiao_id`,`level_id` FROM `gxfc_fenxiao` WHERE  `member_id` = 2387  AND `is_delete` = 0 LIMIT 1 [ RunTime:0.000568s ]
[2022-11-22T12:01:53+08:00][sql] SHOW FULL COLUMNS FROM `gxfc_fenxiao_goods_sku` [ RunTime:0.000921s ]
[2022-11-22T12:01:53+08:00][sql] SELECT `fgs`.`goods_sku_id`,`fgs`.`goods_id`,`fgs`.`sku_id`,`fgs`.`level_id`,`fgs`.`one_rate`,`fgs`.`one_money`,`fgs`.`two_rate`,`fgs`.`two_money`,`fgs`.`three_rate`,`fgs`.`three_money`,`gs`.`discount_price` FROM `gxfc_fenxiao_goods_sku` `fgs` INNER JOIN `gxfc_goods_sku` `gs` ON `fgs`.`sku_id`=`gs`.`sku_id` WHERE  `fgs`.`sku_id` = '1115'  AND `fgs`.`level_id` = 1 LIMIT 1 [ RunTime:0.000497s ]
[2022-11-22T12:01:53+08:00][sql] CONNECT:[ UseTime:0.000443s ] mysql:host=127.0.0.1;port=3306;dbname=hunqin;charset=utf8
[2022-11-22T12:01:53+08:00][sql] SHOW FULL COLUMNS FROM `gxfc_promotion_coupon_type` [ RunTime:0.001269s ]
[2022-11-22T12:01:53+08:00][sql] SELECT `pct`.`coupon_type_id`,`pct`.`type`,`pct`.`site_id`,`pct`.`coupon_name`,`pct`.`money`,`pct`.`discount`,`pct`.`max_fetch`,`pct`.`at_least`,`pct`.`end_time`,`pct`.`validity_type`,`pct`.`fixed_term`,`pct`.`goods_type`,`pct`.`site_name` FROM `gxfc_promotion_coupon_type` `pct` INNER JOIN `gxfc_shop` `s` ON `s`.`site_id`=`pct`.`site_id` WHERE  `pct`.`status` = 1  AND `pct`.`is_show` = 1  AND ( `pct`.`goods_ids`  like  '%,199,%' or pct.goods_type = 1 )  AND `pct`.`site_id` = '73' ORDER BY `pct`.`money` DESC [ RunTime:0.000822s ]
[2022-11-22T12:01:53+08:00][sql] CONNECT:[ UseTime:0.000709s ] mysql:host=127.0.0.1;port=3306;dbname=hunqin;charset=utf8
[2022-11-22T12:01:53+08:00][sql] SHOW FULL COLUMNS FROM `gxfc_goods` [ RunTime:0.001655s ]
[2022-11-22T12:01:53+08:00][sql] SELECT `goods_id`,`goods_name`,`goods_class`,`goods_class_name`,`goods_attr_class`,`goods_attr_name`,`site_id`,`site_name`,`goods_image`,`website_id`,`brand_id`,`brand_name`,`goods_content`,`is_own`,`goods_state`,`category_id`,`category_json`,`verify_state`,`verify_state_remark`,`price`,`market_price`,`cost_price`,`goods_stock`,`goods_stock_alarm`,`is_virtual`,`virtual_indate`,`is_free_shipping`,`shipping_template`,`goods_spec_format`,`goods_attr_format`,`is_delete`,`introduction`,`keywords`,`unit`,`sort`,`create_time`,`modify_time`,`video_url`,`commission_rate`,`sale_num`,`goods_shop_category_ids`,`evaluate`,`evaluate_shaitu`,`evaluate_shipin`,`evaluate_zhuiping`,`evaluate_haoping`,`evaluate_zhongping`,`evaluate_chaping`,`is_fenxiao`,`fenxiao_type`,`supplier_id`,`max_buy`,`min_buy`,`timer_on`,`timer_off`,`supply_goods_id`,`discount_config`,`discount_method`,`sku_id`,`promotion_addon`,`category_name`,`recommend_way`,`wj_off`,`is_sale`,`is_lease`,`cash_pledge` FROM `gxfc_goods` WHERE  `goods_id` = 199 LIMIT 1 [ RunTime:0.000896s ]
[2022-11-22T12:01:53+08:00][sql] SHOW FULL COLUMNS FROM `gxfc_promotion_manjian` [ RunTime:0.000825s ]
[2022-11-22T12:01:53+08:00][sql] SELECT `manjian_id`,`site_id`,`manjian_name`,`manjian_type`,`goods_ids`,`status`,`start_time`,`end_time`,`rule_json` FROM `gxfc_promotion_manjian` WHERE  `status` = 1  AND (`goods_ids` LIKE '199' OR `goods_ids` LIKE '%199,%' OR `goods_ids` LIKE '%199' OR `goods_ids` LIKE '%,199,%' OR `goods_ids` LIKE '')  AND `end_time` > 1669089713  AND `site_id` = 73 ORDER BY `create_time` DESC LIMIT 1 [ RunTime:0.000703s ]
[2022-11-22T12:01:53+08:00][sql] CONNECT:[ UseTime:0.000459s ] mysql:host=127.0.0.1;port=3306;dbname=hunqin;charset=utf8
[2022-11-22T12:01:53+08:00][sql] SHOW FULL COLUMNS FROM `gxfc_goods_sku` [ RunTime:0.001485s ]
[2022-11-22T12:01:53+08:00][sql] SELECT `goods_id` FROM `gxfc_goods_sku` WHERE  `sku_id` = 1115 LIMIT 1 [ RunTime:0.000355s ]
[2022-11-22T12:01:53+08:00][sql] SELECT `sku_id`,`site_id`,`goods_id`,`sku_name`,`sku_no`,`sku_spec_format`,`price`,`market_price`,`cost_price`,`discount_price`,`promotion_type`,`start_time`,`end_time`,`stock`,`weight`,`volume`,`click_num`,`sale_num`,`collect_num`,`sku_image`,`sku_images`,`goods_class`,`goods_class_name`,`goods_attr_class`,`goods_attr_name`,`goods_name`,`site_name`,`website_id`,`brand_id`,`brand_name`,`goods_content`,`is_own`,`goods_state`,`verify_state`,`verify_state_remark`,`goods_stock_alarm`,`is_virtual`,`virtual_indate`,`is_free_shipping`,`shipping_template`,`goods_spec_format`,`goods_attr_format`,`is_delete`,`introduction`,`keywords`,`unit`,`sort`,`create_time`,`modify_time`,`video_url`,`goods_shop_category_ids`,`evaluate`,`evaluate_shaitu`,`evaluate_shipin`,`evaluate_zhuiping`,`evaluate_haoping`,`evaluate_zhongping`,`evaluate_chaping`,`spec_name`,`supplier_id`,`max_buy`,`min_buy`,`supply_goods_id`,`supply_sku_id`,`fenxiao_price`,`stock_alarm`,`sale_sort`,`is_default`,`discount_config`,`discount_method`,`recommend_way`,`cash_pledge`,`is_lease` FROM `gxfc_goods_sku` WHERE  `goods_id` = 199 [ RunTime:0.000724s ]
[2022-11-22T12:01:53+08:00][sql] SHOW FULL COLUMNS FROM `gxfc_promotion_bundling_goods` [ RunTime:0.000563s ]
[2022-11-22T12:01:53+08:00][sql] SELECT `bl_id` FROM `gxfc_promotion_bundling_goods` WHERE  `sku_id` = 1115 [ RunTime:0.000272s ]
[2022-11-22T12:01:53+08:00][sql] CONNECT:[ UseTime:0.000385s ] mysql:host=127.0.0.1;port=3306;dbname=hunqin;charset=utf8
[2022-11-22T12:01:53+08:00][sql] SHOW FULL COLUMNS FROM `gxfc_member` [ RunTime:0.000845s ]
[2022-11-22T12:01:53+08:00][sql] SELECT `member_id` FROM `gxfc_member` WHERE  `status` = 0 [ RunTime:0.000300s ]
[2022-11-22T12:01:53+08:00][sql] SELECT `member_id`,`source_member`,`fenxiao_id`,`is_fenxiao`,`username`,`nickname`,`mobile`,`email`,`password`,`status`,`headimg`,`member_level`,`member_level_name`,`member_label`,`member_label_name`,`qq`,`qq_openid`,`wx_openid`,`weapp_openid`,`wx_unionid`,`ali_openid`,`baidu_openid`,`toutiao_openid`,`douyin_openid`,`login_ip`,`login_type`,`login_time`,`last_login_ip`,`last_login_type`,`last_login_time`,`login_num`,`realname`,`sex`,`location`,`birthday`,`reg_time`,`point`,`balance`,`growth`,`balance_money`,`account5`,`is_auth`,`sign_time`,`sign_days_series`,`pay_password`,`order_money`,`order_complete_money`,`order_num`,`order_complete_num`,`balance_withdraw_apply`,`balance_withdraw`,`is_delete`,`login_type_name`,`hospital_id`,`is_commander`,`self_cl_id`,`hospital_name`,`self_leader_name`,`cl_id`,`is_fenxiao_order`,`expiration_time`,`start_time`,`is_fenxiao_charge` FROM `gxfc_member` WHERE  `member_id` = 2387 LIMIT 1 [ RunTime:0.000559s ]
[2022-11-22T12:01:53+08:00][sql] SHOW FULL COLUMNS FROM `gxfc_fenxiao` [ RunTime:0.000569s ]
[2022-11-22T12:01:53+08:00][sql] SELECT `fenxiao_id`,`level_id` FROM `gxfc_fenxiao` WHERE  `member_id` = 2387  AND `is_delete` = 0 LIMIT 1 [ RunTime:0.000290s ]
[2022-11-22T12:01:53+08:00][sql] SHOW FULL COLUMNS FROM `gxfc_fenxiao_goods_sku` [ RunTime:0.000534s ]
[2022-11-22T12:01:53+08:00][sql] SELECT `fgs`.`goods_sku_id`,`fgs`.`goods_id`,`fgs`.`sku_id`,`fgs`.`level_id`,`fgs`.`one_rate`,`fgs`.`one_money`,`fgs`.`two_rate`,`fgs`.`two_money`,`fgs`.`three_rate`,`fgs`.`three_money`,`gs`.`discount_price` FROM `gxfc_fenxiao_goods_sku` `fgs` INNER JOIN `gxfc_goods_sku` `gs` ON `fgs`.`sku_id`=`gs`.`sku_id` WHERE  `fgs`.`sku_id` = '1115'  AND `fgs`.`level_id` = 1 LIMIT 1 [ RunTime:0.000330s ]
[2022-11-22T12:04:49+08:00][sql] CONNECT:[ UseTime:0.001544s ] mysql:host=127.0.0.1;port=3306;dbname=hunqin;charset=utf8
[2022-11-22T12:04:49+08:00][sql] SHOW FULL COLUMNS FROM `gxfc_goods` [ RunTime:0.001361s ]
[2022-11-22T12:04:49+08:00][sql] SELECT `goods_id`,`goods_name`,`goods_class`,`goods_class_name`,`goods_attr_class`,`goods_attr_name`,`site_id`,`site_name`,`goods_image`,`website_id`,`brand_id`,`brand_name`,`goods_content`,`is_own`,`goods_state`,`category_id`,`category_json`,`verify_state`,`verify_state_remark`,`price`,`market_price`,`cost_price`,`goods_stock`,`goods_stock_alarm`,`is_virtual`,`virtual_indate`,`is_free_shipping`,`shipping_template`,`goods_spec_format`,`goods_attr_format`,`is_delete`,`introduction`,`keywords`,`unit`,`sort`,`create_time`,`modify_time`,`video_url`,`commission_rate`,`sale_num`,`goods_shop_category_ids`,`evaluate`,`evaluate_shaitu`,`evaluate_shipin`,`evaluate_zhuiping`,`evaluate_haoping`,`evaluate_zhongping`,`evaluate_chaping`,`is_fenxiao`,`fenxiao_type`,`supplier_id`,`max_buy`,`min_buy`,`timer_on`,`timer_off`,`supply_goods_id`,`discount_config`,`discount_method`,`sku_id`,`promotion_addon`,`category_name`,`recommend_way`,`wj_off`,`is_sale`,`is_lease`,`cash_pledge` FROM `gxfc_goods` WHERE  `goods_id` = 199 LIMIT 1 [ RunTime:0.000841s ]
[2022-11-22T12:04:49+08:00][sql] SHOW FULL COLUMNS FROM `gxfc_promotion_manjian` [ RunTime:0.000820s ]
[2022-11-22T12:04:49+08:00][sql] SELECT `manjian_id`,`site_id`,`manjian_name`,`manjian_type`,`goods_ids`,`status`,`start_time`,`end_time`,`rule_json` FROM `gxfc_promotion_manjian` WHERE  `status` = 1  AND (`goods_ids` LIKE '199' OR `goods_ids` LIKE '%199,%' OR `goods_ids` LIKE '%199' OR `goods_ids` LIKE '%,199,%' OR `goods_ids` LIKE '')  AND `end_time` > 1669089889  AND `site_id` = 73 ORDER BY `create_time` DESC LIMIT 1 [ RunTime:0.000593s ]
[2022-11-22T12:04:49+08:00][sql] CONNECT:[ UseTime:0.000455s ] mysql:host=127.0.0.1;port=3306;dbname=hunqin;charset=utf8
[2022-11-22T12:04:49+08:00][sql] SHOW FULL COLUMNS FROM `gxfc_promotion_coupon_type` [ RunTime:0.001182s ]
[2022-11-22T12:04:49+08:00][sql] SELECT `pct`.`coupon_type_id`,`pct`.`type`,`pct`.`site_id`,`pct`.`coupon_name`,`pct`.`money`,`pct`.`discount`,`pct`.`max_fetch`,`pct`.`at_least`,`pct`.`end_time`,`pct`.`validity_type`,`pct`.`fixed_term`,`pct`.`goods_type`,`pct`.`site_name` FROM `gxfc_promotion_coupon_type` `pct` INNER JOIN `gxfc_shop` `s` ON `s`.`site_id`=`pct`.`site_id` WHERE  `pct`.`status` = 1  AND `pct`.`is_show` = 1  AND ( `pct`.`goods_ids`  like  '%,199,%' or pct.goods_type = 1 )  AND `pct`.`site_id` = '73' ORDER BY `pct`.`money` DESC [ RunTime:0.000794s ]
[2022-11-22T12:04:49+08:00][sql] CONNECT:[ UseTime:0.000346s ] mysql:host=127.0.0.1;port=3306;dbname=hunqin;charset=utf8
[2022-11-22T12:04:49+08:00][sql] SHOW FULL COLUMNS FROM `gxfc_goods_sku` [ RunTime:0.001444s ]
[2022-11-22T12:04:49+08:00][sql] SELECT `goods_id` FROM `gxfc_goods_sku` WHERE  `sku_id` = 1115 LIMIT 1 [ RunTime:0.000326s ]
[2022-11-22T12:04:49+08:00][sql] SELECT `sku_id`,`site_id`,`goods_id`,`sku_name`,`sku_no`,`sku_spec_format`,`price`,`market_price`,`cost_price`,`discount_price`,`promotion_type`,`start_time`,`end_time`,`stock`,`weight`,`volume`,`click_num`,`sale_num`,`collect_num`,`sku_image`,`sku_images`,`goods_class`,`goods_class_name`,`goods_attr_class`,`goods_attr_name`,`goods_name`,`site_name`,`website_id`,`brand_id`,`brand_name`,`goods_content`,`is_own`,`goods_state`,`verify_state`,`verify_state_remark`,`goods_stock_alarm`,`is_virtual`,`virtual_indate`,`is_free_shipping`,`shipping_template`,`goods_spec_format`,`goods_attr_format`,`is_delete`,`introduction`,`keywords`,`unit`,`sort`,`create_time`,`modify_time`,`video_url`,`goods_shop_category_ids`,`evaluate`,`evaluate_shaitu`,`evaluate_shipin`,`evaluate_zhuiping`,`evaluate_haoping`,`evaluate_zhongping`,`evaluate_chaping`,`spec_name`,`supplier_id`,`max_buy`,`min_buy`,`supply_goods_id`,`supply_sku_id`,`fenxiao_price`,`stock_alarm`,`sale_sort`,`is_default`,`discount_config`,`discount_method`,`recommend_way`,`cash_pledge`,`is_lease` FROM `gxfc_goods_sku` WHERE  `goods_id` = 199 [ RunTime:0.000648s ]
[2022-11-22T12:04:49+08:00][sql] SHOW FULL COLUMNS FROM `gxfc_promotion_bundling_goods` [ RunTime:0.000496s ]
[2022-11-22T12:04:49+08:00][sql] SELECT `bl_id` FROM `gxfc_promotion_bundling_goods` WHERE  `sku_id` = 1115 [ RunTime:0.000285s ]
[2022-11-22T12:04:49+08:00][sql] CONNECT:[ UseTime:0.000431s ] mysql:host=127.0.0.1;port=3306;dbname=hunqin;charset=utf8
[2022-11-22T12:04:49+08:00][sql] SHOW FULL COLUMNS FROM `gxfc_member` [ RunTime:0.000964s ]
[2022-11-22T12:04:49+08:00][sql] SELECT `member_id` FROM `gxfc_member` WHERE  `status` = 0 [ RunTime:0.000355s ]
[2022-11-22T12:04:49+08:00][sql] SELECT `member_id`,`source_member`,`fenxiao_id`,`is_fenxiao`,`username`,`nickname`,`mobile`,`email`,`password`,`status`,`headimg`,`member_level`,`member_level_name`,`member_label`,`member_label_name`,`qq`,`qq_openid`,`wx_openid`,`weapp_openid`,`wx_unionid`,`ali_openid`,`baidu_openid`,`toutiao_openid`,`douyin_openid`,`login_ip`,`login_type`,`login_time`,`last_login_ip`,`last_login_type`,`last_login_time`,`login_num`,`realname`,`sex`,`location`,`birthday`,`reg_time`,`point`,`balance`,`growth`,`balance_money`,`account5`,`is_auth`,`sign_time`,`sign_days_series`,`pay_password`,`order_money`,`order_complete_money`,`order_num`,`order_complete_num`,`balance_withdraw_apply`,`balance_withdraw`,`is_delete`,`login_type_name`,`hospital_id`,`is_commander`,`self_cl_id`,`hospital_name`,`self_leader_name`,`cl_id`,`is_fenxiao_order`,`expiration_time`,`start_time`,`is_fenxiao_charge` FROM `gxfc_member` WHERE  `member_id` = 2387 LIMIT 1 [ RunTime:0.000622s ]
[2022-11-22T12:04:49+08:00][sql] SHOW FULL COLUMNS FROM `gxfc_fenxiao` [ RunTime:0.000617s ]
[2022-11-22T12:04:49+08:00][sql] SELECT `fenxiao_id`,`level_id` FROM `gxfc_fenxiao` WHERE  `member_id` = 2387  AND `is_delete` = 0 LIMIT 1 [ RunTime:0.000313s ]
[2022-11-22T12:04:49+08:00][sql] SHOW FULL COLUMNS FROM `gxfc_fenxiao_goods_sku` [ RunTime:0.000522s ]
[2022-11-22T12:04:49+08:00][sql] SELECT `fgs`.`goods_sku_id`,`fgs`.`goods_id`,`fgs`.`sku_id`,`fgs`.`level_id`,`fgs`.`one_rate`,`fgs`.`one_money`,`fgs`.`two_rate`,`fgs`.`two_money`,`fgs`.`three_rate`,`fgs`.`three_money`,`gs`.`discount_price` FROM `gxfc_fenxiao_goods_sku` `fgs` INNER JOIN `gxfc_goods_sku` `gs` ON `fgs`.`sku_id`=`gs`.`sku_id` WHERE  `fgs`.`sku_id` = '1115'  AND `fgs`.`level_id` = 1 LIMIT 1 [ RunTime:0.000387s ]
[2022-11-22T19:56:02+08:00][sql] CONNECT:[ UseTime:0.000458s ] mysql:host=127.0.0.1;port=3306;dbname=hunqin;charset=utf8
[2022-11-22T19:56:02+08:00][sql] SHOW FULL COLUMNS FROM `gxfc_member` [ RunTime:0.000951s ]
[2022-11-22T19:56:02+08:00][sql] SELECT `member_id` FROM `gxfc_member` WHERE  `status` = 0 [ RunTime:0.000367s ]
[2022-11-22T19:56:02+08:00][sql] SELECT `member_id`,`source_member`,`fenxiao_id`,`is_fenxiao`,`username`,`nickname`,`mobile`,`email`,`password`,`status`,`headimg`,`member_level`,`member_level_name`,`member_label`,`member_label_name`,`qq`,`qq_openid`,`wx_openid`,`weapp_openid`,`wx_unionid`,`ali_openid`,`baidu_openid`,`toutiao_openid`,`douyin_openid`,`login_ip`,`login_type`,`login_time`,`last_login_ip`,`last_login_type`,`last_login_time`,`login_num`,`realname`,`sex`,`location`,`birthday`,`reg_time`,`point`,`balance`,`growth`,`balance_money`,`account5`,`is_auth`,`sign_time`,`sign_days_series`,`pay_password`,`order_money`,`order_complete_money`,`order_num`,`order_complete_num`,`balance_withdraw_apply`,`balance_withdraw`,`is_delete`,`login_type_name`,`hospital_id`,`is_commander`,`self_cl_id`,`hospital_name`,`self_leader_name`,`cl_id`,`is_fenxiao_order`,`expiration_time`,`start_time`,`is_fenxiao_charge` FROM `gxfc_member` WHERE  `member_id` = 2365 LIMIT 1 [ RunTime:0.000592s ]
[2022-11-22T19:56:02+08:00][sql] SELECT `member_level`,`expiration_time`,`start_time` FROM `gxfc_member` WHERE  `member_id` = 2365 LIMIT 1 [ RunTime:0.000355s ]
[2022-11-22T19:56:02+08:00][sql] SELECT `headimg`,`nickname` FROM `gxfc_member` WHERE  `member_id` = 2365  AND `is_delete` = 0 LIMIT 1 [ RunTime:0.000296s ]
[2022-11-22T19:56:02+08:00][sql] SHOW FULL COLUMNS FROM `gxfc_member_recharge_order` [ RunTime:0.000946s ]
[2022-11-22T19:56:02+08:00][sql] INSERT INTO `gxfc_member_recharge_order` SET `recharge_id` = 0 , `order_no` = '20221122195623650001' , `out_trade_no` = '20221122195623650001' , `recharge_name` = '其他' , `cover_img` = '' , `face_value` = 19.8 , `buy_price` = 19.8 , `point` = 19.8 , `growth` = 19.8 , `coupon_id` = 0 , `status` = 1 , `create_time` = 1669118162 , `member_id` = 2365 , `member_img` = 'https://thirdwx.qlogo.cn/mmopen/vi_32/Vpm9UdNTrje9SUxyCQwpMWXKNqXjVvtp2YTFb9hKP2gHQ7siaUEP5e6v3iaVX3mAejDtYklLpSXLxDf0XbFgugcw/132' , `nickname` = 'XX婚礼' , `order_from` = 'weapp' , `order_from_name` = '微信小程序' , `level` = 2 , `type` = 1 [ RunTime:0.000373s ]
[2022-11-22T19:56:02+08:00][sql] SHOW FULL COLUMNS FROM `gxfc_pay` [ RunTime:0.000529s ]
[2022-11-22T19:56:02+08:00][sql] INSERT INTO `gxfc_pay` SET `site_id` = 0 , `out_trade_no` = '20221122195623650001' , `pay_body` = '会员充值套餐，面额：19.8' , `pay_detail` = '会员充值套餐，面额：19.8' , `pay_money` = 19.8 , `pay_no` = '' , `event` = 'MemberRechargeOrderPayNotify' , `return_url` = '' , `pay_status` = 0 , `create_time` = 1669118162 [ RunTime:0.000290s ]
[2022-11-22T19:56:02+08:00][sql] SHOW FULL COLUMNS FROM `gxfc_config` [ RunTime:0.000562s ]
[2022-11-22T19:56:02+08:00][sql] SELECT `site_id`,`app_module`,`config_key`,`value`,`config_desc`,`is_use`,`create_time`,`modify_time` FROM `gxfc_config` WHERE  `site_id` = 0  AND `app_module` = 'admin'  AND `config_key` = 'ORDER_EVENT_TIME_CONFIG' LIMIT 1 [ RunTime:0.000296s ]
[2022-11-22T19:56:02+08:00][sql] SHOW FULL COLUMNS FROM `gxfc_cron` [ RunTime:0.000481s ]
[2022-11-22T19:56:02+08:00][sql] INSERT INTO `gxfc_cron` SET `type` = 1 , `period` = 0 , `period_type` = 0 , `name` = '订单自动关闭' , `event` = 'MemberRechargeOrderClose' , `execute_time` = 1669119962 , `relate_id` = 191 , `create_time` = 1669118162 [ RunTime:0.000249s ]
[2022-11-22T19:57:53+08:00][sql] CONNECT:[ UseTime:0.000580s ] mysql:host=127.0.0.1;port=3306;dbname=hunqin;charset=utf8
[2022-11-22T19:57:53+08:00][sql] SHOW FULL COLUMNS FROM `gxfc_member` [ RunTime:0.004124s ]
[2022-11-22T19:57:53+08:00][sql] SELECT `member_id` FROM `gxfc_member` WHERE  `status` = 0 [ RunTime:0.000494s ]
[2022-11-22T19:57:53+08:00][sql] SELECT `member_id`,`source_member`,`fenxiao_id`,`is_fenxiao`,`username`,`nickname`,`mobile`,`email`,`password`,`status`,`headimg`,`member_level`,`member_level_name`,`member_label`,`member_label_name`,`qq`,`qq_openid`,`wx_openid`,`weapp_openid`,`wx_unionid`,`ali_openid`,`baidu_openid`,`toutiao_openid`,`douyin_openid`,`login_ip`,`login_type`,`login_time`,`last_login_ip`,`last_login_type`,`last_login_time`,`login_num`,`realname`,`sex`,`location`,`birthday`,`reg_time`,`point`,`balance`,`growth`,`balance_money`,`account5`,`is_auth`,`sign_time`,`sign_days_series`,`pay_password`,`order_money`,`order_complete_money`,`order_num`,`order_complete_num`,`balance_withdraw_apply`,`balance_withdraw`,`is_delete`,`login_type_name`,`hospital_id`,`is_commander`,`self_cl_id`,`hospital_name`,`self_leader_name`,`cl_id`,`is_fenxiao_order`,`expiration_time`,`start_time`,`is_fenxiao_charge` FROM `gxfc_member` WHERE  `member_id` = 2365 LIMIT 1 [ RunTime:0.000818s ]
[2022-11-22T19:57:53+08:00][sql] SHOW FULL COLUMNS FROM `gxfc_fenxiao` [ RunTime:0.000926s ]
[2022-11-22T19:57:53+08:00][sql] SELECT `fenxiao_id`,`fenxiao_no`,`fenxiao_name`,`mobile`,`member_id`,`level_id`,`level_name`,`parent`,`grand_parent`,`account`,`account_withdraw`,`account_withdraw_apply`,`status`,`create_time`,`audit_time`,`lock_time`,`one_fenxiao_order_num`,`one_fenxiao_order_money`,`one_child_num`,`one_child_fenxiao_num`,`two_child_fenxiao_num`,`total_commission`,`is_delete`,`two_rate` FROM `gxfc_fenxiao` WHERE  `member_id` = 2365 LIMIT 1 [ RunTime:0.000560s ]
[2022-11-22T19:57:53+08:00][sql] SELECT `member_id`,`source_member`,`fenxiao_id`,`is_fenxiao`,`username`,`nickname`,`mobile`,`email`,`password`,`status`,`headimg`,`member_level`,`member_level_name`,`member_label`,`member_label_name`,`qq`,`qq_openid`,`wx_openid`,`weapp_openid`,`wx_unionid`,`ali_openid`,`baidu_openid`,`toutiao_openid`,`douyin_openid`,`login_ip`,`login_type`,`login_time`,`last_login_ip`,`last_login_type`,`last_login_time`,`login_num`,`realname`,`sex`,`location`,`birthday`,`reg_time`,`point`,`balance`,`growth`,`balance_money`,`account5`,`is_auth`,`sign_time`,`sign_days_series`,`pay_password`,`order_money`,`order_complete_money`,`order_num`,`order_complete_num`,`balance_withdraw_apply`,`balance_withdraw`,`is_delete`,`login_type_name`,`hospital_id`,`is_commander`,`self_cl_id`,`hospital_name`,`self_leader_name`,`cl_id`,`is_fenxiao_order`,`expiration_time`,`start_time`,`is_fenxiao_charge` FROM `gxfc_member` WHERE  `source_member` = 2365 [ RunTime:0.000557s ]
[2022-11-22T19:57:53+08:00][sql] CONNECT:[ UseTime:0.000563s ] mysql:host=127.0.0.1;port=3306;dbname=hunqin;charset=utf8
[2022-11-22T19:57:53+08:00][sql] SHOW FULL COLUMNS FROM `gxfc_fenxiao_account` [ RunTime:0.000676s ]
[2022-11-22T19:57:53+08:00][sql] SHOW FULL COLUMNS FROM `gxfc_member` [ RunTime:0.001073s ]
[2022-11-22T19:57:53+08:00][sql] SELECT `id`,`account_no`,`fenxiao_id`,`fenxiao_name`,`money`,`type`,`type_name`,`relate_id`,`create_time` FROM `gxfc_fenxiao_account` WHERE  `fenxiao_id` = 33 [ RunTime:0.000348s ]
[2022-11-22T19:57:53+08:00][sql] SELECT `member_id` FROM `gxfc_member` WHERE  `status` = 0 [ RunTime:0.000301s ]
[2022-11-22T19:57:53+08:00][sql] SELECT `member_id`,`source_member`,`fenxiao_id`,`is_fenxiao`,`username`,`nickname`,`mobile`,`email`,`password`,`status`,`headimg`,`member_level`,`member_level_name`,`member_label`,`member_label_name`,`qq`,`qq_openid`,`wx_openid`,`weapp_openid`,`wx_unionid`,`ali_openid`,`baidu_openid`,`toutiao_openid`,`douyin_openid`,`login_ip`,`login_type`,`login_time`,`last_login_ip`,`last_login_type`,`last_login_time`,`login_num`,`realname`,`sex`,`location`,`birthday`,`reg_time`,`point`,`balance`,`growth`,`balance_money`,`account5`,`is_auth`,`sign_time`,`sign_days_series`,`pay_password`,`order_money`,`order_complete_money`,`order_num`,`order_complete_num`,`balance_withdraw_apply`,`balance_withdraw`,`is_delete`,`login_type_name`,`hospital_id`,`is_commander`,`self_cl_id`,`hospital_name`,`self_leader_name`,`cl_id`,`is_fenxiao_order`,`expiration_time`,`start_time`,`is_fenxiao_charge` FROM `gxfc_member` WHERE  `member_id` = 2365 LIMIT 1 [ RunTime:0.000665s ]
[2022-11-22T19:57:53+08:00][sql] SHOW FULL COLUMNS FROM `gxfc_fenxiao` [ RunTime:0.000647s ]
[2022-11-22T19:57:53+08:00][sql] SELECT `f`.*,pf.fenxiao_name as parent_name,`nm`.`nickname`,`nm`.`headimg` FROM `gxfc_fenxiao` `f` LEFT JOIN `gxfc_fenxiao` `pf` ON `pf`.`fenxiao_id`=`f`.`parent` INNER JOIN `gxfc_member` `nm` ON `nm`.`member_id`=`f`.`member_id` WHERE  `f`.`member_id` = 2365  AND `f`.`is_delete` = 0 LIMIT 1 [ RunTime:0.000579s ]
[2022-11-22T19:57:53+08:00][sql] SELECT COUNT(*) AS think_count FROM `gxfc_member` WHERE  `fenxiao_id` = 33  AND `is_fenxiao` = 0  AND `is_delete` = 0 [ RunTime:0.000340s ]
[2022-11-22T19:57:53+08:00][sql] SELECT `f`.`level_id`,`m`.`order_num`,`m`.`order_money`,`f`.`one_fenxiao_order_num`,`f`.`one_fenxiao_order_money`,`f`.`one_child_num`,`f`.`one_child_fenxiao_num`,`fl`.`one_rate`,`fl`.`level_num` FROM `gxfc_fenxiao` `f` INNER JOIN `gxfc_member` `m` ON `f`.`member_id`=`m`.`member_id` INNER JOIN `gxfc_fenxiao_level` `fl` ON `f`.`level_id`=`fl`.`level_id` WHERE  `f`.`member_id` = 2365  AND `f`.`status` = 1  AND `f`.`is_delete` = 0 LIMIT 1 [ RunTime:0.000505s ]
[2022-11-22T19:57:53+08:00][sql] SHOW FULL COLUMNS FROM `gxfc_fenxiao_level` [ RunTime:0.000707s ]
[2022-11-22T19:57:53+08:00][sql] SELECT * FROM `gxfc_fenxiao_level` WHERE  `level_num` >= 1  AND `level_id` <> 1 ORDER BY `level_num` ASC,`one_rate` ASC LIMIT 1 [ RunTime:0.000409s ]
[2022-11-22T19:57:53+08:00][sql] SHOW FULL COLUMNS FROM `gxfc_fenxiao_order` [ RunTime:0.000967s ]
[2022-11-22T19:57:53+08:00][sql] SELECT sum(one_commission) as commission FROM `gxfc_fenxiao_order` WHERE  `one_fenxiao_id` = 33  AND `create_time` BETWEEN 1669046400 AND 1669132800   AND `is_settlement` = 1 LIMIT 1 [ RunTime:0.000446s ]
[2022-11-22T19:57:53+08:00][sql] SELECT sum(two_commission) as commission FROM `gxfc_fenxiao_order` WHERE  `two_fenxiao_id` = 33  AND `create_time` BETWEEN 1669046400 AND 1669132800   AND `is_settlement` = 1 LIMIT 1 [ RunTime:0.000345s ]
[2022-11-22T19:57:53+08:00][sql] SELECT sum(three_commission) as commission FROM `gxfc_fenxiao_order` WHERE  `three_fenxiao_id` = 33  AND `create_time` BETWEEN 1669046400 AND 1669132800   AND `is_settlement` = 1 LIMIT 1 [ RunTime:0.000317s ]
[2022-11-22T19:57:53+08:00][sql] SELECT sum(real_goods_money) as real_goods_money FROM `gxfc_fenxiao_order` WHERE  ( `one_fenxiao_id` = 33 OR `two_fenxiao_id` = 33 OR `three_fenxiao_id` = 33 ) LIMIT 1 [ RunTime:0.000276s ]
[2022-11-22T19:57:55+08:00][sql] CONNECT:[ UseTime:0.000492s ] mysql:host=127.0.0.1;port=3306;dbname=hunqin;charset=utf8
[2022-11-22T19:57:55+08:00][sql] SHOW FULL COLUMNS FROM `gxfc_member` [ RunTime:0.000868s ]
[2022-11-22T19:57:55+08:00][sql] SELECT `member_id` FROM `gxfc_member` WHERE  `status` = 0 [ RunTime:0.000300s ]
[2022-11-22T19:57:55+08:00][sql] SELECT `member_id`,`source_member`,`fenxiao_id`,`is_fenxiao`,`username`,`nickname`,`mobile`,`email`,`password`,`status`,`headimg`,`member_level`,`member_level_name`,`member_label`,`member_label_name`,`qq`,`qq_openid`,`wx_openid`,`weapp_openid`,`wx_unionid`,`ali_openid`,`baidu_openid`,`toutiao_openid`,`douyin_openid`,`login_ip`,`login_type`,`login_time`,`last_login_ip`,`last_login_type`,`last_login_time`,`login_num`,`realname`,`sex`,`location`,`birthday`,`reg_time`,`point`,`balance`,`growth`,`balance_money`,`account5`,`is_auth`,`sign_time`,`sign_days_series`,`pay_password`,`order_money`,`order_complete_money`,`order_num`,`order_complete_num`,`balance_withdraw_apply`,`balance_withdraw`,`is_delete`,`login_type_name`,`hospital_id`,`is_commander`,`self_cl_id`,`hospital_name`,`self_leader_name`,`cl_id`,`is_fenxiao_order`,`expiration_time`,`start_time`,`is_fenxiao_charge` FROM `gxfc_member` WHERE  `member_id` = 2365 LIMIT 1 [ RunTime:0.000537s ]
[2022-11-22T19:57:55+08:00][sql] SHOW FULL COLUMNS FROM `gxfc_fenxiao` [ RunTime:0.000609s ]
[2022-11-22T19:57:55+08:00][sql] SELECT `f`.*,pf.fenxiao_name as parent_name,`nm`.`nickname`,`nm`.`headimg` FROM `gxfc_fenxiao` `f` LEFT JOIN `gxfc_fenxiao` `pf` ON `pf`.`fenxiao_id`=`f`.`parent` INNER JOIN `gxfc_member` `nm` ON `nm`.`member_id`=`f`.`member_id` WHERE  `f`.`member_id` = 2365  AND `f`.`is_delete` = 0 LIMIT 1 [ RunTime:0.000456s ]
[2022-11-22T19:57:55+08:00][sql] SELECT COUNT(*) AS think_count FROM `gxfc_member` WHERE  `fenxiao_id` = 33  AND `is_fenxiao` = 0  AND `is_delete` = 0 [ RunTime:0.000271s ]
[2022-11-22T19:57:55+08:00][sql] SELECT `f`.`level_id`,`m`.`order_num`,`m`.`order_money`,`f`.`one_fenxiao_order_num`,`f`.`one_fenxiao_order_money`,`f`.`one_child_num`,`f`.`one_child_fenxiao_num`,`fl`.`one_rate`,`fl`.`level_num` FROM `gxfc_fenxiao` `f` INNER JOIN `gxfc_member` `m` ON `f`.`member_id`=`m`.`member_id` INNER JOIN `gxfc_fenxiao_level` `fl` ON `f`.`level_id`=`fl`.`level_id` WHERE  `f`.`member_id` = 2365  AND `f`.`status` = 1  AND `f`.`is_delete` = 0 LIMIT 1 [ RunTime:0.000456s ]
[2022-11-22T19:57:55+08:00][sql] SHOW FULL COLUMNS FROM `gxfc_fenxiao_level` [ RunTime:0.000588s ]
[2022-11-22T19:57:55+08:00][sql] SELECT * FROM `gxfc_fenxiao_level` WHERE  `level_num` >= 1  AND `level_id` <> 1 ORDER BY `level_num` ASC,`one_rate` ASC LIMIT 1 [ RunTime:0.000351s ]
[2022-11-22T19:57:55+08:00][sql] SHOW FULL COLUMNS FROM `gxfc_fenxiao_order` [ RunTime:0.000733s ]
[2022-11-22T19:57:55+08:00][sql] SELECT sum(one_commission) as commission FROM `gxfc_fenxiao_order` WHERE  `one_fenxiao_id` = 33  AND `create_time` BETWEEN 1669046400 AND 1669132800   AND `is_settlement` = 1 LIMIT 1 [ RunTime:0.000355s ]
[2022-11-22T19:57:55+08:00][sql] SELECT sum(two_commission) as commission FROM `gxfc_fenxiao_order` WHERE  `two_fenxiao_id` = 33  AND `create_time` BETWEEN 1669046400 AND 1669132800   AND `is_settlement` = 1 LIMIT 1 [ RunTime:0.000269s ]
[2022-11-22T19:57:55+08:00][sql] SELECT sum(three_commission) as commission FROM `gxfc_fenxiao_order` WHERE  `three_fenxiao_id` = 33  AND `create_time` BETWEEN 1669046400 AND 1669132800   AND `is_settlement` = 1 LIMIT 1 [ RunTime:0.000276s ]
[2022-11-22T19:57:55+08:00][sql] SELECT sum(real_goods_money) as real_goods_money FROM `gxfc_fenxiao_order` WHERE  ( `one_fenxiao_id` = 33 OR `two_fenxiao_id` = 33 OR `three_fenxiao_id` = 33 ) LIMIT 1 [ RunTime:0.000265s ]
[2022-11-22T19:57:55+08:00][sql] CONNECT:[ UseTime:0.000420s ] mysql:host=127.0.0.1;port=3306;dbname=hunqin;charset=utf8
[2022-11-22T19:57:55+08:00][sql] SHOW FULL COLUMNS FROM `gxfc_member` [ RunTime:0.000861s ]
[2022-11-22T19:57:55+08:00][sql] SELECT `member_id` FROM `gxfc_member` WHERE  `status` = 0 [ RunTime:0.000302s ]
[2022-11-22T19:57:55+08:00][sql] SELECT `member_id`,`source_member`,`fenxiao_id`,`is_fenxiao`,`username`,`nickname`,`mobile`,`email`,`password`,`status`,`headimg`,`member_level`,`member_level_name`,`member_label`,`member_label_name`,`qq`,`qq_openid`,`wx_openid`,`weapp_openid`,`wx_unionid`,`ali_openid`,`baidu_openid`,`toutiao_openid`,`douyin_openid`,`login_ip`,`login_type`,`login_time`,`last_login_ip`,`last_login_type`,`last_login_time`,`login_num`,`realname`,`sex`,`location`,`birthday`,`reg_time`,`point`,`balance`,`growth`,`balance_money`,`account5`,`is_auth`,`sign_time`,`sign_days_series`,`pay_password`,`order_money`,`order_complete_money`,`order_num`,`order_complete_num`,`balance_withdraw_apply`,`balance_withdraw`,`is_delete`,`login_type_name`,`hospital_id`,`is_commander`,`self_cl_id`,`hospital_name`,`self_leader_name`,`cl_id`,`is_fenxiao_order`,`expiration_time`,`start_time`,`is_fenxiao_charge` FROM `gxfc_member` WHERE  `member_id` = 2365 LIMIT 1 [ RunTime:0.000555s ]
[2022-11-22T19:57:55+08:00][sql] SELECT `nickname`,`headimg` FROM `gxfc_member` WHERE  `member_id` = 2365 LIMIT 1 [ RunTime:0.000432s ]
[2022-11-22T19:58:55+08:00][sql] CONNECT:[ UseTime:0.000534s ] mysql:host=127.0.0.1;port=3306;dbname=hunqin;charset=utf8
[2022-11-22T19:58:55+08:00][sql] SHOW FULL COLUMNS FROM `gxfc_member` [ RunTime:0.001375s ]
[2022-11-22T19:58:55+08:00][sql] SELECT `member_id` FROM `gxfc_member` WHERE  `status` = 0 [ RunTime:0.000448s ]
[2022-11-22T19:58:55+08:00][sql] SELECT `member_id`,`source_member`,`fenxiao_id`,`is_fenxiao`,`username`,`nickname`,`mobile`,`email`,`password`,`status`,`headimg`,`member_level`,`member_level_name`,`member_label`,`member_label_name`,`qq`,`qq_openid`,`wx_openid`,`weapp_openid`,`wx_unionid`,`ali_openid`,`baidu_openid`,`toutiao_openid`,`douyin_openid`,`login_ip`,`login_type`,`login_time`,`last_login_ip`,`last_login_type`,`last_login_time`,`login_num`,`realname`,`sex`,`location`,`birthday`,`reg_time`,`point`,`balance`,`growth`,`balance_money`,`account5`,`is_auth`,`sign_time`,`sign_days_series`,`pay_password`,`order_money`,`order_complete_money`,`order_num`,`order_complete_num`,`balance_withdraw_apply`,`balance_withdraw`,`is_delete`,`login_type_name`,`hospital_id`,`is_commander`,`self_cl_id`,`hospital_name`,`self_leader_name`,`cl_id`,`is_fenxiao_order`,`expiration_time`,`start_time`,`is_fenxiao_charge` FROM `gxfc_member` WHERE  `member_id` = 2365 LIMIT 1 [ RunTime:0.000851s ]
[2022-11-22T19:58:55+08:00][sql] CONNECT:[ UseTime:0.000436s ] mysql:host=127.0.0.1;port=3306;dbname=hunqin;charset=utf8
[2022-11-22T19:58:55+08:00][sql] SHOW FULL COLUMNS FROM `gxfc_fenxiao` [ RunTime:0.000918s ]
[2022-11-22T19:58:55+08:00][sql] SHOW FULL COLUMNS FROM `gxfc_member` [ RunTime:0.001041s ]
[2022-11-22T19:58:55+08:00][sql] SELECT `f`.*,pf.fenxiao_name as parent_name,`nm`.`nickname`,`nm`.`headimg` FROM `gxfc_fenxiao` `f` LEFT JOIN `gxfc_fenxiao` `pf` ON `pf`.`fenxiao_id`=`f`.`parent` INNER JOIN `gxfc_member` `nm` ON `nm`.`member_id`=`f`.`member_id` WHERE  `f`.`member_id` = 2365  AND `f`.`is_delete` = 0 LIMIT 1 [ RunTime:0.000789s ]
[2022-11-22T19:58:55+08:00][sql] SELECT `member_id` FROM `gxfc_member` WHERE  `status` = 0 [ RunTime:0.000305s ]
[2022-11-22T19:58:55+08:00][sql] SELECT COUNT(*) AS think_count FROM `gxfc_member` WHERE  `fenxiao_id` = 33  AND `is_fenxiao` = 0  AND `is_delete` = 0 [ RunTime:0.000361s ]
[2022-11-22T19:58:55+08:00][sql] SELECT `member_id`,`source_member`,`fenxiao_id`,`is_fenxiao`,`username`,`nickname`,`mobile`,`email`,`password`,`status`,`headimg`,`member_level`,`member_level_name`,`member_label`,`member_label_name`,`qq`,`qq_openid`,`wx_openid`,`weapp_openid`,`wx_unionid`,`ali_openid`,`baidu_openid`,`toutiao_openid`,`douyin_openid`,`login_ip`,`login_type`,`login_time`,`last_login_ip`,`last_login_type`,`last_login_time`,`login_num`,`realname`,`sex`,`location`,`birthday`,`reg_time`,`point`,`balance`,`growth`,`balance_money`,`account5`,`is_auth`,`sign_time`,`sign_days_series`,`pay_password`,`order_money`,`order_complete_money`,`order_num`,`order_complete_num`,`balance_withdraw_apply`,`balance_withdraw`,`is_delete`,`login_type_name`,`hospital_id`,`is_commander`,`self_cl_id`,`hospital_name`,`self_leader_name`,`cl_id`,`is_fenxiao_order`,`expiration_time`,`start_time`,`is_fenxiao_charge` FROM `gxfc_member` WHERE  `member_id` = 2365 LIMIT 1 [ RunTime:0.000559s ]
[2022-11-22T19:58:55+08:00][sql] SELECT `f`.`level_id`,`m`.`order_num`,`m`.`order_money`,`f`.`one_fenxiao_order_num`,`f`.`one_fenxiao_order_money`,`f`.`one_child_num`,`f`.`one_child_fenxiao_num`,`fl`.`one_rate`,`fl`.`level_num` FROM `gxfc_fenxiao` `f` INNER JOIN `gxfc_member` `m` ON `f`.`member_id`=`m`.`member_id` INNER JOIN `gxfc_fenxiao_level` `fl` ON `f`.`level_id`=`fl`.`level_id` WHERE  `f`.`member_id` = 2365  AND `f`.`status` = 1  AND `f`.`is_delete` = 0 LIMIT 1 [ RunTime:0.000615s ]
[2022-11-22T19:58:55+08:00][sql] SHOW FULL COLUMNS FROM `gxfc_fenxiao_level` [ RunTime:0.000607s ]
[2022-11-22T19:58:55+08:00][sql] SHOW FULL COLUMNS FROM `gxfc_fenxiao` [ RunTime:0.000724s ]
[2022-11-22T19:58:55+08:00][sql] SELECT * FROM `gxfc_fenxiao_level` WHERE  `level_num` >= 1  AND `level_id` <> 1 ORDER BY `level_num` ASC,`one_rate` ASC LIMIT 1 [ RunTime:0.000402s ]
[2022-11-22T19:58:55+08:00][sql] SELECT `fenxiao_id`,`fenxiao_no`,`fenxiao_name`,`mobile`,`member_id`,`level_id`,`level_name`,`parent`,`grand_parent`,`account`,`account_withdraw`,`account_withdraw_apply`,`status`,`create_time`,`audit_time`,`lock_time`,`one_fenxiao_order_num`,`one_fenxiao_order_money`,`one_child_num`,`one_child_fenxiao_num`,`two_child_fenxiao_num`,`total_commission`,`is_delete`,`two_rate` FROM `gxfc_fenxiao` WHERE  `member_id` = 2365 LIMIT 1 [ RunTime:0.000387s ]
[2022-11-22T19:58:55+08:00][sql] SELECT `member_id`,`source_member`,`fenxiao_id`,`is_fenxiao`,`username`,`nickname`,`mobile`,`email`,`password`,`status`,`headimg`,`member_level`,`member_level_name`,`member_label`,`member_label_name`,`qq`,`qq_openid`,`wx_openid`,`weapp_openid`,`wx_unionid`,`ali_openid`,`baidu_openid`,`toutiao_openid`,`douyin_openid`,`login_ip`,`login_type`,`login_time`,`last_login_ip`,`last_login_type`,`last_login_time`,`login_num`,`realname`,`sex`,`location`,`birthday`,`reg_time`,`point`,`balance`,`growth`,`balance_money`,`account5`,`is_auth`,`sign_time`,`sign_days_series`,`pay_password`,`order_money`,`order_complete_money`,`order_num`,`order_complete_num`,`balance_withdraw_apply`,`balance_withdraw`,`is_delete`,`login_type_name`,`hospital_id`,`is_commander`,`self_cl_id`,`hospital_name`,`self_leader_name`,`cl_id`,`is_fenxiao_order`,`expiration_time`,`start_time`,`is_fenxiao_charge` FROM `gxfc_member` WHERE  `source_member` = 2365 [ RunTime:0.000628s ]
[2022-11-22T19:58:55+08:00][sql] SHOW FULL COLUMNS FROM `gxfc_fenxiao_account` [ RunTime:0.000678s ]
[2022-11-22T19:58:55+08:00][sql] SELECT `id`,`account_no`,`fenxiao_id`,`fenxiao_name`,`money`,`type`,`type_name`,`relate_id`,`create_time` FROM `gxfc_fenxiao_account` WHERE  `fenxiao_id` = 33 [ RunTime:0.000334s ]
[2022-11-22T19:58:55+08:00][sql] SHOW FULL COLUMNS FROM `gxfc_fenxiao_order` [ RunTime:0.000848s ]
[2022-11-22T19:58:55+08:00][sql] SELECT sum(one_commission) as commission FROM `gxfc_fenxiao_order` WHERE  `one_fenxiao_id` = 33  AND `create_time` BETWEEN 1669046400 AND 1669132800   AND `is_settlement` = 1 LIMIT 1 [ RunTime:0.000327s ]
[2022-11-22T19:58:55+08:00][sql] SELECT sum(two_commission) as commission FROM `gxfc_fenxiao_order` WHERE  `two_fenxiao_id` = 33  AND `create_time` BETWEEN 1669046400 AND 1669132800   AND `is_settlement` = 1 LIMIT 1 [ RunTime:0.000445s ]
[2022-11-22T19:58:55+08:00][sql] SELECT sum(three_commission) as commission FROM `gxfc_fenxiao_order` WHERE  `three_fenxiao_id` = 33  AND `create_time` BETWEEN 1669046400 AND 1669132800   AND `is_settlement` = 1 LIMIT 1 [ RunTime:0.000356s ]
[2022-11-22T19:58:55+08:00][sql] SELECT sum(real_goods_money) as real_goods_money FROM `gxfc_fenxiao_order` WHERE  ( `one_fenxiao_id` = 33 OR `two_fenxiao_id` = 33 OR `three_fenxiao_id` = 33 ) LIMIT 1 [ RunTime:0.000373s ]
