[2022-11-27T12:31:48+08:00][sql] CONNECT:[ UseTime:0.000411s ] mysql:host=127.0.0.1;port=3306;dbname=hunqin;charset=utf8
[2022-11-27T12:31:48+08:00][sql] SHOW FULL COLUMNS FROM `gxfc_menu` [ RunTime:0.000810s ]
[2022-11-27T12:31:48+08:00][sql] SELECT `id`,`app_module`,`name`,`title`,`parent`,`level`,`url`,`is_show`,`sort`,`desc`,`picture`,`is_icon`,`picture_select`,`is_control`,`addon` FROM `gxfc_menu` WHERE  `url` = 'wechat://admin/Wechat/setting'  AND `app_module` = 'admin' ORDER BY `level` DESC LIMIT 1 [ RunTime:0.000443s ]
[2022-11-27T12:31:48+08:00][sql] SELECT `id`,`app_module`,`name`,`title`,`parent`,`level`,`url`,`is_show`,`sort`,`desc`,`picture`,`is_icon`,`picture_select`,`is_control`,`addon` FROM `gxfc_menu` WHERE  `name` = 'WECHAT_SETTING'  AND `app_module` = 'admin' LIMIT 1 [ RunTime:0.000434s ]
[2022-11-27T12:31:48+08:00][sql] SELECT `id`,`app_module`,`name`,`title`,`parent`,`level`,`url`,`is_show`,`sort`,`desc`,`picture`,`is_icon`,`picture_select`,`is_control`,`addon` FROM `gxfc_menu` WHERE  `name` = 'WECHAT_ROOT'  AND `app_module` = 'admin' LIMIT 1 [ RunTime:0.000378s ]
[2022-11-27T12:31:48+08:00][sql] SELECT `id`,`app_module`,`name`,`title`,`parent`,`level`,`url`,`is_show`,`sort`,`desc`,`picture`,`is_icon`,`picture_select`,`is_control`,`addon` FROM `gxfc_menu` WHERE  `name` = 'CHANNEL_ROOT'  AND `app_module` = 'admin' LIMIT 1 [ RunTime:0.000339s ]
[2022-11-27T13:52:52+08:00][sql] CONNECT:[ UseTime:0.000406s ] mysql:host=127.0.0.1;port=3306;dbname=hunqin;charset=utf8
[2022-11-27T13:52:52+08:00][sql] SHOW FULL COLUMNS FROM `gxfc_shop` [ RunTime:0.000994s ]
[2022-11-27T13:52:52+08:00][sql] SELECT `website_id`,`site_name`,`logo`,`is_own`,`level_id`,`category_id`,`group_id`,`seo_keywords`,`seo_description`,`expire_time`,`shop_status` FROM `gxfc_shop` WHERE  `site_id` = 1 LIMIT 1 [ RunTime:0.000401s ]
[2022-11-27T13:52:52+08:00][sql] SHOW FULL COLUMNS FROM `gxfc_menu` [ RunTime:0.000679s ]
[2022-11-27T13:52:52+08:00][sql] SELECT `id`,`app_module`,`name`,`title`,`parent`,`level`,`url`,`is_show`,`sort`,`desc`,`picture`,`is_icon`,`picture_select`,`is_control`,`addon` FROM `gxfc_menu` WHERE  `url` = 'freeshipping://shop/Freeshipping/lists'  AND `app_module` = 'shop' ORDER BY `level` DESC LIMIT 1 [ RunTime:0.000439s ]
[2022-11-27T13:52:52+08:00][sql] SELECT `id`,`app_module`,`name`,`title`,`parent`,`level`,`url`,`is_show`,`sort`,`desc`,`picture`,`is_icon`,`picture_select`,`is_control`,`addon` FROM `gxfc_menu` WHERE  `name` = 'PROMOTION_FREESHIPPING_LIST'  AND `app_module` = 'shop' LIMIT 1 [ RunTime:0.000344s ]
[2022-11-27T13:52:52+08:00][sql] SELECT `id`,`app_module`,`name`,`title`,`parent`,`level`,`url`,`is_show`,`sort`,`desc`,`picture`,`is_icon`,`picture_select`,`is_control`,`addon` FROM `gxfc_menu` WHERE  `name` = 'PROMOTION_FREESHIPPING'  AND `app_module` = 'shop' LIMIT 1 [ RunTime:0.000334s ]
[2022-11-27T13:52:52+08:00][sql] SHOW FULL COLUMNS FROM `gxfc_addon` [ RunTime:0.000544s ]
[2022-11-27T13:52:52+08:00][sql] SELECT `name`,`title` FROM `gxfc_addon` WHERE  `name` = 'freeshipping' LIMIT 1 [ RunTime:0.000245s ]
[2022-11-27T13:52:53+08:00][sql] CONNECT:[ UseTime:0.000485s ] mysql:host=127.0.0.1;port=3306;dbname=hunqin;charset=utf8
[2022-11-27T13:52:53+08:00][sql] SHOW FULL COLUMNS FROM `gxfc_shop` [ RunTime:0.001013s ]
[2022-11-27T13:52:53+08:00][sql] SELECT `website_id`,`site_name`,`logo`,`is_own`,`level_id`,`category_id`,`group_id`,`seo_keywords`,`seo_description`,`expire_time`,`shop_status` FROM `gxfc_shop` WHERE  `site_id` = 1 LIMIT 1 [ RunTime:0.000395s ]
[2022-11-27T13:52:53+08:00][sql] SHOW FULL COLUMNS FROM `gxfc_promotion_freeshipping` [ RunTime:0.000935s ]
[2022-11-27T13:52:53+08:00][sql] SELECT COUNT(*) AS think_count FROM `gxfc_promotion_freeshipping` `a` WHERE  `site_id` = 1 ORDER BY `price` ASC [ RunTime:0.000329s ]
[2022-11-27T13:52:53+08:00][sql] SELECT * FROM `gxfc_promotion_freeshipping` `a` WHERE  `site_id` = 1 ORDER BY `price` ASC LIMIT 0,10 [ RunTime:0.000304s ]
[2022-11-27T13:52:57+08:00][sql] CONNECT:[ UseTime:0.000416s ] mysql:host=127.0.0.1;port=3306;dbname=hunqin;charset=utf8
[2022-11-27T13:52:57+08:00][sql] SHOW FULL COLUMNS FROM `gxfc_shop` [ RunTime:0.000951s ]
[2022-11-27T13:52:57+08:00][sql] SELECT `website_id`,`site_name`,`logo`,`is_own`,`level_id`,`category_id`,`group_id`,`seo_keywords`,`seo_description`,`expire_time`,`shop_status` FROM `gxfc_shop` WHERE  `site_id` = 1 LIMIT 1 [ RunTime:0.000442s ]
[2022-11-27T13:52:57+08:00][sql] SHOW FULL COLUMNS FROM `gxfc_menu` [ RunTime:0.000645s ]
[2022-11-27T13:52:57+08:00][sql] SELECT `id`,`app_module`,`name`,`title`,`parent`,`level`,`url`,`is_show`,`sort`,`desc`,`picture`,`is_icon`,`picture_select`,`is_control`,`addon` FROM `gxfc_menu` WHERE  `url` = 'bargain://shop/Bargain/lists'  AND `app_module` = 'shop' ORDER BY `level` DESC LIMIT 1 [ RunTime:0.000444s ]
[2022-11-27T13:52:57+08:00][sql] SELECT `id`,`app_module`,`name`,`title`,`parent`,`level`,`url`,`is_show`,`sort`,`desc`,`picture`,`is_icon`,`picture_select`,`is_control`,`addon` FROM `gxfc_menu` WHERE  `name` = 'PROMOTION_BARGAIN_LIST'  AND `app_module` = 'shop' LIMIT 1 [ RunTime:0.000367s ]
[2022-11-27T13:52:57+08:00][sql] SELECT `id`,`app_module`,`name`,`title`,`parent`,`level`,`url`,`is_show`,`sort`,`desc`,`picture`,`is_icon`,`picture_select`,`is_control`,`addon` FROM `gxfc_menu` WHERE  `name` = 'PROMOTION_BARGAIN'  AND `app_module` = 'shop' LIMIT 1 [ RunTime:0.000339s ]
[2022-11-27T13:52:57+08:00][sql] SHOW FULL COLUMNS FROM `gxfc_addon` [ RunTime:0.000569s ]
[2022-11-27T13:52:57+08:00][sql] SELECT `name`,`title` FROM `gxfc_addon` WHERE  `name` = 'bargain' LIMIT 1 [ RunTime:0.000220s ]
[2022-11-27T13:52:57+08:00][sql] SELECT `parent` FROM `gxfc_menu` WHERE  `url` = 'bargain://shop/bargain/lists'  AND `level` = 4 LIMIT 1 [ RunTime:0.000410s ]
[2022-11-27T13:52:57+08:00][sql] SELECT * FROM `gxfc_menu` WHERE  `app_module` = 'shop'  AND `is_show` = 1  AND `parent` = 'PROMOTION_BARGAIN' ORDER BY `sort` ASC [ RunTime:0.000421s ]
[2022-11-27T13:52:58+08:00][sql] CONNECT:[ UseTime:0.000413s ] mysql:host=127.0.0.1;port=3306;dbname=hunqin;charset=utf8
[2022-11-27T13:52:58+08:00][sql] SHOW FULL COLUMNS FROM `gxfc_shop` [ RunTime:0.001031s ]
[2022-11-27T13:52:58+08:00][sql] SELECT `website_id`,`site_name`,`logo`,`is_own`,`level_id`,`category_id`,`group_id`,`seo_keywords`,`seo_description`,`expire_time`,`shop_status` FROM `gxfc_shop` WHERE  `site_id` = 1 LIMIT 1 [ RunTime:0.000455s ]
[2022-11-27T13:52:58+08:00][sql] SHOW FULL COLUMNS FROM `gxfc_promotion_bargain` [ RunTime:0.001009s ]
[2022-11-27T13:52:58+08:00][sql] SELECT COUNT(*) AS think_count FROM `gxfc_promotion_bargain` `pb` INNER JOIN `gxfc_goods` `g` ON `g`.`goods_id`=`pb`.`goods_id` INNER JOIN `gxfc_goods_sku` `sku` ON `g`.`sku_id`=`sku`.`sku_id` INNER JOIN `gxfc_shop` `s` ON `s`.`site_id`=`pb`.`site_id` WHERE  `pb`.`site_id` = 1  AND `g`.`goods_state` = 1  AND `g`.`is_delete` = 0 ORDER BY `pb`.`create_time` DESC [ RunTime:0.000604s ]
[2022-11-27T13:52:58+08:00][sql] SELECT `pb`.*,`g`.`goods_name`,`g`.`goods_image`,`g`.`price`,`sku`.`sku_id`,`sku`.`price`,`sku`.`sku_name`,`sku`.`sku_image`,sku.stock as goods_stock,`g`.`recommend_way` FROM `gxfc_promotion_bargain` `pb` INNER JOIN `gxfc_goods` `g` ON `g`.`goods_id`=`pb`.`goods_id` INNER JOIN `gxfc_goods_sku` `sku` ON `g`.`sku_id`=`sku`.`sku_id` INNER JOIN `gxfc_shop` `s` ON `s`.`site_id`=`pb`.`site_id` WHERE  `pb`.`site_id` = 1  AND `g`.`goods_state` = 1  AND `g`.`is_delete` = 0 ORDER BY `pb`.`create_time` DESC LIMIT 0,10 [ RunTime:0.000635s ]
[2022-11-27T13:54:27+08:00][sql] CONNECT:[ UseTime:0.000448s ] mysql:host=127.0.0.1;port=3306;dbname=hunqin;charset=utf8
[2022-11-27T13:54:27+08:00][sql] SHOW FULL COLUMNS FROM `gxfc_shop` [ RunTime:0.001314s ]
[2022-11-27T13:54:27+08:00][sql] SELECT `website_id`,`site_name`,`logo`,`is_own`,`level_id`,`category_id`,`group_id`,`seo_keywords`,`seo_description`,`expire_time`,`shop_status` FROM `gxfc_shop` WHERE  `site_id` = 1 LIMIT 1 [ RunTime:0.000446s ]
[2022-11-27T13:54:27+08:00][sql] SHOW FULL COLUMNS FROM `gxfc_menu` [ RunTime:0.000724s ]
[2022-11-27T13:54:27+08:00][sql] SELECT `id`,`app_module`,`name`,`title`,`parent`,`level`,`url`,`is_show`,`sort`,`desc`,`picture`,`is_icon`,`picture_select`,`is_control`,`addon` FROM `gxfc_menu` WHERE  `url` = 'bundling://shop/Bundling/lists'  AND `app_module` = 'shop' ORDER BY `level` DESC LIMIT 1 [ RunTime:0.000462s ]
[2022-11-27T13:54:27+08:00][sql] SELECT `id`,`app_module`,`name`,`title`,`parent`,`level`,`url`,`is_show`,`sort`,`desc`,`picture`,`is_icon`,`picture_select`,`is_control`,`addon` FROM `gxfc_menu` WHERE  `name` = 'PROMOTION_BUNDLING'  AND `app_module` = 'shop' LIMIT 1 [ RunTime:0.000393s ]
[2022-11-27T13:54:27+08:00][sql] SHOW FULL COLUMNS FROM `gxfc_addon` [ RunTime:0.000559s ]
[2022-11-27T13:54:27+08:00][sql] SELECT `name`,`title` FROM `gxfc_addon` WHERE  `name` = 'bundling' LIMIT 1 [ RunTime:0.000253s ]
[2022-11-27T13:54:27+08:00][sql] CONNECT:[ UseTime:0.000438s ] mysql:host=127.0.0.1;port=3306;dbname=hunqin;charset=utf8
[2022-11-27T13:54:27+08:00][sql] SHOW FULL COLUMNS FROM `gxfc_shop` [ RunTime:0.000969s ]
[2022-11-27T13:54:27+08:00][sql] SELECT `website_id`,`site_name`,`logo`,`is_own`,`level_id`,`category_id`,`group_id`,`seo_keywords`,`seo_description`,`expire_time`,`shop_status` FROM `gxfc_shop` WHERE  `site_id` = 1 LIMIT 1 [ RunTime:0.000394s ]
[2022-11-27T13:54:27+08:00][sql] SHOW FULL COLUMNS FROM `gxfc_promotion_bundling` [ RunTime:0.000691s ]
[2022-11-27T13:54:27+08:00][sql] SELECT COUNT(*) AS think_count FROM `gxfc_promotion_bundling` `a` WHERE  `site_id` = 1  AND `bl_name` LIKE '%%' ORDER BY `update_time` DESC [ RunTime:0.000299s ]
[2022-11-27T13:54:27+08:00][sql] SELECT * FROM `gxfc_promotion_bundling` `a` WHERE  `site_id` = 1  AND `bl_name` LIKE '%%' ORDER BY `update_time` DESC LIMIT 0,10 [ RunTime:0.000292s ]
