[2022-12-03T11:48:38+08:00][sql] CONNECT:[ UseTime:0.000479s ] mysql:host=127.0.0.1;port=3306;dbname=hunqin;charset=utf8
[2022-12-03T11:48:38+08:00][sql] SHOW FULL COLUMNS FROM `gxfc_member` [ RunTime:0.001416s ]
[2022-12-03T11:48:38+08:00][sql] SELECT `member_id` FROM `gxfc_member` WHERE  `status` = 0 [ RunTime:0.000454s ]
[2022-12-03T11:48:38+08:00][sql] SELECT `member_id`,`source_member`,`fenxiao_id`,`is_fenxiao`,`username`,`nickname`,`mobile`,`email`,`password`,`status`,`headimg`,`member_level`,`member_level_name`,`member_label`,`member_label_name`,`qq`,`qq_openid`,`wx_openid`,`weapp_openid`,`wx_unionid`,`ali_openid`,`baidu_openid`,`toutiao_openid`,`douyin_openid`,`login_ip`,`login_type`,`login_time`,`last_login_ip`,`last_login_type`,`last_login_time`,`login_num`,`realname`,`sex`,`location`,`birthday`,`reg_time`,`point`,`balance`,`growth`,`balance_money`,`account5`,`is_auth`,`sign_time`,`sign_days_series`,`pay_password`,`order_money`,`order_complete_money`,`order_num`,`order_complete_num`,`balance_withdraw_apply`,`balance_withdraw`,`is_delete`,`login_type_name`,`hospital_id`,`is_commander`,`self_cl_id`,`hospital_name`,`self_leader_name`,`cl_id`,`is_fenxiao_order`,`expiration_time`,`start_time`,`is_fenxiao_charge` FROM `gxfc_member` WHERE  `member_id` = 2393 LIMIT 1 [ RunTime:0.000928s ]
[2022-12-03T11:48:38+08:00][sql] SHOW FULL COLUMNS FROM `gxfc_fenxiao` [ RunTime:0.000973s ]
[2022-12-03T11:48:38+08:00][sql] SELECT `fenxiao_id`,`level_id` FROM `gxfc_fenxiao` WHERE  `member_id` = 2393  AND `is_delete` = 0 LIMIT 1 [ RunTime:0.000429s ]
[2022-12-03T11:48:38+08:00][sql] SHOW FULL COLUMNS FROM `gxfc_fenxiao_goods_sku` [ RunTime:0.000829s ]
[2022-12-03T11:48:38+08:00][sql] SELECT `fgs`.`goods_sku_id`,`fgs`.`goods_id`,`fgs`.`sku_id`,`fgs`.`level_id`,`fgs`.`one_rate`,`fgs`.`one_money`,`fgs`.`two_rate`,`fgs`.`two_money`,`fgs`.`three_rate`,`fgs`.`three_money`,`gs`.`discount_price` FROM `gxfc_fenxiao_goods_sku` `fgs` INNER JOIN `gxfc_goods_sku` `gs` ON `fgs`.`sku_id`=`gs`.`sku_id` WHERE  `fgs`.`sku_id` = '1104'  AND `fgs`.`level_id` = 1 LIMIT 1 [ RunTime:0.000507s ]
[2022-12-03T11:48:38+08:00][sql] CONNECT:[ UseTime:0.000467s ] mysql:host=127.0.0.1;port=3306;dbname=hunqin;charset=utf8
[2022-12-03T11:48:38+08:00][sql] SHOW FULL COLUMNS FROM `gxfc_promotion_coupon_type` [ RunTime:0.001319s ]
[2022-12-03T11:48:38+08:00][sql] CONNECT:[ UseTime:0.000374s ] mysql:host=127.0.0.1;port=3306;dbname=hunqin;charset=utf8
[2022-12-03T11:48:38+08:00][sql] SELECT `pct`.`coupon_type_id`,`pct`.`type`,`pct`.`site_id`,`pct`.`coupon_name`,`pct`.`money`,`pct`.`discount`,`pct`.`max_fetch`,`pct`.`at_least`,`pct`.`end_time`,`pct`.`validity_type`,`pct`.`fixed_term`,`pct`.`goods_type`,`pct`.`site_name` FROM `gxfc_promotion_coupon_type` `pct` INNER JOIN `gxfc_shop` `s` ON `s`.`site_id`=`pct`.`site_id` WHERE  `pct`.`status` = 1  AND `pct`.`is_show` = 1  AND ( `pct`.`goods_ids`  like  '%,189,%' or pct.goods_type = 1 )  AND `pct`.`site_id` = '1' ORDER BY `pct`.`money` DESC [ RunTime:0.000745s ]
[2022-12-03T11:48:38+08:00][sql] SHOW FULL COLUMNS FROM `gxfc_goods` [ RunTime:0.001183s ]
[2022-12-03T11:48:38+08:00][sql] SELECT `goods_id`,`goods_name`,`goods_class`,`goods_class_name`,`goods_attr_class`,`goods_attr_name`,`site_id`,`site_name`,`goods_image`,`website_id`,`brand_id`,`brand_name`,`goods_content`,`is_own`,`goods_state`,`category_id`,`category_json`,`verify_state`,`verify_state_remark`,`price`,`market_price`,`cost_price`,`goods_stock`,`goods_stock_alarm`,`is_virtual`,`virtual_indate`,`is_free_shipping`,`shipping_template`,`goods_spec_format`,`goods_attr_format`,`is_delete`,`introduction`,`keywords`,`unit`,`sort`,`create_time`,`modify_time`,`video_url`,`commission_rate`,`sale_num`,`goods_shop_category_ids`,`evaluate`,`evaluate_shaitu`,`evaluate_shipin`,`evaluate_zhuiping`,`evaluate_haoping`,`evaluate_zhongping`,`evaluate_chaping`,`is_fenxiao`,`fenxiao_type`,`supplier_id`,`max_buy`,`min_buy`,`timer_on`,`timer_off`,`supply_goods_id`,`discount_config`,`discount_method`,`sku_id`,`promotion_addon`,`category_name`,`recommend_way`,`wj_off`,`is_sale`,`is_lease`,`cash_pledge` FROM `gxfc_goods` WHERE  `goods_id` = 189 LIMIT 1 [ RunTime:0.000782s ]
[2022-12-03T11:48:38+08:00][sql] SHOW FULL COLUMNS FROM `gxfc_promotion_manjian` [ RunTime:0.000958s ]
[2022-12-03T11:48:38+08:00][sql] SELECT `manjian_id`,`site_id`,`manjian_name`,`manjian_type`,`goods_ids`,`status`,`start_time`,`end_time`,`rule_json` FROM `gxfc_promotion_manjian` WHERE  `status` = 1  AND (`goods_ids` LIKE '189' OR `goods_ids` LIKE '%189,%' OR `goods_ids` LIKE '%189' OR `goods_ids` LIKE '%,189,%' OR `goods_ids` LIKE '')  AND `end_time` > 1670039318  AND `site_id` = 1 ORDER BY `create_time` DESC LIMIT 1 [ RunTime:0.000490s ]
[2022-12-03T11:48:38+08:00][sql] CONNECT:[ UseTime:0.000389s ] mysql:host=127.0.0.1;port=3306;dbname=hunqin;charset=utf8
[2022-12-03T11:48:38+08:00][sql] SHOW FULL COLUMNS FROM `gxfc_goods_sku` [ RunTime:0.001208s ]
[2022-12-03T11:48:38+08:00][sql] SELECT `goods_id` FROM `gxfc_goods_sku` WHERE  `sku_id` = 1104 LIMIT 1 [ RunTime:0.000409s ]
[2022-12-03T11:48:38+08:00][sql] SELECT `sku_id`,`site_id`,`goods_id`,`sku_name`,`sku_no`,`sku_spec_format`,`price`,`market_price`,`cost_price`,`discount_price`,`promotion_type`,`start_time`,`end_time`,`stock`,`weight`,`volume`,`click_num`,`sale_num`,`collect_num`,`sku_image`,`sku_images`,`goods_class`,`goods_class_name`,`goods_attr_class`,`goods_attr_name`,`goods_name`,`site_name`,`website_id`,`brand_id`,`brand_name`,`goods_content`,`is_own`,`goods_state`,`verify_state`,`verify_state_remark`,`goods_stock_alarm`,`is_virtual`,`virtual_indate`,`is_free_shipping`,`shipping_template`,`goods_spec_format`,`goods_attr_format`,`is_delete`,`introduction`,`keywords`,`unit`,`sort`,`create_time`,`modify_time`,`video_url`,`goods_shop_category_ids`,`evaluate`,`evaluate_shaitu`,`evaluate_shipin`,`evaluate_zhuiping`,`evaluate_haoping`,`evaluate_zhongping`,`evaluate_chaping`,`spec_name`,`supplier_id`,`max_buy`,`min_buy`,`supply_goods_id`,`supply_sku_id`,`fenxiao_price`,`stock_alarm`,`sale_sort`,`is_default`,`discount_config`,`discount_method`,`recommend_way`,`cash_pledge`,`is_lease` FROM `gxfc_goods_sku` WHERE  `goods_id` = 189 [ RunTime:0.000741s ]
[2022-12-03T11:48:38+08:00][sql] SHOW FULL COLUMNS FROM `gxfc_promotion_bundling_goods` [ RunTime:0.000679s ]
[2022-12-03T11:48:38+08:00][sql] SELECT `bl_id` FROM `gxfc_promotion_bundling_goods` WHERE  `sku_id` = 1104 [ RunTime:0.000286s ]
[2022-12-03T11:48:38+08:00][sql] CONNECT:[ UseTime:0.000383s ] mysql:host=127.0.0.1;port=3306;dbname=hunqin;charset=utf8
[2022-12-03T11:48:38+08:00][sql] SHOW FULL COLUMNS FROM `gxfc_member` [ RunTime:0.000849s ]
[2022-12-03T11:48:38+08:00][sql] SELECT `member_id` FROM `gxfc_member` WHERE  `status` = 0 [ RunTime:0.000310s ]
[2022-12-03T11:48:38+08:00][sql] SELECT `member_id`,`source_member`,`fenxiao_id`,`is_fenxiao`,`username`,`nickname`,`mobile`,`email`,`password`,`status`,`headimg`,`member_level`,`member_level_name`,`member_label`,`member_label_name`,`qq`,`qq_openid`,`wx_openid`,`weapp_openid`,`wx_unionid`,`ali_openid`,`baidu_openid`,`toutiao_openid`,`douyin_openid`,`login_ip`,`login_type`,`login_time`,`last_login_ip`,`last_login_type`,`last_login_time`,`login_num`,`realname`,`sex`,`location`,`birthday`,`reg_time`,`point`,`balance`,`growth`,`balance_money`,`account5`,`is_auth`,`sign_time`,`sign_days_series`,`pay_password`,`order_money`,`order_complete_money`,`order_num`,`order_complete_num`,`balance_withdraw_apply`,`balance_withdraw`,`is_delete`,`login_type_name`,`hospital_id`,`is_commander`,`self_cl_id`,`hospital_name`,`self_leader_name`,`cl_id`,`is_fenxiao_order`,`expiration_time`,`start_time`,`is_fenxiao_charge` FROM `gxfc_member` WHERE  `member_id` = 2393 LIMIT 1 [ RunTime:0.000577s ]
[2022-12-03T11:48:38+08:00][sql] SHOW FULL COLUMNS FROM `gxfc_fenxiao` [ RunTime:0.000617s ]
[2022-12-03T11:48:38+08:00][sql] SELECT `fenxiao_id`,`level_id` FROM `gxfc_fenxiao` WHERE  `member_id` = 2393  AND `is_delete` = 0 LIMIT 1 [ RunTime:0.000302s ]
[2022-12-03T11:48:38+08:00][sql] SHOW FULL COLUMNS FROM `gxfc_fenxiao_goods_sku` [ RunTime:0.000654s ]
[2022-12-03T11:48:38+08:00][sql] SELECT `fgs`.`goods_sku_id`,`fgs`.`goods_id`,`fgs`.`sku_id`,`fgs`.`level_id`,`fgs`.`one_rate`,`fgs`.`one_money`,`fgs`.`two_rate`,`fgs`.`two_money`,`fgs`.`three_rate`,`fgs`.`three_money`,`gs`.`discount_price` FROM `gxfc_fenxiao_goods_sku` `fgs` INNER JOIN `gxfc_goods_sku` `gs` ON `fgs`.`sku_id`=`gs`.`sku_id` WHERE  `fgs`.`sku_id` = '1104'  AND `fgs`.`level_id` = 1 LIMIT 1 [ RunTime:0.000340s ]
