[2022-12-07T10:02:31+08:00][sql] CONNECT:[ UseTime:0.000411s ] mysql:host=127.0.0.1;port=3306;dbname=hunqin;charset=utf8
[2022-12-07T10:02:31+08:00][sql] SHOW FULL COLUMNS FROM `gxfc_addon` [ RunTime:0.000775s ]
[2022-12-07T10:02:31+08:00][sql] SELECT `name` FROM `gxfc_addon` [ RunTime:0.000330s ]
[2022-12-07T10:02:32+08:00][sql] SHOW FULL COLUMNS FROM `gxfc_group` [ RunTime:0.000871s ]
[2022-12-07T10:02:32+08:00][sql] SELECT * FROM `gxfc_group` WHERE  `group_id` = 1  AND `site_id` = 0  AND `app_module` = 'admin' LIMIT 1 [ RunTime:0.000405s ]
[2022-12-07T10:02:32+08:00][sql] SHOW FULL COLUMNS FROM `gxfc_menu` [ RunTime:0.000589s ]
[2022-12-07T10:02:32+08:00][sql] SELECT * FROM `gxfc_menu` WHERE  `app_module` = 'admin'  AND `is_show` = 1 ORDER BY `sort` ASC [ RunTime:0.001600s ]
[2022-12-07T10:02:32+08:00][sql] SELECT `id`,`app_module`,`name`,`title`,`parent`,`level`,`url`,`is_show`,`sort`,`desc`,`picture`,`is_icon`,`picture_select`,`is_control`,`addon` FROM `gxfc_menu` WHERE  `url` = 'admin/System/addon'  AND `app_module` = 'admin' ORDER BY `level` DESC LIMIT 1 [ RunTime:0.000434s ]
[2022-12-07T10:02:32+08:00][sql] SELECT `id`,`app_module`,`name`,`title`,`parent`,`level`,`url`,`is_show`,`sort`,`desc`,`picture`,`is_icon`,`picture_select`,`is_control`,`addon` FROM `gxfc_menu` WHERE  `name` = 'CONFIG_SYSTEM_ADDON'  AND `app_module` = 'admin' LIMIT 1 [ RunTime:0.000369s ]
[2022-12-07T10:02:32+08:00][sql] SELECT `id`,`app_module`,`name`,`title`,`parent`,`level`,`url`,`is_show`,`sort`,`desc`,`picture`,`is_icon`,`picture_select`,`is_control`,`addon` FROM `gxfc_menu` WHERE  `name` = 'CONFIG_SYSTEM'  AND `app_module` = 'admin' LIMIT 1 [ RunTime:0.000450s ]
[2022-12-07T10:02:32+08:00][sql] SELECT `id`,`app_module`,`name`,`title`,`parent`,`level`,`url`,`is_show`,`sort`,`desc`,`picture`,`is_icon`,`picture_select`,`is_control`,`addon` FROM `gxfc_menu` WHERE  `name` = 'CONFIG_ROOT'  AND `app_module` = 'admin' LIMIT 1 [ RunTime:0.000403s ]
[2022-12-07T10:02:32+08:00][sql] SHOW FULL COLUMNS FROM `gxfc_website` [ RunTime:0.000689s ]
[2022-12-07T10:02:32+08:00][sql] SELECT `title`,`logo`,`desc`,`keywords`,`web_status`,`close_reason` FROM `gxfc_website` WHERE  `site_id` = 0 LIMIT 1 [ RunTime:0.000288s ]
[2022-12-07T10:02:32+08:00][sql] SHOW FULL COLUMNS FROM `gxfc_config` [ RunTime:0.000613s ]
[2022-12-07T10:02:32+08:00][sql] SELECT `site_id`,`app_module`,`config_key`,`value`,`config_desc`,`is_use`,`create_time`,`modify_time` FROM `gxfc_config` WHERE  `site_id` = 0  AND `app_module` = 'admin'  AND `config_key` = 'COPYRIGHT' LIMIT 1 [ RunTime:0.000273s ]
[2022-12-07T10:02:32+08:00][sql] SELECT `site_id`,`app_module`,`config_key`,`value`,`config_desc`,`is_use`,`create_time`,`modify_time` FROM `gxfc_config` WHERE  `site_id` = 0  AND `app_module` = 'admin'  AND `config_key` = 'DEFAULT_IMAGE' LIMIT 1 [ RunTime:0.000333s ]
[2022-12-07T10:02:32+08:00][sql] SELECT `name` FROM `gxfc_addon` [ RunTime:0.000399s ]
[2022-12-07T10:02:32+08:00][sql] SELECT `parent` FROM `gxfc_menu` WHERE  `url` = 'admin/system/addon'  AND `level` = 4 LIMIT 1 [ RunTime:0.000388s ]
[2022-12-07T10:03:24+08:00][sql] CONNECT:[ UseTime:0.000474s ] mysql:host=127.0.0.1;port=3306;dbname=hunqin;charset=utf8
[2022-12-07T10:03:24+08:00][sql] SHOW FULL COLUMNS FROM `gxfc_addon` [ RunTime:0.000659s ]
[2022-12-07T10:03:24+08:00][sql] SELECT `name` FROM `gxfc_addon` [ RunTime:0.000237s ]
[2022-12-07T10:03:25+08:00][sql] SHOW FULL COLUMNS FROM `gxfc_group` [ RunTime:0.000706s ]
[2022-12-07T10:03:25+08:00][sql] SELECT * FROM `gxfc_group` WHERE  `group_id` = 1  AND `site_id` = 0  AND `app_module` = 'admin' LIMIT 1 [ RunTime:0.000366s ]
[2022-12-07T10:03:25+08:00][sql] SHOW FULL COLUMNS FROM `gxfc_menu` [ RunTime:0.000641s ]
[2022-12-07T10:03:25+08:00][sql] SELECT * FROM `gxfc_menu` WHERE  `app_module` = 'admin'  AND `is_show` = 1 ORDER BY `sort` ASC [ RunTime:0.001478s ]
[2022-12-07T10:03:25+08:00][sql] SELECT `id`,`app_module`,`name`,`title`,`parent`,`level`,`url`,`is_show`,`sort`,`desc`,`picture`,`is_icon`,`picture_select`,`is_control`,`addon` FROM `gxfc_menu` WHERE  `url` = 'admin/System/addon'  AND `app_module` = 'admin' ORDER BY `level` DESC LIMIT 1 [ RunTime:0.000451s ]
[2022-12-07T10:03:25+08:00][sql] SELECT `id`,`app_module`,`name`,`title`,`parent`,`level`,`url`,`is_show`,`sort`,`desc`,`picture`,`is_icon`,`picture_select`,`is_control`,`addon` FROM `gxfc_menu` WHERE  `name` = 'CONFIG_SYSTEM_ADDON'  AND `app_module` = 'admin' LIMIT 1 [ RunTime:0.000324s ]
[2022-12-07T10:03:25+08:00][sql] SELECT `id`,`app_module`,`name`,`title`,`parent`,`level`,`url`,`is_show`,`sort`,`desc`,`picture`,`is_icon`,`picture_select`,`is_control`,`addon` FROM `gxfc_menu` WHERE  `name` = 'CONFIG_SYSTEM'  AND `app_module` = 'admin' LIMIT 1 [ RunTime:0.000336s ]
[2022-12-07T10:03:25+08:00][sql] SELECT `id`,`app_module`,`name`,`title`,`parent`,`level`,`url`,`is_show`,`sort`,`desc`,`picture`,`is_icon`,`picture_select`,`is_control`,`addon` FROM `gxfc_menu` WHERE  `name` = 'CONFIG_ROOT'  AND `app_module` = 'admin' LIMIT 1 [ RunTime:0.000306s ]
[2022-12-07T10:03:25+08:00][sql] SHOW FULL COLUMNS FROM `gxfc_website` [ RunTime:0.000702s ]
[2022-12-07T10:03:25+08:00][sql] SELECT `title`,`logo`,`desc`,`keywords`,`web_status`,`close_reason` FROM `gxfc_website` WHERE  `site_id` = 0 LIMIT 1 [ RunTime:0.000289s ]
[2022-12-07T10:03:25+08:00][sql] SHOW FULL COLUMNS FROM `gxfc_config` [ RunTime:0.000577s ]
[2022-12-07T10:03:25+08:00][sql] SELECT `site_id`,`app_module`,`config_key`,`value`,`config_desc`,`is_use`,`create_time`,`modify_time` FROM `gxfc_config` WHERE  `site_id` = 0  AND `app_module` = 'admin'  AND `config_key` = 'COPYRIGHT' LIMIT 1 [ RunTime:0.000308s ]
[2022-12-07T10:03:25+08:00][sql] SELECT `site_id`,`app_module`,`config_key`,`value`,`config_desc`,`is_use`,`create_time`,`modify_time` FROM `gxfc_config` WHERE  `site_id` = 0  AND `app_module` = 'admin'  AND `config_key` = 'DEFAULT_IMAGE' LIMIT 1 [ RunTime:0.000343s ]
[2022-12-07T10:03:25+08:00][sql] SELECT `name` FROM `gxfc_addon` [ RunTime:0.000401s ]
[2022-12-07T10:03:25+08:00][sql] SELECT `parent` FROM `gxfc_menu` WHERE  `url` = 'admin/system/addon'  AND `level` = 4 LIMIT 1 [ RunTime:0.000466s ]
[2022-12-07T10:03:34+08:00][sql] CONNECT:[ UseTime:0.000404s ] mysql:host=127.0.0.1;port=3306;dbname=hunqin;charset=utf8
[2022-12-07T10:03:34+08:00][sql] SHOW FULL COLUMNS FROM `gxfc_menu` [ RunTime:0.000708s ]
[2022-12-07T10:03:34+08:00][sql] SELECT `id`,`app_module`,`name`,`title`,`parent`,`level`,`url`,`is_show`,`sort`,`desc`,`picture`,`is_icon`,`picture_select`,`is_control`,`addon` FROM `gxfc_menu` WHERE  `url` = 'wechat://admin/Wechat/setting'  AND `app_module` = 'admin' ORDER BY `level` DESC LIMIT 1 [ RunTime:0.000460s ]
[2022-12-07T10:03:34+08:00][sql] SELECT `id`,`app_module`,`name`,`title`,`parent`,`level`,`url`,`is_show`,`sort`,`desc`,`picture`,`is_icon`,`picture_select`,`is_control`,`addon` FROM `gxfc_menu` WHERE  `name` = 'WECHAT_SETTING'  AND `app_module` = 'admin' LIMIT 1 [ RunTime:0.000409s ]
[2022-12-07T10:03:34+08:00][sql] SELECT `id`,`app_module`,`name`,`title`,`parent`,`level`,`url`,`is_show`,`sort`,`desc`,`picture`,`is_icon`,`picture_select`,`is_control`,`addon` FROM `gxfc_menu` WHERE  `name` = 'WECHAT_ROOT'  AND `app_module` = 'admin' LIMIT 1 [ RunTime:0.000329s ]
[2022-12-07T10:03:34+08:00][sql] SELECT `id`,`app_module`,`name`,`title`,`parent`,`level`,`url`,`is_show`,`sort`,`desc`,`picture`,`is_icon`,`picture_select`,`is_control`,`addon` FROM `gxfc_menu` WHERE  `name` = 'CHANNEL_ROOT'  AND `app_module` = 'admin' LIMIT 1 [ RunTime:0.000334s ]
[2022-12-07T10:03:58+08:00][sql] CONNECT:[ UseTime:0.000444s ] mysql:host=127.0.0.1;port=3306;dbname=hunqin;charset=utf8
[2022-12-07T10:03:58+08:00][sql] SHOW FULL COLUMNS FROM `gxfc_addon` [ RunTime:0.000717s ]
[2022-12-07T10:03:58+08:00][sql] SELECT `name` FROM `gxfc_addon` [ RunTime:0.000283s ]
[2022-12-07T10:03:59+08:00][sql] SHOW FULL COLUMNS FROM `gxfc_group` [ RunTime:0.000705s ]
[2022-12-07T10:03:59+08:00][sql] SELECT * FROM `gxfc_group` WHERE  `group_id` = 1  AND `site_id` = 0  AND `app_module` = 'admin' LIMIT 1 [ RunTime:0.000387s ]
[2022-12-07T10:03:59+08:00][sql] SHOW FULL COLUMNS FROM `gxfc_menu` [ RunTime:0.000725s ]
[2022-12-07T10:03:59+08:00][sql] SELECT * FROM `gxfc_menu` WHERE  `app_module` = 'admin'  AND `is_show` = 1 ORDER BY `sort` ASC [ RunTime:0.001381s ]
[2022-12-07T10:03:59+08:00][sql] SELECT `id`,`app_module`,`name`,`title`,`parent`,`level`,`url`,`is_show`,`sort`,`desc`,`picture`,`is_icon`,`picture_select`,`is_control`,`addon` FROM `gxfc_menu` WHERE  `url` = 'admin/System/cache'  AND `app_module` = 'admin' ORDER BY `level` DESC LIMIT 1 [ RunTime:0.000458s ]
[2022-12-07T10:03:59+08:00][sql] SELECT `id`,`app_module`,`name`,`title`,`parent`,`level`,`url`,`is_show`,`sort`,`desc`,`picture`,`is_icon`,`picture_select`,`is_control`,`addon` FROM `gxfc_menu` WHERE  `name` = 'CONFIG_SYSTEM_CACHE'  AND `app_module` = 'admin' LIMIT 1 [ RunTime:0.000315s ]
[2022-12-07T10:03:59+08:00][sql] SELECT `id`,`app_module`,`name`,`title`,`parent`,`level`,`url`,`is_show`,`sort`,`desc`,`picture`,`is_icon`,`picture_select`,`is_control`,`addon` FROM `gxfc_menu` WHERE  `name` = 'CONFIG_SYSTEM'  AND `app_module` = 'admin' LIMIT 1 [ RunTime:0.000349s ]
[2022-12-07T10:03:59+08:00][sql] SELECT `id`,`app_module`,`name`,`title`,`parent`,`level`,`url`,`is_show`,`sort`,`desc`,`picture`,`is_icon`,`picture_select`,`is_control`,`addon` FROM `gxfc_menu` WHERE  `name` = 'CONFIG_ROOT'  AND `app_module` = 'admin' LIMIT 1 [ RunTime:0.000341s ]
[2022-12-07T10:03:59+08:00][sql] SHOW FULL COLUMNS FROM `gxfc_website` [ RunTime:0.000664s ]
[2022-12-07T10:03:59+08:00][sql] SELECT `title`,`logo`,`desc`,`keywords`,`web_status`,`close_reason` FROM `gxfc_website` WHERE  `site_id` = 0 LIMIT 1 [ RunTime:0.000294s ]
[2022-12-07T10:03:59+08:00][sql] SHOW FULL COLUMNS FROM `gxfc_config` [ RunTime:0.000674s ]
[2022-12-07T10:03:59+08:00][sql] SELECT `site_id`,`app_module`,`config_key`,`value`,`config_desc`,`is_use`,`create_time`,`modify_time` FROM `gxfc_config` WHERE  `site_id` = 0  AND `app_module` = 'admin'  AND `config_key` = 'COPYRIGHT' LIMIT 1 [ RunTime:0.000309s ]
[2022-12-07T10:03:59+08:00][sql] SELECT `site_id`,`app_module`,`config_key`,`value`,`config_desc`,`is_use`,`create_time`,`modify_time` FROM `gxfc_config` WHERE  `site_id` = 0  AND `app_module` = 'admin'  AND `config_key` = 'DEFAULT_IMAGE' LIMIT 1 [ RunTime:0.000331s ]
[2022-12-07T10:04:57+08:00][sql] CONNECT:[ UseTime:0.000420s ] mysql:host=127.0.0.1;port=3306;dbname=hunqin;charset=utf8
[2022-12-07T10:04:57+08:00][sql] SHOW FULL COLUMNS FROM `gxfc_addon` [ RunTime:0.000722s ]
[2022-12-07T10:04:57+08:00][sql] SELECT `name` FROM `gxfc_addon` [ RunTime:0.000299s ]
[2022-12-07T10:04:58+08:00][sql] SHOW FULL COLUMNS FROM `gxfc_group` [ RunTime:0.000757s ]
[2022-12-07T10:04:58+08:00][sql] SELECT * FROM `gxfc_group` WHERE  `group_id` = 1  AND `site_id` = 0  AND `app_module` = 'admin' LIMIT 1 [ RunTime:0.000390s ]
[2022-12-07T10:04:58+08:00][sql] SHOW FULL COLUMNS FROM `gxfc_menu` [ RunTime:0.000554s ]
[2022-12-07T10:04:58+08:00][sql] SELECT * FROM `gxfc_menu` WHERE  `app_module` = 'admin'  AND `is_show` = 1 ORDER BY `sort` ASC [ RunTime:0.001568s ]
[2022-12-07T10:04:58+08:00][sql] SELECT `id`,`app_module`,`name`,`title`,`parent`,`level`,`url`,`is_show`,`sort`,`desc`,`picture`,`is_icon`,`picture_select`,`is_control`,`addon` FROM `gxfc_menu` WHERE  `url` = 'admin/Upload/config'  AND `app_module` = 'admin' ORDER BY `level` DESC LIMIT 1 [ RunTime:0.000471s ]
[2022-12-07T10:04:58+08:00][sql] SELECT `id`,`app_module`,`name`,`title`,`parent`,`level`,`url`,`is_show`,`sort`,`desc`,`picture`,`is_icon`,`picture_select`,`is_control`,`addon` FROM `gxfc_menu` WHERE  `name` = 'CONFIG_UPLOAD_SET'  AND `app_module` = 'admin' LIMIT 1 [ RunTime:0.000403s ]
[2022-12-07T10:04:58+08:00][sql] SELECT `id`,`app_module`,`name`,`title`,`parent`,`level`,`url`,`is_show`,`sort`,`desc`,`picture`,`is_icon`,`picture_select`,`is_control`,`addon` FROM `gxfc_menu` WHERE  `name` = 'CONFIG_UPLOAD'  AND `app_module` = 'admin' LIMIT 1 [ RunTime:0.000348s ]
[2022-12-07T10:04:58+08:00][sql] SELECT `id`,`app_module`,`name`,`title`,`parent`,`level`,`url`,`is_show`,`sort`,`desc`,`picture`,`is_icon`,`picture_select`,`is_control`,`addon` FROM `gxfc_menu` WHERE  `name` = 'CONFIG_BASE'  AND `app_module` = 'admin' LIMIT 1 [ RunTime:0.000336s ]
[2022-12-07T10:04:58+08:00][sql] SELECT `id`,`app_module`,`name`,`title`,`parent`,`level`,`url`,`is_show`,`sort`,`desc`,`picture`,`is_icon`,`picture_select`,`is_control`,`addon` FROM `gxfc_menu` WHERE  `name` = 'CONFIG_ROOT'  AND `app_module` = 'admin' LIMIT 1 [ RunTime:0.000421s ]
[2022-12-07T10:04:58+08:00][sql] SHOW FULL COLUMNS FROM `gxfc_website` [ RunTime:0.000628s ]
[2022-12-07T10:04:58+08:00][sql] SELECT `title`,`logo`,`desc`,`keywords`,`web_status`,`close_reason` FROM `gxfc_website` WHERE  `site_id` = 0 LIMIT 1 [ RunTime:0.000298s ]
[2022-12-07T10:04:58+08:00][sql] SHOW FULL COLUMNS FROM `gxfc_config` [ RunTime:0.000593s ]
[2022-12-07T10:04:58+08:00][sql] SELECT `site_id`,`app_module`,`config_key`,`value`,`config_desc`,`is_use`,`create_time`,`modify_time` FROM `gxfc_config` WHERE  `site_id` = 0  AND `app_module` = 'admin'  AND `config_key` = 'COPYRIGHT' LIMIT 1 [ RunTime:0.000308s ]
[2022-12-07T10:04:58+08:00][sql] SELECT `site_id`,`app_module`,`config_key`,`value`,`config_desc`,`is_use`,`create_time`,`modify_time` FROM `gxfc_config` WHERE  `site_id` = 0  AND `app_module` = 'admin'  AND `config_key` = 'DEFAULT_IMAGE' LIMIT 1 [ RunTime:0.000325s ]
[2022-12-07T10:04:58+08:00][sql] SELECT `parent` FROM `gxfc_menu` WHERE  `url` = 'admin/upload/config'  AND `level` = 4 LIMIT 1 [ RunTime:0.000322s ]
[2022-12-07T10:04:58+08:00][sql] SELECT * FROM `gxfc_menu` WHERE  `app_module` = 'admin'  AND `is_show` = 1  AND `parent` = 'CONFIG_UPLOAD' ORDER BY `sort` ASC [ RunTime:0.000475s ]
[2022-12-07T10:04:58+08:00][sql] SELECT `site_id`,`app_module`,`config_key`,`value`,`config_desc`,`is_use`,`create_time`,`modify_time` FROM `gxfc_config` WHERE  `site_id` = 0  AND `app_module` = 'admin'  AND `config_key` = 'UPLOAD_CONFIG' LIMIT 1 [ RunTime:0.000300s ]
[2022-12-07T10:06:07+08:00][sql] CONNECT:[ UseTime:0.000502s ] mysql:host=127.0.0.1;port=3306;dbname=hunqin;charset=utf8
[2022-12-07T10:06:07+08:00][sql] SHOW FULL COLUMNS FROM `gxfc_menu` [ RunTime:0.000746s ]
[2022-12-07T10:06:07+08:00][sql] SELECT `id`,`app_module`,`name`,`title`,`parent`,`level`,`url`,`is_show`,`sort`,`desc`,`picture`,`is_icon`,`picture_select`,`is_control`,`addon` FROM `gxfc_menu` WHERE  `url` = 'alioss://admin/Config/config'  AND `app_module` = 'admin' ORDER BY `level` DESC LIMIT 1 [ RunTime:0.000532s ]
[2022-12-07T10:06:07+08:00][sql] SELECT `id`,`app_module`,`name`,`title`,`parent`,`level`,`url`,`is_show`,`sort`,`desc`,`picture`,`is_icon`,`picture_select`,`is_control`,`addon` FROM `gxfc_menu` WHERE  `name` = 'ALIOSS_CONFIG'  AND `app_module` = 'admin' LIMIT 1 [ RunTime:0.000417s ]
[2022-12-07T10:06:07+08:00][sql] SHOW FULL COLUMNS FROM `gxfc_config` [ RunTime:0.000749s ]
[2022-12-07T10:06:07+08:00][sql] SELECT `site_id`,`app_module`,`config_key`,`value`,`config_desc`,`is_use`,`create_time`,`modify_time` FROM `gxfc_config` WHERE  `site_id` = 0  AND `app_module` = 'admin'  AND `config_key` = 'ALIOSS_CONFIG' LIMIT 1 [ RunTime:0.000319s ]
[2022-12-07T10:06:49+08:00][sql] CONNECT:[ UseTime:0.000502s ] mysql:host=127.0.0.1;port=3306;dbname=hunqin;charset=utf8
[2022-12-07T10:06:49+08:00][sql] SHOW FULL COLUMNS FROM `gxfc_addon` [ RunTime:0.000717s ]
[2022-12-07T10:06:49+08:00][sql] SELECT `name` FROM `gxfc_addon` [ RunTime:0.000313s ]
[2022-12-07T10:06:50+08:00][sql] SHOW FULL COLUMNS FROM `gxfc_group` [ RunTime:0.000739s ]
[2022-12-07T10:06:50+08:00][sql] SELECT * FROM `gxfc_group` WHERE  `group_id` = 1  AND `site_id` = 0  AND `app_module` = 'admin' LIMIT 1 [ RunTime:0.000374s ]
[2022-12-07T10:06:50+08:00][sql] SHOW FULL COLUMNS FROM `gxfc_menu` [ RunTime:0.000531s ]
[2022-12-07T10:06:50+08:00][sql] SELECT * FROM `gxfc_menu` WHERE  `app_module` = 'admin'  AND `is_show` = 1 ORDER BY `sort` ASC [ RunTime:0.001366s ]
[2022-12-07T10:06:50+08:00][sql] SELECT `id`,`app_module`,`name`,`title`,`parent`,`level`,`url`,`is_show`,`sort`,`desc`,`picture`,`is_icon`,`picture_select`,`is_control`,`addon` FROM `gxfc_menu` WHERE  `url` = 'admin/Upload/oss'  AND `app_module` = 'admin' ORDER BY `level` DESC LIMIT 1 [ RunTime:0.000424s ]
[2022-12-07T10:06:50+08:00][sql] SELECT `id`,`app_module`,`name`,`title`,`parent`,`level`,`url`,`is_show`,`sort`,`desc`,`picture`,`is_icon`,`picture_select`,`is_control`,`addon` FROM `gxfc_menu` WHERE  `name` = 'UPLOAD_OSS'  AND `app_module` = 'admin' LIMIT 1 [ RunTime:0.000307s ]
[2022-12-07T10:06:50+08:00][sql] SELECT `id`,`app_module`,`name`,`title`,`parent`,`level`,`url`,`is_show`,`sort`,`desc`,`picture`,`is_icon`,`picture_select`,`is_control`,`addon` FROM `gxfc_menu` WHERE  `name` = 'CONFIG_UPLOAD'  AND `app_module` = 'admin' LIMIT 1 [ RunTime:0.000312s ]
[2022-12-07T10:06:50+08:00][sql] SELECT `id`,`app_module`,`name`,`title`,`parent`,`level`,`url`,`is_show`,`sort`,`desc`,`picture`,`is_icon`,`picture_select`,`is_control`,`addon` FROM `gxfc_menu` WHERE  `name` = 'CONFIG_BASE'  AND `app_module` = 'admin' LIMIT 1 [ RunTime:0.000326s ]
[2022-12-07T10:06:50+08:00][sql] SELECT `id`,`app_module`,`name`,`title`,`parent`,`level`,`url`,`is_show`,`sort`,`desc`,`picture`,`is_icon`,`picture_select`,`is_control`,`addon` FROM `gxfc_menu` WHERE  `name` = 'CONFIG_ROOT'  AND `app_module` = 'admin' LIMIT 1 [ RunTime:0.000343s ]
[2022-12-07T10:06:50+08:00][sql] SHOW FULL COLUMNS FROM `gxfc_website` [ RunTime:0.000633s ]
[2022-12-07T10:06:50+08:00][sql] SELECT `title`,`logo`,`desc`,`keywords`,`web_status`,`close_reason` FROM `gxfc_website` WHERE  `site_id` = 0 LIMIT 1 [ RunTime:0.000244s ]
[2022-12-07T10:06:50+08:00][sql] SHOW FULL COLUMNS FROM `gxfc_config` [ RunTime:0.000522s ]
[2022-12-07T10:06:50+08:00][sql] SELECT `site_id`,`app_module`,`config_key`,`value`,`config_desc`,`is_use`,`create_time`,`modify_time` FROM `gxfc_config` WHERE  `site_id` = 0  AND `app_module` = 'admin'  AND `config_key` = 'COPYRIGHT' LIMIT 1 [ RunTime:0.000258s ]
[2022-12-07T10:06:50+08:00][sql] SELECT `site_id`,`app_module`,`config_key`,`value`,`config_desc`,`is_use`,`create_time`,`modify_time` FROM `gxfc_config` WHERE  `site_id` = 0  AND `app_module` = 'admin'  AND `config_key` = 'DEFAULT_IMAGE' LIMIT 1 [ RunTime:0.000317s ]
[2022-12-07T10:06:50+08:00][sql] SELECT `parent` FROM `gxfc_menu` WHERE  `url` = 'admin/upload/oss'  AND `level` = 4 LIMIT 1 [ RunTime:0.000292s ]
[2022-12-07T10:06:50+08:00][sql] SELECT * FROM `gxfc_menu` WHERE  `app_module` = 'admin'  AND `is_show` = 1  AND `parent` = 'CONFIG_UPLOAD' ORDER BY `sort` ASC [ RunTime:0.000376s ]
[2022-12-07T10:06:56+08:00][sql] CONNECT:[ UseTime:0.000410s ] mysql:host=127.0.0.1;port=3306;dbname=hunqin;charset=utf8
[2022-12-07T10:06:56+08:00][sql] SHOW FULL COLUMNS FROM `gxfc_menu` [ RunTime:0.000658s ]
[2022-12-07T10:06:56+08:00][sql] SELECT `id`,`app_module`,`name`,`title`,`parent`,`level`,`url`,`is_show`,`sort`,`desc`,`picture`,`is_icon`,`picture_select`,`is_control`,`addon` FROM `gxfc_menu` WHERE  `url` = 'qiniu://admin/Config/config'  AND `app_module` = 'admin' ORDER BY `level` DESC LIMIT 1 [ RunTime:0.000475s ]
[2022-12-07T10:06:56+08:00][sql] SELECT `id`,`app_module`,`name`,`title`,`parent`,`level`,`url`,`is_show`,`sort`,`desc`,`picture`,`is_icon`,`picture_select`,`is_control`,`addon` FROM `gxfc_menu` WHERE  `name` = 'QINIU_CONFIG'  AND `app_module` = 'admin' LIMIT 1 [ RunTime:0.000361s ]
[2022-12-07T10:06:56+08:00][sql] SHOW FULL COLUMNS FROM `gxfc_config` [ RunTime:0.000775s ]
[2022-12-07T10:06:56+08:00][sql] SELECT `site_id`,`app_module`,`config_key`,`value`,`config_desc`,`is_use`,`create_time`,`modify_time` FROM `gxfc_config` WHERE  `site_id` = 0  AND `app_module` = 'admin'  AND `config_key` = 'QINIU_CONFIG' LIMIT 1 [ RunTime:0.000378s ]
[2022-12-07T10:50:33+08:00][sql] CONNECT:[ UseTime:0.000442s ] mysql:host=127.0.0.1;port=3306;dbname=hunqin;charset=utf8
[2022-12-07T10:50:33+08:00][sql] SHOW FULL COLUMNS FROM `gxfc_menu` [ RunTime:0.000748s ]
[2022-12-07T10:50:33+08:00][sql] SELECT `id`,`app_module`,`name`,`title`,`parent`,`level`,`url`,`is_show`,`sort`,`desc`,`picture`,`is_icon`,`picture_select`,`is_control`,`addon` FROM `gxfc_menu` WHERE  `url` = 'alioss://admin/Config/config'  AND `app_module` = 'admin' ORDER BY `level` DESC LIMIT 1 [ RunTime:0.000519s ]
[2022-12-07T10:50:33+08:00][sql] SELECT `id`,`app_module`,`name`,`title`,`parent`,`level`,`url`,`is_show`,`sort`,`desc`,`picture`,`is_icon`,`picture_select`,`is_control`,`addon` FROM `gxfc_menu` WHERE  `name` = 'ALIOSS_CONFIG'  AND `app_module` = 'admin' LIMIT 1 [ RunTime:0.000407s ]
[2022-12-07T10:50:33+08:00][sql] SHOW FULL COLUMNS FROM `gxfc_config` [ RunTime:0.000662s ]
[2022-12-07T10:50:33+08:00][sql] SELECT `site_id`,`app_module`,`config_key`,`value`,`config_desc`,`is_use`,`create_time`,`modify_time` FROM `gxfc_config` WHERE  `site_id` = 0  AND `app_module` = 'admin'  AND `config_key` = 'ALIOSS_CONFIG' LIMIT 1 [ RunTime:0.000294s ]
[2022-12-07T13:47:56+08:00][sql] CONNECT:[ UseTime:0.000478s ] mysql:host=127.0.0.1;port=3306;dbname=hunqin;charset=utf8
[2022-12-07T13:47:56+08:00][sql] SHOW FULL COLUMNS FROM `gxfc_config` [ RunTime:0.000716s ]
[2022-12-07T13:47:56+08:00][sql] SELECT `site_id`,`app_module`,`config_key`,`value`,`config_desc`,`is_use`,`create_time`,`modify_time` FROM `gxfc_config` WHERE  `site_id` = 0  AND `app_module` = 'admin'  AND `config_key` = 'WEAPP_CONFIG' LIMIT 1 [ RunTime:0.000407s ]
[2022-12-07T16:47:54+08:00][sql] CONNECT:[ UseTime:0.005970s ] mysql:host=127.0.0.1;port=3306;dbname=hunqin;charset=utf8
[2022-12-07T16:47:54+08:00][sql] SHOW FULL COLUMNS FROM `gxfc_member` [ RunTime:0.001212s ]
[2022-12-07T16:47:54+08:00][sql] SELECT `member_id` FROM `gxfc_member` WHERE  `status` = 0 [ RunTime:0.000344s ]
[2022-12-07T16:47:54+08:00][sql] SELECT `member_id`,`source_member`,`fenxiao_id`,`is_fenxiao`,`username`,`nickname`,`mobile`,`email`,`password`,`status`,`headimg`,`member_level`,`member_level_name`,`member_label`,`member_label_name`,`qq`,`qq_openid`,`wx_openid`,`weapp_openid`,`wx_unionid`,`ali_openid`,`baidu_openid`,`toutiao_openid`,`douyin_openid`,`login_ip`,`login_type`,`login_time`,`last_login_ip`,`last_login_type`,`last_login_time`,`login_num`,`realname`,`sex`,`location`,`birthday`,`reg_time`,`point`,`balance`,`growth`,`balance_money`,`account5`,`is_auth`,`sign_time`,`sign_days_series`,`pay_password`,`order_money`,`order_complete_money`,`order_num`,`order_complete_num`,`balance_withdraw_apply`,`balance_withdraw`,`is_delete`,`login_type_name`,`hospital_id`,`is_commander`,`self_cl_id`,`hospital_name`,`self_leader_name`,`cl_id`,`is_fenxiao_order`,`expiration_time`,`start_time`,`is_fenxiao_charge` FROM `gxfc_member` WHERE  `member_id` = 2387 LIMIT 1 [ RunTime:0.000792s ]
[2022-12-07T16:47:54+08:00][sql] SHOW FULL COLUMNS FROM `gxfc_fenxiao` [ RunTime:0.000767s ]
[2022-12-07T16:47:54+08:00][sql] SELECT `fenxiao_id`,`level_id` FROM `gxfc_fenxiao` WHERE  `member_id` = 2387  AND `is_delete` = 0 LIMIT 1 [ RunTime:0.000379s ]
[2022-12-07T16:47:54+08:00][sql] SHOW FULL COLUMNS FROM `gxfc_fenxiao_goods_sku` [ RunTime:0.000628s ]
[2022-12-07T16:47:54+08:00][sql] SELECT `fgs`.`goods_sku_id`,`fgs`.`goods_id`,`fgs`.`sku_id`,`fgs`.`level_id`,`fgs`.`one_rate`,`fgs`.`one_money`,`fgs`.`two_rate`,`fgs`.`two_money`,`fgs`.`three_rate`,`fgs`.`three_money`,`gs`.`discount_price` FROM `gxfc_fenxiao_goods_sku` `fgs` INNER JOIN `gxfc_goods_sku` `gs` ON `fgs`.`sku_id`=`gs`.`sku_id` WHERE  `fgs`.`sku_id` = '1115'  AND `fgs`.`level_id` = 1 LIMIT 1 [ RunTime:0.000445s ]
[2022-12-07T16:47:54+08:00][sql] SHOW FULL COLUMNS FROM `gxfc_config` [ RunTime:0.002614s ]
[2022-12-07T16:47:54+08:00][sql] SELECT `site_id`,`app_module`,`config_key`,`value`,`config_desc`,`is_use`,`create_time`,`modify_time` FROM `gxfc_config` WHERE  `site_id` = 0  AND `app_module` = 'admin'  AND `config_key` = 'FENXIAO_BASICS_CONFIG' LIMIT 1 [ RunTime:0.000402s ]
[2022-12-07T16:47:54+08:00][sql] SELECT `site_id`,`app_module`,`config_key`,`value`,`config_desc`,`is_use`,`create_time`,`modify_time` FROM `gxfc_config` WHERE  `site_id` = 0  AND `app_module` = 'admin'  AND `config_key` = 'FENXIAO_WORDS_CONFIG' LIMIT 1 [ RunTime:0.000354s ]
[2022-12-07T16:47:55+08:00][sql] CONNECT:[ UseTime:0.000368s ] mysql:host=127.0.0.1;port=3306;dbname=hunqin;charset=utf8
[2022-12-07T16:47:55+08:00][sql] SHOW FULL COLUMNS FROM `gxfc_config` [ RunTime:0.000578s ]
[2022-12-07T16:47:55+08:00][sql] SELECT `site_id`,`app_module`,`config_key`,`value`,`config_desc`,`is_use`,`create_time`,`modify_time` FROM `gxfc_config` WHERE  `site_id` = 0  AND `app_module` = 'admin'  AND `config_key` = 'GOODSCIRCLE_CONFIG' LIMIT 1 [ RunTime:0.000391s ]
[2022-12-07T16:47:55+08:00][sql] CONNECT:[ UseTime:0.002414s ] mysql:host=127.0.0.1;port=3306;dbname=hunqin;charset=utf8
[2022-12-07T16:47:55+08:00][sql] SHOW FULL COLUMNS FROM `gxfc_promotion_coupon_type` [ RunTime:0.001414s ]
[2022-12-07T16:47:55+08:00][sql] SELECT `pct`.`coupon_type_id`,`pct`.`type`,`pct`.`site_id`,`pct`.`coupon_name`,`pct`.`money`,`pct`.`discount`,`pct`.`max_fetch`,`pct`.`at_least`,`pct`.`end_time`,`pct`.`validity_type`,`pct`.`fixed_term`,`pct`.`goods_type`,`pct`.`site_name` FROM `gxfc_promotion_coupon_type` `pct` INNER JOIN `gxfc_shop` `s` ON `s`.`site_id`=`pct`.`site_id` WHERE  `pct`.`status` = 1  AND `pct`.`is_show` = 1  AND ( `pct`.`goods_ids`  like  '%,199,%' or pct.goods_type = 1 )  AND `pct`.`site_id` = '73' ORDER BY `pct`.`money` DESC [ RunTime:0.000779s ]
[2022-12-07T16:47:55+08:00][sql] CONNECT:[ UseTime:0.001461s ] mysql:host=127.0.0.1;port=3306;dbname=hunqin;charset=utf8
[2022-12-07T16:47:55+08:00][sql] SHOW FULL COLUMNS FROM `gxfc_goods` [ RunTime:0.001403s ]
[2022-12-07T16:47:55+08:00][sql] SELECT `goods_id`,`goods_name`,`goods_class`,`goods_class_name`,`goods_attr_class`,`goods_attr_name`,`site_id`,`site_name`,`goods_image`,`website_id`,`brand_id`,`brand_name`,`goods_content`,`is_own`,`goods_state`,`category_id`,`category_json`,`verify_state`,`verify_state_remark`,`price`,`market_price`,`cost_price`,`goods_stock`,`goods_stock_alarm`,`is_virtual`,`virtual_indate`,`is_free_shipping`,`shipping_template`,`goods_spec_format`,`goods_attr_format`,`is_delete`,`introduction`,`keywords`,`unit`,`sort`,`create_time`,`modify_time`,`video_url`,`commission_rate`,`sale_num`,`goods_shop_category_ids`,`evaluate`,`evaluate_shaitu`,`evaluate_shipin`,`evaluate_zhuiping`,`evaluate_haoping`,`evaluate_zhongping`,`evaluate_chaping`,`is_fenxiao`,`fenxiao_type`,`supplier_id`,`max_buy`,`min_buy`,`timer_on`,`timer_off`,`supply_goods_id`,`discount_config`,`discount_method`,`sku_id`,`promotion_addon`,`category_name`,`recommend_way`,`wj_off`,`is_sale`,`is_lease`,`cash_pledge` FROM `gxfc_goods` WHERE  `goods_id` = 199 LIMIT 1 [ RunTime:0.000857s ]
[2022-12-07T16:47:55+08:00][sql] SHOW FULL COLUMNS FROM `gxfc_promotion_manjian` [ RunTime:0.001591s ]
[2022-12-07T16:47:55+08:00][sql] SELECT `manjian_id`,`site_id`,`manjian_name`,`manjian_type`,`goods_ids`,`status`,`start_time`,`end_time`,`rule_json` FROM `gxfc_promotion_manjian` WHERE  `status` = 1  AND (`goods_ids` LIKE '199' OR `goods_ids` LIKE '%199,%' OR `goods_ids` LIKE '%199' OR `goods_ids` LIKE '%,199,%' OR `goods_ids` LIKE '')  AND `end_time` > 1670402875  AND `site_id` = 73 ORDER BY `create_time` DESC LIMIT 1 [ RunTime:0.000769s ]
[2022-12-07T16:47:55+08:00][sql] CONNECT:[ UseTime:0.000339s ] mysql:host=127.0.0.1;port=3306;dbname=hunqin;charset=utf8
[2022-12-07T16:47:55+08:00][sql] SHOW FULL COLUMNS FROM `gxfc_goods_sku` [ RunTime:0.000727s ]
[2022-12-07T16:47:55+08:00][sql] SELECT `goods_id` FROM `gxfc_goods_sku` WHERE  `sku_id` = 1115 LIMIT 1 [ RunTime:0.000247s ]
[2022-12-07T16:47:55+08:00][sql] SELECT `sku_id`,`site_id`,`goods_id`,`sku_name`,`sku_no`,`sku_spec_format`,`price`,`market_price`,`cost_price`,`discount_price`,`promotion_type`,`start_time`,`end_time`,`stock`,`weight`,`volume`,`click_num`,`sale_num`,`collect_num`,`sku_image`,`sku_images`,`goods_class`,`goods_class_name`,`goods_attr_class`,`goods_attr_name`,`goods_name`,`site_name`,`website_id`,`brand_id`,`brand_name`,`goods_content`,`is_own`,`goods_state`,`verify_state`,`verify_state_remark`,`goods_stock_alarm`,`is_virtual`,`virtual_indate`,`is_free_shipping`,`shipping_template`,`goods_spec_format`,`goods_attr_format`,`is_delete`,`introduction`,`keywords`,`unit`,`sort`,`create_time`,`modify_time`,`video_url`,`goods_shop_category_ids`,`evaluate`,`evaluate_shaitu`,`evaluate_shipin`,`evaluate_zhuiping`,`evaluate_haoping`,`evaluate_zhongping`,`evaluate_chaping`,`spec_name`,`supplier_id`,`max_buy`,`min_buy`,`supply_goods_id`,`supply_sku_id`,`fenxiao_price`,`stock_alarm`,`sale_sort`,`is_default`,`discount_config`,`discount_method`,`recommend_way`,`cash_pledge`,`is_lease` FROM `gxfc_goods_sku` WHERE  `goods_id` = 199 [ RunTime:0.000621s ]
[2022-12-07T16:47:55+08:00][sql] SHOW FULL COLUMNS FROM `gxfc_promotion_bundling_goods` [ RunTime:0.000497s ]
[2022-12-07T16:47:55+08:00][sql] SELECT `bl_id` FROM `gxfc_promotion_bundling_goods` WHERE  `sku_id` = 1115 [ RunTime:0.000226s ]
[2022-12-07T16:47:55+08:00][sql] CONNECT:[ UseTime:0.000438s ] mysql:host=127.0.0.1;port=3306;dbname=hunqin;charset=utf8
[2022-12-07T16:47:55+08:00][sql] SHOW FULL COLUMNS FROM `gxfc_member` [ RunTime:0.000946s ]
[2022-12-07T16:47:55+08:00][sql] SELECT `member_id` FROM `gxfc_member` WHERE  `status` = 0 [ RunTime:0.000336s ]
[2022-12-07T16:47:55+08:00][sql] SELECT `member_id`,`source_member`,`fenxiao_id`,`is_fenxiao`,`username`,`nickname`,`mobile`,`email`,`password`,`status`,`headimg`,`member_level`,`member_level_name`,`member_label`,`member_label_name`,`qq`,`qq_openid`,`wx_openid`,`weapp_openid`,`wx_unionid`,`ali_openid`,`baidu_openid`,`toutiao_openid`,`douyin_openid`,`login_ip`,`login_type`,`login_time`,`last_login_ip`,`last_login_type`,`last_login_time`,`login_num`,`realname`,`sex`,`location`,`birthday`,`reg_time`,`point`,`balance`,`growth`,`balance_money`,`account5`,`is_auth`,`sign_time`,`sign_days_series`,`pay_password`,`order_money`,`order_complete_money`,`order_num`,`order_complete_num`,`balance_withdraw_apply`,`balance_withdraw`,`is_delete`,`login_type_name`,`hospital_id`,`is_commander`,`self_cl_id`,`hospital_name`,`self_leader_name`,`cl_id`,`is_fenxiao_order`,`expiration_time`,`start_time`,`is_fenxiao_charge` FROM `gxfc_member` WHERE  `member_id` = 2387 LIMIT 1 [ RunTime:0.000487s ]
[2022-12-07T16:47:55+08:00][sql] SHOW FULL COLUMNS FROM `gxfc_fenxiao` [ RunTime:0.000575s ]
[2022-12-07T16:47:55+08:00][sql] SELECT `fenxiao_id`,`level_id` FROM `gxfc_fenxiao` WHERE  `member_id` = 2387  AND `is_delete` = 0 LIMIT 1 [ RunTime:0.000408s ]
[2022-12-07T16:47:55+08:00][sql] SHOW FULL COLUMNS FROM `gxfc_fenxiao_goods_sku` [ RunTime:0.000527s ]
[2022-12-07T16:47:55+08:00][sql] SELECT `fgs`.`goods_sku_id`,`fgs`.`goods_id`,`fgs`.`sku_id`,`fgs`.`level_id`,`fgs`.`one_rate`,`fgs`.`one_money`,`fgs`.`two_rate`,`fgs`.`two_money`,`fgs`.`three_rate`,`fgs`.`three_money`,`gs`.`discount_price` FROM `gxfc_fenxiao_goods_sku` `fgs` INNER JOIN `gxfc_goods_sku` `gs` ON `fgs`.`sku_id`=`gs`.`sku_id` WHERE  `fgs`.`sku_id` = '1115'  AND `fgs`.`level_id` = 1 LIMIT 1 [ RunTime:0.000318s ]
[2022-12-07T16:53:14+08:00][sql] CONNECT:[ UseTime:0.012703s ] mysql:host=127.0.0.1;port=3306;dbname=hunqin;charset=utf8
[2022-12-07T16:53:14+08:00][sql] SHOW FULL COLUMNS FROM `gxfc_promotion_coupon_type` [ RunTime:0.001362s ]
[2022-12-07T16:53:14+08:00][sql] CONNECT:[ UseTime:0.003162s ] mysql:host=127.0.0.1;port=3306;dbname=hunqin;charset=utf8
[2022-12-07T16:53:14+08:00][sql] SHOW FULL COLUMNS FROM `gxfc_goods` [ RunTime:0.001509s ]
[2022-12-07T16:53:14+08:00][sql] SELECT `goods_id`,`goods_name`,`goods_class`,`goods_class_name`,`goods_attr_class`,`goods_attr_name`,`site_id`,`site_name`,`goods_image`,`website_id`,`brand_id`,`brand_name`,`goods_content`,`is_own`,`goods_state`,`category_id`,`category_json`,`verify_state`,`verify_state_remark`,`price`,`market_price`,`cost_price`,`goods_stock`,`goods_stock_alarm`,`is_virtual`,`virtual_indate`,`is_free_shipping`,`shipping_template`,`goods_spec_format`,`goods_attr_format`,`is_delete`,`introduction`,`keywords`,`unit`,`sort`,`create_time`,`modify_time`,`video_url`,`commission_rate`,`sale_num`,`goods_shop_category_ids`,`evaluate`,`evaluate_shaitu`,`evaluate_shipin`,`evaluate_zhuiping`,`evaluate_haoping`,`evaluate_zhongping`,`evaluate_chaping`,`is_fenxiao`,`fenxiao_type`,`supplier_id`,`max_buy`,`min_buy`,`timer_on`,`timer_off`,`supply_goods_id`,`discount_config`,`discount_method`,`sku_id`,`promotion_addon`,`category_name`,`recommend_way`,`wj_off`,`is_sale`,`is_lease`,`cash_pledge` FROM `gxfc_goods` WHERE  `goods_id` = 215 LIMIT 1 [ RunTime:0.000823s ]
[2022-12-07T16:53:14+08:00][sql] SHOW FULL COLUMNS FROM `gxfc_promotion_manjian` [ RunTime:0.000791s ]
[2022-12-07T16:53:14+08:00][sql] SELECT `manjian_id`,`site_id`,`manjian_name`,`manjian_type`,`goods_ids`,`status`,`start_time`,`end_time`,`rule_json` FROM `gxfc_promotion_manjian` WHERE  `status` = 1  AND (`goods_ids` LIKE '215' OR `goods_ids` LIKE '%215,%' OR `goods_ids` LIKE '%215' OR `goods_ids` LIKE '%,215,%' OR `goods_ids` LIKE '')  AND `end_time` > 1670403194  AND `site_id` = 1 ORDER BY `create_time` DESC LIMIT 1 [ RunTime:0.000589s ]
[2022-12-07T16:53:14+08:00][sql] SELECT `pct`.`coupon_type_id`,`pct`.`type`,`pct`.`site_id`,`pct`.`coupon_name`,`pct`.`money`,`pct`.`discount`,`pct`.`max_fetch`,`pct`.`at_least`,`pct`.`end_time`,`pct`.`validity_type`,`pct`.`fixed_term`,`pct`.`goods_type`,`pct`.`site_name` FROM `gxfc_promotion_coupon_type` `pct` INNER JOIN `gxfc_shop` `s` ON `s`.`site_id`=`pct`.`site_id` WHERE  `pct`.`status` = 1  AND `pct`.`is_show` = 1  AND ( `pct`.`goods_ids`  like  '%,215,%' or pct.goods_type = 1 )  AND `pct`.`site_id` = '1' ORDER BY `pct`.`money` DESC [ RunTime:0.006901s ]
[2022-12-07T16:53:14+08:00][sql] CONNECT:[ UseTime:0.011476s ] mysql:host=127.0.0.1;port=3306;dbname=hunqin;charset=utf8
[2022-12-07T16:53:14+08:00][sql] SHOW FULL COLUMNS FROM `gxfc_goods_sku` [ RunTime:0.001371s ]
[2022-12-07T16:53:14+08:00][sql] SELECT `goods_id` FROM `gxfc_goods_sku` WHERE  `sku_id` = 1123 LIMIT 1 [ RunTime:0.000383s ]
[2022-12-07T16:53:14+08:00][sql] SELECT `sku_id`,`site_id`,`goods_id`,`sku_name`,`sku_no`,`sku_spec_format`,`price`,`market_price`,`cost_price`,`discount_price`,`promotion_type`,`start_time`,`end_time`,`stock`,`weight`,`volume`,`click_num`,`sale_num`,`collect_num`,`sku_image`,`sku_images`,`goods_class`,`goods_class_name`,`goods_attr_class`,`goods_attr_name`,`goods_name`,`site_name`,`website_id`,`brand_id`,`brand_name`,`goods_content`,`is_own`,`goods_state`,`verify_state`,`verify_state_remark`,`goods_stock_alarm`,`is_virtual`,`virtual_indate`,`is_free_shipping`,`shipping_template`,`goods_spec_format`,`goods_attr_format`,`is_delete`,`introduction`,`keywords`,`unit`,`sort`,`create_time`,`modify_time`,`video_url`,`goods_shop_category_ids`,`evaluate`,`evaluate_shaitu`,`evaluate_shipin`,`evaluate_zhuiping`,`evaluate_haoping`,`evaluate_zhongping`,`evaluate_chaping`,`spec_name`,`supplier_id`,`max_buy`,`min_buy`,`supply_goods_id`,`supply_sku_id`,`fenxiao_price`,`stock_alarm`,`sale_sort`,`is_default`,`discount_config`,`discount_method`,`recommend_way`,`cash_pledge`,`is_lease` FROM `gxfc_goods_sku` WHERE  `goods_id` = 215 [ RunTime:0.000915s ]
[2022-12-07T16:53:14+08:00][sql] SHOW FULL COLUMNS FROM `gxfc_promotion_bundling_goods` [ RunTime:0.000716s ]
[2022-12-07T16:53:14+08:00][sql] SELECT `bl_id` FROM `gxfc_promotion_bundling_goods` WHERE  `sku_id` = 1123 [ RunTime:0.000340s ]
[2022-12-07T16:53:19+08:00][sql] CONNECT:[ UseTime:0.002552s ] mysql:host=127.0.0.1;port=3306;dbname=hunqin;charset=utf8
[2022-12-07T16:53:19+08:00][sql] SHOW FULL COLUMNS FROM `gxfc_promotion_coupon_type` [ RunTime:0.002861s ]
[2022-12-07T16:53:19+08:00][sql] SELECT `pct`.`coupon_type_id`,`pct`.`type`,`pct`.`site_id`,`pct`.`coupon_name`,`pct`.`money`,`pct`.`discount`,`pct`.`max_fetch`,`pct`.`at_least`,`pct`.`end_time`,`pct`.`validity_type`,`pct`.`fixed_term`,`pct`.`goods_type`,`pct`.`site_name` FROM `gxfc_promotion_coupon_type` `pct` INNER JOIN `gxfc_shop` `s` ON `s`.`site_id`=`pct`.`site_id` WHERE  `pct`.`status` = 1  AND `pct`.`is_show` = 1  AND ( `pct`.`goods_ids`  like  '%,214,%' or pct.goods_type = 1 )  AND `pct`.`site_id` = '1' ORDER BY `pct`.`money` DESC [ RunTime:0.000890s ]
[2022-12-07T16:53:19+08:00][sql] CONNECT:[ UseTime:0.000394s ] mysql:host=127.0.0.1;port=3306;dbname=hunqin;charset=utf8
[2022-12-07T16:53:19+08:00][sql] SHOW FULL COLUMNS FROM `gxfc_goods` [ RunTime:0.001445s ]
[2022-12-07T16:53:19+08:00][sql] SELECT `goods_id`,`goods_name`,`goods_class`,`goods_class_name`,`goods_attr_class`,`goods_attr_name`,`site_id`,`site_name`,`goods_image`,`website_id`,`brand_id`,`brand_name`,`goods_content`,`is_own`,`goods_state`,`category_id`,`category_json`,`verify_state`,`verify_state_remark`,`price`,`market_price`,`cost_price`,`goods_stock`,`goods_stock_alarm`,`is_virtual`,`virtual_indate`,`is_free_shipping`,`shipping_template`,`goods_spec_format`,`goods_attr_format`,`is_delete`,`introduction`,`keywords`,`unit`,`sort`,`create_time`,`modify_time`,`video_url`,`commission_rate`,`sale_num`,`goods_shop_category_ids`,`evaluate`,`evaluate_shaitu`,`evaluate_shipin`,`evaluate_zhuiping`,`evaluate_haoping`,`evaluate_zhongping`,`evaluate_chaping`,`is_fenxiao`,`fenxiao_type`,`supplier_id`,`max_buy`,`min_buy`,`timer_on`,`timer_off`,`supply_goods_id`,`discount_config`,`discount_method`,`sku_id`,`promotion_addon`,`category_name`,`recommend_way`,`wj_off`,`is_sale`,`is_lease`,`cash_pledge` FROM `gxfc_goods` WHERE  `goods_id` = 214 LIMIT 1 [ RunTime:0.000762s ]
[2022-12-07T16:53:19+08:00][sql] SHOW FULL COLUMNS FROM `gxfc_promotion_manjian` [ RunTime:0.000707s ]
[2022-12-07T16:53:19+08:00][sql] SELECT `manjian_id`,`site_id`,`manjian_name`,`manjian_type`,`goods_ids`,`status`,`start_time`,`end_time`,`rule_json` FROM `gxfc_promotion_manjian` WHERE  `status` = 1  AND (`goods_ids` LIKE '214' OR `goods_ids` LIKE '%214,%' OR `goods_ids` LIKE '%214' OR `goods_ids` LIKE '%,214,%' OR `goods_ids` LIKE '')  AND `end_time` > 1670403199  AND `site_id` = 1 ORDER BY `create_time` DESC LIMIT 1 [ RunTime:0.000574s ]
[2022-12-07T16:53:19+08:00][sql] CONNECT:[ UseTime:0.000421s ] mysql:host=127.0.0.1;port=3306;dbname=hunqin;charset=utf8
[2022-12-07T16:53:19+08:00][sql] SHOW FULL COLUMNS FROM `gxfc_goods_sku` [ RunTime:0.001270s ]
[2022-12-07T16:53:19+08:00][sql] SELECT `goods_id` FROM `gxfc_goods_sku` WHERE  `sku_id` = 1122 LIMIT 1 [ RunTime:0.002984s ]
[2022-12-07T16:53:19+08:00][sql] SELECT `sku_id`,`site_id`,`goods_id`,`sku_name`,`sku_no`,`sku_spec_format`,`price`,`market_price`,`cost_price`,`discount_price`,`promotion_type`,`start_time`,`end_time`,`stock`,`weight`,`volume`,`click_num`,`sale_num`,`collect_num`,`sku_image`,`sku_images`,`goods_class`,`goods_class_name`,`goods_attr_class`,`goods_attr_name`,`goods_name`,`site_name`,`website_id`,`brand_id`,`brand_name`,`goods_content`,`is_own`,`goods_state`,`verify_state`,`verify_state_remark`,`goods_stock_alarm`,`is_virtual`,`virtual_indate`,`is_free_shipping`,`shipping_template`,`goods_spec_format`,`goods_attr_format`,`is_delete`,`introduction`,`keywords`,`unit`,`sort`,`create_time`,`modify_time`,`video_url`,`goods_shop_category_ids`,`evaluate`,`evaluate_shaitu`,`evaluate_shipin`,`evaluate_zhuiping`,`evaluate_haoping`,`evaluate_zhongping`,`evaluate_chaping`,`spec_name`,`supplier_id`,`max_buy`,`min_buy`,`supply_goods_id`,`supply_sku_id`,`fenxiao_price`,`stock_alarm`,`sale_sort`,`is_default`,`discount_config`,`discount_method`,`recommend_way`,`cash_pledge`,`is_lease` FROM `gxfc_goods_sku` WHERE  `goods_id` = 214 [ RunTime:0.000866s ]
[2022-12-07T16:53:19+08:00][sql] SHOW FULL COLUMNS FROM `gxfc_promotion_bundling_goods` [ RunTime:0.000705s ]
[2022-12-07T16:53:19+08:00][sql] SELECT `bl_id` FROM `gxfc_promotion_bundling_goods` WHERE  `sku_id` = 1122 [ RunTime:0.000310s ]
[2022-12-07T16:54:09+08:00][sql] CONNECT:[ UseTime:0.000854s ] mysql:host=127.0.0.1;port=3306;dbname=hunqin;charset=utf8
[2022-12-07T16:54:09+08:00][sql] SHOW FULL COLUMNS FROM `gxfc_promotion_coupon_type` [ RunTime:0.001374s ]
[2022-12-07T16:54:09+08:00][sql] SELECT `pct`.`coupon_type_id`,`pct`.`type`,`pct`.`site_id`,`pct`.`coupon_name`,`pct`.`money`,`pct`.`discount`,`pct`.`max_fetch`,`pct`.`at_least`,`pct`.`end_time`,`pct`.`validity_type`,`pct`.`fixed_term`,`pct`.`goods_type`,`pct`.`site_name` FROM `gxfc_promotion_coupon_type` `pct` INNER JOIN `gxfc_shop` `s` ON `s`.`site_id`=`pct`.`site_id` WHERE  `pct`.`status` = 1  AND `pct`.`is_show` = 1 ORDER BY `pct`.`money` DESC [ RunTime:0.000729s ]
[2022-12-07T16:54:40+08:00][sql] CONNECT:[ UseTime:0.000500s ] mysql:host=127.0.0.1;port=3306;dbname=hunqin;charset=utf8
[2022-12-07T16:54:40+08:00][sql] SHOW FULL COLUMNS FROM `gxfc_promotion_exchange` [ RunTime:0.000877s ]
[2022-12-07T16:54:40+08:00][sql] SELECT COUNT(*) AS think_count FROM `gxfc_promotion_exchange` `peg` WHERE  `peg`.`state` = 1  AND `peg`.`type` = 1 ORDER BY `id` DESC [ RunTime:0.000351s ]
[2022-12-07T16:54:40+08:00][sql] SELECT `peg`.* FROM `gxfc_promotion_exchange` `peg` WHERE  `peg`.`state` = 1  AND `peg`.`type` = 1 ORDER BY `id` DESC LIMIT 0,10 [ RunTime:0.000383s ]
[2022-12-07T16:54:40+08:00][sql] CONNECT:[ UseTime:0.000322s ] mysql:host=127.0.0.1;port=3306;dbname=hunqin;charset=utf8
[2022-12-07T16:54:40+08:00][sql] SHOW FULL COLUMNS FROM `gxfc_promotion_exchange` [ RunTime:0.000793s ]
[2022-12-07T16:54:40+08:00][sql] SELECT COUNT(*) AS think_count FROM `gxfc_promotion_exchange` `peg` WHERE  `peg`.`state` = 1  AND `peg`.`type` = 1 ORDER BY `id` DESC [ RunTime:0.000299s ]
[2022-12-07T16:54:40+08:00][sql] SELECT `peg`.* FROM `gxfc_promotion_exchange` `peg` WHERE  `peg`.`state` = 1  AND `peg`.`type` = 1 ORDER BY `id` DESC LIMIT 0,10 [ RunTime:0.000336s ]
