[2022-12-16T11:35:17+08:00][sql] CONNECT:[ UseTime:0.000916s ] mysql:host=127.0.0.1;port=3306;dbname=hunqin;charset=utf8
[2022-12-16T11:35:17+08:00][sql] SHOW FULL COLUMNS FROM `gxfc_addon` [ RunTime:0.004222s ]
[2022-12-16T11:35:17+08:00][sql] SELECT `name` FROM `gxfc_addon` [ RunTime:0.000584s ]
[2022-12-16T11:35:17+08:00][sql] SHOW FULL COLUMNS FROM `gxfc_group` [ RunTime:0.003613s ]
[2022-12-16T11:35:17+08:00][sql] SELECT * FROM `gxfc_group` WHERE  `group_id` = 1  AND `site_id` = 0  AND `app_module` = 'admin' LIMIT 1 [ RunTime:0.000470s ]
[2022-12-16T11:35:17+08:00][sql] SHOW FULL COLUMNS FROM `gxfc_menu` [ RunTime:0.001569s ]
[2022-12-16T11:35:17+08:00][sql] SELECT * FROM `gxfc_menu` WHERE  `app_module` = 'admin'  AND `is_show` = 1 ORDER BY `sort` ASC [ RunTime:0.004438s ]
[2022-12-16T11:35:17+08:00][sql] SELECT `id`,`app_module`,`name`,`title`,`parent`,`level`,`url`,`is_show`,`sort`,`desc`,`picture`,`is_icon`,`picture_select`,`is_control`,`addon` FROM `gxfc_menu` WHERE  `url` = 'admin/Order/lists'  AND `app_module` = 'admin' ORDER BY `level` DESC LIMIT 1 [ RunTime:0.000820s ]
[2022-12-16T11:35:17+08:00][sql] SELECT `id`,`app_module`,`name`,`title`,`parent`,`level`,`url`,`is_show`,`sort`,`desc`,`picture`,`is_icon`,`picture_select`,`is_control`,`addon` FROM `gxfc_menu` WHERE  `name` = 'ORDER_EXPRESS'  AND `app_module` = 'admin' LIMIT 1 [ RunTime:0.000941s ]
[2022-12-16T11:35:17+08:00][sql] SELECT `id`,`app_module`,`name`,`title`,`parent`,`level`,`url`,`is_show`,`sort`,`desc`,`picture`,`is_icon`,`picture_select`,`is_control`,`addon` FROM `gxfc_menu` WHERE  `name` = 'ORDER_ROOT'  AND `app_module` = 'admin' LIMIT 1 [ RunTime:0.000431s ]
[2022-12-16T11:35:17+08:00][sql] SHOW FULL COLUMNS FROM `gxfc_website` [ RunTime:0.002922s ]
[2022-12-16T11:35:17+08:00][sql] SELECT `title`,`logo`,`desc`,`keywords`,`web_status`,`close_reason` FROM `gxfc_website` WHERE  `site_id` = 0 LIMIT 1 [ RunTime:0.002841s ]
[2022-12-16T11:35:17+08:00][sql] SHOW FULL COLUMNS FROM `gxfc_config` [ RunTime:0.005660s ]
[2022-12-16T11:35:17+08:00][sql] SELECT `site_id`,`app_module`,`config_key`,`value`,`config_desc`,`is_use`,`create_time`,`modify_time` FROM `gxfc_config` WHERE  `site_id` = 0  AND `app_module` = 'admin'  AND `config_key` = 'COPYRIGHT' LIMIT 1 [ RunTime:0.000772s ]
[2022-12-16T11:35:17+08:00][sql] SELECT `site_id`,`app_module`,`config_key`,`value`,`config_desc`,`is_use`,`create_time`,`modify_time` FROM `gxfc_config` WHERE  `site_id` = 0  AND `app_module` = 'admin'  AND `config_key` = 'DEFAULT_IMAGE' LIMIT 1 [ RunTime:0.000638s ]
[2022-12-16T11:35:33+08:00][sql] CONNECT:[ UseTime:0.013372s ] mysql:host=127.0.0.1;port=3306;dbname=hunqin;charset=utf8
[2022-12-16T11:35:33+08:00][sql] SHOW FULL COLUMNS FROM `gxfc_addon` [ RunTime:0.002657s ]
[2022-12-16T11:35:33+08:00][sql] SELECT `name` FROM `gxfc_addon` [ RunTime:0.000476s ]
[2022-12-16T11:35:34+08:00][sql] SHOW FULL COLUMNS FROM `gxfc_group` [ RunTime:0.002079s ]
[2022-12-16T11:35:34+08:00][sql] SELECT * FROM `gxfc_group` WHERE  `group_id` = 1  AND `site_id` = 0  AND `app_module` = 'admin' LIMIT 1 [ RunTime:0.000393s ]
[2022-12-16T11:35:34+08:00][sql] SHOW FULL COLUMNS FROM `gxfc_menu` [ RunTime:0.001267s ]
[2022-12-16T11:35:34+08:00][sql] SELECT * FROM `gxfc_menu` WHERE  `app_module` = 'admin'  AND `is_show` = 1 ORDER BY `sort` ASC [ RunTime:0.001190s ]
[2022-12-16T11:35:34+08:00][sql] SELECT `id`,`app_module`,`name`,`title`,`parent`,`level`,`url`,`is_show`,`sort`,`desc`,`picture`,`is_icon`,`picture_select`,`is_control`,`addon` FROM `gxfc_menu` WHERE  `url` = 'admin/Order/lists'  AND `app_module` = 'admin' ORDER BY `level` DESC LIMIT 1 [ RunTime:0.000818s ]
[2022-12-16T11:35:34+08:00][sql] SELECT `id`,`app_module`,`name`,`title`,`parent`,`level`,`url`,`is_show`,`sort`,`desc`,`picture`,`is_icon`,`picture_select`,`is_control`,`addon` FROM `gxfc_menu` WHERE  `name` = 'ORDER_EXPRESS'  AND `app_module` = 'admin' LIMIT 1 [ RunTime:0.000447s ]
[2022-12-16T11:35:34+08:00][sql] SELECT `id`,`app_module`,`name`,`title`,`parent`,`level`,`url`,`is_show`,`sort`,`desc`,`picture`,`is_icon`,`picture_select`,`is_control`,`addon` FROM `gxfc_menu` WHERE  `name` = 'ORDER_ROOT'  AND `app_module` = 'admin' LIMIT 1 [ RunTime:0.000437s ]
[2022-12-16T11:35:34+08:00][sql] SHOW FULL COLUMNS FROM `gxfc_website` [ RunTime:0.001291s ]
[2022-12-16T11:35:34+08:00][sql] SELECT `title`,`logo`,`desc`,`keywords`,`web_status`,`close_reason` FROM `gxfc_website` WHERE  `site_id` = 0 LIMIT 1 [ RunTime:0.000433s ]
[2022-12-16T11:35:34+08:00][sql] SHOW FULL COLUMNS FROM `gxfc_config` [ RunTime:0.001315s ]
[2022-12-16T11:35:34+08:00][sql] SELECT `site_id`,`app_module`,`config_key`,`value`,`config_desc`,`is_use`,`create_time`,`modify_time` FROM `gxfc_config` WHERE  `site_id` = 0  AND `app_module` = 'admin'  AND `config_key` = 'COPYRIGHT' LIMIT 1 [ RunTime:0.000321s ]
[2022-12-16T11:35:34+08:00][sql] SELECT `site_id`,`app_module`,`config_key`,`value`,`config_desc`,`is_use`,`create_time`,`modify_time` FROM `gxfc_config` WHERE  `site_id` = 0  AND `app_module` = 'admin'  AND `config_key` = 'DEFAULT_IMAGE' LIMIT 1 [ RunTime:0.000645s ]
[2022-12-16T13:38:04+08:00][sql] CONNECT:[ UseTime:0.011656s ] mysql:host=127.0.0.1;port=3306;dbname=hunqin;charset=utf8
[2022-12-16T13:38:04+08:00][sql] SHOW FULL COLUMNS FROM `gxfc_addon` [ RunTime:0.001671s ]
[2022-12-16T13:38:04+08:00][sql] SELECT `name` FROM `gxfc_addon` [ RunTime:0.000383s ]
[2022-12-16T13:38:05+08:00][sql] SHOW FULL COLUMNS FROM `gxfc_group` [ RunTime:0.001802s ]
[2022-12-16T13:38:05+08:00][sql] SELECT * FROM `gxfc_group` WHERE  `group_id` = 1  AND `site_id` = 0  AND `app_module` = 'admin' LIMIT 1 [ RunTime:0.000401s ]
[2022-12-16T13:38:05+08:00][sql] SHOW FULL COLUMNS FROM `gxfc_menu` [ RunTime:0.001305s ]
[2022-12-16T13:38:05+08:00][sql] SELECT * FROM `gxfc_menu` WHERE  `app_module` = 'admin'  AND `is_show` = 1 ORDER BY `sort` ASC [ RunTime:0.001863s ]
[2022-12-16T13:38:05+08:00][sql] SELECT `id`,`app_module`,`name`,`title`,`parent`,`level`,`url`,`is_show`,`sort`,`desc`,`picture`,`is_icon`,`picture_select`,`is_control`,`addon` FROM `gxfc_menu` WHERE  `url` = 'admin/Dtgl/lists'  AND `app_module` = 'admin' ORDER BY `level` DESC LIMIT 1 [ RunTime:0.000564s ]
[2022-12-16T13:38:05+08:00][sql] SELECT `id`,`app_module`,`name`,`title`,`parent`,`level`,`url`,`is_show`,`sort`,`desc`,`picture`,`is_icon`,`picture_select`,`is_control`,`addon` FROM `gxfc_menu` WHERE  `name` = 'DTGL_LIST'  AND `app_module` = 'admin' LIMIT 1 [ RunTime:0.000491s ]
[2022-12-16T13:38:05+08:00][sql] SELECT `id`,`app_module`,`name`,`title`,`parent`,`level`,`url`,`is_show`,`sort`,`desc`,`picture`,`is_icon`,`picture_select`,`is_control`,`addon` FROM `gxfc_menu` WHERE  `name` = 'DTGL_ROOT'  AND `app_module` = 'admin' LIMIT 1 [ RunTime:0.000464s ]
[2022-12-16T13:38:05+08:00][sql] SHOW FULL COLUMNS FROM `gxfc_website` [ RunTime:0.001993s ]
[2022-12-16T13:38:05+08:00][sql] SELECT `title`,`logo`,`desc`,`keywords`,`web_status`,`close_reason` FROM `gxfc_website` WHERE  `site_id` = 0 LIMIT 1 [ RunTime:0.000579s ]
[2022-12-16T13:38:05+08:00][sql] SHOW FULL COLUMNS FROM `gxfc_config` [ RunTime:0.001788s ]
[2022-12-16T13:38:05+08:00][sql] SELECT `site_id`,`app_module`,`config_key`,`value`,`config_desc`,`is_use`,`create_time`,`modify_time` FROM `gxfc_config` WHERE  `site_id` = 0  AND `app_module` = 'admin'  AND `config_key` = 'COPYRIGHT' LIMIT 1 [ RunTime:0.000555s ]
[2022-12-16T13:38:05+08:00][sql] SELECT `site_id`,`app_module`,`config_key`,`value`,`config_desc`,`is_use`,`create_time`,`modify_time` FROM `gxfc_config` WHERE  `site_id` = 0  AND `app_module` = 'admin'  AND `config_key` = 'DEFAULT_IMAGE' LIMIT 1 [ RunTime:0.000711s ]
[2022-12-16T13:38:05+08:00][sql] SHOW FULL COLUMNS FROM `gxfc_dtgl_fenlei` [ RunTime:0.000878s ]
[2022-12-16T13:38:05+08:00][sql] SELECT `id`,`name`,`img`,`sort` FROM `gxfc_dtgl_fenlei` ORDER BY `sort` ASC [ RunTime:0.000290s ]
