[2023-01-11T15:26:23+08:00][sql] CONNECT:[ UseTime:0.000342s ] mysql:host=127.0.0.1;port=3306;dbname=hunqin;charset=utf8
[2023-01-11T15:26:23+08:00][sql] SHOW FULL COLUMNS FROM `gxfc_addon` [ RunTime:0.001120s ]
[2023-01-11T15:26:23+08:00][sql] SELECT `name` FROM `gxfc_addon` [ RunTime:0.000205s ]
[2023-01-11T15:26:24+08:00][sql] SHOW FULL COLUMNS FROM `gxfc_group` [ RunTime:0.001111s ]
[2023-01-11T15:26:24+08:00][sql] SELECT * FROM `gxfc_group` WHERE  `group_id` = 1  AND `site_id` = 0  AND `app_module` = 'admin' LIMIT 1 [ RunTime:0.000277s ]
[2023-01-11T15:26:24+08:00][sql] SHOW FULL COLUMNS FROM `gxfc_menu` [ RunTime:0.001011s ]
[2023-01-11T15:26:24+08:00][sql] SELECT * FROM `gxfc_menu` WHERE  `app_module` = 'admin'  AND `is_show` = 1 ORDER BY `sort` ASC [ RunTime:0.001085s ]
[2023-01-11T15:26:24+08:00][sql] SELECT `id`,`app_module`,`name`,`title`,`parent`,`level`,`url`,`is_show`,`sort`,`desc`,`picture`,`is_icon`,`picture_select`,`is_control`,`addon` FROM `gxfc_menu` WHERE  `url` = 'admin/Wuliao/group'  AND `app_module` = 'admin' ORDER BY `level` DESC LIMIT 1 [ RunTime:0.000322s ]
[2023-01-11T15:26:24+08:00][sql] SELECT `id`,`app_module`,`name`,`title`,`parent`,`level`,`url`,`is_show`,`sort`,`desc`,`picture`,`is_icon`,`picture_select`,`is_control`,`addon` FROM `gxfc_menu` WHERE  `name` = 'WULIAO_TYPE'  AND `app_module` = 'admin' LIMIT 1 [ RunTime:0.000315s ]
[2023-01-11T15:26:24+08:00][sql] SELECT `id`,`app_module`,`name`,`title`,`parent`,`level`,`url`,`is_show`,`sort`,`desc`,`picture`,`is_icon`,`picture_select`,`is_control`,`addon` FROM `gxfc_menu` WHERE  `name` = 'WULIAO_ROOT'  AND `app_module` = 'admin' LIMIT 1 [ RunTime:0.000261s ]
[2023-01-11T15:26:24+08:00][sql] SHOW FULL COLUMNS FROM `gxfc_website` [ RunTime:0.001010s ]
[2023-01-11T15:26:24+08:00][sql] SELECT `title`,`logo`,`desc`,`keywords`,`web_status`,`close_reason` FROM `gxfc_website` WHERE  `site_id` = 0 LIMIT 1 [ RunTime:0.000212s ]
[2023-01-11T15:26:24+08:00][sql] SHOW FULL COLUMNS FROM `gxfc_config` [ RunTime:0.000879s ]
[2023-01-11T15:26:24+08:00][sql] SELECT `site_id`,`app_module`,`config_key`,`value`,`config_desc`,`is_use`,`create_time`,`modify_time` FROM `gxfc_config` WHERE  `site_id` = 0  AND `app_module` = 'admin'  AND `config_key` = 'COPYRIGHT' LIMIT 1 [ RunTime:0.000241s ]
[2023-01-11T15:26:24+08:00][sql] SELECT `site_id`,`app_module`,`config_key`,`value`,`config_desc`,`is_use`,`create_time`,`modify_time` FROM `gxfc_config` WHERE  `site_id` = 0  AND `app_module` = 'admin'  AND `config_key` = 'DEFAULT_IMAGE' LIMIT 1 [ RunTime:0.000240s ]
[2023-01-11T15:26:24+08:00][sql] SHOW FULL COLUMNS FROM `gxfc_wuliao_group` [ RunTime:0.000960s ]
[2023-01-11T15:26:24+08:00][sql] SELECT `id`,`group_name`,`pid`,`level`,`sort` FROM `gxfc_wuliao_group` ORDER BY `sort` ASC [ RunTime:0.000212s ]
[2023-01-11T15:38:57+08:00][sql] CONNECT:[ UseTime:0.000328s ] mysql:host=127.0.0.1;port=3306;dbname=hunqin;charset=utf8
[2023-01-11T15:38:57+08:00][sql] SHOW FULL COLUMNS FROM `gxfc_addon` [ RunTime:0.001030s ]
[2023-01-11T15:38:57+08:00][sql] SELECT `name` FROM `gxfc_addon` [ RunTime:0.000202s ]
[2023-01-11T15:38:58+08:00][sql] SHOW FULL COLUMNS FROM `gxfc_group` [ RunTime:0.001039s ]
[2023-01-11T15:38:58+08:00][sql] SELECT * FROM `gxfc_group` WHERE  `group_id` = 1  AND `site_id` = 0  AND `app_module` = 'admin' LIMIT 1 [ RunTime:0.000346s ]
[2023-01-11T15:38:58+08:00][sql] SHOW FULL COLUMNS FROM `gxfc_menu` [ RunTime:0.000968s ]
[2023-01-11T15:38:58+08:00][sql] SELECT * FROM `gxfc_menu` WHERE  `app_module` = 'admin'  AND `is_show` = 1 ORDER BY `sort` ASC [ RunTime:0.001271s ]
[2023-01-11T15:38:58+08:00][sql] SELECT `id`,`app_module`,`name`,`title`,`parent`,`level`,`url`,`is_show`,`sort`,`desc`,`picture`,`is_icon`,`picture_select`,`is_control`,`addon` FROM `gxfc_menu` WHERE  `url` = 'admin/Company/position'  AND `app_module` = 'admin' ORDER BY `level` DESC LIMIT 1 [ RunTime:0.000364s ]
[2023-01-11T15:38:58+08:00][sql] SELECT `id`,`app_module`,`name`,`title`,`parent`,`level`,`url`,`is_show`,`sort`,`desc`,`picture`,`is_icon`,`picture_select`,`is_control`,`addon` FROM `gxfc_menu` WHERE  `name` = 'DTGL_GS_ZW'  AND `app_module` = 'admin' LIMIT 1 [ RunTime:0.000325s ]
[2023-01-11T15:38:58+08:00][sql] SELECT `id`,`app_module`,`name`,`title`,`parent`,`level`,`url`,`is_show`,`sort`,`desc`,`picture`,`is_icon`,`picture_select`,`is_control`,`addon` FROM `gxfc_menu` WHERE  `name` = 'DTGL_GS'  AND `app_module` = 'admin' LIMIT 1 [ RunTime:0.000300s ]
[2023-01-11T15:38:58+08:00][sql] SHOW FULL COLUMNS FROM `gxfc_website` [ RunTime:0.000961s ]
[2023-01-11T15:38:58+08:00][sql] SELECT `title`,`logo`,`desc`,`keywords`,`web_status`,`close_reason` FROM `gxfc_website` WHERE  `site_id` = 0 LIMIT 1 [ RunTime:0.000242s ]
[2023-01-11T15:38:58+08:00][sql] SHOW FULL COLUMNS FROM `gxfc_config` [ RunTime:0.000862s ]
[2023-01-11T15:38:58+08:00][sql] SELECT `site_id`,`app_module`,`config_key`,`value`,`config_desc`,`is_use`,`create_time`,`modify_time` FROM `gxfc_config` WHERE  `site_id` = 0  AND `app_module` = 'admin'  AND `config_key` = 'COPYRIGHT' LIMIT 1 [ RunTime:0.000256s ]
[2023-01-11T15:38:58+08:00][sql] SELECT `site_id`,`app_module`,`config_key`,`value`,`config_desc`,`is_use`,`create_time`,`modify_time` FROM `gxfc_config` WHERE  `site_id` = 0  AND `app_module` = 'admin'  AND `config_key` = 'DEFAULT_IMAGE' LIMIT 1 [ RunTime:0.000295s ]
[2023-01-11T15:39:49+08:00][sql] CONNECT:[ UseTime:0.000288s ] mysql:host=127.0.0.1;port=3306;dbname=hunqin;charset=utf8
[2023-01-11T15:39:49+08:00][sql] SHOW FULL COLUMNS FROM `gxfc_addon` [ RunTime:0.001023s ]
[2023-01-11T15:39:49+08:00][sql] SELECT `name` FROM `gxfc_addon` [ RunTime:0.000242s ]
[2023-01-11T15:39:50+08:00][sql] SHOW FULL COLUMNS FROM `gxfc_group` [ RunTime:0.001028s ]
[2023-01-11T15:39:50+08:00][sql] SELECT * FROM `gxfc_group` WHERE  `group_id` = 1  AND `site_id` = 0  AND `app_module` = 'admin' LIMIT 1 [ RunTime:0.000279s ]
[2023-01-11T15:39:50+08:00][sql] SHOW FULL COLUMNS FROM `gxfc_menu` [ RunTime:0.000959s ]
[2023-01-11T15:39:50+08:00][sql] SELECT * FROM `gxfc_menu` WHERE  `app_module` = 'admin'  AND `is_show` = 1 ORDER BY `sort` ASC [ RunTime:0.001089s ]
[2023-01-11T15:39:50+08:00][sql] SELECT `id`,`app_module`,`name`,`title`,`parent`,`level`,`url`,`is_show`,`sort`,`desc`,`picture`,`is_icon`,`picture_select`,`is_control`,`addon` FROM `gxfc_menu` WHERE  `url` = 'admin/Wuliao/group'  AND `app_module` = 'admin' ORDER BY `level` DESC LIMIT 1 [ RunTime:0.000326s ]
[2023-01-11T15:39:50+08:00][sql] SELECT `id`,`app_module`,`name`,`title`,`parent`,`level`,`url`,`is_show`,`sort`,`desc`,`picture`,`is_icon`,`picture_select`,`is_control`,`addon` FROM `gxfc_menu` WHERE  `name` = 'WULIAO_TYPE'  AND `app_module` = 'admin' LIMIT 1 [ RunTime:0.000282s ]
[2023-01-11T15:39:50+08:00][sql] SELECT `id`,`app_module`,`name`,`title`,`parent`,`level`,`url`,`is_show`,`sort`,`desc`,`picture`,`is_icon`,`picture_select`,`is_control`,`addon` FROM `gxfc_menu` WHERE  `name` = 'WULIAO_ROOT'  AND `app_module` = 'admin' LIMIT 1 [ RunTime:0.000288s ]
[2023-01-11T15:39:50+08:00][sql] SHOW FULL COLUMNS FROM `gxfc_website` [ RunTime:0.001014s ]
[2023-01-11T15:39:50+08:00][sql] SELECT `title`,`logo`,`desc`,`keywords`,`web_status`,`close_reason` FROM `gxfc_website` WHERE  `site_id` = 0 LIMIT 1 [ RunTime:0.000212s ]
[2023-01-11T15:39:50+08:00][sql] SHOW FULL COLUMNS FROM `gxfc_config` [ RunTime:0.000808s ]
[2023-01-11T15:39:50+08:00][sql] SELECT `site_id`,`app_module`,`config_key`,`value`,`config_desc`,`is_use`,`create_time`,`modify_time` FROM `gxfc_config` WHERE  `site_id` = 0  AND `app_module` = 'admin'  AND `config_key` = 'COPYRIGHT' LIMIT 1 [ RunTime:0.000221s ]
[2023-01-11T15:39:50+08:00][sql] SELECT `site_id`,`app_module`,`config_key`,`value`,`config_desc`,`is_use`,`create_time`,`modify_time` FROM `gxfc_config` WHERE  `site_id` = 0  AND `app_module` = 'admin'  AND `config_key` = 'DEFAULT_IMAGE' LIMIT 1 [ RunTime:0.000233s ]
[2023-01-11T15:39:50+08:00][sql] SHOW FULL COLUMNS FROM `gxfc_wuliao_group` [ RunTime:0.000796s ]
[2023-01-11T15:39:50+08:00][sql] SELECT `id`,`group_name`,`pid`,`level`,`sort` FROM `gxfc_wuliao_group` ORDER BY `sort` ASC [ RunTime:0.000219s ]
[2023-01-11T15:39:58+08:00][sql] CONNECT:[ UseTime:0.000317s ] mysql:host=127.0.0.1;port=3306;dbname=hunqin;charset=utf8
[2023-01-11T15:39:58+08:00][sql] SHOW FULL COLUMNS FROM `gxfc_addon` [ RunTime:0.001026s ]
[2023-01-11T15:39:58+08:00][sql] SELECT `name` FROM `gxfc_addon` [ RunTime:0.000239s ]
[2023-01-11T15:39:59+08:00][sql] SHOW FULL COLUMNS FROM `gxfc_group` [ RunTime:0.001051s ]
[2023-01-11T15:39:59+08:00][sql] SELECT * FROM `gxfc_group` WHERE  `group_id` = 1  AND `site_id` = 0  AND `app_module` = 'admin' LIMIT 1 [ RunTime:0.000343s ]
[2023-01-11T15:39:59+08:00][sql] SHOW FULL COLUMNS FROM `gxfc_menu` [ RunTime:0.001003s ]
[2023-01-11T15:39:59+08:00][sql] SELECT * FROM `gxfc_menu` WHERE  `app_module` = 'admin'  AND `is_show` = 1 ORDER BY `sort` ASC [ RunTime:0.001257s ]
[2023-01-11T15:39:59+08:00][sql] SELECT `id`,`app_module`,`name`,`title`,`parent`,`level`,`url`,`is_show`,`sort`,`desc`,`picture`,`is_icon`,`picture_select`,`is_control`,`addon` FROM `gxfc_menu` WHERE  `url` = 'admin/Wuliao/group'  AND `app_module` = 'admin' ORDER BY `level` DESC LIMIT 1 [ RunTime:0.000365s ]
[2023-01-11T15:39:59+08:00][sql] SELECT `id`,`app_module`,`name`,`title`,`parent`,`level`,`url`,`is_show`,`sort`,`desc`,`picture`,`is_icon`,`picture_select`,`is_control`,`addon` FROM `gxfc_menu` WHERE  `name` = 'WULIAO_TYPE'  AND `app_module` = 'admin' LIMIT 1 [ RunTime:0.000364s ]
[2023-01-11T15:39:59+08:00][sql] SELECT `id`,`app_module`,`name`,`title`,`parent`,`level`,`url`,`is_show`,`sort`,`desc`,`picture`,`is_icon`,`picture_select`,`is_control`,`addon` FROM `gxfc_menu` WHERE  `name` = 'WULIAO_ROOT'  AND `app_module` = 'admin' LIMIT 1 [ RunTime:0.000281s ]
[2023-01-11T15:39:59+08:00][sql] SHOW FULL COLUMNS FROM `gxfc_website` [ RunTime:0.000990s ]
[2023-01-11T15:39:59+08:00][sql] SELECT `title`,`logo`,`desc`,`keywords`,`web_status`,`close_reason` FROM `gxfc_website` WHERE  `site_id` = 0 LIMIT 1 [ RunTime:0.000236s ]
[2023-01-11T15:39:59+08:00][sql] SHOW FULL COLUMNS FROM `gxfc_config` [ RunTime:0.000890s ]
[2023-01-11T15:39:59+08:00][sql] SELECT `site_id`,`app_module`,`config_key`,`value`,`config_desc`,`is_use`,`create_time`,`modify_time` FROM `gxfc_config` WHERE  `site_id` = 0  AND `app_module` = 'admin'  AND `config_key` = 'COPYRIGHT' LIMIT 1 [ RunTime:0.000233s ]
[2023-01-11T15:39:59+08:00][sql] SELECT `site_id`,`app_module`,`config_key`,`value`,`config_desc`,`is_use`,`create_time`,`modify_time` FROM `gxfc_config` WHERE  `site_id` = 0  AND `app_module` = 'admin'  AND `config_key` = 'DEFAULT_IMAGE' LIMIT 1 [ RunTime:0.000243s ]
[2023-01-11T15:39:59+08:00][sql] SHOW FULL COLUMNS FROM `gxfc_wuliao_group` [ RunTime:0.000924s ]
[2023-01-11T15:39:59+08:00][sql] SELECT `id`,`group_name`,`pid`,`level`,`sort` FROM `gxfc_wuliao_group` ORDER BY `sort` ASC [ RunTime:0.000220s ]
[2023-01-11T15:54:24+08:00][sql] CONNECT:[ UseTime:0.000333s ] mysql:host=127.0.0.1;port=3306;dbname=hunqin;charset=utf8
[2023-01-11T15:54:24+08:00][sql] SHOW FULL COLUMNS FROM `gxfc_menu` [ RunTime:0.001026s ]
[2023-01-11T15:54:24+08:00][sql] SELECT `id`,`app_module`,`name`,`title`,`parent`,`level`,`url`,`is_show`,`sort`,`desc`,`picture`,`is_icon`,`picture_select`,`is_control`,`addon` FROM `gxfc_menu` WHERE  `url` = 'wechat://admin/Wechat/setting'  AND `app_module` = 'admin' ORDER BY `level` DESC LIMIT 1 [ RunTime:0.000445s ]
[2023-01-11T15:54:24+08:00][sql] SELECT `id`,`app_module`,`name`,`title`,`parent`,`level`,`url`,`is_show`,`sort`,`desc`,`picture`,`is_icon`,`picture_select`,`is_control`,`addon` FROM `gxfc_menu` WHERE  `name` = 'WECHAT_SETTING'  AND `app_module` = 'admin' LIMIT 1 [ RunTime:0.000341s ]
[2023-01-11T15:54:24+08:00][sql] SELECT `id`,`app_module`,`name`,`title`,`parent`,`level`,`url`,`is_show`,`sort`,`desc`,`picture`,`is_icon`,`picture_select`,`is_control`,`addon` FROM `gxfc_menu` WHERE  `name` = 'WECHAT_ROOT'  AND `app_module` = 'admin' LIMIT 1 [ RunTime:0.000340s ]
[2023-01-11T15:54:24+08:00][sql] SELECT `id`,`app_module`,`name`,`title`,`parent`,`level`,`url`,`is_show`,`sort`,`desc`,`picture`,`is_icon`,`picture_select`,`is_control`,`addon` FROM `gxfc_menu` WHERE  `name` = 'CHANNEL_ROOT'  AND `app_module` = 'admin' LIMIT 1 [ RunTime:0.000313s ]
