[2022-07-16T05:42:37+08:00][sql] CONNECT:[ UseTime:0.000230s ] mysql:host=localhost;port=3306;dbname=ls_chnssl_com;charset=utf8
[2022-07-16T05:42:37+08:00][sql] SHOW FULL COLUMNS FROM `gxfc_website` [ RunTime:0.000994s ]
[2022-07-16T05:42:37+08:00][sql] SELECT `web_phone`,`web_email`,`web_qrcode`,`web_qq`,`web_weixin`,`logo` FROM `gxfc_website` WHERE  `site_id` = 0 LIMIT 1 [ RunTime:0.000212s ]
[2022-07-16T11:00:38+08:00][sql] CONNECT:[ UseTime:0.000224s ] mysql:host=localhost;port=3306;dbname=ls_chnssl_com;charset=utf8
[2022-07-16T11:00:38+08:00][sql] SHOW FULL COLUMNS FROM `gxfc_user` [ RunTime:0.000949s ]
[2022-07-16T11:00:38+08:00][sql] SELECT `uid`,`app_module`,`app_group`,`is_admin`,`site_id`,`group_id`,`group_name`,`username`,`password`,`member_id`,`create_time`,`update_time`,`status`,`login_time`,`login_ip` FROM `gxfc_user` WHERE  `username` = '何峰'  AND `app_module` = 'shop' LIMIT 1 [ RunTime:0.000271s ]
[2022-07-16T11:00:38+08:00][sql] UPDATE `gxfc_user`  SET `login_time` = 1657940438 , `login_ip` = '111.60.119.189'  WHERE  `uid` = 24 [ RunTime:0.011043s ]
[2022-07-16T11:00:38+08:00][sql] SHOW FULL COLUMNS FROM `gxfc_user_log` [ RunTime:0.000744s ]
[2022-07-16T11:00:38+08:00][sql] INSERT INTO `gxfc_user_log` SET `uid` = 24 , `username` = '何峰' , `site_id` = 11 , `url` = 'shop/Login/login' , `ip` = '111.60.119.189' , `data` = '[]' , `action_name` = '用户登录' , `create_time` = 1657940438 [ RunTime:0.003535s ]
[2022-07-16T11:00:39+08:00][sql] CONNECT:[ UseTime:0.000269s ] mysql:host=localhost;port=3306;dbname=ls_chnssl_com;charset=utf8
[2022-07-16T11:00:39+08:00][sql] SHOW FULL COLUMNS FROM `gxfc_shop` [ RunTime:0.001273s ]
[2022-07-16T11:00:39+08:00][sql] SELECT `website_id`,`site_name`,`logo`,`is_own`,`level_id`,`category_id`,`group_id`,`seo_keywords`,`seo_description`,`expire_time`,`shop_status` FROM `gxfc_shop` WHERE  `site_id` = 11 LIMIT 1 [ RunTime:0.000242s ]
[2022-07-16T11:00:39+08:00][sql] SHOW FULL COLUMNS FROM `gxfc_website` [ RunTime:0.000905s ]
[2022-07-16T11:00:39+08:00][sql] SELECT `title`,`logo`,`desc`,`keywords`,`web_status`,`close_reason`,`web_qrcode`,`web_phone` FROM `gxfc_website` WHERE  `site_id` = 0 LIMIT 1 [ RunTime:0.000226s ]
[2022-07-16T11:00:39+08:00][sql] SELECT `site_id`,`expire_time`,`site_name`,`username`,`website_id`,`cert_id`,`is_own`,`level_id`,`level_name`,`category_id`,`category_name`,`group_id`,`group_name`,`member_id`,`member_name`,`shop_status`,`close_info`,`sort`,`start_time`,`end_time`,`logo`,`avatar`,`banner`,`seo_keywords`,`seo_description`,`qq`,`ww`,`telephone`,`is_recommend`,`shop_desccredit`,`shop_servicecredit`,`shop_deliverycredit`,`workingtime`,`shop_baozh`,`shop_baozhopen`,`shop_baozhrmb`,`shop_qtian`,`shop_zhping`,`shop_erxiaoshi`,`shop_tuihuo`,`shop_shiyong`,`shop_shiti`,`shop_xiaoxie`,`shop_free_time`,`shop_sales`,`shop_adv`,`account`,`account_withdraw`,`work_week`,`province`,`province_name`,`city`,`city_name`,`district`,`district_name`,`community`,`community_name`,`address`,`full_address`,`longitude`,`latitude`,`sub_num` FROM `gxfc_shop` WHERE  `site_id` = 11 LIMIT 1 [ RunTime:0.000413s ]
[2022-07-16T11:00:39+08:00][sql] SHOW FULL COLUMNS FROM `gxfc_shop_reopen` [ RunTime:0.000826s ]
[2022-07-16T11:00:39+08:00][sql] SELECT `sr`.*,`s`.`site_name` FROM `gxfc_shop_reopen` `sr` LEFT JOIN `gxfc_shop` `s` ON `s`.`site_id`=`sr`.`site_id` WHERE  `sr`.`site_id` = 11  AND `sr`.`apply_state` IN (1,-1) LIMIT 1 [ RunTime:0.000270s ]
[2022-07-16T11:00:39+08:00][sql] SHOW FULL COLUMNS FROM `gxfc_user` [ RunTime:0.000720s ]
[2022-07-16T11:00:39+08:00][sql] SELECT `username`,`group_name`,`login_time` FROM `gxfc_user` WHERE  `uid` = 24 LIMIT 1 [ RunTime:0.000170s ]
[2022-07-16T11:00:39+08:00][sql] SHOW FULL COLUMNS FROM `gxfc_stat_shop` [ RunTime:0.000948s ]
[2022-07-16T11:00:39+08:00][sql] SELECT `id`,`site_id`,`year`,`month`,`day`,`order_total`,`shipping_total`,`refund_total`,`order_pay_count`,`goods_pay_count`,`shop_money`,`platform_money`,`create_time`,`modify_time`,`collect_shop`,`collect_goods`,`visit_count`,`order_count`,`goods_count`,`add_goods_count`,`day_time`,`member_count` FROM `gxfc_stat_shop` WHERE  `site_id` = 11  AND `year` = 2022  AND `month` = 7  AND `day` = 16 LIMIT 1 [ RunTime:0.000247s ]
[2022-07-16T11:00:39+08:00][sql] INSERT INTO `gxfc_stat_shop` SET `site_id` = 11 , `year` = 2022 , `month` = 7 , `day` = 16 , `day_time` = 1657900800 [ RunTime:0.007291s ]
[2022-07-16T11:00:39+08:00][sql] SELECT `id`,`site_id`,`year`,`month`,`day`,`order_total`,`shipping_total`,`refund_total`,`order_pay_count`,`goods_pay_count`,`shop_money`,`platform_money`,`create_time`,`modify_time`,`collect_shop`,`collect_goods`,`visit_count`,`order_count`,`goods_count`,`add_goods_count`,`day_time`,`member_count` FROM `gxfc_stat_shop` WHERE  `site_id` = 11  AND `year` = 2022  AND `month` = 7  AND `day` = 16  AND `day_time` = 1657900800 LIMIT 1 [ RunTime:0.000308s ]
[2022-07-16T11:00:39+08:00][sql] SELECT `id`,`site_id`,`year`,`month`,`day`,`order_total`,`shipping_total`,`refund_total`,`order_pay_count`,`goods_pay_count`,`shop_money`,`platform_money`,`create_time`,`modify_time`,`collect_shop`,`collect_goods`,`visit_count`,`order_count`,`goods_count`,`add_goods_count`,`day_time`,`member_count` FROM `gxfc_stat_shop` WHERE  `site_id` = 11  AND `year` = 2022  AND `month` = 7  AND `day` = 15 LIMIT 1 [ RunTime:0.000222s ]
[2022-07-16T11:00:39+08:00][sql] SELECT `id`,`site_id`,`year`,`month`,`day`,`order_total`,`shipping_total`,`refund_total`,`order_pay_count`,`goods_pay_count`,`shop_money`,`platform_money`,`create_time`,`modify_time`,`collect_shop`,`collect_goods`,`visit_count`,`order_count`,`goods_count`,`add_goods_count`,`day_time`,`member_count` FROM `gxfc_stat_shop` WHERE  `site_id` = 11  AND `year` = 2022  AND `month` = 07  AND `day` = 07 LIMIT 1 [ RunTime:0.000234s ]
[2022-07-16T11:00:39+08:00][sql] SELECT `id`,`site_id`,`year`,`month`,`day`,`order_total`,`shipping_total`,`refund_total`,`order_pay_count`,`goods_pay_count`,`shop_money`,`platform_money`,`create_time`,`modify_time`,`collect_shop`,`collect_goods`,`visit_count`,`order_count`,`goods_count`,`add_goods_count`,`day_time`,`member_count` FROM `gxfc_stat_shop` WHERE  `site_id` = 11  AND `year` = 2022  AND `month` = 07  AND `day` = 08 LIMIT 1 [ RunTime:0.000220s ]
[2022-07-16T11:00:39+08:00][sql] SELECT `id`,`site_id`,`year`,`month`,`day`,`order_total`,`shipping_total`,`refund_total`,`order_pay_count`,`goods_pay_count`,`shop_money`,`platform_money`,`create_time`,`modify_time`,`collect_shop`,`collect_goods`,`visit_count`,`order_count`,`goods_count`,`add_goods_count`,`day_time`,`member_count` FROM `gxfc_stat_shop` WHERE  `site_id` = 11  AND `year` = 2022  AND `month` = 07  AND `day` = 09 LIMIT 1 [ RunTime:0.000209s ]
[2022-07-16T11:00:39+08:00][sql] SELECT `id`,`site_id`,`year`,`month`,`day`,`order_total`,`shipping_total`,`refund_total`,`order_pay_count`,`goods_pay_count`,`shop_money`,`platform_money`,`create_time`,`modify_time`,`collect_shop`,`collect_goods`,`visit_count`,`order_count`,`goods_count`,`add_goods_count`,`day_time`,`member_count` FROM `gxfc_stat_shop` WHERE  `site_id` = 11  AND `year` = 2022  AND `month` = 07  AND `day` = 10 LIMIT 1 [ RunTime:0.000265s ]
[2022-07-16T11:00:39+08:00][sql] SELECT `id`,`site_id`,`year`,`month`,`day`,`order_total`,`shipping_total`,`refund_total`,`order_pay_count`,`goods_pay_count`,`shop_money`,`platform_money`,`create_time`,`modify_time`,`collect_shop`,`collect_goods`,`visit_count`,`order_count`,`goods_count`,`add_goods_count`,`day_time`,`member_count` FROM `gxfc_stat_shop` WHERE  `site_id` = 11  AND `year` = 2022  AND `month` = 07  AND `day` = 11 LIMIT 1 [ RunTime:0.000265s ]
[2022-07-16T11:00:39+08:00][sql] SELECT `id`,`site_id`,`year`,`month`,`day`,`order_total`,`shipping_total`,`refund_total`,`order_pay_count`,`goods_pay_count`,`shop_money`,`platform_money`,`create_time`,`modify_time`,`collect_shop`,`collect_goods`,`visit_count`,`order_count`,`goods_count`,`add_goods_count`,`day_time`,`member_count` FROM `gxfc_stat_shop` WHERE  `site_id` = 11  AND `year` = 2022  AND `month` = 07  AND `day` = 12 LIMIT 1 [ RunTime:0.000247s ]
[2022-07-16T11:00:39+08:00][sql] SELECT `id`,`site_id`,`year`,`month`,`day`,`order_total`,`shipping_total`,`refund_total`,`order_pay_count`,`goods_pay_count`,`shop_money`,`platform_money`,`create_time`,`modify_time`,`collect_shop`,`collect_goods`,`visit_count`,`order_count`,`goods_count`,`add_goods_count`,`day_time`,`member_count` FROM `gxfc_stat_shop` WHERE  `site_id` = 11  AND `year` = 2022  AND `month` = 07  AND `day` = 13 LIMIT 1 [ RunTime:0.000203s ]
[2022-07-16T11:00:39+08:00][sql] SELECT `id`,`site_id`,`year`,`month`,`day`,`order_total`,`shipping_total`,`refund_total`,`order_pay_count`,`goods_pay_count`,`shop_money`,`platform_money`,`create_time`,`modify_time`,`collect_shop`,`collect_goods`,`visit_count`,`order_count`,`goods_count`,`add_goods_count`,`day_time`,`member_count` FROM `gxfc_stat_shop` WHERE  `site_id` = 11  AND `year` = 2022  AND `month` = 07  AND `day` = 14 LIMIT 1 [ RunTime:0.000236s ]
[2022-07-16T11:00:39+08:00][sql] SELECT `id`,`site_id`,`year`,`month`,`day`,`order_total`,`shipping_total`,`refund_total`,`order_pay_count`,`goods_pay_count`,`shop_money`,`platform_money`,`create_time`,`modify_time`,`collect_shop`,`collect_goods`,`visit_count`,`order_count`,`goods_count`,`add_goods_count`,`day_time`,`member_count` FROM `gxfc_stat_shop` WHERE  `site_id` = 11  AND `year` = 2022  AND `month` = 07  AND `day` = 15 LIMIT 1 [ RunTime:0.000239s ]
[2022-07-16T11:00:39+08:00][sql] SELECT `id`,`site_id`,`year`,`month`,`day`,`order_total`,`shipping_total`,`refund_total`,`order_pay_count`,`goods_pay_count`,`shop_money`,`platform_money`,`create_time`,`modify_time`,`collect_shop`,`collect_goods`,`visit_count`,`order_count`,`goods_count`,`add_goods_count`,`day_time`,`member_count` FROM `gxfc_stat_shop` WHERE  `site_id` = 11  AND `year` = 2022  AND `month` = 07  AND `day` = 16 LIMIT 1 [ RunTime:0.000252s ]
[2022-07-16T11:00:39+08:00][sql] SELECT SUM(order_total) as order_total,SUM(shipping_total) as shipping_total,SUM(refund_total) as refund_total,SUM(order_pay_count) as order_pay_count,SUM(goods_pay_count) as goods_pay_count,SUM(shop_money) as shop_money,SUM(platform_money) as platform_money,SUM(collect_shop) as collect_shop,SUM(collect_goods) as collect_goods,SUM(visit_count) as visit_count,SUM(order_count) as order_count,SUM(goods_count) as goods_count,SUM(add_goods_count) as add_goods_count,SUM(member_count) as member_count FROM `gxfc_stat_shop` WHERE  `site_id` = 11 LIMIT 1 [ RunTime:0.000354s ]
[2022-07-16T11:00:39+08:00][sql] SHOW FULL COLUMNS FROM `gxfc_goods` [ RunTime:0.000993s ]
[2022-07-16T11:00:39+08:00][sql] SELECT COUNT(*) AS think_count FROM `gxfc_goods` WHERE  `site_id` = 11 [ RunTime:0.000200s ]
[2022-07-16T11:00:39+08:00][sql] SHOW FULL COLUMNS FROM `gxfc_order` [ RunTime:0.001208s ]
[2022-07-16T11:00:39+08:00][sql] SELECT COUNT(*) AS think_count FROM `gxfc_order` WHERE  `order_status` = 0  AND `site_id` = 11  AND `is_delete` = 0 [ RunTime:0.000210s ]
[2022-07-16T11:00:39+08:00][sql] SELECT COUNT(*) AS think_count FROM `gxfc_order` WHERE  `order_status` = 1  AND `site_id` = 11  AND `is_delete` = 0 [ RunTime:0.000274s ]
[2022-07-16T11:00:39+08:00][sql] SHOW FULL COLUMNS FROM `gxfc_order_goods` [ RunTime:0.000883s ]
[2022-07-16T11:00:39+08:00][sql] SELECT COUNT(*) AS think_count FROM `gxfc_order_goods` WHERE  `site_id` = 11  AND `refund_status` NOT IN (0,3) [ RunTime:0.000319s ]
[2022-07-16T11:00:39+08:00][sql] select count(goods_id) as num from gxfc_goods where goods_stock_alarm >= goods_stock and goods_stock_alarm > 0 and is_delete = 0 and goods_state = 1 and site_id = 11 [ RunTime:0.000252s ]
[2022-07-16T11:00:39+08:00][sql] SELECT COUNT(*) AS think_count FROM `gxfc_goods` WHERE  `goods_state` = 1  AND `site_id` = 11  AND `is_delete` = 0 [ RunTime:0.000232s ]
[2022-07-16T11:00:39+08:00][sql] SELECT COUNT(*) AS think_count FROM `gxfc_goods` WHERE  `verify_state` = 0  AND `site_id` = 11  AND `is_delete` = 0 [ RunTime:0.000206s ]
[2022-07-16T11:00:39+08:00][sql] SELECT COUNT(*) AS think_count FROM `gxfc_goods` WHERE  `verify_state` = 10  AND `site_id` = 11  AND `is_delete` = 0 [ RunTime:0.000309s ]
[2022-07-16T11:00:39+08:00][sql] SHOW FULL COLUMNS FROM `gxfc_help` [ RunTime:0.000725s ]
[2022-07-16T11:00:39+08:00][sql] SELECT COUNT(*) AS think_count FROM `gxfc_help` `a` WHERE  `app_module` = 'shop' ORDER BY `create_time` DESC [ RunTime:0.000163s ]
[2022-07-16T11:00:39+08:00][sql] SELECT `id`,`title`,`content`,`class_id`,`class_name`,`sort`,`link_address`,`create_time` FROM `gxfc_help` `a` WHERE  `app_module` = 'shop' ORDER BY `create_time` DESC LIMIT 0,5 [ RunTime:0.000146s ]
[2022-07-16T11:00:43+08:00][sql] CONNECT:[ UseTime:0.000244s ] mysql:host=localhost;port=3306;dbname=ls_chnssl_com;charset=utf8
[2022-07-16T11:00:43+08:00][sql] SHOW FULL COLUMNS FROM `gxfc_shop` [ RunTime:0.001159s ]
[2022-07-16T11:00:43+08:00][sql] SELECT `website_id`,`site_name`,`logo`,`is_own`,`level_id`,`category_id`,`group_id`,`seo_keywords`,`seo_description`,`expire_time`,`shop_status` FROM `gxfc_shop` WHERE  `site_id` = 11 LIMIT 1 [ RunTime:0.000259s ]
[2022-07-16T11:00:43+08:00][sql] SELECT `group_id` FROM `gxfc_shop` WHERE  `site_id` = 11 LIMIT 1 [ RunTime:0.000303s ]
[2022-07-16T11:00:43+08:00][sql] SELECT `group_id` FROM `gxfc_shop` WHERE  `site_id` = 11 LIMIT 1 [ RunTime:0.000193s ]
[2022-07-16T11:00:43+08:00][sql] SELECT `group_id` FROM `gxfc_shop` WHERE  `site_id` = 11 LIMIT 1 [ RunTime:0.000165s ]
[2022-07-16T11:00:43+08:00][sql] SELECT `group_id` FROM `gxfc_shop` WHERE  `site_id` = 11 LIMIT 1 [ RunTime:0.000162s ]
[2022-07-16T11:00:44+08:00][sql] CONNECT:[ UseTime:0.000212s ] mysql:host=localhost;port=3306;dbname=ls_chnssl_com;charset=utf8
[2022-07-16T11:00:44+08:00][sql] SHOW FULL COLUMNS FROM `gxfc_shop` [ RunTime:0.001198s ]
[2022-07-16T11:00:44+08:00][sql] SELECT `website_id`,`site_name`,`logo`,`is_own`,`level_id`,`category_id`,`group_id`,`seo_keywords`,`seo_description`,`expire_time`,`shop_status` FROM `gxfc_shop` WHERE  `site_id` = 11 LIMIT 1 [ RunTime:0.000315s ]
[2022-07-16T11:00:44+08:00][sql] SHOW FULL COLUMNS FROM `gxfc_order` [ RunTime:0.001444s ]
[2022-07-16T11:00:44+08:00][sql] SELECT COUNT(*) AS think_count FROM `gxfc_order` `o` WHERE  `o`.`site_id` = 11 ORDER BY `o`.`create_time` DESC [ RunTime:0.000451s ]
[2022-07-16T11:00:44+08:00][sql] SELECT `o`.* FROM `gxfc_order` `o` WHERE  `o`.`site_id` = 11 ORDER BY `o`.`create_time` DESC LIMIT 0,10 [ RunTime:0.000683s ]
[2022-07-16T11:00:44+08:00][sql] SHOW FULL COLUMNS FROM `gxfc_order_goods` [ RunTime:0.001006s ]
[2022-07-16T11:00:44+08:00][sql] SELECT * FROM `gxfc_order_goods` WHERE  `order_id` = 406 [ RunTime:0.001135s ]
[2022-07-16T11:00:44+08:00][sql] SHOW FULL COLUMNS FROM `gxfc_member` [ RunTime:0.001006s ]
[2022-07-16T11:00:44+08:00][sql] SELECT `nickname` FROM `gxfc_member` WHERE  `member_id` = 30 LIMIT 1 [ RunTime:0.000150s ]
[2022-07-16T11:00:44+08:00][sql] SELECT * FROM `gxfc_order_goods` WHERE  `order_id` = 405 [ RunTime:0.001047s ]
[2022-07-16T11:00:44+08:00][sql] SELECT `nickname` FROM `gxfc_member` WHERE  `member_id` = 5 LIMIT 1 [ RunTime:0.000129s ]
[2022-07-16T11:00:44+08:00][sql] SELECT * FROM `gxfc_order_goods` WHERE  `order_id` = 403 [ RunTime:0.001019s ]
[2022-07-16T11:00:44+08:00][sql] SELECT `nickname` FROM `gxfc_member` WHERE  `member_id` = 6 LIMIT 1 [ RunTime:0.000130s ]
[2022-07-16T11:00:44+08:00][sql] SELECT * FROM `gxfc_order_goods` WHERE  `order_id` = 402 [ RunTime:0.000938s ]
[2022-07-16T11:00:44+08:00][sql] SELECT `nickname` FROM `gxfc_member` WHERE  `member_id` = 6 LIMIT 1 [ RunTime:0.000132s ]
[2022-07-16T11:00:44+08:00][sql] SELECT * FROM `gxfc_order_goods` WHERE  `order_id` = 401 [ RunTime:0.000843s ]
[2022-07-16T11:00:44+08:00][sql] SELECT `nickname` FROM `gxfc_member` WHERE  `member_id` = 30 LIMIT 1 [ RunTime:0.000146s ]
[2022-07-16T11:00:44+08:00][sql] SELECT * FROM `gxfc_order_goods` WHERE  `order_id` = 400 [ RunTime:0.000893s ]
[2022-07-16T11:00:44+08:00][sql] SELECT `nickname` FROM `gxfc_member` WHERE  `member_id` = 30 LIMIT 1 [ RunTime:0.000136s ]
[2022-07-16T11:00:44+08:00][sql] SELECT * FROM `gxfc_order_goods` WHERE  `order_id` = 399 [ RunTime:0.000862s ]
[2022-07-16T11:00:44+08:00][sql] SELECT `nickname` FROM `gxfc_member` WHERE  `member_id` = 30 LIMIT 1 [ RunTime:0.000145s ]
[2022-07-16T11:00:44+08:00][sql] SELECT * FROM `gxfc_order_goods` WHERE  `order_id` = 398 [ RunTime:0.000865s ]
[2022-07-16T11:00:44+08:00][sql] SELECT `nickname` FROM `gxfc_member` WHERE  `member_id` = 30 LIMIT 1 [ RunTime:0.000126s ]
[2022-07-16T11:00:44+08:00][sql] SELECT * FROM `gxfc_order_goods` WHERE  `order_id` = 397 [ RunTime:0.000877s ]
[2022-07-16T11:00:44+08:00][sql] SELECT `nickname` FROM `gxfc_member` WHERE  `member_id` = 30 LIMIT 1 [ RunTime:0.000129s ]
[2022-07-16T11:00:44+08:00][sql] SELECT * FROM `gxfc_order_goods` WHERE  `order_id` = 396 [ RunTime:0.000875s ]
[2022-07-16T11:00:44+08:00][sql] SELECT `nickname` FROM `gxfc_member` WHERE  `member_id` = 30 LIMIT 1 [ RunTime:0.000152s ]
[2022-07-16T11:00:44+08:00][sql] SELECT `conceal` FROM `gxfc_shop` WHERE  `site_id` = 11 LIMIT 1 [ RunTime:0.000152s ]
[2022-07-16T11:00:47+08:00][sql] CONNECT:[ UseTime:0.000269s ] mysql:host=localhost;port=3306;dbname=ls_chnssl_com;charset=utf8
[2022-07-16T11:00:47+08:00][sql] SHOW FULL COLUMNS FROM `gxfc_shop` [ RunTime:0.001165s ]
[2022-07-16T11:00:47+08:00][sql] SELECT `website_id`,`site_name`,`logo`,`is_own`,`level_id`,`category_id`,`group_id`,`seo_keywords`,`seo_description`,`expire_time`,`shop_status` FROM `gxfc_shop` WHERE  `site_id` = 11 LIMIT 1 [ RunTime:0.000316s ]
[2022-07-16T11:00:47+08:00][sql] SHOW FULL COLUMNS FROM `gxfc_order` [ RunTime:0.001184s ]
[2022-07-16T11:00:47+08:00][sql] SELECT `order_id`,`order_no`,`site_id`,`site_name`,`website_id`,`order_name`,`order_from`,`order_from_name`,`order_type`,`order_type_name`,`order_promotion_type`,`order_promotion_name`,`promotion_id`,`out_trade_no`,`out_trade_no_2`,`delivery_code`,`order_status`,`order_status_name`,`order_status_action`,`pay_status`,`delivery_status`,`refund_status`,`pay_type`,`pay_type_name`,`delivery_type`,`delivery_type_name`,`member_id`,`name`,`mobile`,`telephone`,`province_id`,`city_id`,`district_id`,`community_id`,`address`,`full_address`,`longitude`,`latitude`,`buyer_ip`,`buyer_ask_delivery_time`,`buyer_message`,`order_invoice_company`,`order_invoice_type`,`order_invoice_type_name`,`order_invoice_trade_type`,`order_invoice_rate`,`goods_money`,`delivery_money`,`promotion_money`,`coupon_id`,`coupon_money`,`invoice_money`,`order_money`,`adjust_money`,`balance_money`,`pay_money`,`create_time`,`pay_time`,`delivery_time`,`sign_time`,`finish_time`,`close_time`,`is_lock`,`is_evaluate`,`is_delete`,`is_enable_refund`,`remark`,`goods_num`,`delivery_store_id`,`delivery_status_name`,`is_settlement`,`store_settlement_id`,`delivery_store_name`,`promotion_type`,`promotion_type_name`,`promotion_status_name`,`delivery_store_info`,`virtual_code`,`evaluate_status`,`evaluate_status_name`,`shop_money`,`platform_money`,`refund_money`,`refund_shop_money`,`refund_platform_money`,`commission`,`settlement_id`,`platform_coupon_id`,`platform_coupon_money`,`platform_coupon_total_money`,`platform_coupon_shop_money`,`is_invoice`,`invoice_type`,`invoice_title`,`taxpayer_number`,`invoice_rate`,`invoice_content`,`invoice_delivery_money`,`invoice_full_address`,`is_tax_invoice`,`invoice_email`,`invoice_title_type`,`refund_platform_coupon_total_money`,`refund_platform_coupon_shop_money`,`refund_platform_coupon_money`,`dj_money`,`hospital_money`,`hospital_id`,`refund_hospital_money` FROM `gxfc_order` WHERE  `order_id` = 406  AND `site_id` = 11 LIMIT 1 [ RunTime:0.000616s ]
[2022-07-16T11:00:47+08:00][sql] SHOW FULL COLUMNS FROM `gxfc_member` [ RunTime:0.000890s ]
[2022-07-16T11:00:47+08:00][sql] SELECT `nickname` FROM `gxfc_member` WHERE  `member_id` = 30 LIMIT 1 [ RunTime:0.000153s ]
[2022-07-16T11:00:47+08:00][sql] SHOW FULL COLUMNS FROM `gxfc_order_goods` [ RunTime:0.000871s ]
[2022-07-16T11:00:47+08:00][sql] SELECT `order_goods_id`,`order_id`,`order_no`,`site_id`,`site_name`,`website_id`,`member_id`,`goods_id`,`sku_id`,`sku_name`,`sku_image`,`sku_no`,`is_virtual`,`goods_class`,`goods_class_name`,`price`,`cost_price`,`num`,`goods_money`,`cost_money`,`delivery_status`,`delivery_no`,`gift_flag`,`refund_no`,`refund_status`,`refund_status_name`,`refund_status_action`,`refund_type`,`refund_apply_money`,`refund_reason`,`refund_real_money`,`refund_delivery_name`,`refund_delivery_no`,`refund_time`,`refund_refuse_reason`,`refund_action_time`,`delivery_status_name`,`commission_rate`,`real_goods_money`,`shop_money`,`platform_money`,`is_settlement`,`refund_remark`,`refund_delivery_remark`,`refund_address`,`is_refund_stock`,`refund_money_type`,`promotion_money`,`coupon_money`,`adjust_money`,`platform_coupon_money`,`is_present`,`refund_delivery_money`,`goods_name`,`sku_spec_format`,`is_fenxiao`,`hospital_money` FROM `gxfc_order_goods` WHERE  `order_id` = 406 [ RunTime:0.000912s ]
[2022-07-16T11:00:47+08:00][sql] SHOW FULL COLUMNS FROM `gxfc_express_delivery_package` [ RunTime:0.000697s ]
[2022-07-16T11:00:47+08:00][sql] SELECT * FROM `gxfc_express_delivery_package` WHERE  `order_id` = 406  AND `site_id` = 11 [ RunTime:0.000206s ]
[2022-07-16T11:00:47+08:00][sql] SHOW FULL COLUMNS FROM `gxfc_order_log` [ RunTime:0.000681s ]
[2022-07-16T11:00:47+08:00][sql] SELECT * FROM `gxfc_order_log` WHERE  `order_id` = 406 ORDER BY `action_time` DESC [ RunTime:0.000429s ]
[2022-07-16T11:00:47+08:00][sql] SELECT `group_id` FROM `gxfc_shop` WHERE  `site_id` = 11 LIMIT 1 [ RunTime:0.000181s ]
[2022-07-16T11:00:47+08:00][sql] SELECT `group_id` FROM `gxfc_shop` WHERE  `site_id` = 11 LIMIT 1 [ RunTime:0.000151s ]
[2022-07-16T11:00:47+08:00][sql] SELECT `group_id` FROM `gxfc_shop` WHERE  `site_id` = 11 LIMIT 1 [ RunTime:0.000143s ]
[2022-07-16T11:00:47+08:00][sql] SELECT `group_id` FROM `gxfc_shop` WHERE  `site_id` = 11 LIMIT 1 [ RunTime:0.000145s ]
[2022-07-16T11:05:41+08:00][sql] CONNECT:[ UseTime:0.000247s ] mysql:host=localhost;port=3306;dbname=ls_chnssl_com;charset=utf8
[2022-07-16T11:05:41+08:00][sql] SHOW FULL COLUMNS FROM `gxfc_shop` [ RunTime:0.001188s ]
[2022-07-16T11:05:41+08:00][sql] SELECT `website_id`,`site_name`,`logo`,`is_own`,`level_id`,`category_id`,`group_id`,`seo_keywords`,`seo_description`,`expire_time`,`shop_status` FROM `gxfc_shop` WHERE  `site_id` = 11 LIMIT 1 [ RunTime:0.000265s ]
[2022-07-16T11:05:41+08:00][sql] SELECT `group_id` FROM `gxfc_shop` WHERE  `site_id` = 11 LIMIT 1 [ RunTime:0.000311s ]
[2022-07-16T11:05:41+08:00][sql] SELECT `group_id` FROM `gxfc_shop` WHERE  `site_id` = 11 LIMIT 1 [ RunTime:0.000258s ]
[2022-07-16T11:05:41+08:00][sql] SELECT `group_id` FROM `gxfc_shop` WHERE  `site_id` = 11 LIMIT 1 [ RunTime:0.000177s ]
[2022-07-16T11:05:41+08:00][sql] SELECT `group_id` FROM `gxfc_shop` WHERE  `site_id` = 11 LIMIT 1 [ RunTime:0.000178s ]
[2022-07-16T11:05:41+08:00][sql] CONNECT:[ UseTime:0.000236s ] mysql:host=localhost;port=3306;dbname=ls_chnssl_com;charset=utf8
[2022-07-16T11:05:41+08:00][sql] SHOW FULL COLUMNS FROM `gxfc_shop` [ RunTime:0.001194s ]
[2022-07-16T11:05:41+08:00][sql] SELECT `website_id`,`site_name`,`logo`,`is_own`,`level_id`,`category_id`,`group_id`,`seo_keywords`,`seo_description`,`expire_time`,`shop_status` FROM `gxfc_shop` WHERE  `site_id` = 11 LIMIT 1 [ RunTime:0.000240s ]
[2022-07-16T11:05:41+08:00][sql] SHOW FULL COLUMNS FROM `gxfc_order` [ RunTime:0.001158s ]
[2022-07-16T11:05:41+08:00][sql] SELECT COUNT(*) AS think_count FROM `gxfc_order` `o` WHERE  `o`.`site_id` = 11 ORDER BY `o`.`create_time` DESC [ RunTime:0.000344s ]
[2022-07-16T11:05:41+08:00][sql] SELECT `o`.* FROM `gxfc_order` `o` WHERE  `o`.`site_id` = 11 ORDER BY `o`.`create_time` DESC LIMIT 0,10 [ RunTime:0.000534s ]
[2022-07-16T11:05:41+08:00][sql] SHOW FULL COLUMNS FROM `gxfc_order_goods` [ RunTime:0.000932s ]
[2022-07-16T11:05:41+08:00][sql] SELECT * FROM `gxfc_order_goods` WHERE  `order_id` = 406 [ RunTime:0.000894s ]
[2022-07-16T11:05:41+08:00][sql] SHOW FULL COLUMNS FROM `gxfc_member` [ RunTime:0.000860s ]
[2022-07-16T11:05:41+08:00][sql] SELECT `nickname` FROM `gxfc_member` WHERE  `member_id` = 30 LIMIT 1 [ RunTime:0.000164s ]
[2022-07-16T11:05:41+08:00][sql] SELECT * FROM `gxfc_order_goods` WHERE  `order_id` = 405 [ RunTime:0.000881s ]
[2022-07-16T11:05:41+08:00][sql] SELECT `nickname` FROM `gxfc_member` WHERE  `member_id` = 5 LIMIT 1 [ RunTime:0.000124s ]
[2022-07-16T11:05:41+08:00][sql] SELECT * FROM `gxfc_order_goods` WHERE  `order_id` = 403 [ RunTime:0.000847s ]
[2022-07-16T11:05:41+08:00][sql] SELECT `nickname` FROM `gxfc_member` WHERE  `member_id` = 6 LIMIT 1 [ RunTime:0.000121s ]
[2022-07-16T11:05:41+08:00][sql] SELECT * FROM `gxfc_order_goods` WHERE  `order_id` = 402 [ RunTime:0.000858s ]
[2022-07-16T11:05:41+08:00][sql] SELECT `nickname` FROM `gxfc_member` WHERE  `member_id` = 6 LIMIT 1 [ RunTime:0.000139s ]
[2022-07-16T11:05:41+08:00][sql] SELECT * FROM `gxfc_order_goods` WHERE  `order_id` = 401 [ RunTime:0.000854s ]
[2022-07-16T11:05:41+08:00][sql] SELECT `nickname` FROM `gxfc_member` WHERE  `member_id` = 30 LIMIT 1 [ RunTime:0.000131s ]
[2022-07-16T11:05:41+08:00][sql] SELECT * FROM `gxfc_order_goods` WHERE  `order_id` = 400 [ RunTime:0.000880s ]
[2022-07-16T11:05:41+08:00][sql] SELECT `nickname` FROM `gxfc_member` WHERE  `member_id` = 30 LIMIT 1 [ RunTime:0.000138s ]
[2022-07-16T11:05:41+08:00][sql] SELECT * FROM `gxfc_order_goods` WHERE  `order_id` = 399 [ RunTime:0.000856s ]
[2022-07-16T11:05:41+08:00][sql] SELECT `nickname` FROM `gxfc_member` WHERE  `member_id` = 30 LIMIT 1 [ RunTime:0.000124s ]
[2022-07-16T11:05:41+08:00][sql] SELECT * FROM `gxfc_order_goods` WHERE  `order_id` = 398 [ RunTime:0.000861s ]
[2022-07-16T11:05:41+08:00][sql] SELECT `nickname` FROM `gxfc_member` WHERE  `member_id` = 30 LIMIT 1 [ RunTime:0.000124s ]
[2022-07-16T11:05:41+08:00][sql] SELECT * FROM `gxfc_order_goods` WHERE  `order_id` = 397 [ RunTime:0.000880s ]
[2022-07-16T11:05:41+08:00][sql] SELECT `nickname` FROM `gxfc_member` WHERE  `member_id` = 30 LIMIT 1 [ RunTime:0.000123s ]
[2022-07-16T11:05:41+08:00][sql] SELECT * FROM `gxfc_order_goods` WHERE  `order_id` = 396 [ RunTime:0.000854s ]
[2022-07-16T11:05:41+08:00][sql] SELECT `nickname` FROM `gxfc_member` WHERE  `member_id` = 30 LIMIT 1 [ RunTime:0.000124s ]
[2022-07-16T11:05:41+08:00][sql] SELECT `conceal` FROM `gxfc_shop` WHERE  `site_id` = 11 LIMIT 1 [ RunTime:0.000141s ]
[2022-07-16T11:05:47+08:00][sql] CONNECT:[ UseTime:0.000253s ] mysql:host=localhost;port=3306;dbname=ls_chnssl_com;charset=utf8
[2022-07-16T11:05:47+08:00][sql] SHOW FULL COLUMNS FROM `gxfc_shop` [ RunTime:0.001093s ]
[2022-07-16T11:05:47+08:00][sql] SELECT `website_id`,`site_name`,`logo`,`is_own`,`level_id`,`category_id`,`group_id`,`seo_keywords`,`seo_description`,`expire_time`,`shop_status` FROM `gxfc_shop` WHERE  `site_id` = 11 LIMIT 1 [ RunTime:0.000249s ]
[2022-07-16T11:05:47+08:00][sql] SHOW FULL COLUMNS FROM `gxfc_order` [ RunTime:0.001180s ]
[2022-07-16T11:05:47+08:00][sql] SELECT COUNT(*) AS think_count FROM `gxfc_order` `o` WHERE  `o`.`site_id` = 11 ORDER BY `o`.`create_time` DESC [ RunTime:0.000312s ]
[2022-07-16T11:05:47+08:00][sql] SELECT `o`.* FROM `gxfc_order` `o` WHERE  `o`.`site_id` = 11 ORDER BY `o`.`create_time` DESC LIMIT 30,10 [ RunTime:0.000765s ]
[2022-07-16T11:05:47+08:00][sql] SHOW FULL COLUMNS FROM `gxfc_order_goods` [ RunTime:0.000946s ]
[2022-07-16T11:05:47+08:00][sql] SELECT * FROM `gxfc_order_goods` WHERE  `order_id` = 359 [ RunTime:0.000956s ]
[2022-07-16T11:05:47+08:00][sql] SHOW FULL COLUMNS FROM `gxfc_member` [ RunTime:0.000874s ]
[2022-07-16T11:05:47+08:00][sql] SELECT `nickname` FROM `gxfc_member` WHERE  `member_id` = 17 LIMIT 1 [ RunTime:0.000188s ]
[2022-07-16T11:05:47+08:00][sql] SELECT * FROM `gxfc_order_goods` WHERE  `order_id` = 358 [ RunTime:0.000872s ]
[2022-07-16T11:05:47+08:00][sql] SELECT `nickname` FROM `gxfc_member` WHERE  `member_id` = 17 LIMIT 1 [ RunTime:0.000128s ]
[2022-07-16T11:05:47+08:00][sql] SELECT * FROM `gxfc_order_goods` WHERE  `order_id` = 357 [ RunTime:0.000865s ]
[2022-07-16T11:05:47+08:00][sql] SELECT `nickname` FROM `gxfc_member` WHERE  `member_id` = 10 LIMIT 1 [ RunTime:0.000134s ]
[2022-07-16T11:05:47+08:00][sql] SELECT * FROM `gxfc_order_goods` WHERE  `order_id` = 356 [ RunTime:0.000875s ]
[2022-07-16T11:05:47+08:00][sql] SELECT `nickname` FROM `gxfc_member` WHERE  `member_id` = 16 LIMIT 1 [ RunTime:0.000126s ]
[2022-07-16T11:05:47+08:00][sql] SELECT * FROM `gxfc_order_goods` WHERE  `order_id` = 354 [ RunTime:0.000861s ]
[2022-07-16T11:05:47+08:00][sql] SELECT `nickname` FROM `gxfc_member` WHERE  `member_id` = 16 LIMIT 1 [ RunTime:0.000119s ]
[2022-07-16T11:05:47+08:00][sql] SELECT * FROM `gxfc_order_goods` WHERE  `order_id` = 353 [ RunTime:0.000859s ]
[2022-07-16T11:05:47+08:00][sql] SELECT `nickname` FROM `gxfc_member` WHERE  `member_id` = 15 LIMIT 1 [ RunTime:0.000121s ]
[2022-07-16T11:05:47+08:00][sql] SELECT * FROM `gxfc_order_goods` WHERE  `order_id` = 352 [ RunTime:0.000867s ]
[2022-07-16T11:05:47+08:00][sql] SELECT `nickname` FROM `gxfc_member` WHERE  `member_id` = 15 LIMIT 1 [ RunTime:0.000127s ]
[2022-07-16T11:05:47+08:00][sql] SELECT * FROM `gxfc_order_goods` WHERE  `order_id` = 351 [ RunTime:0.000861s ]
[2022-07-16T11:05:47+08:00][sql] SELECT `nickname` FROM `gxfc_member` WHERE  `member_id` = 6 LIMIT 1 [ RunTime:0.000144s ]
[2022-07-16T11:05:47+08:00][sql] SELECT * FROM `gxfc_order_goods` WHERE  `order_id` = 350 [ RunTime:0.000836s ]
[2022-07-16T11:05:47+08:00][sql] SELECT `nickname` FROM `gxfc_member` WHERE  `member_id` = 15 LIMIT 1 [ RunTime:0.000118s ]
[2022-07-16T11:05:47+08:00][sql] SELECT * FROM `gxfc_order_goods` WHERE  `order_id` = 349 [ RunTime:0.000843s ]
[2022-07-16T11:05:47+08:00][sql] SELECT `nickname` FROM `gxfc_member` WHERE  `member_id` = 5 LIMIT 1 [ RunTime:0.000126s ]
[2022-07-16T11:05:47+08:00][sql] SELECT `conceal` FROM `gxfc_shop` WHERE  `site_id` = 11 LIMIT 1 [ RunTime:0.000132s ]
[2022-07-16T11:05:54+08:00][sql] CONNECT:[ UseTime:0.001102s ] mysql:host=localhost;port=3306;dbname=ls_chnssl_com;charset=utf8
[2022-07-16T11:05:54+08:00][sql] SHOW FULL COLUMNS FROM `gxfc_shop` [ RunTime:0.002110s ]
[2022-07-16T11:05:54+08:00][sql] SELECT `website_id`,`site_name`,`logo`,`is_own`,`level_id`,`category_id`,`group_id`,`seo_keywords`,`seo_description`,`expire_time`,`shop_status` FROM `gxfc_shop` WHERE  `site_id` = 11 LIMIT 1 [ RunTime:0.000282s ]
[2022-07-16T11:05:55+08:00][sql] SHOW FULL COLUMNS FROM `gxfc_order` [ RunTime:0.001404s ]
[2022-07-16T11:05:55+08:00][sql] SELECT `order_id`,`order_no`,`site_id`,`site_name`,`website_id`,`order_name`,`order_from`,`order_from_name`,`order_type`,`order_type_name`,`order_promotion_type`,`order_promotion_name`,`promotion_id`,`out_trade_no`,`out_trade_no_2`,`delivery_code`,`order_status`,`order_status_name`,`order_status_action`,`pay_status`,`delivery_status`,`refund_status`,`pay_type`,`pay_type_name`,`delivery_type`,`delivery_type_name`,`member_id`,`name`,`mobile`,`telephone`,`province_id`,`city_id`,`district_id`,`community_id`,`address`,`full_address`,`longitude`,`latitude`,`buyer_ip`,`buyer_ask_delivery_time`,`buyer_message`,`order_invoice_company`,`order_invoice_type`,`order_invoice_type_name`,`order_invoice_trade_type`,`order_invoice_rate`,`goods_money`,`delivery_money`,`promotion_money`,`coupon_id`,`coupon_money`,`invoice_money`,`order_money`,`adjust_money`,`balance_money`,`pay_money`,`create_time`,`pay_time`,`delivery_time`,`sign_time`,`finish_time`,`close_time`,`is_lock`,`is_evaluate`,`is_delete`,`is_enable_refund`,`remark`,`goods_num`,`delivery_store_id`,`delivery_status_name`,`is_settlement`,`store_settlement_id`,`delivery_store_name`,`promotion_type`,`promotion_type_name`,`promotion_status_name`,`delivery_store_info`,`virtual_code`,`evaluate_status`,`evaluate_status_name`,`shop_money`,`platform_money`,`refund_money`,`refund_shop_money`,`refund_platform_money`,`commission`,`settlement_id`,`platform_coupon_id`,`platform_coupon_money`,`platform_coupon_total_money`,`platform_coupon_shop_money`,`is_invoice`,`invoice_type`,`invoice_title`,`taxpayer_number`,`invoice_rate`,`invoice_content`,`invoice_delivery_money`,`invoice_full_address`,`is_tax_invoice`,`invoice_email`,`invoice_title_type`,`refund_platform_coupon_total_money`,`refund_platform_coupon_shop_money`,`refund_platform_coupon_money`,`dj_money`,`hospital_money`,`hospital_id`,`refund_hospital_money` FROM `gxfc_order` WHERE  `order_id` = 352  AND `site_id` = 11 LIMIT 1 [ RunTime:0.000791s ]
[2022-07-16T11:05:55+08:00][sql] SHOW FULL COLUMNS FROM `gxfc_member` [ RunTime:0.001041s ]
[2022-07-16T11:05:55+08:00][sql] SELECT `nickname` FROM `gxfc_member` WHERE  `member_id` = 15 LIMIT 1 [ RunTime:0.000192s ]
[2022-07-16T11:05:55+08:00][sql] SHOW FULL COLUMNS FROM `gxfc_order_goods` [ RunTime:0.000925s ]
[2022-07-16T11:05:55+08:00][sql] SELECT `order_goods_id`,`order_id`,`order_no`,`site_id`,`site_name`,`website_id`,`member_id`,`goods_id`,`sku_id`,`sku_name`,`sku_image`,`sku_no`,`is_virtual`,`goods_class`,`goods_class_name`,`price`,`cost_price`,`num`,`goods_money`,`cost_money`,`delivery_status`,`delivery_no`,`gift_flag`,`refund_no`,`refund_status`,`refund_status_name`,`refund_status_action`,`refund_type`,`refund_apply_money`,`refund_reason`,`refund_real_money`,`refund_delivery_name`,`refund_delivery_no`,`refund_time`,`refund_refuse_reason`,`refund_action_time`,`delivery_status_name`,`commission_rate`,`real_goods_money`,`shop_money`,`platform_money`,`is_settlement`,`refund_remark`,`refund_delivery_remark`,`refund_address`,`is_refund_stock`,`refund_money_type`,`promotion_money`,`coupon_money`,`adjust_money`,`platform_coupon_money`,`is_present`,`refund_delivery_money`,`goods_name`,`sku_spec_format`,`is_fenxiao`,`hospital_money` FROM `gxfc_order_goods` WHERE  `order_id` = 352 [ RunTime:0.001633s ]
[2022-07-16T11:05:55+08:00][sql] SHOW FULL COLUMNS FROM `gxfc_express_delivery_package` [ RunTime:0.000748s ]
[2022-07-16T11:05:55+08:00][sql] SELECT * FROM `gxfc_express_delivery_package` WHERE  `order_id` = 352  AND `site_id` = 11 [ RunTime:0.000222s ]
[2022-07-16T11:05:55+08:00][sql] SHOW FULL COLUMNS FROM `gxfc_order_log` [ RunTime:0.000723s ]
[2022-07-16T11:05:55+08:00][sql] SELECT * FROM `gxfc_order_log` WHERE  `order_id` = 352 ORDER BY `action_time` DESC [ RunTime:0.000452s ]
[2022-07-16T11:05:55+08:00][sql] SELECT `group_id` FROM `gxfc_shop` WHERE  `site_id` = 11 LIMIT 1 [ RunTime:0.000225s ]
[2022-07-16T11:05:55+08:00][sql] SELECT `group_id` FROM `gxfc_shop` WHERE  `site_id` = 11 LIMIT 1 [ RunTime:0.000163s ]
[2022-07-16T11:05:55+08:00][sql] SELECT `group_id` FROM `gxfc_shop` WHERE  `site_id` = 11 LIMIT 1 [ RunTime:0.000141s ]
[2022-07-16T11:05:55+08:00][sql] SELECT `group_id` FROM `gxfc_shop` WHERE  `site_id` = 11 LIMIT 1 [ RunTime:0.000160s ]
[2022-07-16T11:06:01+08:00][sql] CONNECT:[ UseTime:0.000280s ] mysql:host=localhost;port=3306;dbname=ls_chnssl_com;charset=utf8
[2022-07-16T11:06:01+08:00][sql] SHOW FULL COLUMNS FROM `gxfc_shop` [ RunTime:0.001230s ]
[2022-07-16T11:06:01+08:00][sql] SELECT `website_id`,`site_name`,`logo`,`is_own`,`level_id`,`category_id`,`group_id`,`seo_keywords`,`seo_description`,`expire_time`,`shop_status` FROM `gxfc_shop` WHERE  `site_id` = 11 LIMIT 1 [ RunTime:0.000286s ]
[2022-07-16T11:06:01+08:00][sql] SHOW FULL COLUMNS FROM `gxfc_order` [ RunTime:0.001489s ]
[2022-07-16T11:06:01+08:00][sql] SELECT `order_id`,`order_no`,`site_id`,`site_name`,`website_id`,`order_name`,`order_from`,`order_from_name`,`order_type`,`order_type_name`,`order_promotion_type`,`order_promotion_name`,`promotion_id`,`out_trade_no`,`out_trade_no_2`,`delivery_code`,`order_status`,`order_status_name`,`order_status_action`,`pay_status`,`delivery_status`,`refund_status`,`pay_type`,`pay_type_name`,`delivery_type`,`delivery_type_name`,`member_id`,`name`,`mobile`,`telephone`,`province_id`,`city_id`,`district_id`,`community_id`,`address`,`full_address`,`longitude`,`latitude`,`buyer_ip`,`buyer_ask_delivery_time`,`buyer_message`,`order_invoice_company`,`order_invoice_type`,`order_invoice_type_name`,`order_invoice_trade_type`,`order_invoice_rate`,`goods_money`,`delivery_money`,`promotion_money`,`coupon_id`,`coupon_money`,`invoice_money`,`order_money`,`adjust_money`,`balance_money`,`pay_money`,`create_time`,`pay_time`,`delivery_time`,`sign_time`,`finish_time`,`close_time`,`is_lock`,`is_evaluate`,`is_delete`,`is_enable_refund`,`remark`,`goods_num`,`delivery_store_id`,`delivery_status_name`,`is_settlement`,`store_settlement_id`,`delivery_store_name`,`promotion_type`,`promotion_type_name`,`promotion_status_name`,`delivery_store_info`,`virtual_code`,`evaluate_status`,`evaluate_status_name`,`shop_money`,`platform_money`,`refund_money`,`refund_shop_money`,`refund_platform_money`,`commission`,`settlement_id`,`platform_coupon_id`,`platform_coupon_money`,`platform_coupon_total_money`,`platform_coupon_shop_money`,`is_invoice`,`invoice_type`,`invoice_title`,`taxpayer_number`,`invoice_rate`,`invoice_content`,`invoice_delivery_money`,`invoice_full_address`,`is_tax_invoice`,`invoice_email`,`invoice_title_type`,`refund_platform_coupon_total_money`,`refund_platform_coupon_shop_money`,`refund_platform_coupon_money`,`dj_money`,`hospital_money`,`hospital_id`,`refund_hospital_money` FROM `gxfc_order` WHERE  `order_id` = 354  AND `site_id` = 11 LIMIT 1 [ RunTime:0.000739s ]
[2022-07-16T11:06:01+08:00][sql] SHOW FULL COLUMNS FROM `gxfc_member` [ RunTime:0.001129s ]
[2022-07-16T11:06:01+08:00][sql] SELECT `nickname` FROM `gxfc_member` WHERE  `member_id` = 16 LIMIT 1 [ RunTime:0.000220s ]
[2022-07-16T11:06:01+08:00][sql] SHOW FULL COLUMNS FROM `gxfc_order_goods` [ RunTime:0.001118s ]
[2022-07-16T11:06:01+08:00][sql] SELECT `order_goods_id`,`order_id`,`order_no`,`site_id`,`site_name`,`website_id`,`member_id`,`goods_id`,`sku_id`,`sku_name`,`sku_image`,`sku_no`,`is_virtual`,`goods_class`,`goods_class_name`,`price`,`cost_price`,`num`,`goods_money`,`cost_money`,`delivery_status`,`delivery_no`,`gift_flag`,`refund_no`,`refund_status`,`refund_status_name`,`refund_status_action`,`refund_type`,`refund_apply_money`,`refund_reason`,`refund_real_money`,`refund_delivery_name`,`refund_delivery_no`,`refund_time`,`refund_refuse_reason`,`refund_action_time`,`delivery_status_name`,`commission_rate`,`real_goods_money`,`shop_money`,`platform_money`,`is_settlement`,`refund_remark`,`refund_delivery_remark`,`refund_address`,`is_refund_stock`,`refund_money_type`,`promotion_money`,`coupon_money`,`adjust_money`,`platform_coupon_money`,`is_present`,`refund_delivery_money`,`goods_name`,`sku_spec_format`,`is_fenxiao`,`hospital_money` FROM `gxfc_order_goods` WHERE  `order_id` = 354 [ RunTime:0.001128s ]
[2022-07-16T11:06:01+08:00][sql] SHOW FULL COLUMNS FROM `gxfc_express_delivery_package` [ RunTime:0.000681s ]
[2022-07-16T11:06:01+08:00][sql] SELECT * FROM `gxfc_express_delivery_package` WHERE  `order_id` = 354  AND `site_id` = 11 [ RunTime:0.000215s ]
[2022-07-16T11:06:01+08:00][sql] SHOW FULL COLUMNS FROM `gxfc_order_log` [ RunTime:0.000676s ]
[2022-07-16T11:06:01+08:00][sql] SELECT * FROM `gxfc_order_log` WHERE  `order_id` = 354 ORDER BY `action_time` DESC [ RunTime:0.000454s ]
[2022-07-16T11:06:01+08:00][sql] SELECT `group_id` FROM `gxfc_shop` WHERE  `site_id` = 11 LIMIT 1 [ RunTime:0.000340s ]
[2022-07-16T11:06:01+08:00][sql] SELECT `group_id` FROM `gxfc_shop` WHERE  `site_id` = 11 LIMIT 1 [ RunTime:0.000224s ]
[2022-07-16T11:06:01+08:00][sql] SELECT `group_id` FROM `gxfc_shop` WHERE  `site_id` = 11 LIMIT 1 [ RunTime:0.000209s ]
[2022-07-16T11:06:01+08:00][sql] SELECT `group_id` FROM `gxfc_shop` WHERE  `site_id` = 11 LIMIT 1 [ RunTime:0.000224s ]
[2022-07-16T11:10:38+08:00][sql] CONNECT:[ UseTime:0.000228s ] mysql:host=localhost;port=3306;dbname=ls_chnssl_com;charset=utf8
[2022-07-16T11:10:38+08:00][sql] SHOW FULL COLUMNS FROM `gxfc_shop` [ RunTime:0.001131s ]
[2022-07-16T11:10:38+08:00][sql] SELECT `website_id`,`site_name`,`logo`,`is_own`,`level_id`,`category_id`,`group_id`,`seo_keywords`,`seo_description`,`expire_time`,`shop_status` FROM `gxfc_shop` WHERE  `site_id` = 11 LIMIT 1 [ RunTime:0.000247s ]
[2022-07-16T11:10:38+08:00][sql] SHOW FULL COLUMNS FROM `gxfc_order` [ RunTime:0.001213s ]
[2022-07-16T11:10:38+08:00][sql] SELECT COUNT(*) AS think_count FROM `gxfc_order` `o` WHERE  `o`.`site_id` = 11 ORDER BY `o`.`create_time` DESC [ RunTime:0.000328s ]
[2022-07-16T11:10:38+08:00][sql] SELECT `o`.* FROM `gxfc_order` `o` WHERE  `o`.`site_id` = 11 ORDER BY `o`.`create_time` DESC LIMIT 40,10 [ RunTime:0.000825s ]
[2022-07-16T11:10:38+08:00][sql] SHOW FULL COLUMNS FROM `gxfc_order_goods` [ RunTime:0.000890s ]
[2022-07-16T11:10:38+08:00][sql] SELECT * FROM `gxfc_order_goods` WHERE  `order_id` = 348 [ RunTime:0.000933s ]
[2022-07-16T11:10:38+08:00][sql] SHOW FULL COLUMNS FROM `gxfc_member` [ RunTime:0.000892s ]
[2022-07-16T11:10:38+08:00][sql] SELECT `nickname` FROM `gxfc_member` WHERE  `member_id` = 8 LIMIT 1 [ RunTime:0.000150s ]
[2022-07-16T11:10:38+08:00][sql] SELECT * FROM `gxfc_order_goods` WHERE  `order_id` = 347 [ RunTime:0.000877s ]
[2022-07-16T11:10:38+08:00][sql] SELECT `nickname` FROM `gxfc_member` WHERE  `member_id` = 15 LIMIT 1 [ RunTime:0.000133s ]
[2022-07-16T11:10:38+08:00][sql] SELECT * FROM `gxfc_order_goods` WHERE  `order_id` = 346 [ RunTime:0.000909s ]
[2022-07-16T11:10:38+08:00][sql] SELECT `nickname` FROM `gxfc_member` WHERE  `member_id` = 15 LIMIT 1 [ RunTime:0.000130s ]
[2022-07-16T11:10:38+08:00][sql] SELECT * FROM `gxfc_order_goods` WHERE  `order_id` = 345 [ RunTime:0.000849s ]
[2022-07-16T11:10:38+08:00][sql] SELECT `nickname` FROM `gxfc_member` WHERE  `member_id` = 15 LIMIT 1 [ RunTime:0.000131s ]
[2022-07-16T11:10:38+08:00][sql] SELECT * FROM `gxfc_order_goods` WHERE  `order_id` = 344 [ RunTime:0.000890s ]
[2022-07-16T11:10:38+08:00][sql] SELECT `nickname` FROM `gxfc_member` WHERE  `member_id` = 15 LIMIT 1 [ RunTime:0.000127s ]
[2022-07-16T11:10:38+08:00][sql] SELECT * FROM `gxfc_order_goods` WHERE  `order_id` = 342 [ RunTime:0.000851s ]
[2022-07-16T11:10:38+08:00][sql] SELECT `nickname` FROM `gxfc_member` WHERE  `member_id` = 6 LIMIT 1 [ RunTime:0.000138s ]
[2022-07-16T11:10:38+08:00][sql] SELECT * FROM `gxfc_order_goods` WHERE  `order_id` = 341 [ RunTime:0.000865s ]
[2022-07-16T11:10:38+08:00][sql] SELECT `nickname` FROM `gxfc_member` WHERE  `member_id` = 8 LIMIT 1 [ RunTime:0.000133s ]
[2022-07-16T11:10:38+08:00][sql] SELECT * FROM `gxfc_order_goods` WHERE  `order_id` = 340 [ RunTime:0.000874s ]
[2022-07-16T11:10:38+08:00][sql] SELECT `nickname` FROM `gxfc_member` WHERE  `member_id` = 15 LIMIT 1 [ RunTime:0.000134s ]
[2022-07-16T11:10:38+08:00][sql] SELECT * FROM `gxfc_order_goods` WHERE  `order_id` = 338 [ RunTime:0.000870s ]
[2022-07-16T11:10:38+08:00][sql] SELECT `nickname` FROM `gxfc_member` WHERE  `member_id` = 15 LIMIT 1 [ RunTime:0.000136s ]
[2022-07-16T11:10:38+08:00][sql] SELECT * FROM `gxfc_order_goods` WHERE  `order_id` = 337 [ RunTime:0.000864s ]
[2022-07-16T11:10:38+08:00][sql] SELECT `nickname` FROM `gxfc_member` WHERE  `member_id` = 6 LIMIT 1 [ RunTime:0.000125s ]
[2022-07-16T11:10:38+08:00][sql] SELECT `conceal` FROM `gxfc_shop` WHERE  `site_id` = 11 LIMIT 1 [ RunTime:0.000142s ]
[2022-07-16T11:10:39+08:00][sql] CONNECT:[ UseTime:0.002137s ] mysql:host=localhost;port=3306;dbname=ls_chnssl_com;charset=utf8
[2022-07-16T11:10:39+08:00][sql] SHOW FULL COLUMNS FROM `gxfc_shop` [ RunTime:0.001232s ]
[2022-07-16T11:10:39+08:00][sql] SELECT `website_id`,`site_name`,`logo`,`is_own`,`level_id`,`category_id`,`group_id`,`seo_keywords`,`seo_description`,`expire_time`,`shop_status` FROM `gxfc_shop` WHERE  `site_id` = 11 LIMIT 1 [ RunTime:0.000274s ]
[2022-07-16T11:10:39+08:00][sql] SHOW FULL COLUMNS FROM `gxfc_order` [ RunTime:0.001292s ]
[2022-07-16T11:10:39+08:00][sql] SELECT COUNT(*) AS think_count FROM `gxfc_order` `o` WHERE  `o`.`site_id` = 11 ORDER BY `o`.`create_time` DESC [ RunTime:0.000329s ]
[2022-07-16T11:10:39+08:00][sql] SELECT `o`.* FROM `gxfc_order` `o` WHERE  `o`.`site_id` = 11 ORDER BY `o`.`create_time` DESC LIMIT 50,10 [ RunTime:0.000865s ]
[2022-07-16T11:10:39+08:00][sql] SHOW FULL COLUMNS FROM `gxfc_order_goods` [ RunTime:0.000902s ]
[2022-07-16T11:10:39+08:00][sql] SELECT * FROM `gxfc_order_goods` WHERE  `order_id` = 336 [ RunTime:0.000929s ]
[2022-07-16T11:10:39+08:00][sql] SHOW FULL COLUMNS FROM `gxfc_member` [ RunTime:0.000959s ]
[2022-07-16T11:10:39+08:00][sql] SELECT `nickname` FROM `gxfc_member` WHERE  `member_id` = 5 LIMIT 1 [ RunTime:0.000158s ]
[2022-07-16T11:10:39+08:00][sql] SELECT * FROM `gxfc_order_goods` WHERE  `order_id` = 335 [ RunTime:0.000883s ]
[2022-07-16T11:10:39+08:00][sql] SELECT `nickname` FROM `gxfc_member` WHERE  `member_id` = 15 LIMIT 1 [ RunTime:0.000140s ]
[2022-07-16T11:10:39+08:00][sql] SELECT * FROM `gxfc_order_goods` WHERE  `order_id` = 334 [ RunTime:0.001244s ]
[2022-07-16T11:10:39+08:00][sql] SELECT `nickname` FROM `gxfc_member` WHERE  `member_id` = 15 LIMIT 1 [ RunTime:0.000139s ]
[2022-07-16T11:10:39+08:00][sql] SELECT * FROM `gxfc_order_goods` WHERE  `order_id` = 333 [ RunTime:0.000881s ]
[2022-07-16T11:10:39+08:00][sql] SELECT `nickname` FROM `gxfc_member` WHERE  `member_id` = 5 LIMIT 1 [ RunTime:0.000132s ]
[2022-07-16T11:10:39+08:00][sql] SELECT * FROM `gxfc_order_goods` WHERE  `order_id` = 331 [ RunTime:0.000850s ]
[2022-07-16T11:10:39+08:00][sql] SELECT `nickname` FROM `gxfc_member` WHERE  `member_id` = 15 LIMIT 1 [ RunTime:0.000125s ]
[2022-07-16T11:10:39+08:00][sql] SELECT * FROM `gxfc_order_goods` WHERE  `order_id` = 330 [ RunTime:0.000939s ]
[2022-07-16T11:10:39+08:00][sql] SELECT `nickname` FROM `gxfc_member` WHERE  `member_id` = 8 LIMIT 1 [ RunTime:0.000139s ]
[2022-07-16T11:10:39+08:00][sql] SELECT * FROM `gxfc_order_goods` WHERE  `order_id` = 329 [ RunTime:0.000880s ]
[2022-07-16T11:10:39+08:00][sql] SELECT `nickname` FROM `gxfc_member` WHERE  `member_id` = 6 LIMIT 1 [ RunTime:0.000200s ]
[2022-07-16T11:10:39+08:00][sql] SELECT * FROM `gxfc_order_goods` WHERE  `order_id` = 328 [ RunTime:0.000894s ]
[2022-07-16T11:10:39+08:00][sql] SELECT `nickname` FROM `gxfc_member` WHERE  `member_id` = 6 LIMIT 1 [ RunTime:0.000168s ]
[2022-07-16T11:10:39+08:00][sql] SELECT * FROM `gxfc_order_goods` WHERE  `order_id` = 327 [ RunTime:0.000911s ]
[2022-07-16T11:10:39+08:00][sql] SELECT `nickname` FROM `gxfc_member` WHERE  `member_id` = 6 LIMIT 1 [ RunTime:0.000137s ]
[2022-07-16T11:10:39+08:00][sql] SELECT * FROM `gxfc_order_goods` WHERE  `order_id` = 326 [ RunTime:0.000868s ]
[2022-07-16T11:10:39+08:00][sql] SELECT `nickname` FROM `gxfc_member` WHERE  `member_id` = 6 LIMIT 1 [ RunTime:0.000173s ]
[2022-07-16T11:10:39+08:00][sql] SELECT `conceal` FROM `gxfc_shop` WHERE  `site_id` = 11 LIMIT 1 [ RunTime:0.000164s ]
[2022-07-16T11:10:49+08:00][sql] CONNECT:[ UseTime:0.000258s ] mysql:host=localhost;port=3306;dbname=ls_chnssl_com;charset=utf8
[2022-07-16T11:10:49+08:00][sql] SHOW FULL COLUMNS FROM `gxfc_shop` [ RunTime:0.001532s ]
[2022-07-16T11:10:49+08:00][sql] SELECT `website_id`,`site_name`,`logo`,`is_own`,`level_id`,`category_id`,`group_id`,`seo_keywords`,`seo_description`,`expire_time`,`shop_status` FROM `gxfc_shop` WHERE  `site_id` = 11 LIMIT 1 [ RunTime:0.000317s ]
[2022-07-16T11:10:49+08:00][sql] SHOW FULL COLUMNS FROM `gxfc_order` [ RunTime:0.001437s ]
[2022-07-16T11:10:49+08:00][sql] SELECT `order_id`,`order_no`,`site_id`,`site_name`,`website_id`,`order_name`,`order_from`,`order_from_name`,`order_type`,`order_type_name`,`order_promotion_type`,`order_promotion_name`,`promotion_id`,`out_trade_no`,`out_trade_no_2`,`delivery_code`,`order_status`,`order_status_name`,`order_status_action`,`pay_status`,`delivery_status`,`refund_status`,`pay_type`,`pay_type_name`,`delivery_type`,`delivery_type_name`,`member_id`,`name`,`mobile`,`telephone`,`province_id`,`city_id`,`district_id`,`community_id`,`address`,`full_address`,`longitude`,`latitude`,`buyer_ip`,`buyer_ask_delivery_time`,`buyer_message`,`order_invoice_company`,`order_invoice_type`,`order_invoice_type_name`,`order_invoice_trade_type`,`order_invoice_rate`,`goods_money`,`delivery_money`,`promotion_money`,`coupon_id`,`coupon_money`,`invoice_money`,`order_money`,`adjust_money`,`balance_money`,`pay_money`,`create_time`,`pay_time`,`delivery_time`,`sign_time`,`finish_time`,`close_time`,`is_lock`,`is_evaluate`,`is_delete`,`is_enable_refund`,`remark`,`goods_num`,`delivery_store_id`,`delivery_status_name`,`is_settlement`,`store_settlement_id`,`delivery_store_name`,`promotion_type`,`promotion_type_name`,`promotion_status_name`,`delivery_store_info`,`virtual_code`,`evaluate_status`,`evaluate_status_name`,`shop_money`,`platform_money`,`refund_money`,`refund_shop_money`,`refund_platform_money`,`commission`,`settlement_id`,`platform_coupon_id`,`platform_coupon_money`,`platform_coupon_total_money`,`platform_coupon_shop_money`,`is_invoice`,`invoice_type`,`invoice_title`,`taxpayer_number`,`invoice_rate`,`invoice_content`,`invoice_delivery_money`,`invoice_full_address`,`is_tax_invoice`,`invoice_email`,`invoice_title_type`,`refund_platform_coupon_total_money`,`refund_platform_coupon_shop_money`,`refund_platform_coupon_money`,`dj_money`,`hospital_money`,`hospital_id`,`refund_hospital_money` FROM `gxfc_order` WHERE  `order_id` = 328  AND `site_id` = 11 LIMIT 1 [ RunTime:0.000677s ]
[2022-07-16T11:10:49+08:00][sql] SHOW FULL COLUMNS FROM `gxfc_member` [ RunTime:0.000982s ]
[2022-07-16T11:10:49+08:00][sql] SELECT `nickname` FROM `gxfc_member` WHERE  `member_id` = 6 LIMIT 1 [ RunTime:0.000184s ]
[2022-07-16T11:10:49+08:00][sql] SHOW FULL COLUMNS FROM `gxfc_order_goods` [ RunTime:0.000918s ]
[2022-07-16T11:10:49+08:00][sql] SELECT `order_goods_id`,`order_id`,`order_no`,`site_id`,`site_name`,`website_id`,`member_id`,`goods_id`,`sku_id`,`sku_name`,`sku_image`,`sku_no`,`is_virtual`,`goods_class`,`goods_class_name`,`price`,`cost_price`,`num`,`goods_money`,`cost_money`,`delivery_status`,`delivery_no`,`gift_flag`,`refund_no`,`refund_status`,`refund_status_name`,`refund_status_action`,`refund_type`,`refund_apply_money`,`refund_reason`,`refund_real_money`,`refund_delivery_name`,`refund_delivery_no`,`refund_time`,`refund_refuse_reason`,`refund_action_time`,`delivery_status_name`,`commission_rate`,`real_goods_money`,`shop_money`,`platform_money`,`is_settlement`,`refund_remark`,`refund_delivery_remark`,`refund_address`,`is_refund_stock`,`refund_money_type`,`promotion_money`,`coupon_money`,`adjust_money`,`platform_coupon_money`,`is_present`,`refund_delivery_money`,`goods_name`,`sku_spec_format`,`is_fenxiao`,`hospital_money` FROM `gxfc_order_goods` WHERE  `order_id` = 328 [ RunTime:0.000988s ]
[2022-07-16T11:10:49+08:00][sql] SHOW FULL COLUMNS FROM `gxfc_express_delivery_package` [ RunTime:0.000787s ]
[2022-07-16T11:10:49+08:00][sql] SELECT * FROM `gxfc_express_delivery_package` WHERE  `order_id` = 328  AND `site_id` = 11 [ RunTime:0.000261s ]
[2022-07-16T11:10:49+08:00][sql] SHOW FULL COLUMNS FROM `gxfc_express_company` [ RunTime:0.000736s ]
[2022-07-16T11:10:49+08:00][sql] SELECT * FROM `gxfc_express_company` WHERE  `company_id` = 17 LIMIT 1 [ RunTime:0.000204s ]
[2022-07-16T11:10:50+08:00][sql] SHOW FULL COLUMNS FROM `gxfc_order_log` [ RunTime:0.000854s ]
[2022-07-16T11:10:50+08:00][sql] SELECT * FROM `gxfc_order_log` WHERE  `order_id` = 328 ORDER BY `action_time` DESC [ RunTime:0.000522s ]
[2022-07-16T11:10:50+08:00][sql] SELECT `group_id` FROM `gxfc_shop` WHERE  `site_id` = 11 LIMIT 1 [ RunTime:0.000216s ]
[2022-07-16T11:10:50+08:00][sql] SELECT `group_id` FROM `gxfc_shop` WHERE  `site_id` = 11 LIMIT 1 [ RunTime:0.000167s ]
[2022-07-16T11:10:50+08:00][sql] SELECT `group_id` FROM `gxfc_shop` WHERE  `site_id` = 11 LIMIT 1 [ RunTime:0.000148s ]
[2022-07-16T11:10:50+08:00][sql] SELECT `group_id` FROM `gxfc_shop` WHERE  `site_id` = 11 LIMIT 1 [ RunTime:0.000199s ]
[2022-07-16T11:18:42+08:00][sql] CONNECT:[ UseTime:0.000225s ] mysql:host=localhost;port=3306;dbname=ls_chnssl_com;charset=utf8
[2022-07-16T11:18:42+08:00][sql] SHOW FULL COLUMNS FROM `gxfc_shop` [ RunTime:0.001270s ]
[2022-07-16T11:18:42+08:00][sql] SELECT `website_id`,`site_name`,`logo`,`is_own`,`level_id`,`category_id`,`group_id`,`seo_keywords`,`seo_description`,`expire_time`,`shop_status` FROM `gxfc_shop` WHERE  `site_id` = 11 LIMIT 1 [ RunTime:0.000239s ]
[2022-07-16T11:18:42+08:00][sql] SHOW FULL COLUMNS FROM `gxfc_order` [ RunTime:0.001322s ]
[2022-07-16T11:18:42+08:00][sql] SELECT `order_id`,`order_no`,`site_id`,`site_name`,`website_id`,`order_name`,`order_from`,`order_from_name`,`order_type`,`order_type_name`,`order_promotion_type`,`order_promotion_name`,`promotion_id`,`out_trade_no`,`out_trade_no_2`,`delivery_code`,`order_status`,`order_status_name`,`order_status_action`,`pay_status`,`delivery_status`,`refund_status`,`pay_type`,`pay_type_name`,`delivery_type`,`delivery_type_name`,`member_id`,`name`,`mobile`,`telephone`,`province_id`,`city_id`,`district_id`,`community_id`,`address`,`full_address`,`longitude`,`latitude`,`buyer_ip`,`buyer_ask_delivery_time`,`buyer_message`,`order_invoice_company`,`order_invoice_type`,`order_invoice_type_name`,`order_invoice_trade_type`,`order_invoice_rate`,`goods_money`,`delivery_money`,`promotion_money`,`coupon_id`,`coupon_money`,`invoice_money`,`order_money`,`adjust_money`,`balance_money`,`pay_money`,`create_time`,`pay_time`,`delivery_time`,`sign_time`,`finish_time`,`close_time`,`is_lock`,`is_evaluate`,`is_delete`,`is_enable_refund`,`remark`,`goods_num`,`delivery_store_id`,`delivery_status_name`,`is_settlement`,`store_settlement_id`,`delivery_store_name`,`promotion_type`,`promotion_type_name`,`promotion_status_name`,`delivery_store_info`,`virtual_code`,`evaluate_status`,`evaluate_status_name`,`shop_money`,`platform_money`,`refund_money`,`refund_shop_money`,`refund_platform_money`,`commission`,`settlement_id`,`platform_coupon_id`,`platform_coupon_money`,`platform_coupon_total_money`,`platform_coupon_shop_money`,`is_invoice`,`invoice_type`,`invoice_title`,`taxpayer_number`,`invoice_rate`,`invoice_content`,`invoice_delivery_money`,`invoice_full_address`,`is_tax_invoice`,`invoice_email`,`invoice_title_type`,`refund_platform_coupon_total_money`,`refund_platform_coupon_shop_money`,`refund_platform_coupon_money`,`dj_money`,`hospital_money`,`hospital_id`,`refund_hospital_money` FROM `gxfc_order` WHERE  `order_id` = 327  AND `site_id` = 11 LIMIT 1 [ RunTime:0.000718s ]
[2022-07-16T11:18:42+08:00][sql] SHOW FULL COLUMNS FROM `gxfc_member` [ RunTime:0.000911s ]
[2022-07-16T11:18:42+08:00][sql] SELECT `nickname` FROM `gxfc_member` WHERE  `member_id` = 6 LIMIT 1 [ RunTime:0.000179s ]
[2022-07-16T11:18:42+08:00][sql] SHOW FULL COLUMNS FROM `gxfc_order_goods` [ RunTime:0.000866s ]
[2022-07-16T11:18:42+08:00][sql] SELECT `order_goods_id`,`order_id`,`order_no`,`site_id`,`site_name`,`website_id`,`member_id`,`goods_id`,`sku_id`,`sku_name`,`sku_image`,`sku_no`,`is_virtual`,`goods_class`,`goods_class_name`,`price`,`cost_price`,`num`,`goods_money`,`cost_money`,`delivery_status`,`delivery_no`,`gift_flag`,`refund_no`,`refund_status`,`refund_status_name`,`refund_status_action`,`refund_type`,`refund_apply_money`,`refund_reason`,`refund_real_money`,`refund_delivery_name`,`refund_delivery_no`,`refund_time`,`refund_refuse_reason`,`refund_action_time`,`delivery_status_name`,`commission_rate`,`real_goods_money`,`shop_money`,`platform_money`,`is_settlement`,`refund_remark`,`refund_delivery_remark`,`refund_address`,`is_refund_stock`,`refund_money_type`,`promotion_money`,`coupon_money`,`adjust_money`,`platform_coupon_money`,`is_present`,`refund_delivery_money`,`goods_name`,`sku_spec_format`,`is_fenxiao`,`hospital_money` FROM `gxfc_order_goods` WHERE  `order_id` = 327 [ RunTime:0.000992s ]
[2022-07-16T11:18:42+08:00][sql] SHOW FULL COLUMNS FROM `gxfc_express_delivery_package` [ RunTime:0.000718s ]
[2022-07-16T11:18:42+08:00][sql] SELECT * FROM `gxfc_express_delivery_package` WHERE  `order_id` = 327  AND `site_id` = 11 [ RunTime:0.000248s ]
[2022-07-16T11:18:42+08:00][sql] SHOW FULL COLUMNS FROM `gxfc_order_log` [ RunTime:0.000852s ]
[2022-07-16T11:18:42+08:00][sql] SELECT * FROM `gxfc_order_log` WHERE  `order_id` = 327 ORDER BY `action_time` DESC [ RunTime:0.000524s ]
[2022-07-16T11:18:42+08:00][sql] SELECT `group_id` FROM `gxfc_shop` WHERE  `site_id` = 11 LIMIT 1 [ RunTime:0.000237s ]
[2022-07-16T11:18:42+08:00][sql] SELECT `group_id` FROM `gxfc_shop` WHERE  `site_id` = 11 LIMIT 1 [ RunTime:0.000202s ]
[2022-07-16T11:18:42+08:00][sql] SELECT `group_id` FROM `gxfc_shop` WHERE  `site_id` = 11 LIMIT 1 [ RunTime:0.000180s ]
[2022-07-16T11:18:42+08:00][sql] SELECT `group_id` FROM `gxfc_shop` WHERE  `site_id` = 11 LIMIT 1 [ RunTime:0.000176s ]
[2022-07-16T11:18:53+08:00][sql] CONNECT:[ UseTime:0.000216s ] mysql:host=localhost;port=3306;dbname=ls_chnssl_com;charset=utf8
[2022-07-16T11:18:53+08:00][sql] SHOW FULL COLUMNS FROM `gxfc_shop` [ RunTime:0.001166s ]
[2022-07-16T11:18:53+08:00][sql] SELECT `website_id`,`site_name`,`logo`,`is_own`,`level_id`,`category_id`,`group_id`,`seo_keywords`,`seo_description`,`expire_time`,`shop_status` FROM `gxfc_shop` WHERE  `site_id` = 11 LIMIT 1 [ RunTime:0.000233s ]
[2022-07-16T11:18:53+08:00][sql] SHOW FULL COLUMNS FROM `gxfc_order` [ RunTime:0.001193s ]
[2022-07-16T11:18:53+08:00][sql] SELECT COUNT(*) AS think_count FROM `gxfc_order` `o` WHERE  `o`.`site_id` = 11 ORDER BY `o`.`create_time` DESC [ RunTime:0.000323s ]
[2022-07-16T11:18:53+08:00][sql] SELECT `o`.* FROM `gxfc_order` `o` WHERE  `o`.`site_id` = 11 ORDER BY `o`.`create_time` DESC LIMIT 60,10 [ RunTime:0.000909s ]
[2022-07-16T11:18:53+08:00][sql] SHOW FULL COLUMNS FROM `gxfc_order_goods` [ RunTime:0.000921s ]
[2022-07-16T11:18:53+08:00][sql] SELECT * FROM `gxfc_order_goods` WHERE  `order_id` = 325 [ RunTime:0.000879s ]
[2022-07-16T11:18:53+08:00][sql] SHOW FULL COLUMNS FROM `gxfc_member` [ RunTime:0.000923s ]
[2022-07-16T11:18:53+08:00][sql] SELECT `nickname` FROM `gxfc_member` WHERE  `member_id` = 6 LIMIT 1 [ RunTime:0.000149s ]
[2022-07-16T11:18:53+08:00][sql] SELECT * FROM `gxfc_order_goods` WHERE  `order_id` = 324 [ RunTime:0.000856s ]
[2022-07-16T11:18:53+08:00][sql] SELECT `nickname` FROM `gxfc_member` WHERE  `member_id` = 5 LIMIT 1 [ RunTime:0.000137s ]
[2022-07-16T11:18:53+08:00][sql] SELECT * FROM `gxfc_order_goods` WHERE  `order_id` = 323 [ RunTime:0.000852s ]
[2022-07-16T11:18:53+08:00][sql] SELECT `nickname` FROM `gxfc_member` WHERE  `member_id` = 5 LIMIT 1 [ RunTime:0.000138s ]
[2022-07-16T11:18:53+08:00][sql] SELECT * FROM `gxfc_order_goods` WHERE  `order_id` = 321 [ RunTime:0.000851s ]
[2022-07-16T11:18:53+08:00][sql] SELECT `nickname` FROM `gxfc_member` WHERE  `member_id` = 5 LIMIT 1 [ RunTime:0.000132s ]
[2022-07-16T11:18:53+08:00][sql] SELECT * FROM `gxfc_order_goods` WHERE  `order_id` = 319 [ RunTime:0.000846s ]
[2022-07-16T11:18:53+08:00][sql] SELECT `nickname` FROM `gxfc_member` WHERE  `member_id` = 15 LIMIT 1 [ RunTime:0.000128s ]
[2022-07-16T11:18:53+08:00][sql] SELECT * FROM `gxfc_order_goods` WHERE  `order_id` = 318 [ RunTime:0.000877s ]
[2022-07-16T11:18:53+08:00][sql] SELECT `nickname` FROM `gxfc_member` WHERE  `member_id` = 15 LIMIT 1 [ RunTime:0.000141s ]
[2022-07-16T11:18:53+08:00][sql] SELECT * FROM `gxfc_order_goods` WHERE  `order_id` = 317 [ RunTime:0.000841s ]
[2022-07-16T11:18:53+08:00][sql] SELECT `nickname` FROM `gxfc_member` WHERE  `member_id` = 15 LIMIT 1 [ RunTime:0.000124s ]
[2022-07-16T11:18:53+08:00][sql] SELECT * FROM `gxfc_order_goods` WHERE  `order_id` = 316 [ RunTime:0.000882s ]
[2022-07-16T11:18:53+08:00][sql] SELECT `nickname` FROM `gxfc_member` WHERE  `member_id` = 15 LIMIT 1 [ RunTime:0.000126s ]
[2022-07-16T11:18:53+08:00][sql] SELECT * FROM `gxfc_order_goods` WHERE  `order_id` = 315 [ RunTime:0.000861s ]
[2022-07-16T11:18:53+08:00][sql] SELECT `nickname` FROM `gxfc_member` WHERE  `member_id` = 15 LIMIT 1 [ RunTime:0.000124s ]
[2022-07-16T11:18:53+08:00][sql] SELECT * FROM `gxfc_order_goods` WHERE  `order_id` = 313 [ RunTime:0.000855s ]
[2022-07-16T11:18:53+08:00][sql] SELECT `nickname` FROM `gxfc_member` WHERE  `member_id` = 15 LIMIT 1 [ RunTime:0.000120s ]
[2022-07-16T11:18:53+08:00][sql] SELECT `conceal` FROM `gxfc_shop` WHERE  `site_id` = 11 LIMIT 1 [ RunTime:0.000193s ]
[2022-07-16T11:18:56+08:00][sql] CONNECT:[ UseTime:0.000230s ] mysql:host=localhost;port=3306;dbname=ls_chnssl_com;charset=utf8
[2022-07-16T11:18:56+08:00][sql] SHOW FULL COLUMNS FROM `gxfc_shop` [ RunTime:0.001237s ]
[2022-07-16T11:18:56+08:00][sql] SELECT `website_id`,`site_name`,`logo`,`is_own`,`level_id`,`category_id`,`group_id`,`seo_keywords`,`seo_description`,`expire_time`,`shop_status` FROM `gxfc_shop` WHERE  `site_id` = 11 LIMIT 1 [ RunTime:0.000242s ]
[2022-07-16T11:18:56+08:00][sql] SHOW FULL COLUMNS FROM `gxfc_order` [ RunTime:0.001193s ]
[2022-07-16T11:18:56+08:00][sql] SELECT `order_id`,`order_no`,`site_id`,`site_name`,`website_id`,`order_name`,`order_from`,`order_from_name`,`order_type`,`order_type_name`,`order_promotion_type`,`order_promotion_name`,`promotion_id`,`out_trade_no`,`out_trade_no_2`,`delivery_code`,`order_status`,`order_status_name`,`order_status_action`,`pay_status`,`delivery_status`,`refund_status`,`pay_type`,`pay_type_name`,`delivery_type`,`delivery_type_name`,`member_id`,`name`,`mobile`,`telephone`,`province_id`,`city_id`,`district_id`,`community_id`,`address`,`full_address`,`longitude`,`latitude`,`buyer_ip`,`buyer_ask_delivery_time`,`buyer_message`,`order_invoice_company`,`order_invoice_type`,`order_invoice_type_name`,`order_invoice_trade_type`,`order_invoice_rate`,`goods_money`,`delivery_money`,`promotion_money`,`coupon_id`,`coupon_money`,`invoice_money`,`order_money`,`adjust_money`,`balance_money`,`pay_money`,`create_time`,`pay_time`,`delivery_time`,`sign_time`,`finish_time`,`close_time`,`is_lock`,`is_evaluate`,`is_delete`,`is_enable_refund`,`remark`,`goods_num`,`delivery_store_id`,`delivery_status_name`,`is_settlement`,`store_settlement_id`,`delivery_store_name`,`promotion_type`,`promotion_type_name`,`promotion_status_name`,`delivery_store_info`,`virtual_code`,`evaluate_status`,`evaluate_status_name`,`shop_money`,`platform_money`,`refund_money`,`refund_shop_money`,`refund_platform_money`,`commission`,`settlement_id`,`platform_coupon_id`,`platform_coupon_money`,`platform_coupon_total_money`,`platform_coupon_shop_money`,`is_invoice`,`invoice_type`,`invoice_title`,`taxpayer_number`,`invoice_rate`,`invoice_content`,`invoice_delivery_money`,`invoice_full_address`,`is_tax_invoice`,`invoice_email`,`invoice_title_type`,`refund_platform_coupon_total_money`,`refund_platform_coupon_shop_money`,`refund_platform_coupon_money`,`dj_money`,`hospital_money`,`hospital_id`,`refund_hospital_money` FROM `gxfc_order` WHERE  `order_id` = 321  AND `site_id` = 11 LIMIT 1 [ RunTime:0.000598s ]
[2022-07-16T11:18:56+08:00][sql] SHOW FULL COLUMNS FROM `gxfc_member` [ RunTime:0.000866s ]
[2022-07-16T11:18:56+08:00][sql] SELECT `nickname` FROM `gxfc_member` WHERE  `member_id` = 5 LIMIT 1 [ RunTime:0.000153s ]
[2022-07-16T11:18:57+08:00][sql] SHOW FULL COLUMNS FROM `gxfc_order_goods` [ RunTime:0.000833s ]
[2022-07-16T11:18:57+08:00][sql] SELECT `order_goods_id`,`order_id`,`order_no`,`site_id`,`site_name`,`website_id`,`member_id`,`goods_id`,`sku_id`,`sku_name`,`sku_image`,`sku_no`,`is_virtual`,`goods_class`,`goods_class_name`,`price`,`cost_price`,`num`,`goods_money`,`cost_money`,`delivery_status`,`delivery_no`,`gift_flag`,`refund_no`,`refund_status`,`refund_status_name`,`refund_status_action`,`refund_type`,`refund_apply_money`,`refund_reason`,`refund_real_money`,`refund_delivery_name`,`refund_delivery_no`,`refund_time`,`refund_refuse_reason`,`refund_action_time`,`delivery_status_name`,`commission_rate`,`real_goods_money`,`shop_money`,`platform_money`,`is_settlement`,`refund_remark`,`refund_delivery_remark`,`refund_address`,`is_refund_stock`,`refund_money_type`,`promotion_money`,`coupon_money`,`adjust_money`,`platform_coupon_money`,`is_present`,`refund_delivery_money`,`goods_name`,`sku_spec_format`,`is_fenxiao`,`hospital_money` FROM `gxfc_order_goods` WHERE  `order_id` = 321 [ RunTime:0.000933s ]
[2022-07-16T11:18:57+08:00][sql] SHOW FULL COLUMNS FROM `gxfc_express_delivery_package` [ RunTime:0.000702s ]
[2022-07-16T11:18:57+08:00][sql] SELECT * FROM `gxfc_express_delivery_package` WHERE  `order_id` = 321  AND `site_id` = 11 [ RunTime:0.000212s ]
[2022-07-16T11:18:57+08:00][sql] SHOW FULL COLUMNS FROM `gxfc_express_company` [ RunTime:0.000730s ]
[2022-07-16T11:18:57+08:00][sql] SELECT * FROM `gxfc_express_company` WHERE  `company_id` = 13 LIMIT 1 [ RunTime:0.000212s ]
[2022-07-16T11:18:57+08:00][sql] SHOW FULL COLUMNS FROM `gxfc_order_log` [ RunTime:0.000895s ]
[2022-07-16T11:18:57+08:00][sql] SELECT * FROM `gxfc_order_log` WHERE  `order_id` = 321 ORDER BY `action_time` DESC [ RunTime:0.000511s ]
[2022-07-16T11:18:57+08:00][sql] SELECT `group_id` FROM `gxfc_shop` WHERE  `site_id` = 11 LIMIT 1 [ RunTime:0.000262s ]
[2022-07-16T11:18:57+08:00][sql] SELECT `group_id` FROM `gxfc_shop` WHERE  `site_id` = 11 LIMIT 1 [ RunTime:0.000167s ]
[2022-07-16T11:18:57+08:00][sql] SELECT `group_id` FROM `gxfc_shop` WHERE  `site_id` = 11 LIMIT 1 [ RunTime:0.000153s ]
[2022-07-16T11:18:57+08:00][sql] SELECT `group_id` FROM `gxfc_shop` WHERE  `site_id` = 11 LIMIT 1 [ RunTime:0.000178s ]
