[2022-07-25T08:28:14+08:00][sql] CONNECT:[ UseTime:0.000239s ] mysql:host=localhost;port=3306;dbname=ls_chnssl_com;charset=utf8
[2022-07-25T08:28:14+08:00][sql] SHOW FULL COLUMNS FROM `gxfc_website` [ RunTime:0.001054s ]
[2022-07-25T08:28:14+08:00][sql] SELECT `web_phone`,`web_email`,`web_qrcode`,`web_qq`,`web_weixin`,`logo` FROM `gxfc_website` WHERE  `site_id` = 0 LIMIT 1 [ RunTime:0.000208s ]
[2022-07-25T08:28:18+08:00][sql] CONNECT:[ UseTime:0.000262s ] mysql:host=localhost;port=3306;dbname=ls_chnssl_com;charset=utf8
[2022-07-25T08:28:18+08:00][sql] SHOW FULL COLUMNS FROM `gxfc_user` [ RunTime:0.000867s ]
[2022-07-25T08:28:18+08:00][sql] SELECT `uid`,`app_module`,`app_group`,`is_admin`,`site_id`,`group_id`,`group_name`,`username`,`password`,`member_id`,`create_time`,`update_time`,`status`,`login_time`,`login_ip` FROM `gxfc_user` WHERE  `username` = '何峰'  AND `app_module` = 'shop' LIMIT 1 [ RunTime:0.000330s ]
[2022-07-25T08:28:18+08:00][sql] UPDATE `gxfc_user`  SET `login_time` = 1658708898 , `login_ip` = '27.18.74.5'  WHERE  `uid` = 24 [ RunTime:0.004274s ]
[2022-07-25T08:28:18+08:00][sql] SHOW FULL COLUMNS FROM `gxfc_user_log` [ RunTime:0.000727s ]
[2022-07-25T08:28:18+08:00][sql] INSERT INTO `gxfc_user_log` SET `uid` = 24 , `username` = '何峰' , `site_id` = 11 , `url` = 'shop/Login/login' , `ip` = '27.18.74.5' , `data` = '[]' , `action_name` = '用户登录' , `create_time` = 1658708898 [ RunTime:0.003718s ]
[2022-07-25T08:28:18+08:00][sql] CONNECT:[ UseTime:0.000226s ] mysql:host=localhost;port=3306;dbname=ls_chnssl_com;charset=utf8
[2022-07-25T08:28:18+08:00][sql] SHOW FULL COLUMNS FROM `gxfc_group` [ RunTime:0.000895s ]
[2022-07-25T08:28:18+08:00][sql] SELECT * FROM `gxfc_group` WHERE  `group_id` = 13  AND `site_id` = 11  AND `app_module` = 'shop' LIMIT 1 [ RunTime:0.000256s ]
[2022-07-25T08:28:18+08:00][sql] SHOW FULL COLUMNS FROM `gxfc_shop` [ RunTime:0.001094s ]
[2022-07-25T08:28:18+08:00][sql] SELECT `website_id`,`site_name`,`logo`,`is_own`,`level_id`,`category_id`,`group_id`,`seo_keywords`,`seo_description`,`expire_time`,`shop_status` FROM `gxfc_shop` WHERE  `site_id` = 11 LIMIT 1 [ RunTime:0.000224s ]
[2022-07-25T08:28:18+08:00][sql] SHOW FULL COLUMNS FROM `gxfc_shop_group` [ RunTime:0.000844s ]
[2022-07-25T08:28:18+08:00][sql] SELECT `addon_array` FROM `gxfc_shop_group` WHERE  `group_id` = 2 LIMIT 1 [ RunTime:0.000166s ]
[2022-07-25T08:28:18+08:00][sql] SHOW FULL COLUMNS FROM `gxfc_menu` [ RunTime:0.000755s ]
[2022-07-25T08:28:18+08:00][sql] SELECT * FROM `gxfc_menu` WHERE  `app_module` = 'shop'  AND `addon` NOT IN ('printer','electronicsheet','freeshipping','servicer','bargain','bundling','cards','coupon','discount','egg','fenxiao','groupbuy','live','manjian','notes','pintuan','present','seckill','topic','turntable','wholesale','crazyguess','coupon_code','community_buy','cashier','appointment','missioncenter')  AND `is_show` = 1 ORDER BY `sort` ASC [ RunTime:0.000839s ]
[2022-07-25T08:28:18+08:00][sql] SELECT * FROM `gxfc_menu` WHERE  `addon` IN ('freeshipping','bargain','bundling','coupon','discount','groupbuy','manjian','pintuan','present','wholesale','seckill','topic','fenxiao','printer','electronicsheet')  AND `app_module` = 'shop'  AND `is_show` = 1 ORDER BY `sort` ASC [ RunTime:0.000717s ]
[2022-07-25T08:28:18+08:00][sql] SELECT `id`,`app_module`,`name`,`title`,`parent`,`level`,`url`,`is_show`,`sort`,`desc`,`picture`,`is_icon`,`picture_select`,`is_control`,`addon` FROM `gxfc_menu` WHERE  `url` = 'shop/Index/index'  AND `app_module` = 'shop' ORDER BY `level` DESC LIMIT 1 [ RunTime:0.000274s ]
[2022-07-25T08:28:18+08:00][sql] SELECT `id`,`app_module`,`name`,`title`,`parent`,`level`,`url`,`is_show`,`sort`,`desc`,`picture`,`is_icon`,`picture_select`,`is_control`,`addon` FROM `gxfc_menu` WHERE  `name` = 'INDEX_ROOT'  AND `app_module` = 'shop' LIMIT 1 [ RunTime:0.000267s ]
[2022-07-25T08:28:18+08:00][sql] SHOW FULL COLUMNS FROM `gxfc_website` [ RunTime:0.003276s ]
[2022-07-25T08:28:18+08:00][sql] SELECT `title`,`logo`,`desc`,`keywords`,`web_status`,`close_reason`,`web_qrcode`,`web_phone` FROM `gxfc_website` WHERE  `site_id` = 0 LIMIT 1 [ RunTime:0.000208s ]
[2022-07-25T08:28:18+08:00][sql] SELECT `site_id`,`expire_time`,`site_name`,`username`,`website_id`,`cert_id`,`is_own`,`level_id`,`level_name`,`category_id`,`category_name`,`group_id`,`group_name`,`member_id`,`member_name`,`shop_status`,`close_info`,`sort`,`start_time`,`end_time`,`logo`,`avatar`,`banner`,`seo_keywords`,`seo_description`,`qq`,`ww`,`telephone`,`is_recommend`,`shop_desccredit`,`shop_servicecredit`,`shop_deliverycredit`,`workingtime`,`shop_baozh`,`shop_baozhopen`,`shop_baozhrmb`,`shop_qtian`,`shop_zhping`,`shop_erxiaoshi`,`shop_tuihuo`,`shop_shiyong`,`shop_shiti`,`shop_xiaoxie`,`shop_free_time`,`shop_sales`,`shop_adv`,`account`,`account_withdraw`,`work_week`,`province`,`province_name`,`city`,`city_name`,`district`,`district_name`,`community`,`community_name`,`address`,`full_address`,`longitude`,`latitude`,`sub_num` FROM `gxfc_shop` WHERE  `site_id` = 11 LIMIT 1 [ RunTime:0.000377s ]
[2022-07-25T08:28:18+08:00][sql] SHOW FULL COLUMNS FROM `gxfc_shop_reopen` [ RunTime:0.000793s ]
[2022-07-25T08:28:18+08:00][sql] SELECT `sr`.*,`s`.`site_name` FROM `gxfc_shop_reopen` `sr` LEFT JOIN `gxfc_shop` `s` ON `s`.`site_id`=`sr`.`site_id` WHERE  `sr`.`site_id` = 11  AND `sr`.`apply_state` IN (1,-1) LIMIT 1 [ RunTime:0.000259s ]
[2022-07-25T08:28:18+08:00][sql] SHOW FULL COLUMNS FROM `gxfc_user` [ RunTime:0.000734s ]
[2022-07-25T08:28:18+08:00][sql] SELECT `username`,`group_name`,`login_time` FROM `gxfc_user` WHERE  `uid` = 24 LIMIT 1 [ RunTime:0.000151s ]
[2022-07-25T08:28:19+08:00][sql] SHOW FULL COLUMNS FROM `gxfc_stat_shop` [ RunTime:0.000846s ]
[2022-07-25T08:28:19+08:00][sql] SELECT `id`,`site_id`,`year`,`month`,`day`,`order_total`,`shipping_total`,`refund_total`,`order_pay_count`,`goods_pay_count`,`shop_money`,`platform_money`,`create_time`,`modify_time`,`collect_shop`,`collect_goods`,`visit_count`,`order_count`,`goods_count`,`add_goods_count`,`day_time`,`member_count` FROM `gxfc_stat_shop` WHERE  `site_id` = 11  AND `year` = 2022  AND `month` = 7  AND `day` = 25 LIMIT 1 [ RunTime:0.000211s ]
[2022-07-25T08:28:19+08:00][sql] INSERT INTO `gxfc_stat_shop` SET `site_id` = 11 , `year` = 2022 , `month` = 7 , `day` = 25 , `day_time` = 1658678400 [ RunTime:0.003641s ]
[2022-07-25T08:28:19+08:00][sql] SELECT `id`,`site_id`,`year`,`month`,`day`,`order_total`,`shipping_total`,`refund_total`,`order_pay_count`,`goods_pay_count`,`shop_money`,`platform_money`,`create_time`,`modify_time`,`collect_shop`,`collect_goods`,`visit_count`,`order_count`,`goods_count`,`add_goods_count`,`day_time`,`member_count` FROM `gxfc_stat_shop` WHERE  `site_id` = 11  AND `year` = 2022  AND `month` = 7  AND `day` = 25  AND `day_time` = 1658678400 LIMIT 1 [ RunTime:0.000232s ]
[2022-07-25T08:28:19+08:00][sql] SELECT `id`,`site_id`,`year`,`month`,`day`,`order_total`,`shipping_total`,`refund_total`,`order_pay_count`,`goods_pay_count`,`shop_money`,`platform_money`,`create_time`,`modify_time`,`collect_shop`,`collect_goods`,`visit_count`,`order_count`,`goods_count`,`add_goods_count`,`day_time`,`member_count` FROM `gxfc_stat_shop` WHERE  `site_id` = 11  AND `year` = 2022  AND `month` = 7  AND `day` = 24 LIMIT 1 [ RunTime:0.000217s ]
[2022-07-25T08:28:19+08:00][sql] INSERT INTO `gxfc_stat_shop` SET `site_id` = 11 , `year` = 2022 , `month` = 7 , `day` = 24 , `day_time` = 1658678400 [ RunTime:0.005931s ]
[2022-07-25T08:28:19+08:00][sql] SELECT `id`,`site_id`,`year`,`month`,`day`,`order_total`,`shipping_total`,`refund_total`,`order_pay_count`,`goods_pay_count`,`shop_money`,`platform_money`,`create_time`,`modify_time`,`collect_shop`,`collect_goods`,`visit_count`,`order_count`,`goods_count`,`add_goods_count`,`day_time`,`member_count` FROM `gxfc_stat_shop` WHERE  `site_id` = 11  AND `year` = 2022  AND `month` = 7  AND `day` = 24  AND `day_time` = 1658678400 LIMIT 1 [ RunTime:0.000226s ]
[2022-07-25T08:28:19+08:00][sql] SELECT `id`,`site_id`,`year`,`month`,`day`,`order_total`,`shipping_total`,`refund_total`,`order_pay_count`,`goods_pay_count`,`shop_money`,`platform_money`,`create_time`,`modify_time`,`collect_shop`,`collect_goods`,`visit_count`,`order_count`,`goods_count`,`add_goods_count`,`day_time`,`member_count` FROM `gxfc_stat_shop` WHERE  `site_id` = 11  AND `year` = 2022  AND `month` = 07  AND `day` = 16 LIMIT 1 [ RunTime:0.000206s ]
[2022-07-25T08:28:19+08:00][sql] SELECT `id`,`site_id`,`year`,`month`,`day`,`order_total`,`shipping_total`,`refund_total`,`order_pay_count`,`goods_pay_count`,`shop_money`,`platform_money`,`create_time`,`modify_time`,`collect_shop`,`collect_goods`,`visit_count`,`order_count`,`goods_count`,`add_goods_count`,`day_time`,`member_count` FROM `gxfc_stat_shop` WHERE  `site_id` = 11  AND `year` = 2022  AND `month` = 07  AND `day` = 17 LIMIT 1 [ RunTime:0.000253s ]
[2022-07-25T08:28:19+08:00][sql] SELECT `id`,`site_id`,`year`,`month`,`day`,`order_total`,`shipping_total`,`refund_total`,`order_pay_count`,`goods_pay_count`,`shop_money`,`platform_money`,`create_time`,`modify_time`,`collect_shop`,`collect_goods`,`visit_count`,`order_count`,`goods_count`,`add_goods_count`,`day_time`,`member_count` FROM `gxfc_stat_shop` WHERE  `site_id` = 11  AND `year` = 2022  AND `month` = 07  AND `day` = 18 LIMIT 1 [ RunTime:0.000218s ]
[2022-07-25T08:28:19+08:00][sql] SELECT `id`,`site_id`,`year`,`month`,`day`,`order_total`,`shipping_total`,`refund_total`,`order_pay_count`,`goods_pay_count`,`shop_money`,`platform_money`,`create_time`,`modify_time`,`collect_shop`,`collect_goods`,`visit_count`,`order_count`,`goods_count`,`add_goods_count`,`day_time`,`member_count` FROM `gxfc_stat_shop` WHERE  `site_id` = 11  AND `year` = 2022  AND `month` = 07  AND `day` = 19 LIMIT 1 [ RunTime:0.000211s ]
[2022-07-25T08:28:19+08:00][sql] SELECT `id`,`site_id`,`year`,`month`,`day`,`order_total`,`shipping_total`,`refund_total`,`order_pay_count`,`goods_pay_count`,`shop_money`,`platform_money`,`create_time`,`modify_time`,`collect_shop`,`collect_goods`,`visit_count`,`order_count`,`goods_count`,`add_goods_count`,`day_time`,`member_count` FROM `gxfc_stat_shop` WHERE  `site_id` = 11  AND `year` = 2022  AND `month` = 07  AND `day` = 20 LIMIT 1 [ RunTime:0.000211s ]
[2022-07-25T08:28:19+08:00][sql] SELECT `id`,`site_id`,`year`,`month`,`day`,`order_total`,`shipping_total`,`refund_total`,`order_pay_count`,`goods_pay_count`,`shop_money`,`platform_money`,`create_time`,`modify_time`,`collect_shop`,`collect_goods`,`visit_count`,`order_count`,`goods_count`,`add_goods_count`,`day_time`,`member_count` FROM `gxfc_stat_shop` WHERE  `site_id` = 11  AND `year` = 2022  AND `month` = 07  AND `day` = 21 LIMIT 1 [ RunTime:0.000207s ]
[2022-07-25T08:28:19+08:00][sql] SELECT `id`,`site_id`,`year`,`month`,`day`,`order_total`,`shipping_total`,`refund_total`,`order_pay_count`,`goods_pay_count`,`shop_money`,`platform_money`,`create_time`,`modify_time`,`collect_shop`,`collect_goods`,`visit_count`,`order_count`,`goods_count`,`add_goods_count`,`day_time`,`member_count` FROM `gxfc_stat_shop` WHERE  `site_id` = 11  AND `year` = 2022  AND `month` = 07  AND `day` = 22 LIMIT 1 [ RunTime:0.000229s ]
[2022-07-25T08:28:19+08:00][sql] SELECT `id`,`site_id`,`year`,`month`,`day`,`order_total`,`shipping_total`,`refund_total`,`order_pay_count`,`goods_pay_count`,`shop_money`,`platform_money`,`create_time`,`modify_time`,`collect_shop`,`collect_goods`,`visit_count`,`order_count`,`goods_count`,`add_goods_count`,`day_time`,`member_count` FROM `gxfc_stat_shop` WHERE  `site_id` = 11  AND `year` = 2022  AND `month` = 07  AND `day` = 23 LIMIT 1 [ RunTime:0.000208s ]
[2022-07-25T08:28:19+08:00][sql] INSERT INTO `gxfc_stat_shop` SET `site_id` = 11 , `year` = 2022 , `month` = 07 , `day` = 23 , `day_time` = 1658678400 [ RunTime:0.002884s ]
[2022-07-25T08:28:19+08:00][sql] SELECT `id`,`site_id`,`year`,`month`,`day`,`order_total`,`shipping_total`,`refund_total`,`order_pay_count`,`goods_pay_count`,`shop_money`,`platform_money`,`create_time`,`modify_time`,`collect_shop`,`collect_goods`,`visit_count`,`order_count`,`goods_count`,`add_goods_count`,`day_time`,`member_count` FROM `gxfc_stat_shop` WHERE  `site_id` = 11  AND `year` = 2022  AND `month` = 07  AND `day` = 23  AND `day_time` = 1658678400 LIMIT 1 [ RunTime:0.000226s ]
[2022-07-25T08:28:19+08:00][sql] SELECT `id`,`site_id`,`year`,`month`,`day`,`order_total`,`shipping_total`,`refund_total`,`order_pay_count`,`goods_pay_count`,`shop_money`,`platform_money`,`create_time`,`modify_time`,`collect_shop`,`collect_goods`,`visit_count`,`order_count`,`goods_count`,`add_goods_count`,`day_time`,`member_count` FROM `gxfc_stat_shop` WHERE  `site_id` = 11  AND `year` = 2022  AND `month` = 07  AND `day` = 24 LIMIT 1 [ RunTime:0.000205s ]
[2022-07-25T08:28:19+08:00][sql] SELECT `id`,`site_id`,`year`,`month`,`day`,`order_total`,`shipping_total`,`refund_total`,`order_pay_count`,`goods_pay_count`,`shop_money`,`platform_money`,`create_time`,`modify_time`,`collect_shop`,`collect_goods`,`visit_count`,`order_count`,`goods_count`,`add_goods_count`,`day_time`,`member_count` FROM `gxfc_stat_shop` WHERE  `site_id` = 11  AND `year` = 2022  AND `month` = 07  AND `day` = 25 LIMIT 1 [ RunTime:0.000234s ]
[2022-07-25T08:28:19+08:00][sql] SELECT SUM(order_total) as order_total,SUM(shipping_total) as shipping_total,SUM(refund_total) as refund_total,SUM(order_pay_count) as order_pay_count,SUM(goods_pay_count) as goods_pay_count,SUM(shop_money) as shop_money,SUM(platform_money) as platform_money,SUM(collect_shop) as collect_shop,SUM(collect_goods) as collect_goods,SUM(visit_count) as visit_count,SUM(order_count) as order_count,SUM(goods_count) as goods_count,SUM(add_goods_count) as add_goods_count,SUM(member_count) as member_count FROM `gxfc_stat_shop` WHERE  `site_id` = 11 LIMIT 1 [ RunTime:0.000315s ]
[2022-07-25T08:28:19+08:00][sql] SHOW FULL COLUMNS FROM `gxfc_goods` [ RunTime:0.000954s ]
[2022-07-25T08:28:19+08:00][sql] SELECT COUNT(*) AS think_count FROM `gxfc_goods` WHERE  `site_id` = 11 [ RunTime:0.000192s ]
[2022-07-25T08:28:19+08:00][sql] SELECT `addon_array` FROM `gxfc_shop_group` WHERE  `group_id` = 2 LIMIT 1 [ RunTime:0.000133s ]
[2022-07-25T08:28:19+08:00][sql] SHOW FULL COLUMNS FROM `gxfc_order` [ RunTime:0.001134s ]
[2022-07-25T08:28:19+08:00][sql] SELECT COUNT(*) AS think_count FROM `gxfc_order` WHERE  `order_status` = 0  AND `site_id` = 11  AND `is_delete` = 0 [ RunTime:0.000203s ]
[2022-07-25T08:28:19+08:00][sql] SELECT COUNT(*) AS think_count FROM `gxfc_order` WHERE  `order_status` = 1  AND `site_id` = 11  AND `is_delete` = 0 [ RunTime:0.000355s ]
[2022-07-25T08:28:19+08:00][sql] SHOW FULL COLUMNS FROM `gxfc_order_goods` [ RunTime:0.000880s ]
[2022-07-25T08:28:19+08:00][sql] SELECT COUNT(*) AS think_count FROM `gxfc_order_goods` WHERE  `site_id` = 11  AND `refund_status` NOT IN (0,3) [ RunTime:0.000311s ]
[2022-07-25T08:28:19+08:00][sql] select count(goods_id) as num from gxfc_goods where goods_stock_alarm >= goods_stock and goods_stock_alarm > 0 and is_delete = 0 and goods_state = 1 and site_id = 11 [ RunTime:0.000215s ]
[2022-07-25T08:28:19+08:00][sql] SELECT COUNT(*) AS think_count FROM `gxfc_goods` WHERE  `goods_state` = 1  AND `site_id` = 11  AND `is_delete` = 0 [ RunTime:0.000192s ]
[2022-07-25T08:28:19+08:00][sql] SELECT COUNT(*) AS think_count FROM `gxfc_goods` WHERE  `verify_state` = 0  AND `site_id` = 11  AND `is_delete` = 0 [ RunTime:0.000192s ]
[2022-07-25T08:28:19+08:00][sql] SELECT COUNT(*) AS think_count FROM `gxfc_goods` WHERE  `verify_state` = 10  AND `site_id` = 11  AND `is_delete` = 0 [ RunTime:0.000189s ]
[2022-07-25T08:28:19+08:00][sql] SHOW FULL COLUMNS FROM `gxfc_help` [ RunTime:0.000740s ]
[2022-07-25T08:28:19+08:00][sql] SELECT COUNT(*) AS think_count FROM `gxfc_help` `a` WHERE  `app_module` = 'shop' ORDER BY `create_time` DESC [ RunTime:0.000180s ]
[2022-07-25T08:28:19+08:00][sql] SELECT `id`,`title`,`content`,`class_id`,`class_name`,`sort`,`link_address`,`create_time` FROM `gxfc_help` `a` WHERE  `app_module` = 'shop' ORDER BY `create_time` DESC LIMIT 0,5 [ RunTime:0.000195s ]
[2022-07-25T08:28:19+08:00][sql] SELECT `group_id`,`is_own`,`group_name`,`fee`,`remark` FROM `gxfc_shop_group` WHERE  `is_own` = 0 ORDER BY `is_own` ASC,`fee` ASC [ RunTime:0.000188s ]
[2022-07-25T08:28:19+08:00][sql] SHOW FULL COLUMNS FROM `gxfc_notice` [ RunTime:0.000653s ]
[2022-07-25T08:28:19+08:00][sql] SELECT COUNT(*) AS think_count FROM `gxfc_notice` `a` WHERE  `receiving_type` LIKE '%shop%' ORDER BY `is_top` DESC,`create_time` DESC [ RunTime:0.000161s ]
[2022-07-25T08:28:19+08:00][sql] SELECT `id`,`title` FROM `gxfc_notice` `a` WHERE  `receiving_type` LIKE '%shop%' ORDER BY `is_top` DESC,`create_time` DESC LIMIT 0,5 [ RunTime:0.000156s ]
