[2022-07-27T03:49:44+08:00][sql] CONNECT:[ UseTime:0.000251s ] mysql:host=localhost;port=3306;dbname=ls_chnssl_com;charset=utf8
[2022-07-27T03:49:44+08:00][sql] SHOW FULL COLUMNS FROM `gxfc_website` [ RunTime:0.001044s ]
[2022-07-27T03:49:44+08:00][sql] SELECT `web_phone`,`web_email`,`web_qrcode`,`web_qq`,`web_weixin`,`logo` FROM `gxfc_website` WHERE  `site_id` = 0 LIMIT 1 [ RunTime:0.000219s ]
[2022-07-27T08:55:44+08:00][sql] CONNECT:[ UseTime:0.000235s ] mysql:host=localhost;port=3306;dbname=ls_chnssl_com;charset=utf8
[2022-07-27T08:55:44+08:00][sql] SHOW FULL COLUMNS FROM `gxfc_user` [ RunTime:0.000928s ]
[2022-07-27T08:55:44+08:00][sql] SELECT `uid`,`app_module`,`app_group`,`is_admin`,`site_id`,`group_id`,`group_name`,`username`,`password`,`member_id`,`create_time`,`update_time`,`status`,`login_time`,`login_ip` FROM `gxfc_user` WHERE  `username` = '何峰'  AND `app_module` = 'shop' LIMIT 1 [ RunTime:0.000269s ]
[2022-07-27T08:55:44+08:00][sql] UPDATE `gxfc_user`  SET `login_time` = 1658883344 , `login_ip` = '27.18.74.5'  WHERE  `uid` = 24 [ RunTime:0.003805s ]
[2022-07-27T08:55:44+08:00][sql] SHOW FULL COLUMNS FROM `gxfc_user_log` [ RunTime:0.000692s ]
[2022-07-27T08:55:44+08:00][sql] INSERT INTO `gxfc_user_log` SET `uid` = 24 , `username` = '何峰' , `site_id` = 11 , `url` = 'shop/Login/login' , `ip` = '27.18.74.5' , `data` = '[]' , `action_name` = '用户登录' , `create_time` = 1658883344 [ RunTime:0.003805s ]
[2022-07-27T08:55:45+08:00][sql] CONNECT:[ UseTime:0.000240s ] mysql:host=localhost;port=3306;dbname=ls_chnssl_com;charset=utf8
[2022-07-27T08:55:45+08:00][sql] SHOW FULL COLUMNS FROM `gxfc_shop` [ RunTime:0.001224s ]
[2022-07-27T08:55:45+08:00][sql] SELECT `website_id`,`site_name`,`logo`,`is_own`,`level_id`,`category_id`,`group_id`,`seo_keywords`,`seo_description`,`expire_time`,`shop_status` FROM `gxfc_shop` WHERE  `site_id` = 11 LIMIT 1 [ RunTime:0.000262s ]
[2022-07-27T08:55:45+08:00][sql] SHOW FULL COLUMNS FROM `gxfc_website` [ RunTime:0.000831s ]
[2022-07-27T08:55:45+08:00][sql] SELECT `title`,`logo`,`desc`,`keywords`,`web_status`,`close_reason`,`web_qrcode`,`web_phone` FROM `gxfc_website` WHERE  `site_id` = 0 LIMIT 1 [ RunTime:0.000188s ]
[2022-07-27T08:55:45+08:00][sql] SELECT `site_id`,`expire_time`,`site_name`,`username`,`website_id`,`cert_id`,`is_own`,`level_id`,`level_name`,`category_id`,`category_name`,`group_id`,`group_name`,`member_id`,`member_name`,`shop_status`,`close_info`,`sort`,`start_time`,`end_time`,`logo`,`avatar`,`banner`,`seo_keywords`,`seo_description`,`qq`,`ww`,`telephone`,`is_recommend`,`shop_desccredit`,`shop_servicecredit`,`shop_deliverycredit`,`workingtime`,`shop_baozh`,`shop_baozhopen`,`shop_baozhrmb`,`shop_qtian`,`shop_zhping`,`shop_erxiaoshi`,`shop_tuihuo`,`shop_shiyong`,`shop_shiti`,`shop_xiaoxie`,`shop_free_time`,`shop_sales`,`shop_adv`,`account`,`account_withdraw`,`work_week`,`province`,`province_name`,`city`,`city_name`,`district`,`district_name`,`community`,`community_name`,`address`,`full_address`,`longitude`,`latitude`,`sub_num` FROM `gxfc_shop` WHERE  `site_id` = 11 LIMIT 1 [ RunTime:0.000372s ]
[2022-07-27T08:55:45+08:00][sql] SHOW FULL COLUMNS FROM `gxfc_shop_reopen` [ RunTime:0.000687s ]
[2022-07-27T08:55:45+08:00][sql] SELECT `sr`.*,`s`.`site_name` FROM `gxfc_shop_reopen` `sr` LEFT JOIN `gxfc_shop` `s` ON `s`.`site_id`=`sr`.`site_id` WHERE  `sr`.`site_id` = 11  AND `sr`.`apply_state` IN (1,-1) LIMIT 1 [ RunTime:0.000215s ]
[2022-07-27T08:55:45+08:00][sql] SHOW FULL COLUMNS FROM `gxfc_user` [ RunTime:0.000726s ]
[2022-07-27T08:55:45+08:00][sql] SELECT `username`,`group_name`,`login_time` FROM `gxfc_user` WHERE  `uid` = 24 LIMIT 1 [ RunTime:0.000142s ]
[2022-07-27T08:55:45+08:00][sql] SHOW FULL COLUMNS FROM `gxfc_stat_shop` [ RunTime:0.000812s ]
[2022-07-27T08:55:45+08:00][sql] SELECT `id`,`site_id`,`year`,`month`,`day`,`order_total`,`shipping_total`,`refund_total`,`order_pay_count`,`goods_pay_count`,`shop_money`,`platform_money`,`create_time`,`modify_time`,`collect_shop`,`collect_goods`,`visit_count`,`order_count`,`goods_count`,`add_goods_count`,`day_time`,`member_count` FROM `gxfc_stat_shop` WHERE  `site_id` = 11  AND `year` = 2022  AND `month` = 7  AND `day` = 27 LIMIT 1 [ RunTime:0.000218s ]
[2022-07-27T08:55:45+08:00][sql] INSERT INTO `gxfc_stat_shop` SET `site_id` = 11 , `year` = 2022 , `month` = 7 , `day` = 27 , `day_time` = 1658851200 [ RunTime:0.008917s ]
[2022-07-27T08:55:45+08:00][sql] SELECT `id`,`site_id`,`year`,`month`,`day`,`order_total`,`shipping_total`,`refund_total`,`order_pay_count`,`goods_pay_count`,`shop_money`,`platform_money`,`create_time`,`modify_time`,`collect_shop`,`collect_goods`,`visit_count`,`order_count`,`goods_count`,`add_goods_count`,`day_time`,`member_count` FROM `gxfc_stat_shop` WHERE  `site_id` = 11  AND `year` = 2022  AND `month` = 7  AND `day` = 27  AND `day_time` = 1658851200 LIMIT 1 [ RunTime:0.000230s ]
[2022-07-27T08:55:45+08:00][sql] SELECT `id`,`site_id`,`year`,`month`,`day`,`order_total`,`shipping_total`,`refund_total`,`order_pay_count`,`goods_pay_count`,`shop_money`,`platform_money`,`create_time`,`modify_time`,`collect_shop`,`collect_goods`,`visit_count`,`order_count`,`goods_count`,`add_goods_count`,`day_time`,`member_count` FROM `gxfc_stat_shop` WHERE  `site_id` = 11  AND `year` = 2022  AND `month` = 7  AND `day` = 26 LIMIT 1 [ RunTime:0.000202s ]
[2022-07-27T08:55:45+08:00][sql] SELECT `id`,`site_id`,`year`,`month`,`day`,`order_total`,`shipping_total`,`refund_total`,`order_pay_count`,`goods_pay_count`,`shop_money`,`platform_money`,`create_time`,`modify_time`,`collect_shop`,`collect_goods`,`visit_count`,`order_count`,`goods_count`,`add_goods_count`,`day_time`,`member_count` FROM `gxfc_stat_shop` WHERE  `site_id` = 11  AND `year` = 2022  AND `month` = 07  AND `day` = 18 LIMIT 1 [ RunTime:0.000222s ]
[2022-07-27T08:55:45+08:00][sql] SELECT `id`,`site_id`,`year`,`month`,`day`,`order_total`,`shipping_total`,`refund_total`,`order_pay_count`,`goods_pay_count`,`shop_money`,`platform_money`,`create_time`,`modify_time`,`collect_shop`,`collect_goods`,`visit_count`,`order_count`,`goods_count`,`add_goods_count`,`day_time`,`member_count` FROM `gxfc_stat_shop` WHERE  `site_id` = 11  AND `year` = 2022  AND `month` = 07  AND `day` = 19 LIMIT 1 [ RunTime:0.000221s ]
[2022-07-27T08:55:45+08:00][sql] SELECT `id`,`site_id`,`year`,`month`,`day`,`order_total`,`shipping_total`,`refund_total`,`order_pay_count`,`goods_pay_count`,`shop_money`,`platform_money`,`create_time`,`modify_time`,`collect_shop`,`collect_goods`,`visit_count`,`order_count`,`goods_count`,`add_goods_count`,`day_time`,`member_count` FROM `gxfc_stat_shop` WHERE  `site_id` = 11  AND `year` = 2022  AND `month` = 07  AND `day` = 20 LIMIT 1 [ RunTime:0.000213s ]
[2022-07-27T08:55:45+08:00][sql] SELECT `id`,`site_id`,`year`,`month`,`day`,`order_total`,`shipping_total`,`refund_total`,`order_pay_count`,`goods_pay_count`,`shop_money`,`platform_money`,`create_time`,`modify_time`,`collect_shop`,`collect_goods`,`visit_count`,`order_count`,`goods_count`,`add_goods_count`,`day_time`,`member_count` FROM `gxfc_stat_shop` WHERE  `site_id` = 11  AND `year` = 2022  AND `month` = 07  AND `day` = 21 LIMIT 1 [ RunTime:0.000236s ]
[2022-07-27T08:55:45+08:00][sql] SELECT `id`,`site_id`,`year`,`month`,`day`,`order_total`,`shipping_total`,`refund_total`,`order_pay_count`,`goods_pay_count`,`shop_money`,`platform_money`,`create_time`,`modify_time`,`collect_shop`,`collect_goods`,`visit_count`,`order_count`,`goods_count`,`add_goods_count`,`day_time`,`member_count` FROM `gxfc_stat_shop` WHERE  `site_id` = 11  AND `year` = 2022  AND `month` = 07  AND `day` = 22 LIMIT 1 [ RunTime:0.000202s ]
[2022-07-27T08:55:45+08:00][sql] SELECT `id`,`site_id`,`year`,`month`,`day`,`order_total`,`shipping_total`,`refund_total`,`order_pay_count`,`goods_pay_count`,`shop_money`,`platform_money`,`create_time`,`modify_time`,`collect_shop`,`collect_goods`,`visit_count`,`order_count`,`goods_count`,`add_goods_count`,`day_time`,`member_count` FROM `gxfc_stat_shop` WHERE  `site_id` = 11  AND `year` = 2022  AND `month` = 07  AND `day` = 23 LIMIT 1 [ RunTime:0.000213s ]
[2022-07-27T08:55:45+08:00][sql] SELECT `id`,`site_id`,`year`,`month`,`day`,`order_total`,`shipping_total`,`refund_total`,`order_pay_count`,`goods_pay_count`,`shop_money`,`platform_money`,`create_time`,`modify_time`,`collect_shop`,`collect_goods`,`visit_count`,`order_count`,`goods_count`,`add_goods_count`,`day_time`,`member_count` FROM `gxfc_stat_shop` WHERE  `site_id` = 11  AND `year` = 2022  AND `month` = 07  AND `day` = 24 LIMIT 1 [ RunTime:0.000196s ]
[2022-07-27T08:55:45+08:00][sql] SELECT `id`,`site_id`,`year`,`month`,`day`,`order_total`,`shipping_total`,`refund_total`,`order_pay_count`,`goods_pay_count`,`shop_money`,`platform_money`,`create_time`,`modify_time`,`collect_shop`,`collect_goods`,`visit_count`,`order_count`,`goods_count`,`add_goods_count`,`day_time`,`member_count` FROM `gxfc_stat_shop` WHERE  `site_id` = 11  AND `year` = 2022  AND `month` = 07  AND `day` = 25 LIMIT 1 [ RunTime:0.000200s ]
[2022-07-27T08:55:45+08:00][sql] SELECT `id`,`site_id`,`year`,`month`,`day`,`order_total`,`shipping_total`,`refund_total`,`order_pay_count`,`goods_pay_count`,`shop_money`,`platform_money`,`create_time`,`modify_time`,`collect_shop`,`collect_goods`,`visit_count`,`order_count`,`goods_count`,`add_goods_count`,`day_time`,`member_count` FROM `gxfc_stat_shop` WHERE  `site_id` = 11  AND `year` = 2022  AND `month` = 07  AND `day` = 26 LIMIT 1 [ RunTime:0.000205s ]
[2022-07-27T08:55:45+08:00][sql] SELECT `id`,`site_id`,`year`,`month`,`day`,`order_total`,`shipping_total`,`refund_total`,`order_pay_count`,`goods_pay_count`,`shop_money`,`platform_money`,`create_time`,`modify_time`,`collect_shop`,`collect_goods`,`visit_count`,`order_count`,`goods_count`,`add_goods_count`,`day_time`,`member_count` FROM `gxfc_stat_shop` WHERE  `site_id` = 11  AND `year` = 2022  AND `month` = 07  AND `day` = 27 LIMIT 1 [ RunTime:0.000205s ]
[2022-07-27T08:55:45+08:00][sql] SELECT SUM(order_total) as order_total,SUM(shipping_total) as shipping_total,SUM(refund_total) as refund_total,SUM(order_pay_count) as order_pay_count,SUM(goods_pay_count) as goods_pay_count,SUM(shop_money) as shop_money,SUM(platform_money) as platform_money,SUM(collect_shop) as collect_shop,SUM(collect_goods) as collect_goods,SUM(visit_count) as visit_count,SUM(order_count) as order_count,SUM(goods_count) as goods_count,SUM(add_goods_count) as add_goods_count,SUM(member_count) as member_count FROM `gxfc_stat_shop` WHERE  `site_id` = 11 LIMIT 1 [ RunTime:0.000304s ]
[2022-07-27T08:55:45+08:00][sql] SHOW FULL COLUMNS FROM `gxfc_goods` [ RunTime:0.000950s ]
[2022-07-27T08:55:45+08:00][sql] SELECT COUNT(*) AS think_count FROM `gxfc_goods` WHERE  `site_id` = 11 [ RunTime:0.000178s ]
[2022-07-27T08:55:45+08:00][sql] SHOW FULL COLUMNS FROM `gxfc_order` [ RunTime:0.001119s ]
[2022-07-27T08:55:45+08:00][sql] SELECT COUNT(*) AS think_count FROM `gxfc_order` WHERE  `order_status` = 0  AND `site_id` = 11  AND `is_delete` = 0 [ RunTime:0.000201s ]
[2022-07-27T08:55:45+08:00][sql] SELECT COUNT(*) AS think_count FROM `gxfc_order` WHERE  `order_status` = 1  AND `site_id` = 11  AND `is_delete` = 0 [ RunTime:0.000372s ]
[2022-07-27T08:55:45+08:00][sql] SHOW FULL COLUMNS FROM `gxfc_order_goods` [ RunTime:0.000912s ]
[2022-07-27T08:55:45+08:00][sql] SELECT COUNT(*) AS think_count FROM `gxfc_order_goods` WHERE  `site_id` = 11  AND `refund_status` NOT IN (0,3) [ RunTime:0.000338s ]
[2022-07-27T08:55:45+08:00][sql] select count(goods_id) as num from gxfc_goods where goods_stock_alarm >= goods_stock and goods_stock_alarm > 0 and is_delete = 0 and goods_state = 1 and site_id = 11 [ RunTime:0.000249s ]
[2022-07-27T08:55:45+08:00][sql] SELECT COUNT(*) AS think_count FROM `gxfc_goods` WHERE  `goods_state` = 1  AND `site_id` = 11  AND `is_delete` = 0 [ RunTime:0.000207s ]
[2022-07-27T08:55:45+08:00][sql] SELECT COUNT(*) AS think_count FROM `gxfc_goods` WHERE  `verify_state` = 0  AND `site_id` = 11  AND `is_delete` = 0 [ RunTime:0.000193s ]
[2022-07-27T08:55:45+08:00][sql] SELECT COUNT(*) AS think_count FROM `gxfc_goods` WHERE  `verify_state` = 10  AND `site_id` = 11  AND `is_delete` = 0 [ RunTime:0.000180s ]
[2022-07-27T08:55:45+08:00][sql] SHOW FULL COLUMNS FROM `gxfc_help` [ RunTime:0.000715s ]
[2022-07-27T08:55:45+08:00][sql] SELECT COUNT(*) AS think_count FROM `gxfc_help` `a` WHERE  `app_module` = 'shop' ORDER BY `create_time` DESC [ RunTime:0.000188s ]
[2022-07-27T08:55:45+08:00][sql] SELECT `id`,`title`,`content`,`class_id`,`class_name`,`sort`,`link_address`,`create_time` FROM `gxfc_help` `a` WHERE  `app_module` = 'shop' ORDER BY `create_time` DESC LIMIT 0,5 [ RunTime:0.000154s ]
[2022-07-27T08:55:51+08:00][sql] CONNECT:[ UseTime:0.000291s ] mysql:host=localhost;port=3306;dbname=ls_chnssl_com;charset=utf8
[2022-07-27T08:55:51+08:00][sql] SHOW FULL COLUMNS FROM `gxfc_shop` [ RunTime:0.001169s ]
[2022-07-27T08:55:51+08:00][sql] SELECT `website_id`,`site_name`,`logo`,`is_own`,`level_id`,`category_id`,`group_id`,`seo_keywords`,`seo_description`,`expire_time`,`shop_status` FROM `gxfc_shop` WHERE  `site_id` = 11 LIMIT 1 [ RunTime:0.000293s ]
[2022-07-27T08:55:51+08:00][sql] SHOW FULL COLUMNS FROM `gxfc_menu` [ RunTime:0.000849s ]
[2022-07-27T08:55:51+08:00][sql] SELECT `id`,`app_module`,`name`,`title`,`parent`,`level`,`url`,`is_show`,`sort`,`desc`,`picture`,`is_icon`,`picture_select`,`is_control`,`addon` FROM `gxfc_menu` WHERE  `url` = 'shop/Cert/reopen'  AND `app_module` = 'shop' ORDER BY `level` DESC LIMIT 1 [ RunTime:0.000345s ]
[2022-07-27T08:55:51+08:00][sql] SELECT `id`,`app_module`,`name`,`title`,`parent`,`level`,`url`,`is_show`,`sort`,`desc`,`picture`,`is_icon`,`picture_select`,`is_control`,`addon` FROM `gxfc_menu` WHERE  `name` = 'SHOP_REOPEN_ADD'  AND `app_module` = 'shop' LIMIT 1 [ RunTime:0.000261s ]
[2022-07-27T08:55:51+08:00][sql] SELECT `id`,`app_module`,`name`,`title`,`parent`,`level`,`url`,`is_show`,`sort`,`desc`,`picture`,`is_icon`,`picture_select`,`is_control`,`addon` FROM `gxfc_menu` WHERE  `name` = 'ACCOUNT_FEE'  AND `app_module` = 'shop' LIMIT 1 [ RunTime:0.000269s ]
[2022-07-27T08:55:51+08:00][sql] SELECT `id`,`app_module`,`name`,`title`,`parent`,`level`,`url`,`is_show`,`sort`,`desc`,`picture`,`is_icon`,`picture_select`,`is_control`,`addon` FROM `gxfc_menu` WHERE  `name` = 'ACCOUNT_ROOT'  AND `app_module` = 'shop' LIMIT 1 [ RunTime:0.000281s ]
[2022-07-27T08:55:51+08:00][sql] SELECT `site_id`,`site_name`,`category_id`,`category_name`,`group_id`,`group_name` FROM `gxfc_shop` WHERE  `site_id` = 11 LIMIT 1 [ RunTime:0.000231s ]
[2022-07-27T08:55:51+08:00][sql] SHOW FULL COLUMNS FROM `gxfc_shop_group` [ RunTime:0.000775s ]
[2022-07-27T08:55:51+08:00][sql] SELECT * FROM `gxfc_shop_group` WHERE  `is_own` = 0 ORDER BY `fee` ASC [ RunTime:0.000200s ]
[2022-07-27T08:55:51+08:00][sql] SHOW FULL COLUMNS FROM `gxfc_website` [ RunTime:0.000858s ]
[2022-07-27T08:55:51+08:00][sql] SELECT `web_qrcode`,`web_phone` FROM `gxfc_website` WHERE  `site_id` = 0 LIMIT 1 [ RunTime:0.000171s ]
[2022-07-27T08:55:51+08:00][sql] SHOW FULL COLUMNS FROM `gxfc_config` [ RunTime:0.000762s ]
[2022-07-27T08:55:51+08:00][sql] SELECT `site_id`,`app_module`,`config_key`,`value`,`config_desc`,`is_use`,`create_time`,`modify_time` FROM `gxfc_config` WHERE  `site_id` = 0  AND `app_module` = 'admin'  AND `config_key` = 'SYSTEM_BANK_ACCOUNT' LIMIT 1 [ RunTime:0.000183s ]
[2022-07-27T08:59:45+08:00][sql] CONNECT:[ UseTime:0.000240s ] mysql:host=localhost;port=3306;dbname=ls_chnssl_com;charset=utf8
[2022-07-27T08:59:45+08:00][sql] SHOW FULL COLUMNS FROM `gxfc_shop` [ RunTime:0.001181s ]
[2022-07-27T08:59:45+08:00][sql] SELECT `website_id`,`site_name`,`logo`,`is_own`,`level_id`,`category_id`,`group_id`,`seo_keywords`,`seo_description`,`expire_time`,`shop_status` FROM `gxfc_shop` WHERE  `site_id` = 11 LIMIT 1 [ RunTime:0.000245s ]
[2022-07-27T08:59:45+08:00][sql] SELECT `site_id`,`site_name`,`category_id`,`category_name`,`group_id`,`group_name` FROM `gxfc_shop` WHERE  `site_id` = 11 LIMIT 1 [ RunTime:0.000232s ]
[2022-07-27T08:59:56+08:00][sql] CONNECT:[ UseTime:0.000213s ] mysql:host=localhost;port=3306;dbname=ls_chnssl_com;charset=utf8
[2022-07-27T08:59:56+08:00][sql] SHOW FULL COLUMNS FROM `gxfc_shop` [ RunTime:0.001216s ]
[2022-07-27T08:59:56+08:00][sql] SELECT `website_id`,`site_name`,`logo`,`is_own`,`level_id`,`category_id`,`group_id`,`seo_keywords`,`seo_description`,`expire_time`,`shop_status` FROM `gxfc_shop` WHERE  `site_id` = 11 LIMIT 1 [ RunTime:0.000251s ]
[2022-07-27T08:59:56+08:00][sql] SHOW FULL COLUMNS FROM `gxfc_shop_group` [ RunTime:0.000747s ]
[2022-07-27T08:59:56+08:00][sql] SELECT `fee` FROM `gxfc_shop_group` WHERE  `group_id` = 2 LIMIT 1 [ RunTime:0.000158s ]
[2022-07-27T09:00:09+08:00][sql] CONNECT:[ UseTime:0.000232s ] mysql:host=localhost;port=3306;dbname=ls_chnssl_com;charset=utf8
[2022-07-27T09:00:09+08:00][sql] SHOW FULL COLUMNS FROM `gxfc_config` [ RunTime:0.000879s ]
[2022-07-27T09:00:09+08:00][sql] SELECT `site_id`,`app_module`,`config_key`,`value`,`config_desc`,`is_use`,`create_time`,`modify_time` FROM `gxfc_config` WHERE  `site_id` = 0  AND `app_module` = 'admin'  AND `config_key` = 'UPLOAD_CONFIG' LIMIT 1 [ RunTime:0.000286s ]
[2022-07-27T09:00:09+08:00][sql] SELECT `site_id`,`app_module`,`config_key`,`value`,`config_desc`,`is_use`,`create_time`,`modify_time` FROM `gxfc_config` WHERE  `site_id` = 0  AND `app_module` = 'admin'  AND `config_key` = 'ALIOSS_CONFIG' LIMIT 1 [ RunTime:0.000244s ]
[2022-07-27T09:00:09+08:00][sql] SELECT `site_id`,`app_module`,`config_key`,`value`,`config_desc`,`is_use`,`create_time`,`modify_time` FROM `gxfc_config` WHERE  `site_id` = 0  AND `app_module` = 'admin'  AND `config_key` = 'QINIU_CONFIG' LIMIT 1 [ RunTime:0.000237s ]
[2022-07-27T09:00:11+08:00][sql] CONNECT:[ UseTime:0.000291s ] mysql:host=localhost;port=3306;dbname=ls_chnssl_com;charset=utf8
[2022-07-27T09:00:11+08:00][sql] SHOW FULL COLUMNS FROM `gxfc_shop` [ RunTime:0.001180s ]
[2022-07-27T09:00:11+08:00][sql] SELECT `website_id`,`site_name`,`logo`,`is_own`,`level_id`,`category_id`,`group_id`,`seo_keywords`,`seo_description`,`expire_time`,`shop_status` FROM `gxfc_shop` WHERE  `site_id` = 11 LIMIT 1 [ RunTime:0.000234s ]
[2022-07-27T09:00:11+08:00][sql] SHOW FULL COLUMNS FROM `gxfc_shop_reopen` [ RunTime:0.000767s ]
[2022-07-27T09:00:11+08:00][sql] SELECT `id` FROM `gxfc_shop_reopen` WHERE  `site_id` = 11  AND `apply_state` = 1 [ RunTime:0.000158s ]
[2022-07-27T09:00:11+08:00][sql] SELECT `website_id`,`expire_time` FROM `gxfc_shop` WHERE  `site_id` = 11 LIMIT 1 [ RunTime:0.000163s ]
[2022-07-27T09:00:11+08:00][sql] INSERT INTO `gxfc_shop_reopen` SET `site_id` = 11 , `apply_year` = 1 , `shop_group_name` = '普通店铺' , `shop_group_id` = 2 , `paying_money_certificate` = 'upload/11/common/images/20220727/20220727090009165888360939191.jpg' , `paying_money_certificate_explain` = '' , `paying_amount` = 0 , `website_id` = 0 , `create_time` = 1658883611 , `apply_state` = 1 , `reopen_no` = '2022072709006701' [ RunTime:0.004446s ]
[2022-07-27T09:00:15+08:00][sql] CONNECT:[ UseTime:0.000245s ] mysql:host=localhost;port=3306;dbname=ls_chnssl_com;charset=utf8
[2022-07-27T09:00:15+08:00][sql] SHOW FULL COLUMNS FROM `gxfc_shop` [ RunTime:0.001085s ]
[2022-07-27T09:00:15+08:00][sql] SELECT `website_id`,`site_name`,`logo`,`is_own`,`level_id`,`category_id`,`group_id`,`seo_keywords`,`seo_description`,`expire_time`,`shop_status` FROM `gxfc_shop` WHERE  `site_id` = 11 LIMIT 1 [ RunTime:0.000239s ]
[2022-07-27T09:00:15+08:00][sql] SHOW FULL COLUMNS FROM `gxfc_menu` [ RunTime:0.000828s ]
[2022-07-27T09:00:15+08:00][sql] SELECT `id`,`app_module`,`name`,`title`,`parent`,`level`,`url`,`is_show`,`sort`,`desc`,`picture`,`is_icon`,`picture_select`,`is_control`,`addon` FROM `gxfc_menu` WHERE  `url` = 'shop/Account/reopenlist'  AND `app_module` = 'shop' ORDER BY `level` DESC LIMIT 1 [ RunTime:0.000317s ]
[2022-07-27T09:00:15+08:00][sql] SELECT `id`,`app_module`,`name`,`title`,`parent`,`level`,`url`,`is_show`,`sort`,`desc`,`picture`,`is_icon`,`picture_select`,`is_control`,`addon` FROM `gxfc_menu` WHERE  `name` = 'SHOP_REOPEN_LIST'  AND `app_module` = 'shop' LIMIT 1 [ RunTime:0.000221s ]
[2022-07-27T09:00:15+08:00][sql] SELECT * FROM `gxfc_shop` WHERE  `site_id` = 11 LIMIT 1 [ RunTime:0.000412s ]
[2022-07-27T09:00:15+08:00][sql] SHOW FULL COLUMNS FROM `gxfc_shop_reopen` [ RunTime:0.000799s ]
[2022-07-27T09:00:15+08:00][sql] SELECT `sr`.*,`s`.`site_name` FROM `gxfc_shop_reopen` `sr` LEFT JOIN `gxfc_shop` `s` ON `s`.`site_id`=`sr`.`site_id` WHERE  `sr`.`site_id` = 11  AND `sr`.`apply_state` IN (1,-1) LIMIT 1 [ RunTime:0.000235s ]
[2022-07-27T09:00:15+08:00][sql] SELECT COUNT(*) AS think_count FROM `gxfc_shop_reopen` `a` WHERE  `site_id` = 11 ORDER BY `create_time` DESC [ RunTime:0.000145s ]
[2022-07-27T09:00:15+08:00][sql] SELECT * FROM `gxfc_shop_reopen` `a` WHERE  `site_id` = 11 ORDER BY `create_time` DESC LIMIT 0,10 [ RunTime:0.000181s ]
[2022-07-27T09:00:15+08:00][sql] CONNECT:[ UseTime:0.000288s ] mysql:host=localhost;port=3306;dbname=ls_chnssl_com;charset=utf8
[2022-07-27T09:00:15+08:00][sql] SHOW FULL COLUMNS FROM `gxfc_shop` [ RunTime:0.001157s ]
[2022-07-27T09:00:15+08:00][sql] SELECT `website_id`,`site_name`,`logo`,`is_own`,`level_id`,`category_id`,`group_id`,`seo_keywords`,`seo_description`,`expire_time`,`shop_status` FROM `gxfc_shop` WHERE  `site_id` = 11 LIMIT 1 [ RunTime:0.000270s ]
[2022-07-27T09:00:15+08:00][sql] SELECT * FROM `gxfc_shop` WHERE  `site_id` = 11 LIMIT 1 [ RunTime:0.000415s ]
[2022-07-27T09:00:15+08:00][sql] SHOW FULL COLUMNS FROM `gxfc_shop_reopen` [ RunTime:0.000756s ]
[2022-07-27T09:00:15+08:00][sql] SELECT COUNT(*) AS think_count FROM `gxfc_shop_reopen` `a` WHERE  `site_id` = 11 ORDER BY `create_time` DESC [ RunTime:0.000222s ]
[2022-07-27T09:00:15+08:00][sql] SELECT * FROM `gxfc_shop_reopen` `a` WHERE  `site_id` = 11 ORDER BY `create_time` DESC LIMIT 0,10 [ RunTime:0.000227s ]
[2022-07-27T09:00:22+08:00][sql] CONNECT:[ UseTime:0.000271s ] mysql:host=localhost;port=3306;dbname=ls_chnssl_com;charset=utf8
[2022-07-27T09:00:22+08:00][sql] SHOW FULL COLUMNS FROM `gxfc_shop` [ RunTime:0.001256s ]
[2022-07-27T09:00:22+08:00][sql] SELECT `website_id`,`site_name`,`logo`,`is_own`,`level_id`,`category_id`,`group_id`,`seo_keywords`,`seo_description`,`expire_time`,`shop_status` FROM `gxfc_shop` WHERE  `site_id` = 11 LIMIT 1 [ RunTime:0.000278s ]
[2022-07-27T09:00:22+08:00][sql] SELECT `site_id`,`expire_time`,`site_name`,`username`,`website_id`,`cert_id`,`is_own`,`level_id`,`level_name`,`category_id`,`category_name`,`group_id`,`group_name`,`member_id`,`member_name`,`shop_status`,`close_info`,`sort`,`start_time`,`end_time`,`logo`,`avatar`,`banner`,`seo_keywords`,`seo_description`,`qq`,`ww`,`telephone`,`is_recommend`,`shop_desccredit`,`shop_servicecredit`,`shop_deliverycredit`,`workingtime`,`shop_baozh`,`shop_baozhopen`,`shop_baozhrmb`,`shop_qtian`,`shop_zhping`,`shop_erxiaoshi`,`shop_tuihuo`,`shop_shiyong`,`shop_shiti`,`shop_xiaoxie`,`shop_free_time`,`shop_sales`,`shop_adv`,`account`,`account_withdraw`,`work_week`,`province`,`province_name`,`city`,`city_name`,`district`,`district_name`,`community`,`community_name`,`address`,`full_address`,`longitude`,`latitude`,`sub_num` FROM `gxfc_shop` WHERE  `site_id` = 11 LIMIT 1 [ RunTime:0.000477s ]
[2022-07-27T09:00:22+08:00][sql] SHOW FULL COLUMNS FROM `gxfc_shop_reopen` [ RunTime:0.000884s ]
[2022-07-27T09:00:22+08:00][sql] SELECT `sr`.*,`s`.`site_name` FROM `gxfc_shop_reopen` `sr` LEFT JOIN `gxfc_shop` `s` ON `s`.`site_id`=`sr`.`site_id` WHERE  `sr`.`site_id` = 11  AND `sr`.`apply_state` IN (1,-1) LIMIT 1 [ RunTime:0.000272s ]
[2022-07-27T09:00:22+08:00][sql] SHOW FULL COLUMNS FROM `gxfc_user` [ RunTime:0.000756s ]
[2022-07-27T09:00:22+08:00][sql] SELECT `username`,`group_name`,`login_time` FROM `gxfc_user` WHERE  `uid` = 24 LIMIT 1 [ RunTime:0.000151s ]
[2022-07-27T09:00:22+08:00][sql] SHOW FULL COLUMNS FROM `gxfc_stat_shop` [ RunTime:0.000942s ]
[2022-07-27T09:00:22+08:00][sql] SELECT `id`,`site_id`,`year`,`month`,`day`,`order_total`,`shipping_total`,`refund_total`,`order_pay_count`,`goods_pay_count`,`shop_money`,`platform_money`,`create_time`,`modify_time`,`collect_shop`,`collect_goods`,`visit_count`,`order_count`,`goods_count`,`add_goods_count`,`day_time`,`member_count` FROM `gxfc_stat_shop` WHERE  `site_id` = 11  AND `year` = 2022  AND `month` = 7  AND `day` = 27 LIMIT 1 [ RunTime:0.000243s ]
[2022-07-27T09:00:22+08:00][sql] SELECT `id`,`site_id`,`year`,`month`,`day`,`order_total`,`shipping_total`,`refund_total`,`order_pay_count`,`goods_pay_count`,`shop_money`,`platform_money`,`create_time`,`modify_time`,`collect_shop`,`collect_goods`,`visit_count`,`order_count`,`goods_count`,`add_goods_count`,`day_time`,`member_count` FROM `gxfc_stat_shop` WHERE  `site_id` = 11  AND `year` = 2022  AND `month` = 7  AND `day` = 26 LIMIT 1 [ RunTime:0.000209s ]
[2022-07-27T09:00:22+08:00][sql] SELECT `id`,`site_id`,`year`,`month`,`day`,`order_total`,`shipping_total`,`refund_total`,`order_pay_count`,`goods_pay_count`,`shop_money`,`platform_money`,`create_time`,`modify_time`,`collect_shop`,`collect_goods`,`visit_count`,`order_count`,`goods_count`,`add_goods_count`,`day_time`,`member_count` FROM `gxfc_stat_shop` WHERE  `site_id` = 11  AND `year` = 2022  AND `month` = 07  AND `day` = 18 LIMIT 1 [ RunTime:0.000235s ]
[2022-07-27T09:00:22+08:00][sql] SELECT `id`,`site_id`,`year`,`month`,`day`,`order_total`,`shipping_total`,`refund_total`,`order_pay_count`,`goods_pay_count`,`shop_money`,`platform_money`,`create_time`,`modify_time`,`collect_shop`,`collect_goods`,`visit_count`,`order_count`,`goods_count`,`add_goods_count`,`day_time`,`member_count` FROM `gxfc_stat_shop` WHERE  `site_id` = 11  AND `year` = 2022  AND `month` = 07  AND `day` = 19 LIMIT 1 [ RunTime:0.000256s ]
[2022-07-27T09:00:22+08:00][sql] SELECT `id`,`site_id`,`year`,`month`,`day`,`order_total`,`shipping_total`,`refund_total`,`order_pay_count`,`goods_pay_count`,`shop_money`,`platform_money`,`create_time`,`modify_time`,`collect_shop`,`collect_goods`,`visit_count`,`order_count`,`goods_count`,`add_goods_count`,`day_time`,`member_count` FROM `gxfc_stat_shop` WHERE  `site_id` = 11  AND `year` = 2022  AND `month` = 07  AND `day` = 20 LIMIT 1 [ RunTime:0.000207s ]
[2022-07-27T09:00:22+08:00][sql] SELECT `id`,`site_id`,`year`,`month`,`day`,`order_total`,`shipping_total`,`refund_total`,`order_pay_count`,`goods_pay_count`,`shop_money`,`platform_money`,`create_time`,`modify_time`,`collect_shop`,`collect_goods`,`visit_count`,`order_count`,`goods_count`,`add_goods_count`,`day_time`,`member_count` FROM `gxfc_stat_shop` WHERE  `site_id` = 11  AND `year` = 2022  AND `month` = 07  AND `day` = 21 LIMIT 1 [ RunTime:0.000206s ]
[2022-07-27T09:00:22+08:00][sql] SELECT `id`,`site_id`,`year`,`month`,`day`,`order_total`,`shipping_total`,`refund_total`,`order_pay_count`,`goods_pay_count`,`shop_money`,`platform_money`,`create_time`,`modify_time`,`collect_shop`,`collect_goods`,`visit_count`,`order_count`,`goods_count`,`add_goods_count`,`day_time`,`member_count` FROM `gxfc_stat_shop` WHERE  `site_id` = 11  AND `year` = 2022  AND `month` = 07  AND `day` = 22 LIMIT 1 [ RunTime:0.000203s ]
[2022-07-27T09:00:22+08:00][sql] SELECT `id`,`site_id`,`year`,`month`,`day`,`order_total`,`shipping_total`,`refund_total`,`order_pay_count`,`goods_pay_count`,`shop_money`,`platform_money`,`create_time`,`modify_time`,`collect_shop`,`collect_goods`,`visit_count`,`order_count`,`goods_count`,`add_goods_count`,`day_time`,`member_count` FROM `gxfc_stat_shop` WHERE  `site_id` = 11  AND `year` = 2022  AND `month` = 07  AND `day` = 23 LIMIT 1 [ RunTime:0.000263s ]
[2022-07-27T09:00:22+08:00][sql] SELECT `id`,`site_id`,`year`,`month`,`day`,`order_total`,`shipping_total`,`refund_total`,`order_pay_count`,`goods_pay_count`,`shop_money`,`platform_money`,`create_time`,`modify_time`,`collect_shop`,`collect_goods`,`visit_count`,`order_count`,`goods_count`,`add_goods_count`,`day_time`,`member_count` FROM `gxfc_stat_shop` WHERE  `site_id` = 11  AND `year` = 2022  AND `month` = 07  AND `day` = 24 LIMIT 1 [ RunTime:0.000204s ]
[2022-07-27T09:00:22+08:00][sql] SELECT `id`,`site_id`,`year`,`month`,`day`,`order_total`,`shipping_total`,`refund_total`,`order_pay_count`,`goods_pay_count`,`shop_money`,`platform_money`,`create_time`,`modify_time`,`collect_shop`,`collect_goods`,`visit_count`,`order_count`,`goods_count`,`add_goods_count`,`day_time`,`member_count` FROM `gxfc_stat_shop` WHERE  `site_id` = 11  AND `year` = 2022  AND `month` = 07  AND `day` = 25 LIMIT 1 [ RunTime:0.000203s ]
[2022-07-27T09:00:22+08:00][sql] SELECT `id`,`site_id`,`year`,`month`,`day`,`order_total`,`shipping_total`,`refund_total`,`order_pay_count`,`goods_pay_count`,`shop_money`,`platform_money`,`create_time`,`modify_time`,`collect_shop`,`collect_goods`,`visit_count`,`order_count`,`goods_count`,`add_goods_count`,`day_time`,`member_count` FROM `gxfc_stat_shop` WHERE  `site_id` = 11  AND `year` = 2022  AND `month` = 07  AND `day` = 26 LIMIT 1 [ RunTime:0.000200s ]
[2022-07-27T09:00:22+08:00][sql] SELECT `id`,`site_id`,`year`,`month`,`day`,`order_total`,`shipping_total`,`refund_total`,`order_pay_count`,`goods_pay_count`,`shop_money`,`platform_money`,`create_time`,`modify_time`,`collect_shop`,`collect_goods`,`visit_count`,`order_count`,`goods_count`,`add_goods_count`,`day_time`,`member_count` FROM `gxfc_stat_shop` WHERE  `site_id` = 11  AND `year` = 2022  AND `month` = 07  AND `day` = 27 LIMIT 1 [ RunTime:0.000235s ]
[2022-07-27T09:00:22+08:00][sql] SELECT SUM(order_total) as order_total,SUM(shipping_total) as shipping_total,SUM(refund_total) as refund_total,SUM(order_pay_count) as order_pay_count,SUM(goods_pay_count) as goods_pay_count,SUM(shop_money) as shop_money,SUM(platform_money) as platform_money,SUM(collect_shop) as collect_shop,SUM(collect_goods) as collect_goods,SUM(visit_count) as visit_count,SUM(order_count) as order_count,SUM(goods_count) as goods_count,SUM(add_goods_count) as add_goods_count,SUM(member_count) as member_count FROM `gxfc_stat_shop` WHERE  `site_id` = 11 LIMIT 1 [ RunTime:0.000291s ]
[2022-07-27T09:00:22+08:00][sql] SHOW FULL COLUMNS FROM `gxfc_goods` [ RunTime:0.000982s ]
[2022-07-27T09:00:22+08:00][sql] SELECT COUNT(*) AS think_count FROM `gxfc_goods` WHERE  `site_id` = 11 [ RunTime:0.000183s ]
[2022-07-27T09:00:22+08:00][sql] SHOW FULL COLUMNS FROM `gxfc_order` [ RunTime:0.001221s ]
[2022-07-27T09:00:22+08:00][sql] SELECT COUNT(*) AS think_count FROM `gxfc_order` WHERE  `order_status` = 0  AND `site_id` = 11  AND `is_delete` = 0 [ RunTime:0.000191s ]
[2022-07-27T09:00:22+08:00][sql] SELECT COUNT(*) AS think_count FROM `gxfc_order` WHERE  `order_status` = 1  AND `site_id` = 11  AND `is_delete` = 0 [ RunTime:0.000370s ]
[2022-07-27T09:00:22+08:00][sql] SHOW FULL COLUMNS FROM `gxfc_order_goods` [ RunTime:0.000926s ]
[2022-07-27T09:00:22+08:00][sql] SELECT COUNT(*) AS think_count FROM `gxfc_order_goods` WHERE  `site_id` = 11  AND `refund_status` NOT IN (0,3) [ RunTime:0.000319s ]
[2022-07-27T09:00:22+08:00][sql] select count(goods_id) as num from gxfc_goods where goods_stock_alarm >= goods_stock and goods_stock_alarm > 0 and is_delete = 0 and goods_state = 1 and site_id = 11 [ RunTime:0.000231s ]
[2022-07-27T09:00:22+08:00][sql] SELECT COUNT(*) AS think_count FROM `gxfc_goods` WHERE  `goods_state` = 1  AND `site_id` = 11  AND `is_delete` = 0 [ RunTime:0.000204s ]
[2022-07-27T09:00:22+08:00][sql] SELECT COUNT(*) AS think_count FROM `gxfc_goods` WHERE  `verify_state` = 0  AND `site_id` = 11  AND `is_delete` = 0 [ RunTime:0.000190s ]
[2022-07-27T09:00:22+08:00][sql] SELECT COUNT(*) AS think_count FROM `gxfc_goods` WHERE  `verify_state` = 10  AND `site_id` = 11  AND `is_delete` = 0 [ RunTime:0.000188s ]
[2022-07-27T09:00:22+08:00][sql] SHOW FULL COLUMNS FROM `gxfc_help` [ RunTime:0.000766s ]
[2022-07-27T09:00:22+08:00][sql] SELECT COUNT(*) AS think_count FROM `gxfc_help` `a` WHERE  `app_module` = 'shop' ORDER BY `create_time` DESC [ RunTime:0.000182s ]
[2022-07-27T09:00:22+08:00][sql] SELECT `id`,`title`,`content`,`class_id`,`class_name`,`sort`,`link_address`,`create_time` FROM `gxfc_help` `a` WHERE  `app_module` = 'shop' ORDER BY `create_time` DESC LIMIT 0,5 [ RunTime:0.000164s ]
[2022-07-27T09:45:30+08:00][sql] CONNECT:[ UseTime:0.000256s ] mysql:host=localhost;port=3306;dbname=ls_chnssl_com;charset=utf8
[2022-07-27T09:45:30+08:00][sql] SHOW FULL COLUMNS FROM `gxfc_shop` [ RunTime:0.001182s ]
[2022-07-27T09:45:30+08:00][sql] SELECT `website_id`,`site_name`,`logo`,`is_own`,`level_id`,`category_id`,`group_id`,`seo_keywords`,`seo_description`,`expire_time`,`shop_status` FROM `gxfc_shop` WHERE  `site_id` = 11 LIMIT 1 [ RunTime:0.000277s ]
[2022-07-27T09:45:30+08:00][sql] SELECT `site_id`,`expire_time`,`site_name`,`username`,`website_id`,`cert_id`,`is_own`,`level_id`,`level_name`,`category_id`,`category_name`,`group_id`,`group_name`,`member_id`,`member_name`,`shop_status`,`close_info`,`sort`,`start_time`,`end_time`,`logo`,`avatar`,`banner`,`seo_keywords`,`seo_description`,`qq`,`ww`,`telephone`,`is_recommend`,`shop_desccredit`,`shop_servicecredit`,`shop_deliverycredit`,`workingtime`,`shop_baozh`,`shop_baozhopen`,`shop_baozhrmb`,`shop_qtian`,`shop_zhping`,`shop_erxiaoshi`,`shop_tuihuo`,`shop_shiyong`,`shop_shiti`,`shop_xiaoxie`,`shop_free_time`,`shop_sales`,`shop_adv`,`account`,`account_withdraw`,`work_week`,`province`,`province_name`,`city`,`city_name`,`district`,`district_name`,`community`,`community_name`,`address`,`full_address`,`longitude`,`latitude`,`sub_num` FROM `gxfc_shop` WHERE  `site_id` = 11 LIMIT 1 [ RunTime:0.000429s ]
[2022-07-27T09:45:31+08:00][sql] SHOW FULL COLUMNS FROM `gxfc_shop_reopen` [ RunTime:0.000860s ]
[2022-07-27T09:45:31+08:00][sql] SELECT `sr`.*,`s`.`site_name` FROM `gxfc_shop_reopen` `sr` LEFT JOIN `gxfc_shop` `s` ON `s`.`site_id`=`sr`.`site_id` WHERE  `sr`.`site_id` = 11  AND `sr`.`apply_state` IN (1,-1) LIMIT 1 [ RunTime:0.000235s ]
[2022-07-27T09:45:31+08:00][sql] SHOW FULL COLUMNS FROM `gxfc_user` [ RunTime:0.000700s ]
[2022-07-27T09:45:31+08:00][sql] SELECT `username`,`group_name`,`login_time` FROM `gxfc_user` WHERE  `uid` = 24 LIMIT 1 [ RunTime:0.000156s ]
[2022-07-27T09:45:31+08:00][sql] SHOW FULL COLUMNS FROM `gxfc_stat_shop` [ RunTime:0.000827s ]
[2022-07-27T09:45:31+08:00][sql] SELECT `id`,`site_id`,`year`,`month`,`day`,`order_total`,`shipping_total`,`refund_total`,`order_pay_count`,`goods_pay_count`,`shop_money`,`platform_money`,`create_time`,`modify_time`,`collect_shop`,`collect_goods`,`visit_count`,`order_count`,`goods_count`,`add_goods_count`,`day_time`,`member_count` FROM `gxfc_stat_shop` WHERE  `site_id` = 11  AND `year` = 2022  AND `month` = 7  AND `day` = 27 LIMIT 1 [ RunTime:0.000268s ]
[2022-07-27T09:45:31+08:00][sql] SELECT `id`,`site_id`,`year`,`month`,`day`,`order_total`,`shipping_total`,`refund_total`,`order_pay_count`,`goods_pay_count`,`shop_money`,`platform_money`,`create_time`,`modify_time`,`collect_shop`,`collect_goods`,`visit_count`,`order_count`,`goods_count`,`add_goods_count`,`day_time`,`member_count` FROM `gxfc_stat_shop` WHERE  `site_id` = 11  AND `year` = 2022  AND `month` = 7  AND `day` = 26 LIMIT 1 [ RunTime:0.000306s ]
[2022-07-27T09:45:31+08:00][sql] SELECT `id`,`site_id`,`year`,`month`,`day`,`order_total`,`shipping_total`,`refund_total`,`order_pay_count`,`goods_pay_count`,`shop_money`,`platform_money`,`create_time`,`modify_time`,`collect_shop`,`collect_goods`,`visit_count`,`order_count`,`goods_count`,`add_goods_count`,`day_time`,`member_count` FROM `gxfc_stat_shop` WHERE  `site_id` = 11  AND `year` = 2022  AND `month` = 07  AND `day` = 18 LIMIT 1 [ RunTime:0.000220s ]
[2022-07-27T09:45:31+08:00][sql] SELECT `id`,`site_id`,`year`,`month`,`day`,`order_total`,`shipping_total`,`refund_total`,`order_pay_count`,`goods_pay_count`,`shop_money`,`platform_money`,`create_time`,`modify_time`,`collect_shop`,`collect_goods`,`visit_count`,`order_count`,`goods_count`,`add_goods_count`,`day_time`,`member_count` FROM `gxfc_stat_shop` WHERE  `site_id` = 11  AND `year` = 2022  AND `month` = 07  AND `day` = 19 LIMIT 1 [ RunTime:0.000284s ]
[2022-07-27T09:45:31+08:00][sql] SELECT `id`,`site_id`,`year`,`month`,`day`,`order_total`,`shipping_total`,`refund_total`,`order_pay_count`,`goods_pay_count`,`shop_money`,`platform_money`,`create_time`,`modify_time`,`collect_shop`,`collect_goods`,`visit_count`,`order_count`,`goods_count`,`add_goods_count`,`day_time`,`member_count` FROM `gxfc_stat_shop` WHERE  `site_id` = 11  AND `year` = 2022  AND `month` = 07  AND `day` = 20 LIMIT 1 [ RunTime:0.000237s ]
[2022-07-27T09:45:31+08:00][sql] SELECT `id`,`site_id`,`year`,`month`,`day`,`order_total`,`shipping_total`,`refund_total`,`order_pay_count`,`goods_pay_count`,`shop_money`,`platform_money`,`create_time`,`modify_time`,`collect_shop`,`collect_goods`,`visit_count`,`order_count`,`goods_count`,`add_goods_count`,`day_time`,`member_count` FROM `gxfc_stat_shop` WHERE  `site_id` = 11  AND `year` = 2022  AND `month` = 07  AND `day` = 21 LIMIT 1 [ RunTime:0.000262s ]
[2022-07-27T09:45:31+08:00][sql] SELECT `id`,`site_id`,`year`,`month`,`day`,`order_total`,`shipping_total`,`refund_total`,`order_pay_count`,`goods_pay_count`,`shop_money`,`platform_money`,`create_time`,`modify_time`,`collect_shop`,`collect_goods`,`visit_count`,`order_count`,`goods_count`,`add_goods_count`,`day_time`,`member_count` FROM `gxfc_stat_shop` WHERE  `site_id` = 11  AND `year` = 2022  AND `month` = 07  AND `day` = 22 LIMIT 1 [ RunTime:0.000242s ]
[2022-07-27T09:45:31+08:00][sql] SELECT `id`,`site_id`,`year`,`month`,`day`,`order_total`,`shipping_total`,`refund_total`,`order_pay_count`,`goods_pay_count`,`shop_money`,`platform_money`,`create_time`,`modify_time`,`collect_shop`,`collect_goods`,`visit_count`,`order_count`,`goods_count`,`add_goods_count`,`day_time`,`member_count` FROM `gxfc_stat_shop` WHERE  `site_id` = 11  AND `year` = 2022  AND `month` = 07  AND `day` = 23 LIMIT 1 [ RunTime:0.000261s ]
[2022-07-27T09:45:31+08:00][sql] SELECT `id`,`site_id`,`year`,`month`,`day`,`order_total`,`shipping_total`,`refund_total`,`order_pay_count`,`goods_pay_count`,`shop_money`,`platform_money`,`create_time`,`modify_time`,`collect_shop`,`collect_goods`,`visit_count`,`order_count`,`goods_count`,`add_goods_count`,`day_time`,`member_count` FROM `gxfc_stat_shop` WHERE  `site_id` = 11  AND `year` = 2022  AND `month` = 07  AND `day` = 24 LIMIT 1 [ RunTime:0.000259s ]
[2022-07-27T09:45:31+08:00][sql] SELECT `id`,`site_id`,`year`,`month`,`day`,`order_total`,`shipping_total`,`refund_total`,`order_pay_count`,`goods_pay_count`,`shop_money`,`platform_money`,`create_time`,`modify_time`,`collect_shop`,`collect_goods`,`visit_count`,`order_count`,`goods_count`,`add_goods_count`,`day_time`,`member_count` FROM `gxfc_stat_shop` WHERE  `site_id` = 11  AND `year` = 2022  AND `month` = 07  AND `day` = 25 LIMIT 1 [ RunTime:0.000217s ]
[2022-07-27T09:45:31+08:00][sql] SELECT `id`,`site_id`,`year`,`month`,`day`,`order_total`,`shipping_total`,`refund_total`,`order_pay_count`,`goods_pay_count`,`shop_money`,`platform_money`,`create_time`,`modify_time`,`collect_shop`,`collect_goods`,`visit_count`,`order_count`,`goods_count`,`add_goods_count`,`day_time`,`member_count` FROM `gxfc_stat_shop` WHERE  `site_id` = 11  AND `year` = 2022  AND `month` = 07  AND `day` = 26 LIMIT 1 [ RunTime:0.000230s ]
[2022-07-27T09:45:31+08:00][sql] SELECT `id`,`site_id`,`year`,`month`,`day`,`order_total`,`shipping_total`,`refund_total`,`order_pay_count`,`goods_pay_count`,`shop_money`,`platform_money`,`create_time`,`modify_time`,`collect_shop`,`collect_goods`,`visit_count`,`order_count`,`goods_count`,`add_goods_count`,`day_time`,`member_count` FROM `gxfc_stat_shop` WHERE  `site_id` = 11  AND `year` = 2022  AND `month` = 07  AND `day` = 27 LIMIT 1 [ RunTime:0.000232s ]
[2022-07-27T09:45:31+08:00][sql] SELECT SUM(order_total) as order_total,SUM(shipping_total) as shipping_total,SUM(refund_total) as refund_total,SUM(order_pay_count) as order_pay_count,SUM(goods_pay_count) as goods_pay_count,SUM(shop_money) as shop_money,SUM(platform_money) as platform_money,SUM(collect_shop) as collect_shop,SUM(collect_goods) as collect_goods,SUM(visit_count) as visit_count,SUM(order_count) as order_count,SUM(goods_count) as goods_count,SUM(add_goods_count) as add_goods_count,SUM(member_count) as member_count FROM `gxfc_stat_shop` WHERE  `site_id` = 11 LIMIT 1 [ RunTime:0.000303s ]
[2022-07-27T09:45:31+08:00][sql] SHOW FULL COLUMNS FROM `gxfc_goods` [ RunTime:0.000984s ]
[2022-07-27T09:45:31+08:00][sql] SELECT COUNT(*) AS think_count FROM `gxfc_goods` WHERE  `site_id` = 11 [ RunTime:0.000185s ]
[2022-07-27T09:45:31+08:00][sql] SHOW FULL COLUMNS FROM `gxfc_order` [ RunTime:0.001131s ]
[2022-07-27T09:45:31+08:00][sql] SELECT COUNT(*) AS think_count FROM `gxfc_order` WHERE  `order_status` = 0  AND `site_id` = 11  AND `is_delete` = 0 [ RunTime:0.000199s ]
[2022-07-27T09:45:31+08:00][sql] SELECT COUNT(*) AS think_count FROM `gxfc_order` WHERE  `order_status` = 1  AND `site_id` = 11  AND `is_delete` = 0 [ RunTime:0.000358s ]
[2022-07-27T09:45:31+08:00][sql] SHOW FULL COLUMNS FROM `gxfc_order_goods` [ RunTime:0.000926s ]
[2022-07-27T09:45:31+08:00][sql] SELECT COUNT(*) AS think_count FROM `gxfc_order_goods` WHERE  `site_id` = 11  AND `refund_status` NOT IN (0,3) [ RunTime:0.000329s ]
[2022-07-27T09:45:31+08:00][sql] select count(goods_id) as num from gxfc_goods where goods_stock_alarm >= goods_stock and goods_stock_alarm > 0 and is_delete = 0 and goods_state = 1 and site_id = 11 [ RunTime:0.000285s ]
[2022-07-27T09:45:31+08:00][sql] SELECT COUNT(*) AS think_count FROM `gxfc_goods` WHERE  `goods_state` = 1  AND `site_id` = 11  AND `is_delete` = 0 [ RunTime:0.000203s ]
[2022-07-27T09:45:31+08:00][sql] SELECT COUNT(*) AS think_count FROM `gxfc_goods` WHERE  `verify_state` = 0  AND `site_id` = 11  AND `is_delete` = 0 [ RunTime:0.000201s ]
[2022-07-27T09:45:31+08:00][sql] SELECT COUNT(*) AS think_count FROM `gxfc_goods` WHERE  `verify_state` = 10  AND `site_id` = 11  AND `is_delete` = 0 [ RunTime:0.000200s ]
[2022-07-27T09:45:31+08:00][sql] SHOW FULL COLUMNS FROM `gxfc_help` [ RunTime:0.000778s ]
[2022-07-27T09:45:31+08:00][sql] SELECT COUNT(*) AS think_count FROM `gxfc_help` `a` WHERE  `app_module` = 'shop' ORDER BY `create_time` DESC [ RunTime:0.000197s ]
[2022-07-27T09:45:31+08:00][sql] SELECT `id`,`title`,`content`,`class_id`,`class_name`,`sort`,`link_address`,`create_time` FROM `gxfc_help` `a` WHERE  `app_module` = 'shop' ORDER BY `create_time` DESC LIMIT 0,5 [ RunTime:0.000189s ]
[2022-07-27T10:39:46+08:00][sql] CONNECT:[ UseTime:0.000256s ] mysql:host=localhost;port=3306;dbname=ls_chnssl_com;charset=utf8
[2022-07-27T10:39:46+08:00][sql] SHOW FULL COLUMNS FROM `gxfc_shop` [ RunTime:0.001186s ]
[2022-07-27T10:39:46+08:00][sql] SELECT `website_id`,`site_name`,`logo`,`is_own`,`level_id`,`category_id`,`group_id`,`seo_keywords`,`seo_description`,`expire_time`,`shop_status` FROM `gxfc_shop` WHERE  `site_id` = 11 LIMIT 1 [ RunTime:0.000264s ]
[2022-07-27T10:39:46+08:00][sql] SHOW FULL COLUMNS FROM `gxfc_menu` [ RunTime:0.000855s ]
[2022-07-27T10:39:46+08:00][sql] SELECT `id`,`app_module`,`name`,`title`,`parent`,`level`,`url`,`is_show`,`sort`,`desc`,`picture`,`is_icon`,`picture_select`,`is_control`,`addon` FROM `gxfc_menu` WHERE  `url` = 'shop/Promotion/index'  AND `app_module` = 'shop' ORDER BY `level` DESC LIMIT 1 [ RunTime:0.000327s ]
[2022-07-27T10:39:46+08:00][sql] SELECT `id`,`app_module`,`name`,`title`,`parent`,`level`,`url`,`is_show`,`sort`,`desc`,`picture`,`is_icon`,`picture_select`,`is_control`,`addon` FROM `gxfc_menu` WHERE  `name` = 'PROMOTION_CENTER'  AND `app_module` = 'shop' LIMIT 1 [ RunTime:0.000242s ]
[2022-07-27T10:39:46+08:00][sql] SELECT `id`,`app_module`,`name`,`title`,`parent`,`level`,`url`,`is_show`,`sort`,`desc`,`picture`,`is_icon`,`picture_select`,`is_control`,`addon` FROM `gxfc_menu` WHERE  `name` = 'PROMOTION_ROOT'  AND `app_module` = 'shop' LIMIT 1 [ RunTime:0.000230s ]
[2022-07-27T10:39:46+08:00][sql] SHOW FULL COLUMNS FROM `gxfc_addon` [ RunTime:0.000735s ]
[2022-07-27T10:39:46+08:00][sql] SELECT `name`,`title` FROM `gxfc_addon` WHERE  `name` = '' LIMIT 1 [ RunTime:0.000196s ]
[2022-07-27T10:40:02+08:00][sql] CONNECT:[ UseTime:0.000257s ] mysql:host=localhost;port=3306;dbname=ls_chnssl_com;charset=utf8
[2022-07-27T10:40:02+08:00][sql] SHOW FULL COLUMNS FROM `gxfc_shop` [ RunTime:0.001178s ]
[2022-07-27T10:40:02+08:00][sql] SELECT `website_id`,`site_name`,`logo`,`is_own`,`level_id`,`category_id`,`group_id`,`seo_keywords`,`seo_description`,`expire_time`,`shop_status` FROM `gxfc_shop` WHERE  `site_id` = 11 LIMIT 1 [ RunTime:0.000279s ]
[2022-07-27T10:40:02+08:00][sql] SHOW FULL COLUMNS FROM `gxfc_menu` [ RunTime:0.000935s ]
[2022-07-27T10:40:02+08:00][sql] SELECT `id`,`app_module`,`name`,`title`,`parent`,`level`,`url`,`is_show`,`sort`,`desc`,`picture`,`is_icon`,`picture_select`,`is_control`,`addon` FROM `gxfc_menu` WHERE  `url` = 'shop/Order/lists'  AND `app_module` = 'shop' ORDER BY `level` DESC LIMIT 1 [ RunTime:0.000345s ]
[2022-07-27T10:40:02+08:00][sql] SELECT `id`,`app_module`,`name`,`title`,`parent`,`level`,`url`,`is_show`,`sort`,`desc`,`picture`,`is_icon`,`picture_select`,`is_control`,`addon` FROM `gxfc_menu` WHERE  `name` = 'ORDER_MANAGE'  AND `app_module` = 'shop' LIMIT 1 [ RunTime:0.000240s ]
[2022-07-27T10:40:02+08:00][sql] SELECT `id`,`app_module`,`name`,`title`,`parent`,`level`,`url`,`is_show`,`sort`,`desc`,`picture`,`is_icon`,`picture_select`,`is_control`,`addon` FROM `gxfc_menu` WHERE  `name` = 'ORDER_ROOT'  AND `app_module` = 'shop' LIMIT 1 [ RunTime:0.000247s ]
[2022-07-27T10:40:02+08:00][sql] SELECT `group_id` FROM `gxfc_shop` WHERE  `site_id` = 11 LIMIT 1 [ RunTime:0.000296s ]
[2022-07-27T10:40:02+08:00][sql] SELECT `group_id` FROM `gxfc_shop` WHERE  `site_id` = 11 LIMIT 1 [ RunTime:0.000173s ]
[2022-07-27T10:40:02+08:00][sql] SELECT `group_id` FROM `gxfc_shop` WHERE  `site_id` = 11 LIMIT 1 [ RunTime:0.000164s ]
[2022-07-27T10:40:02+08:00][sql] SELECT `group_id` FROM `gxfc_shop` WHERE  `site_id` = 11 LIMIT 1 [ RunTime:0.000153s ]
[2022-07-27T10:40:03+08:00][sql] CONNECT:[ UseTime:0.000248s ] mysql:host=localhost;port=3306;dbname=ls_chnssl_com;charset=utf8
[2022-07-27T10:40:03+08:00][sql] SHOW FULL COLUMNS FROM `gxfc_shop` [ RunTime:0.001121s ]
[2022-07-27T10:40:03+08:00][sql] SELECT `website_id`,`site_name`,`logo`,`is_own`,`level_id`,`category_id`,`group_id`,`seo_keywords`,`seo_description`,`expire_time`,`shop_status` FROM `gxfc_shop` WHERE  `site_id` = 11 LIMIT 1 [ RunTime:0.000239s ]
[2022-07-27T10:40:03+08:00][sql] SHOW FULL COLUMNS FROM `gxfc_order` [ RunTime:0.001200s ]
[2022-07-27T10:40:03+08:00][sql] SELECT COUNT(*) AS think_count FROM `gxfc_order` `o` WHERE  `o`.`site_id` = 11 ORDER BY `o`.`create_time` DESC [ RunTime:0.000419s ]
[2022-07-27T10:40:03+08:00][sql] SELECT `o`.* FROM `gxfc_order` `o` WHERE  `o`.`site_id` = 11 ORDER BY `o`.`create_time` DESC LIMIT 0,10 [ RunTime:0.000618s ]
[2022-07-27T10:40:03+08:00][sql] SHOW FULL COLUMNS FROM `gxfc_order_goods` [ RunTime:0.000902s ]
[2022-07-27T10:40:03+08:00][sql] SELECT * FROM `gxfc_order_goods` WHERE  `order_id` = 545 [ RunTime:0.001288s ]
[2022-07-27T10:40:03+08:00][sql] SHOW FULL COLUMNS FROM `gxfc_member` [ RunTime:0.000874s ]
[2022-07-27T10:40:03+08:00][sql] SELECT `nickname` FROM `gxfc_member` WHERE  `member_id` = 30 LIMIT 1 [ RunTime:0.000159s ]
[2022-07-27T10:40:03+08:00][sql] SELECT * FROM `gxfc_order_goods` WHERE  `order_id` = 542 [ RunTime:0.001210s ]
[2022-07-27T10:40:03+08:00][sql] SELECT `nickname` FROM `gxfc_member` WHERE  `member_id` = 30 LIMIT 1 [ RunTime:0.000125s ]
[2022-07-27T10:40:03+08:00][sql] SELECT * FROM `gxfc_order_goods` WHERE  `order_id` = 535 [ RunTime:0.001180s ]
[2022-07-27T10:40:03+08:00][sql] SELECT `nickname` FROM `gxfc_member` WHERE  `member_id` = 30 LIMIT 1 [ RunTime:0.000121s ]
[2022-07-27T10:40:03+08:00][sql] SELECT * FROM `gxfc_order_goods` WHERE  `order_id` = 529 [ RunTime:0.001208s ]
[2022-07-27T10:40:03+08:00][sql] SELECT `nickname` FROM `gxfc_member` WHERE  `member_id` = 30 LIMIT 1 [ RunTime:0.000128s ]
[2022-07-27T10:40:03+08:00][sql] SELECT * FROM `gxfc_order_goods` WHERE  `order_id` = 528 [ RunTime:0.001205s ]
[2022-07-27T10:40:03+08:00][sql] SELECT `nickname` FROM `gxfc_member` WHERE  `member_id` = 30 LIMIT 1 [ RunTime:0.000130s ]
[2022-07-27T10:40:03+08:00][sql] SELECT * FROM `gxfc_order_goods` WHERE  `order_id` = 527 [ RunTime:0.001235s ]
[2022-07-27T10:40:03+08:00][sql] SELECT `nickname` FROM `gxfc_member` WHERE  `member_id` = 30 LIMIT 1 [ RunTime:0.000128s ]
[2022-07-27T10:40:03+08:00][sql] SELECT * FROM `gxfc_order_goods` WHERE  `order_id` = 526 [ RunTime:0.001240s ]
[2022-07-27T10:40:03+08:00][sql] SELECT `nickname` FROM `gxfc_member` WHERE  `member_id` = 5 LIMIT 1 [ RunTime:0.000131s ]
[2022-07-27T10:40:03+08:00][sql] SELECT * FROM `gxfc_order_goods` WHERE  `order_id` = 524 [ RunTime:0.001187s ]
[2022-07-27T10:40:03+08:00][sql] SELECT `nickname` FROM `gxfc_member` WHERE  `member_id` = 5 LIMIT 1 [ RunTime:0.000159s ]
[2022-07-27T10:40:03+08:00][sql] SELECT * FROM `gxfc_order_goods` WHERE  `order_id` = 507 [ RunTime:0.001238s ]
[2022-07-27T10:40:03+08:00][sql] SELECT `nickname` FROM `gxfc_member` WHERE  `member_id` = 30 LIMIT 1 [ RunTime:0.000138s ]
[2022-07-27T10:40:03+08:00][sql] SELECT * FROM `gxfc_order_goods` WHERE  `order_id` = 506 [ RunTime:0.001183s ]
[2022-07-27T10:40:03+08:00][sql] SELECT `nickname` FROM `gxfc_member` WHERE  `member_id` = 30 LIMIT 1 [ RunTime:0.000125s ]
[2022-07-27T10:40:03+08:00][sql] SELECT `conceal` FROM `gxfc_shop` WHERE  `site_id` = 11 LIMIT 1 [ RunTime:0.000146s ]
[2022-07-27T10:40:28+08:00][sql] CONNECT:[ UseTime:0.000269s ] mysql:host=localhost;port=3306;dbname=ls_chnssl_com;charset=utf8
[2022-07-27T10:40:28+08:00][sql] SHOW FULL COLUMNS FROM `gxfc_shop` [ RunTime:0.001215s ]
[2022-07-27T10:40:28+08:00][sql] SELECT `website_id`,`site_name`,`logo`,`is_own`,`level_id`,`category_id`,`group_id`,`seo_keywords`,`seo_description`,`expire_time`,`shop_status` FROM `gxfc_shop` WHERE  `site_id` = 11 LIMIT 1 [ RunTime:0.000285s ]
[2022-07-27T10:40:28+08:00][sql] SHOW FULL COLUMNS FROM `gxfc_addon` [ RunTime:0.000775s ]
[2022-07-27T10:40:28+08:00][sql] SELECT `name`,`title` FROM `gxfc_addon` WHERE  `name` = '' LIMIT 1 [ RunTime:0.000189s ]
[2022-07-27T10:41:37+08:00][sql] CONNECT:[ UseTime:0.000241s ] mysql:host=localhost;port=3306;dbname=ls_chnssl_com;charset=utf8
[2022-07-27T10:41:37+08:00][sql] SHOW FULL COLUMNS FROM `gxfc_shop` [ RunTime:0.001120s ]
[2022-07-27T10:41:37+08:00][sql] SELECT `website_id`,`site_name`,`logo`,`is_own`,`level_id`,`category_id`,`group_id`,`seo_keywords`,`seo_description`,`expire_time`,`shop_status` FROM `gxfc_shop` WHERE  `site_id` = 11 LIMIT 1 [ RunTime:0.000249s ]
[2022-07-27T10:41:37+08:00][sql] SELECT `group_id` FROM `gxfc_shop` WHERE  `site_id` = 11 LIMIT 1 [ RunTime:0.000271s ]
[2022-07-27T10:41:37+08:00][sql] SELECT `group_id` FROM `gxfc_shop` WHERE  `site_id` = 11 LIMIT 1 [ RunTime:0.000201s ]
[2022-07-27T10:41:37+08:00][sql] SELECT `group_id` FROM `gxfc_shop` WHERE  `site_id` = 11 LIMIT 1 [ RunTime:0.000160s ]
[2022-07-27T10:41:37+08:00][sql] SELECT `group_id` FROM `gxfc_shop` WHERE  `site_id` = 11 LIMIT 1 [ RunTime:0.000150s ]
[2022-07-27T10:41:38+08:00][sql] CONNECT:[ UseTime:0.000218s ] mysql:host=localhost;port=3306;dbname=ls_chnssl_com;charset=utf8
[2022-07-27T10:41:38+08:00][sql] SHOW FULL COLUMNS FROM `gxfc_shop` [ RunTime:0.001282s ]
[2022-07-27T10:41:38+08:00][sql] SELECT `website_id`,`site_name`,`logo`,`is_own`,`level_id`,`category_id`,`group_id`,`seo_keywords`,`seo_description`,`expire_time`,`shop_status` FROM `gxfc_shop` WHERE  `site_id` = 11 LIMIT 1 [ RunTime:0.000241s ]
[2022-07-27T10:41:38+08:00][sql] SHOW FULL COLUMNS FROM `gxfc_order` [ RunTime:0.001231s ]
[2022-07-27T10:41:38+08:00][sql] SELECT COUNT(*) AS think_count FROM `gxfc_order` `o` WHERE  `o`.`site_id` = 11 ORDER BY `o`.`create_time` DESC [ RunTime:0.000397s ]
[2022-07-27T10:41:38+08:00][sql] SELECT `o`.* FROM `gxfc_order` `o` WHERE  `o`.`site_id` = 11 ORDER BY `o`.`create_time` DESC LIMIT 0,10 [ RunTime:0.000616s ]
[2022-07-27T10:41:38+08:00][sql] SHOW FULL COLUMNS FROM `gxfc_order_goods` [ RunTime:0.000915s ]
[2022-07-27T10:41:38+08:00][sql] SELECT * FROM `gxfc_order_goods` WHERE  `order_id` = 545 [ RunTime:0.001267s ]
[2022-07-27T10:41:38+08:00][sql] SHOW FULL COLUMNS FROM `gxfc_member` [ RunTime:0.000888s ]
[2022-07-27T10:41:38+08:00][sql] SELECT `nickname` FROM `gxfc_member` WHERE  `member_id` = 30 LIMIT 1 [ RunTime:0.000156s ]
[2022-07-27T10:41:38+08:00][sql] SELECT * FROM `gxfc_order_goods` WHERE  `order_id` = 542 [ RunTime:0.001214s ]
[2022-07-27T10:41:38+08:00][sql] SELECT `nickname` FROM `gxfc_member` WHERE  `member_id` = 30 LIMIT 1 [ RunTime:0.000138s ]
[2022-07-27T10:41:38+08:00][sql] SELECT * FROM `gxfc_order_goods` WHERE  `order_id` = 535 [ RunTime:0.001216s ]
[2022-07-27T10:41:38+08:00][sql] SELECT `nickname` FROM `gxfc_member` WHERE  `member_id` = 30 LIMIT 1 [ RunTime:0.000139s ]
[2022-07-27T10:41:38+08:00][sql] SELECT * FROM `gxfc_order_goods` WHERE  `order_id` = 529 [ RunTime:0.001211s ]
[2022-07-27T10:41:38+08:00][sql] SELECT `nickname` FROM `gxfc_member` WHERE  `member_id` = 30 LIMIT 1 [ RunTime:0.000128s ]
[2022-07-27T10:41:38+08:00][sql] SELECT * FROM `gxfc_order_goods` WHERE  `order_id` = 528 [ RunTime:0.001197s ]
[2022-07-27T10:41:38+08:00][sql] SELECT `nickname` FROM `gxfc_member` WHERE  `member_id` = 30 LIMIT 1 [ RunTime:0.000210s ]
[2022-07-27T10:41:38+08:00][sql] SELECT * FROM `gxfc_order_goods` WHERE  `order_id` = 527 [ RunTime:0.002842s ]
[2022-07-27T10:41:38+08:00][sql] SELECT `nickname` FROM `gxfc_member` WHERE  `member_id` = 30 LIMIT 1 [ RunTime:0.000341s ]
[2022-07-27T10:41:38+08:00][sql] SELECT * FROM `gxfc_order_goods` WHERE  `order_id` = 526 [ RunTime:0.001812s ]
[2022-07-27T10:41:38+08:00][sql] SELECT `nickname` FROM `gxfc_member` WHERE  `member_id` = 5 LIMIT 1 [ RunTime:0.000573s ]
[2022-07-27T10:41:38+08:00][sql] SELECT * FROM `gxfc_order_goods` WHERE  `order_id` = 524 [ RunTime:0.001438s ]
[2022-07-27T10:41:38+08:00][sql] SELECT `nickname` FROM `gxfc_member` WHERE  `member_id` = 5 LIMIT 1 [ RunTime:0.000196s ]
[2022-07-27T10:41:38+08:00][sql] SELECT * FROM `gxfc_order_goods` WHERE  `order_id` = 507 [ RunTime:0.001251s ]
[2022-07-27T10:41:38+08:00][sql] SELECT `nickname` FROM `gxfc_member` WHERE  `member_id` = 30 LIMIT 1 [ RunTime:0.000138s ]
[2022-07-27T10:41:38+08:00][sql] SELECT * FROM `gxfc_order_goods` WHERE  `order_id` = 506 [ RunTime:0.001271s ]
[2022-07-27T10:41:38+08:00][sql] SELECT `nickname` FROM `gxfc_member` WHERE  `member_id` = 30 LIMIT 1 [ RunTime:0.000145s ]
[2022-07-27T10:41:38+08:00][sql] SELECT `conceal` FROM `gxfc_shop` WHERE  `site_id` = 11 LIMIT 1 [ RunTime:0.000137s ]
[2022-07-27T10:45:30+08:00][sql] CONNECT:[ UseTime:0.000266s ] mysql:host=localhost;port=3306;dbname=ls_chnssl_com;charset=utf8
[2022-07-27T10:45:30+08:00][sql] SHOW FULL COLUMNS FROM `gxfc_group` [ RunTime:0.000849s ]
[2022-07-27T10:45:30+08:00][sql] SELECT * FROM `gxfc_group` WHERE  `group_id` = 5  AND `site_id` = 4  AND `app_module` = 'shop' LIMIT 1 [ RunTime:0.000287s ]
[2022-07-27T10:45:30+08:00][sql] SHOW FULL COLUMNS FROM `gxfc_shop` [ RunTime:0.001129s ]
[2022-07-27T10:45:30+08:00][sql] SELECT `website_id`,`site_name`,`logo`,`is_own`,`level_id`,`category_id`,`group_id`,`seo_keywords`,`seo_description`,`expire_time`,`shop_status` FROM `gxfc_shop` WHERE  `site_id` = 4 LIMIT 1 [ RunTime:0.000235s ]
[2022-07-27T10:45:30+08:00][sql] SELECT `group_id` FROM `gxfc_shop` WHERE  `site_id` = 4 LIMIT 1 [ RunTime:0.000228s ]
[2022-07-27T10:45:30+08:00][sql] SELECT `group_id` FROM `gxfc_shop` WHERE  `site_id` = 4 LIMIT 1 [ RunTime:0.000177s ]
[2022-07-27T10:45:30+08:00][sql] SELECT `group_id` FROM `gxfc_shop` WHERE  `site_id` = 4 LIMIT 1 [ RunTime:0.000192s ]
[2022-07-27T10:45:30+08:00][sql] SELECT `group_id` FROM `gxfc_shop` WHERE  `site_id` = 4 LIMIT 1 [ RunTime:0.000150s ]
[2022-07-27T10:45:31+08:00][sql] CONNECT:[ UseTime:0.000245s ] mysql:host=localhost;port=3306;dbname=ls_chnssl_com;charset=utf8
[2022-07-27T10:45:31+08:00][sql] SHOW FULL COLUMNS FROM `gxfc_shop` [ RunTime:0.001152s ]
[2022-07-27T10:45:31+08:00][sql] SELECT `website_id`,`site_name`,`logo`,`is_own`,`level_id`,`category_id`,`group_id`,`seo_keywords`,`seo_description`,`expire_time`,`shop_status` FROM `gxfc_shop` WHERE  `site_id` = 4 LIMIT 1 [ RunTime:0.000280s ]
[2022-07-27T10:45:31+08:00][sql] SHOW FULL COLUMNS FROM `gxfc_order` [ RunTime:0.001284s ]
[2022-07-27T10:45:31+08:00][sql] SELECT COUNT(*) AS think_count FROM `gxfc_order` `o` WHERE  `o`.`site_id` = 4 ORDER BY `o`.`create_time` DESC [ RunTime:0.000410s ]
[2022-07-27T10:45:31+08:00][sql] SELECT `o`.* FROM `gxfc_order` `o` WHERE  `o`.`site_id` = 4 ORDER BY `o`.`create_time` DESC LIMIT 0,10 [ RunTime:0.000626s ]
[2022-07-27T10:45:31+08:00][sql] SHOW FULL COLUMNS FROM `gxfc_order_goods` [ RunTime:0.000934s ]
[2022-07-27T10:45:31+08:00][sql] SELECT * FROM `gxfc_order_goods` WHERE  `order_id` = 525 [ RunTime:0.001227s ]
[2022-07-27T10:45:31+08:00][sql] SHOW FULL COLUMNS FROM `gxfc_member` [ RunTime:0.000894s ]
[2022-07-27T10:45:31+08:00][sql] SELECT `nickname` FROM `gxfc_member` WHERE  `member_id` = 30 LIMIT 1 [ RunTime:0.000155s ]
[2022-07-27T10:45:31+08:00][sql] SELECT * FROM `gxfc_order_goods` WHERE  `order_id` = 523 [ RunTime:0.001204s ]
[2022-07-27T10:45:31+08:00][sql] SELECT `nickname` FROM `gxfc_member` WHERE  `member_id` = 30 LIMIT 1 [ RunTime:0.000129s ]
[2022-07-27T10:45:31+08:00][sql] SELECT * FROM `gxfc_order_goods` WHERE  `order_id` = 522 [ RunTime:0.001200s ]
[2022-07-27T10:45:31+08:00][sql] SELECT `nickname` FROM `gxfc_member` WHERE  `member_id` = 30 LIMIT 1 [ RunTime:0.000144s ]
[2022-07-27T10:45:31+08:00][sql] SELECT * FROM `gxfc_order_goods` WHERE  `order_id` = 521 [ RunTime:0.001172s ]
[2022-07-27T10:45:31+08:00][sql] SELECT `nickname` FROM `gxfc_member` WHERE  `member_id` = 30 LIMIT 1 [ RunTime:0.000122s ]
[2022-07-27T10:45:31+08:00][sql] SELECT * FROM `gxfc_order_goods` WHERE  `order_id` = 520 [ RunTime:0.001226s ]
[2022-07-27T10:45:31+08:00][sql] SELECT `nickname` FROM `gxfc_member` WHERE  `member_id` = 30 LIMIT 1 [ RunTime:0.000145s ]
[2022-07-27T10:45:31+08:00][sql] SELECT * FROM `gxfc_order_goods` WHERE  `order_id` = 519 [ RunTime:0.001205s ]
[2022-07-27T10:45:31+08:00][sql] SELECT `nickname` FROM `gxfc_member` WHERE  `member_id` = 30 LIMIT 1 [ RunTime:0.000130s ]
[2022-07-27T10:45:31+08:00][sql] SELECT * FROM `gxfc_order_goods` WHERE  `order_id` = 518 [ RunTime:0.001215s ]
[2022-07-27T10:45:31+08:00][sql] SELECT `nickname` FROM `gxfc_member` WHERE  `member_id` = 30 LIMIT 1 [ RunTime:0.000133s ]
[2022-07-27T10:45:31+08:00][sql] SELECT * FROM `gxfc_order_goods` WHERE  `order_id` = 517 [ RunTime:0.001207s ]
[2022-07-27T10:45:31+08:00][sql] SELECT `nickname` FROM `gxfc_member` WHERE  `member_id` = 30 LIMIT 1 [ RunTime:0.000170s ]
[2022-07-27T10:45:31+08:00][sql] SELECT * FROM `gxfc_order_goods` WHERE  `order_id` = 516 [ RunTime:0.001290s ]
[2022-07-27T10:45:31+08:00][sql] SELECT `nickname` FROM `gxfc_member` WHERE  `member_id` = 30 LIMIT 1 [ RunTime:0.000164s ]
[2022-07-27T10:45:31+08:00][sql] SELECT * FROM `gxfc_order_goods` WHERE  `order_id` = 515 [ RunTime:0.001297s ]
[2022-07-27T10:45:31+08:00][sql] SELECT `nickname` FROM `gxfc_member` WHERE  `member_id` = 30 LIMIT 1 [ RunTime:0.000164s ]
[2022-07-27T10:45:31+08:00][sql] SELECT `conceal` FROM `gxfc_shop` WHERE  `site_id` = 4 LIMIT 1 [ RunTime:0.000168s ]
[2022-07-27T20:31:14+08:00][sql] CONNECT:[ UseTime:0.000214s ] mysql:host=localhost;port=3306;dbname=ls_chnssl_com;charset=utf8
[2022-07-27T20:31:14+08:00][sql] SHOW FULL COLUMNS FROM `gxfc_config` [ RunTime:0.000948s ]
[2022-07-27T20:31:14+08:00][sql] SELECT `site_id`,`app_module`,`config_key`,`value`,`config_desc`,`is_use`,`create_time`,`modify_time` FROM `gxfc_config` WHERE  `site_id` = 0  AND `app_module` = 'admin'  AND `config_key` = 'SHOP_JOIN_ADV_CONFIG' LIMIT 1 [ RunTime:0.000265s ]
[2022-07-27T20:31:14+08:00][sql] SHOW FULL COLUMNS FROM `gxfc_document` [ RunTime:0.000820s ]
[2022-07-27T20:31:14+08:00][sql] SELECT `site_id`,`app_module`,`document_key`,`title`,`content`,`create_time`,`modify_time` FROM `gxfc_document` WHERE  `site_id` = 0  AND `app_module` = 'admin'  AND `document_key` = 'SHOP_JOIN_GUIDE_1' LIMIT 1 [ RunTime:0.000239s ]
[2022-07-27T20:31:14+08:00][sql] SELECT `site_id`,`app_module`,`document_key`,`title`,`content`,`create_time`,`modify_time` FROM `gxfc_document` WHERE  `site_id` = 0  AND `app_module` = 'admin'  AND `document_key` = 'SHOP_JOIN_GUIDE_2' LIMIT 1 [ RunTime:0.000220s ]
[2022-07-27T20:31:14+08:00][sql] SELECT `site_id`,`app_module`,`document_key`,`title`,`content`,`create_time`,`modify_time` FROM `gxfc_document` WHERE  `site_id` = 0  AND `app_module` = 'admin'  AND `document_key` = 'SHOP_JOIN_GUIDE_3' LIMIT 1 [ RunTime:0.000200s ]
[2022-07-27T20:31:14+08:00][sql] SELECT `site_id`,`app_module`,`document_key`,`title`,`content`,`create_time`,`modify_time` FROM `gxfc_document` WHERE  `site_id` = 0  AND `app_module` = 'admin'  AND `document_key` = 'SHOP_JOIN_GUIDE_4' LIMIT 1 [ RunTime:0.000218s ]
[2022-07-27T20:31:14+08:00][sql] SHOW FULL COLUMNS FROM `gxfc_website` [ RunTime:0.000847s ]
[2022-07-27T20:31:14+08:00][sql] SELECT `web_phone`,`web_email`,`web_qrcode`,`web_qq`,`web_weixin`,`logo` FROM `gxfc_website` WHERE  `site_id` = 0 LIMIT 1 [ RunTime:0.000186s ]
