[2022-11-18T09:58:33+08:00][sql] CONNECT:[ UseTime:0.000465s ] mysql:host=127.0.0.1;port=3306;dbname=hunqin;charset=utf8
[2022-11-18T09:58:33+08:00][sql] SHOW FULL COLUMNS FROM `gxfc_config` [ RunTime:0.000720s ]
[2022-11-18T09:58:33+08:00][sql] SELECT `site_id`,`app_module`,`config_key`,`value`,`config_desc`,`is_use`,`create_time`,`modify_time` FROM `gxfc_config` WHERE  `site_id` = 0  AND `app_module` = 'admin'  AND `config_key` = 'SHOP_JOIN_ADV_CONFIG' LIMIT 1 [ RunTime:0.000346s ]
[2022-11-18T09:58:33+08:00][sql] SHOW FULL COLUMNS FROM `gxfc_document` [ RunTime:0.000722s ]
[2022-11-18T09:58:33+08:00][sql] SELECT `site_id`,`app_module`,`document_key`,`title`,`content`,`create_time`,`modify_time` FROM `gxfc_document` WHERE  `site_id` = 0  AND `app_module` = 'admin'  AND `document_key` = 'SHOP_JOIN_GUIDE_1' LIMIT 1 [ RunTime:0.000359s ]
[2022-11-18T09:58:33+08:00][sql] SELECT `site_id`,`app_module`,`document_key`,`title`,`content`,`create_time`,`modify_time` FROM `gxfc_document` WHERE  `site_id` = 0  AND `app_module` = 'admin'  AND `document_key` = 'SHOP_JOIN_GUIDE_2' LIMIT 1 [ RunTime:0.000355s ]
[2022-11-18T09:58:33+08:00][sql] SELECT `site_id`,`app_module`,`document_key`,`title`,`content`,`create_time`,`modify_time` FROM `gxfc_document` WHERE  `site_id` = 0  AND `app_module` = 'admin'  AND `document_key` = 'SHOP_JOIN_GUIDE_3' LIMIT 1 [ RunTime:0.000342s ]
[2022-11-18T09:58:33+08:00][sql] SELECT `site_id`,`app_module`,`document_key`,`title`,`content`,`create_time`,`modify_time` FROM `gxfc_document` WHERE  `site_id` = 0  AND `app_module` = 'admin'  AND `document_key` = 'SHOP_JOIN_GUIDE_4' LIMIT 1 [ RunTime:0.000301s ]
[2022-11-18T09:58:33+08:00][sql] SHOW FULL COLUMNS FROM `gxfc_website` [ RunTime:0.000582s ]
[2022-11-18T09:58:33+08:00][sql] SELECT `web_phone`,`web_email`,`web_qrcode`,`web_qq`,`web_weixin`,`logo` FROM `gxfc_website` WHERE  `site_id` = 0 LIMIT 1 [ RunTime:0.000242s ]
[2022-11-18T09:58:33+08:00][sql] SELECT `site_id`,`app_module`,`config_key`,`value`,`config_desc`,`is_use`,`create_time`,`modify_time` FROM `gxfc_config` WHERE  `site_id` = 0  AND `app_module` = 'admin'  AND `config_key` = 'COPYRIGHT' LIMIT 1 [ RunTime:0.000508s ]
[2022-11-18T09:58:37+08:00][sql] CONNECT:[ UseTime:0.000441s ] mysql:host=127.0.0.1;port=3306;dbname=hunqin;charset=utf8
[2022-11-18T09:58:37+08:00][sql] SHOW FULL COLUMNS FROM `gxfc_user` [ RunTime:0.000691s ]
[2022-11-18T09:58:37+08:00][sql] SELECT `uid`,`app_module`,`app_group`,`is_admin`,`site_id`,`group_id`,`group_name`,`username`,`password`,`member_id`,`create_time`,`update_time`,`status`,`login_time`,`login_ip` FROM `gxfc_user` WHERE  `username` = 'admin'  AND `app_module` = 'shop' LIMIT 1 [ RunTime:0.000418s ]
[2022-11-18T09:58:37+08:00][sql] UPDATE `gxfc_user`  SET `login_time` = 1668736717 , `login_ip` = '171.113.167.133'  WHERE  `uid` = 2 [ RunTime:0.007985s ]
[2022-11-18T09:58:37+08:00][sql] SHOW FULL COLUMNS FROM `gxfc_user_log` [ RunTime:0.000685s ]
[2022-11-18T09:58:37+08:00][sql] INSERT INTO `gxfc_user_log` SET `uid` = 2 , `username` = 'admin' , `site_id` = 1 , `url` = 'shop/Login/login' , `ip` = '171.113.167.133' , `data` = '[]' , `action_name` = '用户登录' , `create_time` = 1668736717 [ RunTime:0.006047s ]
[2022-11-18T09:58:38+08:00][sql] CONNECT:[ UseTime:0.000426s ] mysql:host=127.0.0.1;port=3306;dbname=hunqin;charset=utf8
[2022-11-18T09:58:38+08:00][sql] SHOW FULL COLUMNS FROM `gxfc_group` [ RunTime:0.000759s ]
[2022-11-18T09:58:38+08:00][sql] SELECT * FROM `gxfc_group` WHERE  `group_id` = 2  AND `site_id` = 1  AND `app_module` = 'shop' LIMIT 1 [ RunTime:0.000339s ]
[2022-11-18T09:58:38+08:00][sql] SHOW FULL COLUMNS FROM `gxfc_shop` [ RunTime:0.000980s ]
[2022-11-18T09:58:38+08:00][sql] SELECT `website_id`,`site_name`,`logo`,`is_own`,`level_id`,`category_id`,`group_id`,`seo_keywords`,`seo_description`,`expire_time`,`shop_status` FROM `gxfc_shop` WHERE  `site_id` = 1 LIMIT 1 [ RunTime:0.000327s ]
[2022-11-18T09:58:38+08:00][sql] SHOW FULL COLUMNS FROM `gxfc_shop_group` [ RunTime:0.000619s ]
[2022-11-18T09:58:38+08:00][sql] SELECT `addon_array` FROM `gxfc_shop_group` WHERE  `group_id` = 1 LIMIT 1 [ RunTime:0.000230s ]
[2022-11-18T09:58:38+08:00][sql] SHOW FULL COLUMNS FROM `gxfc_menu` [ RunTime:0.000638s ]
[2022-11-18T09:58:38+08:00][sql] SELECT * FROM `gxfc_menu` WHERE  `app_module` = 'shop'  AND `addon` NOT IN ('electronicsheet','freeshipping','printer','servicer','bargain','bundling','coupon','discount','groupbuy','manjian','pintuan','present','seckill','crazyguess','coupon_code','community_buy','cashier','appointment','missioncenter')  AND `is_show` = 1 ORDER BY `sort` ASC [ RunTime:0.001383s ]
[2022-11-18T09:58:38+08:00][sql] SELECT * FROM `gxfc_menu` WHERE  `addon` IN ('freeshipping','bargain','bundling','coupon','discount','manjian','pintuan','present','seckill','topic','fenxiao','printer','electronicsheet')  AND `app_module` = 'shop'  AND `is_show` = 1 ORDER BY `sort` ASC [ RunTime:0.000787s ]
[2022-11-18T09:58:38+08:00][sql] SELECT `id`,`app_module`,`name`,`title`,`parent`,`level`,`url`,`is_show`,`sort`,`desc`,`picture`,`is_icon`,`picture_select`,`is_control`,`addon` FROM `gxfc_menu` WHERE  `url` = 'shop/Index/index'  AND `app_module` = 'shop' ORDER BY `level` DESC LIMIT 1 [ RunTime:0.000357s ]
[2022-11-18T09:58:38+08:00][sql] SELECT `id`,`app_module`,`name`,`title`,`parent`,`level`,`url`,`is_show`,`sort`,`desc`,`picture`,`is_icon`,`picture_select`,`is_control`,`addon` FROM `gxfc_menu` WHERE  `name` = 'INDEX_ROOT'  AND `app_module` = 'shop' LIMIT 1 [ RunTime:0.000351s ]
[2022-11-18T09:58:38+08:00][sql] SHOW FULL COLUMNS FROM `gxfc_website` [ RunTime:0.000632s ]
[2022-11-18T09:58:38+08:00][sql] SELECT `title`,`logo`,`desc`,`keywords`,`web_status`,`close_reason`,`web_qrcode`,`web_phone` FROM `gxfc_website` WHERE  `site_id` = 0 LIMIT 1 [ RunTime:0.000253s ]
[2022-11-18T09:58:38+08:00][sql] SHOW FULL COLUMNS FROM `gxfc_config` [ RunTime:0.000494s ]
[2022-11-18T09:58:38+08:00][sql] SELECT `site_id`,`app_module`,`config_key`,`value`,`config_desc`,`is_use`,`create_time`,`modify_time` FROM `gxfc_config` WHERE  `site_id` = 0  AND `app_module` = 'admin'  AND `config_key` = 'DEFAULT_IMAGE' LIMIT 1 [ RunTime:0.000302s ]
[2022-11-18T09:58:38+08:00][sql] SELECT `site_id`,`expire_time`,`site_name`,`username`,`website_id`,`cert_id`,`is_own`,`level_id`,`level_name`,`category_id`,`category_name`,`group_id`,`group_name`,`member_id`,`member_name`,`shop_status`,`close_info`,`sort`,`start_time`,`end_time`,`logo`,`avatar`,`banner`,`seo_keywords`,`seo_description`,`qq`,`ww`,`telephone`,`is_recommend`,`shop_desccredit`,`shop_servicecredit`,`shop_deliverycredit`,`workingtime`,`shop_baozh`,`shop_baozhopen`,`shop_baozhrmb`,`shop_qtian`,`shop_zhping`,`shop_erxiaoshi`,`shop_tuihuo`,`shop_shiyong`,`shop_shiti`,`shop_xiaoxie`,`shop_free_time`,`shop_sales`,`shop_adv`,`account`,`account_withdraw`,`work_week`,`province`,`province_name`,`city`,`city_name`,`district`,`district_name`,`community`,`community_name`,`address`,`full_address`,`longitude`,`latitude`,`sub_num` FROM `gxfc_shop` WHERE  `site_id` = 1 LIMIT 1 [ RunTime:0.000397s ]
[2022-11-18T09:58:38+08:00][sql] SHOW FULL COLUMNS FROM `gxfc_shop_reopen` [ RunTime:0.000520s ]
[2022-11-18T09:58:38+08:00][sql] SELECT `sr`.*,`s`.`site_name` FROM `gxfc_shop_reopen` `sr` LEFT JOIN `gxfc_shop` `s` ON `s`.`site_id`=`sr`.`site_id` WHERE  `sr`.`site_id` = 1  AND `sr`.`apply_state` IN (1,-1) LIMIT 1 [ RunTime:0.000314s ]
[2022-11-18T09:58:38+08:00][sql] SHOW FULL COLUMNS FROM `gxfc_user` [ RunTime:0.000441s ]
[2022-11-18T09:58:38+08:00][sql] SELECT `username`,`group_name`,`login_time` FROM `gxfc_user` WHERE  `uid` = 2 LIMIT 1 [ RunTime:0.000234s ]
[2022-11-18T09:58:38+08:00][sql] SHOW FULL COLUMNS FROM `gxfc_stat_shop` [ RunTime:0.000694s ]
[2022-11-18T09:58:38+08:00][sql] SELECT `id`,`site_id`,`year`,`month`,`day`,`order_total`,`shipping_total`,`refund_total`,`order_pay_count`,`goods_pay_count`,`shop_money`,`platform_money`,`create_time`,`modify_time`,`collect_shop`,`collect_goods`,`visit_count`,`order_count`,`goods_count`,`add_goods_count`,`day_time`,`member_count` FROM `gxfc_stat_shop` WHERE  `site_id` = 1  AND `year` = 2022  AND `month` = 11  AND `day` = 18 LIMIT 1 [ RunTime:0.000353s ]
[2022-11-18T09:58:38+08:00][sql] SELECT `id`,`site_id`,`year`,`month`,`day`,`order_total`,`shipping_total`,`refund_total`,`order_pay_count`,`goods_pay_count`,`shop_money`,`platform_money`,`create_time`,`modify_time`,`collect_shop`,`collect_goods`,`visit_count`,`order_count`,`goods_count`,`add_goods_count`,`day_time`,`member_count` FROM `gxfc_stat_shop` WHERE  `site_id` = 1  AND `year` = 2022  AND `month` = 11  AND `day` = 17 LIMIT 1 [ RunTime:0.000343s ]
[2022-11-18T09:58:38+08:00][sql] SELECT `id`,`site_id`,`year`,`month`,`day`,`order_total`,`shipping_total`,`refund_total`,`order_pay_count`,`goods_pay_count`,`shop_money`,`platform_money`,`create_time`,`modify_time`,`collect_shop`,`collect_goods`,`visit_count`,`order_count`,`goods_count`,`add_goods_count`,`day_time`,`member_count` FROM `gxfc_stat_shop` WHERE  `site_id` = 1  AND `year` = 2022  AND `month` = 11  AND `day` = 09 LIMIT 1 [ RunTime:0.000373s ]
[2022-11-18T09:58:38+08:00][sql] SELECT `id`,`site_id`,`year`,`month`,`day`,`order_total`,`shipping_total`,`refund_total`,`order_pay_count`,`goods_pay_count`,`shop_money`,`platform_money`,`create_time`,`modify_time`,`collect_shop`,`collect_goods`,`visit_count`,`order_count`,`goods_count`,`add_goods_count`,`day_time`,`member_count` FROM `gxfc_stat_shop` WHERE  `site_id` = 1  AND `year` = 2022  AND `month` = 11  AND `day` = 10 LIMIT 1 [ RunTime:0.000368s ]
[2022-11-18T09:58:38+08:00][sql] SELECT `id`,`site_id`,`year`,`month`,`day`,`order_total`,`shipping_total`,`refund_total`,`order_pay_count`,`goods_pay_count`,`shop_money`,`platform_money`,`create_time`,`modify_time`,`collect_shop`,`collect_goods`,`visit_count`,`order_count`,`goods_count`,`add_goods_count`,`day_time`,`member_count` FROM `gxfc_stat_shop` WHERE  `site_id` = 1  AND `year` = 2022  AND `month` = 11  AND `day` = 11 LIMIT 1 [ RunTime:0.000360s ]
[2022-11-18T09:58:38+08:00][sql] SELECT `id`,`site_id`,`year`,`month`,`day`,`order_total`,`shipping_total`,`refund_total`,`order_pay_count`,`goods_pay_count`,`shop_money`,`platform_money`,`create_time`,`modify_time`,`collect_shop`,`collect_goods`,`visit_count`,`order_count`,`goods_count`,`add_goods_count`,`day_time`,`member_count` FROM `gxfc_stat_shop` WHERE  `site_id` = 1  AND `year` = 2022  AND `month` = 11  AND `day` = 12 LIMIT 1 [ RunTime:0.000387s ]
[2022-11-18T09:58:38+08:00][sql] SELECT `id`,`site_id`,`year`,`month`,`day`,`order_total`,`shipping_total`,`refund_total`,`order_pay_count`,`goods_pay_count`,`shop_money`,`platform_money`,`create_time`,`modify_time`,`collect_shop`,`collect_goods`,`visit_count`,`order_count`,`goods_count`,`add_goods_count`,`day_time`,`member_count` FROM `gxfc_stat_shop` WHERE  `site_id` = 1  AND `year` = 2022  AND `month` = 11  AND `day` = 13 LIMIT 1 [ RunTime:0.000364s ]
[2022-11-18T09:58:38+08:00][sql] SELECT `id`,`site_id`,`year`,`month`,`day`,`order_total`,`shipping_total`,`refund_total`,`order_pay_count`,`goods_pay_count`,`shop_money`,`platform_money`,`create_time`,`modify_time`,`collect_shop`,`collect_goods`,`visit_count`,`order_count`,`goods_count`,`add_goods_count`,`day_time`,`member_count` FROM `gxfc_stat_shop` WHERE  `site_id` = 1  AND `year` = 2022  AND `month` = 11  AND `day` = 14 LIMIT 1 [ RunTime:0.000343s ]
[2022-11-18T09:58:38+08:00][sql] SELECT `id`,`site_id`,`year`,`month`,`day`,`order_total`,`shipping_total`,`refund_total`,`order_pay_count`,`goods_pay_count`,`shop_money`,`platform_money`,`create_time`,`modify_time`,`collect_shop`,`collect_goods`,`visit_count`,`order_count`,`goods_count`,`add_goods_count`,`day_time`,`member_count` FROM `gxfc_stat_shop` WHERE  `site_id` = 1  AND `year` = 2022  AND `month` = 11  AND `day` = 15 LIMIT 1 [ RunTime:0.000343s ]
[2022-11-18T09:58:38+08:00][sql] SELECT `id`,`site_id`,`year`,`month`,`day`,`order_total`,`shipping_total`,`refund_total`,`order_pay_count`,`goods_pay_count`,`shop_money`,`platform_money`,`create_time`,`modify_time`,`collect_shop`,`collect_goods`,`visit_count`,`order_count`,`goods_count`,`add_goods_count`,`day_time`,`member_count` FROM `gxfc_stat_shop` WHERE  `site_id` = 1  AND `year` = 2022  AND `month` = 11  AND `day` = 16 LIMIT 1 [ RunTime:0.000343s ]
[2022-11-18T09:58:38+08:00][sql] SELECT `id`,`site_id`,`year`,`month`,`day`,`order_total`,`shipping_total`,`refund_total`,`order_pay_count`,`goods_pay_count`,`shop_money`,`platform_money`,`create_time`,`modify_time`,`collect_shop`,`collect_goods`,`visit_count`,`order_count`,`goods_count`,`add_goods_count`,`day_time`,`member_count` FROM `gxfc_stat_shop` WHERE  `site_id` = 1  AND `year` = 2022  AND `month` = 11  AND `day` = 17 LIMIT 1 [ RunTime:0.000370s ]
[2022-11-18T09:58:38+08:00][sql] SELECT `id`,`site_id`,`year`,`month`,`day`,`order_total`,`shipping_total`,`refund_total`,`order_pay_count`,`goods_pay_count`,`shop_money`,`platform_money`,`create_time`,`modify_time`,`collect_shop`,`collect_goods`,`visit_count`,`order_count`,`goods_count`,`add_goods_count`,`day_time`,`member_count` FROM `gxfc_stat_shop` WHERE  `site_id` = 1  AND `year` = 2022  AND `month` = 11  AND `day` = 18 LIMIT 1 [ RunTime:0.000348s ]
[2022-11-18T09:58:38+08:00][sql] SELECT SUM(order_total) as order_total,SUM(shipping_total) as shipping_total,SUM(refund_total) as refund_total,SUM(order_pay_count) as order_pay_count,SUM(goods_pay_count) as goods_pay_count,SUM(shop_money) as shop_money,SUM(platform_money) as platform_money,SUM(collect_shop) as collect_shop,SUM(collect_goods) as collect_goods,SUM(visit_count) as visit_count,SUM(order_count) as order_count,SUM(goods_count) as goods_count,SUM(add_goods_count) as add_goods_count,SUM(member_count) as member_count FROM `gxfc_stat_shop` WHERE  `site_id` = 1 LIMIT 1 [ RunTime:0.000915s ]
[2022-11-18T09:58:38+08:00][sql] SHOW FULL COLUMNS FROM `gxfc_goods` [ RunTime:0.000917s ]
[2022-11-18T09:58:38+08:00][sql] SELECT COUNT(*) AS think_count FROM `gxfc_goods` WHERE  `site_id` = 1 [ RunTime:0.000259s ]
[2022-11-18T09:58:38+08:00][sql] SELECT `addon_array` FROM `gxfc_shop_group` WHERE  `group_id` = 1 LIMIT 1 [ RunTime:0.000223s ]
[2022-11-18T09:58:38+08:00][sql] SHOW FULL COLUMNS FROM `gxfc_order` [ RunTime:0.000959s ]
[2022-11-18T09:58:38+08:00][sql] SELECT COUNT(*) AS think_count FROM `gxfc_order` WHERE  `order_status` = 0  AND `site_id` = 1  AND `is_delete` = 0 [ RunTime:0.000283s ]
[2022-11-18T09:58:38+08:00][sql] SELECT COUNT(*) AS think_count FROM `gxfc_order` WHERE  `order_status` = 1  AND `site_id` = 1  AND `is_delete` = 0 [ RunTime:0.000262s ]
[2022-11-18T09:58:38+08:00][sql] SHOW FULL COLUMNS FROM `gxfc_order_goods` [ RunTime:0.000659s ]
[2022-11-18T09:58:38+08:00][sql] SELECT COUNT(*) AS think_count FROM `gxfc_order_goods` WHERE  `site_id` = 1  AND `refund_status` NOT IN (0,3) [ RunTime:0.000885s ]
[2022-11-18T09:58:38+08:00][sql] select count(goods_id) as num from gxfc_goods where goods_stock_alarm >= goods_stock and goods_stock_alarm > 0 and is_delete = 0 and goods_state = 1 and site_id = 1 [ RunTime:0.000312s ]
[2022-11-18T09:58:38+08:00][sql] SELECT COUNT(*) AS think_count FROM `gxfc_goods` WHERE  `goods_state` = 1  AND `site_id` = 1  AND `is_delete` = 0 [ RunTime:0.000307s ]
[2022-11-18T09:58:38+08:00][sql] SELECT COUNT(*) AS think_count FROM `gxfc_goods` WHERE  `verify_state` = 0  AND `site_id` = 1  AND `is_delete` = 0 [ RunTime:0.000295s ]
[2022-11-18T09:58:38+08:00][sql] SELECT COUNT(*) AS think_count FROM `gxfc_goods` WHERE  `verify_state` = 10  AND `site_id` = 1  AND `is_delete` = 0 [ RunTime:0.000352s ]
[2022-11-18T09:58:38+08:00][sql] SHOW FULL COLUMNS FROM `gxfc_help` [ RunTime:0.000704s ]
[2022-11-18T09:58:38+08:00][sql] SELECT COUNT(*) AS think_count FROM `gxfc_help` `a` WHERE  `app_module` = 'shop' ORDER BY `create_time` DESC [ RunTime:0.000347s ]
[2022-11-18T09:58:38+08:00][sql] SELECT `id`,`title`,`content`,`class_id`,`class_name`,`sort`,`link_address`,`create_time` FROM `gxfc_help` `a` WHERE  `app_module` = 'shop' ORDER BY `create_time` DESC LIMIT 0,5 [ RunTime:0.000319s ]
[2022-11-18T09:58:38+08:00][sql] SELECT `group_id`,`is_own`,`group_name`,`fee`,`remark` FROM `gxfc_shop_group` WHERE  `is_own` = 0 ORDER BY `is_own` ASC,`fee` ASC [ RunTime:0.000300s ]
[2022-11-18T09:58:38+08:00][sql] SHOW FULL COLUMNS FROM `gxfc_notice` [ RunTime:0.000626s ]
[2022-11-18T09:58:38+08:00][sql] SELECT COUNT(*) AS think_count FROM `gxfc_notice` `a` WHERE  `receiving_type` LIKE '%shop%' ORDER BY `is_top` DESC,`create_time` DESC [ RunTime:0.000268s ]
[2022-11-18T09:58:38+08:00][sql] SELECT `id`,`title` FROM `gxfc_notice` `a` WHERE  `receiving_type` LIKE '%shop%' ORDER BY `is_top` DESC,`create_time` DESC LIMIT 0,5 [ RunTime:0.000258s ]
[2022-11-18T09:58:40+08:00][sql] CONNECT:[ UseTime:0.000455s ] mysql:host=127.0.0.1;port=3306;dbname=hunqin;charset=utf8
[2022-11-18T09:58:40+08:00][sql] SHOW FULL COLUMNS FROM `gxfc_shop` [ RunTime:0.000913s ]
[2022-11-18T09:58:40+08:00][sql] SELECT `website_id`,`site_name`,`logo`,`is_own`,`level_id`,`category_id`,`group_id`,`seo_keywords`,`seo_description`,`expire_time`,`shop_status` FROM `gxfc_shop` WHERE  `site_id` = 1 LIMIT 1 [ RunTime:0.000438s ]
[2022-11-18T09:58:40+08:00][sql] SHOW FULL COLUMNS FROM `gxfc_menu` [ RunTime:0.000882s ]
[2022-11-18T09:58:40+08:00][sql] SELECT `id`,`app_module`,`name`,`title`,`parent`,`level`,`url`,`is_show`,`sort`,`desc`,`picture`,`is_icon`,`picture_select`,`is_control`,`addon` FROM `gxfc_menu` WHERE  `url` = 'shop/Shop/config'  AND `app_module` = 'shop' ORDER BY `level` DESC LIMIT 1 [ RunTime:0.000478s ]
[2022-11-18T09:58:40+08:00][sql] SELECT `id`,`app_module`,`name`,`title`,`parent`,`level`,`url`,`is_show`,`sort`,`desc`,`picture`,`is_icon`,`picture_select`,`is_control`,`addon` FROM `gxfc_menu` WHERE  `name` = 'SHOP_CONFIG'  AND `app_module` = 'shop' LIMIT 1 [ RunTime:0.000436s ]
[2022-11-18T09:58:40+08:00][sql] SELECT `id`,`app_module`,`name`,`title`,`parent`,`level`,`url`,`is_show`,`sort`,`desc`,`picture`,`is_icon`,`picture_select`,`is_control`,`addon` FROM `gxfc_menu` WHERE  `name` = 'SHOP_MANAGE'  AND `app_module` = 'shop' LIMIT 1 [ RunTime:0.000369s ]
[2022-11-18T09:58:40+08:00][sql] SELECT `id`,`app_module`,`name`,`title`,`parent`,`level`,`url`,`is_show`,`sort`,`desc`,`picture`,`is_icon`,`picture_select`,`is_control`,`addon` FROM `gxfc_menu` WHERE  `name` = 'SHOP_ROOT'  AND `app_module` = 'shop' LIMIT 1 [ RunTime:0.000336s ]
[2022-11-18T09:58:40+08:00][sql] SELECT * FROM `gxfc_shop` WHERE  `site_id` = 1 LIMIT 1 [ RunTime:0.000618s ]
[2022-11-18T09:58:43+08:00][sql] CONNECT:[ UseTime:0.000463s ] mysql:host=127.0.0.1;port=3306;dbname=hunqin;charset=utf8
[2022-11-18T09:58:43+08:00][sql] SHOW FULL COLUMNS FROM `gxfc_shop` [ RunTime:0.000993s ]
[2022-11-18T09:58:43+08:00][sql] SELECT `website_id`,`site_name`,`logo`,`is_own`,`level_id`,`category_id`,`group_id`,`seo_keywords`,`seo_description`,`expire_time`,`shop_status` FROM `gxfc_shop` WHERE  `site_id` = 1 LIMIT 1 [ RunTime:0.000410s ]
[2022-11-18T09:58:43+08:00][sql] SHOW FULL COLUMNS FROM `gxfc_menu` [ RunTime:0.000640s ]
[2022-11-18T09:58:43+08:00][sql] SELECT `id`,`app_module`,`name`,`title`,`parent`,`level`,`url`,`is_show`,`sort`,`desc`,`picture`,`is_icon`,`picture_select`,`is_control`,`addon` FROM `gxfc_menu` WHERE  `url` = 'shop/Goods/lists'  AND `app_module` = 'shop' ORDER BY `level` DESC LIMIT 1 [ RunTime:0.000491s ]
[2022-11-18T09:58:43+08:00][sql] SELECT `id`,`app_module`,`name`,`title`,`parent`,`level`,`url`,`is_show`,`sort`,`desc`,`picture`,`is_icon`,`picture_select`,`is_control`,`addon` FROM `gxfc_menu` WHERE  `name` = 'GOODS_MANAGE'  AND `app_module` = 'shop' LIMIT 1 [ RunTime:0.000390s ]
[2022-11-18T09:58:43+08:00][sql] SELECT `id`,`app_module`,`name`,`title`,`parent`,`level`,`url`,`is_show`,`sort`,`desc`,`picture`,`is_icon`,`picture_select`,`is_control`,`addon` FROM `gxfc_menu` WHERE  `name` = 'GOODS_ROOT'  AND `app_module` = 'shop' LIMIT 1 [ RunTime:0.000399s ]
[2022-11-18T09:58:43+08:00][sql] SHOW FULL COLUMNS FROM `gxfc_goods` [ RunTime:0.000797s ]
[2022-11-18T09:58:43+08:00][sql] SELECT COUNT(*) AS think_count FROM `gxfc_goods` WHERE  `verify_state` = 0  AND `is_delete` = 0  AND `site_id` = 1 [ RunTime:0.000308s ]
[2022-11-18T09:58:43+08:00][sql] SELECT COUNT(*) AS think_count FROM `gxfc_goods` WHERE  `verify_state` = -2  AND `is_delete` = 0  AND `site_id` = 1 [ RunTime:0.000272s ]
[2022-11-18T09:58:43+08:00][sql] SELECT COUNT(*) AS think_count FROM `gxfc_goods` WHERE  `verify_state` = 10  AND `is_delete` = 0  AND `site_id` = 1 [ RunTime:0.000263s ]
[2022-11-18T09:58:43+08:00][sql] SHOW FULL COLUMNS FROM `gxfc_goods_shop_category` [ RunTime:0.000501s ]
[2022-11-18T09:58:43+08:00][sql] SELECT `category_id`,`category_name`,`pid`,`level` FROM `gxfc_goods_shop_category` WHERE  `site_id` = 1 ORDER BY `sort` ASC [ RunTime:0.000258s ]
[2022-11-18T09:58:43+08:00][sql] SHOW FULL COLUMNS FROM `gxfc_express_template` [ RunTime:0.000524s ]
[2022-11-18T09:58:43+08:00][sql] SELECT `template_id`,`template_name` FROM `gxfc_express_template` WHERE  `site_id` = 1 ORDER BY `is_default` DESC [ RunTime:0.000230s ]
[2022-11-18T09:58:43+08:00][sql] SHOW FULL COLUMNS FROM `gxfc_goods_category` [ RunTime:0.000502s ]
[2022-11-18T09:58:43+08:00][sql] SELECT `category_id`,`category_name`,`short_name`,`pid`,`level`,`is_show`,`sort`,`image`,`attr_class_name`,`category_id_1`,`category_id_2`,`category_id_3`,`commission_rate`,`supply_commission_rate` FROM `gxfc_goods_category` ORDER BY `sort` ASC [ RunTime:0.000333s ]
[2022-11-18T09:58:43+08:00][sql] CONNECT:[ UseTime:0.000504s ] mysql:host=127.0.0.1;port=3306;dbname=hunqin;charset=utf8
[2022-11-18T09:58:43+08:00][sql] SHOW FULL COLUMNS FROM `gxfc_shop` [ RunTime:0.000979s ]
[2022-11-18T09:58:43+08:00][sql] SELECT `website_id`,`site_name`,`logo`,`is_own`,`level_id`,`category_id`,`group_id`,`seo_keywords`,`seo_description`,`expire_time`,`shop_status` FROM `gxfc_shop` WHERE  `site_id` = 1 LIMIT 1 [ RunTime:0.000393s ]
[2022-11-18T09:58:43+08:00][sql] SHOW FULL COLUMNS FROM `gxfc_goods` [ RunTime:0.000862s ]
[2022-11-18T09:58:43+08:00][sql] SELECT COUNT(*) AS think_count FROM `gxfc_goods` WHERE  `verify_state` = 0  AND `is_delete` = 0  AND `site_id` = 1 [ RunTime:0.000386s ]
[2022-11-18T09:58:43+08:00][sql] SELECT COUNT(*) AS think_count FROM `gxfc_goods` WHERE  `verify_state` = -2  AND `is_delete` = 0  AND `site_id` = 1 [ RunTime:0.000331s ]
[2022-11-18T09:58:43+08:00][sql] SELECT COUNT(*) AS think_count FROM `gxfc_goods` WHERE  `verify_state` = 10  AND `is_delete` = 0  AND `site_id` = 1 [ RunTime:0.000327s ]
[2022-11-18T09:58:43+08:00][sql] CONNECT:[ UseTime:0.000316s ] mysql:host=127.0.0.1;port=3306;dbname=hunqin;charset=utf8
[2022-11-18T09:58:43+08:00][sql] SHOW FULL COLUMNS FROM `gxfc_shop` [ RunTime:0.000982s ]
[2022-11-18T09:58:43+08:00][sql] SELECT `website_id`,`site_name`,`logo`,`is_own`,`level_id`,`category_id`,`group_id`,`seo_keywords`,`seo_description`,`expire_time`,`shop_status` FROM `gxfc_shop` WHERE  `site_id` = 1 LIMIT 1 [ RunTime:0.000339s ]
[2022-11-18T09:58:43+08:00][sql] SHOW FULL COLUMNS FROM `gxfc_goods` [ RunTime:0.000723s ]
[2022-11-18T09:58:43+08:00][sql] SELECT COUNT(*) AS think_count FROM `gxfc_goods` `` WHERE  `is_delete` = 0  AND `site_id` = 1 ORDER BY `create_time` DESC [ RunTime:0.000319s ]
[2022-11-18T09:58:43+08:00][sql] SELECT `goods_id`,`goods_name`,`site_id`,`site_name`,`goods_image`,`is_own`,`goods_state`,`verify_state`,`price`,`goods_stock`,`goods_stock_alarm`,`create_time`,`sale_num`,`is_virtual`,`goods_class`,`is_fenxiao`,`fenxiao_type`,`sku_id`,`max_buy`,`min_buy`,`promotion_addon`,`sort` FROM `gxfc_goods` `` WHERE  `is_delete` = 0  AND `site_id` = 1 ORDER BY `create_time` DESC LIMIT 0,10 [ RunTime:0.000418s ]
[2022-11-18T09:58:47+08:00][sql] CONNECT:[ UseTime:0.000454s ] mysql:host=127.0.0.1;port=3306;dbname=hunqin;charset=utf8
[2022-11-18T09:58:47+08:00][sql] SHOW FULL COLUMNS FROM `gxfc_shop` [ RunTime:0.000882s ]
[2022-11-18T09:58:47+08:00][sql] SELECT `website_id`,`site_name`,`logo`,`is_own`,`level_id`,`category_id`,`group_id`,`seo_keywords`,`seo_description`,`expire_time`,`shop_status` FROM `gxfc_shop` WHERE  `site_id` = 1 LIMIT 1 [ RunTime:0.000402s ]
[2022-11-18T09:58:47+08:00][sql] SHOW FULL COLUMNS FROM `gxfc_menu` [ RunTime:0.000700s ]
[2022-11-18T09:58:47+08:00][sql] SELECT `id`,`app_module`,`name`,`title`,`parent`,`level`,`url`,`is_show`,`sort`,`desc`,`picture`,`is_icon`,`picture_select`,`is_control`,`addon` FROM `gxfc_menu` WHERE  `url` = 'shop/Virtualgoods/editgoods'  AND `app_module` = 'shop' ORDER BY `level` DESC LIMIT 1 [ RunTime:0.000457s ]
[2022-11-18T09:58:47+08:00][sql] SELECT `id`,`app_module`,`name`,`title`,`parent`,`level`,`url`,`is_show`,`sort`,`desc`,`picture`,`is_icon`,`picture_select`,`is_control`,`addon` FROM `gxfc_menu` WHERE  `name` = 'VIRTUAL_GOODS_EDIT'  AND `app_module` = 'shop' LIMIT 1 [ RunTime:0.000406s ]
[2022-11-18T09:58:47+08:00][sql] SHOW FULL COLUMNS FROM `gxfc_goods` [ RunTime:0.000882s ]
[2022-11-18T09:58:47+08:00][sql] SELECT * FROM `gxfc_goods` WHERE  `goods_id` = 191  AND `site_id` = 1 LIMIT 1 [ RunTime:0.000506s ]
[2022-11-18T09:58:47+08:00][sql] SHOW FULL COLUMNS FROM `gxfc_goods_category` [ RunTime:0.000476s ]
[2022-11-18T09:58:47+08:00][sql] SELECT `category_name` FROM `gxfc_goods_category` WHERE  `category_id` IN (36,37) [ RunTime:0.000249s ]
[2022-11-18T09:58:47+08:00][sql] SHOW FULL COLUMNS FROM `gxfc_goods_sku` [ RunTime:0.000666s ]
[2022-11-18T09:58:47+08:00][sql] SELECT `sku_id`,`sku_name`,`sku_no`,`sku_spec_format`,`price`,`market_price`,`cost_price`,`stock`,`virtual_indate`,`sku_image`,`sku_images`,`goods_spec_format`,`spec_name`,`stock_alarm`,`is_default`,`is_lease`,`cash_pledge` FROM `gxfc_goods_sku` WHERE  `goods_id` = 191  AND `site_id` = 1 [ RunTime:0.000372s ]
[2022-11-18T09:58:47+08:00][sql] SELECT `category_id`,`category_name`,`level`,`commission_rate` FROM `gxfc_goods_category` WHERE  `pid` = 0 ORDER BY `sort` ASC [ RunTime:0.000329s ]
[2022-11-18T09:58:47+08:00][sql] SHOW FULL COLUMNS FROM `gxfc_goods_brand` [ RunTime:0.000605s ]
[2022-11-18T09:58:47+08:00][sql] SELECT `brand_id`,`brand_name` FROM `gxfc_goods_brand` WHERE  `site_id` IN (0,1) [ RunTime:0.000255s ]
[2022-11-18T09:58:47+08:00][sql] SHOW FULL COLUMNS FROM `gxfc_goods_shop_category` [ RunTime:0.000527s ]
[2022-11-18T09:58:47+08:00][sql] SELECT `category_id`,`category_name`,`pid`,`level` FROM `gxfc_goods_shop_category` WHERE  `site_id` = 1 ORDER BY `sort` ASC [ RunTime:0.000277s ]
[2022-11-18T09:58:47+08:00][sql] SHOW FULL COLUMNS FROM `gxfc_goods_attr_class` [ RunTime:0.000550s ]
[2022-11-18T09:58:47+08:00][sql] SELECT `class_id`,`class_name` FROM `gxfc_goods_attr_class` WHERE  `site_id` IN (0,1) ORDER BY `class_id` DESC [ RunTime:0.000232s ]
[2022-11-18T09:58:47+08:00][sql] SHOW FULL COLUMNS FROM `gxfc_supplier` [ RunTime:0.000697s ]
[2022-11-18T09:58:47+08:00][sql] SELECT COUNT(*) AS think_count FROM `gxfc_supplier` `a` ORDER BY `supplier_id` DESC [ RunTime:0.000211s ]
[2022-11-18T09:58:47+08:00][sql] SELECT `supplier_id`,`title`,`supplier_site_id` FROM `gxfc_supplier` `a` ORDER BY `supplier_id` DESC LIMIT 0,10 [ RunTime:0.000250s ]
[2022-11-18T09:58:47+08:00][sql] CONNECT:[ UseTime:0.000435s ] mysql:host=127.0.0.1;port=3306;dbname=hunqin;charset=utf8
[2022-11-18T09:58:47+08:00][sql] SHOW FULL COLUMNS FROM `gxfc_shop` [ RunTime:0.001100s ]
[2022-11-18T09:58:47+08:00][sql] SELECT `website_id`,`site_name`,`logo`,`is_own`,`level_id`,`category_id`,`group_id`,`seo_keywords`,`seo_description`,`expire_time`,`shop_status` FROM `gxfc_shop` WHERE  `site_id` = 1 LIMIT 1 [ RunTime:0.000404s ]
[2022-11-18T09:58:47+08:00][sql] SELECT `group_id` FROM `gxfc_shop` WHERE  `site_id` = 1 LIMIT 1 [ RunTime:0.000318s ]
[2022-11-18T09:58:47+08:00][sql] SHOW FULL COLUMNS FROM `gxfc_goods_category` [ RunTime:0.000617s ]
[2022-11-18T09:58:47+08:00][sql] SELECT `category_id`,`category_name`,`pid`,`level`,`category_id_1`,`category_id_2`,`category_id_3` FROM `gxfc_goods_category` WHERE  `level` = 1  AND `category_id` IN (31,36)  AND `is_jifen` = 0 ORDER BY `sort` ASC [ RunTime:0.000421s ]
[2022-11-18T09:58:47+08:00][sql] SELECT COUNT(*) AS think_count FROM `gxfc_goods_category` WHERE  `pid` = 31 [ RunTime:0.000296s ]
[2022-11-18T09:58:47+08:00][sql] SELECT COUNT(*) AS think_count FROM `gxfc_goods_category` WHERE  `pid` = 36 [ RunTime:0.000276s ]
[2022-11-18T09:58:51+08:00][sql] CONNECT:[ UseTime:0.000474s ] mysql:host=127.0.0.1;port=3306;dbname=hunqin;charset=utf8
[2022-11-18T09:58:51+08:00][sql] SHOW FULL COLUMNS FROM `gxfc_shop` [ RunTime:0.000985s ]
[2022-11-18T09:58:51+08:00][sql] SELECT `website_id`,`site_name`,`logo`,`is_own`,`level_id`,`category_id`,`group_id`,`seo_keywords`,`seo_description`,`expire_time`,`shop_status` FROM `gxfc_shop` WHERE  `site_id` = 1 LIMIT 1 [ RunTime:0.000419s ]
[2022-11-18T09:58:51+08:00][sql] SHOW FULL COLUMNS FROM `gxfc_goods_attribute` [ RunTime:0.000777s ]
[2022-11-18T09:58:51+08:00][sql] SELECT `attr_id`,`attr_name`,`attr_class_name` FROM `gxfc_goods_attribute` WHERE  `is_spec` = 1  AND `site_id` IN (0,1)  AND `attr_id` NOT IN (-239,-617) ORDER BY `attr_id` DESC LIMIT 50 [ RunTime:0.000430s ]
[2022-11-18T09:59:15+08:00][sql] CONNECT:[ UseTime:0.000437s ] mysql:host=127.0.0.1;port=3306;dbname=hunqin;charset=utf8
[2022-11-18T09:59:15+08:00][sql] SHOW FULL COLUMNS FROM `gxfc_shop` [ RunTime:0.001358s ]
[2022-11-18T09:59:15+08:00][sql] SELECT `website_id`,`site_name`,`logo`,`is_own`,`level_id`,`category_id`,`group_id`,`seo_keywords`,`seo_description`,`expire_time`,`shop_status` FROM `gxfc_shop` WHERE  `site_id` = 1 LIMIT 1 [ RunTime:0.000405s ]
[2022-11-18T09:59:15+08:00][sql] SELECT `site_name`,`website_id`,`is_own`,`cert_id`,`shop_status` FROM `gxfc_shop` WHERE  `site_id` = 1 LIMIT 1 [ RunTime:0.000254s ]
[2022-11-18T09:59:15+08:00][sql] SHOW FULL COLUMNS FROM `gxfc_config` [ RunTime:0.000495s ]
[2022-11-18T09:59:15+08:00][sql] SELECT `site_id`,`app_module`,`config_key`,`value`,`config_desc`,`is_use`,`create_time`,`modify_time` FROM `gxfc_config` WHERE  `site_id` = 0  AND `app_module` = 'shop'  AND `config_key` = 'GOODS_VERIFY_CONFIG' LIMIT 1 [ RunTime:0.000329s ]
[2022-11-18T09:59:15+08:00][sql] SHOW FULL COLUMNS FROM `gxfc_goods_category` [ RunTime:0.000995s ]
[2022-11-18T09:59:15+08:00][sql] SELECT `commission_rate`,`category_full_name` FROM `gxfc_goods_category` WHERE  `category_id` = 36,37 LIMIT 1 [ RunTime:0.000330s ]
[2022-11-18T09:59:15+08:00][sql] SHOW FULL COLUMNS FROM `gxfc_goods` [ RunTime:0.000922s ]
[2022-11-18T09:59:15+08:00][sql] UPDATE `gxfc_goods`  SET `goods_image` = 'upload/1/common/images/20221117/20221117032025166866962578849.png,upload/1/common/images/20220706/20220706112446165707788631760.jpg' , `goods_stock` = 283 , `price` = '0.01' , `market_price` = '100.00' , `cost_price` = '100.00' , `goods_spec_format` = '[{\"spec_id\":-239,\"spec_name\":\"天数\",\"value\":[{\"spec_id\":-239,\"spec_name\":\"天数\",\"spec_value_id\":-963,\"spec_value_name\":\"1天\",\"image\":\"\"},{\"spec_id\":-239,\"spec_name\":\"天数\",\"spec_value_id\":-479,\"spec_value_name\":\"2天\",\"image\":\"\"},{\"spec_id\":-239,\"spec_name\":\"天数\",\"spec_value_id\":-1069,\"spec_value_name\":\"3\",\"image\":\"\"}]}]' , `category_id` = ',36,37,' , `category_json` = '[\"36,37\"]' , `timer_on` =  , `timer_off` =  , `commission_rate` = '3.00' , `category_name` = '租赁' , `goods_name` = '租宝马' , `goods_class` = 2 , `goods_class_name` = '虚拟商品' , `goods_attr_class` = 0 , `goods_attr_name` = '' , `site_id` = 1 , `goods_content` = '<p>ddddd<br/></p>' , `goods_state` = 1 , `goods_stock_alarm` = 0 , `goods_attr_format` = '[]' , `introduction` = '' , `keywords` = '' , `unit` = '' , `video_url` = '' , `modify_time` = 1668736755 , `max_buy` = 0 , `min_buy` = 0 , `is_own` = 1 , `brand_id` = 0 , `brand_name` = '' , `verify_state` = 0 , `goods_shop_category_ids` = '' , `supplier_id` = 0 , `site_name` = '全民' , `website_id` = 0 , `is_virtual` = 1 , `virtual_indate` = 100 , `wj_off` = 0  WHERE  `goods_id` = 191  AND `goods_class` = 2 [ RunTime:0.000670s ]
[2022-11-18T09:59:15+08:00][sql] SHOW FULL COLUMNS FROM `gxfc_promotion_discount_goods` [ RunTime:0.000805s ]
[2022-11-18T09:59:15+08:00][sql] SELECT * FROM `gxfc_promotion_discount_goods` `pdg` INNER JOIN `gxfc_promotion_discount` `pd` ON `pd`.`discount_id`=`pdg`.`discount_id` WHERE  `pdg`.`sku_id` = '1106'  AND `pd`.`status` = 1 LIMIT 1 [ RunTime:0.000612s ]
[2022-11-18T09:59:15+08:00][sql] SHOW FULL COLUMNS FROM `gxfc_goods_sku` [ RunTime:0.000856s ]
[2022-11-18T09:59:15+08:00][sql] UPDATE `gxfc_goods_sku`  SET `sku_name` = '租宝马 1天' , `spec_name` = '1天' , `sku_no` = '' , `sku_spec_format` = '[{\"spec_id\":-239,\"spec_name\":\"\\u5929\\u6570\",\"spec_value_id\":-963,\"spec_value_name\":\"1\\u5929\",\"image\":\"\"}]' , `price` = '0.01' , `market_price` = '100.00' , `cost_price` = '100.00' , `stock` = 92 , `stock_alarm` = 0 , `sku_image` = 'upload/1/common/images/20221117/20221117032025166866962578849.png' , `sku_images` = '' , `goods_id` = 191 , `is_default` = 0 , `discount_price` = '0.01' , `cash_pledge` = '0.01' , `goods_name` = '租宝马' , `goods_class` = 2 , `goods_class_name` = '虚拟商品' , `goods_attr_class` = 0 , `goods_attr_name` = '' , `site_id` = 1 , `goods_content` = '<p>ddddd<br/></p>' , `goods_state` = 1 , `goods_stock_alarm` = 0 , `goods_attr_format` = '[]' , `introduction` = '' , `keywords` = '' , `unit` = '' , `video_url` = '' , `modify_time` = 1668736755 , `max_buy` = 0 , `min_buy` = 0 , `is_own` = 1 , `brand_id` = 0 , `brand_name` = '' , `verify_state` = 0 , `goods_shop_category_ids` = '' , `supplier_id` = 0 , `site_name` = '全民' , `website_id` = 0 , `is_virtual` = 1 , `virtual_indate` = 100  WHERE  `sku_id` = 1106  AND `goods_class` = 2 [ RunTime:0.000599s ]
[2022-11-18T09:59:15+08:00][sql] SELECT * FROM `gxfc_promotion_discount_goods` `pdg` INNER JOIN `gxfc_promotion_discount` `pd` ON `pd`.`discount_id`=`pdg`.`discount_id` WHERE  `pdg`.`sku_id` = '1107'  AND `pd`.`status` = 1 LIMIT 1 [ RunTime:0.000412s ]
[2022-11-18T09:59:15+08:00][sql] UPDATE `gxfc_goods_sku`  SET `sku_name` = '租宝马 2天' , `spec_name` = '2天' , `sku_no` = '' , `sku_spec_format` = '[{\"spec_id\":-239,\"spec_name\":\"\\u5929\\u6570\",\"spec_value_id\":-479,\"spec_value_name\":\"2\\u5929\",\"image\":\"\"}]' , `price` = '0.02' , `market_price` = '200.00' , `cost_price` = '200.00' , `stock` = 95 , `stock_alarm` = 0 , `sku_image` = 'upload/1/common/images/20221117/20221117032025166866962578849.png' , `sku_images` = '' , `goods_id` = 191 , `is_default` = 0 , `discount_price` = '0.02' , `cash_pledge` = '0.02' , `goods_name` = '租宝马' , `goods_class` = 2 , `goods_class_name` = '虚拟商品' , `goods_attr_class` = 0 , `goods_attr_name` = '' , `site_id` = 1 , `goods_content` = '<p>ddddd<br/></p>' , `goods_state` = 1 , `goods_stock_alarm` = 0 , `goods_attr_format` = '[]' , `introduction` = '' , `keywords` = '' , `unit` = '' , `video_url` = '' , `modify_time` = 1668736755 , `max_buy` = 0 , `min_buy` = 0 , `is_own` = 1 , `brand_id` = 0 , `brand_name` = '' , `verify_state` = 0 , `goods_shop_category_ids` = '' , `supplier_id` = 0 , `site_name` = '全民' , `website_id` = 0 , `is_virtual` = 1 , `virtual_indate` = 100  WHERE  `sku_id` = 1107  AND `goods_class` = 2 [ RunTime:0.000493s ]
[2022-11-18T09:59:15+08:00][sql] INSERT INTO `gxfc_goods_sku` SET `sku_name` = '租宝马 3' , `spec_name` = '3' , `sku_no` = '' , `sku_spec_format` = '[{\"spec_id\":-239,\"spec_name\":\"\\u5929\\u6570\",\"spec_value_id\":-1069,\"spec_value_name\":\"3\",\"image\":\"\"}]' , `price` = '0.03' , `market_price` = '300' , `cost_price` = '300' , `stock` = 96 , `stock_alarm` = 0 , `sku_image` = 'upload/1/common/images/20221117/20221117032025166866962578849.png' , `sku_images` = '' , `goods_id` = 191 , `is_default` = 0 , `discount_price` = '0.03' , `cash_pledge` = '0.03' , `goods_name` = '租宝马' , `goods_class` = 2 , `goods_class_name` = '虚拟商品' , `goods_attr_class` = 0 , `goods_attr_name` = '' , `site_id` = 1 , `goods_content` = '<p>ddddd<br/></p>' , `goods_state` = 1 , `goods_stock_alarm` = 0 , `goods_attr_format` = '[]' , `introduction` = '' , `keywords` = '' , `unit` = '' , `video_url` = '' , `modify_time` = 1668736755 , `max_buy` = 0 , `min_buy` = 0 , `is_own` = 1 , `brand_id` = 0 , `brand_name` = '' , `verify_state` = 0 , `goods_shop_category_ids` = '' , `supplier_id` = 0 , `site_name` = '全民' , `website_id` = 0 , `is_virtual` = 1 , `virtual_indate` = 100 [ RunTime:0.000434s ]
[2022-11-18T09:59:15+08:00][sql] SELECT `sku_id` FROM `gxfc_goods_sku` WHERE  `goods_id` = 191 [ RunTime:0.000271s ]
[2022-11-18T09:59:15+08:00][sql] SELECT `sku_id` FROM `gxfc_goods_sku` WHERE  `goods_id` = 191 ORDER BY `is_default` DESC,`sku_id` ASC LIMIT 1 [ RunTime:0.000291s ]
[2022-11-18T09:59:15+08:00][sql] UPDATE `gxfc_goods`  SET `sku_id` = 1106 , `goods_stock` = 283  WHERE  `goods_id` = 191 [ RunTime:0.000307s ]
[2022-11-18T09:59:15+08:00][sql] SHOW FULL COLUMNS FROM `gxfc_goods_attr_index` [ RunTime:0.000531s ]
[2022-11-18T09:59:15+08:00][sql] DELETE FROM `gxfc_goods_attr_index` WHERE  `goods_id` = 191  AND `app_module` = 'shop' [ RunTime:0.000236s ]
[2022-11-18T09:59:15+08:00][sql] SELECT `sku_id` FROM `gxfc_goods_sku` WHERE  `goods_id` = 191 [ RunTime:0.000273s ]
[2022-11-18T09:59:15+08:00][sql] SELECT `sku_id`,`sku_spec_format` FROM `gxfc_goods_sku` WHERE  `goods_id` = 191  AND `sku_spec_format` <> '' ORDER BY `sku_id` ASC [ RunTime:0.000268s ]
[2022-11-18T09:59:15+08:00][sql] UPDATE `gxfc_goods_sku`  SET `goods_spec_format` = '[{\"spec_id\":-239,\"spec_name\":\"\\u5929\\u6570\",\"value\":[{\"spec_id\":-239,\"spec_name\":\"\\u5929\\u6570\",\"spec_value_id\":-963,\"spec_value_name\":\"1\\u5929\",\"image\":\"\",\"selected\":true,\"sku_id\":1106},{\"spec_id\":-239,\"spec_name\":\"\\u5929\\u6570\",\"spec_value_id\":-479,\"spec_value_name\":\"2\\u5929\",\"image\":\"\",\"selected\":false,\"sku_id\":1107},{\"spec_id\":-239,\"spec_name\":\"\\u5929\\u6570\",\"spec_value_id\":-1069,\"spec_value_name\":\"3\",\"image\":\"\",\"selected\":false,\"sku_id\":1117}]}]'  WHERE  `sku_id` = 1106 [ RunTime:0.000291s ]
[2022-11-18T09:59:15+08:00][sql] UPDATE `gxfc_goods_sku`  SET `goods_spec_format` = '[{\"spec_id\":-239,\"spec_name\":\"\\u5929\\u6570\",\"value\":[{\"spec_id\":-239,\"spec_name\":\"\\u5929\\u6570\",\"spec_value_id\":-963,\"spec_value_name\":\"1\\u5929\",\"image\":\"\",\"selected\":false,\"sku_id\":1106},{\"spec_id\":-239,\"spec_name\":\"\\u5929\\u6570\",\"spec_value_id\":-479,\"spec_value_name\":\"2\\u5929\",\"image\":\"\",\"selected\":true,\"sku_id\":1107},{\"spec_id\":-239,\"spec_name\":\"\\u5929\\u6570\",\"spec_value_id\":-1069,\"spec_value_name\":\"3\",\"image\":\"\",\"selected\":false,\"sku_id\":1117}]}]'  WHERE  `sku_id` = 1107 [ RunTime:0.000252s ]
[2022-11-18T09:59:15+08:00][sql] UPDATE `gxfc_goods_sku`  SET `goods_spec_format` = '[{\"spec_id\":-239,\"spec_name\":\"\\u5929\\u6570\",\"value\":[{\"spec_id\":-239,\"spec_name\":\"\\u5929\\u6570\",\"spec_value_id\":-963,\"spec_value_name\":\"1\\u5929\",\"image\":\"\",\"selected\":false,\"sku_id\":1106},{\"spec_id\":-239,\"spec_name\":\"\\u5929\\u6570\",\"spec_value_id\":-479,\"spec_value_name\":\"2\\u5929\",\"image\":\"\",\"selected\":false,\"sku_id\":1107},{\"spec_id\":-239,\"spec_name\":\"\\u5929\\u6570\",\"spec_value_id\":-1069,\"spec_value_name\":\"3\",\"image\":\"\",\"selected\":true,\"sku_id\":1117}]}]'  WHERE  `sku_id` = 1117 [ RunTime:0.000280s ]
[2022-11-18T09:59:15+08:00][sql] CONNECT:[ UseTime:0.000418s ] mysql:host=127.0.0.1;port=3306;dbname=hunqin;charset=utf8
[2022-11-18T09:59:15+08:00][sql] SHOW FULL COLUMNS FROM `gxfc_shop` [ RunTime:0.000964s ]
[2022-11-18T09:59:15+08:00][sql] SELECT `website_id`,`site_name`,`logo`,`is_own`,`level_id`,`category_id`,`group_id`,`seo_keywords`,`seo_description`,`expire_time`,`shop_status` FROM `gxfc_shop` WHERE  `site_id` = 1 LIMIT 1 [ RunTime:0.000396s ]
[2022-11-18T09:59:15+08:00][sql] SHOW FULL COLUMNS FROM `gxfc_goods` [ RunTime:0.000983s ]
[2022-11-18T09:59:15+08:00][sql] SELECT COUNT(*) AS think_count FROM `gxfc_goods` WHERE  `verify_state` = 0  AND `is_delete` = 0  AND `site_id` = 1 [ RunTime:0.000404s ]
[2022-11-18T09:59:15+08:00][sql] SELECT COUNT(*) AS think_count FROM `gxfc_goods` WHERE  `verify_state` = -2  AND `is_delete` = 0  AND `site_id` = 1 [ RunTime:0.000346s ]
[2022-11-18T09:59:15+08:00][sql] SELECT COUNT(*) AS think_count FROM `gxfc_goods` WHERE  `verify_state` = 10  AND `is_delete` = 0  AND `site_id` = 1 [ RunTime:0.000375s ]
[2022-11-18T09:59:15+08:00][sql] SHOW FULL COLUMNS FROM `gxfc_goods_shop_category` [ RunTime:0.000611s ]
[2022-11-18T09:59:15+08:00][sql] SELECT `category_id`,`category_name`,`pid`,`level` FROM `gxfc_goods_shop_category` WHERE  `site_id` = 1 ORDER BY `sort` ASC [ RunTime:0.000262s ]
[2022-11-18T09:59:15+08:00][sql] SHOW FULL COLUMNS FROM `gxfc_express_template` [ RunTime:0.000574s ]
[2022-11-18T09:59:15+08:00][sql] SELECT `template_id`,`template_name` FROM `gxfc_express_template` WHERE  `site_id` = 1 ORDER BY `is_default` DESC [ RunTime:0.000284s ]
[2022-11-18T09:59:16+08:00][sql] CONNECT:[ UseTime:0.000455s ] mysql:host=127.0.0.1;port=3306;dbname=hunqin;charset=utf8
[2022-11-18T09:59:16+08:00][sql] SHOW FULL COLUMNS FROM `gxfc_shop` [ RunTime:0.001270s ]
[2022-11-18T09:59:16+08:00][sql] SELECT `website_id`,`site_name`,`logo`,`is_own`,`level_id`,`category_id`,`group_id`,`seo_keywords`,`seo_description`,`expire_time`,`shop_status` FROM `gxfc_shop` WHERE  `site_id` = 1 LIMIT 1 [ RunTime:0.000449s ]
[2022-11-18T09:59:16+08:00][sql] SHOW FULL COLUMNS FROM `gxfc_goods` [ RunTime:0.001238s ]
[2022-11-18T09:59:16+08:00][sql] SELECT COUNT(*) AS think_count FROM `gxfc_goods` WHERE  `verify_state` = 0  AND `is_delete` = 0  AND `site_id` = 1 [ RunTime:0.000485s ]
[2022-11-18T09:59:16+08:00][sql] SELECT COUNT(*) AS think_count FROM `gxfc_goods` WHERE  `verify_state` = -2  AND `is_delete` = 0  AND `site_id` = 1 [ RunTime:0.000393s ]
[2022-11-18T09:59:16+08:00][sql] SELECT COUNT(*) AS think_count FROM `gxfc_goods` WHERE  `verify_state` = 10  AND `is_delete` = 0  AND `site_id` = 1 [ RunTime:0.000382s ]
[2022-11-18T09:59:16+08:00][sql] CONNECT:[ UseTime:0.000438s ] mysql:host=127.0.0.1;port=3306;dbname=hunqin;charset=utf8
[2022-11-18T09:59:16+08:00][sql] SHOW FULL COLUMNS FROM `gxfc_shop` [ RunTime:0.000956s ]
[2022-11-18T09:59:16+08:00][sql] SELECT `website_id`,`site_name`,`logo`,`is_own`,`level_id`,`category_id`,`group_id`,`seo_keywords`,`seo_description`,`expire_time`,`shop_status` FROM `gxfc_shop` WHERE  `site_id` = 1 LIMIT 1 [ RunTime:0.000356s ]
[2022-11-18T09:59:16+08:00][sql] SHOW FULL COLUMNS FROM `gxfc_goods` [ RunTime:0.000854s ]
[2022-11-18T09:59:16+08:00][sql] SELECT COUNT(*) AS think_count FROM `gxfc_goods` `` WHERE  `is_delete` = 0  AND `site_id` = 1 ORDER BY `create_time` DESC [ RunTime:0.000373s ]
[2022-11-18T09:59:16+08:00][sql] SELECT `goods_id`,`goods_name`,`site_id`,`site_name`,`goods_image`,`is_own`,`goods_state`,`verify_state`,`price`,`goods_stock`,`goods_stock_alarm`,`create_time`,`sale_num`,`is_virtual`,`goods_class`,`is_fenxiao`,`fenxiao_type`,`sku_id`,`max_buy`,`min_buy`,`promotion_addon`,`sort` FROM `gxfc_goods` `` WHERE  `is_delete` = 0  AND `site_id` = 1 ORDER BY `create_time` DESC LIMIT 0,10 [ RunTime:0.000479s ]
[2022-11-18T16:24:26+08:00][sql] CONNECT:[ UseTime:0.000415s ] mysql:host=127.0.0.1;port=3306;dbname=hunqin;charset=utf8
[2022-11-18T16:24:26+08:00][sql] SHOW FULL COLUMNS FROM `gxfc_user` [ RunTime:0.000733s ]
[2022-11-18T16:24:26+08:00][sql] SELECT `uid`,`app_module`,`app_group`,`is_admin`,`site_id`,`group_id`,`group_name`,`username`,`password`,`member_id`,`create_time`,`update_time`,`status`,`login_time`,`login_ip` FROM `gxfc_user` WHERE  `username` = 'hyhl'  AND `app_module` = 'shop' LIMIT 1 [ RunTime:0.000409s ]
[2022-11-18T16:24:33+08:00][sql] CONNECT:[ UseTime:0.000475s ] mysql:host=127.0.0.1;port=3306;dbname=hunqin;charset=utf8
[2022-11-18T16:24:33+08:00][sql] SHOW FULL COLUMNS FROM `gxfc_user` [ RunTime:0.000748s ]
[2022-11-18T16:24:33+08:00][sql] SELECT `uid`,`app_module`,`app_group`,`is_admin`,`site_id`,`group_id`,`group_name`,`username`,`password`,`member_id`,`create_time`,`update_time`,`status`,`login_time`,`login_ip` FROM `gxfc_user` WHERE  `username` = 'admin'  AND `app_module` = 'shop' LIMIT 1 [ RunTime:0.000422s ]
[2022-11-18T16:24:33+08:00][sql] UPDATE `gxfc_user`  SET `login_time` = 1668759873 , `login_ip` = '27.27.160.199'  WHERE  `uid` = 2 [ RunTime:0.007629s ]
[2022-11-18T16:24:33+08:00][sql] SHOW FULL COLUMNS FROM `gxfc_user_log` [ RunTime:0.000564s ]
[2022-11-18T16:24:33+08:00][sql] INSERT INTO `gxfc_user_log` SET `uid` = 2 , `username` = 'admin' , `site_id` = 1 , `url` = 'shop/Login/login' , `ip` = '27.27.160.199' , `data` = '[]' , `action_name` = '用户登录' , `create_time` = 1668759873 [ RunTime:0.006543s ]
[2022-11-18T16:24:34+08:00][sql] CONNECT:[ UseTime:0.000558s ] mysql:host=127.0.0.1;port=3306;dbname=hunqin;charset=utf8
[2022-11-18T16:24:34+08:00][sql] SHOW FULL COLUMNS FROM `gxfc_shop` [ RunTime:0.000983s ]
[2022-11-18T16:24:34+08:00][sql] SELECT `website_id`,`site_name`,`logo`,`is_own`,`level_id`,`category_id`,`group_id`,`seo_keywords`,`seo_description`,`expire_time`,`shop_status` FROM `gxfc_shop` WHERE  `site_id` = 1 LIMIT 1 [ RunTime:0.000460s ]
[2022-11-18T16:24:34+08:00][sql] SELECT `site_id`,`expire_time`,`site_name`,`username`,`website_id`,`cert_id`,`is_own`,`level_id`,`level_name`,`category_id`,`category_name`,`group_id`,`group_name`,`member_id`,`member_name`,`shop_status`,`close_info`,`sort`,`start_time`,`end_time`,`logo`,`avatar`,`banner`,`seo_keywords`,`seo_description`,`qq`,`ww`,`telephone`,`is_recommend`,`shop_desccredit`,`shop_servicecredit`,`shop_deliverycredit`,`workingtime`,`shop_baozh`,`shop_baozhopen`,`shop_baozhrmb`,`shop_qtian`,`shop_zhping`,`shop_erxiaoshi`,`shop_tuihuo`,`shop_shiyong`,`shop_shiti`,`shop_xiaoxie`,`shop_free_time`,`shop_sales`,`shop_adv`,`account`,`account_withdraw`,`work_week`,`province`,`province_name`,`city`,`city_name`,`district`,`district_name`,`community`,`community_name`,`address`,`full_address`,`longitude`,`latitude`,`sub_num` FROM `gxfc_shop` WHERE  `site_id` = 1 LIMIT 1 [ RunTime:0.000804s ]
[2022-11-18T16:24:34+08:00][sql] SHOW FULL COLUMNS FROM `gxfc_shop_reopen` [ RunTime:0.000897s ]
[2022-11-18T16:24:34+08:00][sql] SELECT `sr`.*,`s`.`site_name` FROM `gxfc_shop_reopen` `sr` LEFT JOIN `gxfc_shop` `s` ON `s`.`site_id`=`sr`.`site_id` WHERE  `sr`.`site_id` = 1  AND `sr`.`apply_state` IN (1,-1) LIMIT 1 [ RunTime:0.000482s ]
[2022-11-18T16:24:34+08:00][sql] SHOW FULL COLUMNS FROM `gxfc_user` [ RunTime:0.000566s ]
[2022-11-18T16:24:34+08:00][sql] SELECT `username`,`group_name`,`login_time` FROM `gxfc_user` WHERE  `uid` = 2 LIMIT 1 [ RunTime:0.000327s ]
[2022-11-18T16:24:34+08:00][sql] SHOW FULL COLUMNS FROM `gxfc_stat_shop` [ RunTime:0.000772s ]
[2022-11-18T16:24:34+08:00][sql] SELECT `id`,`site_id`,`year`,`month`,`day`,`order_total`,`shipping_total`,`refund_total`,`order_pay_count`,`goods_pay_count`,`shop_money`,`platform_money`,`create_time`,`modify_time`,`collect_shop`,`collect_goods`,`visit_count`,`order_count`,`goods_count`,`add_goods_count`,`day_time`,`member_count` FROM `gxfc_stat_shop` WHERE  `site_id` = 1  AND `year` = 2022  AND `month` = 11  AND `day` = 18 LIMIT 1 [ RunTime:0.000403s ]
[2022-11-18T16:24:34+08:00][sql] SELECT `id`,`site_id`,`year`,`month`,`day`,`order_total`,`shipping_total`,`refund_total`,`order_pay_count`,`goods_pay_count`,`shop_money`,`platform_money`,`create_time`,`modify_time`,`collect_shop`,`collect_goods`,`visit_count`,`order_count`,`goods_count`,`add_goods_count`,`day_time`,`member_count` FROM `gxfc_stat_shop` WHERE  `site_id` = 1  AND `year` = 2022  AND `month` = 11  AND `day` = 17 LIMIT 1 [ RunTime:0.000404s ]
[2022-11-18T16:24:34+08:00][sql] SELECT `id`,`site_id`,`year`,`month`,`day`,`order_total`,`shipping_total`,`refund_total`,`order_pay_count`,`goods_pay_count`,`shop_money`,`platform_money`,`create_time`,`modify_time`,`collect_shop`,`collect_goods`,`visit_count`,`order_count`,`goods_count`,`add_goods_count`,`day_time`,`member_count` FROM `gxfc_stat_shop` WHERE  `site_id` = 1  AND `year` = 2022  AND `month` = 11  AND `day` = 09 LIMIT 1 [ RunTime:0.000470s ]
[2022-11-18T16:24:34+08:00][sql] SELECT `id`,`site_id`,`year`,`month`,`day`,`order_total`,`shipping_total`,`refund_total`,`order_pay_count`,`goods_pay_count`,`shop_money`,`platform_money`,`create_time`,`modify_time`,`collect_shop`,`collect_goods`,`visit_count`,`order_count`,`goods_count`,`add_goods_count`,`day_time`,`member_count` FROM `gxfc_stat_shop` WHERE  `site_id` = 1  AND `year` = 2022  AND `month` = 11  AND `day` = 10 LIMIT 1 [ RunTime:0.000386s ]
[2022-11-18T16:24:34+08:00][sql] SELECT `id`,`site_id`,`year`,`month`,`day`,`order_total`,`shipping_total`,`refund_total`,`order_pay_count`,`goods_pay_count`,`shop_money`,`platform_money`,`create_time`,`modify_time`,`collect_shop`,`collect_goods`,`visit_count`,`order_count`,`goods_count`,`add_goods_count`,`day_time`,`member_count` FROM `gxfc_stat_shop` WHERE  `site_id` = 1  AND `year` = 2022  AND `month` = 11  AND `day` = 11 LIMIT 1 [ RunTime:0.000394s ]
[2022-11-18T16:24:34+08:00][sql] SELECT `id`,`site_id`,`year`,`month`,`day`,`order_total`,`shipping_total`,`refund_total`,`order_pay_count`,`goods_pay_count`,`shop_money`,`platform_money`,`create_time`,`modify_time`,`collect_shop`,`collect_goods`,`visit_count`,`order_count`,`goods_count`,`add_goods_count`,`day_time`,`member_count` FROM `gxfc_stat_shop` WHERE  `site_id` = 1  AND `year` = 2022  AND `month` = 11  AND `day` = 12 LIMIT 1 [ RunTime:0.000492s ]
[2022-11-18T16:24:34+08:00][sql] SELECT `id`,`site_id`,`year`,`month`,`day`,`order_total`,`shipping_total`,`refund_total`,`order_pay_count`,`goods_pay_count`,`shop_money`,`platform_money`,`create_time`,`modify_time`,`collect_shop`,`collect_goods`,`visit_count`,`order_count`,`goods_count`,`add_goods_count`,`day_time`,`member_count` FROM `gxfc_stat_shop` WHERE  `site_id` = 1  AND `year` = 2022  AND `month` = 11  AND `day` = 13 LIMIT 1 [ RunTime:0.000584s ]
[2022-11-18T16:24:34+08:00][sql] SELECT `id`,`site_id`,`year`,`month`,`day`,`order_total`,`shipping_total`,`refund_total`,`order_pay_count`,`goods_pay_count`,`shop_money`,`platform_money`,`create_time`,`modify_time`,`collect_shop`,`collect_goods`,`visit_count`,`order_count`,`goods_count`,`add_goods_count`,`day_time`,`member_count` FROM `gxfc_stat_shop` WHERE  `site_id` = 1  AND `year` = 2022  AND `month` = 11  AND `day` = 14 LIMIT 1 [ RunTime:0.000484s ]
[2022-11-18T16:24:34+08:00][sql] SELECT `id`,`site_id`,`year`,`month`,`day`,`order_total`,`shipping_total`,`refund_total`,`order_pay_count`,`goods_pay_count`,`shop_money`,`platform_money`,`create_time`,`modify_time`,`collect_shop`,`collect_goods`,`visit_count`,`order_count`,`goods_count`,`add_goods_count`,`day_time`,`member_count` FROM `gxfc_stat_shop` WHERE  `site_id` = 1  AND `year` = 2022  AND `month` = 11  AND `day` = 15 LIMIT 1 [ RunTime:0.000445s ]
[2022-11-18T16:24:34+08:00][sql] SELECT `id`,`site_id`,`year`,`month`,`day`,`order_total`,`shipping_total`,`refund_total`,`order_pay_count`,`goods_pay_count`,`shop_money`,`platform_money`,`create_time`,`modify_time`,`collect_shop`,`collect_goods`,`visit_count`,`order_count`,`goods_count`,`add_goods_count`,`day_time`,`member_count` FROM `gxfc_stat_shop` WHERE  `site_id` = 1  AND `year` = 2022  AND `month` = 11  AND `day` = 16 LIMIT 1 [ RunTime:0.000411s ]
[2022-11-18T16:24:34+08:00][sql] SELECT `id`,`site_id`,`year`,`month`,`day`,`order_total`,`shipping_total`,`refund_total`,`order_pay_count`,`goods_pay_count`,`shop_money`,`platform_money`,`create_time`,`modify_time`,`collect_shop`,`collect_goods`,`visit_count`,`order_count`,`goods_count`,`add_goods_count`,`day_time`,`member_count` FROM `gxfc_stat_shop` WHERE  `site_id` = 1  AND `year` = 2022  AND `month` = 11  AND `day` = 17 LIMIT 1 [ RunTime:0.000480s ]
[2022-11-18T16:24:34+08:00][sql] SELECT `id`,`site_id`,`year`,`month`,`day`,`order_total`,`shipping_total`,`refund_total`,`order_pay_count`,`goods_pay_count`,`shop_money`,`platform_money`,`create_time`,`modify_time`,`collect_shop`,`collect_goods`,`visit_count`,`order_count`,`goods_count`,`add_goods_count`,`day_time`,`member_count` FROM `gxfc_stat_shop` WHERE  `site_id` = 1  AND `year` = 2022  AND `month` = 11  AND `day` = 18 LIMIT 1 [ RunTime:0.000414s ]
[2022-11-18T16:24:34+08:00][sql] SELECT SUM(order_total) as order_total,SUM(shipping_total) as shipping_total,SUM(refund_total) as refund_total,SUM(order_pay_count) as order_pay_count,SUM(goods_pay_count) as goods_pay_count,SUM(shop_money) as shop_money,SUM(platform_money) as platform_money,SUM(collect_shop) as collect_shop,SUM(collect_goods) as collect_goods,SUM(visit_count) as visit_count,SUM(order_count) as order_count,SUM(goods_count) as goods_count,SUM(add_goods_count) as add_goods_count,SUM(member_count) as member_count FROM `gxfc_stat_shop` WHERE  `site_id` = 1 LIMIT 1 [ RunTime:0.001176s ]
[2022-11-18T16:24:34+08:00][sql] SHOW FULL COLUMNS FROM `gxfc_goods` [ RunTime:0.001146s ]
[2022-11-18T16:24:34+08:00][sql] SELECT COUNT(*) AS think_count FROM `gxfc_goods` WHERE  `site_id` = 1 [ RunTime:0.000331s ]
[2022-11-18T16:24:34+08:00][sql] SHOW FULL COLUMNS FROM `gxfc_order` [ RunTime:0.001518s ]
[2022-11-18T16:24:34+08:00][sql] SELECT COUNT(*) AS think_count FROM `gxfc_order` WHERE  `order_status` = 0  AND `site_id` = 1  AND `is_delete` = 0 [ RunTime:0.000434s ]
[2022-11-18T16:24:34+08:00][sql] SELECT COUNT(*) AS think_count FROM `gxfc_order` WHERE  `order_status` = 1  AND `site_id` = 1  AND `is_delete` = 0 [ RunTime:0.000452s ]
[2022-11-18T16:24:34+08:00][sql] SHOW FULL COLUMNS FROM `gxfc_order_goods` [ RunTime:0.000919s ]
[2022-11-18T16:24:34+08:00][sql] SELECT COUNT(*) AS think_count FROM `gxfc_order_goods` WHERE  `site_id` = 1  AND `refund_status` NOT IN (0,3) [ RunTime:0.001458s ]
[2022-11-18T16:24:34+08:00][sql] select count(goods_id) as num from gxfc_goods where goods_stock_alarm >= goods_stock and goods_stock_alarm > 0 and is_delete = 0 and goods_state = 1 and site_id = 1 [ RunTime:0.000431s ]
[2022-11-18T16:24:34+08:00][sql] SELECT COUNT(*) AS think_count FROM `gxfc_goods` WHERE  `goods_state` = 1  AND `site_id` = 1  AND `is_delete` = 0 [ RunTime:0.000381s ]
[2022-11-18T16:24:34+08:00][sql] SELECT COUNT(*) AS think_count FROM `gxfc_goods` WHERE  `verify_state` = 0  AND `site_id` = 1  AND `is_delete` = 0 [ RunTime:0.000416s ]
[2022-11-18T16:24:34+08:00][sql] SELECT COUNT(*) AS think_count FROM `gxfc_goods` WHERE  `verify_state` = 10  AND `site_id` = 1  AND `is_delete` = 0 [ RunTime:0.001828s ]
[2022-11-18T16:24:34+08:00][sql] SHOW FULL COLUMNS FROM `gxfc_help` [ RunTime:0.000811s ]
[2022-11-18T16:24:34+08:00][sql] SELECT COUNT(*) AS think_count FROM `gxfc_help` `a` WHERE  `app_module` = 'shop' ORDER BY `create_time` DESC [ RunTime:0.000341s ]
[2022-11-18T16:24:34+08:00][sql] SELECT `id`,`title`,`content`,`class_id`,`class_name`,`sort`,`link_address`,`create_time` FROM `gxfc_help` `a` WHERE  `app_module` = 'shop' ORDER BY `create_time` DESC LIMIT 0,5 [ RunTime:0.000358s ]
[2022-11-18T16:24:38+08:00][sql] CONNECT:[ UseTime:0.000441s ] mysql:host=127.0.0.1;port=3306;dbname=hunqin;charset=utf8
[2022-11-18T16:24:38+08:00][sql] SHOW FULL COLUMNS FROM `gxfc_shop` [ RunTime:0.000906s ]
[2022-11-18T16:24:38+08:00][sql] SELECT `website_id`,`site_name`,`logo`,`is_own`,`level_id`,`category_id`,`group_id`,`seo_keywords`,`seo_description`,`expire_time`,`shop_status` FROM `gxfc_shop` WHERE  `site_id` = 1 LIMIT 1 [ RunTime:0.000368s ]
[2022-11-18T16:24:38+08:00][sql] SHOW FULL COLUMNS FROM `gxfc_menu` [ RunTime:0.000872s ]
[2022-11-18T16:24:38+08:00][sql] SELECT `id`,`app_module`,`name`,`title`,`parent`,`level`,`url`,`is_show`,`sort`,`desc`,`picture`,`is_icon`,`picture_select`,`is_control`,`addon` FROM `gxfc_menu` WHERE  `url` = 'shop/Account/dashboard'  AND `app_module` = 'shop' ORDER BY `level` DESC LIMIT 1 [ RunTime:0.000493s ]
[2022-11-18T16:24:38+08:00][sql] SELECT `id`,`app_module`,`name`,`title`,`parent`,`level`,`url`,`is_show`,`sort`,`desc`,`picture`,`is_icon`,`picture_select`,`is_control`,`addon` FROM `gxfc_menu` WHERE  `name` = 'ACCOUNT_DASHBOARD_INDEX'  AND `app_module` = 'shop' LIMIT 1 [ RunTime:0.000457s ]
[2022-11-18T16:24:38+08:00][sql] SELECT `id`,`app_module`,`name`,`title`,`parent`,`level`,`url`,`is_show`,`sort`,`desc`,`picture`,`is_icon`,`picture_select`,`is_control`,`addon` FROM `gxfc_menu` WHERE  `name` = 'ACCOUNT_ROOT'  AND `app_module` = 'shop' LIMIT 1 [ RunTime:0.000456s ]
[2022-11-18T16:24:38+08:00][sql] SHOW FULL COLUMNS FROM `gxfc_config` [ RunTime:0.000692s ]
[2022-11-18T16:24:38+08:00][sql] SELECT `site_id`,`app_module`,`config_key`,`value`,`config_desc`,`is_use`,`create_time`,`modify_time` FROM `gxfc_config` WHERE  `site_id` = 0  AND `app_module` = 'admin'  AND `config_key` = 'SHOP_WITHDRAW' LIMIT 1 [ RunTime:0.000372s ]
[2022-11-18T16:24:38+08:00][sql] SELECT `site_name`,`logo`,`account`,`account_withdraw`,`account_withdraw_apply`,`shop_open_fee`,`shop_baozhrmb` FROM `gxfc_shop` WHERE  `site_id` = 1 LIMIT 1 [ RunTime:0.000377s ]
[2022-11-18T16:24:38+08:00][sql] SHOW FULL COLUMNS FROM `gxfc_shop_cert` [ RunTime:0.000751s ]
[2022-11-18T16:24:38+08:00][sql] SELECT `bank_type`,`settlement_bank_account_name`,`settlement_bank_account_number`,`settlement_bank_name`,`settlement_bank_address` FROM `gxfc_shop_cert` WHERE  `site_id` = 1 LIMIT 1 [ RunTime:0.000274s ]
[2022-11-18T16:24:38+08:00][sql] SHOW FULL COLUMNS FROM `gxfc_order` [ RunTime:0.000991s ]
[2022-11-18T16:24:38+08:00][sql] SELECT sum(order_money) as order_money, sum(refund_money) as refund_money, sum(shop_money) as shop_money, sum(platform_money) as platform_money, sum(refund_shop_money) as refund_shop_money, sum(refund_platform_money) as refund_platform_money, sum(commission) as commission, sum(platform_coupon_money) as platform_coupon_money,sum(refund_platform_coupon_money) as refund_platform_coupon_money FROM `gxfc_order` WHERE  `site_id` = 1  AND `order_status` = 10  AND `is_settlement` = 0 LIMIT 1 [ RunTime:0.000405s ]
[2022-11-18T16:24:38+08:00][sql] CONNECT:[ UseTime:0.000445s ] mysql:host=127.0.0.1;port=3306;dbname=hunqin;charset=utf8
[2022-11-18T16:24:38+08:00][sql] SHOW FULL COLUMNS FROM `gxfc_shop` [ RunTime:0.000927s ]
[2022-11-18T16:24:38+08:00][sql] SELECT `website_id`,`site_name`,`logo`,`is_own`,`level_id`,`category_id`,`group_id`,`seo_keywords`,`seo_description`,`expire_time`,`shop_status` FROM `gxfc_shop` WHERE  `site_id` = 1 LIMIT 1 [ RunTime:0.000334s ]
[2022-11-18T16:24:38+08:00][sql] SELECT `site_name`,`logo`,`account`,`account_withdraw`,`account_withdraw_apply`,`shop_open_fee`,`shop_baozhrmb` FROM `gxfc_shop` WHERE  `site_id` = 1 LIMIT 1 [ RunTime:0.000319s ]
[2022-11-18T16:24:38+08:00][sql] SHOW FULL COLUMNS FROM `gxfc_shop_cert` [ RunTime:0.000661s ]
[2022-11-18T16:24:38+08:00][sql] SELECT `bank_type`,`settlement_bank_account_name`,`settlement_bank_account_number`,`settlement_bank_name`,`settlement_bank_address` FROM `gxfc_shop_cert` WHERE  `site_id` = 1 LIMIT 1 [ RunTime:0.000254s ]
[2022-11-18T16:24:38+08:00][sql] SHOW FULL COLUMNS FROM `gxfc_order` [ RunTime:0.001016s ]
[2022-11-18T16:24:38+08:00][sql] SELECT sum(order_money) as order_money, sum(refund_money) as refund_money, sum(shop_money) as shop_money, sum(platform_money) as platform_money, sum(refund_shop_money) as refund_shop_money, sum(refund_platform_money) as refund_platform_money, sum(commission) as commission, sum(platform_coupon_money) as platform_coupon_money,sum(refund_platform_coupon_money) as refund_platform_coupon_money FROM `gxfc_order` WHERE  `site_id` = 1  AND `order_status` = 10  AND `is_settlement` = 0 LIMIT 1 [ RunTime:0.000431s ]
[2022-11-18T16:24:38+08:00][sql] SHOW FULL COLUMNS FROM `gxfc_shop_account` [ RunTime:0.000612s ]
[2022-11-18T16:24:38+08:00][sql] SELECT COUNT(*) AS think_count FROM `gxfc_shop_account` `a` WHERE  `site_id` = 1  AND `site_id` = 1 ORDER BY `id` DESC [ RunTime:0.000289s ]
[2022-11-18T16:24:38+08:00][sql] SELECT `account_no`,`site_id`,`account_type`,`account_data`,`from_type`,`type_name`,`relate_tag`,`create_time`,`remark` FROM `gxfc_shop_account` `a` WHERE  `site_id` = 1  AND `site_id` = 1 ORDER BY `id` DESC LIMIT 0,10 [ RunTime:0.000334s ]
[2022-11-18T16:24:40+08:00][sql] CONNECT:[ UseTime:0.000551s ] mysql:host=127.0.0.1;port=3306;dbname=hunqin;charset=utf8
[2022-11-18T16:24:40+08:00][sql] SHOW FULL COLUMNS FROM `gxfc_shop` [ RunTime:0.000897s ]
[2022-11-18T16:24:40+08:00][sql] SELECT `website_id`,`site_name`,`logo`,`is_own`,`level_id`,`category_id`,`group_id`,`seo_keywords`,`seo_description`,`expire_time`,`shop_status` FROM `gxfc_shop` WHERE  `site_id` = 1 LIMIT 1 [ RunTime:0.000362s ]
[2022-11-18T16:24:40+08:00][sql] SHOW FULL COLUMNS FROM `gxfc_menu` [ RunTime:0.000786s ]
[2022-11-18T16:24:40+08:00][sql] SELECT `id`,`app_module`,`name`,`title`,`parent`,`level`,`url`,`is_show`,`sort`,`desc`,`picture`,`is_icon`,`picture_select`,`is_control`,`addon` FROM `gxfc_menu` WHERE  `url` = 'shop/Shopwithdraw/lists'  AND `app_module` = 'shop' ORDER BY `level` DESC LIMIT 1 [ RunTime:0.000493s ]
[2022-11-18T16:24:40+08:00][sql] SELECT `id`,`app_module`,`name`,`title`,`parent`,`level`,`url`,`is_show`,`sort`,`desc`,`picture`,`is_icon`,`picture_select`,`is_control`,`addon` FROM `gxfc_menu` WHERE  `name` = 'SHOP_WITHDRAW'  AND `app_module` = 'shop' LIMIT 1 [ RunTime:0.000422s ]
[2022-11-18T16:24:40+08:00][sql] SELECT `account`,`account_withdraw`,`account_withdraw_apply`,`shop_open_fee`,`shop_baozhrmb` FROM `gxfc_shop` WHERE  `site_id` = 1 LIMIT 1 [ RunTime:0.000410s ]
[2022-11-18T16:24:40+08:00][sql] CONNECT:[ UseTime:0.000515s ] mysql:host=127.0.0.1;port=3306;dbname=hunqin;charset=utf8
[2022-11-18T16:24:40+08:00][sql] SHOW FULL COLUMNS FROM `gxfc_shop` [ RunTime:0.001002s ]
[2022-11-18T16:24:40+08:00][sql] SELECT `website_id`,`site_name`,`logo`,`is_own`,`level_id`,`category_id`,`group_id`,`seo_keywords`,`seo_description`,`expire_time`,`shop_status` FROM `gxfc_shop` WHERE  `site_id` = 1 LIMIT 1 [ RunTime:0.000477s ]
[2022-11-18T16:24:40+08:00][sql] SELECT `account`,`account_withdraw`,`account_withdraw_apply`,`shop_open_fee`,`shop_baozhrmb` FROM `gxfc_shop` WHERE  `site_id` = 1 LIMIT 1 [ RunTime:0.000339s ]
[2022-11-18T16:24:40+08:00][sql] SHOW FULL COLUMNS FROM `gxfc_shop_withdraw` [ RunTime:0.000655s ]
[2022-11-18T16:24:40+08:00][sql] SELECT COUNT(*) AS think_count FROM `gxfc_shop_withdraw` `a` WHERE  `site_id` = 1  AND `site_id` = 1 ORDER BY `id` DESC [ RunTime:0.000303s ]
[2022-11-18T16:24:40+08:00][sql] SELECT * FROM `gxfc_shop_withdraw` `a` WHERE  `site_id` = 1  AND `site_id` = 1 ORDER BY `id` DESC LIMIT 0,10 [ RunTime:0.000378s ]
[2022-11-18T16:24:40+08:00][sql] CONNECT:[ UseTime:0.000437s ] mysql:host=127.0.0.1;port=3306;dbname=hunqin;charset=utf8
[2022-11-18T16:24:40+08:00][sql] SHOW FULL COLUMNS FROM `gxfc_shop` [ RunTime:0.000863s ]
[2022-11-18T16:24:40+08:00][sql] SELECT `website_id`,`site_name`,`logo`,`is_own`,`level_id`,`category_id`,`group_id`,`seo_keywords`,`seo_description`,`expire_time`,`shop_status` FROM `gxfc_shop` WHERE  `site_id` = 1 LIMIT 1 [ RunTime:0.000335s ]
[2022-11-18T16:24:40+08:00][sql] SHOW FULL COLUMNS FROM `gxfc_menu` [ RunTime:0.000755s ]
[2022-11-18T16:24:40+08:00][sql] SELECT `id`,`app_module`,`name`,`title`,`parent`,`level`,`url`,`is_show`,`sort`,`desc`,`picture`,`is_icon`,`picture_select`,`is_control`,`addon` FROM `gxfc_menu` WHERE  `url` = 'shop/Account/fee'  AND `app_module` = 'shop' ORDER BY `level` DESC LIMIT 1 [ RunTime:0.000468s ]
[2022-11-18T16:24:40+08:00][sql] SELECT `id`,`app_module`,`name`,`title`,`parent`,`level`,`url`,`is_show`,`sort`,`desc`,`picture`,`is_icon`,`picture_select`,`is_control`,`addon` FROM `gxfc_menu` WHERE  `name` = 'ACCOUNT_FEE'  AND `app_module` = 'shop' LIMIT 1 [ RunTime:0.000418s ]
[2022-11-18T16:24:40+08:00][sql] SELECT * FROM `gxfc_shop` WHERE  `site_id` = 1 LIMIT 1 [ RunTime:0.000640s ]
[2022-11-18T16:24:40+08:00][sql] SHOW FULL COLUMNS FROM `gxfc_shop_reopen` [ RunTime:0.001038s ]
[2022-11-18T16:24:40+08:00][sql] SELECT `sr`.*,`s`.`site_name` FROM `gxfc_shop_reopen` `sr` LEFT JOIN `gxfc_shop` `s` ON `s`.`site_id`=`sr`.`site_id` WHERE  `sr`.`site_id` = 1  AND `sr`.`apply_state` IN (1,-1) LIMIT 1 [ RunTime:0.000452s ]
[2022-11-18T16:24:40+08:00][sql] CONNECT:[ UseTime:0.000463s ] mysql:host=127.0.0.1;port=3306;dbname=hunqin;charset=utf8
[2022-11-18T16:24:40+08:00][sql] SHOW FULL COLUMNS FROM `gxfc_shop` [ RunTime:0.001001s ]
[2022-11-18T16:24:40+08:00][sql] SELECT `website_id`,`site_name`,`logo`,`is_own`,`level_id`,`category_id`,`group_id`,`seo_keywords`,`seo_description`,`expire_time`,`shop_status` FROM `gxfc_shop` WHERE  `site_id` = 1 LIMIT 1 [ RunTime:0.000345s ]
[2022-11-18T16:24:40+08:00][sql] SELECT * FROM `gxfc_shop` WHERE  `site_id` = 1 LIMIT 1 [ RunTime:0.000579s ]
[2022-11-18T16:24:40+08:00][sql] SHOW FULL COLUMNS FROM `gxfc_shop_reopen` [ RunTime:0.000583s ]
[2022-11-18T16:24:40+08:00][sql] SELECT `sr`.*,`s`.`site_name` FROM `gxfc_shop_reopen` `sr` LEFT JOIN `gxfc_shop` `s` ON `s`.`site_id`=`sr`.`site_id` WHERE  `sr`.`site_id` = 1  AND `sr`.`apply_state` IN (1,-1) LIMIT 1 [ RunTime:0.000357s ]
[2022-11-18T16:24:40+08:00][sql] SHOW FULL COLUMNS FROM `gxfc_shop_open_account` [ RunTime:0.000659s ]
[2022-11-18T16:24:40+08:00][sql] SELECT COUNT(*) AS think_count FROM `gxfc_shop_open_account` `a` WHERE  `site_id` = 1 ORDER BY `id` DESC [ RunTime:0.000232s ]
[2022-11-18T16:24:40+08:00][sql] SELECT * FROM `gxfc_shop_open_account` `a` WHERE  `site_id` = 1 ORDER BY `id` DESC LIMIT 0,10 [ RunTime:0.000238s ]
[2022-11-18T16:24:41+08:00][sql] CONNECT:[ UseTime:0.000432s ] mysql:host=127.0.0.1;port=3306;dbname=hunqin;charset=utf8
[2022-11-18T16:24:41+08:00][sql] SHOW FULL COLUMNS FROM `gxfc_shop` [ RunTime:0.000896s ]
[2022-11-18T16:24:41+08:00][sql] SELECT `website_id`,`site_name`,`logo`,`is_own`,`level_id`,`category_id`,`group_id`,`seo_keywords`,`seo_description`,`expire_time`,`shop_status` FROM `gxfc_shop` WHERE  `site_id` = 1 LIMIT 1 [ RunTime:0.000379s ]
[2022-11-18T16:24:41+08:00][sql] SHOW FULL COLUMNS FROM `gxfc_menu` [ RunTime:0.000717s ]
[2022-11-18T16:24:41+08:00][sql] SELECT `id`,`app_module`,`name`,`title`,`parent`,`level`,`url`,`is_show`,`sort`,`desc`,`picture`,`is_icon`,`picture_select`,`is_control`,`addon` FROM `gxfc_menu` WHERE  `url` = 'shop/Settlement/lists'  AND `app_module` = 'shop' ORDER BY `level` DESC LIMIT 1 [ RunTime:0.000464s ]
[2022-11-18T16:24:41+08:00][sql] SELECT `id`,`app_module`,`name`,`title`,`parent`,`level`,`url`,`is_show`,`sort`,`desc`,`picture`,`is_icon`,`picture_select`,`is_control`,`addon` FROM `gxfc_menu` WHERE  `name` = 'ACCOUNT_SETTLEMENT'  AND `app_module` = 'shop' LIMIT 1 [ RunTime:0.000462s ]
[2022-11-18T16:24:41+08:00][sql] CONNECT:[ UseTime:0.000445s ] mysql:host=127.0.0.1;port=3306;dbname=hunqin;charset=utf8
[2022-11-18T16:24:41+08:00][sql] SHOW FULL COLUMNS FROM `gxfc_shop` [ RunTime:0.000921s ]
[2022-11-18T16:24:41+08:00][sql] SELECT `website_id`,`site_name`,`logo`,`is_own`,`level_id`,`category_id`,`group_id`,`seo_keywords`,`seo_description`,`expire_time`,`shop_status` FROM `gxfc_shop` WHERE  `site_id` = 1 LIMIT 1 [ RunTime:0.000341s ]
[2022-11-18T16:24:41+08:00][sql] SHOW FULL COLUMNS FROM `gxfc_shop_settlement` [ RunTime:0.000716s ]
[2022-11-18T16:24:41+08:00][sql] SELECT COUNT(*) AS think_count FROM `gxfc_shop_settlement` `a` WHERE  `site_id` = 1 ORDER BY `id` DESC [ RunTime:0.000311s ]
[2022-11-18T16:24:41+08:00][sql] SELECT `id`,`settlement_no`,`site_id`,`period_id`,`site_name`,`order_money`,`shop_money`,`refund_platform_money`,`platform_money`,`refund_shop_money`,`refund_money`,`create_time`,`period_start_time`,`period_end_time`,`commission`,`platform_coupon_money`,`refund_platform_coupon_money` FROM `gxfc_shop_settlement` `a` WHERE  `site_id` = 1 ORDER BY `id` DESC LIMIT 0,10 [ RunTime:0.000392s ]
[2022-11-18T16:24:42+08:00][sql] CONNECT:[ UseTime:0.000433s ] mysql:host=127.0.0.1;port=3306;dbname=hunqin;charset=utf8
[2022-11-18T16:24:42+08:00][sql] SHOW FULL COLUMNS FROM `gxfc_shop` [ RunTime:0.001348s ]
[2022-11-18T16:24:42+08:00][sql] SELECT `website_id`,`site_name`,`logo`,`is_own`,`level_id`,`category_id`,`group_id`,`seo_keywords`,`seo_description`,`expire_time`,`shop_status` FROM `gxfc_shop` WHERE  `site_id` = 1 LIMIT 1 [ RunTime:0.000341s ]
[2022-11-18T16:24:42+08:00][sql] SELECT * FROM `gxfc_shop` WHERE  `site_id` = 1 LIMIT 1 [ RunTime:0.000635s ]
[2022-11-18T16:24:42+08:00][sql] SHOW FULL COLUMNS FROM `gxfc_shop_reopen` [ RunTime:0.000649s ]
[2022-11-18T16:24:42+08:00][sql] SELECT `sr`.*,`s`.`site_name` FROM `gxfc_shop_reopen` `sr` LEFT JOIN `gxfc_shop` `s` ON `s`.`site_id`=`sr`.`site_id` WHERE  `sr`.`site_id` = 1  AND `sr`.`apply_state` IN (1,-1) LIMIT 1 [ RunTime:0.000393s ]
[2022-11-18T16:24:42+08:00][sql] CONNECT:[ UseTime:0.000457s ] mysql:host=127.0.0.1;port=3306;dbname=hunqin;charset=utf8
[2022-11-18T16:24:42+08:00][sql] SHOW FULL COLUMNS FROM `gxfc_shop` [ RunTime:0.000969s ]
[2022-11-18T16:24:42+08:00][sql] SELECT `website_id`,`site_name`,`logo`,`is_own`,`level_id`,`category_id`,`group_id`,`seo_keywords`,`seo_description`,`expire_time`,`shop_status` FROM `gxfc_shop` WHERE  `site_id` = 1 LIMIT 1 [ RunTime:0.000459s ]
[2022-11-18T16:24:42+08:00][sql] SELECT * FROM `gxfc_shop` WHERE  `site_id` = 1 LIMIT 1 [ RunTime:0.000566s ]
[2022-11-18T16:24:42+08:00][sql] SHOW FULL COLUMNS FROM `gxfc_shop_reopen` [ RunTime:0.000654s ]
[2022-11-18T16:24:42+08:00][sql] SELECT `sr`.*,`s`.`site_name` FROM `gxfc_shop_reopen` `sr` LEFT JOIN `gxfc_shop` `s` ON `s`.`site_id`=`sr`.`site_id` WHERE  `sr`.`site_id` = 1  AND `sr`.`apply_state` IN (1,-1) LIMIT 1 [ RunTime:0.000425s ]
[2022-11-18T16:24:42+08:00][sql] SHOW FULL COLUMNS FROM `gxfc_shop_open_account` [ RunTime:0.000626s ]
[2022-11-18T16:24:42+08:00][sql] SELECT COUNT(*) AS think_count FROM `gxfc_shop_open_account` `a` WHERE  `site_id` = 1 ORDER BY `id` DESC [ RunTime:0.000266s ]
[2022-11-18T16:24:42+08:00][sql] SELECT * FROM `gxfc_shop_open_account` `a` WHERE  `site_id` = 1 ORDER BY `id` DESC LIMIT 0,10 [ RunTime:0.000362s ]
[2022-11-18T16:24:43+08:00][sql] CONNECT:[ UseTime:0.000434s ] mysql:host=127.0.0.1;port=3306;dbname=hunqin;charset=utf8
[2022-11-18T16:24:43+08:00][sql] SHOW FULL COLUMNS FROM `gxfc_shop` [ RunTime:0.001021s ]
[2022-11-18T16:24:43+08:00][sql] SELECT `website_id`,`site_name`,`logo`,`is_own`,`level_id`,`category_id`,`group_id`,`seo_keywords`,`seo_description`,`expire_time`,`shop_status` FROM `gxfc_shop` WHERE  `site_id` = 1 LIMIT 1 [ RunTime:0.000401s ]
[2022-11-18T16:24:43+08:00][sql] SELECT `account`,`account_withdraw`,`account_withdraw_apply`,`shop_open_fee`,`shop_baozhrmb` FROM `gxfc_shop` WHERE  `site_id` = 1 LIMIT 1 [ RunTime:0.000500s ]
[2022-11-18T16:24:43+08:00][sql] CONNECT:[ UseTime:0.000421s ] mysql:host=127.0.0.1;port=3306;dbname=hunqin;charset=utf8
[2022-11-18T16:24:43+08:00][sql] SHOW FULL COLUMNS FROM `gxfc_shop` [ RunTime:0.000912s ]
[2022-11-18T16:24:43+08:00][sql] SELECT `website_id`,`site_name`,`logo`,`is_own`,`level_id`,`category_id`,`group_id`,`seo_keywords`,`seo_description`,`expire_time`,`shop_status` FROM `gxfc_shop` WHERE  `site_id` = 1 LIMIT 1 [ RunTime:0.000343s ]
[2022-11-18T16:24:43+08:00][sql] SELECT `account`,`account_withdraw`,`account_withdraw_apply`,`shop_open_fee`,`shop_baozhrmb` FROM `gxfc_shop` WHERE  `site_id` = 1 LIMIT 1 [ RunTime:0.000303s ]
[2022-11-18T16:24:43+08:00][sql] SHOW FULL COLUMNS FROM `gxfc_shop_withdraw` [ RunTime:0.000643s ]
[2022-11-18T16:24:43+08:00][sql] SELECT COUNT(*) AS think_count FROM `gxfc_shop_withdraw` `a` WHERE  `site_id` = 1  AND `site_id` = 1 ORDER BY `id` DESC [ RunTime:0.000282s ]
[2022-11-18T16:24:43+08:00][sql] SELECT * FROM `gxfc_shop_withdraw` `a` WHERE  `site_id` = 1  AND `site_id` = 1 ORDER BY `id` DESC LIMIT 0,10 [ RunTime:0.000345s ]
[2022-11-18T16:24:43+08:00][sql] CONNECT:[ UseTime:0.000426s ] mysql:host=127.0.0.1;port=3306;dbname=hunqin;charset=utf8
[2022-11-18T16:24:43+08:00][sql] SHOW FULL COLUMNS FROM `gxfc_shop` [ RunTime:0.000958s ]
[2022-11-18T16:24:43+08:00][sql] SELECT `website_id`,`site_name`,`logo`,`is_own`,`level_id`,`category_id`,`group_id`,`seo_keywords`,`seo_description`,`expire_time`,`shop_status` FROM `gxfc_shop` WHERE  `site_id` = 1 LIMIT 1 [ RunTime:0.000373s ]
[2022-11-18T16:24:43+08:00][sql] SELECT `site_name`,`logo`,`account`,`account_withdraw`,`account_withdraw_apply`,`shop_open_fee`,`shop_baozhrmb` FROM `gxfc_shop` WHERE  `site_id` = 1 LIMIT 1 [ RunTime:0.000485s ]
[2022-11-18T16:24:43+08:00][sql] SHOW FULL COLUMNS FROM `gxfc_shop_cert` [ RunTime:0.000696s ]
[2022-11-18T16:24:43+08:00][sql] SELECT `bank_type`,`settlement_bank_account_name`,`settlement_bank_account_number`,`settlement_bank_name`,`settlement_bank_address` FROM `gxfc_shop_cert` WHERE  `site_id` = 1 LIMIT 1 [ RunTime:0.000324s ]
[2022-11-18T16:24:43+08:00][sql] SHOW FULL COLUMNS FROM `gxfc_order` [ RunTime:0.001143s ]
[2022-11-18T16:24:43+08:00][sql] SELECT sum(order_money) as order_money, sum(refund_money) as refund_money, sum(shop_money) as shop_money, sum(platform_money) as platform_money, sum(refund_shop_money) as refund_shop_money, sum(refund_platform_money) as refund_platform_money, sum(commission) as commission, sum(platform_coupon_money) as platform_coupon_money,sum(refund_platform_coupon_money) as refund_platform_coupon_money FROM `gxfc_order` WHERE  `site_id` = 1  AND `order_status` = 10  AND `is_settlement` = 0 LIMIT 1 [ RunTime:0.000465s ]
[2022-11-18T16:24:43+08:00][sql] CONNECT:[ UseTime:0.000464s ] mysql:host=127.0.0.1;port=3306;dbname=hunqin;charset=utf8
[2022-11-18T16:24:43+08:00][sql] SHOW FULL COLUMNS FROM `gxfc_shop` [ RunTime:0.000888s ]
[2022-11-18T16:24:43+08:00][sql] SELECT `website_id`,`site_name`,`logo`,`is_own`,`level_id`,`category_id`,`group_id`,`seo_keywords`,`seo_description`,`expire_time`,`shop_status` FROM `gxfc_shop` WHERE  `site_id` = 1 LIMIT 1 [ RunTime:0.000490s ]
[2022-11-18T16:24:43+08:00][sql] SELECT `site_name`,`logo`,`account`,`account_withdraw`,`account_withdraw_apply`,`shop_open_fee`,`shop_baozhrmb` FROM `gxfc_shop` WHERE  `site_id` = 1 LIMIT 1 [ RunTime:0.000370s ]
[2022-11-18T16:24:43+08:00][sql] SHOW FULL COLUMNS FROM `gxfc_shop_cert` [ RunTime:0.000711s ]
[2022-11-18T16:24:43+08:00][sql] SELECT `bank_type`,`settlement_bank_account_name`,`settlement_bank_account_number`,`settlement_bank_name`,`settlement_bank_address` FROM `gxfc_shop_cert` WHERE  `site_id` = 1 LIMIT 1 [ RunTime:0.000295s ]
[2022-11-18T16:24:43+08:00][sql] SHOW FULL COLUMNS FROM `gxfc_order` [ RunTime:0.001047s ]
[2022-11-18T16:24:43+08:00][sql] SELECT sum(order_money) as order_money, sum(refund_money) as refund_money, sum(shop_money) as shop_money, sum(platform_money) as platform_money, sum(refund_shop_money) as refund_shop_money, sum(refund_platform_money) as refund_platform_money, sum(commission) as commission, sum(platform_coupon_money) as platform_coupon_money,sum(refund_platform_coupon_money) as refund_platform_coupon_money FROM `gxfc_order` WHERE  `site_id` = 1  AND `order_status` = 10  AND `is_settlement` = 0 LIMIT 1 [ RunTime:0.000393s ]
[2022-11-18T16:24:43+08:00][sql] SHOW FULL COLUMNS FROM `gxfc_shop_account` [ RunTime:0.000507s ]
[2022-11-18T16:24:43+08:00][sql] SELECT COUNT(*) AS think_count FROM `gxfc_shop_account` `a` WHERE  `site_id` = 1  AND `site_id` = 1 ORDER BY `id` DESC [ RunTime:0.000303s ]
[2022-11-18T16:24:43+08:00][sql] SELECT `account_no`,`site_id`,`account_type`,`account_data`,`from_type`,`type_name`,`relate_tag`,`create_time`,`remark` FROM `gxfc_shop_account` `a` WHERE  `site_id` = 1  AND `site_id` = 1 ORDER BY `id` DESC LIMIT 0,10 [ RunTime:0.000304s ]
