[2023-01-06T10:23:04+08:00][sql] CONNECT:[ UseTime:0.000397s ] mysql:host=127.0.0.1;port=3306;dbname=hunqin;charset=utf8
[2023-01-06T10:23:04+08:00][sql] SHOW FULL COLUMNS FROM `gxfc_user` [ RunTime:0.001168s ]
[2023-01-06T10:23:04+08:00][sql] SELECT `uid`,`app_module`,`app_group`,`is_admin`,`site_id`,`group_id`,`group_name`,`username`,`password`,`member_id`,`create_time`,`update_time`,`status`,`login_time`,`login_ip` FROM `gxfc_user` WHERE  `username` = 'ganlin'  AND `app_module` = 'shop' LIMIT 1 [ RunTime:0.000430s ]
[2023-01-06T10:23:04+08:00][sql] UPDATE `gxfc_user`  SET `login_time` = 1672971784 , `login_ip` = '171.113.164.170'  WHERE  `uid` = 71 [ RunTime:0.005750s ]
[2023-01-06T10:23:04+08:00][sql] SHOW FULL COLUMNS FROM `gxfc_user_log` [ RunTime:0.001071s ]
[2023-01-06T10:23:04+08:00][sql] INSERT INTO `gxfc_user_log` SET `uid` = 71 , `username` = 'ganlin' , `site_id` = 0 , `url` = 'shop/Login/login' , `ip` = '171.113.164.170' , `data` = '[]' , `action_name` = '用户登录' , `create_time` = 1672971784 [ RunTime:0.003469s ]
[2023-01-06T10:23:05+08:00][sql] CONNECT:[ UseTime:0.000387s ] mysql:host=127.0.0.1;port=3306;dbname=hunqin;charset=utf8
[2023-01-06T10:23:05+08:00][sql] SHOW FULL COLUMNS FROM `gxfc_shop_group` [ RunTime:0.001162s ]
[2023-01-06T10:23:05+08:00][sql] SELECT * FROM `gxfc_shop_group` WHERE  `is_own` = 0 ORDER BY `fee` ASC [ RunTime:0.000299s ]
[2023-01-06T10:23:05+08:00][sql] SHOW FULL COLUMNS FROM `gxfc_shop_category` [ RunTime:0.000946s ]
[2023-01-06T10:23:05+08:00][sql] SELECT * FROM `gxfc_shop_category` ORDER BY `sort` ASC [ RunTime:0.000247s ]
[2023-01-06T10:23:05+08:00][sql] SHOW FULL COLUMNS FROM `gxfc_document` [ RunTime:0.000899s ]
[2023-01-06T10:23:05+08:00][sql] SELECT `site_id`,`app_module`,`document_key`,`title`,`content`,`create_time`,`modify_time` FROM `gxfc_document` WHERE  `site_id` = 0  AND `app_module` = 'admin'  AND `document_key` = 'SHOP_APPLY_AGREEMENT' LIMIT 1 [ RunTime:0.000381s ]
[2023-01-06T10:23:05+08:00][sql] SHOW FULL COLUMNS FROM `gxfc_area` [ RunTime:0.000887s ]
[2023-01-06T10:23:05+08:00][sql] SELECT * FROM `gxfc_area` WHERE  `pid` = 0  AND `level` = 1 [ RunTime:0.000338s ]
[2023-01-06T10:23:05+08:00][sql] SHOW FULL COLUMNS FROM `gxfc_shop_apply` [ RunTime:0.000927s ]
[2023-01-06T10:23:05+08:00][sql] SELECT `nsa`.`apply_id`,`nsa`.`site_id`,`nsa`.`website_id`,`nsa`.`member_id`,`nsa`.`username`,`nsa`.`cert_id`,`nsa`.`shop_name`,`nsa`.`apply_state`,`nsa`.`apply_message`,`nsa`.`apply_year`,`nsa`.`category_name`,`nsa`.`category_id`,`nsa`.`group_name`,`nsa`.`group_id`,`nsa`.`paying_money_certificate`,`nsa`.`paying_money_certificate_explain`,`nsa`.`paying_deposit`,`nsa`.`paying_apply`,`nsa`.`paying_amount`,`nsa`.`create_time`,`nsa`.`audit_time`,`nsa`.`finish_time`,`nsc`.`cert_id`,`nsc`.`cert_type`,`nsc`.`company_name`,`nsc`.`company_province_id`,`nsc`.`company_city_id`,`nsc`.`company_district_id`,`nsc`.`company_address`,`nsc`.`contacts_name`,`nsc`.`contacts_mobile`,`nsc`.`contacts_card_no`,`nsc`.`contacts_card_electronic_1`,`nsc`.`contacts_card_electronic_2`,`nsc`.`contacts_card_electronic_3`,`nsc`.`business_licence_number`,`nsc`.`business_licence_number_electronic`,`nsc`.`business_sphere`,`nsc`.`taxpayer_id`,`nsc`.`general_taxpayer`,`nsc`.`tax_registration_certificate`,`nsc`.`tax_registration_certificate_electronic`,`nsc`.`bank_account_name`,`nsc`.`bank_account_number`,`nsc`.`bank_name`,`nsc`.`bank_address`,`nsc`.`bank_code`,`nsc`.`bank_type`,`nsc`.`settlement_bank_account_name`,`nsc`.`settlement_bank_account_number`,`nsc`.`settlement_bank_name`,`nsc`.`settlement_bank_address`,`nsc`.`company_full_address`,`w`.`site_area_name` FROM `gxfc_shop_apply` `nsa` LEFT JOIN `gxfc_shop_cert` `nsc` ON `nsa`.`cert_id`=`nsc`.`cert_id` LEFT JOIN `gxfc_website` `w` ON `w`.`site_id`=`nsa`.`website_id` WHERE  `uid` = 71 LIMIT 1 [ RunTime:0.000489s ]
[2023-01-06T10:23:05+08:00][sql] SHOW FULL COLUMNS FROM `gxfc_config` [ RunTime:0.000895s ]
[2023-01-06T10:23:05+08:00][sql] SELECT `site_id`,`app_module`,`config_key`,`value`,`config_desc`,`is_use`,`create_time`,`modify_time` FROM `gxfc_config` WHERE  `site_id` = 0  AND `app_module` = 'admin'  AND `config_key` = 'SYSTEM_BANK_ACCOUNT' LIMIT 1 [ RunTime:0.000286s ]
[2023-01-06T10:23:05+08:00][sql] SHOW FULL COLUMNS FROM `gxfc_website` [ RunTime:0.000982s ]
[2023-01-06T10:23:05+08:00][sql] SELECT `web_phone` FROM `gxfc_website` WHERE  `site_id` = 0 LIMIT 1 [ RunTime:0.000250s ]
[2023-01-06T10:23:05+08:00][sql] SELECT `site_id`,`app_module`,`config_key`,`value`,`config_desc`,`is_use`,`create_time`,`modify_time` FROM `gxfc_config` WHERE  `site_id` = 0  AND `app_module` = 'admin'  AND `config_key` = 'SHOP_WITHDRAW' LIMIT 1 [ RunTime:0.000278s ]
[2023-01-06T10:23:05+08:00][sql] CONNECT:[ UseTime:0.000383s ] mysql:host=127.0.0.1;port=3306;dbname=hunqin;charset=utf8
[2023-01-06T10:23:05+08:00][sql] SHOW FULL COLUMNS FROM `gxfc_area` [ RunTime:0.001140s ]
[2023-01-06T10:23:05+08:00][sql] SELECT `id`,`pid`,`name`,`level` FROM `gxfc_area` WHERE  `level` = 1  AND `pid` = 140100 ORDER BY `id` ASC [ RunTime:0.000398s ]
[2023-01-06T14:26:49+08:00][sql] CONNECT:[ UseTime:0.000414s ] mysql:host=127.0.0.1;port=3306;dbname=hunqin;charset=utf8
[2023-01-06T14:26:49+08:00][sql] SHOW FULL COLUMNS FROM `gxfc_config` [ RunTime:0.001205s ]
[2023-01-06T14:26:49+08:00][sql] SELECT `site_id`,`app_module`,`config_key`,`value`,`config_desc`,`is_use`,`create_time`,`modify_time` FROM `gxfc_config` WHERE  `site_id` = 0  AND `app_module` = 'admin'  AND `config_key` = 'CAPTCHA_CONFIG' LIMIT 1 [ RunTime:0.000309s ]
[2023-01-06T14:26:49+08:00][sql] SELECT `site_id`,`app_module`,`config_key`,`value`,`config_desc`,`is_use`,`create_time`,`modify_time` FROM `gxfc_config` WHERE  `site_id` = 0  AND `app_module` = 'admin'  AND `config_key` = 'SHOP_JOIN_ADV_CONFIG' LIMIT 1 [ RunTime:0.000327s ]
[2023-01-06T14:26:49+08:00][sql] SHOW FULL COLUMNS FROM `gxfc_document` [ RunTime:0.001072s ]
[2023-01-06T14:26:49+08:00][sql] SELECT `site_id`,`app_module`,`document_key`,`title`,`content`,`create_time`,`modify_time` FROM `gxfc_document` WHERE  `site_id` = 0  AND `app_module` = 'admin'  AND `document_key` = 'SHOP_JOIN_GUIDE_1' LIMIT 1 [ RunTime:0.000329s ]
[2023-01-06T14:26:49+08:00][sql] SELECT `site_id`,`app_module`,`document_key`,`title`,`content`,`create_time`,`modify_time` FROM `gxfc_document` WHERE  `site_id` = 0  AND `app_module` = 'admin'  AND `document_key` = 'SHOP_JOIN_GUIDE_2' LIMIT 1 [ RunTime:0.000328s ]
[2023-01-06T14:26:49+08:00][sql] SELECT `site_id`,`app_module`,`document_key`,`title`,`content`,`create_time`,`modify_time` FROM `gxfc_document` WHERE  `site_id` = 0  AND `app_module` = 'admin'  AND `document_key` = 'SHOP_JOIN_GUIDE_3' LIMIT 1 [ RunTime:0.000304s ]
[2023-01-06T14:26:49+08:00][sql] SELECT `site_id`,`app_module`,`document_key`,`title`,`content`,`create_time`,`modify_time` FROM `gxfc_document` WHERE  `site_id` = 0  AND `app_module` = 'admin'  AND `document_key` = 'SHOP_JOIN_GUIDE_4' LIMIT 1 [ RunTime:0.000418s ]
[2023-01-06T14:26:49+08:00][sql] SHOW FULL COLUMNS FROM `gxfc_website` [ RunTime:0.001159s ]
[2023-01-06T14:26:49+08:00][sql] SELECT `web_phone`,`web_email`,`web_qrcode`,`web_qq`,`web_weixin`,`logo` FROM `gxfc_website` WHERE  `site_id` = 0 LIMIT 1 [ RunTime:0.000234s ]
[2023-01-06T16:35:38+08:00][sql] CONNECT:[ UseTime:0.000366s ] mysql:host=127.0.0.1;port=3306;dbname=hunqin;charset=utf8
[2023-01-06T16:35:38+08:00][sql] SHOW FULL COLUMNS FROM `gxfc_config` [ RunTime:0.001048s ]
[2023-01-06T16:35:38+08:00][sql] SELECT `site_id`,`app_module`,`config_key`,`value`,`config_desc`,`is_use`,`create_time`,`modify_time` FROM `gxfc_config` WHERE  `site_id` = 0  AND `app_module` = 'admin'  AND `config_key` = 'CAPTCHA_CONFIG' LIMIT 1 [ RunTime:0.000330s ]
[2023-01-06T16:35:38+08:00][sql] SELECT `site_id`,`app_module`,`config_key`,`value`,`config_desc`,`is_use`,`create_time`,`modify_time` FROM `gxfc_config` WHERE  `site_id` = 0  AND `app_module` = 'admin'  AND `config_key` = 'SHOP_JOIN_ADV_CONFIG' LIMIT 1 [ RunTime:0.000334s ]
[2023-01-06T16:35:38+08:00][sql] SHOW FULL COLUMNS FROM `gxfc_document` [ RunTime:0.001001s ]
[2023-01-06T16:35:38+08:00][sql] SELECT `site_id`,`app_module`,`document_key`,`title`,`content`,`create_time`,`modify_time` FROM `gxfc_document` WHERE  `site_id` = 0  AND `app_module` = 'admin'  AND `document_key` = 'SHOP_JOIN_GUIDE_1' LIMIT 1 [ RunTime:0.000323s ]
[2023-01-06T16:35:38+08:00][sql] SELECT `site_id`,`app_module`,`document_key`,`title`,`content`,`create_time`,`modify_time` FROM `gxfc_document` WHERE  `site_id` = 0  AND `app_module` = 'admin'  AND `document_key` = 'SHOP_JOIN_GUIDE_2' LIMIT 1 [ RunTime:0.000310s ]
[2023-01-06T16:35:38+08:00][sql] SELECT `site_id`,`app_module`,`document_key`,`title`,`content`,`create_time`,`modify_time` FROM `gxfc_document` WHERE  `site_id` = 0  AND `app_module` = 'admin'  AND `document_key` = 'SHOP_JOIN_GUIDE_3' LIMIT 1 [ RunTime:0.000361s ]
[2023-01-06T16:35:38+08:00][sql] SELECT `site_id`,`app_module`,`document_key`,`title`,`content`,`create_time`,`modify_time` FROM `gxfc_document` WHERE  `site_id` = 0  AND `app_module` = 'admin'  AND `document_key` = 'SHOP_JOIN_GUIDE_4' LIMIT 1 [ RunTime:0.000302s ]
[2023-01-06T16:35:38+08:00][sql] SHOW FULL COLUMNS FROM `gxfc_website` [ RunTime:0.001228s ]
[2023-01-06T16:35:38+08:00][sql] SELECT `web_phone`,`web_email`,`web_qrcode`,`web_qq`,`web_weixin`,`logo` FROM `gxfc_website` WHERE  `site_id` = 0 LIMIT 1 [ RunTime:0.000240s ]
[2023-01-06T18:39:10+08:00][sql] CONNECT:[ UseTime:0.000357s ] mysql:host=127.0.0.1;port=3306;dbname=hunqin;charset=utf8
[2023-01-06T18:39:10+08:00][sql] SHOW FULL COLUMNS FROM `gxfc_config` [ RunTime:0.001133s ]
[2023-01-06T18:39:10+08:00][sql] SELECT `site_id`,`app_module`,`config_key`,`value`,`config_desc`,`is_use`,`create_time`,`modify_time` FROM `gxfc_config` WHERE  `site_id` = 0  AND `app_module` = 'admin'  AND `config_key` = 'CAPTCHA_CONFIG' LIMIT 1 [ RunTime:0.000293s ]
[2023-01-06T18:39:10+08:00][sql] SELECT `site_id`,`app_module`,`config_key`,`value`,`config_desc`,`is_use`,`create_time`,`modify_time` FROM `gxfc_config` WHERE  `site_id` = 0  AND `app_module` = 'admin'  AND `config_key` = 'SHOP_JOIN_ADV_CONFIG' LIMIT 1 [ RunTime:0.000284s ]
