[2023-01-31T12:45:19+08:00][sql] CONNECT:[ UseTime:0.000369s ] mysql:host=127.0.0.1;port=3306;dbname=hunqin;charset=utf8
[2023-01-31T12:45:19+08:00][sql] SHOW FULL COLUMNS FROM `gxfc_config` [ RunTime:0.001085s ]
[2023-01-31T12:45:19+08:00][sql] SELECT `site_id`,`app_module`,`config_key`,`value`,`config_desc`,`is_use`,`create_time`,`modify_time` FROM `gxfc_config` WHERE  `site_id` = 0  AND `app_module` = 'admin'  AND `config_key` = 'CAPTCHA_CONFIG' LIMIT 1 [ RunTime:0.000372s ]
[2023-01-31T12:45:19+08:00][sql] SELECT `site_id`,`app_module`,`config_key`,`value`,`config_desc`,`is_use`,`create_time`,`modify_time` FROM `gxfc_config` WHERE  `site_id` = 0  AND `app_module` = 'admin'  AND `config_key` = 'SHOP_JOIN_ADV_CONFIG' LIMIT 1 [ RunTime:0.000324s ]
[2023-01-31T12:45:19+08:00][sql] SHOW FULL COLUMNS FROM `gxfc_document` [ RunTime:0.001023s ]
[2023-01-31T12:45:19+08:00][sql] SELECT `site_id`,`app_module`,`document_key`,`title`,`content`,`create_time`,`modify_time` FROM `gxfc_document` WHERE  `site_id` = 0  AND `app_module` = 'admin'  AND `document_key` = 'SHOP_JOIN_GUIDE_1' LIMIT 1 [ RunTime:0.000311s ]
[2023-01-31T12:45:19+08:00][sql] SELECT `site_id`,`app_module`,`document_key`,`title`,`content`,`create_time`,`modify_time` FROM `gxfc_document` WHERE  `site_id` = 0  AND `app_module` = 'admin'  AND `document_key` = 'SHOP_JOIN_GUIDE_2' LIMIT 1 [ RunTime:0.000306s ]
[2023-01-31T12:45:19+08:00][sql] SELECT `site_id`,`app_module`,`document_key`,`title`,`content`,`create_time`,`modify_time` FROM `gxfc_document` WHERE  `site_id` = 0  AND `app_module` = 'admin'  AND `document_key` = 'SHOP_JOIN_GUIDE_3' LIMIT 1 [ RunTime:0.000297s ]
[2023-01-31T12:45:19+08:00][sql] SELECT `site_id`,`app_module`,`document_key`,`title`,`content`,`create_time`,`modify_time` FROM `gxfc_document` WHERE  `site_id` = 0  AND `app_module` = 'admin'  AND `document_key` = 'SHOP_JOIN_GUIDE_4' LIMIT 1 [ RunTime:0.000267s ]
[2023-01-31T12:45:19+08:00][sql] SHOW FULL COLUMNS FROM `gxfc_website` [ RunTime:0.001053s ]
[2023-01-31T12:45:19+08:00][sql] SELECT `web_phone`,`web_email`,`web_qrcode`,`web_qq`,`web_weixin`,`logo` FROM `gxfc_website` WHERE  `site_id` = 0 LIMIT 1 [ RunTime:0.000237s ]
[2023-01-31T13:24:46+08:00][sql] CONNECT:[ UseTime:0.000396s ] mysql:host=127.0.0.1;port=3306;dbname=hunqin;charset=utf8
[2023-01-31T13:24:46+08:00][sql] SHOW FULL COLUMNS FROM `gxfc_config` [ RunTime:0.001086s ]
[2023-01-31T13:24:46+08:00][sql] SELECT `site_id`,`app_module`,`config_key`,`value`,`config_desc`,`is_use`,`create_time`,`modify_time` FROM `gxfc_config` WHERE  `site_id` = 0  AND `app_module` = 'admin'  AND `config_key` = 'CAPTCHA_CONFIG' LIMIT 1 [ RunTime:0.000341s ]
[2023-01-31T13:24:46+08:00][sql] SELECT `site_id`,`app_module`,`config_key`,`value`,`config_desc`,`is_use`,`create_time`,`modify_time` FROM `gxfc_config` WHERE  `site_id` = 0  AND `app_module` = 'admin'  AND `config_key` = 'SHOP_JOIN_ADV_CONFIG' LIMIT 1 [ RunTime:0.000336s ]
[2023-01-31T17:22:59+08:00][sql] CONNECT:[ UseTime:0.000394s ] mysql:host=127.0.0.1;port=3306;dbname=hunqin;charset=utf8
[2023-01-31T17:22:59+08:00][sql] SHOW FULL COLUMNS FROM `gxfc_config` [ RunTime:0.001098s ]
[2023-01-31T17:22:59+08:00][sql] SELECT `site_id`,`app_module`,`config_key`,`value`,`config_desc`,`is_use`,`create_time`,`modify_time` FROM `gxfc_config` WHERE  `site_id` = 0  AND `app_module` = 'admin'  AND `config_key` = 'CAPTCHA_CONFIG' LIMIT 1 [ RunTime:0.000308s ]
[2023-01-31T17:22:59+08:00][sql] SELECT `site_id`,`app_module`,`config_key`,`value`,`config_desc`,`is_use`,`create_time`,`modify_time` FROM `gxfc_config` WHERE  `site_id` = 0  AND `app_module` = 'admin'  AND `config_key` = 'SHOP_JOIN_ADV_CONFIG' LIMIT 1 [ RunTime:0.000379s ]
[2023-01-31T17:22:59+08:00][sql] SHOW FULL COLUMNS FROM `gxfc_document` [ RunTime:0.000999s ]
[2023-01-31T17:22:59+08:00][sql] SELECT `site_id`,`app_module`,`document_key`,`title`,`content`,`create_time`,`modify_time` FROM `gxfc_document` WHERE  `site_id` = 0  AND `app_module` = 'admin'  AND `document_key` = 'SHOP_JOIN_GUIDE_1' LIMIT 1 [ RunTime:0.000322s ]
[2023-01-31T17:22:59+08:00][sql] SELECT `site_id`,`app_module`,`document_key`,`title`,`content`,`create_time`,`modify_time` FROM `gxfc_document` WHERE  `site_id` = 0  AND `app_module` = 'admin'  AND `document_key` = 'SHOP_JOIN_GUIDE_2' LIMIT 1 [ RunTime:0.000330s ]
[2023-01-31T17:22:59+08:00][sql] SELECT `site_id`,`app_module`,`document_key`,`title`,`content`,`create_time`,`modify_time` FROM `gxfc_document` WHERE  `site_id` = 0  AND `app_module` = 'admin'  AND `document_key` = 'SHOP_JOIN_GUIDE_3' LIMIT 1 [ RunTime:0.000290s ]
[2023-01-31T17:22:59+08:00][sql] SELECT `site_id`,`app_module`,`document_key`,`title`,`content`,`create_time`,`modify_time` FROM `gxfc_document` WHERE  `site_id` = 0  AND `app_module` = 'admin'  AND `document_key` = 'SHOP_JOIN_GUIDE_4' LIMIT 1 [ RunTime:0.000276s ]
[2023-01-31T17:22:59+08:00][sql] SHOW FULL COLUMNS FROM `gxfc_website` [ RunTime:0.001076s ]
[2023-01-31T17:22:59+08:00][sql] SELECT `web_phone`,`web_email`,`web_qrcode`,`web_qq`,`web_weixin`,`logo` FROM `gxfc_website` WHERE  `site_id` = 0 LIMIT 1 [ RunTime:0.000253s ]
