[2022-12-07T10:01:13+08:00][sql] CONNECT:[ UseTime:0.000451s ] mysql:host=127.0.0.1;port=3306;dbname=hunqin;charset=utf8
[2022-12-07T10:01:13+08:00][sql] SHOW FULL COLUMNS FROM `gxfc_user` [ RunTime:0.000641s ]
[2022-12-07T10:01:13+08:00][sql] SELECT `uid`,`app_module`,`app_group`,`is_admin`,`site_id`,`group_id`,`group_name`,`username`,`password`,`member_id`,`create_time`,`update_time`,`status`,`login_time`,`login_ip` FROM `gxfc_user` WHERE  `username` = 'admin'  AND `app_module` = 'admin' LIMIT 1 [ RunTime:0.000361s ]
[2022-12-07T10:01:13+08:00][sql] UPDATE `gxfc_user`  SET `login_time` = 1670378473 , `login_ip` = '171.83.116.11'  WHERE  `uid` = 1 [ RunTime:0.009038s ]
[2022-12-07T10:01:13+08:00][sql] SHOW FULL COLUMNS FROM `gxfc_user_log` [ RunTime:0.000680s ]
[2022-12-07T10:01:13+08:00][sql] INSERT INTO `gxfc_user_log` SET `uid` = 1 , `username` = 'admin' , `site_id` = 0 , `url` = 'admin/Login/login' , `ip` = '171.83.116.11' , `data` = '[]' , `action_name` = '用户登录' , `create_time` = 1670378473 [ RunTime:0.005904s ]
[2022-12-07T10:01:14+08:00][sql] CONNECT:[ UseTime:0.000468s ] mysql:host=127.0.0.1;port=3306;dbname=hunqin;charset=utf8
[2022-12-07T10:01:14+08:00][sql] SHOW FULL COLUMNS FROM `gxfc_stat_shop` [ RunTime:0.000695s ]
[2022-12-07T10:01:14+08:00][sql] SELECT `id`,`site_id`,`year`,`month`,`day`,`order_total`,`shipping_total`,`refund_total`,`order_pay_count`,`goods_pay_count`,`shop_money`,`platform_money`,`create_time`,`modify_time`,`collect_shop`,`collect_goods`,`visit_count`,`order_count`,`goods_count`,`add_goods_count`,`day_time`,`member_count` FROM `gxfc_stat_shop` WHERE  `site_id` = 0  AND `year` = 2022  AND `month` = 12  AND `day` = 7 LIMIT 1 [ RunTime:0.000378s ]
[2022-12-07T10:01:14+08:00][sql] INSERT INTO `gxfc_stat_shop` SET `site_id` = 0 , `year` = 2022 , `month` = 12 , `day` = 7 , `day_time` = 1670342400 [ RunTime:0.008118s ]
[2022-12-07T10:01:14+08:00][sql] SELECT `id`,`site_id`,`year`,`month`,`day`,`order_total`,`shipping_total`,`refund_total`,`order_pay_count`,`goods_pay_count`,`shop_money`,`platform_money`,`create_time`,`modify_time`,`collect_shop`,`collect_goods`,`visit_count`,`order_count`,`goods_count`,`add_goods_count`,`day_time`,`member_count` FROM `gxfc_stat_shop` WHERE  `site_id` = 0  AND `year` = 2022  AND `month` = 12  AND `day` = 7  AND `day_time` = 1670342400 LIMIT 1 [ RunTime:0.000547s ]
[2022-12-07T10:01:14+08:00][sql] SELECT `id`,`site_id`,`year`,`month`,`day`,`order_total`,`shipping_total`,`refund_total`,`order_pay_count`,`goods_pay_count`,`shop_money`,`platform_money`,`create_time`,`modify_time`,`collect_shop`,`collect_goods`,`visit_count`,`order_count`,`goods_count`,`add_goods_count`,`day_time`,`member_count` FROM `gxfc_stat_shop` WHERE  `site_id` = 0  AND `year` = 2022  AND `month` = 12  AND `day` = 7 LIMIT 1 [ RunTime:0.000360s ]
[2022-12-07T10:01:14+08:00][sql] SELECT `id`,`site_id`,`year`,`month`,`day`,`order_total`,`shipping_total`,`refund_total`,`order_pay_count`,`goods_pay_count`,`shop_money`,`platform_money`,`create_time`,`modify_time`,`collect_shop`,`collect_goods`,`visit_count`,`order_count`,`goods_count`,`add_goods_count`,`day_time`,`member_count` FROM `gxfc_stat_shop` WHERE  `site_id` = 0  AND `year` = 2022  AND `month` = 12  AND `day` = 6 LIMIT 1 [ RunTime:0.000373s ]
[2022-12-07T10:01:14+08:00][sql] SELECT `id`,`site_id`,`year`,`month`,`day`,`order_total`,`shipping_total`,`refund_total`,`order_pay_count`,`goods_pay_count`,`shop_money`,`platform_money`,`create_time`,`modify_time`,`collect_shop`,`collect_goods`,`visit_count`,`order_count`,`goods_count`,`add_goods_count`,`day_time`,`member_count` FROM `gxfc_stat_shop` WHERE  `site_id` = 0  AND `year` = 2022  AND `month` = 11  AND `day` = 28 LIMIT 1 [ RunTime:0.000366s ]
[2022-12-07T10:01:14+08:00][sql] SELECT `id`,`site_id`,`year`,`month`,`day`,`order_total`,`shipping_total`,`refund_total`,`order_pay_count`,`goods_pay_count`,`shop_money`,`platform_money`,`create_time`,`modify_time`,`collect_shop`,`collect_goods`,`visit_count`,`order_count`,`goods_count`,`add_goods_count`,`day_time`,`member_count` FROM `gxfc_stat_shop` WHERE  `site_id` = 0  AND `year` = 2022  AND `month` = 11  AND `day` = 29 LIMIT 1 [ RunTime:0.000348s ]
[2022-12-07T10:01:14+08:00][sql] SELECT `id`,`site_id`,`year`,`month`,`day`,`order_total`,`shipping_total`,`refund_total`,`order_pay_count`,`goods_pay_count`,`shop_money`,`platform_money`,`create_time`,`modify_time`,`collect_shop`,`collect_goods`,`visit_count`,`order_count`,`goods_count`,`add_goods_count`,`day_time`,`member_count` FROM `gxfc_stat_shop` WHERE  `site_id` = 0  AND `year` = 2022  AND `month` = 11  AND `day` = 30 LIMIT 1 [ RunTime:0.000331s ]
[2022-12-07T10:01:14+08:00][sql] SELECT `id`,`site_id`,`year`,`month`,`day`,`order_total`,`shipping_total`,`refund_total`,`order_pay_count`,`goods_pay_count`,`shop_money`,`platform_money`,`create_time`,`modify_time`,`collect_shop`,`collect_goods`,`visit_count`,`order_count`,`goods_count`,`add_goods_count`,`day_time`,`member_count` FROM `gxfc_stat_shop` WHERE  `site_id` = 0  AND `year` = 2022  AND `month` = 12  AND `day` = 01 LIMIT 1 [ RunTime:0.000411s ]
[2022-12-07T10:01:14+08:00][sql] SELECT `id`,`site_id`,`year`,`month`,`day`,`order_total`,`shipping_total`,`refund_total`,`order_pay_count`,`goods_pay_count`,`shop_money`,`platform_money`,`create_time`,`modify_time`,`collect_shop`,`collect_goods`,`visit_count`,`order_count`,`goods_count`,`add_goods_count`,`day_time`,`member_count` FROM `gxfc_stat_shop` WHERE  `site_id` = 0  AND `year` = 2022  AND `month` = 12  AND `day` = 02 LIMIT 1 [ RunTime:0.000362s ]
[2022-12-07T10:01:14+08:00][sql] SELECT `id`,`site_id`,`year`,`month`,`day`,`order_total`,`shipping_total`,`refund_total`,`order_pay_count`,`goods_pay_count`,`shop_money`,`platform_money`,`create_time`,`modify_time`,`collect_shop`,`collect_goods`,`visit_count`,`order_count`,`goods_count`,`add_goods_count`,`day_time`,`member_count` FROM `gxfc_stat_shop` WHERE  `site_id` = 0  AND `year` = 2022  AND `month` = 12  AND `day` = 03 LIMIT 1 [ RunTime:0.000331s ]
[2022-12-07T10:01:14+08:00][sql] SELECT `id`,`site_id`,`year`,`month`,`day`,`order_total`,`shipping_total`,`refund_total`,`order_pay_count`,`goods_pay_count`,`shop_money`,`platform_money`,`create_time`,`modify_time`,`collect_shop`,`collect_goods`,`visit_count`,`order_count`,`goods_count`,`add_goods_count`,`day_time`,`member_count` FROM `gxfc_stat_shop` WHERE  `site_id` = 0  AND `year` = 2022  AND `month` = 12  AND `day` = 04 LIMIT 1 [ RunTime:0.000314s ]
[2022-12-07T10:01:14+08:00][sql] INSERT INTO `gxfc_stat_shop` SET `site_id` = 0 , `year` = 2022 , `month` = 12 , `day` = 04 , `day_time` = 1670342400 [ RunTime:0.006398s ]
[2022-12-07T10:01:14+08:00][sql] SELECT `id`,`site_id`,`year`,`month`,`day`,`order_total`,`shipping_total`,`refund_total`,`order_pay_count`,`goods_pay_count`,`shop_money`,`platform_money`,`create_time`,`modify_time`,`collect_shop`,`collect_goods`,`visit_count`,`order_count`,`goods_count`,`add_goods_count`,`day_time`,`member_count` FROM `gxfc_stat_shop` WHERE  `site_id` = 0  AND `year` = 2022  AND `month` = 12  AND `day` = 04  AND `day_time` = 1670342400 LIMIT 1 [ RunTime:0.000439s ]
[2022-12-07T10:01:14+08:00][sql] SELECT `id`,`site_id`,`year`,`month`,`day`,`order_total`,`shipping_total`,`refund_total`,`order_pay_count`,`goods_pay_count`,`shop_money`,`platform_money`,`create_time`,`modify_time`,`collect_shop`,`collect_goods`,`visit_count`,`order_count`,`goods_count`,`add_goods_count`,`day_time`,`member_count` FROM `gxfc_stat_shop` WHERE  `site_id` = 0  AND `year` = 2022  AND `month` = 12  AND `day` = 05 LIMIT 1 [ RunTime:0.000378s ]
[2022-12-07T10:01:14+08:00][sql] INSERT INTO `gxfc_stat_shop` SET `site_id` = 0 , `year` = 2022 , `month` = 12 , `day` = 05 , `day_time` = 1670342400 [ RunTime:0.009100s ]
[2022-12-07T10:01:14+08:00][sql] SELECT `id`,`site_id`,`year`,`month`,`day`,`order_total`,`shipping_total`,`refund_total`,`order_pay_count`,`goods_pay_count`,`shop_money`,`platform_money`,`create_time`,`modify_time`,`collect_shop`,`collect_goods`,`visit_count`,`order_count`,`goods_count`,`add_goods_count`,`day_time`,`member_count` FROM `gxfc_stat_shop` WHERE  `site_id` = 0  AND `year` = 2022  AND `month` = 12  AND `day` = 05  AND `day_time` = 1670342400 LIMIT 1 [ RunTime:0.000515s ]
[2022-12-07T10:01:14+08:00][sql] SELECT `id`,`site_id`,`year`,`month`,`day`,`order_total`,`shipping_total`,`refund_total`,`order_pay_count`,`goods_pay_count`,`shop_money`,`platform_money`,`create_time`,`modify_time`,`collect_shop`,`collect_goods`,`visit_count`,`order_count`,`goods_count`,`add_goods_count`,`day_time`,`member_count` FROM `gxfc_stat_shop` WHERE  `site_id` = 0  AND `year` = 2022  AND `month` = 12  AND `day` = 06 LIMIT 1 [ RunTime:0.000399s ]
[2022-12-07T10:01:14+08:00][sql] SELECT `id`,`site_id`,`year`,`month`,`day`,`order_total`,`shipping_total`,`refund_total`,`order_pay_count`,`goods_pay_count`,`shop_money`,`platform_money`,`create_time`,`modify_time`,`collect_shop`,`collect_goods`,`visit_count`,`order_count`,`goods_count`,`add_goods_count`,`day_time`,`member_count` FROM `gxfc_stat_shop` WHERE  `site_id` = 0  AND `year` = 2022  AND `month` = 12  AND `day` = 07 LIMIT 1 [ RunTime:0.000365s ]
[2022-12-07T10:01:14+08:00][sql] SHOW FULL COLUMNS FROM `gxfc_order` [ RunTime:0.001033s ]
[2022-12-07T10:01:14+08:00][sql] SELECT COUNT(*) AS think_count FROM `gxfc_order` WHERE  `order_status` = 0  AND `is_delete` = 0 [ RunTime:0.000313s ]
[2022-12-07T10:01:14+08:00][sql] SELECT COUNT(*) AS think_count FROM `gxfc_order` WHERE  `order_status` = 1  AND `is_delete` = 0 [ RunTime:0.000268s ]
[2022-12-07T10:01:14+08:00][sql] SHOW FULL COLUMNS FROM `gxfc_order_goods` [ RunTime:0.000739s ]
[2022-12-07T10:01:14+08:00][sql] SELECT COUNT(*) AS think_count FROM `gxfc_order_goods` WHERE  `refund_status` NOT IN (0,3) [ RunTime:0.000922s ]
[2022-12-07T10:01:14+08:00][sql] SHOW FULL COLUMNS FROM `gxfc_goods` [ RunTime:0.000708s ]
[2022-12-07T10:01:14+08:00][sql] SELECT COUNT(*) AS think_count FROM `gxfc_goods` WHERE  `goods_state` = 1  AND `is_delete` = 0 [ RunTime:0.000362s ]
[2022-12-07T10:01:14+08:00][sql] SELECT COUNT(*) AS think_count FROM `gxfc_goods` WHERE  `goods_state` = 0  AND `is_delete` = 0 [ RunTime:0.000283s ]
[2022-12-07T10:01:14+08:00][sql] SHOW FULL COLUMNS FROM `gxfc_fenxiao_withdraw` [ RunTime:0.000687s ]
[2022-12-07T10:01:14+08:00][sql] SELECT COUNT(`id`) AS think_count FROM `gxfc_fenxiao_withdraw` WHERE  `status` = 1 [ RunTime:0.000245s ]
[2022-12-07T10:01:14+08:00][sql] SHOW FULL COLUMNS FROM `gxfc_fenxiao_apply` [ RunTime:0.000612s ]
[2022-12-07T10:01:14+08:00][sql] SELECT COUNT(`apply_id`) AS think_count FROM `gxfc_fenxiao_apply` WHERE  `status` = 1 [ RunTime:0.000230s ]
[2022-12-07T10:01:14+08:00][sql] SHOW FULL COLUMNS FROM `gxfc_order_complain` [ RunTime:0.000566s ]
[2022-12-07T10:01:14+08:00][sql] SELECT COUNT(*) AS think_count FROM `gxfc_order_complain` WHERE  `complain_status` = 1 [ RunTime:0.000256s ]
[2022-12-07T10:01:14+08:00][sql] SELECT SUM(`order_money`) AS think_sum FROM `gxfc_order` [ RunTime:0.000278s ]
[2022-12-07T10:01:14+08:00][sql] SHOW FULL COLUMNS FROM `gxfc_member` [ RunTime:0.000663s ]
[2022-12-07T10:01:14+08:00][sql] SELECT COUNT(*) AS think_count FROM `gxfc_member` [ RunTime:0.000234s ]
[2022-12-07T10:01:14+08:00][sql] SHOW FULL COLUMNS FROM `gxfc_shop_apply` [ RunTime:0.000592s ]
[2022-12-07T10:01:14+08:00][sql] SELECT COUNT(*) AS think_count FROM `gxfc_shop_apply` WHERE  `create_time` BETWEEN 1670342400 AND 1670428799 [ RunTime:0.000266s ]
[2022-12-07T10:01:14+08:00][sql] SELECT COUNT(*) AS think_count FROM `gxfc_shop_apply` WHERE  `create_time` BETWEEN 1670256000 AND 1670342399 [ RunTime:0.000244s ]
[2022-12-07T10:01:14+08:00][sql] SHOW FULL COLUMNS FROM `gxfc_shop` [ RunTime:0.000886s ]
[2022-12-07T10:01:14+08:00][sql] SELECT COUNT(*) AS think_count FROM `gxfc_shop` WHERE  `create_time` BETWEEN 1670342400 AND 1670428799 [ RunTime:0.000264s ]
[2022-12-07T10:01:14+08:00][sql] SELECT COUNT(*) AS think_count FROM `gxfc_shop` [ RunTime:0.000219s ]
[2022-12-07T10:01:14+08:00][sql] SELECT COUNT(*) AS think_count FROM `gxfc_goods` [ RunTime:0.000245s ]
[2022-12-07T10:01:32+08:00][sql] CONNECT:[ UseTime:0.000439s ] mysql:host=127.0.0.1;port=3306;dbname=hunqin;charset=utf8
[2022-12-07T10:01:32+08:00][sql] SHOW FULL COLUMNS FROM `gxfc_menu` [ RunTime:0.000781s ]
[2022-12-07T10:01:32+08:00][sql] SELECT `id`,`app_module`,`name`,`title`,`parent`,`level`,`url`,`is_show`,`sort`,`desc`,`picture`,`is_icon`,`picture_select`,`is_control`,`addon` FROM `gxfc_menu` WHERE  `url` = 'admin/System/addon'  AND `app_module` = 'admin' ORDER BY `level` DESC LIMIT 1 [ RunTime:0.000486s ]
[2022-12-07T10:01:32+08:00][sql] SELECT `id`,`app_module`,`name`,`title`,`parent`,`level`,`url`,`is_show`,`sort`,`desc`,`picture`,`is_icon`,`picture_select`,`is_control`,`addon` FROM `gxfc_menu` WHERE  `name` = 'CONFIG_SYSTEM_ADDON'  AND `app_module` = 'admin' LIMIT 1 [ RunTime:0.000388s ]
[2022-12-07T10:01:32+08:00][sql] SHOW FULL COLUMNS FROM `gxfc_addon` [ RunTime:0.000748s ]
[2022-12-07T10:01:32+08:00][sql] SELECT `name` FROM `gxfc_addon` [ RunTime:0.000365s ]
[2022-12-07T10:01:32+08:00][sql] SELECT `parent` FROM `gxfc_menu` WHERE  `url` = 'admin/system/addon'  AND `level` = 4 LIMIT 1 [ RunTime:0.000372s ]
[2022-12-07T10:03:35+08:00][sql] CONNECT:[ UseTime:0.000425s ] mysql:host=127.0.0.1;port=3306;dbname=hunqin;charset=utf8
[2022-12-07T10:03:35+08:00][sql] SHOW FULL COLUMNS FROM `gxfc_menu` [ RunTime:0.000748s ]
[2022-12-07T10:03:35+08:00][sql] SELECT `id`,`app_module`,`name`,`title`,`parent`,`level`,`url`,`is_show`,`sort`,`desc`,`picture`,`is_icon`,`picture_select`,`is_control`,`addon` FROM `gxfc_menu` WHERE  `url` = 'admin/Diy/index'  AND `app_module` = 'admin' ORDER BY `level` DESC LIMIT 1 [ RunTime:0.000465s ]
[2022-12-07T10:03:35+08:00][sql] SELECT `id`,`app_module`,`name`,`title`,`parent`,`level`,`url`,`is_show`,`sort`,`desc`,`picture`,`is_icon`,`picture_select`,`is_control`,`addon` FROM `gxfc_menu` WHERE  `name` = 'WEBSITE_MID_INDEX'  AND `app_module` = 'admin' LIMIT 1 [ RunTime:0.000361s ]
[2022-12-07T10:03:35+08:00][sql] SELECT `id`,`app_module`,`name`,`title`,`parent`,`level`,`url`,`is_show`,`sort`,`desc`,`picture`,`is_icon`,`picture_select`,`is_control`,`addon` FROM `gxfc_menu` WHERE  `name` = 'WEBSITE_MID_CONFIG'  AND `app_module` = 'admin' LIMIT 1 [ RunTime:0.000337s ]
[2022-12-07T10:03:35+08:00][sql] SELECT `id`,`app_module`,`name`,`title`,`parent`,`level`,`url`,`is_show`,`sort`,`desc`,`picture`,`is_icon`,`picture_select`,`is_control`,`addon` FROM `gxfc_menu` WHERE  `name` = 'APPLET_ROOT'  AND `app_module` = 'admin' LIMIT 1 [ RunTime:0.000364s ]
[2022-12-07T10:03:35+08:00][sql] SHOW FULL COLUMNS FROM `gxfc_shop` [ RunTime:0.000882s ]
[2022-12-07T10:03:35+08:00][sql] SELECT `group_id` FROM `gxfc_shop` WHERE  `site_id` = 0 LIMIT 1 [ RunTime:0.000248s ]
[2022-12-07T10:03:35+08:00][sql] SHOW FULL COLUMNS FROM `gxfc_shop_group` [ RunTime:0.000584s ]
[2022-12-07T10:03:35+08:00][sql] SELECT `addon_array` FROM `gxfc_shop_group` WHERE  `group_id` IS NULL LIMIT 1 [ RunTime:0.000173s ]
[2022-12-07T10:03:35+08:00][sql] SHOW FULL COLUMNS FROM `gxfc_diy_view_util` [ RunTime:0.000657s ]
[2022-12-07T10:03:35+08:00][sql] SELECT `id`,`name`,`title`,`type`,`controller`,`value`,`addon_name`,`support_diy_view`,`max_count`,`is_delete`,`icon`,`icon_selected` FROM `gxfc_diy_view_util` WHERE  (`support_diy_view` LIKE 'DIY_VIEW_INDEX' OR `support_diy_view` LIKE '%DIY_VIEW_INDEX,%' OR `support_diy_view` LIKE '%DIY_VIEW_INDEX' OR `support_diy_view` LIKE '%,DIY_VIEW_INDEX,%' OR `support_diy_view` LIKE '') ORDER BY `sort` ASC [ RunTime:0.000446s ]
[2022-12-07T10:03:35+08:00][sql] SHOW FULL COLUMNS FROM `gxfc_site_diy_view` [ RunTime:0.000490s ]
[2022-12-07T10:03:35+08:00][sql] SELECT `site_id`,`name` FROM `gxfc_site_diy_view` WHERE  `site_id` = 0  AND `name` = 'DIY_VIEW_INDEX' LIMIT 1 [ RunTime:0.000263s ]
[2022-12-07T10:03:35+08:00][sql] SHOW FULL COLUMNS FROM `gxfc_config` [ RunTime:0.000496s ]
[2022-12-07T10:03:35+08:00][sql] SELECT `site_id`,`app_module`,`config_key`,`value`,`config_desc`,`is_use`,`create_time`,`modify_time` FROM `gxfc_config` WHERE  `site_id` = 0  AND `app_module` = 'admin'  AND `config_key` = 'H5_DOMAIN_NAME' LIMIT 1 [ RunTime:0.000263s ]
[2022-12-07T10:03:35+08:00][sql] SELECT `site_id`,`app_module`,`config_key`,`value`,`config_desc`,`is_use`,`create_time`,`modify_time` FROM `gxfc_config` WHERE  `site_id` = 0  AND `app_module` = 'admin'  AND `config_key` = 'WEAPP_CONFIG' LIMIT 1 [ RunTime:0.000432s ]
[2022-12-07T10:03:35+08:00][sql] SELECT `site_id`,`app_module`,`config_key`,`value`,`config_desc`,`is_use`,`create_time`,`modify_time` FROM `gxfc_config` WHERE  `site_id` = 0  AND `app_module` = 'admin'  AND `config_key` = 'WECHAT_CONFIG' LIMIT 1 [ RunTime:0.000560s ]
[2022-12-07T10:03:35+08:00][sql] SELECT `sdv`.`id`,`sdv`.`site_id`,`sdv`.`name`,`sdv`.`title`,`sdv`.`value`,`sdv`.`type`,`dvt`.`addon_name` FROM `gxfc_site_diy_view` `sdv` LEFT JOIN `gxfc_diy_view_temp` `dvt` ON `sdv`.`name`=`dvt`.`name` WHERE  `sdv`.`site_id` = 0  AND `sdv`.`name` = 'DIY_VIEW_INDEX' LIMIT 1 [ RunTime:0.000551s ]
[2022-12-07T10:03:37+08:00][sql] CONNECT:[ UseTime:0.000410s ] mysql:host=127.0.0.1;port=3306;dbname=hunqin;charset=utf8
[2022-12-07T10:03:37+08:00][sql] SHOW FULL COLUMNS FROM `gxfc_menu` [ RunTime:0.000686s ]
[2022-12-07T10:03:37+08:00][sql] SELECT `id`,`app_module`,`name`,`title`,`parent`,`level`,`url`,`is_show`,`sort`,`desc`,`picture`,`is_icon`,`picture_select`,`is_control`,`addon` FROM `gxfc_menu` WHERE  `url` = 'admin/System/cache'  AND `app_module` = 'admin' ORDER BY `level` DESC LIMIT 1 [ RunTime:0.000499s ]
[2022-12-07T10:03:37+08:00][sql] SELECT `id`,`app_module`,`name`,`title`,`parent`,`level`,`url`,`is_show`,`sort`,`desc`,`picture`,`is_icon`,`picture_select`,`is_control`,`addon` FROM `gxfc_menu` WHERE  `name` = 'CONFIG_SYSTEM_CACHE'  AND `app_module` = 'admin' LIMIT 1 [ RunTime:0.000338s ]
[2022-12-07T10:04:03+08:00][sql] CONNECT:[ UseTime:0.000438s ] mysql:host=127.0.0.1;port=3306;dbname=hunqin;charset=utf8
[2022-12-07T10:04:03+08:00][sql] SHOW FULL COLUMNS FROM `gxfc_menu` [ RunTime:0.000726s ]
[2022-12-07T10:04:03+08:00][sql] SELECT `id`,`app_module`,`name`,`title`,`parent`,`level`,`url`,`is_show`,`sort`,`desc`,`picture`,`is_icon`,`picture_select`,`is_control`,`addon` FROM `gxfc_menu` WHERE  `url` = 'admin/Upload/config'  AND `app_module` = 'admin' ORDER BY `level` DESC LIMIT 1 [ RunTime:0.000549s ]
[2022-12-07T10:04:03+08:00][sql] SELECT `id`,`app_module`,`name`,`title`,`parent`,`level`,`url`,`is_show`,`sort`,`desc`,`picture`,`is_icon`,`picture_select`,`is_control`,`addon` FROM `gxfc_menu` WHERE  `name` = 'CONFIG_UPLOAD_SET'  AND `app_module` = 'admin' LIMIT 1 [ RunTime:0.000439s ]
[2022-12-07T10:04:03+08:00][sql] SELECT `id`,`app_module`,`name`,`title`,`parent`,`level`,`url`,`is_show`,`sort`,`desc`,`picture`,`is_icon`,`picture_select`,`is_control`,`addon` FROM `gxfc_menu` WHERE  `name` = 'CONFIG_UPLOAD'  AND `app_module` = 'admin' LIMIT 1 [ RunTime:0.000400s ]
[2022-12-07T10:04:03+08:00][sql] SELECT `id`,`app_module`,`name`,`title`,`parent`,`level`,`url`,`is_show`,`sort`,`desc`,`picture`,`is_icon`,`picture_select`,`is_control`,`addon` FROM `gxfc_menu` WHERE  `name` = 'CONFIG_BASE'  AND `app_module` = 'admin' LIMIT 1 [ RunTime:0.000353s ]
[2022-12-07T10:04:03+08:00][sql] SELECT `parent` FROM `gxfc_menu` WHERE  `url` = 'admin/upload/config'  AND `level` = 4 LIMIT 1 [ RunTime:0.000573s ]
[2022-12-07T10:04:03+08:00][sql] SELECT * FROM `gxfc_menu` WHERE  `app_module` = 'admin'  AND `is_show` = 1  AND `parent` = 'CONFIG_UPLOAD' ORDER BY `sort` ASC [ RunTime:0.000563s ]
[2022-12-07T10:04:03+08:00][sql] SHOW FULL COLUMNS FROM `gxfc_config` [ RunTime:0.000671s ]
[2022-12-07T10:04:03+08:00][sql] SELECT `site_id`,`app_module`,`config_key`,`value`,`config_desc`,`is_use`,`create_time`,`modify_time` FROM `gxfc_config` WHERE  `site_id` = 0  AND `app_module` = 'admin'  AND `config_key` = 'UPLOAD_CONFIG' LIMIT 1 [ RunTime:0.000321s ]
[2022-12-07T10:05:15+08:00][sql] CONNECT:[ UseTime:0.000423s ] mysql:host=127.0.0.1;port=3306;dbname=hunqin;charset=utf8
[2022-12-07T10:05:15+08:00][sql] SHOW FULL COLUMNS FROM `gxfc_menu` [ RunTime:0.000721s ]
[2022-12-07T10:05:15+08:00][sql] SELECT `id`,`app_module`,`name`,`title`,`parent`,`level`,`url`,`is_show`,`sort`,`desc`,`picture`,`is_icon`,`picture_select`,`is_control`,`addon` FROM `gxfc_menu` WHERE  `url` = 'admin/Config/defaultPicture'  AND `app_module` = 'admin' ORDER BY `level` DESC LIMIT 1 [ RunTime:0.000458s ]
[2022-12-07T10:05:15+08:00][sql] SELECT `id`,`app_module`,`name`,`title`,`parent`,`level`,`url`,`is_show`,`sort`,`desc`,`picture`,`is_icon`,`picture_select`,`is_control`,`addon` FROM `gxfc_menu` WHERE  `name` = 'CONFIG_DEFAULT_PICTURE'  AND `app_module` = 'admin' LIMIT 1 [ RunTime:0.000372s ]
[2022-12-07T10:05:43+08:00][sql] CONNECT:[ UseTime:0.000400s ] mysql:host=127.0.0.1;port=3306;dbname=hunqin;charset=utf8
[2022-12-07T10:05:43+08:00][sql] SHOW FULL COLUMNS FROM `gxfc_menu` [ RunTime:0.000699s ]
[2022-12-07T10:05:43+08:00][sql] SELECT `id`,`app_module`,`name`,`title`,`parent`,`level`,`url`,`is_show`,`sort`,`desc`,`picture`,`is_icon`,`picture_select`,`is_control`,`addon` FROM `gxfc_menu` WHERE  `url` = 'admin/Upload/oss'  AND `app_module` = 'admin' ORDER BY `level` DESC LIMIT 1 [ RunTime:0.000529s ]
[2022-12-07T10:05:43+08:00][sql] SELECT `id`,`app_module`,`name`,`title`,`parent`,`level`,`url`,`is_show`,`sort`,`desc`,`picture`,`is_icon`,`picture_select`,`is_control`,`addon` FROM `gxfc_menu` WHERE  `name` = 'UPLOAD_OSS'  AND `app_module` = 'admin' LIMIT 1 [ RunTime:0.000432s ]
[2022-12-07T10:05:43+08:00][sql] SELECT `parent` FROM `gxfc_menu` WHERE  `url` = 'admin/upload/oss'  AND `level` = 4 LIMIT 1 [ RunTime:0.000521s ]
[2022-12-07T16:37:33+08:00][sql] CONNECT:[ UseTime:0.000425s ] mysql:host=127.0.0.1;port=3306;dbname=hunqin;charset=utf8
[2022-12-07T16:37:33+08:00][sql] SHOW FULL COLUMNS FROM `gxfc_user` [ RunTime:0.000651s ]
[2022-12-07T16:37:33+08:00][sql] SELECT `uid`,`app_module`,`app_group`,`is_admin`,`site_id`,`group_id`,`group_name`,`username`,`password`,`member_id`,`create_time`,`update_time`,`status`,`login_time`,`login_ip` FROM `gxfc_user` WHERE  `username` = 'hyhl'  AND `app_module` = 'admin' LIMIT 1 [ RunTime:0.000389s ]
[2022-12-07T16:37:33+08:00][sql] UPDATE `gxfc_user`  SET `login_time` = 1670402253 , `login_ip` = '27.27.163.24'  WHERE  `uid` = 75 [ RunTime:0.007535s ]
[2022-12-07T16:37:33+08:00][sql] SHOW FULL COLUMNS FROM `gxfc_user_log` [ RunTime:0.000639s ]
[2022-12-07T16:37:33+08:00][sql] INSERT INTO `gxfc_user_log` SET `uid` = 75 , `username` = 'hyhl' , `site_id` = 0 , `url` = 'admin/Login/login' , `ip` = '27.27.163.24' , `data` = '[]' , `action_name` = '用户登录' , `create_time` = 1670402253 [ RunTime:0.006634s ]
[2022-12-07T16:37:34+08:00][sql] CONNECT:[ UseTime:0.000404s ] mysql:host=127.0.0.1;port=3306;dbname=hunqin;charset=utf8
[2022-12-07T16:37:34+08:00][sql] SHOW FULL COLUMNS FROM `gxfc_menu` [ RunTime:0.000669s ]
[2022-12-07T16:37:34+08:00][sql] SELECT `id`,`app_module`,`name`,`title`,`parent`,`level`,`url`,`is_show`,`sort`,`desc`,`picture`,`is_icon`,`picture_select`,`is_control`,`addon` FROM `gxfc_menu` WHERE  `url` = 'admin/Index/index'  AND `app_module` = 'admin' ORDER BY `level` DESC LIMIT 1 [ RunTime:0.000432s ]
[2022-12-07T16:37:34+08:00][sql] SELECT `id`,`app_module`,`name`,`title`,`parent`,`level`,`url`,`is_show`,`sort`,`desc`,`picture`,`is_icon`,`picture_select`,`is_control`,`addon` FROM `gxfc_menu` WHERE  `name` = 'INDEX_ROOT'  AND `app_module` = 'admin' LIMIT 1 [ RunTime:0.000334s ]
[2022-12-07T16:37:34+08:00][sql] SHOW FULL COLUMNS FROM `gxfc_stat_shop` [ RunTime:0.000855s ]
[2022-12-07T16:37:34+08:00][sql] SELECT `id`,`site_id`,`year`,`month`,`day`,`order_total`,`shipping_total`,`refund_total`,`order_pay_count`,`goods_pay_count`,`shop_money`,`platform_money`,`create_time`,`modify_time`,`collect_shop`,`collect_goods`,`visit_count`,`order_count`,`goods_count`,`add_goods_count`,`day_time`,`member_count` FROM `gxfc_stat_shop` WHERE  `site_id` = 0  AND `year` = 2022  AND `month` = 12  AND `day` = 7 LIMIT 1 [ RunTime:0.000495s ]
[2022-12-07T16:37:34+08:00][sql] SELECT `id`,`site_id`,`year`,`month`,`day`,`order_total`,`shipping_total`,`refund_total`,`order_pay_count`,`goods_pay_count`,`shop_money`,`platform_money`,`create_time`,`modify_time`,`collect_shop`,`collect_goods`,`visit_count`,`order_count`,`goods_count`,`add_goods_count`,`day_time`,`member_count` FROM `gxfc_stat_shop` WHERE  `site_id` = 0  AND `year` = 2022  AND `month` = 12  AND `day` = 7 LIMIT 1 [ RunTime:0.000398s ]
[2022-12-07T16:37:34+08:00][sql] SELECT `id`,`site_id`,`year`,`month`,`day`,`order_total`,`shipping_total`,`refund_total`,`order_pay_count`,`goods_pay_count`,`shop_money`,`platform_money`,`create_time`,`modify_time`,`collect_shop`,`collect_goods`,`visit_count`,`order_count`,`goods_count`,`add_goods_count`,`day_time`,`member_count` FROM `gxfc_stat_shop` WHERE  `site_id` = 0  AND `year` = 2022  AND `month` = 12  AND `day` = 6 LIMIT 1 [ RunTime:0.000376s ]
[2022-12-07T16:37:34+08:00][sql] SELECT `id`,`site_id`,`year`,`month`,`day`,`order_total`,`shipping_total`,`refund_total`,`order_pay_count`,`goods_pay_count`,`shop_money`,`platform_money`,`create_time`,`modify_time`,`collect_shop`,`collect_goods`,`visit_count`,`order_count`,`goods_count`,`add_goods_count`,`day_time`,`member_count` FROM `gxfc_stat_shop` WHERE  `site_id` = 0  AND `year` = 2022  AND `month` = 11  AND `day` = 28 LIMIT 1 [ RunTime:0.000405s ]
[2022-12-07T16:37:34+08:00][sql] SELECT `id`,`site_id`,`year`,`month`,`day`,`order_total`,`shipping_total`,`refund_total`,`order_pay_count`,`goods_pay_count`,`shop_money`,`platform_money`,`create_time`,`modify_time`,`collect_shop`,`collect_goods`,`visit_count`,`order_count`,`goods_count`,`add_goods_count`,`day_time`,`member_count` FROM `gxfc_stat_shop` WHERE  `site_id` = 0  AND `year` = 2022  AND `month` = 11  AND `day` = 29 LIMIT 1 [ RunTime:0.000361s ]
[2022-12-07T16:37:34+08:00][sql] SELECT `id`,`site_id`,`year`,`month`,`day`,`order_total`,`shipping_total`,`refund_total`,`order_pay_count`,`goods_pay_count`,`shop_money`,`platform_money`,`create_time`,`modify_time`,`collect_shop`,`collect_goods`,`visit_count`,`order_count`,`goods_count`,`add_goods_count`,`day_time`,`member_count` FROM `gxfc_stat_shop` WHERE  `site_id` = 0  AND `year` = 2022  AND `month` = 11  AND `day` = 30 LIMIT 1 [ RunTime:0.000334s ]
[2022-12-07T16:37:34+08:00][sql] SELECT `id`,`site_id`,`year`,`month`,`day`,`order_total`,`shipping_total`,`refund_total`,`order_pay_count`,`goods_pay_count`,`shop_money`,`platform_money`,`create_time`,`modify_time`,`collect_shop`,`collect_goods`,`visit_count`,`order_count`,`goods_count`,`add_goods_count`,`day_time`,`member_count` FROM `gxfc_stat_shop` WHERE  `site_id` = 0  AND `year` = 2022  AND `month` = 12  AND `day` = 01 LIMIT 1 [ RunTime:0.000325s ]
[2022-12-07T16:37:34+08:00][sql] SELECT `id`,`site_id`,`year`,`month`,`day`,`order_total`,`shipping_total`,`refund_total`,`order_pay_count`,`goods_pay_count`,`shop_money`,`platform_money`,`create_time`,`modify_time`,`collect_shop`,`collect_goods`,`visit_count`,`order_count`,`goods_count`,`add_goods_count`,`day_time`,`member_count` FROM `gxfc_stat_shop` WHERE  `site_id` = 0  AND `year` = 2022  AND `month` = 12  AND `day` = 02 LIMIT 1 [ RunTime:0.000331s ]
[2022-12-07T16:37:34+08:00][sql] SELECT `id`,`site_id`,`year`,`month`,`day`,`order_total`,`shipping_total`,`refund_total`,`order_pay_count`,`goods_pay_count`,`shop_money`,`platform_money`,`create_time`,`modify_time`,`collect_shop`,`collect_goods`,`visit_count`,`order_count`,`goods_count`,`add_goods_count`,`day_time`,`member_count` FROM `gxfc_stat_shop` WHERE  `site_id` = 0  AND `year` = 2022  AND `month` = 12  AND `day` = 03 LIMIT 1 [ RunTime:0.000337s ]
[2022-12-07T16:37:34+08:00][sql] SELECT `id`,`site_id`,`year`,`month`,`day`,`order_total`,`shipping_total`,`refund_total`,`order_pay_count`,`goods_pay_count`,`shop_money`,`platform_money`,`create_time`,`modify_time`,`collect_shop`,`collect_goods`,`visit_count`,`order_count`,`goods_count`,`add_goods_count`,`day_time`,`member_count` FROM `gxfc_stat_shop` WHERE  `site_id` = 0  AND `year` = 2022  AND `month` = 12  AND `day` = 04 LIMIT 1 [ RunTime:0.000323s ]
[2022-12-07T16:37:34+08:00][sql] SELECT `id`,`site_id`,`year`,`month`,`day`,`order_total`,`shipping_total`,`refund_total`,`order_pay_count`,`goods_pay_count`,`shop_money`,`platform_money`,`create_time`,`modify_time`,`collect_shop`,`collect_goods`,`visit_count`,`order_count`,`goods_count`,`add_goods_count`,`day_time`,`member_count` FROM `gxfc_stat_shop` WHERE  `site_id` = 0  AND `year` = 2022  AND `month` = 12  AND `day` = 05 LIMIT 1 [ RunTime:0.000333s ]
[2022-12-07T16:37:34+08:00][sql] SELECT `id`,`site_id`,`year`,`month`,`day`,`order_total`,`shipping_total`,`refund_total`,`order_pay_count`,`goods_pay_count`,`shop_money`,`platform_money`,`create_time`,`modify_time`,`collect_shop`,`collect_goods`,`visit_count`,`order_count`,`goods_count`,`add_goods_count`,`day_time`,`member_count` FROM `gxfc_stat_shop` WHERE  `site_id` = 0  AND `year` = 2022  AND `month` = 12  AND `day` = 06 LIMIT 1 [ RunTime:0.000327s ]
[2022-12-07T16:37:34+08:00][sql] SELECT `id`,`site_id`,`year`,`month`,`day`,`order_total`,`shipping_total`,`refund_total`,`order_pay_count`,`goods_pay_count`,`shop_money`,`platform_money`,`create_time`,`modify_time`,`collect_shop`,`collect_goods`,`visit_count`,`order_count`,`goods_count`,`add_goods_count`,`day_time`,`member_count` FROM `gxfc_stat_shop` WHERE  `site_id` = 0  AND `year` = 2022  AND `month` = 12  AND `day` = 07 LIMIT 1 [ RunTime:0.000329s ]
[2022-12-07T16:37:34+08:00][sql] SHOW FULL COLUMNS FROM `gxfc_order` [ RunTime:0.001034s ]
[2022-12-07T16:37:34+08:00][sql] SELECT COUNT(*) AS think_count FROM `gxfc_order` WHERE  `order_status` = 0  AND `is_delete` = 0 [ RunTime:0.000268s ]
[2022-12-07T16:37:34+08:00][sql] SELECT COUNT(*) AS think_count FROM `gxfc_order` WHERE  `order_status` = 1  AND `is_delete` = 0 [ RunTime:0.000271s ]
[2022-12-07T16:37:34+08:00][sql] SHOW FULL COLUMNS FROM `gxfc_order_goods` [ RunTime:0.000657s ]
[2022-12-07T16:37:34+08:00][sql] SELECT COUNT(*) AS think_count FROM `gxfc_order_goods` WHERE  `refund_status` NOT IN (0,3) [ RunTime:0.000835s ]
[2022-12-07T16:37:34+08:00][sql] SHOW FULL COLUMNS FROM `gxfc_goods` [ RunTime:0.000675s ]
[2022-12-07T16:37:34+08:00][sql] SELECT COUNT(*) AS think_count FROM `gxfc_goods` WHERE  `goods_state` = 1  AND `is_delete` = 0 [ RunTime:0.000280s ]
[2022-12-07T16:37:34+08:00][sql] SELECT COUNT(*) AS think_count FROM `gxfc_goods` WHERE  `goods_state` = 0  AND `is_delete` = 0 [ RunTime:0.000311s ]
[2022-12-07T16:37:34+08:00][sql] SHOW FULL COLUMNS FROM `gxfc_fenxiao_withdraw` [ RunTime:0.000573s ]
[2022-12-07T16:37:34+08:00][sql] SELECT COUNT(`id`) AS think_count FROM `gxfc_fenxiao_withdraw` WHERE  `status` = 1 [ RunTime:0.000236s ]
[2022-12-07T16:37:34+08:00][sql] SHOW FULL COLUMNS FROM `gxfc_fenxiao_apply` [ RunTime:0.000480s ]
[2022-12-07T16:37:34+08:00][sql] SELECT COUNT(`apply_id`) AS think_count FROM `gxfc_fenxiao_apply` WHERE  `status` = 1 [ RunTime:0.000224s ]
[2022-12-07T16:37:34+08:00][sql] SHOW FULL COLUMNS FROM `gxfc_order_complain` [ RunTime:0.000559s ]
[2022-12-07T16:37:34+08:00][sql] SELECT COUNT(*) AS think_count FROM `gxfc_order_complain` WHERE  `complain_status` = 1 [ RunTime:0.000275s ]
[2022-12-07T16:37:34+08:00][sql] SELECT SUM(`order_money`) AS think_sum FROM `gxfc_order` [ RunTime:0.000286s ]
[2022-12-07T16:37:34+08:00][sql] SHOW FULL COLUMNS FROM `gxfc_member` [ RunTime:0.000648s ]
[2022-12-07T16:37:34+08:00][sql] SELECT COUNT(*) AS think_count FROM `gxfc_member` [ RunTime:0.000196s ]
[2022-12-07T16:37:34+08:00][sql] SHOW FULL COLUMNS FROM `gxfc_shop_apply` [ RunTime:0.000501s ]
[2022-12-07T16:37:34+08:00][sql] SELECT COUNT(*) AS think_count FROM `gxfc_shop_apply` WHERE  `create_time` BETWEEN 1670342400 AND 1670428799 [ RunTime:0.000235s ]
[2022-12-07T16:37:34+08:00][sql] SELECT COUNT(*) AS think_count FROM `gxfc_shop_apply` WHERE  `create_time` BETWEEN 1670256000 AND 1670342399 [ RunTime:0.000225s ]
[2022-12-07T16:37:34+08:00][sql] SHOW FULL COLUMNS FROM `gxfc_shop` [ RunTime:0.000676s ]
[2022-12-07T16:37:34+08:00][sql] SELECT COUNT(*) AS think_count FROM `gxfc_shop` WHERE  `create_time` BETWEEN 1670342400 AND 1670428799 [ RunTime:0.000245s ]
[2022-12-07T16:37:34+08:00][sql] SELECT COUNT(*) AS think_count FROM `gxfc_shop` [ RunTime:0.000205s ]
[2022-12-07T16:37:34+08:00][sql] SELECT COUNT(*) AS think_count FROM `gxfc_goods` [ RunTime:0.000192s ]
