[2022-12-09T09:46:19+08:00][sql] CONNECT:[ UseTime:0.000410s ] mysql:host=127.0.0.1;port=3306;dbname=hunqin;charset=utf8
[2022-12-09T09:46:19+08:00][sql] SHOW FULL COLUMNS FROM `gxfc_user` [ RunTime:0.000696s ]
[2022-12-09T09:46:19+08:00][sql] SELECT `uid`,`app_module`,`app_group`,`is_admin`,`site_id`,`group_id`,`group_name`,`username`,`password`,`member_id`,`create_time`,`update_time`,`status`,`login_time`,`login_ip` FROM `gxfc_user` WHERE  `username` = 'admin'  AND `app_module` = 'admin' LIMIT 1 [ RunTime:0.000401s ]
[2022-12-09T09:46:19+08:00][sql] UPDATE `gxfc_user`  SET `login_time` = 1670550379 , `login_ip` = '171.113.166.16'  WHERE  `uid` = 1 [ RunTime:0.007634s ]
[2022-12-09T09:46:19+08:00][sql] SHOW FULL COLUMNS FROM `gxfc_user_log` [ RunTime:0.000523s ]
[2022-12-09T09:46:19+08:00][sql] INSERT INTO `gxfc_user_log` SET `uid` = 1 , `username` = 'admin' , `site_id` = 0 , `url` = 'admin/Login/login' , `ip` = '171.113.166.16' , `data` = '[]' , `action_name` = '用户登录' , `create_time` = 1670550379 [ RunTime:0.005271s ]
[2022-12-09T09:46:20+08:00][sql] CONNECT:[ UseTime:0.000425s ] mysql:host=127.0.0.1;port=3306;dbname=hunqin;charset=utf8
[2022-12-09T09:46:20+08:00][sql] SHOW FULL COLUMNS FROM `gxfc_stat_shop` [ RunTime:0.000824s ]
[2022-12-09T09:46:20+08:00][sql] SELECT `id`,`site_id`,`year`,`month`,`day`,`order_total`,`shipping_total`,`refund_total`,`order_pay_count`,`goods_pay_count`,`shop_money`,`platform_money`,`create_time`,`modify_time`,`collect_shop`,`collect_goods`,`visit_count`,`order_count`,`goods_count`,`add_goods_count`,`day_time`,`member_count` FROM `gxfc_stat_shop` WHERE  `site_id` = 0  AND `year` = 2022  AND `month` = 12  AND `day` = 9 LIMIT 1 [ RunTime:0.000404s ]
[2022-12-09T09:46:20+08:00][sql] INSERT INTO `gxfc_stat_shop` SET `site_id` = 0 , `year` = 2022 , `month` = 12 , `day` = 9 , `day_time` = 1670515200 [ RunTime:0.008730s ]
[2022-12-09T09:46:20+08:00][sql] SELECT `id`,`site_id`,`year`,`month`,`day`,`order_total`,`shipping_total`,`refund_total`,`order_pay_count`,`goods_pay_count`,`shop_money`,`platform_money`,`create_time`,`modify_time`,`collect_shop`,`collect_goods`,`visit_count`,`order_count`,`goods_count`,`add_goods_count`,`day_time`,`member_count` FROM `gxfc_stat_shop` WHERE  `site_id` = 0  AND `year` = 2022  AND `month` = 12  AND `day` = 9  AND `day_time` = 1670515200 LIMIT 1 [ RunTime:0.000379s ]
[2022-12-09T09:46:20+08:00][sql] SELECT `id`,`site_id`,`year`,`month`,`day`,`order_total`,`shipping_total`,`refund_total`,`order_pay_count`,`goods_pay_count`,`shop_money`,`platform_money`,`create_time`,`modify_time`,`collect_shop`,`collect_goods`,`visit_count`,`order_count`,`goods_count`,`add_goods_count`,`day_time`,`member_count` FROM `gxfc_stat_shop` WHERE  `site_id` = 0  AND `year` = 2022  AND `month` = 12  AND `day` = 9 LIMIT 1 [ RunTime:0.000396s ]
[2022-12-09T09:46:20+08:00][sql] SELECT `id`,`site_id`,`year`,`month`,`day`,`order_total`,`shipping_total`,`refund_total`,`order_pay_count`,`goods_pay_count`,`shop_money`,`platform_money`,`create_time`,`modify_time`,`collect_shop`,`collect_goods`,`visit_count`,`order_count`,`goods_count`,`add_goods_count`,`day_time`,`member_count` FROM `gxfc_stat_shop` WHERE  `site_id` = 0  AND `year` = 2022  AND `month` = 12  AND `day` = 8 LIMIT 1 [ RunTime:0.000345s ]
[2022-12-09T09:46:20+08:00][sql] SELECT `id`,`site_id`,`year`,`month`,`day`,`order_total`,`shipping_total`,`refund_total`,`order_pay_count`,`goods_pay_count`,`shop_money`,`platform_money`,`create_time`,`modify_time`,`collect_shop`,`collect_goods`,`visit_count`,`order_count`,`goods_count`,`add_goods_count`,`day_time`,`member_count` FROM `gxfc_stat_shop` WHERE  `site_id` = 0  AND `year` = 2022  AND `month` = 11  AND `day` = 30 LIMIT 1 [ RunTime:0.000381s ]
[2022-12-09T09:46:20+08:00][sql] SELECT `id`,`site_id`,`year`,`month`,`day`,`order_total`,`shipping_total`,`refund_total`,`order_pay_count`,`goods_pay_count`,`shop_money`,`platform_money`,`create_time`,`modify_time`,`collect_shop`,`collect_goods`,`visit_count`,`order_count`,`goods_count`,`add_goods_count`,`day_time`,`member_count` FROM `gxfc_stat_shop` WHERE  `site_id` = 0  AND `year` = 2022  AND `month` = 12  AND `day` = 01 LIMIT 1 [ RunTime:0.000352s ]
[2022-12-09T09:46:20+08:00][sql] SELECT `id`,`site_id`,`year`,`month`,`day`,`order_total`,`shipping_total`,`refund_total`,`order_pay_count`,`goods_pay_count`,`shop_money`,`platform_money`,`create_time`,`modify_time`,`collect_shop`,`collect_goods`,`visit_count`,`order_count`,`goods_count`,`add_goods_count`,`day_time`,`member_count` FROM `gxfc_stat_shop` WHERE  `site_id` = 0  AND `year` = 2022  AND `month` = 12  AND `day` = 02 LIMIT 1 [ RunTime:0.000367s ]
[2022-12-09T09:46:20+08:00][sql] SELECT `id`,`site_id`,`year`,`month`,`day`,`order_total`,`shipping_total`,`refund_total`,`order_pay_count`,`goods_pay_count`,`shop_money`,`platform_money`,`create_time`,`modify_time`,`collect_shop`,`collect_goods`,`visit_count`,`order_count`,`goods_count`,`add_goods_count`,`day_time`,`member_count` FROM `gxfc_stat_shop` WHERE  `site_id` = 0  AND `year` = 2022  AND `month` = 12  AND `day` = 03 LIMIT 1 [ RunTime:0.000351s ]
[2022-12-09T09:46:20+08:00][sql] SELECT `id`,`site_id`,`year`,`month`,`day`,`order_total`,`shipping_total`,`refund_total`,`order_pay_count`,`goods_pay_count`,`shop_money`,`platform_money`,`create_time`,`modify_time`,`collect_shop`,`collect_goods`,`visit_count`,`order_count`,`goods_count`,`add_goods_count`,`day_time`,`member_count` FROM `gxfc_stat_shop` WHERE  `site_id` = 0  AND `year` = 2022  AND `month` = 12  AND `day` = 04 LIMIT 1 [ RunTime:0.000332s ]
[2022-12-09T09:46:20+08:00][sql] SELECT `id`,`site_id`,`year`,`month`,`day`,`order_total`,`shipping_total`,`refund_total`,`order_pay_count`,`goods_pay_count`,`shop_money`,`platform_money`,`create_time`,`modify_time`,`collect_shop`,`collect_goods`,`visit_count`,`order_count`,`goods_count`,`add_goods_count`,`day_time`,`member_count` FROM `gxfc_stat_shop` WHERE  `site_id` = 0  AND `year` = 2022  AND `month` = 12  AND `day` = 05 LIMIT 1 [ RunTime:0.000355s ]
[2022-12-09T09:46:20+08:00][sql] SELECT `id`,`site_id`,`year`,`month`,`day`,`order_total`,`shipping_total`,`refund_total`,`order_pay_count`,`goods_pay_count`,`shop_money`,`platform_money`,`create_time`,`modify_time`,`collect_shop`,`collect_goods`,`visit_count`,`order_count`,`goods_count`,`add_goods_count`,`day_time`,`member_count` FROM `gxfc_stat_shop` WHERE  `site_id` = 0  AND `year` = 2022  AND `month` = 12  AND `day` = 06 LIMIT 1 [ RunTime:0.000339s ]
[2022-12-09T09:46:20+08:00][sql] SELECT `id`,`site_id`,`year`,`month`,`day`,`order_total`,`shipping_total`,`refund_total`,`order_pay_count`,`goods_pay_count`,`shop_money`,`platform_money`,`create_time`,`modify_time`,`collect_shop`,`collect_goods`,`visit_count`,`order_count`,`goods_count`,`add_goods_count`,`day_time`,`member_count` FROM `gxfc_stat_shop` WHERE  `site_id` = 0  AND `year` = 2022  AND `month` = 12  AND `day` = 07 LIMIT 1 [ RunTime:0.000348s ]
[2022-12-09T09:46:20+08:00][sql] SELECT `id`,`site_id`,`year`,`month`,`day`,`order_total`,`shipping_total`,`refund_total`,`order_pay_count`,`goods_pay_count`,`shop_money`,`platform_money`,`create_time`,`modify_time`,`collect_shop`,`collect_goods`,`visit_count`,`order_count`,`goods_count`,`add_goods_count`,`day_time`,`member_count` FROM `gxfc_stat_shop` WHERE  `site_id` = 0  AND `year` = 2022  AND `month` = 12  AND `day` = 08 LIMIT 1 [ RunTime:0.000341s ]
[2022-12-09T09:46:20+08:00][sql] SELECT `id`,`site_id`,`year`,`month`,`day`,`order_total`,`shipping_total`,`refund_total`,`order_pay_count`,`goods_pay_count`,`shop_money`,`platform_money`,`create_time`,`modify_time`,`collect_shop`,`collect_goods`,`visit_count`,`order_count`,`goods_count`,`add_goods_count`,`day_time`,`member_count` FROM `gxfc_stat_shop` WHERE  `site_id` = 0  AND `year` = 2022  AND `month` = 12  AND `day` = 09 LIMIT 1 [ RunTime:0.000335s ]
[2022-12-09T09:46:20+08:00][sql] SHOW FULL COLUMNS FROM `gxfc_order` [ RunTime:0.001062s ]
[2022-12-09T09:46:20+08:00][sql] SELECT COUNT(*) AS think_count FROM `gxfc_order` WHERE  `order_status` = 0  AND `is_delete` = 0 [ RunTime:0.000274s ]
[2022-12-09T09:46:20+08:00][sql] SELECT COUNT(*) AS think_count FROM `gxfc_order` WHERE  `order_status` = 1  AND `is_delete` = 0 [ RunTime:0.000249s ]
[2022-12-09T09:46:20+08:00][sql] SHOW FULL COLUMNS FROM `gxfc_order_goods` [ RunTime:0.000721s ]
[2022-12-09T09:46:20+08:00][sql] SELECT COUNT(*) AS think_count FROM `gxfc_order_goods` WHERE  `refund_status` NOT IN (0,3) [ RunTime:0.000863s ]
[2022-12-09T09:46:20+08:00][sql] SHOW FULL COLUMNS FROM `gxfc_goods` [ RunTime:0.000724s ]
[2022-12-09T09:46:20+08:00][sql] SELECT COUNT(*) AS think_count FROM `gxfc_goods` WHERE  `goods_state` = 1  AND `is_delete` = 0 [ RunTime:0.000292s ]
[2022-12-09T09:46:20+08:00][sql] SELECT COUNT(*) AS think_count FROM `gxfc_goods` WHERE  `goods_state` = 0  AND `is_delete` = 0 [ RunTime:0.000260s ]
[2022-12-09T09:46:20+08:00][sql] SHOW FULL COLUMNS FROM `gxfc_fenxiao_withdraw` [ RunTime:0.000648s ]
[2022-12-09T09:46:20+08:00][sql] SELECT COUNT(`id`) AS think_count FROM `gxfc_fenxiao_withdraw` WHERE  `status` = 1 [ RunTime:0.000228s ]
[2022-12-09T09:46:20+08:00][sql] SHOW FULL COLUMNS FROM `gxfc_fenxiao_apply` [ RunTime:0.000570s ]
[2022-12-09T09:46:20+08:00][sql] SELECT COUNT(`apply_id`) AS think_count FROM `gxfc_fenxiao_apply` WHERE  `status` = 1 [ RunTime:0.000241s ]
[2022-12-09T09:46:20+08:00][sql] SHOW FULL COLUMNS FROM `gxfc_order_complain` [ RunTime:0.000618s ]
[2022-12-09T09:46:20+08:00][sql] SELECT COUNT(*) AS think_count FROM `gxfc_order_complain` WHERE  `complain_status` = 1 [ RunTime:0.000242s ]
[2022-12-09T09:46:20+08:00][sql] SELECT SUM(`order_money`) AS think_sum FROM `gxfc_order` [ RunTime:0.000289s ]
[2022-12-09T09:46:20+08:00][sql] SHOW FULL COLUMNS FROM `gxfc_member` [ RunTime:0.000634s ]
[2022-12-09T09:46:20+08:00][sql] SELECT COUNT(*) AS think_count FROM `gxfc_member` [ RunTime:0.000208s ]
[2022-12-09T09:46:20+08:00][sql] SHOW FULL COLUMNS FROM `gxfc_shop_apply` [ RunTime:0.000539s ]
[2022-12-09T09:46:20+08:00][sql] SELECT COUNT(*) AS think_count FROM `gxfc_shop_apply` WHERE  `create_time` BETWEEN 1670515200 AND 1670601599 [ RunTime:0.000250s ]
[2022-12-09T09:46:20+08:00][sql] SELECT COUNT(*) AS think_count FROM `gxfc_shop_apply` WHERE  `create_time` BETWEEN 1670428800 AND 1670515199 [ RunTime:0.000231s ]
[2022-12-09T09:46:20+08:00][sql] SHOW FULL COLUMNS FROM `gxfc_shop` [ RunTime:0.000739s ]
[2022-12-09T09:46:20+08:00][sql] SELECT COUNT(*) AS think_count FROM `gxfc_shop` WHERE  `create_time` BETWEEN 1670515200 AND 1670601599 [ RunTime:0.000272s ]
[2022-12-09T09:46:20+08:00][sql] SELECT COUNT(*) AS think_count FROM `gxfc_shop` [ RunTime:0.000209s ]
[2022-12-09T09:46:20+08:00][sql] SELECT COUNT(*) AS think_count FROM `gxfc_goods` [ RunTime:0.000200s ]
[2022-12-09T09:46:27+08:00][sql] CONNECT:[ UseTime:0.000414s ] mysql:host=127.0.0.1;port=3306;dbname=hunqin;charset=utf8
[2022-12-09T09:46:27+08:00][sql] SHOW FULL COLUMNS FROM `gxfc_sysm` [ RunTime:0.000574s ]
[2022-12-09T09:46:27+08:00][sql] SELECT COUNT(*) AS think_count FROM `gxfc_sysm` `a` [ RunTime:0.000224s ]
[2022-12-09T09:46:27+08:00][sql] SELECT * FROM `gxfc_sysm` `a` LIMIT 0,10 [ RunTime:0.000198s ]
[2022-12-09T09:52:01+08:00][sql] CONNECT:[ UseTime:0.000417s ] mysql:host=127.0.0.1;port=3306;dbname=hunqin;charset=utf8
[2022-12-09T09:52:01+08:00][sql] SHOW FULL COLUMNS FROM `gxfc_sysm` [ RunTime:0.000651s ]
[2022-12-09T09:52:01+08:00][sql] SELECT COUNT(*) AS think_count FROM `gxfc_sysm` `a` [ RunTime:0.000287s ]
[2022-12-09T09:52:01+08:00][sql] SELECT * FROM `gxfc_sysm` `a` LIMIT 0,10 [ RunTime:0.000208s ]
[2022-12-09T09:52:06+08:00][sql] CONNECT:[ UseTime:0.000408s ] mysql:host=127.0.0.1;port=3306;dbname=hunqin;charset=utf8
[2022-12-09T09:52:06+08:00][sql] SHOW FULL COLUMNS FROM `gxfc_menu` [ RunTime:0.000641s ]
[2022-12-09T09:52:06+08:00][sql] SELECT `id`,`app_module`,`name`,`title`,`parent`,`level`,`url`,`is_show`,`sort`,`desc`,`picture`,`is_icon`,`picture_select`,`is_control`,`addon` FROM `gxfc_menu` WHERE  `url` = 'admin/Config/sysmAdd'  AND `app_module` = 'admin' ORDER BY `level` DESC LIMIT 1 [ RunTime:0.000407s ]
[2022-12-09T09:53:34+08:00][sql] CONNECT:[ UseTime:0.000457s ] mysql:host=127.0.0.1;port=3306;dbname=hunqin;charset=utf8
[2022-12-09T09:53:34+08:00][sql] SHOW FULL COLUMNS FROM `gxfc_menu` [ RunTime:0.000692s ]
[2022-12-09T09:53:34+08:00][sql] SELECT `id`,`app_module`,`name`,`title`,`parent`,`level`,`url`,`is_show`,`sort`,`desc`,`picture`,`is_icon`,`picture_select`,`is_control`,`addon` FROM `gxfc_menu` WHERE  `url` = 'admin/Config/sysmAdd'  AND `app_module` = 'admin' ORDER BY `level` DESC LIMIT 1 [ RunTime:0.000437s ]
[2022-12-09T09:53:52+08:00][sql] CONNECT:[ UseTime:0.000414s ] mysql:host=127.0.0.1;port=3306;dbname=hunqin;charset=utf8
[2022-12-09T09:53:52+08:00][sql] SHOW FULL COLUMNS FROM `gxfc_menu` [ RunTime:0.000756s ]
[2022-12-09T09:53:52+08:00][sql] SELECT `id`,`app_module`,`name`,`title`,`parent`,`level`,`url`,`is_show`,`sort`,`desc`,`picture`,`is_icon`,`picture_select`,`is_control`,`addon` FROM `gxfc_menu` WHERE  `url` = 'admin/Config/sysmAdd'  AND `app_module` = 'admin' ORDER BY `level` DESC LIMIT 1 [ RunTime:0.000476s ]
[2022-12-09T10:00:49+08:00][sql] CONNECT:[ UseTime:0.000447s ] mysql:host=127.0.0.1;port=3306;dbname=hunqin;charset=utf8
[2022-12-09T10:00:49+08:00][sql] SHOW FULL COLUMNS FROM `gxfc_menu` [ RunTime:0.000683s ]
[2022-12-09T10:00:49+08:00][sql] SELECT `id`,`app_module`,`name`,`title`,`parent`,`level`,`url`,`is_show`,`sort`,`desc`,`picture`,`is_icon`,`picture_select`,`is_control`,`addon` FROM `gxfc_menu` WHERE  `url` = 'admin/Config/sysmAdd'  AND `app_module` = 'admin' ORDER BY `level` DESC LIMIT 1 [ RunTime:0.000412s ]
