[2022-12-15T08:46:53+08:00][sql] CONNECT:[ UseTime:0.000433s ] mysql:host=127.0.0.1;port=3306;dbname=hunqin;charset=utf8
[2022-12-15T08:46:53+08:00][sql] SHOW FULL COLUMNS FROM `gxfc_user` [ RunTime:0.000673s ]
[2022-12-15T08:46:53+08:00][sql] SELECT `uid`,`app_module`,`app_group`,`is_admin`,`site_id`,`group_id`,`group_name`,`username`,`password`,`member_id`,`create_time`,`update_time`,`status`,`login_time`,`login_ip` FROM `gxfc_user` WHERE  `username` = 'hyhl'  AND `app_module` = 'admin' LIMIT 1 [ RunTime:0.000384s ]
[2022-12-15T08:46:53+08:00][sql] UPDATE `gxfc_user`  SET `login_time` = 1671065213 , `login_ip` = '27.27.161.92'  WHERE  `uid` = 75 [ RunTime:0.007663s ]
[2022-12-15T08:46:53+08:00][sql] SHOW FULL COLUMNS FROM `gxfc_user_log` [ RunTime:0.000605s ]
[2022-12-15T08:46:53+08:00][sql] INSERT INTO `gxfc_user_log` SET `uid` = 75 , `username` = 'hyhl' , `site_id` = 0 , `url` = 'admin/Login/login' , `ip` = '27.27.161.92' , `data` = '[]' , `action_name` = '用户登录' , `create_time` = 1671065213 [ RunTime:0.005891s ]
[2022-12-15T08:46:53+08:00][sql] CONNECT:[ UseTime:0.000435s ] mysql:host=127.0.0.1;port=3306;dbname=hunqin;charset=utf8
[2022-12-15T08:46:53+08:00][sql] SHOW FULL COLUMNS FROM `gxfc_stat_shop` [ RunTime:0.000788s ]
[2022-12-15T08:46:53+08:00][sql] SELECT `id`,`site_id`,`year`,`month`,`day`,`order_total`,`shipping_total`,`refund_total`,`order_pay_count`,`goods_pay_count`,`shop_money`,`platform_money`,`create_time`,`modify_time`,`collect_shop`,`collect_goods`,`visit_count`,`order_count`,`goods_count`,`add_goods_count`,`day_time`,`member_count` FROM `gxfc_stat_shop` WHERE  `site_id` = 0  AND `year` = 2022  AND `month` = 12  AND `day` = 15 LIMIT 1 [ RunTime:0.000467s ]
[2022-12-15T08:46:53+08:00][sql] INSERT INTO `gxfc_stat_shop` SET `site_id` = 0 , `year` = 2022 , `month` = 12 , `day` = 15 , `day_time` = 1671033600 [ RunTime:0.007121s ]
[2022-12-15T08:46:53+08:00][sql] SELECT `id`,`site_id`,`year`,`month`,`day`,`order_total`,`shipping_total`,`refund_total`,`order_pay_count`,`goods_pay_count`,`shop_money`,`platform_money`,`create_time`,`modify_time`,`collect_shop`,`collect_goods`,`visit_count`,`order_count`,`goods_count`,`add_goods_count`,`day_time`,`member_count` FROM `gxfc_stat_shop` WHERE  `site_id` = 0  AND `year` = 2022  AND `month` = 12  AND `day` = 15  AND `day_time` = 1671033600 LIMIT 1 [ RunTime:0.000472s ]
[2022-12-15T08:46:53+08:00][sql] SELECT `id`,`site_id`,`year`,`month`,`day`,`order_total`,`shipping_total`,`refund_total`,`order_pay_count`,`goods_pay_count`,`shop_money`,`platform_money`,`create_time`,`modify_time`,`collect_shop`,`collect_goods`,`visit_count`,`order_count`,`goods_count`,`add_goods_count`,`day_time`,`member_count` FROM `gxfc_stat_shop` WHERE  `site_id` = 0  AND `year` = 2022  AND `month` = 12  AND `day` = 15 LIMIT 1 [ RunTime:0.000422s ]
[2022-12-15T08:46:53+08:00][sql] SELECT `id`,`site_id`,`year`,`month`,`day`,`order_total`,`shipping_total`,`refund_total`,`order_pay_count`,`goods_pay_count`,`shop_money`,`platform_money`,`create_time`,`modify_time`,`collect_shop`,`collect_goods`,`visit_count`,`order_count`,`goods_count`,`add_goods_count`,`day_time`,`member_count` FROM `gxfc_stat_shop` WHERE  `site_id` = 0  AND `year` = 2022  AND `month` = 12  AND `day` = 14 LIMIT 1 [ RunTime:0.000410s ]
[2022-12-15T08:46:53+08:00][sql] SELECT `id`,`site_id`,`year`,`month`,`day`,`order_total`,`shipping_total`,`refund_total`,`order_pay_count`,`goods_pay_count`,`shop_money`,`platform_money`,`create_time`,`modify_time`,`collect_shop`,`collect_goods`,`visit_count`,`order_count`,`goods_count`,`add_goods_count`,`day_time`,`member_count` FROM `gxfc_stat_shop` WHERE  `site_id` = 0  AND `year` = 2022  AND `month` = 12  AND `day` = 06 LIMIT 1 [ RunTime:0.000405s ]
[2022-12-15T08:46:53+08:00][sql] SELECT `id`,`site_id`,`year`,`month`,`day`,`order_total`,`shipping_total`,`refund_total`,`order_pay_count`,`goods_pay_count`,`shop_money`,`platform_money`,`create_time`,`modify_time`,`collect_shop`,`collect_goods`,`visit_count`,`order_count`,`goods_count`,`add_goods_count`,`day_time`,`member_count` FROM `gxfc_stat_shop` WHERE  `site_id` = 0  AND `year` = 2022  AND `month` = 12  AND `day` = 07 LIMIT 1 [ RunTime:0.000380s ]
[2022-12-15T08:46:54+08:00][sql] SELECT `id`,`site_id`,`year`,`month`,`day`,`order_total`,`shipping_total`,`refund_total`,`order_pay_count`,`goods_pay_count`,`shop_money`,`platform_money`,`create_time`,`modify_time`,`collect_shop`,`collect_goods`,`visit_count`,`order_count`,`goods_count`,`add_goods_count`,`day_time`,`member_count` FROM `gxfc_stat_shop` WHERE  `site_id` = 0  AND `year` = 2022  AND `month` = 12  AND `day` = 08 LIMIT 1 [ RunTime:0.000435s ]
[2022-12-15T08:46:54+08:00][sql] SELECT `id`,`site_id`,`year`,`month`,`day`,`order_total`,`shipping_total`,`refund_total`,`order_pay_count`,`goods_pay_count`,`shop_money`,`platform_money`,`create_time`,`modify_time`,`collect_shop`,`collect_goods`,`visit_count`,`order_count`,`goods_count`,`add_goods_count`,`day_time`,`member_count` FROM `gxfc_stat_shop` WHERE  `site_id` = 0  AND `year` = 2022  AND `month` = 12  AND `day` = 09 LIMIT 1 [ RunTime:0.000436s ]
[2022-12-15T08:46:54+08:00][sql] SELECT `id`,`site_id`,`year`,`month`,`day`,`order_total`,`shipping_total`,`refund_total`,`order_pay_count`,`goods_pay_count`,`shop_money`,`platform_money`,`create_time`,`modify_time`,`collect_shop`,`collect_goods`,`visit_count`,`order_count`,`goods_count`,`add_goods_count`,`day_time`,`member_count` FROM `gxfc_stat_shop` WHERE  `site_id` = 0  AND `year` = 2022  AND `month` = 12  AND `day` = 10 LIMIT 1 [ RunTime:0.000373s ]
[2022-12-15T08:46:54+08:00][sql] SELECT `id`,`site_id`,`year`,`month`,`day`,`order_total`,`shipping_total`,`refund_total`,`order_pay_count`,`goods_pay_count`,`shop_money`,`platform_money`,`create_time`,`modify_time`,`collect_shop`,`collect_goods`,`visit_count`,`order_count`,`goods_count`,`add_goods_count`,`day_time`,`member_count` FROM `gxfc_stat_shop` WHERE  `site_id` = 0  AND `year` = 2022  AND `month` = 12  AND `day` = 11 LIMIT 1 [ RunTime:0.000353s ]
[2022-12-15T08:46:54+08:00][sql] SELECT `id`,`site_id`,`year`,`month`,`day`,`order_total`,`shipping_total`,`refund_total`,`order_pay_count`,`goods_pay_count`,`shop_money`,`platform_money`,`create_time`,`modify_time`,`collect_shop`,`collect_goods`,`visit_count`,`order_count`,`goods_count`,`add_goods_count`,`day_time`,`member_count` FROM `gxfc_stat_shop` WHERE  `site_id` = 0  AND `year` = 2022  AND `month` = 12  AND `day` = 12 LIMIT 1 [ RunTime:0.000339s ]
[2022-12-15T08:46:54+08:00][sql] SELECT `id`,`site_id`,`year`,`month`,`day`,`order_total`,`shipping_total`,`refund_total`,`order_pay_count`,`goods_pay_count`,`shop_money`,`platform_money`,`create_time`,`modify_time`,`collect_shop`,`collect_goods`,`visit_count`,`order_count`,`goods_count`,`add_goods_count`,`day_time`,`member_count` FROM `gxfc_stat_shop` WHERE  `site_id` = 0  AND `year` = 2022  AND `month` = 12  AND `day` = 13 LIMIT 1 [ RunTime:0.000351s ]
[2022-12-15T08:46:54+08:00][sql] SELECT `id`,`site_id`,`year`,`month`,`day`,`order_total`,`shipping_total`,`refund_total`,`order_pay_count`,`goods_pay_count`,`shop_money`,`platform_money`,`create_time`,`modify_time`,`collect_shop`,`collect_goods`,`visit_count`,`order_count`,`goods_count`,`add_goods_count`,`day_time`,`member_count` FROM `gxfc_stat_shop` WHERE  `site_id` = 0  AND `year` = 2022  AND `month` = 12  AND `day` = 14 LIMIT 1 [ RunTime:0.000349s ]
[2022-12-15T08:46:54+08:00][sql] SELECT `id`,`site_id`,`year`,`month`,`day`,`order_total`,`shipping_total`,`refund_total`,`order_pay_count`,`goods_pay_count`,`shop_money`,`platform_money`,`create_time`,`modify_time`,`collect_shop`,`collect_goods`,`visit_count`,`order_count`,`goods_count`,`add_goods_count`,`day_time`,`member_count` FROM `gxfc_stat_shop` WHERE  `site_id` = 0  AND `year` = 2022  AND `month` = 12  AND `day` = 15 LIMIT 1 [ RunTime:0.000360s ]
[2022-12-15T08:46:54+08:00][sql] SHOW FULL COLUMNS FROM `gxfc_order` [ RunTime:0.001109s ]
[2022-12-15T08:46:54+08:00][sql] SELECT COUNT(*) AS think_count FROM `gxfc_order` WHERE  `order_status` = 0  AND `is_delete` = 0 [ RunTime:0.000287s ]
[2022-12-15T08:46:54+08:00][sql] SELECT COUNT(*) AS think_count FROM `gxfc_order` WHERE  `order_status` = 1  AND `is_delete` = 0 [ RunTime:0.000282s ]
[2022-12-15T08:46:54+08:00][sql] SHOW FULL COLUMNS FROM `gxfc_order_goods` [ RunTime:0.000839s ]
[2022-12-15T08:46:54+08:00][sql] SELECT COUNT(*) AS think_count FROM `gxfc_order_goods` WHERE  `refund_status` NOT IN (0,3) [ RunTime:0.000926s ]
[2022-12-15T08:46:54+08:00][sql] SHOW FULL COLUMNS FROM `gxfc_goods` [ RunTime:0.000746s ]
[2022-12-15T08:46:54+08:00][sql] SELECT COUNT(*) AS think_count FROM `gxfc_goods` WHERE  `goods_state` = 1  AND `is_delete` = 0 [ RunTime:0.000318s ]
[2022-12-15T08:46:54+08:00][sql] SELECT COUNT(*) AS think_count FROM `gxfc_goods` WHERE  `goods_state` = 0  AND `is_delete` = 0 [ RunTime:0.000273s ]
[2022-12-15T08:46:54+08:00][sql] SHOW FULL COLUMNS FROM `gxfc_fenxiao_withdraw` [ RunTime:0.000556s ]
[2022-12-15T08:46:54+08:00][sql] SELECT COUNT(`id`) AS think_count FROM `gxfc_fenxiao_withdraw` WHERE  `status` = 1 [ RunTime:0.000240s ]
[2022-12-15T08:46:54+08:00][sql] SHOW FULL COLUMNS FROM `gxfc_fenxiao_apply` [ RunTime:0.000559s ]
[2022-12-15T08:46:54+08:00][sql] SELECT COUNT(`apply_id`) AS think_count FROM `gxfc_fenxiao_apply` WHERE  `status` = 1 [ RunTime:0.000247s ]
[2022-12-15T08:46:54+08:00][sql] SHOW FULL COLUMNS FROM `gxfc_order_complain` [ RunTime:0.000596s ]
[2022-12-15T08:46:54+08:00][sql] SELECT COUNT(*) AS think_count FROM `gxfc_order_complain` WHERE  `complain_status` = 1 [ RunTime:0.000248s ]
[2022-12-15T08:46:54+08:00][sql] SELECT SUM(`order_money`) AS think_sum FROM `gxfc_order` [ RunTime:0.000290s ]
[2022-12-15T08:46:54+08:00][sql] SHOW FULL COLUMNS FROM `gxfc_member` [ RunTime:0.000705s ]
[2022-12-15T08:46:54+08:00][sql] SELECT COUNT(*) AS think_count FROM `gxfc_member` [ RunTime:0.000212s ]
[2022-12-15T08:46:54+08:00][sql] SHOW FULL COLUMNS FROM `gxfc_shop_apply` [ RunTime:0.000545s ]
[2022-12-15T08:46:54+08:00][sql] SELECT COUNT(*) AS think_count FROM `gxfc_shop_apply` WHERE  `create_time` BETWEEN 1671033600 AND 1671119999 [ RunTime:0.000252s ]
[2022-12-15T08:46:54+08:00][sql] SELECT COUNT(*) AS think_count FROM `gxfc_shop_apply` WHERE  `create_time` BETWEEN 1670947200 AND 1671033599 [ RunTime:0.000294s ]
[2022-12-15T08:46:54+08:00][sql] SHOW FULL COLUMNS FROM `gxfc_shop` [ RunTime:0.000730s ]
[2022-12-15T08:46:54+08:00][sql] SELECT COUNT(*) AS think_count FROM `gxfc_shop` WHERE  `create_time` BETWEEN 1671033600 AND 1671119999 [ RunTime:0.000243s ]
[2022-12-15T08:46:54+08:00][sql] SELECT COUNT(*) AS think_count FROM `gxfc_shop` [ RunTime:0.000210s ]
[2022-12-15T08:46:54+08:00][sql] SELECT COUNT(*) AS think_count FROM `gxfc_goods` [ RunTime:0.000206s ]
[2022-12-15T08:46:57+08:00][sql] CONNECT:[ UseTime:0.000553s ] mysql:host=127.0.0.1;port=3306;dbname=hunqin;charset=utf8
[2022-12-15T08:46:57+08:00][sql] SHOW FULL COLUMNS FROM `gxfc_shop` [ RunTime:0.000942s ]
[2022-12-15T08:46:57+08:00][sql] SELECT COUNT(*) AS think_count FROM `gxfc_shop` `a` ORDER BY site_id desc [ RunTime:0.000318s ]
[2022-12-15T08:46:57+08:00][sql] SELECT * FROM `gxfc_shop` `a` ORDER BY site_id desc LIMIT 0,10 [ RunTime:0.000532s ]
[2022-12-15T08:46:57+08:00][sql] SHOW FULL COLUMNS FROM `gxfc_shop_cert` [ RunTime:0.000623s ]
[2022-12-15T08:46:57+08:00][sql] SELECT * FROM `gxfc_shop_cert` WHERE  `cert_id` = 128 LIMIT 1 [ RunTime:0.000395s ]
[2022-12-15T08:46:57+08:00][sql] SELECT * FROM `gxfc_shop_cert` WHERE  `cert_id` = 126 LIMIT 1 [ RunTime:0.000374s ]
[2022-12-15T08:46:57+08:00][sql] SELECT * FROM `gxfc_shop_cert` WHERE  `cert_id` = 120 LIMIT 1 [ RunTime:0.000384s ]
[2022-12-15T08:46:57+08:00][sql] SELECT * FROM `gxfc_shop_cert` WHERE  `cert_id` = 118 LIMIT 1 [ RunTime:0.000365s ]
[2022-12-15T08:46:57+08:00][sql] SELECT * FROM `gxfc_shop_cert` WHERE  `cert_id` = 1 LIMIT 1 [ RunTime:0.000348s ]
[2022-12-15T08:46:57+08:00][sql] CONNECT:[ UseTime:0.000464s ] mysql:host=127.0.0.1;port=3306;dbname=hunqin;charset=utf8
[2022-12-15T08:46:57+08:00][sql] SHOW FULL COLUMNS FROM `gxfc_shop` [ RunTime:0.000876s ]
[2022-12-15T08:46:57+08:00][sql] SELECT COUNT(*) AS think_count FROM `gxfc_shop` `a` ORDER BY site_id desc [ RunTime:0.000280s ]
[2022-12-15T08:46:57+08:00][sql] SELECT * FROM `gxfc_shop` `a` ORDER BY site_id desc LIMIT 0,10 [ RunTime:0.000461s ]
[2022-12-15T08:46:57+08:00][sql] SHOW FULL COLUMNS FROM `gxfc_shop_cert` [ RunTime:0.000742s ]
[2022-12-15T08:46:57+08:00][sql] SELECT * FROM `gxfc_shop_cert` WHERE  `cert_id` = 128 LIMIT 1 [ RunTime:0.000373s ]
[2022-12-15T08:46:57+08:00][sql] SELECT * FROM `gxfc_shop_cert` WHERE  `cert_id` = 126 LIMIT 1 [ RunTime:0.000308s ]
[2022-12-15T08:46:57+08:00][sql] SELECT * FROM `gxfc_shop_cert` WHERE  `cert_id` = 120 LIMIT 1 [ RunTime:0.000319s ]
[2022-12-15T08:46:57+08:00][sql] SELECT * FROM `gxfc_shop_cert` WHERE  `cert_id` = 118 LIMIT 1 [ RunTime:0.000337s ]
[2022-12-15T08:46:57+08:00][sql] SELECT * FROM `gxfc_shop_cert` WHERE  `cert_id` = 1 LIMIT 1 [ RunTime:0.000311s ]
[2022-12-15T08:46:57+08:00][sql] CONNECT:[ UseTime:0.000468s ] mysql:host=127.0.0.1;port=3306;dbname=hunqin;charset=utf8
[2022-12-15T08:46:57+08:00][sql] SHOW FULL COLUMNS FROM `gxfc_member` [ RunTime:0.000922s ]
[2022-12-15T08:46:57+08:00][sql] SELECT COUNT(*) AS think_count FROM `gxfc_member` WHERE  `is_delete` = 0 [ RunTime:0.000362s ]
[2022-12-15T08:46:57+08:00][sql] SELECT COUNT(*) AS think_count FROM `gxfc_member` WHERE  `reg_time` BETWEEN 1671033600 AND 1671065217   AND `is_delete` = 0 [ RunTime:0.000351s ]
[2022-12-15T08:46:57+08:00][sql] SELECT COUNT(*) AS think_count FROM `gxfc_member` WHERE  `order_money` > 0  AND `is_delete` = 0 [ RunTime:0.000341s ]
[2022-12-15T08:46:58+08:00][sql] CONNECT:[ UseTime:0.000408s ] mysql:host=127.0.0.1;port=3306;dbname=hunqin;charset=utf8
[2022-12-15T08:46:58+08:00][sql] SHOW FULL COLUMNS FROM `gxfc_member` [ RunTime:0.001177s ]
[2022-12-15T08:46:58+08:00][sql] SELECT COUNT(*) AS think_count FROM `gxfc_member` WHERE  `is_delete` = 0  AND `is_delete` = 0 [ RunTime:0.008714s ]
[2022-12-15T08:46:58+08:00][sql] SELECT COUNT(*) AS think_count FROM ( SELECT count(*) AS think_count FROM `gxfc_member` `nm` LEFT JOIN `gxfc_member_address` `nma` ON `nm`.`member_id`=`nma`.`member_id` WHERE  `nma`.`is_default` = 1  AND `nma`.`province_id` = 110000  AND `nm`.`is_delete` = 0  AND `is_delete` = 0 GROUP BY `nm`.`member_id` ) `_group_count_` [ RunTime:0.000708s ]
[2022-12-15T08:46:58+08:00][sql] SELECT COUNT(*) AS think_count FROM ( SELECT count(*) AS think_count FROM `gxfc_member` `nm` LEFT JOIN `gxfc_member_address` `nma` ON `nm`.`member_id`=`nma`.`member_id` WHERE  `nma`.`is_default` = 1  AND `nma`.`province_id` = 120000  AND `nm`.`is_delete` = 0  AND `is_delete` = 0 GROUP BY `nm`.`member_id` ) `_group_count_` [ RunTime:0.000579s ]
[2022-12-15T08:46:58+08:00][sql] SELECT COUNT(*) AS think_count FROM ( SELECT count(*) AS think_count FROM `gxfc_member` `nm` LEFT JOIN `gxfc_member_address` `nma` ON `nm`.`member_id`=`nma`.`member_id` WHERE  `nma`.`is_default` = 1  AND `nma`.`province_id` = 130000  AND `nm`.`is_delete` = 0  AND `is_delete` = 0 GROUP BY `nm`.`member_id` ) `_group_count_` [ RunTime:0.000514s ]
[2022-12-15T08:46:58+08:00][sql] SELECT COUNT(*) AS think_count FROM ( SELECT count(*) AS think_count FROM `gxfc_member` `nm` LEFT JOIN `gxfc_member_address` `nma` ON `nm`.`member_id`=`nma`.`member_id` WHERE  `nma`.`is_default` = 1  AND `nma`.`province_id` = 140000  AND `nm`.`is_delete` = 0  AND `is_delete` = 0 GROUP BY `nm`.`member_id` ) `_group_count_` [ RunTime:0.000384s ]
[2022-12-15T08:46:58+08:00][sql] SELECT COUNT(*) AS think_count FROM ( SELECT count(*) AS think_count FROM `gxfc_member` `nm` LEFT JOIN `gxfc_member_address` `nma` ON `nm`.`member_id`=`nma`.`member_id` WHERE  `nma`.`is_default` = 1  AND `nma`.`province_id` = 150000  AND `nm`.`is_delete` = 0  AND `is_delete` = 0 GROUP BY `nm`.`member_id` ) `_group_count_` [ RunTime:0.000385s ]
[2022-12-15T08:46:58+08:00][sql] SELECT COUNT(*) AS think_count FROM ( SELECT count(*) AS think_count FROM `gxfc_member` `nm` LEFT JOIN `gxfc_member_address` `nma` ON `nm`.`member_id`=`nma`.`member_id` WHERE  `nma`.`is_default` = 1  AND `nma`.`province_id` = 210000  AND `nm`.`is_delete` = 0  AND `is_delete` = 0 GROUP BY `nm`.`member_id` ) `_group_count_` [ RunTime:0.000449s ]
[2022-12-15T08:46:58+08:00][sql] SELECT COUNT(*) AS think_count FROM ( SELECT count(*) AS think_count FROM `gxfc_member` `nm` LEFT JOIN `gxfc_member_address` `nma` ON `nm`.`member_id`=`nma`.`member_id` WHERE  `nma`.`is_default` = 1  AND `nma`.`province_id` = 220000  AND `nm`.`is_delete` = 0  AND `is_delete` = 0 GROUP BY `nm`.`member_id` ) `_group_count_` [ RunTime:0.000375s ]
[2022-12-15T08:46:58+08:00][sql] SELECT COUNT(*) AS think_count FROM ( SELECT count(*) AS think_count FROM `gxfc_member` `nm` LEFT JOIN `gxfc_member_address` `nma` ON `nm`.`member_id`=`nma`.`member_id` WHERE  `nma`.`is_default` = 1  AND `nma`.`province_id` = 230000  AND `nm`.`is_delete` = 0  AND `is_delete` = 0 GROUP BY `nm`.`member_id` ) `_group_count_` [ RunTime:0.000393s ]
[2022-12-15T08:46:58+08:00][sql] SELECT COUNT(*) AS think_count FROM ( SELECT count(*) AS think_count FROM `gxfc_member` `nm` LEFT JOIN `gxfc_member_address` `nma` ON `nm`.`member_id`=`nma`.`member_id` WHERE  `nma`.`is_default` = 1  AND `nma`.`province_id` = 310000  AND `nm`.`is_delete` = 0  AND `is_delete` = 0 GROUP BY `nm`.`member_id` ) `_group_count_` [ RunTime:0.000365s ]
[2022-12-15T08:46:58+08:00][sql] SELECT COUNT(*) AS think_count FROM ( SELECT count(*) AS think_count FROM `gxfc_member` `nm` LEFT JOIN `gxfc_member_address` `nma` ON `nm`.`member_id`=`nma`.`member_id` WHERE  `nma`.`is_default` = 1  AND `nma`.`province_id` = 320000  AND `nm`.`is_delete` = 0  AND `is_delete` = 0 GROUP BY `nm`.`member_id` ) `_group_count_` [ RunTime:0.000369s ]
[2022-12-15T08:46:58+08:00][sql] SELECT COUNT(*) AS think_count FROM ( SELECT count(*) AS think_count FROM `gxfc_member` `nm` LEFT JOIN `gxfc_member_address` `nma` ON `nm`.`member_id`=`nma`.`member_id` WHERE  `nma`.`is_default` = 1  AND `nma`.`province_id` = 330000  AND `nm`.`is_delete` = 0  AND `is_delete` = 0 GROUP BY `nm`.`member_id` ) `_group_count_` [ RunTime:0.000385s ]
[2022-12-15T08:46:58+08:00][sql] SELECT COUNT(*) AS think_count FROM ( SELECT count(*) AS think_count FROM `gxfc_member` `nm` LEFT JOIN `gxfc_member_address` `nma` ON `nm`.`member_id`=`nma`.`member_id` WHERE  `nma`.`is_default` = 1  AND `nma`.`province_id` = 340000  AND `nm`.`is_delete` = 0  AND `is_delete` = 0 GROUP BY `nm`.`member_id` ) `_group_count_` [ RunTime:0.000358s ]
[2022-12-15T08:46:58+08:00][sql] SELECT COUNT(*) AS think_count FROM ( SELECT count(*) AS think_count FROM `gxfc_member` `nm` LEFT JOIN `gxfc_member_address` `nma` ON `nm`.`member_id`=`nma`.`member_id` WHERE  `nma`.`is_default` = 1  AND `nma`.`province_id` = 350000  AND `nm`.`is_delete` = 0  AND `is_delete` = 0 GROUP BY `nm`.`member_id` ) `_group_count_` [ RunTime:0.000374s ]
[2022-12-15T08:46:58+08:00][sql] SELECT COUNT(*) AS think_count FROM ( SELECT count(*) AS think_count FROM `gxfc_member` `nm` LEFT JOIN `gxfc_member_address` `nma` ON `nm`.`member_id`=`nma`.`member_id` WHERE  `nma`.`is_default` = 1  AND `nma`.`province_id` = 360000  AND `nm`.`is_delete` = 0  AND `is_delete` = 0 GROUP BY `nm`.`member_id` ) `_group_count_` [ RunTime:0.000366s ]
[2022-12-15T08:46:58+08:00][sql] SELECT COUNT(*) AS think_count FROM ( SELECT count(*) AS think_count FROM `gxfc_member` `nm` LEFT JOIN `gxfc_member_address` `nma` ON `nm`.`member_id`=`nma`.`member_id` WHERE  `nma`.`is_default` = 1  AND `nma`.`province_id` = 370000  AND `nm`.`is_delete` = 0  AND `is_delete` = 0 GROUP BY `nm`.`member_id` ) `_group_count_` [ RunTime:0.000435s ]
[2022-12-15T08:46:58+08:00][sql] SELECT COUNT(*) AS think_count FROM ( SELECT count(*) AS think_count FROM `gxfc_member` `nm` LEFT JOIN `gxfc_member_address` `nma` ON `nm`.`member_id`=`nma`.`member_id` WHERE  `nma`.`is_default` = 1  AND `nma`.`province_id` = 410000  AND `nm`.`is_delete` = 0  AND `is_delete` = 0 GROUP BY `nm`.`member_id` ) `_group_count_` [ RunTime:0.000367s ]
[2022-12-15T08:46:58+08:00][sql] SELECT COUNT(*) AS think_count FROM ( SELECT count(*) AS think_count FROM `gxfc_member` `nm` LEFT JOIN `gxfc_member_address` `nma` ON `nm`.`member_id`=`nma`.`member_id` WHERE  `nma`.`is_default` = 1  AND `nma`.`province_id` = 420000  AND `nm`.`is_delete` = 0  AND `is_delete` = 0 GROUP BY `nm`.`member_id` ) `_group_count_` [ RunTime:0.000454s ]
[2022-12-15T08:46:58+08:00][sql] SELECT COUNT(*) AS think_count FROM ( SELECT count(*) AS think_count FROM `gxfc_member` `nm` LEFT JOIN `gxfc_member_address` `nma` ON `nm`.`member_id`=`nma`.`member_id` WHERE  `nma`.`is_default` = 1  AND `nma`.`province_id` = 430000  AND `nm`.`is_delete` = 0  AND `is_delete` = 0 GROUP BY `nm`.`member_id` ) `_group_count_` [ RunTime:0.000373s ]
[2022-12-15T08:46:58+08:00][sql] SELECT COUNT(*) AS think_count FROM ( SELECT count(*) AS think_count FROM `gxfc_member` `nm` LEFT JOIN `gxfc_member_address` `nma` ON `nm`.`member_id`=`nma`.`member_id` WHERE  `nma`.`is_default` = 1  AND `nma`.`province_id` = 440000  AND `nm`.`is_delete` = 0  AND `is_delete` = 0 GROUP BY `nm`.`member_id` ) `_group_count_` [ RunTime:0.000476s ]
[2022-12-15T08:46:58+08:00][sql] SELECT COUNT(*) AS think_count FROM ( SELECT count(*) AS think_count FROM `gxfc_member` `nm` LEFT JOIN `gxfc_member_address` `nma` ON `nm`.`member_id`=`nma`.`member_id` WHERE  `nma`.`is_default` = 1  AND `nma`.`province_id` = 450000  AND `nm`.`is_delete` = 0  AND `is_delete` = 0 GROUP BY `nm`.`member_id` ) `_group_count_` [ RunTime:0.000416s ]
[2022-12-15T08:46:58+08:00][sql] SELECT COUNT(*) AS think_count FROM ( SELECT count(*) AS think_count FROM `gxfc_member` `nm` LEFT JOIN `gxfc_member_address` `nma` ON `nm`.`member_id`=`nma`.`member_id` WHERE  `nma`.`is_default` = 1  AND `nma`.`province_id` = 460000  AND `nm`.`is_delete` = 0  AND `is_delete` = 0 GROUP BY `nm`.`member_id` ) `_group_count_` [ RunTime:0.000393s ]
[2022-12-15T08:46:58+08:00][sql] SELECT COUNT(*) AS think_count FROM ( SELECT count(*) AS think_count FROM `gxfc_member` `nm` LEFT JOIN `gxfc_member_address` `nma` ON `nm`.`member_id`=`nma`.`member_id` WHERE  `nma`.`is_default` = 1  AND `nma`.`province_id` = 500000  AND `nm`.`is_delete` = 0  AND `is_delete` = 0 GROUP BY `nm`.`member_id` ) `_group_count_` [ RunTime:0.000350s ]
[2022-12-15T08:46:58+08:00][sql] SELECT COUNT(*) AS think_count FROM ( SELECT count(*) AS think_count FROM `gxfc_member` `nm` LEFT JOIN `gxfc_member_address` `nma` ON `nm`.`member_id`=`nma`.`member_id` WHERE  `nma`.`is_default` = 1  AND `nma`.`province_id` = 510000  AND `nm`.`is_delete` = 0  AND `is_delete` = 0 GROUP BY `nm`.`member_id` ) `_group_count_` [ RunTime:0.000356s ]
[2022-12-15T08:46:58+08:00][sql] SELECT COUNT(*) AS think_count FROM ( SELECT count(*) AS think_count FROM `gxfc_member` `nm` LEFT JOIN `gxfc_member_address` `nma` ON `nm`.`member_id`=`nma`.`member_id` WHERE  `nma`.`is_default` = 1  AND `nma`.`province_id` = 520000  AND `nm`.`is_delete` = 0  AND `is_delete` = 0 GROUP BY `nm`.`member_id` ) `_group_count_` [ RunTime:0.000350s ]
[2022-12-15T08:46:58+08:00][sql] SELECT COUNT(*) AS think_count FROM ( SELECT count(*) AS think_count FROM `gxfc_member` `nm` LEFT JOIN `gxfc_member_address` `nma` ON `nm`.`member_id`=`nma`.`member_id` WHERE  `nma`.`is_default` = 1  AND `nma`.`province_id` = 530000  AND `nm`.`is_delete` = 0  AND `is_delete` = 0 GROUP BY `nm`.`member_id` ) `_group_count_` [ RunTime:0.000366s ]
[2022-12-15T08:46:58+08:00][sql] SELECT COUNT(*) AS think_count FROM ( SELECT count(*) AS think_count FROM `gxfc_member` `nm` LEFT JOIN `gxfc_member_address` `nma` ON `nm`.`member_id`=`nma`.`member_id` WHERE  `nma`.`is_default` = 1  AND `nma`.`province_id` = 540000  AND `nm`.`is_delete` = 0  AND `is_delete` = 0 GROUP BY `nm`.`member_id` ) `_group_count_` [ RunTime:0.000410s ]
[2022-12-15T08:46:58+08:00][sql] SELECT COUNT(*) AS think_count FROM ( SELECT count(*) AS think_count FROM `gxfc_member` `nm` LEFT JOIN `gxfc_member_address` `nma` ON `nm`.`member_id`=`nma`.`member_id` WHERE  `nma`.`is_default` = 1  AND `nma`.`province_id` = 610000  AND `nm`.`is_delete` = 0  AND `is_delete` = 0 GROUP BY `nm`.`member_id` ) `_group_count_` [ RunTime:0.000385s ]
[2022-12-15T08:46:58+08:00][sql] SELECT COUNT(*) AS think_count FROM ( SELECT count(*) AS think_count FROM `gxfc_member` `nm` LEFT JOIN `gxfc_member_address` `nma` ON `nm`.`member_id`=`nma`.`member_id` WHERE  `nma`.`is_default` = 1  AND `nma`.`province_id` = 620000  AND `nm`.`is_delete` = 0  AND `is_delete` = 0 GROUP BY `nm`.`member_id` ) `_group_count_` [ RunTime:0.000390s ]
[2022-12-15T08:46:58+08:00][sql] CONNECT:[ UseTime:0.000375s ] mysql:host=127.0.0.1;port=3306;dbname=hunqin;charset=utf8
[2022-12-15T08:46:58+08:00][sql] SELECT COUNT(*) AS think_count FROM ( SELECT count(*) AS think_count FROM `gxfc_member` `nm` LEFT JOIN `gxfc_member_address` `nma` ON `nm`.`member_id`=`nma`.`member_id` WHERE  `nma`.`is_default` = 1  AND `nma`.`province_id` = 630000  AND `nm`.`is_delete` = 0  AND `is_delete` = 0 GROUP BY `nm`.`member_id` ) `_group_count_` [ RunTime:0.000456s ]
[2022-12-15T08:46:58+08:00][sql] SHOW FULL COLUMNS FROM `gxfc_member` [ RunTime:0.000870s ]
[2022-12-15T08:46:58+08:00][sql] SELECT COUNT(*) AS think_count FROM ( SELECT count(*) AS think_count FROM `gxfc_member` `nm` LEFT JOIN `gxfc_member_address` `nma` ON `nm`.`member_id`=`nma`.`member_id` WHERE  `nma`.`is_default` = 1  AND `nma`.`province_id` = 640000  AND `nm`.`is_delete` = 0  AND `is_delete` = 0 GROUP BY `nm`.`member_id` ) `_group_count_` [ RunTime:0.000428s ]
[2022-12-15T08:46:58+08:00][sql] SELECT COUNT(*) AS think_count FROM `gxfc_member` WHERE  `is_delete` = 0  AND `is_delete` = 0 [ RunTime:0.000356s ]
[2022-12-15T08:46:58+08:00][sql] SELECT COUNT(*) AS think_count FROM ( SELECT count(*) AS think_count FROM `gxfc_member` `nm` LEFT JOIN `gxfc_member_address` `nma` ON `nm`.`member_id`=`nma`.`member_id` WHERE  `nma`.`is_default` = 1  AND `nma`.`province_id` = 650000  AND `nm`.`is_delete` = 0  AND `is_delete` = 0 GROUP BY `nm`.`member_id` ) `_group_count_` [ RunTime:0.000450s ]
[2022-12-15T08:46:58+08:00][sql] SELECT COUNT(*) AS think_count FROM ( SELECT count(*) AS think_count FROM `gxfc_member` `nm` LEFT JOIN `gxfc_member_address` `nma` ON `nm`.`member_id`=`nma`.`member_id` WHERE  `nma`.`is_default` = 1  AND `nma`.`province_id` = 810000  AND `nm`.`is_delete` = 0  AND `is_delete` = 0 GROUP BY `nm`.`member_id` ) `_group_count_` [ RunTime:0.000401s ]
[2022-12-15T08:46:58+08:00][sql] SELECT COUNT(*) AS think_count FROM ( SELECT count(*) AS think_count FROM `gxfc_member` `nm` LEFT JOIN `gxfc_member_address` `nma` ON `nm`.`member_id`=`nma`.`member_id` WHERE  `nma`.`is_default` = 1  AND `nma`.`province_id` = 820000  AND `nm`.`is_delete` = 0  AND `is_delete` = 0 GROUP BY `nm`.`member_id` ) `_group_count_` [ RunTime:0.000472s ]
[2022-12-15T08:46:58+08:00][sql] SELECT COUNT(*) AS think_count FROM ( SELECT count(*) AS think_count FROM `gxfc_member` `nm` LEFT JOIN `gxfc_member_address` `nma` ON `nm`.`member_id`=`nma`.`member_id` WHERE  `nma`.`is_default` = 1  AND `nma`.`province_id` = 110000  AND `nm`.`is_delete` = 0  AND `is_delete` = 0 GROUP BY `nm`.`member_id` ) `_group_count_` [ RunTime:0.000460s ]
[2022-12-15T08:46:58+08:00][sql] SELECT COUNT(*) AS think_count FROM ( SELECT count(*) AS think_count FROM `gxfc_member` `nm` LEFT JOIN `gxfc_member_address` `nma` ON `nm`.`member_id`=`nma`.`member_id` WHERE  `nma`.`is_default` = 1  AND `nma`.`province_id` = 710000  AND `nm`.`is_delete` = 0  AND `is_delete` = 0 GROUP BY `nm`.`member_id` ) `_group_count_` [ RunTime:0.000403s ]
[2022-12-15T08:46:58+08:00][sql] SELECT COUNT(*) AS think_count FROM ( SELECT count(*) AS think_count FROM `gxfc_member` `nm` LEFT JOIN `gxfc_member_address` `nma` ON `nm`.`member_id`=`nma`.`member_id` WHERE  `nma`.`is_default` = 1  AND `nma`.`province_id` = 120000  AND `nm`.`is_delete` = 0  AND `is_delete` = 0 GROUP BY `nm`.`member_id` ) `_group_count_` [ RunTime:0.000436s ]
[2022-12-15T08:46:58+08:00][sql] SELECT COUNT(*) AS think_count FROM ( SELECT count(*) AS think_count FROM `gxfc_member` `nm` LEFT JOIN `gxfc_member_address` `nma` ON `nm`.`member_id`=`nma`.`member_id` WHERE  `nma`.`is_default` = 1  AND `nma`.`province_id` = 130000  AND `nm`.`is_delete` = 0  AND `is_delete` = 0 GROUP BY `nm`.`member_id` ) `_group_count_` [ RunTime:0.000359s ]
[2022-12-15T08:46:58+08:00][sql] SELECT COUNT(*) AS think_count FROM ( SELECT count(*) AS think_count FROM `gxfc_member` `nm` LEFT JOIN `gxfc_member_address` `nma` ON `nm`.`member_id`=`nma`.`member_id` WHERE  `nma`.`is_default` = 1  AND `nma`.`province_id` = 140000  AND `nm`.`is_delete` = 0  AND `is_delete` = 0 GROUP BY `nm`.`member_id` ) `_group_count_` [ RunTime:0.000369s ]
[2022-12-15T08:46:58+08:00][sql] SELECT COUNT(*) AS think_count FROM ( SELECT count(*) AS think_count FROM `gxfc_member` `nm` LEFT JOIN `gxfc_member_address` `nma` ON `nm`.`member_id`=`nma`.`member_id` WHERE  `nma`.`is_default` = 1  AND `nma`.`province_id` = 150000  AND `nm`.`is_delete` = 0  AND `is_delete` = 0 GROUP BY `nm`.`member_id` ) `_group_count_` [ RunTime:0.000352s ]
[2022-12-15T08:46:58+08:00][sql] SELECT COUNT(*) AS think_count FROM ( SELECT count(*) AS think_count FROM `gxfc_member` `nm` LEFT JOIN `gxfc_member_address` `nma` ON `nm`.`member_id`=`nma`.`member_id` WHERE  `nma`.`is_default` = 1  AND `nma`.`province_id` = 210000  AND `nm`.`is_delete` = 0  AND `is_delete` = 0 GROUP BY `nm`.`member_id` ) `_group_count_` [ RunTime:0.000311s ]
[2022-12-15T08:46:58+08:00][sql] SELECT COUNT(*) AS think_count FROM ( SELECT count(*) AS think_count FROM `gxfc_member` `nm` LEFT JOIN `gxfc_member_address` `nma` ON `nm`.`member_id`=`nma`.`member_id` WHERE  `nma`.`is_default` = 1  AND `nma`.`province_id` = 220000  AND `nm`.`is_delete` = 0  AND `is_delete` = 0 GROUP BY `nm`.`member_id` ) `_group_count_` [ RunTime:0.000312s ]
[2022-12-15T08:46:58+08:00][sql] SELECT COUNT(*) AS think_count FROM ( SELECT count(*) AS think_count FROM `gxfc_member` `nm` LEFT JOIN `gxfc_member_address` `nma` ON `nm`.`member_id`=`nma`.`member_id` WHERE  `nma`.`is_default` = 1  AND `nma`.`province_id` = 230000  AND `nm`.`is_delete` = 0  AND `is_delete` = 0 GROUP BY `nm`.`member_id` ) `_group_count_` [ RunTime:0.000348s ]
[2022-12-15T08:46:58+08:00][sql] SELECT COUNT(*) AS think_count FROM ( SELECT count(*) AS think_count FROM `gxfc_member` `nm` LEFT JOIN `gxfc_member_address` `nma` ON `nm`.`member_id`=`nma`.`member_id` WHERE  `nma`.`is_default` = 1  AND `nma`.`province_id` = 310000  AND `nm`.`is_delete` = 0  AND `is_delete` = 0 GROUP BY `nm`.`member_id` ) `_group_count_` [ RunTime:0.000352s ]
[2022-12-15T08:46:58+08:00][sql] SELECT COUNT(*) AS think_count FROM ( SELECT count(*) AS think_count FROM `gxfc_member` `nm` LEFT JOIN `gxfc_member_address` `nma` ON `nm`.`member_id`=`nma`.`member_id` WHERE  `nma`.`is_default` = 1  AND `nma`.`province_id` = 320000  AND `nm`.`is_delete` = 0  AND `is_delete` = 0 GROUP BY `nm`.`member_id` ) `_group_count_` [ RunTime:0.000315s ]
[2022-12-15T08:46:58+08:00][sql] SELECT COUNT(*) AS think_count FROM ( SELECT count(*) AS think_count FROM `gxfc_member` `nm` LEFT JOIN `gxfc_member_address` `nma` ON `nm`.`member_id`=`nma`.`member_id` WHERE  `nma`.`is_default` = 1  AND `nma`.`province_id` = 330000  AND `nm`.`is_delete` = 0  AND `is_delete` = 0 GROUP BY `nm`.`member_id` ) `_group_count_` [ RunTime:0.000342s ]
[2022-12-15T08:46:58+08:00][sql] SELECT COUNT(*) AS think_count FROM ( SELECT count(*) AS think_count FROM `gxfc_member` `nm` LEFT JOIN `gxfc_member_address` `nma` ON `nm`.`member_id`=`nma`.`member_id` WHERE  `nma`.`is_default` = 1  AND `nma`.`province_id` = 340000  AND `nm`.`is_delete` = 0  AND `is_delete` = 0 GROUP BY `nm`.`member_id` ) `_group_count_` [ RunTime:0.000321s ]
[2022-12-15T08:46:58+08:00][sql] SELECT COUNT(*) AS think_count FROM ( SELECT count(*) AS think_count FROM `gxfc_member` `nm` LEFT JOIN `gxfc_member_address` `nma` ON `nm`.`member_id`=`nma`.`member_id` WHERE  `nma`.`is_default` = 1  AND `nma`.`province_id` = 350000  AND `nm`.`is_delete` = 0  AND `is_delete` = 0 GROUP BY `nm`.`member_id` ) `_group_count_` [ RunTime:0.000322s ]
[2022-12-15T08:46:58+08:00][sql] SELECT COUNT(*) AS think_count FROM ( SELECT count(*) AS think_count FROM `gxfc_member` `nm` LEFT JOIN `gxfc_member_address` `nma` ON `nm`.`member_id`=`nma`.`member_id` WHERE  `nma`.`is_default` = 1  AND `nma`.`province_id` = 360000  AND `nm`.`is_delete` = 0  AND `is_delete` = 0 GROUP BY `nm`.`member_id` ) `_group_count_` [ RunTime:0.000323s ]
[2022-12-15T08:46:58+08:00][sql] SELECT COUNT(*) AS think_count FROM ( SELECT count(*) AS think_count FROM `gxfc_member` `nm` LEFT JOIN `gxfc_member_address` `nma` ON `nm`.`member_id`=`nma`.`member_id` WHERE  `nma`.`is_default` = 1  AND `nma`.`province_id` = 370000  AND `nm`.`is_delete` = 0  AND `is_delete` = 0 GROUP BY `nm`.`member_id` ) `_group_count_` [ RunTime:0.000314s ]
[2022-12-15T08:46:58+08:00][sql] SELECT COUNT(*) AS think_count FROM ( SELECT count(*) AS think_count FROM `gxfc_member` `nm` LEFT JOIN `gxfc_member_address` `nma` ON `nm`.`member_id`=`nma`.`member_id` WHERE  `nma`.`is_default` = 1  AND `nma`.`province_id` = 410000  AND `nm`.`is_delete` = 0  AND `is_delete` = 0 GROUP BY `nm`.`member_id` ) `_group_count_` [ RunTime:0.000346s ]
[2022-12-15T08:46:58+08:00][sql] SELECT COUNT(*) AS think_count FROM ( SELECT count(*) AS think_count FROM `gxfc_member` `nm` LEFT JOIN `gxfc_member_address` `nma` ON `nm`.`member_id`=`nma`.`member_id` WHERE  `nma`.`is_default` = 1  AND `nma`.`province_id` = 420000  AND `nm`.`is_delete` = 0  AND `is_delete` = 0 GROUP BY `nm`.`member_id` ) `_group_count_` [ RunTime:0.000396s ]
[2022-12-15T08:46:58+08:00][sql] SELECT COUNT(*) AS think_count FROM ( SELECT count(*) AS think_count FROM `gxfc_member` `nm` LEFT JOIN `gxfc_member_address` `nma` ON `nm`.`member_id`=`nma`.`member_id` WHERE  `nma`.`is_default` = 1  AND `nma`.`province_id` = 430000  AND `nm`.`is_delete` = 0  AND `is_delete` = 0 GROUP BY `nm`.`member_id` ) `_group_count_` [ RunTime:0.000345s ]
[2022-12-15T08:46:58+08:00][sql] SELECT COUNT(*) AS think_count FROM ( SELECT count(*) AS think_count FROM `gxfc_member` `nm` LEFT JOIN `gxfc_member_address` `nma` ON `nm`.`member_id`=`nma`.`member_id` WHERE  `nma`.`is_default` = 1  AND `nma`.`province_id` = 440000  AND `nm`.`is_delete` = 0  AND `is_delete` = 0 GROUP BY `nm`.`member_id` ) `_group_count_` [ RunTime:0.000338s ]
[2022-12-15T08:46:58+08:00][sql] SELECT COUNT(*) AS think_count FROM ( SELECT count(*) AS think_count FROM `gxfc_member` `nm` LEFT JOIN `gxfc_member_address` `nma` ON `nm`.`member_id`=`nma`.`member_id` WHERE  `nma`.`is_default` = 1  AND `nma`.`province_id` = 450000  AND `nm`.`is_delete` = 0  AND `is_delete` = 0 GROUP BY `nm`.`member_id` ) `_group_count_` [ RunTime:0.000336s ]
[2022-12-15T08:46:58+08:00][sql] SELECT COUNT(*) AS think_count FROM ( SELECT count(*) AS think_count FROM `gxfc_member` `nm` LEFT JOIN `gxfc_member_address` `nma` ON `nm`.`member_id`=`nma`.`member_id` WHERE  `nma`.`is_default` = 1  AND `nma`.`province_id` = 460000  AND `nm`.`is_delete` = 0  AND `is_delete` = 0 GROUP BY `nm`.`member_id` ) `_group_count_` [ RunTime:0.000373s ]
[2022-12-15T08:46:58+08:00][sql] SELECT COUNT(*) AS think_count FROM ( SELECT count(*) AS think_count FROM `gxfc_member` `nm` LEFT JOIN `gxfc_member_address` `nma` ON `nm`.`member_id`=`nma`.`member_id` WHERE  `nma`.`is_default` = 1  AND `nma`.`province_id` = 500000  AND `nm`.`is_delete` = 0  AND `is_delete` = 0 GROUP BY `nm`.`member_id` ) `_group_count_` [ RunTime:0.000335s ]
[2022-12-15T08:46:58+08:00][sql] SELECT COUNT(*) AS think_count FROM ( SELECT count(*) AS think_count FROM `gxfc_member` `nm` LEFT JOIN `gxfc_member_address` `nma` ON `nm`.`member_id`=`nma`.`member_id` WHERE  `nma`.`is_default` = 1  AND `nma`.`province_id` = 510000  AND `nm`.`is_delete` = 0  AND `is_delete` = 0 GROUP BY `nm`.`member_id` ) `_group_count_` [ RunTime:0.000335s ]
[2022-12-15T08:46:58+08:00][sql] SELECT COUNT(*) AS think_count FROM ( SELECT count(*) AS think_count FROM `gxfc_member` `nm` LEFT JOIN `gxfc_member_address` `nma` ON `nm`.`member_id`=`nma`.`member_id` WHERE  `nma`.`is_default` = 1  AND `nma`.`province_id` = 520000  AND `nm`.`is_delete` = 0  AND `is_delete` = 0 GROUP BY `nm`.`member_id` ) `_group_count_` [ RunTime:0.000323s ]
[2022-12-15T08:46:58+08:00][sql] SELECT COUNT(*) AS think_count FROM ( SELECT count(*) AS think_count FROM `gxfc_member` `nm` LEFT JOIN `gxfc_member_address` `nma` ON `nm`.`member_id`=`nma`.`member_id` WHERE  `nma`.`is_default` = 1  AND `nma`.`province_id` = 530000  AND `nm`.`is_delete` = 0  AND `is_delete` = 0 GROUP BY `nm`.`member_id` ) `_group_count_` [ RunTime:0.000353s ]
[2022-12-15T08:46:58+08:00][sql] SELECT COUNT(*) AS think_count FROM ( SELECT count(*) AS think_count FROM `gxfc_member` `nm` LEFT JOIN `gxfc_member_address` `nma` ON `nm`.`member_id`=`nma`.`member_id` WHERE  `nma`.`is_default` = 1  AND `nma`.`province_id` = 540000  AND `nm`.`is_delete` = 0  AND `is_delete` = 0 GROUP BY `nm`.`member_id` ) `_group_count_` [ RunTime:0.000322s ]
[2022-12-15T08:46:58+08:00][sql] SELECT COUNT(*) AS think_count FROM ( SELECT count(*) AS think_count FROM `gxfc_member` `nm` LEFT JOIN `gxfc_member_address` `nma` ON `nm`.`member_id`=`nma`.`member_id` WHERE  `nma`.`is_default` = 1  AND `nma`.`province_id` = 610000  AND `nm`.`is_delete` = 0  AND `is_delete` = 0 GROUP BY `nm`.`member_id` ) `_group_count_` [ RunTime:0.000324s ]
[2022-12-15T08:46:58+08:00][sql] SELECT COUNT(*) AS think_count FROM ( SELECT count(*) AS think_count FROM `gxfc_member` `nm` LEFT JOIN `gxfc_member_address` `nma` ON `nm`.`member_id`=`nma`.`member_id` WHERE  `nma`.`is_default` = 1  AND `nma`.`province_id` = 620000  AND `nm`.`is_delete` = 0  AND `is_delete` = 0 GROUP BY `nm`.`member_id` ) `_group_count_` [ RunTime:0.000326s ]
[2022-12-15T08:46:58+08:00][sql] SELECT COUNT(*) AS think_count FROM ( SELECT count(*) AS think_count FROM `gxfc_member` `nm` LEFT JOIN `gxfc_member_address` `nma` ON `nm`.`member_id`=`nma`.`member_id` WHERE  `nma`.`is_default` = 1  AND `nma`.`province_id` = 630000  AND `nm`.`is_delete` = 0  AND `is_delete` = 0 GROUP BY `nm`.`member_id` ) `_group_count_` [ RunTime:0.000309s ]
[2022-12-15T08:46:58+08:00][sql] SELECT COUNT(*) AS think_count FROM ( SELECT count(*) AS think_count FROM `gxfc_member` `nm` LEFT JOIN `gxfc_member_address` `nma` ON `nm`.`member_id`=`nma`.`member_id` WHERE  `nma`.`is_default` = 1  AND `nma`.`province_id` = 640000  AND `nm`.`is_delete` = 0  AND `is_delete` = 0 GROUP BY `nm`.`member_id` ) `_group_count_` [ RunTime:0.000313s ]
[2022-12-15T08:46:58+08:00][sql] SELECT COUNT(*) AS think_count FROM ( SELECT count(*) AS think_count FROM `gxfc_member` `nm` LEFT JOIN `gxfc_member_address` `nma` ON `nm`.`member_id`=`nma`.`member_id` WHERE  `nma`.`is_default` = 1  AND `nma`.`province_id` = 650000  AND `nm`.`is_delete` = 0  AND `is_delete` = 0 GROUP BY `nm`.`member_id` ) `_group_count_` [ RunTime:0.000317s ]
[2022-12-15T08:46:58+08:00][sql] SELECT COUNT(*) AS think_count FROM ( SELECT count(*) AS think_count FROM `gxfc_member` `nm` LEFT JOIN `gxfc_member_address` `nma` ON `nm`.`member_id`=`nma`.`member_id` WHERE  `nma`.`is_default` = 1  AND `nma`.`province_id` = 810000  AND `nm`.`is_delete` = 0  AND `is_delete` = 0 GROUP BY `nm`.`member_id` ) `_group_count_` [ RunTime:0.000321s ]
[2022-12-15T08:46:58+08:00][sql] SELECT COUNT(*) AS think_count FROM ( SELECT count(*) AS think_count FROM `gxfc_member` `nm` LEFT JOIN `gxfc_member_address` `nma` ON `nm`.`member_id`=`nma`.`member_id` WHERE  `nma`.`is_default` = 1  AND `nma`.`province_id` = 820000  AND `nm`.`is_delete` = 0  AND `is_delete` = 0 GROUP BY `nm`.`member_id` ) `_group_count_` [ RunTime:0.000323s ]
[2022-12-15T08:46:58+08:00][sql] SELECT COUNT(*) AS think_count FROM ( SELECT count(*) AS think_count FROM `gxfc_member` `nm` LEFT JOIN `gxfc_member_address` `nma` ON `nm`.`member_id`=`nma`.`member_id` WHERE  `nma`.`is_default` = 1  AND `nma`.`province_id` = 710000  AND `nm`.`is_delete` = 0  AND `is_delete` = 0 GROUP BY `nm`.`member_id` ) `_group_count_` [ RunTime:0.000308s ]
