[2022-09-29T13:39:44+08:00][sql] CONNECT:[ UseTime:0.001359s ] mysql:host=localhost;port=3306;dbname=ls_chnssl_com;charset=utf8
[2022-09-29T13:39:44+08:00][sql] SHOW FULL COLUMNS FROM `gxfc_goods_sku` [ RunTime:0.005111s ]
[2022-09-29T13:39:44+08:00][sql] SELECT `gs`.`goods_id`,`gs`.`sku_id`,`gs`.`goods_name`,`gs`.`sku_name`,`gs`.`sku_spec_format`,`gs`.`price`,`gs`.`market_price`,`gs`.`discount_price`,`gs`.`promotion_type`,`gs`.`start_time`,`gs`.`end_time`,`gs`.`stock`,`gs`.`click_num`,`g`.`sale_num`,`gs`.`collect_num`,`gs`.`sku_image`,`gs`.`sku_images`,`gs`.`site_id`,`gs`.`goods_content`,`gs`.`goods_state`,`gs`.`is_free_shipping`,`gs`.`goods_spec_format`,`gs`.`goods_attr_format`,`gs`.`introduction`,`gs`.`unit`,`gs`.`video_url`,`gs`.`evaluate`,`gs`.`is_virtual`,`gs`.`max_buy`,`gs`.`min_buy`,`g`.`goods_image`,`g`.`verify_state`,`is_sale` FROM `gxfc_goods_sku` `gs` INNER JOIN `gxfc_goods` `g` ON `g`.`goods_id`=`gs`.`goods_id` WHERE  `gs`.`sku_id` = '20'  AND `gs`.`is_delete` = 0 LIMIT 1 [ RunTime:0.004236s ]
[2022-09-29T13:39:44+08:00][error] [8]Trying to access array offset on value of type null
[2022-09-29T13:40:30+08:00][sql] CONNECT:[ UseTime:0.015690s ] mysql:host=localhost;port=3306;dbname=ls_chnssl_com;charset=utf8
[2022-09-29T13:40:30+08:00][sql] SHOW FULL COLUMNS FROM `gxfc_goods_sku` [ RunTime:0.002218s ]
[2022-09-29T13:40:30+08:00][sql] SELECT `gs`.`goods_id`,`gs`.`sku_id`,`gs`.`goods_name`,`gs`.`sku_name`,`gs`.`sku_spec_format`,`gs`.`price`,`gs`.`market_price`,`gs`.`discount_price`,`gs`.`promotion_type`,`gs`.`start_time`,`gs`.`end_time`,`gs`.`stock`,`gs`.`click_num`,`g`.`sale_num`,`gs`.`collect_num`,`gs`.`sku_image`,`gs`.`sku_images`,`gs`.`site_id`,`gs`.`goods_content`,`gs`.`goods_state`,`gs`.`is_free_shipping`,`gs`.`goods_spec_format`,`gs`.`goods_attr_format`,`gs`.`introduction`,`gs`.`unit`,`gs`.`video_url`,`gs`.`evaluate`,`gs`.`is_virtual`,`gs`.`max_buy`,`gs`.`min_buy`,`g`.`goods_image`,`g`.`verify_state`,`is_sale` FROM `gxfc_goods_sku` `gs` INNER JOIN `gxfc_goods` `g` ON `g`.`goods_id`=`gs`.`goods_id` WHERE  `gs`.`sku_id` = '20'  AND `gs`.`is_delete` = 0 LIMIT 1 [ RunTime:0.001638s ]
[2022-09-29T13:40:35+08:00][sql] CONNECT:[ UseTime:0.001128s ] mysql:host=localhost;port=3306;dbname=ls_chnssl_com;charset=utf8
[2022-09-29T13:40:35+08:00][sql] SHOW FULL COLUMNS FROM `gxfc_goods_sku` [ RunTime:0.003067s ]
[2022-09-29T13:40:35+08:00][sql] SELECT `gs`.`goods_id`,`gs`.`sku_id`,`gs`.`goods_name`,`gs`.`sku_name`,`gs`.`sku_spec_format`,`gs`.`price`,`gs`.`market_price`,`gs`.`discount_price`,`gs`.`promotion_type`,`gs`.`start_time`,`gs`.`end_time`,`gs`.`stock`,`gs`.`click_num`,`g`.`sale_num`,`gs`.`collect_num`,`gs`.`sku_image`,`gs`.`sku_images`,`gs`.`site_id`,`gs`.`goods_content`,`gs`.`goods_state`,`gs`.`is_free_shipping`,`gs`.`goods_spec_format`,`gs`.`goods_attr_format`,`gs`.`introduction`,`gs`.`unit`,`gs`.`video_url`,`gs`.`evaluate`,`gs`.`is_virtual`,`gs`.`max_buy`,`gs`.`min_buy`,`g`.`goods_image`,`g`.`verify_state`,`is_sale` FROM `gxfc_goods_sku` `gs` INNER JOIN `gxfc_goods` `g` ON `g`.`goods_id`=`gs`.`goods_id` WHERE  `gs`.`sku_id` = '20'  AND `gs`.`is_delete` = 0 LIMIT 1 [ RunTime:0.001555s ]
[2022-09-29T13:40:40+08:00][sql] CONNECT:[ UseTime:0.025806s ] mysql:host=localhost;port=3306;dbname=ls_chnssl_com;charset=utf8
[2022-09-29T13:40:40+08:00][sql] SHOW FULL COLUMNS FROM `gxfc_goods_sku` [ RunTime:0.002482s ]
[2022-09-29T13:40:40+08:00][sql] SELECT `gs`.`goods_id`,`gs`.`sku_id`,`gs`.`goods_name`,`gs`.`sku_name`,`gs`.`sku_spec_format`,`gs`.`price`,`gs`.`market_price`,`gs`.`discount_price`,`gs`.`promotion_type`,`gs`.`start_time`,`gs`.`end_time`,`gs`.`stock`,`gs`.`click_num`,`g`.`sale_num`,`gs`.`collect_num`,`gs`.`sku_image`,`gs`.`sku_images`,`gs`.`site_id`,`gs`.`goods_content`,`gs`.`goods_state`,`gs`.`is_free_shipping`,`gs`.`goods_spec_format`,`gs`.`goods_attr_format`,`gs`.`introduction`,`gs`.`unit`,`gs`.`video_url`,`gs`.`evaluate`,`gs`.`is_virtual`,`gs`.`max_buy`,`gs`.`min_buy`,`g`.`goods_image`,`g`.`verify_state`,`is_sale` FROM `gxfc_goods_sku` `gs` INNER JOIN `gxfc_goods` `g` ON `g`.`goods_id`=`gs`.`goods_id` WHERE  `gs`.`sku_id` = '20'  AND `gs`.`is_delete` = 0 LIMIT 1 [ RunTime:0.001695s ]
[2022-09-29T13:40:40+08:00][error] [8]Trying to access array offset on value of type null
[2022-09-29T13:40:55+08:00][sql] CONNECT:[ UseTime:0.001160s ] mysql:host=localhost;port=3306;dbname=ls_chnssl_com;charset=utf8
[2022-09-29T13:40:55+08:00][sql] SHOW FULL COLUMNS FROM `gxfc_goods_sku` [ RunTime:0.002037s ]
[2022-09-29T13:40:55+08:00][sql] SELECT `gs`.`goods_id`,`gs`.`sku_id`,`gs`.`goods_name`,`gs`.`sku_name`,`gs`.`sku_spec_format`,`gs`.`price`,`gs`.`market_price`,`gs`.`discount_price`,`gs`.`promotion_type`,`gs`.`start_time`,`gs`.`end_time`,`gs`.`stock`,`gs`.`click_num`,`g`.`sale_num`,`gs`.`collect_num`,`gs`.`sku_image`,`gs`.`sku_images`,`gs`.`site_id`,`gs`.`goods_content`,`gs`.`goods_state`,`gs`.`is_free_shipping`,`gs`.`goods_spec_format`,`gs`.`goods_attr_format`,`gs`.`introduction`,`gs`.`unit`,`gs`.`video_url`,`gs`.`evaluate`,`gs`.`is_virtual`,`gs`.`max_buy`,`gs`.`min_buy`,`g`.`goods_image`,`g`.`verify_state`,`is_sale` FROM `gxfc_goods_sku` `gs` INNER JOIN `gxfc_goods` `g` ON `g`.`goods_id`=`gs`.`goods_id` WHERE  `gs`.`sku_id` = '20'  AND `gs`.`is_delete` = 0 LIMIT 1 [ RunTime:0.001549s ]
[2022-09-29T13:40:55+08:00][error] [8]Trying to access array offset on value of type null
[2022-09-29T13:41:05+08:00][sql] CONNECT:[ UseTime:0.024585s ] mysql:host=localhost;port=3306;dbname=ls_chnssl_com;charset=utf8
[2022-09-29T13:41:05+08:00][sql] SHOW FULL COLUMNS FROM `gxfc_goods_sku` [ RunTime:0.003040s ]
[2022-09-29T13:41:05+08:00][sql] SELECT `gs`.`goods_id`,`gs`.`sku_id`,`gs`.`goods_name`,`gs`.`sku_name`,`gs`.`sku_spec_format`,`gs`.`price`,`gs`.`market_price`,`gs`.`discount_price`,`gs`.`promotion_type`,`gs`.`start_time`,`gs`.`end_time`,`gs`.`stock`,`gs`.`click_num`,`g`.`sale_num`,`gs`.`collect_num`,`gs`.`sku_image`,`gs`.`sku_images`,`gs`.`site_id`,`gs`.`goods_content`,`gs`.`goods_state`,`gs`.`is_free_shipping`,`gs`.`goods_spec_format`,`gs`.`goods_attr_format`,`gs`.`introduction`,`gs`.`unit`,`gs`.`video_url`,`gs`.`evaluate`,`gs`.`is_virtual`,`gs`.`max_buy`,`gs`.`min_buy`,`g`.`goods_image`,`g`.`verify_state`,`is_sale` FROM `gxfc_goods_sku` `gs` INNER JOIN `gxfc_goods` `g` ON `g`.`goods_id`=`gs`.`goods_id` WHERE  `gs`.`sku_id` = '20'  AND `gs`.`is_delete` = 0 LIMIT 1 [ RunTime:0.000500s ]
[2022-09-29T13:41:23+08:00][sql] CONNECT:[ UseTime:0.025052s ] mysql:host=localhost;port=3306;dbname=ls_chnssl_com;charset=utf8
[2022-09-29T13:41:23+08:00][sql] SHOW FULL COLUMNS FROM `gxfc_goods_sku` [ RunTime:0.002129s ]
[2022-09-29T13:41:23+08:00][sql] SELECT `gs`.`goods_id`,`gs`.`sku_id`,`gs`.`goods_name`,`gs`.`sku_name`,`gs`.`sku_spec_format`,`gs`.`price`,`gs`.`market_price`,`gs`.`discount_price`,`gs`.`promotion_type`,`gs`.`start_time`,`gs`.`end_time`,`gs`.`stock`,`gs`.`click_num`,`g`.`sale_num`,`gs`.`collect_num`,`gs`.`sku_image`,`gs`.`sku_images`,`gs`.`site_id`,`gs`.`goods_content`,`gs`.`goods_state`,`gs`.`is_free_shipping`,`gs`.`goods_spec_format`,`gs`.`goods_attr_format`,`gs`.`introduction`,`gs`.`unit`,`gs`.`video_url`,`gs`.`evaluate`,`gs`.`is_virtual`,`gs`.`max_buy`,`gs`.`min_buy`,`g`.`goods_image`,`g`.`verify_state`,`is_sale` FROM `gxfc_goods_sku` `gs` INNER JOIN `gxfc_goods` `g` ON `g`.`goods_id`=`gs`.`goods_id` WHERE  `gs`.`sku_id` = '20'  AND `gs`.`is_delete` = 0 LIMIT 1 [ RunTime:0.000832s ]
[2022-09-29T13:42:02+08:00][sql] CONNECT:[ UseTime:0.001406s ] mysql:host=localhost;port=3306;dbname=ls_chnssl_com;charset=utf8
[2022-09-29T13:42:02+08:00][sql] SHOW FULL COLUMNS FROM `gxfc_goods_sku` [ RunTime:0.003181s ]
[2022-09-29T13:42:02+08:00][sql] SELECT `gs`.`goods_id`,`gs`.`sku_id`,`gs`.`goods_name`,`gs`.`sku_name`,`gs`.`sku_spec_format`,`gs`.`price`,`gs`.`market_price`,`gs`.`discount_price`,`gs`.`promotion_type`,`gs`.`start_time`,`gs`.`end_time`,`gs`.`stock`,`gs`.`click_num`,`g`.`sale_num`,`gs`.`collect_num`,`gs`.`sku_image`,`gs`.`sku_images`,`gs`.`site_id`,`gs`.`goods_content`,`gs`.`goods_state`,`gs`.`is_free_shipping`,`gs`.`goods_spec_format`,`gs`.`goods_attr_format`,`gs`.`introduction`,`gs`.`unit`,`gs`.`video_url`,`gs`.`evaluate`,`gs`.`is_virtual`,`gs`.`max_buy`,`gs`.`min_buy`,`g`.`goods_image`,`g`.`verify_state`,`is_sale` FROM `gxfc_goods_sku` `gs` INNER JOIN `gxfc_goods` `g` ON `g`.`goods_id`=`gs`.`goods_id` WHERE  `gs`.`sku_id` = '20'  AND `gs`.`is_delete` = 0 LIMIT 1 [ RunTime:0.000554s ]
[2022-09-29T13:42:12+08:00][sql] CONNECT:[ UseTime:0.002047s ] mysql:host=localhost;port=3306;dbname=ls_chnssl_com;charset=utf8
[2022-09-29T13:42:12+08:00][sql] SHOW FULL COLUMNS FROM `gxfc_goods_sku` [ RunTime:0.002648s ]
[2022-09-29T13:42:12+08:00][sql] SELECT `gs`.`goods_id`,`gs`.`sku_id`,`gs`.`goods_name`,`gs`.`sku_name`,`gs`.`sku_spec_format`,`gs`.`price`,`gs`.`market_price`,`gs`.`discount_price`,`gs`.`promotion_type`,`gs`.`start_time`,`gs`.`end_time`,`gs`.`stock`,`gs`.`click_num`,`g`.`sale_num`,`gs`.`collect_num`,`gs`.`sku_image`,`gs`.`sku_images`,`gs`.`site_id`,`gs`.`goods_content`,`gs`.`goods_state`,`gs`.`is_free_shipping`,`gs`.`goods_spec_format`,`gs`.`goods_attr_format`,`gs`.`introduction`,`gs`.`unit`,`gs`.`video_url`,`gs`.`evaluate`,`gs`.`is_virtual`,`gs`.`max_buy`,`gs`.`min_buy`,`g`.`goods_image`,`g`.`verify_state`,`is_sale` FROM `gxfc_goods_sku` `gs` INNER JOIN `gxfc_goods` `g` ON `g`.`goods_id`=`gs`.`goods_id` WHERE  `gs`.`sku_id` = '20'  AND `gs`.`is_delete` = 0 LIMIT 1 [ RunTime:0.001646s ]
[2022-09-29T13:43:34+08:00][sql] CONNECT:[ UseTime:0.021234s ] mysql:host=localhost;port=3306;dbname=ls_chnssl_com;charset=utf8
[2022-09-29T13:43:34+08:00][sql] SHOW FULL COLUMNS FROM `gxfc_goods_sku` [ RunTime:0.003103s ]
[2022-09-29T13:43:34+08:00][sql] SELECT `gs`.`goods_id`,`gs`.`sku_id`,`gs`.`goods_name`,`gs`.`sku_name`,`gs`.`sku_spec_format`,`gs`.`price`,`gs`.`market_price`,`gs`.`discount_price`,`gs`.`promotion_type`,`gs`.`start_time`,`gs`.`end_time`,`gs`.`stock`,`gs`.`click_num`,`g`.`sale_num`,`gs`.`collect_num`,`gs`.`sku_image`,`gs`.`sku_images`,`gs`.`site_id`,`gs`.`goods_content`,`gs`.`goods_state`,`gs`.`is_free_shipping`,`gs`.`goods_spec_format`,`gs`.`goods_attr_format`,`gs`.`introduction`,`gs`.`unit`,`gs`.`video_url`,`gs`.`evaluate`,`gs`.`is_virtual`,`gs`.`max_buy`,`gs`.`min_buy`,`g`.`goods_image`,`g`.`verify_state`,`is_sale` FROM `gxfc_goods_sku` `gs` INNER JOIN `gxfc_goods` `g` ON `g`.`goods_id`=`gs`.`goods_id` WHERE  `gs`.`sku_id` = '20'  AND `gs`.`is_delete` = 0 LIMIT 1 [ RunTime:0.001978s ]
[2022-09-29T13:44:02+08:00][sql] CONNECT:[ UseTime:0.020234s ] mysql:host=localhost;port=3306;dbname=ls_chnssl_com;charset=utf8
[2022-09-29T13:44:02+08:00][sql] SHOW FULL COLUMNS FROM `gxfc_goods_sku` [ RunTime:0.001037s ]
[2022-09-29T13:44:02+08:00][sql] SELECT `gs`.`goods_id`,`gs`.`sku_id`,`gs`.`goods_name`,`gs`.`sku_name`,`gs`.`sku_spec_format`,`gs`.`price`,`gs`.`market_price`,`gs`.`discount_price`,`gs`.`promotion_type`,`gs`.`start_time`,`gs`.`end_time`,`gs`.`stock`,`gs`.`click_num`,`g`.`sale_num`,`gs`.`collect_num`,`gs`.`sku_image`,`gs`.`sku_images`,`gs`.`site_id`,`gs`.`goods_content`,`gs`.`goods_state`,`gs`.`is_free_shipping`,`gs`.`goods_spec_format`,`gs`.`goods_attr_format`,`gs`.`introduction`,`gs`.`unit`,`gs`.`video_url`,`gs`.`evaluate`,`gs`.`is_virtual`,`gs`.`max_buy`,`gs`.`min_buy`,`g`.`goods_image`,`g`.`verify_state`,`is_sale` FROM `gxfc_goods_sku` `gs` INNER JOIN `gxfc_goods` `g` ON `g`.`goods_id`=`gs`.`goods_id` WHERE  `gs`.`sku_id` = '20'  AND `gs`.`is_delete` = 0 LIMIT 1 [ RunTime:0.001749s ]
[2022-09-29T13:44:02+08:00][error] [0]Call to undefined method app\model\Model::getLastSql()
[2022-09-29T13:47:03+08:00][sql] CONNECT:[ UseTime:0.001212s ] mysql:host=localhost;port=3306;dbname=ls_chnssl_com;charset=utf8
[2022-09-29T13:47:03+08:00][sql] SHOW FULL COLUMNS FROM `gxfc_goods_sku` [ RunTime:0.001233s ]
[2022-09-29T13:47:03+08:00][sql] SELECT `gs`.`goods_id`,`gs`.`sku_id`,`gs`.`goods_name`,`gs`.`sku_name`,`gs`.`sku_spec_format`,`gs`.`price`,`gs`.`market_price`,`gs`.`discount_price`,`gs`.`promotion_type`,`gs`.`start_time`,`gs`.`end_time`,`gs`.`stock`,`gs`.`click_num`,`g`.`sale_num`,`gs`.`collect_num`,`gs`.`sku_image`,`gs`.`sku_images`,`gs`.`site_id`,`gs`.`goods_content`,`gs`.`goods_state`,`gs`.`is_free_shipping`,`gs`.`goods_spec_format`,`gs`.`goods_attr_format`,`gs`.`introduction`,`gs`.`unit`,`gs`.`video_url`,`gs`.`evaluate`,`gs`.`is_virtual`,`gs`.`max_buy`,`gs`.`min_buy`,`g`.`goods_image`,`g`.`verify_state`,`is_sale` FROM `gxfc_goods_sku` `gs` INNER JOIN `gxfc_goods` `g` ON `g`.`goods_id`=`gs`.`goods_id` WHERE  `gs`.`sku_id` = '20'  AND `gs`.`is_delete` = 0 LIMIT 1 [ RunTime:0.001469s ]
[2022-09-29T13:48:26+08:00][sql] CONNECT:[ UseTime:0.018459s ] mysql:host=localhost;port=3306;dbname=ls_chnssl_com;charset=utf8
[2022-09-29T13:48:26+08:00][sql] SHOW FULL COLUMNS FROM `gxfc_goods_sku` [ RunTime:0.002054s ]
[2022-09-29T13:48:26+08:00][sql] SELECT `gs`.`goods_id`,`gs`.`sku_id`,`gs`.`goods_name`,`gs`.`sku_name`,`gs`.`sku_spec_format`,`gs`.`price`,`gs`.`market_price`,`gs`.`discount_price`,`gs`.`promotion_type`,`gs`.`start_time`,`gs`.`end_time`,`gs`.`stock`,`gs`.`click_num`,`g`.`sale_num`,`gs`.`collect_num`,`gs`.`sku_image`,`gs`.`sku_images`,`gs`.`site_id`,`gs`.`goods_content`,`gs`.`goods_state`,`gs`.`is_free_shipping`,`gs`.`goods_spec_format`,`gs`.`goods_attr_format`,`gs`.`introduction`,`gs`.`unit`,`gs`.`video_url`,`gs`.`evaluate`,`gs`.`is_virtual`,`gs`.`max_buy`,`gs`.`min_buy`,`g`.`goods_image`,`g`.`verify_state`,`is_sale` FROM `gxfc_goods_sku` `gs` INNER JOIN `gxfc_goods` `g` ON `g`.`goods_id`=`gs`.`goods_id` WHERE  `gs`.`sku_id` = '20'  AND `gs`.`is_delete` = 0 LIMIT 1 [ RunTime:0.000464s ]
[2022-09-29T13:48:26+08:00][sql] SHOW FULL COLUMNS FROM `gxfc_goods` [ RunTime:0.001544s ]
[2022-09-29T13:48:26+08:00][sql] SELECT `promotion_addon` FROM `gxfc_goods` WHERE  `goods_id` = 20 LIMIT 1 [ RunTime:0.000383s ]
[2022-09-29T13:48:26+08:00][sql] SELECT `promotion_addon` FROM `gxfc_goods` WHERE  `goods_id` = 20 LIMIT 1 [ RunTime:0.000368s ]
[2022-09-29T13:48:26+08:00][sql] SELECT `promotion_addon` FROM `gxfc_goods` WHERE  `goods_id` = 20 LIMIT 1 [ RunTime:0.000349s ]
[2022-09-29T13:48:26+08:00][sql] SELECT `promotion_addon` FROM `gxfc_goods` WHERE  `goods_id` = 20 LIMIT 1 [ RunTime:0.000350s ]
[2022-09-29T13:48:26+08:00][sql] SELECT `promotion_addon` FROM `gxfc_goods` WHERE  `goods_id` = 20 LIMIT 1 [ RunTime:0.000491s ]
[2022-09-29T13:48:26+08:00][sql] SELECT `promotion_addon` FROM `gxfc_goods` WHERE  `goods_id` = 20 LIMIT 1 [ RunTime:0.000584s ]
[2022-09-29T13:48:26+08:00][sql] SELECT `promotion_addon` FROM `gxfc_goods` WHERE  `goods_id` = 20 LIMIT 1 [ RunTime:0.000419s ]
[2022-09-29T13:48:26+08:00][sql] SELECT `promotion_addon` FROM `gxfc_goods` WHERE  `goods_id` = 20 LIMIT 1 [ RunTime:0.000370s ]
[2022-09-29T13:49:35+08:00][sql] CONNECT:[ UseTime:0.022145s ] mysql:host=localhost;port=3306;dbname=ls_chnssl_com;charset=utf8
[2022-09-29T13:49:35+08:00][sql] SHOW FULL COLUMNS FROM `gxfc_goods_sku` [ RunTime:0.001096s ]
[2022-09-29T13:49:35+08:00][sql] SELECT `gs`.`goods_id`,`gs`.`sku_id`,`gs`.`goods_name`,`gs`.`sku_name`,`gs`.`sku_spec_format`,`gs`.`price`,`gs`.`market_price`,`gs`.`discount_price`,`gs`.`promotion_type`,`gs`.`start_time`,`gs`.`end_time`,`gs`.`stock`,`gs`.`click_num`,`g`.`sale_num`,`gs`.`collect_num`,`gs`.`sku_image`,`gs`.`sku_images`,`gs`.`site_id`,`gs`.`goods_content`,`gs`.`goods_state`,`gs`.`is_free_shipping`,`gs`.`goods_spec_format`,`gs`.`goods_attr_format`,`gs`.`introduction`,`gs`.`unit`,`gs`.`video_url`,`gs`.`evaluate`,`gs`.`is_virtual`,`gs`.`max_buy`,`gs`.`min_buy`,`g`.`goods_image`,`g`.`verify_state`,`g`.`is_sale`,`g`.`is_lease`,`g`.`cash_pledge` FROM `gxfc_goods_sku` `gs` INNER JOIN `gxfc_goods` `g` ON `g`.`goods_id`=`gs`.`goods_id` WHERE  `gs`.`sku_id` = '20'  AND `gs`.`is_delete` = 0 LIMIT 1 [ RunTime:0.000500s ]
[2022-09-29T13:49:35+08:00][sql] SHOW FULL COLUMNS FROM `gxfc_goods` [ RunTime:0.001142s ]
[2022-09-29T13:49:35+08:00][sql] SELECT `promotion_addon` FROM `gxfc_goods` WHERE  `goods_id` = 20 LIMIT 1 [ RunTime:0.000506s ]
[2022-09-29T13:49:35+08:00][sql] SELECT `promotion_addon` FROM `gxfc_goods` WHERE  `goods_id` = 20 LIMIT 1 [ RunTime:0.000375s ]
[2022-09-29T13:49:35+08:00][sql] SELECT `promotion_addon` FROM `gxfc_goods` WHERE  `goods_id` = 20 LIMIT 1 [ RunTime:0.000361s ]
[2022-09-29T13:49:35+08:00][sql] SELECT `promotion_addon` FROM `gxfc_goods` WHERE  `goods_id` = 20 LIMIT 1 [ RunTime:0.000403s ]
[2022-09-29T13:49:35+08:00][sql] SELECT `promotion_addon` FROM `gxfc_goods` WHERE  `goods_id` = 20 LIMIT 1 [ RunTime:0.000440s ]
[2022-09-29T13:49:35+08:00][sql] SELECT `promotion_addon` FROM `gxfc_goods` WHERE  `goods_id` = 20 LIMIT 1 [ RunTime:0.000431s ]
[2022-09-29T13:49:35+08:00][sql] SELECT `promotion_addon` FROM `gxfc_goods` WHERE  `goods_id` = 20 LIMIT 1 [ RunTime:0.000386s ]
[2022-09-29T13:49:35+08:00][sql] SELECT `promotion_addon` FROM `gxfc_goods` WHERE  `goods_id` = 20 LIMIT 1 [ RunTime:0.000397s ]
[2022-09-29T13:50:01+08:00][sql] CONNECT:[ UseTime:0.013952s ] mysql:host=localhost;port=3306;dbname=ls_chnssl_com;charset=utf8
[2022-09-29T13:50:01+08:00][sql] SHOW FULL COLUMNS FROM `gxfc_goods_sku` [ RunTime:0.001987s ]
[2022-09-29T13:50:01+08:00][sql] SELECT `gs`.`goods_id`,`gs`.`sku_id`,`gs`.`goods_name`,`gs`.`sku_name`,`gs`.`sku_spec_format`,`gs`.`price`,`gs`.`market_price`,`gs`.`discount_price`,`gs`.`promotion_type`,`gs`.`start_time`,`gs`.`end_time`,`gs`.`stock`,`gs`.`click_num`,`g`.`sale_num`,`gs`.`collect_num`,`gs`.`sku_image`,`gs`.`sku_images`,`gs`.`site_id`,`gs`.`goods_content`,`gs`.`goods_state`,`gs`.`is_free_shipping`,`gs`.`goods_spec_format`,`gs`.`goods_attr_format`,`gs`.`introduction`,`gs`.`unit`,`gs`.`video_url`,`gs`.`evaluate`,`gs`.`is_virtual`,`gs`.`max_buy`,`gs`.`min_buy`,`g`.`goods_image`,`g`.`verify_state`,`g`.`is_sale`,`g`.`is_lease`,`g`.`cash_pledge` FROM `gxfc_goods_sku` `gs` INNER JOIN `gxfc_goods` `g` ON `g`.`goods_id`=`gs`.`goods_id` WHERE  `gs`.`sku_id` = '20'  AND `gs`.`is_delete` = 0 LIMIT 1 [ RunTime:0.000510s ]
[2022-09-29T13:50:01+08:00][sql] SHOW FULL COLUMNS FROM `gxfc_goods` [ RunTime:0.000907s ]
[2022-09-29T13:50:01+08:00][sql] SELECT `promotion_addon` FROM `gxfc_goods` WHERE  `goods_id` = 20 LIMIT 1 [ RunTime:0.000348s ]
[2022-09-29T13:50:01+08:00][sql] SELECT `promotion_addon` FROM `gxfc_goods` WHERE  `goods_id` = 20 LIMIT 1 [ RunTime:0.000368s ]
[2022-09-29T13:50:01+08:00][sql] SELECT `promotion_addon` FROM `gxfc_goods` WHERE  `goods_id` = 20 LIMIT 1 [ RunTime:0.000417s ]
[2022-09-29T13:50:01+08:00][sql] SELECT `promotion_addon` FROM `gxfc_goods` WHERE  `goods_id` = 20 LIMIT 1 [ RunTime:0.000257s ]
[2022-09-29T13:50:01+08:00][sql] SELECT `promotion_addon` FROM `gxfc_goods` WHERE  `goods_id` = 20 LIMIT 1 [ RunTime:0.000322s ]
[2022-09-29T13:50:01+08:00][sql] SELECT `promotion_addon` FROM `gxfc_goods` WHERE  `goods_id` = 20 LIMIT 1 [ RunTime:0.000307s ]
[2022-09-29T13:50:01+08:00][sql] SELECT `promotion_addon` FROM `gxfc_goods` WHERE  `goods_id` = 20 LIMIT 1 [ RunTime:0.000258s ]
[2022-09-29T13:50:01+08:00][sql] SELECT `promotion_addon` FROM `gxfc_goods` WHERE  `goods_id` = 20 LIMIT 1 [ RunTime:0.000263s ]
[2022-09-29T13:55:25+08:00][sql] CONNECT:[ UseTime:0.014622s ] mysql:host=localhost;port=3306;dbname=ls_chnssl_com;charset=utf8
[2022-09-29T13:55:25+08:00][sql] SHOW FULL COLUMNS FROM `gxfc_goods_sku` [ RunTime:0.001337s ]
[2022-09-29T13:55:25+08:00][sql] SELECT `gs`.`goods_id`,`gs`.`sku_id`,`gs`.`goods_name`,`gs`.`sku_name`,`gs`.`sku_spec_format`,`gs`.`price`,`gs`.`market_price`,`gs`.`discount_price`,`gs`.`promotion_type`,`gs`.`start_time`,`gs`.`end_time`,`gs`.`stock`,`gs`.`click_num`,`g`.`sale_num`,`gs`.`collect_num`,`gs`.`sku_image`,`gs`.`sku_images`,`gs`.`site_id`,`gs`.`goods_content`,`gs`.`goods_state`,`gs`.`is_free_shipping`,`gs`.`goods_spec_format`,`gs`.`goods_attr_format`,`gs`.`introduction`,`gs`.`unit`,`gs`.`video_url`,`gs`.`evaluate`,`gs`.`is_virtual`,`gs`.`max_buy`,`gs`.`min_buy`,`g`.`goods_image`,`g`.`verify_state`,`g`.`is_sale`,`g`.`is_lease`,`g`.`cash_pledge` FROM `gxfc_goods_sku` `gs` INNER JOIN `gxfc_goods` `g` ON `g`.`goods_id`=`gs`.`goods_id` WHERE  `gs`.`sku_id` = '20'  AND `gs`.`is_delete` = 0 LIMIT 1 [ RunTime:0.000715s ]
[2022-09-29T13:55:25+08:00][sql] SHOW FULL COLUMNS FROM `gxfc_shop` [ RunTime:0.000905s ]
[2022-09-29T13:55:25+08:00][sql] SELECT `site_id`,`site_name`,`is_own`,`logo`,`avatar`,`banner`,`seo_description`,`qq`,`ww`,`telephone`,`shop_desccredit`,`shop_servicecredit`,`shop_deliverycredit`,`shop_baozh`,`shop_baozhopen`,`shop_baozhrmb`,`shop_qtian`,`shop_zhping`,`shop_erxiaoshi`,`shop_tuihuo`,`shop_shiyong`,`shop_shiti`,`shop_xiaoxie`,`shop_sales`,`sub_num` FROM `gxfc_shop` WHERE  `site_id` = 1 LIMIT 1 [ RunTime:0.000372s ]
[2022-09-29T13:55:25+08:00][sql] SHOW FULL COLUMNS FROM `gxfc_goods` [ RunTime:0.000941s ]
[2022-09-29T13:55:25+08:00][sql] SELECT `promotion_addon` FROM `gxfc_goods` WHERE  `goods_id` = 20 LIMIT 1 [ RunTime:0.000288s ]
[2022-09-29T13:55:25+08:00][sql] SELECT `promotion_addon` FROM `gxfc_goods` WHERE  `goods_id` = 20 LIMIT 1 [ RunTime:0.000317s ]
[2022-09-29T13:55:25+08:00][sql] SELECT `promotion_addon` FROM `gxfc_goods` WHERE  `goods_id` = 20 LIMIT 1 [ RunTime:0.000275s ]
[2022-09-29T13:55:25+08:00][sql] SELECT `promotion_addon` FROM `gxfc_goods` WHERE  `goods_id` = 20 LIMIT 1 [ RunTime:0.000272s ]
[2022-09-29T13:55:25+08:00][sql] SELECT `promotion_addon` FROM `gxfc_goods` WHERE  `goods_id` = 20 LIMIT 1 [ RunTime:0.000218s ]
[2022-09-29T13:55:25+08:00][sql] SELECT `promotion_addon` FROM `gxfc_goods` WHERE  `goods_id` = 20 LIMIT 1 [ RunTime:0.000203s ]
[2022-09-29T13:55:25+08:00][sql] SELECT `promotion_addon` FROM `gxfc_goods` WHERE  `goods_id` = 20 LIMIT 1 [ RunTime:0.000904s ]
[2022-09-29T13:55:25+08:00][sql] SELECT `promotion_addon` FROM `gxfc_goods` WHERE  `goods_id` = 20 LIMIT 1 [ RunTime:0.000395s ]
[2022-09-29T13:56:18+08:00][sql] CONNECT:[ UseTime:0.004513s ] mysql:host=localhost;port=3306;dbname=ls_chnssl_com;charset=utf8
[2022-09-29T13:56:18+08:00][sql] SHOW FULL COLUMNS FROM `gxfc_goods_sku` [ RunTime:0.001165s ]
[2022-09-29T13:56:18+08:00][sql] SELECT `gs`.`goods_id`,`gs`.`sku_id`,`gs`.`goods_name`,`gs`.`sku_name`,`gs`.`sku_spec_format`,`gs`.`price`,`gs`.`discount_price`,`gs`.`promotion_type`,`gs`.`stock`,`gs`.`sku_image`,`gs`.`goods_spec_format`,`gs`.`unit`,`gs`.`is_virtual`,`gs`.`max_buy`,`gs`.`min_buy`,`g`.`goods_image`,`g`.`wj_off` FROM `gxfc_goods_sku` `gs` INNER JOIN `gxfc_goods` `g` ON `g`.`goods_id`=`gs`.`goods_id` WHERE  `gs`.`sku_id` = '20'  AND `gs`.`is_delete` = 0 LIMIT 1 [ RunTime:0.002108s ]
[2022-09-29T13:57:41+08:00][sql] CONNECT:[ UseTime:0.019093s ] mysql:host=localhost;port=3306;dbname=ls_chnssl_com;charset=utf8
[2022-09-29T13:57:41+08:00][sql] SHOW FULL COLUMNS FROM `gxfc_goods_sku` [ RunTime:0.001280s ]
[2022-09-29T13:57:41+08:00][sql] SELECT COUNT(*) AS think_count FROM `gxfc_goods_sku` `gs` INNER JOIN `gxfc_goods` `g` ON `gs`.`sku_id`=`g`.`sku_id` INNER JOIN `gxfc_shop` `s` ON `s`.`site_id`=`gs`.`site_id` WHERE  `s`.`shop_status` = 1  AND `s`.`conceal` = 0  AND `gs`.`goods_state` = 1  AND `gs`.`verify_state` = 1  AND `gs`.`is_delete` = 0 ORDER BY `gs`.`sort` DESC,`gs`.`create_time` DESC [ RunTime:0.000770s ]
[2022-09-29T13:57:41+08:00][sql] SELECT `gs`.`goods_id`,`gs`.`sku_id`,`gs`.`sku_name`,`gs`.`price`,`gs`.`market_price`,`gs`.`discount_price`,`gs`.`stock`,`gs`.`sale_num`,`gs`.`sku_image`,`gs`.`goods_name`,`gs`.`site_id`,`gs`.`website_id`,`gs`.`is_own`,`gs`.`is_free_shipping`,`gs`.`introduction`,`gs`.`promotion_type`,`g`.`goods_image`,`g`.`site_name`,`gs`.`goods_spec_format`,`gs`.`is_virtual`,`gs`.`recommend_way`,`g`.`is_sale` FROM `gxfc_goods_sku` `gs` INNER JOIN `gxfc_goods` `g` ON `gs`.`sku_id`=`g`.`sku_id` INNER JOIN `gxfc_shop` `s` ON `s`.`site_id`=`gs`.`site_id` WHERE  `s`.`shop_status` = 1  AND `s`.`conceal` = 0  AND `gs`.`goods_state` = 1  AND `gs`.`verify_state` = 1  AND `gs`.`is_delete` = 0 ORDER BY `gs`.`sort` DESC,`gs`.`create_time` DESC LIMIT 0,0 [ RunTime:0.000584s ]
[2022-09-29T13:57:41+08:00][sql] SHOW FULL COLUMNS FROM `gxfc_consulting` [ RunTime:0.002088s ]
[2022-09-29T13:57:41+08:00][sql] SELECT COUNT(*) AS think_count FROM `gxfc_consulting` `gs` WHERE  `status` = 0 ORDER BY `sort` DESC [ RunTime:0.001058s ]
[2022-09-29T13:57:41+08:00][sql] SELECT * FROM `gxfc_consulting` `gs` WHERE  `status` = 0 ORDER BY `sort` DESC LIMIT 0,18 [ RunTime:0.000596s ]
[2022-09-29T13:57:57+08:00][sql] CONNECT:[ UseTime:0.004741s ] mysql:host=localhost;port=3306;dbname=ls_chnssl_com;charset=utf8
[2022-09-29T13:57:57+08:00][sql] SHOW FULL COLUMNS FROM `gxfc_goods_sku` [ RunTime:0.001013s ]
[2022-09-29T13:57:57+08:00][sql] SELECT COUNT(*) AS think_count FROM `gxfc_goods_sku` `gs` INNER JOIN `gxfc_goods` `g` ON `gs`.`sku_id`=`g`.`sku_id` INNER JOIN `gxfc_shop` `s` ON `s`.`site_id`=`gs`.`site_id` WHERE  `gs`.`goods_state` = 1  AND `gs`.`verify_state` = 1  AND `gs`.`is_delete` = 0  AND `s`.`shop_status` = 1 ORDER BY `gs`.`sort` DESC,`gs`.`create_time` DESC [ RunTime:0.000503s ]
[2022-09-29T13:57:57+08:00][sql] SELECT `gs`.`goods_id`,`gs`.`sku_id`,`gs`.`sku_name`,`gs`.`price`,`gs`.`market_price`,`gs`.`discount_price`,`gs`.`stock`,`gs`.`sale_num`,`gs`.`sku_image`,`gs`.`goods_name`,`gs`.`site_id`,`gs`.`website_id`,`gs`.`is_own`,`gs`.`is_free_shipping`,`gs`.`introduction`,`gs`.`promotion_type`,`g`.`goods_image` FROM `gxfc_goods_sku` `gs` INNER JOIN `gxfc_goods` `g` ON `gs`.`sku_id`=`g`.`sku_id` INNER JOIN `gxfc_shop` `s` ON `s`.`site_id`=`gs`.`site_id` WHERE  `gs`.`goods_state` = 1  AND `gs`.`verify_state` = 1  AND `gs`.`is_delete` = 0  AND `s`.`shop_status` = 1 ORDER BY `gs`.`sort` DESC,`gs`.`create_time` DESC LIMIT 0,0 [ RunTime:0.000439s ]
[2022-09-29T14:08:35+08:00][sql] CONNECT:[ UseTime:0.000905s ] mysql:host=127.0.0.1;port=3306;dbname=ls_chnssl_com;charset=utf8
[2022-09-29T14:08:35+08:00][sql] SHOW FULL COLUMNS FROM `gxfc_goods_sku` [ RunTime:0.001077s ]
[2022-09-29T14:08:35+08:00][sql] SELECT COUNT(*) AS think_count FROM `gxfc_goods_sku` `gs` INNER JOIN `gxfc_goods` `g` ON `gs`.`sku_id`=`g`.`sku_id` INNER JOIN `gxfc_shop` `s` ON `s`.`site_id`=`gs`.`site_id` WHERE  `gs`.`goods_state` = 1  AND `gs`.`verify_state` = 1  AND `gs`.`is_delete` = 0  AND `s`.`shop_status` = 1 ORDER BY `gs`.`sort` DESC,`gs`.`create_time` DESC [ RunTime:0.000755s ]
[2022-09-29T14:08:35+08:00][sql] SELECT `gs`.`goods_id`,`gs`.`sku_id`,`gs`.`sku_name`,`gs`.`price`,`gs`.`market_price`,`gs`.`discount_price`,`gs`.`stock`,`gs`.`sale_num`,`gs`.`sku_image`,`gs`.`goods_name`,`gs`.`site_id`,`gs`.`website_id`,`gs`.`is_own`,`gs`.`is_free_shipping`,`gs`.`introduction`,`gs`.`promotion_type`,`g`.`goods_image` FROM `gxfc_goods_sku` `gs` INNER JOIN `gxfc_goods` `g` ON `gs`.`sku_id`=`g`.`sku_id` INNER JOIN `gxfc_shop` `s` ON `s`.`site_id`=`gs`.`site_id` WHERE  `gs`.`goods_state` = 1  AND `gs`.`verify_state` = 1  AND `gs`.`is_delete` = 0  AND `s`.`shop_status` = 1 ORDER BY `gs`.`sort` DESC,`gs`.`create_time` DESC LIMIT 0,0 [ RunTime:0.000433s ]
[2022-09-29T14:09:07+08:00][sql] CONNECT:[ UseTime:0.018102s ] mysql:host=127.0.0.1;port=3306;dbname=ls_chnssl_com;charset=utf8
[2022-09-29T14:09:07+08:00][sql] SHOW FULL COLUMNS FROM `gxfc_goods_sku` [ RunTime:0.002190s ]
[2022-09-29T14:09:07+08:00][sql] SELECT COUNT(*) AS think_count FROM `gxfc_goods_sku` `gs` INNER JOIN `gxfc_goods` `g` ON `gs`.`sku_id`=`g`.`sku_id` INNER JOIN `gxfc_shop` `s` ON `s`.`site_id`=`gs`.`site_id` WHERE  `gs`.`goods_state` = 1  AND `gs`.`verify_state` = 1  AND `gs`.`is_delete` = 0  AND `s`.`shop_status` = 1 ORDER BY `gs`.`sort` DESC,`gs`.`create_time` DESC [ RunTime:0.000526s ]
[2022-09-29T14:09:07+08:00][sql] SELECT `gs`.`goods_id`,`gs`.`sku_id`,`gs`.`sku_name`,`gs`.`price`,`gs`.`market_price`,`gs`.`discount_price`,`gs`.`stock`,`gs`.`sale_num`,`gs`.`sku_image`,`gs`.`goods_name`,`gs`.`site_id`,`gs`.`website_id`,`gs`.`is_own`,`gs`.`is_free_shipping`,`gs`.`introduction`,`gs`.`promotion_type`,`g`.`goods_image` FROM `gxfc_goods_sku` `gs` INNER JOIN `gxfc_goods` `g` ON `gs`.`sku_id`=`g`.`sku_id` INNER JOIN `gxfc_shop` `s` ON `s`.`site_id`=`gs`.`site_id` WHERE  `gs`.`goods_state` = 1  AND `gs`.`verify_state` = 1  AND `gs`.`is_delete` = 0  AND `s`.`shop_status` = 1 ORDER BY `gs`.`sort` DESC,`gs`.`create_time` DESC LIMIT 0,1 [ RunTime:0.000491s ]
