[2022-08-02T08:23:28+08:00][sql] CONNECT:[ UseTime:0.000228s ] mysql:host=localhost;port=3306;dbname=ls_chnssl_com;charset=utf8
[2022-08-02T08:23:28+08:00][sql] SHOW FULL COLUMNS FROM `gxfc_website` [ RunTime:0.000994s ]
[2022-08-02T08:23:28+08:00][sql] SELECT `web_phone`,`web_email`,`web_qrcode`,`web_qq`,`web_weixin`,`logo` FROM `gxfc_website` WHERE  `site_id` = 0 LIMIT 1 [ RunTime:0.000235s ]
[2022-08-02T08:23:49+08:00][sql] CONNECT:[ UseTime:0.000266s ] mysql:host=localhost;port=3306;dbname=ls_chnssl_com;charset=utf8
[2022-08-02T08:23:49+08:00][sql] SHOW FULL COLUMNS FROM `gxfc_user` [ RunTime:0.000878s ]
[2022-08-02T08:23:49+08:00][sql] SELECT `uid`,`app_module`,`app_group`,`is_admin`,`site_id`,`group_id`,`group_name`,`username`,`password`,`member_id`,`create_time`,`update_time`,`status`,`login_time`,`login_ip` FROM `gxfc_user` WHERE  `username` = 'glfd'  AND `app_module` = 'shop' LIMIT 1 [ RunTime:0.000278s ]
[2022-08-02T08:23:49+08:00][sql] UPDATE `gxfc_user`  SET `login_time` = 1659399829 , `login_ip` = '27.18.67.170'  WHERE  `uid` = 43 [ RunTime:0.004660s ]
[2022-08-02T08:23:49+08:00][sql] SHOW FULL COLUMNS FROM `gxfc_user_log` [ RunTime:0.000699s ]
[2022-08-02T08:23:49+08:00][sql] INSERT INTO `gxfc_user_log` SET `uid` = 43 , `username` = 'glfd' , `site_id` = 25 , `url` = 'shop/Login/login' , `ip` = '27.18.67.170' , `data` = '[]' , `action_name` = '用户登录' , `create_time` = 1659399829 [ RunTime:0.003722s ]
[2022-08-02T08:23:50+08:00][sql] CONNECT:[ UseTime:0.000247s ] mysql:host=localhost;port=3306;dbname=ls_chnssl_com;charset=utf8
[2022-08-02T08:23:50+08:00][sql] SHOW FULL COLUMNS FROM `gxfc_shop` [ RunTime:0.001238s ]
[2022-08-02T08:23:50+08:00][sql] SELECT `website_id`,`site_name`,`logo`,`is_own`,`level_id`,`category_id`,`group_id`,`seo_keywords`,`seo_description`,`expire_time`,`shop_status` FROM `gxfc_shop` WHERE  `site_id` = 25 LIMIT 1 [ RunTime:0.000274s ]
[2022-08-02T08:23:50+08:00][sql] SHOW FULL COLUMNS FROM `gxfc_website` [ RunTime:0.000954s ]
[2022-08-02T08:23:50+08:00][sql] SELECT `title`,`logo`,`desc`,`keywords`,`web_status`,`close_reason`,`web_qrcode`,`web_phone` FROM `gxfc_website` WHERE  `site_id` = 0 LIMIT 1 [ RunTime:0.000234s ]
[2022-08-02T08:23:50+08:00][sql] SELECT `site_id`,`expire_time`,`site_name`,`username`,`website_id`,`cert_id`,`is_own`,`level_id`,`level_name`,`category_id`,`category_name`,`group_id`,`group_name`,`member_id`,`member_name`,`shop_status`,`close_info`,`sort`,`start_time`,`end_time`,`logo`,`avatar`,`banner`,`seo_keywords`,`seo_description`,`qq`,`ww`,`telephone`,`is_recommend`,`shop_desccredit`,`shop_servicecredit`,`shop_deliverycredit`,`workingtime`,`shop_baozh`,`shop_baozhopen`,`shop_baozhrmb`,`shop_qtian`,`shop_zhping`,`shop_erxiaoshi`,`shop_tuihuo`,`shop_shiyong`,`shop_shiti`,`shop_xiaoxie`,`shop_free_time`,`shop_sales`,`shop_adv`,`account`,`account_withdraw`,`work_week`,`province`,`province_name`,`city`,`city_name`,`district`,`district_name`,`community`,`community_name`,`address`,`full_address`,`longitude`,`latitude`,`sub_num` FROM `gxfc_shop` WHERE  `site_id` = 25 LIMIT 1 [ RunTime:0.000379s ]
[2022-08-02T08:23:50+08:00][sql] SHOW FULL COLUMNS FROM `gxfc_shop_reopen` [ RunTime:0.000786s ]
[2022-08-02T08:23:50+08:00][sql] SELECT `sr`.*,`s`.`site_name` FROM `gxfc_shop_reopen` `sr` LEFT JOIN `gxfc_shop` `s` ON `s`.`site_id`=`sr`.`site_id` WHERE  `sr`.`site_id` = 25  AND `sr`.`apply_state` IN (1,-1) LIMIT 1 [ RunTime:0.000273s ]
[2022-08-02T08:23:50+08:00][sql] SHOW FULL COLUMNS FROM `gxfc_user` [ RunTime:0.000749s ]
[2022-08-02T08:23:50+08:00][sql] SELECT `username`,`group_name`,`login_time` FROM `gxfc_user` WHERE  `uid` = 43 LIMIT 1 [ RunTime:0.000146s ]
[2022-08-02T08:23:50+08:00][sql] SHOW FULL COLUMNS FROM `gxfc_stat_shop` [ RunTime:0.000914s ]
[2022-08-02T08:23:50+08:00][sql] SELECT `id`,`site_id`,`year`,`month`,`day`,`order_total`,`shipping_total`,`refund_total`,`order_pay_count`,`goods_pay_count`,`shop_money`,`platform_money`,`create_time`,`modify_time`,`collect_shop`,`collect_goods`,`visit_count`,`order_count`,`goods_count`,`add_goods_count`,`day_time`,`member_count` FROM `gxfc_stat_shop` WHERE  `site_id` = 25  AND `year` = 2022  AND `month` = 8  AND `day` = 2 LIMIT 1 [ RunTime:0.000244s ]
[2022-08-02T08:23:50+08:00][sql] INSERT INTO `gxfc_stat_shop` SET `site_id` = 25 , `year` = 2022 , `month` = 8 , `day` = 2 , `day_time` = 1659369600 [ RunTime:0.006307s ]
[2022-08-02T08:23:50+08:00][sql] SELECT `id`,`site_id`,`year`,`month`,`day`,`order_total`,`shipping_total`,`refund_total`,`order_pay_count`,`goods_pay_count`,`shop_money`,`platform_money`,`create_time`,`modify_time`,`collect_shop`,`collect_goods`,`visit_count`,`order_count`,`goods_count`,`add_goods_count`,`day_time`,`member_count` FROM `gxfc_stat_shop` WHERE  `site_id` = 25  AND `year` = 2022  AND `month` = 8  AND `day` = 2  AND `day_time` = 1659369600 LIMIT 1 [ RunTime:0.000229s ]
[2022-08-02T08:23:50+08:00][sql] SELECT `id`,`site_id`,`year`,`month`,`day`,`order_total`,`shipping_total`,`refund_total`,`order_pay_count`,`goods_pay_count`,`shop_money`,`platform_money`,`create_time`,`modify_time`,`collect_shop`,`collect_goods`,`visit_count`,`order_count`,`goods_count`,`add_goods_count`,`day_time`,`member_count` FROM `gxfc_stat_shop` WHERE  `site_id` = 25  AND `year` = 2022  AND `month` = 8  AND `day` = 1 LIMIT 1 [ RunTime:0.000234s ]
[2022-08-02T08:23:50+08:00][sql] SELECT `id`,`site_id`,`year`,`month`,`day`,`order_total`,`shipping_total`,`refund_total`,`order_pay_count`,`goods_pay_count`,`shop_money`,`platform_money`,`create_time`,`modify_time`,`collect_shop`,`collect_goods`,`visit_count`,`order_count`,`goods_count`,`add_goods_count`,`day_time`,`member_count` FROM `gxfc_stat_shop` WHERE  `site_id` = 25  AND `year` = 2022  AND `month` = 07  AND `day` = 24 LIMIT 1 [ RunTime:0.000217s ]
[2022-08-02T08:23:50+08:00][sql] SELECT `id`,`site_id`,`year`,`month`,`day`,`order_total`,`shipping_total`,`refund_total`,`order_pay_count`,`goods_pay_count`,`shop_money`,`platform_money`,`create_time`,`modify_time`,`collect_shop`,`collect_goods`,`visit_count`,`order_count`,`goods_count`,`add_goods_count`,`day_time`,`member_count` FROM `gxfc_stat_shop` WHERE  `site_id` = 25  AND `year` = 2022  AND `month` = 07  AND `day` = 25 LIMIT 1 [ RunTime:0.000218s ]
[2022-08-02T08:23:50+08:00][sql] SELECT `id`,`site_id`,`year`,`month`,`day`,`order_total`,`shipping_total`,`refund_total`,`order_pay_count`,`goods_pay_count`,`shop_money`,`platform_money`,`create_time`,`modify_time`,`collect_shop`,`collect_goods`,`visit_count`,`order_count`,`goods_count`,`add_goods_count`,`day_time`,`member_count` FROM `gxfc_stat_shop` WHERE  `site_id` = 25  AND `year` = 2022  AND `month` = 07  AND `day` = 26 LIMIT 1 [ RunTime:0.000228s ]
[2022-08-02T08:23:50+08:00][sql] SELECT `id`,`site_id`,`year`,`month`,`day`,`order_total`,`shipping_total`,`refund_total`,`order_pay_count`,`goods_pay_count`,`shop_money`,`platform_money`,`create_time`,`modify_time`,`collect_shop`,`collect_goods`,`visit_count`,`order_count`,`goods_count`,`add_goods_count`,`day_time`,`member_count` FROM `gxfc_stat_shop` WHERE  `site_id` = 25  AND `year` = 2022  AND `month` = 07  AND `day` = 27 LIMIT 1 [ RunTime:0.000221s ]
[2022-08-02T08:23:50+08:00][sql] SELECT `id`,`site_id`,`year`,`month`,`day`,`order_total`,`shipping_total`,`refund_total`,`order_pay_count`,`goods_pay_count`,`shop_money`,`platform_money`,`create_time`,`modify_time`,`collect_shop`,`collect_goods`,`visit_count`,`order_count`,`goods_count`,`add_goods_count`,`day_time`,`member_count` FROM `gxfc_stat_shop` WHERE  `site_id` = 25  AND `year` = 2022  AND `month` = 07  AND `day` = 28 LIMIT 1 [ RunTime:0.000218s ]
[2022-08-02T08:23:50+08:00][sql] SELECT `id`,`site_id`,`year`,`month`,`day`,`order_total`,`shipping_total`,`refund_total`,`order_pay_count`,`goods_pay_count`,`shop_money`,`platform_money`,`create_time`,`modify_time`,`collect_shop`,`collect_goods`,`visit_count`,`order_count`,`goods_count`,`add_goods_count`,`day_time`,`member_count` FROM `gxfc_stat_shop` WHERE  `site_id` = 25  AND `year` = 2022  AND `month` = 07  AND `day` = 29 LIMIT 1 [ RunTime:0.000244s ]
[2022-08-02T08:23:50+08:00][sql] SELECT `id`,`site_id`,`year`,`month`,`day`,`order_total`,`shipping_total`,`refund_total`,`order_pay_count`,`goods_pay_count`,`shop_money`,`platform_money`,`create_time`,`modify_time`,`collect_shop`,`collect_goods`,`visit_count`,`order_count`,`goods_count`,`add_goods_count`,`day_time`,`member_count` FROM `gxfc_stat_shop` WHERE  `site_id` = 25  AND `year` = 2022  AND `month` = 07  AND `day` = 30 LIMIT 1 [ RunTime:0.000229s ]
[2022-08-02T08:23:50+08:00][sql] SELECT `id`,`site_id`,`year`,`month`,`day`,`order_total`,`shipping_total`,`refund_total`,`order_pay_count`,`goods_pay_count`,`shop_money`,`platform_money`,`create_time`,`modify_time`,`collect_shop`,`collect_goods`,`visit_count`,`order_count`,`goods_count`,`add_goods_count`,`day_time`,`member_count` FROM `gxfc_stat_shop` WHERE  `site_id` = 25  AND `year` = 2022  AND `month` = 07  AND `day` = 31 LIMIT 1 [ RunTime:0.000222s ]
[2022-08-02T08:23:50+08:00][sql] SELECT `id`,`site_id`,`year`,`month`,`day`,`order_total`,`shipping_total`,`refund_total`,`order_pay_count`,`goods_pay_count`,`shop_money`,`platform_money`,`create_time`,`modify_time`,`collect_shop`,`collect_goods`,`visit_count`,`order_count`,`goods_count`,`add_goods_count`,`day_time`,`member_count` FROM `gxfc_stat_shop` WHERE  `site_id` = 25  AND `year` = 2022  AND `month` = 08  AND `day` = 01 LIMIT 1 [ RunTime:0.000258s ]
[2022-08-02T08:23:50+08:00][sql] SELECT `id`,`site_id`,`year`,`month`,`day`,`order_total`,`shipping_total`,`refund_total`,`order_pay_count`,`goods_pay_count`,`shop_money`,`platform_money`,`create_time`,`modify_time`,`collect_shop`,`collect_goods`,`visit_count`,`order_count`,`goods_count`,`add_goods_count`,`day_time`,`member_count` FROM `gxfc_stat_shop` WHERE  `site_id` = 25  AND `year` = 2022  AND `month` = 08  AND `day` = 02 LIMIT 1 [ RunTime:0.000243s ]
[2022-08-02T08:23:50+08:00][sql] SELECT SUM(order_total) as order_total,SUM(shipping_total) as shipping_total,SUM(refund_total) as refund_total,SUM(order_pay_count) as order_pay_count,SUM(goods_pay_count) as goods_pay_count,SUM(shop_money) as shop_money,SUM(platform_money) as platform_money,SUM(collect_shop) as collect_shop,SUM(collect_goods) as collect_goods,SUM(visit_count) as visit_count,SUM(order_count) as order_count,SUM(goods_count) as goods_count,SUM(add_goods_count) as add_goods_count,SUM(member_count) as member_count FROM `gxfc_stat_shop` WHERE  `site_id` = 25 LIMIT 1 [ RunTime:0.000266s ]
[2022-08-02T08:23:50+08:00][sql] SHOW FULL COLUMNS FROM `gxfc_goods` [ RunTime:0.001054s ]
[2022-08-02T08:23:50+08:00][sql] SELECT COUNT(*) AS think_count FROM `gxfc_goods` WHERE  `site_id` = 25 [ RunTime:0.000186s ]
[2022-08-02T08:23:50+08:00][sql] SHOW FULL COLUMNS FROM `gxfc_order` [ RunTime:0.001360s ]
[2022-08-02T08:23:50+08:00][sql] SELECT COUNT(*) AS think_count FROM `gxfc_order` WHERE  `order_status` = 0  AND `site_id` = 25  AND `is_delete` = 0 [ RunTime:0.000224s ]
[2022-08-02T08:23:50+08:00][sql] SELECT COUNT(*) AS think_count FROM `gxfc_order` WHERE  `order_status` = 1  AND `site_id` = 25  AND `is_delete` = 0 [ RunTime:0.000423s ]
[2022-08-02T08:23:50+08:00][sql] SHOW FULL COLUMNS FROM `gxfc_order_goods` [ RunTime:0.000915s ]
[2022-08-02T08:23:50+08:00][sql] SELECT COUNT(*) AS think_count FROM `gxfc_order_goods` WHERE  `site_id` = 25  AND `refund_status` NOT IN (0,3) [ RunTime:0.000388s ]
[2022-08-02T08:23:50+08:00][sql] select count(goods_id) as num from gxfc_goods where goods_stock_alarm >= goods_stock and goods_stock_alarm > 0 and is_delete = 0 and goods_state = 1 and site_id = 25 [ RunTime:0.000190s ]
[2022-08-02T08:23:50+08:00][sql] SELECT COUNT(*) AS think_count FROM `gxfc_goods` WHERE  `goods_state` = 1  AND `site_id` = 25  AND `is_delete` = 0 [ RunTime:0.000176s ]
[2022-08-02T08:23:50+08:00][sql] SELECT COUNT(*) AS think_count FROM `gxfc_goods` WHERE  `verify_state` = 0  AND `site_id` = 25  AND `is_delete` = 0 [ RunTime:0.000178s ]
[2022-08-02T08:23:50+08:00][sql] SELECT COUNT(*) AS think_count FROM `gxfc_goods` WHERE  `verify_state` = 10  AND `site_id` = 25  AND `is_delete` = 0 [ RunTime:0.000168s ]
[2022-08-02T08:23:50+08:00][sql] SHOW FULL COLUMNS FROM `gxfc_help` [ RunTime:0.000797s ]
[2022-08-02T08:23:50+08:00][sql] SELECT COUNT(*) AS think_count FROM `gxfc_help` `a` WHERE  `app_module` = 'shop' ORDER BY `create_time` DESC [ RunTime:0.000187s ]
[2022-08-02T08:23:50+08:00][sql] SELECT `id`,`title`,`content`,`class_id`,`class_name`,`sort`,`link_address`,`create_time` FROM `gxfc_help` `a` WHERE  `app_module` = 'shop' ORDER BY `create_time` DESC LIMIT 0,5 [ RunTime:0.000188s ]
[2022-08-02T08:23:53+08:00][sql] CONNECT:[ UseTime:0.000253s ] mysql:host=localhost;port=3306;dbname=ls_chnssl_com;charset=utf8
[2022-08-02T08:23:53+08:00][sql] SHOW FULL COLUMNS FROM `gxfc_shop` [ RunTime:0.001214s ]
[2022-08-02T08:23:53+08:00][sql] SELECT `website_id`,`site_name`,`logo`,`is_own`,`level_id`,`category_id`,`group_id`,`seo_keywords`,`seo_description`,`expire_time`,`shop_status` FROM `gxfc_shop` WHERE  `site_id` = 25 LIMIT 1 [ RunTime:0.000260s ]
[2022-08-02T08:23:53+08:00][sql] SELECT `site_name`,`logo`,`account`,`account_withdraw`,`account_withdraw_apply`,`shop_open_fee`,`shop_baozhrmb` FROM `gxfc_shop` WHERE  `site_id` = 25 LIMIT 1 [ RunTime:0.000313s ]
[2022-08-02T08:23:53+08:00][sql] SHOW FULL COLUMNS FROM `gxfc_shop_cert` [ RunTime:0.000993s ]
[2022-08-02T08:23:53+08:00][sql] SELECT `bank_type`,`settlement_bank_account_name`,`settlement_bank_account_number`,`settlement_bank_name`,`settlement_bank_address` FROM `gxfc_shop_cert` WHERE  `site_id` = 25 LIMIT 1 [ RunTime:0.000218s ]
[2022-08-02T08:23:53+08:00][sql] SHOW FULL COLUMNS FROM `gxfc_order` [ RunTime:0.001430s ]
[2022-08-02T08:23:53+08:00][sql] SELECT sum(order_money) as order_money, sum(refund_money) as refund_money, sum(shop_money) as shop_money, sum(platform_money) as platform_money, sum(refund_shop_money) as refund_shop_money, sum(refund_platform_money) as refund_platform_money, sum(commission) as commission, sum(platform_coupon_money) as platform_coupon_money,sum(refund_platform_coupon_money) as refund_platform_coupon_money FROM `gxfc_order` WHERE  `site_id` = 25  AND `order_status` = 10  AND `is_settlement` = 0 LIMIT 1 [ RunTime:0.000456s ]
[2022-08-02T08:23:53+08:00][sql] CONNECT:[ UseTime:0.000245s ] mysql:host=localhost;port=3306;dbname=ls_chnssl_com;charset=utf8
[2022-08-02T08:23:53+08:00][sql] SHOW FULL COLUMNS FROM `gxfc_shop` [ RunTime:0.001184s ]
[2022-08-02T08:23:53+08:00][sql] SELECT `website_id`,`site_name`,`logo`,`is_own`,`level_id`,`category_id`,`group_id`,`seo_keywords`,`seo_description`,`expire_time`,`shop_status` FROM `gxfc_shop` WHERE  `site_id` = 25 LIMIT 1 [ RunTime:0.000254s ]
[2022-08-02T08:23:53+08:00][sql] SELECT `site_name`,`logo`,`account`,`account_withdraw`,`account_withdraw_apply`,`shop_open_fee`,`shop_baozhrmb` FROM `gxfc_shop` WHERE  `site_id` = 25 LIMIT 1 [ RunTime:0.000211s ]
[2022-08-02T08:23:53+08:00][sql] SHOW FULL COLUMNS FROM `gxfc_shop_cert` [ RunTime:0.000826s ]
[2022-08-02T08:23:53+08:00][sql] SELECT `bank_type`,`settlement_bank_account_name`,`settlement_bank_account_number`,`settlement_bank_name`,`settlement_bank_address` FROM `gxfc_shop_cert` WHERE  `site_id` = 25 LIMIT 1 [ RunTime:0.000180s ]
[2022-08-02T08:23:53+08:00][sql] SHOW FULL COLUMNS FROM `gxfc_order` [ RunTime:0.001270s ]
[2022-08-02T08:23:53+08:00][sql] SELECT sum(order_money) as order_money, sum(refund_money) as refund_money, sum(shop_money) as shop_money, sum(platform_money) as platform_money, sum(refund_shop_money) as refund_shop_money, sum(refund_platform_money) as refund_platform_money, sum(commission) as commission, sum(platform_coupon_money) as platform_coupon_money,sum(refund_platform_coupon_money) as refund_platform_coupon_money FROM `gxfc_order` WHERE  `site_id` = 25  AND `order_status` = 10  AND `is_settlement` = 0 LIMIT 1 [ RunTime:0.000398s ]
[2022-08-02T08:23:53+08:00][sql] SHOW FULL COLUMNS FROM `gxfc_shop_account` [ RunTime:0.000711s ]
[2022-08-02T08:23:53+08:00][sql] SELECT COUNT(*) AS think_count FROM `gxfc_shop_account` `a` WHERE  `site_id` = 25  AND `site_id` = 25 ORDER BY `id` DESC [ RunTime:0.000285s ]
[2022-08-02T08:23:53+08:00][sql] SELECT `account_no`,`site_id`,`account_type`,`account_data`,`from_type`,`type_name`,`relate_tag`,`create_time`,`remark` FROM `gxfc_shop_account` `a` WHERE  `site_id` = 25  AND `site_id` = 25 ORDER BY `id` DESC LIMIT 0,10 [ RunTime:0.000500s ]
[2022-08-02T08:24:06+08:00][sql] CONNECT:[ UseTime:0.000267s ] mysql:host=localhost;port=3306;dbname=ls_chnssl_com;charset=utf8
[2022-08-02T08:24:06+08:00][sql] SHOW FULL COLUMNS FROM `gxfc_shop` [ RunTime:0.001152s ]
[2022-08-02T08:24:06+08:00][sql] SELECT `website_id`,`site_name`,`logo`,`is_own`,`level_id`,`category_id`,`group_id`,`seo_keywords`,`seo_description`,`expire_time`,`shop_status` FROM `gxfc_shop` WHERE  `site_id` = 25 LIMIT 1 [ RunTime:0.000245s ]
[2022-08-02T08:24:06+08:00][sql] SHOW FULL COLUMNS FROM `gxfc_order` [ RunTime:0.001376s ]
[2022-08-02T08:24:06+08:00][sql] SELECT sum(order_money) as order_money, sum(refund_money) as refund_money, sum(shop_money) as shop_money, sum(platform_money) as platform_money, sum(refund_shop_money) as refund_shop_money, sum(refund_platform_money) as refund_platform_money, sum(commission) as commission, sum(platform_coupon_money) as platform_coupon_money,sum(refund_platform_coupon_money) as refund_platform_coupon_money FROM `gxfc_order` WHERE  `site_id` = 25  AND `order_status` = 10  AND `is_settlement` = 0 LIMIT 1 [ RunTime:0.000468s ]
[2022-08-02T08:24:06+08:00][sql] SELECT sum(order_money) as order_money, sum(refund_money) as refund_money, sum(shop_money) as shop_money, sum(platform_money) as platform_money, sum(refund_shop_money) as refund_shop_money, sum(refund_platform_money) as refund_platform_money, sum(commission) as commission, sum(platform_coupon_money) as platform_coupon_money FROM `gxfc_order` WHERE  `site_id` = 25  AND `order_status` = 10  AND `settlement_id` > 0 LIMIT 1 [ RunTime:0.000333s ]
[2022-08-02T08:24:06+08:00][sql] SELECT sum(order_money) as order_money, sum(refund_money) as refund_money, sum(shop_money) as shop_money, sum(platform_money) as platform_money, sum(refund_shop_money) as refund_shop_money, sum(refund_platform_money) as refund_platform_money, sum(commission) as commission, sum(platform_coupon_money) as platform_coupon_money FROM `gxfc_order` WHERE  `site_id` = 25  AND `order_status` NOT IN (0,-1,10) LIMIT 1 [ RunTime:0.000648s ]
[2022-08-02T08:24:06+08:00][sql] CONNECT:[ UseTime:0.000229s ] mysql:host=localhost;port=3306;dbname=ls_chnssl_com;charset=utf8
[2022-08-02T08:24:06+08:00][sql] SHOW FULL COLUMNS FROM `gxfc_shop` [ RunTime:0.001261s ]
[2022-08-02T08:24:06+08:00][sql] SELECT `website_id`,`site_name`,`logo`,`is_own`,`level_id`,`category_id`,`group_id`,`seo_keywords`,`seo_description`,`expire_time`,`shop_status` FROM `gxfc_shop` WHERE  `site_id` = 25 LIMIT 1 [ RunTime:0.000255s ]
[2022-08-02T08:24:06+08:00][sql] SHOW FULL COLUMNS FROM `gxfc_order` [ RunTime:0.001235s ]
[2022-08-02T08:24:06+08:00][sql] SELECT sum(order_money) as order_money, sum(refund_money) as refund_money, sum(shop_money) as shop_money, sum(platform_money) as platform_money, sum(refund_shop_money) as refund_shop_money, sum(refund_platform_money) as refund_platform_money, sum(commission) as commission, sum(platform_coupon_money) as platform_coupon_money,sum(refund_platform_coupon_money) as refund_platform_coupon_money FROM `gxfc_order` WHERE  `site_id` = 25  AND `order_status` = 10  AND `is_settlement` = 0 LIMIT 1 [ RunTime:0.000428s ]
[2022-08-02T08:24:06+08:00][sql] SELECT sum(order_money) as order_money, sum(refund_money) as refund_money, sum(shop_money) as shop_money, sum(platform_money) as platform_money, sum(refund_shop_money) as refund_shop_money, sum(refund_platform_money) as refund_platform_money, sum(commission) as commission, sum(platform_coupon_money) as platform_coupon_money FROM `gxfc_order` WHERE  `site_id` = 25  AND `order_status` = 10  AND `settlement_id` > 0 LIMIT 1 [ RunTime:0.000328s ]
[2022-08-02T08:24:06+08:00][sql] SELECT sum(order_money) as order_money, sum(refund_money) as refund_money, sum(shop_money) as shop_money, sum(platform_money) as platform_money, sum(refund_shop_money) as refund_shop_money, sum(refund_platform_money) as refund_platform_money, sum(commission) as commission, sum(platform_coupon_money) as platform_coupon_money FROM `gxfc_order` WHERE  `site_id` = 25  AND `order_status` NOT IN (0,-1,10) LIMIT 1 [ RunTime:0.000684s ]
[2022-08-02T08:24:06+08:00][sql] SELECT COUNT(*) AS think_count FROM `gxfc_order` `a` WHERE  `site_id` = 25  AND `order_status` = 10  AND `is_settlement` = 0 ORDER BY `finish_time` DESC [ RunTime:0.000277s ]
[2022-08-02T08:24:06+08:00][sql] SELECT `order_id`,`order_no`,`order_money`,`order_status_name`,`shop_money`,`platform_money`,`refund_money`,`refund_shop_money`,`refund_platform_money`,`commission`,`finish_time`,`settlement_id` FROM `gxfc_order` `a` WHERE  `site_id` = 25  AND `order_status` = 10  AND `is_settlement` = 0 ORDER BY `finish_time` DESC LIMIT 0,10 [ RunTime:0.000343s ]
[2022-08-02T08:24:08+08:00][sql] CONNECT:[ UseTime:0.000245s ] mysql:host=localhost;port=3306;dbname=ls_chnssl_com;charset=utf8
[2022-08-02T08:24:08+08:00][sql] SHOW FULL COLUMNS FROM `gxfc_shop` [ RunTime:0.001159s ]
[2022-08-02T08:24:08+08:00][sql] SELECT `website_id`,`site_name`,`logo`,`is_own`,`level_id`,`category_id`,`group_id`,`seo_keywords`,`seo_description`,`expire_time`,`shop_status` FROM `gxfc_shop` WHERE  `site_id` = 25 LIMIT 1 [ RunTime:0.000230s ]
[2022-08-02T08:24:08+08:00][sql] SHOW FULL COLUMNS FROM `gxfc_order` [ RunTime:0.001180s ]
[2022-08-02T08:24:08+08:00][sql] SELECT sum(order_money) as order_money, sum(refund_money) as refund_money, sum(shop_money) as shop_money, sum(platform_money) as platform_money, sum(refund_shop_money) as refund_shop_money, sum(refund_platform_money) as refund_platform_money, sum(commission) as commission, sum(platform_coupon_money) as platform_coupon_money,sum(refund_platform_coupon_money) as refund_platform_coupon_money FROM `gxfc_order` WHERE  `site_id` = 25  AND `order_status` = 10  AND `is_settlement` = 0 LIMIT 1 [ RunTime:0.000400s ]
[2022-08-02T08:24:08+08:00][sql] SELECT sum(order_money) as order_money, sum(refund_money) as refund_money, sum(shop_money) as shop_money, sum(platform_money) as platform_money, sum(refund_shop_money) as refund_shop_money, sum(refund_platform_money) as refund_platform_money, sum(commission) as commission, sum(platform_coupon_money) as platform_coupon_money FROM `gxfc_order` WHERE  `site_id` = 25  AND `order_status` = 10  AND `settlement_id` > 0 LIMIT 1 [ RunTime:0.000318s ]
[2022-08-02T08:24:08+08:00][sql] SELECT sum(order_money) as order_money, sum(refund_money) as refund_money, sum(shop_money) as shop_money, sum(platform_money) as platform_money, sum(refund_shop_money) as refund_shop_money, sum(refund_platform_money) as refund_platform_money, sum(commission) as commission, sum(platform_coupon_money) as platform_coupon_money FROM `gxfc_order` WHERE  `site_id` = 25  AND `order_status` NOT IN (0,-1,10) LIMIT 1 [ RunTime:0.000625s ]
[2022-08-02T08:24:08+08:00][sql] SELECT COUNT(*) AS think_count FROM `gxfc_order` `a` WHERE  `site_id` = 25  AND `order_status` NOT IN (0,-1,10) ORDER BY `pay_time` DESC [ RunTime:0.000385s ]
[2022-08-02T08:24:08+08:00][sql] SELECT `order_id`,`order_no`,`order_money`,`order_status_name`,`shop_money`,`platform_money`,`refund_money`,`refund_shop_money`,`refund_platform_money`,`commission`,`finish_time`,`settlement_id` FROM `gxfc_order` `a` WHERE  `site_id` = 25  AND `order_status` NOT IN (0,-1,10) ORDER BY `pay_time` DESC LIMIT 0,10 [ RunTime:0.000592s ]
[2022-08-02T08:24:10+08:00][sql] CONNECT:[ UseTime:0.000247s ] mysql:host=localhost;port=3306;dbname=ls_chnssl_com;charset=utf8
[2022-08-02T08:24:10+08:00][sql] SHOW FULL COLUMNS FROM `gxfc_shop` [ RunTime:0.001261s ]
[2022-08-02T08:24:10+08:00][sql] SELECT `website_id`,`site_name`,`logo`,`is_own`,`level_id`,`category_id`,`group_id`,`seo_keywords`,`seo_description`,`expire_time`,`shop_status` FROM `gxfc_shop` WHERE  `site_id` = 25 LIMIT 1 [ RunTime:0.000247s ]
[2022-08-02T08:24:10+08:00][sql] SHOW FULL COLUMNS FROM `gxfc_order` [ RunTime:0.001283s ]
[2022-08-02T08:24:10+08:00][sql] SELECT sum(order_money) as order_money, sum(refund_money) as refund_money, sum(shop_money) as shop_money, sum(platform_money) as platform_money, sum(refund_shop_money) as refund_shop_money, sum(refund_platform_money) as refund_platform_money, sum(commission) as commission, sum(platform_coupon_money) as platform_coupon_money,sum(refund_platform_coupon_money) as refund_platform_coupon_money FROM `gxfc_order` WHERE  `site_id` = 25  AND `order_status` = 10  AND `is_settlement` = 0 LIMIT 1 [ RunTime:0.000415s ]
[2022-08-02T08:24:10+08:00][sql] SELECT sum(order_money) as order_money, sum(refund_money) as refund_money, sum(shop_money) as shop_money, sum(platform_money) as platform_money, sum(refund_shop_money) as refund_shop_money, sum(refund_platform_money) as refund_platform_money, sum(commission) as commission, sum(platform_coupon_money) as platform_coupon_money FROM `gxfc_order` WHERE  `site_id` = 25  AND `order_status` = 10  AND `settlement_id` > 0 LIMIT 1 [ RunTime:0.000319s ]
[2022-08-02T08:24:10+08:00][sql] SELECT sum(order_money) as order_money, sum(refund_money) as refund_money, sum(shop_money) as shop_money, sum(platform_money) as platform_money, sum(refund_shop_money) as refund_shop_money, sum(refund_platform_money) as refund_platform_money, sum(commission) as commission, sum(platform_coupon_money) as platform_coupon_money FROM `gxfc_order` WHERE  `site_id` = 25  AND `order_status` NOT IN (0,-1,10) LIMIT 1 [ RunTime:0.000677s ]
[2022-08-02T08:24:10+08:00][sql] SELECT COUNT(*) AS think_count FROM `gxfc_order` `a` WHERE  `site_id` = 25  AND `order_status` = 10  AND `is_settlement` = 0 ORDER BY `finish_time` DESC [ RunTime:0.000285s ]
[2022-08-02T08:24:10+08:00][sql] SELECT `order_id`,`order_no`,`order_money`,`order_status_name`,`shop_money`,`platform_money`,`refund_money`,`refund_shop_money`,`refund_platform_money`,`commission`,`finish_time`,`settlement_id` FROM `gxfc_order` `a` WHERE  `site_id` = 25  AND `order_status` = 10  AND `is_settlement` = 0 ORDER BY `finish_time` DESC LIMIT 0,10 [ RunTime:0.000334s ]
[2022-08-02T08:24:13+08:00][sql] CONNECT:[ UseTime:0.000256s ] mysql:host=localhost;port=3306;dbname=ls_chnssl_com;charset=utf8
[2022-08-02T08:24:13+08:00][sql] SHOW FULL COLUMNS FROM `gxfc_shop` [ RunTime:0.001159s ]
[2022-08-02T08:24:13+08:00][sql] SELECT `website_id`,`site_name`,`logo`,`is_own`,`level_id`,`category_id`,`group_id`,`seo_keywords`,`seo_description`,`expire_time`,`shop_status` FROM `gxfc_shop` WHERE  `site_id` = 25 LIMIT 1 [ RunTime:0.000292s ]
[2022-08-02T08:24:13+08:00][sql] SELECT `site_name`,`logo`,`account`,`account_withdraw`,`account_withdraw_apply`,`shop_open_fee`,`shop_baozhrmb` FROM `gxfc_shop` WHERE  `site_id` = 25 LIMIT 1 [ RunTime:0.000308s ]
[2022-08-02T08:24:13+08:00][sql] SHOW FULL COLUMNS FROM `gxfc_shop_cert` [ RunTime:0.000991s ]
[2022-08-02T08:24:13+08:00][sql] SELECT `bank_type`,`settlement_bank_account_name`,`settlement_bank_account_number`,`settlement_bank_name`,`settlement_bank_address` FROM `gxfc_shop_cert` WHERE  `site_id` = 25 LIMIT 1 [ RunTime:0.000220s ]
[2022-08-02T08:24:13+08:00][sql] SHOW FULL COLUMNS FROM `gxfc_order` [ RunTime:0.001346s ]
[2022-08-02T08:24:13+08:00][sql] SELECT sum(order_money) as order_money, sum(refund_money) as refund_money, sum(shop_money) as shop_money, sum(platform_money) as platform_money, sum(refund_shop_money) as refund_shop_money, sum(refund_platform_money) as refund_platform_money, sum(commission) as commission, sum(platform_coupon_money) as platform_coupon_money,sum(refund_platform_coupon_money) as refund_platform_coupon_money FROM `gxfc_order` WHERE  `site_id` = 25  AND `order_status` = 10  AND `is_settlement` = 0 LIMIT 1 [ RunTime:0.000467s ]
[2022-08-02T08:24:13+08:00][sql] CONNECT:[ UseTime:0.000218s ] mysql:host=localhost;port=3306;dbname=ls_chnssl_com;charset=utf8
[2022-08-02T08:24:13+08:00][sql] SHOW FULL COLUMNS FROM `gxfc_shop` [ RunTime:0.001322s ]
[2022-08-02T08:24:13+08:00][sql] SELECT `website_id`,`site_name`,`logo`,`is_own`,`level_id`,`category_id`,`group_id`,`seo_keywords`,`seo_description`,`expire_time`,`shop_status` FROM `gxfc_shop` WHERE  `site_id` = 25 LIMIT 1 [ RunTime:0.000297s ]
[2022-08-02T08:24:13+08:00][sql] SELECT `site_name`,`logo`,`account`,`account_withdraw`,`account_withdraw_apply`,`shop_open_fee`,`shop_baozhrmb` FROM `gxfc_shop` WHERE  `site_id` = 25 LIMIT 1 [ RunTime:0.000228s ]
[2022-08-02T08:24:13+08:00][sql] SHOW FULL COLUMNS FROM `gxfc_shop_cert` [ RunTime:0.000981s ]
[2022-08-02T08:24:13+08:00][sql] SELECT `bank_type`,`settlement_bank_account_name`,`settlement_bank_account_number`,`settlement_bank_name`,`settlement_bank_address` FROM `gxfc_shop_cert` WHERE  `site_id` = 25 LIMIT 1 [ RunTime:0.000208s ]
[2022-08-02T08:24:13+08:00][sql] SHOW FULL COLUMNS FROM `gxfc_order` [ RunTime:0.001234s ]
[2022-08-02T08:24:13+08:00][sql] SELECT sum(order_money) as order_money, sum(refund_money) as refund_money, sum(shop_money) as shop_money, sum(platform_money) as platform_money, sum(refund_shop_money) as refund_shop_money, sum(refund_platform_money) as refund_platform_money, sum(commission) as commission, sum(platform_coupon_money) as platform_coupon_money,sum(refund_platform_coupon_money) as refund_platform_coupon_money FROM `gxfc_order` WHERE  `site_id` = 25  AND `order_status` = 10  AND `is_settlement` = 0 LIMIT 1 [ RunTime:0.000410s ]
[2022-08-02T08:24:13+08:00][sql] SHOW FULL COLUMNS FROM `gxfc_shop_account` [ RunTime:0.000692s ]
[2022-08-02T08:24:13+08:00][sql] SELECT COUNT(*) AS think_count FROM `gxfc_shop_account` `a` WHERE  `site_id` = 25  AND `site_id` = 25 ORDER BY `id` DESC [ RunTime:0.000286s ]
[2022-08-02T08:24:13+08:00][sql] SELECT `account_no`,`site_id`,`account_type`,`account_data`,`from_type`,`type_name`,`relate_tag`,`create_time`,`remark` FROM `gxfc_shop_account` `a` WHERE  `site_id` = 25  AND `site_id` = 25 ORDER BY `id` DESC LIMIT 0,10 [ RunTime:0.000486s ]
[2022-08-02T08:24:49+08:00][sql] CONNECT:[ UseTime:0.000223s ] mysql:host=localhost;port=3306;dbname=ls_chnssl_com;charset=utf8
[2022-08-02T08:24:49+08:00][sql] SHOW FULL COLUMNS FROM `gxfc_user` [ RunTime:0.000867s ]
[2022-08-02T08:24:49+08:00][sql] SELECT `uid`,`app_module`,`app_group`,`is_admin`,`site_id`,`group_id`,`group_name`,`username`,`password`,`member_id`,`create_time`,`update_time`,`status`,`login_time`,`login_ip` FROM `gxfc_user` WHERE  `username` = '何峰'  AND `app_module` = 'shop' LIMIT 1 [ RunTime:0.000344s ]
[2022-08-02T08:24:49+08:00][sql] UPDATE `gxfc_user`  SET `login_time` = 1659399889 , `login_ip` = '27.18.67.170'  WHERE  `uid` = 24 [ RunTime:0.004435s ]
[2022-08-02T08:24:49+08:00][sql] SHOW FULL COLUMNS FROM `gxfc_user_log` [ RunTime:0.000757s ]
[2022-08-02T08:24:49+08:00][sql] INSERT INTO `gxfc_user_log` SET `uid` = 24 , `username` = '何峰' , `site_id` = 11 , `url` = 'shop/Login/login' , `ip` = '27.18.67.170' , `data` = '[]' , `action_name` = '用户登录' , `create_time` = 1659399889 [ RunTime:0.004062s ]
[2022-08-02T08:24:50+08:00][sql] CONNECT:[ UseTime:0.000245s ] mysql:host=localhost;port=3306;dbname=ls_chnssl_com;charset=utf8
[2022-08-02T08:24:50+08:00][sql] SHOW FULL COLUMNS FROM `gxfc_shop` [ RunTime:0.001219s ]
[2022-08-02T08:24:50+08:00][sql] SELECT `website_id`,`site_name`,`logo`,`is_own`,`level_id`,`category_id`,`group_id`,`seo_keywords`,`seo_description`,`expire_time`,`shop_status` FROM `gxfc_shop` WHERE  `site_id` = 11 LIMIT 1 [ RunTime:0.000244s ]
[2022-08-02T08:24:50+08:00][sql] SELECT `site_id`,`expire_time`,`site_name`,`username`,`website_id`,`cert_id`,`is_own`,`level_id`,`level_name`,`category_id`,`category_name`,`group_id`,`group_name`,`member_id`,`member_name`,`shop_status`,`close_info`,`sort`,`start_time`,`end_time`,`logo`,`avatar`,`banner`,`seo_keywords`,`seo_description`,`qq`,`ww`,`telephone`,`is_recommend`,`shop_desccredit`,`shop_servicecredit`,`shop_deliverycredit`,`workingtime`,`shop_baozh`,`shop_baozhopen`,`shop_baozhrmb`,`shop_qtian`,`shop_zhping`,`shop_erxiaoshi`,`shop_tuihuo`,`shop_shiyong`,`shop_shiti`,`shop_xiaoxie`,`shop_free_time`,`shop_sales`,`shop_adv`,`account`,`account_withdraw`,`work_week`,`province`,`province_name`,`city`,`city_name`,`district`,`district_name`,`community`,`community_name`,`address`,`full_address`,`longitude`,`latitude`,`sub_num` FROM `gxfc_shop` WHERE  `site_id` = 11 LIMIT 1 [ RunTime:0.000613s ]
[2022-08-02T08:24:50+08:00][sql] SHOW FULL COLUMNS FROM `gxfc_shop_reopen` [ RunTime:0.000850s ]
[2022-08-02T08:24:50+08:00][sql] SELECT `sr`.*,`s`.`site_name` FROM `gxfc_shop_reopen` `sr` LEFT JOIN `gxfc_shop` `s` ON `s`.`site_id`=`sr`.`site_id` WHERE  `sr`.`site_id` = 11  AND `sr`.`apply_state` IN (1,-1) LIMIT 1 [ RunTime:0.000256s ]
[2022-08-02T08:24:50+08:00][sql] SHOW FULL COLUMNS FROM `gxfc_user` [ RunTime:0.000822s ]
[2022-08-02T08:24:50+08:00][sql] SELECT `username`,`group_name`,`login_time` FROM `gxfc_user` WHERE  `uid` = 24 LIMIT 1 [ RunTime:0.000172s ]
[2022-08-02T08:24:50+08:00][sql] SHOW FULL COLUMNS FROM `gxfc_stat_shop` [ RunTime:0.000807s ]
[2022-08-02T08:24:50+08:00][sql] SELECT `id`,`site_id`,`year`,`month`,`day`,`order_total`,`shipping_total`,`refund_total`,`order_pay_count`,`goods_pay_count`,`shop_money`,`platform_money`,`create_time`,`modify_time`,`collect_shop`,`collect_goods`,`visit_count`,`order_count`,`goods_count`,`add_goods_count`,`day_time`,`member_count` FROM `gxfc_stat_shop` WHERE  `site_id` = 11  AND `year` = 2022  AND `month` = 8  AND `day` = 2 LIMIT 1 [ RunTime:0.000238s ]
[2022-08-02T08:24:50+08:00][sql] INSERT INTO `gxfc_stat_shop` SET `site_id` = 11 , `year` = 2022 , `month` = 8 , `day` = 2 , `day_time` = 1659369600 [ RunTime:0.005709s ]
[2022-08-02T08:24:50+08:00][sql] SELECT `id`,`site_id`,`year`,`month`,`day`,`order_total`,`shipping_total`,`refund_total`,`order_pay_count`,`goods_pay_count`,`shop_money`,`platform_money`,`create_time`,`modify_time`,`collect_shop`,`collect_goods`,`visit_count`,`order_count`,`goods_count`,`add_goods_count`,`day_time`,`member_count` FROM `gxfc_stat_shop` WHERE  `site_id` = 11  AND `year` = 2022  AND `month` = 8  AND `day` = 2  AND `day_time` = 1659369600 LIMIT 1 [ RunTime:0.000250s ]
[2022-08-02T08:24:50+08:00][sql] SELECT `id`,`site_id`,`year`,`month`,`day`,`order_total`,`shipping_total`,`refund_total`,`order_pay_count`,`goods_pay_count`,`shop_money`,`platform_money`,`create_time`,`modify_time`,`collect_shop`,`collect_goods`,`visit_count`,`order_count`,`goods_count`,`add_goods_count`,`day_time`,`member_count` FROM `gxfc_stat_shop` WHERE  `site_id` = 11  AND `year` = 2022  AND `month` = 8  AND `day` = 1 LIMIT 1 [ RunTime:0.000227s ]
[2022-08-02T08:24:50+08:00][sql] SELECT `id`,`site_id`,`year`,`month`,`day`,`order_total`,`shipping_total`,`refund_total`,`order_pay_count`,`goods_pay_count`,`shop_money`,`platform_money`,`create_time`,`modify_time`,`collect_shop`,`collect_goods`,`visit_count`,`order_count`,`goods_count`,`add_goods_count`,`day_time`,`member_count` FROM `gxfc_stat_shop` WHERE  `site_id` = 11  AND `year` = 2022  AND `month` = 07  AND `day` = 24 LIMIT 1 [ RunTime:0.000241s ]
[2022-08-02T08:24:50+08:00][sql] SELECT `id`,`site_id`,`year`,`month`,`day`,`order_total`,`shipping_total`,`refund_total`,`order_pay_count`,`goods_pay_count`,`shop_money`,`platform_money`,`create_time`,`modify_time`,`collect_shop`,`collect_goods`,`visit_count`,`order_count`,`goods_count`,`add_goods_count`,`day_time`,`member_count` FROM `gxfc_stat_shop` WHERE  `site_id` = 11  AND `year` = 2022  AND `month` = 07  AND `day` = 25 LIMIT 1 [ RunTime:0.000203s ]
[2022-08-02T08:24:50+08:00][sql] SELECT `id`,`site_id`,`year`,`month`,`day`,`order_total`,`shipping_total`,`refund_total`,`order_pay_count`,`goods_pay_count`,`shop_money`,`platform_money`,`create_time`,`modify_time`,`collect_shop`,`collect_goods`,`visit_count`,`order_count`,`goods_count`,`add_goods_count`,`day_time`,`member_count` FROM `gxfc_stat_shop` WHERE  `site_id` = 11  AND `year` = 2022  AND `month` = 07  AND `day` = 26 LIMIT 1 [ RunTime:0.000210s ]
[2022-08-02T08:24:50+08:00][sql] SELECT `id`,`site_id`,`year`,`month`,`day`,`order_total`,`shipping_total`,`refund_total`,`order_pay_count`,`goods_pay_count`,`shop_money`,`platform_money`,`create_time`,`modify_time`,`collect_shop`,`collect_goods`,`visit_count`,`order_count`,`goods_count`,`add_goods_count`,`day_time`,`member_count` FROM `gxfc_stat_shop` WHERE  `site_id` = 11  AND `year` = 2022  AND `month` = 07  AND `day` = 27 LIMIT 1 [ RunTime:0.000215s ]
[2022-08-02T08:24:50+08:00][sql] SELECT `id`,`site_id`,`year`,`month`,`day`,`order_total`,`shipping_total`,`refund_total`,`order_pay_count`,`goods_pay_count`,`shop_money`,`platform_money`,`create_time`,`modify_time`,`collect_shop`,`collect_goods`,`visit_count`,`order_count`,`goods_count`,`add_goods_count`,`day_time`,`member_count` FROM `gxfc_stat_shop` WHERE  `site_id` = 11  AND `year` = 2022  AND `month` = 07  AND `day` = 28 LIMIT 1 [ RunTime:0.000212s ]
[2022-08-02T08:24:50+08:00][sql] SELECT `id`,`site_id`,`year`,`month`,`day`,`order_total`,`shipping_total`,`refund_total`,`order_pay_count`,`goods_pay_count`,`shop_money`,`platform_money`,`create_time`,`modify_time`,`collect_shop`,`collect_goods`,`visit_count`,`order_count`,`goods_count`,`add_goods_count`,`day_time`,`member_count` FROM `gxfc_stat_shop` WHERE  `site_id` = 11  AND `year` = 2022  AND `month` = 07  AND `day` = 29 LIMIT 1 [ RunTime:0.000235s ]
[2022-08-02T08:24:50+08:00][sql] SELECT `id`,`site_id`,`year`,`month`,`day`,`order_total`,`shipping_total`,`refund_total`,`order_pay_count`,`goods_pay_count`,`shop_money`,`platform_money`,`create_time`,`modify_time`,`collect_shop`,`collect_goods`,`visit_count`,`order_count`,`goods_count`,`add_goods_count`,`day_time`,`member_count` FROM `gxfc_stat_shop` WHERE  `site_id` = 11  AND `year` = 2022  AND `month` = 07  AND `day` = 30 LIMIT 1 [ RunTime:0.000220s ]
[2022-08-02T08:24:50+08:00][sql] SELECT `id`,`site_id`,`year`,`month`,`day`,`order_total`,`shipping_total`,`refund_total`,`order_pay_count`,`goods_pay_count`,`shop_money`,`platform_money`,`create_time`,`modify_time`,`collect_shop`,`collect_goods`,`visit_count`,`order_count`,`goods_count`,`add_goods_count`,`day_time`,`member_count` FROM `gxfc_stat_shop` WHERE  `site_id` = 11  AND `year` = 2022  AND `month` = 07  AND `day` = 31 LIMIT 1 [ RunTime:0.000301s ]
[2022-08-02T08:24:50+08:00][sql] SELECT `id`,`site_id`,`year`,`month`,`day`,`order_total`,`shipping_total`,`refund_total`,`order_pay_count`,`goods_pay_count`,`shop_money`,`platform_money`,`create_time`,`modify_time`,`collect_shop`,`collect_goods`,`visit_count`,`order_count`,`goods_count`,`add_goods_count`,`day_time`,`member_count` FROM `gxfc_stat_shop` WHERE  `site_id` = 11  AND `year` = 2022  AND `month` = 08  AND `day` = 01 LIMIT 1 [ RunTime:0.000207s ]
[2022-08-02T08:24:50+08:00][sql] SELECT `id`,`site_id`,`year`,`month`,`day`,`order_total`,`shipping_total`,`refund_total`,`order_pay_count`,`goods_pay_count`,`shop_money`,`platform_money`,`create_time`,`modify_time`,`collect_shop`,`collect_goods`,`visit_count`,`order_count`,`goods_count`,`add_goods_count`,`day_time`,`member_count` FROM `gxfc_stat_shop` WHERE  `site_id` = 11  AND `year` = 2022  AND `month` = 08  AND `day` = 02 LIMIT 1 [ RunTime:0.000236s ]
[2022-08-02T08:24:50+08:00][sql] SELECT SUM(order_total) as order_total,SUM(shipping_total) as shipping_total,SUM(refund_total) as refund_total,SUM(order_pay_count) as order_pay_count,SUM(goods_pay_count) as goods_pay_count,SUM(shop_money) as shop_money,SUM(platform_money) as platform_money,SUM(collect_shop) as collect_shop,SUM(collect_goods) as collect_goods,SUM(visit_count) as visit_count,SUM(order_count) as order_count,SUM(goods_count) as goods_count,SUM(add_goods_count) as add_goods_count,SUM(member_count) as member_count FROM `gxfc_stat_shop` WHERE  `site_id` = 11 LIMIT 1 [ RunTime:0.000323s ]
[2022-08-02T08:24:50+08:00][sql] SHOW FULL COLUMNS FROM `gxfc_goods` [ RunTime:0.001089s ]
[2022-08-02T08:24:50+08:00][sql] SELECT COUNT(*) AS think_count FROM `gxfc_goods` WHERE  `site_id` = 11 [ RunTime:0.000174s ]
[2022-08-02T08:24:50+08:00][sql] SHOW FULL COLUMNS FROM `gxfc_order` [ RunTime:0.001298s ]
[2022-08-02T08:24:50+08:00][sql] SELECT COUNT(*) AS think_count FROM `gxfc_order` WHERE  `order_status` = 0  AND `site_id` = 11  AND `is_delete` = 0 [ RunTime:0.000231s ]
[2022-08-02T08:24:50+08:00][sql] SELECT COUNT(*) AS think_count FROM `gxfc_order` WHERE  `order_status` = 1  AND `site_id` = 11  AND `is_delete` = 0 [ RunTime:0.000365s ]
[2022-08-02T08:24:50+08:00][sql] SHOW FULL COLUMNS FROM `gxfc_order_goods` [ RunTime:0.000982s ]
[2022-08-02T08:24:50+08:00][sql] SELECT COUNT(*) AS think_count FROM `gxfc_order_goods` WHERE  `site_id` = 11  AND `refund_status` NOT IN (0,3) [ RunTime:0.000592s ]
[2022-08-02T08:24:50+08:00][sql] select count(goods_id) as num from gxfc_goods where goods_stock_alarm >= goods_stock and goods_stock_alarm > 0 and is_delete = 0 and goods_state = 1 and site_id = 11 [ RunTime:0.000365s ]
[2022-08-02T08:24:50+08:00][sql] SELECT COUNT(*) AS think_count FROM `gxfc_goods` WHERE  `goods_state` = 1  AND `site_id` = 11  AND `is_delete` = 0 [ RunTime:0.000222s ]
[2022-08-02T08:24:50+08:00][sql] SELECT COUNT(*) AS think_count FROM `gxfc_goods` WHERE  `verify_state` = 0  AND `site_id` = 11  AND `is_delete` = 0 [ RunTime:0.000238s ]
[2022-08-02T08:24:50+08:00][sql] SELECT COUNT(*) AS think_count FROM `gxfc_goods` WHERE  `verify_state` = 10  AND `site_id` = 11  AND `is_delete` = 0 [ RunTime:0.000208s ]
[2022-08-02T08:24:50+08:00][sql] SHOW FULL COLUMNS FROM `gxfc_help` [ RunTime:0.000758s ]
[2022-08-02T08:24:50+08:00][sql] SELECT COUNT(*) AS think_count FROM `gxfc_help` `a` WHERE  `app_module` = 'shop' ORDER BY `create_time` DESC [ RunTime:0.000153s ]
[2022-08-02T08:24:50+08:00][sql] SELECT `id`,`title`,`content`,`class_id`,`class_name`,`sort`,`link_address`,`create_time` FROM `gxfc_help` `a` WHERE  `app_module` = 'shop' ORDER BY `create_time` DESC LIMIT 0,5 [ RunTime:0.000154s ]
[2022-08-02T08:24:52+08:00][sql] CONNECT:[ UseTime:0.000247s ] mysql:host=localhost;port=3306;dbname=ls_chnssl_com;charset=utf8
[2022-08-02T08:24:52+08:00][sql] SHOW FULL COLUMNS FROM `gxfc_shop` [ RunTime:0.001221s ]
[2022-08-02T08:24:52+08:00][sql] SELECT `website_id`,`site_name`,`logo`,`is_own`,`level_id`,`category_id`,`group_id`,`seo_keywords`,`seo_description`,`expire_time`,`shop_status` FROM `gxfc_shop` WHERE  `site_id` = 11 LIMIT 1 [ RunTime:0.000233s ]
[2022-08-02T08:24:52+08:00][sql] SELECT `site_name`,`logo`,`account`,`account_withdraw`,`account_withdraw_apply`,`shop_open_fee`,`shop_baozhrmb` FROM `gxfc_shop` WHERE  `site_id` = 11 LIMIT 1 [ RunTime:0.000259s ]
[2022-08-02T08:24:52+08:00][sql] SHOW FULL COLUMNS FROM `gxfc_shop_cert` [ RunTime:0.000854s ]
[2022-08-02T08:24:52+08:00][sql] SELECT `bank_type`,`settlement_bank_account_name`,`settlement_bank_account_number`,`settlement_bank_name`,`settlement_bank_address` FROM `gxfc_shop_cert` WHERE  `site_id` = 11 LIMIT 1 [ RunTime:0.000248s ]
[2022-08-02T08:24:52+08:00][sql] SHOW FULL COLUMNS FROM `gxfc_order` [ RunTime:0.001223s ]
[2022-08-02T08:24:52+08:00][sql] SELECT sum(order_money) as order_money, sum(refund_money) as refund_money, sum(shop_money) as shop_money, sum(platform_money) as platform_money, sum(refund_shop_money) as refund_shop_money, sum(refund_platform_money) as refund_platform_money, sum(commission) as commission, sum(platform_coupon_money) as platform_coupon_money,sum(refund_platform_coupon_money) as refund_platform_coupon_money FROM `gxfc_order` WHERE  `site_id` = 11  AND `order_status` = 10  AND `is_settlement` = 0 LIMIT 1 [ RunTime:0.000407s ]
[2022-08-02T08:24:52+08:00][sql] CONNECT:[ UseTime:0.000265s ] mysql:host=localhost;port=3306;dbname=ls_chnssl_com;charset=utf8
[2022-08-02T08:24:52+08:00][sql] SHOW FULL COLUMNS FROM `gxfc_shop` [ RunTime:0.001321s ]
[2022-08-02T08:24:52+08:00][sql] SELECT `website_id`,`site_name`,`logo`,`is_own`,`level_id`,`category_id`,`group_id`,`seo_keywords`,`seo_description`,`expire_time`,`shop_status` FROM `gxfc_shop` WHERE  `site_id` = 11 LIMIT 1 [ RunTime:0.000254s ]
[2022-08-02T08:24:52+08:00][sql] SELECT `site_name`,`logo`,`account`,`account_withdraw`,`account_withdraw_apply`,`shop_open_fee`,`shop_baozhrmb` FROM `gxfc_shop` WHERE  `site_id` = 11 LIMIT 1 [ RunTime:0.000196s ]
[2022-08-02T08:24:52+08:00][sql] SHOW FULL COLUMNS FROM `gxfc_shop_cert` [ RunTime:0.000875s ]
[2022-08-02T08:24:52+08:00][sql] SELECT `bank_type`,`settlement_bank_account_name`,`settlement_bank_account_number`,`settlement_bank_name`,`settlement_bank_address` FROM `gxfc_shop_cert` WHERE  `site_id` = 11 LIMIT 1 [ RunTime:0.000180s ]
[2022-08-02T08:24:52+08:00][sql] SHOW FULL COLUMNS FROM `gxfc_order` [ RunTime:0.001278s ]
[2022-08-02T08:24:52+08:00][sql] SELECT sum(order_money) as order_money, sum(refund_money) as refund_money, sum(shop_money) as shop_money, sum(platform_money) as platform_money, sum(refund_shop_money) as refund_shop_money, sum(refund_platform_money) as refund_platform_money, sum(commission) as commission, sum(platform_coupon_money) as platform_coupon_money,sum(refund_platform_coupon_money) as refund_platform_coupon_money FROM `gxfc_order` WHERE  `site_id` = 11  AND `order_status` = 10  AND `is_settlement` = 0 LIMIT 1 [ RunTime:0.000399s ]
[2022-08-02T08:24:52+08:00][sql] SHOW FULL COLUMNS FROM `gxfc_shop_account` [ RunTime:0.000712s ]
[2022-08-02T08:24:52+08:00][sql] SELECT COUNT(*) AS think_count FROM `gxfc_shop_account` `a` WHERE  `site_id` = 11  AND `site_id` = 11 ORDER BY `id` DESC [ RunTime:0.000291s ]
[2022-08-02T08:24:52+08:00][sql] SELECT `account_no`,`site_id`,`account_type`,`account_data`,`from_type`,`type_name`,`relate_tag`,`create_time`,`remark` FROM `gxfc_shop_account` `a` WHERE  `site_id` = 11  AND `site_id` = 11 ORDER BY `id` DESC LIMIT 0,10 [ RunTime:0.000250s ]
[2022-08-02T08:25:15+08:00][sql] CONNECT:[ UseTime:0.000226s ] mysql:host=localhost;port=3306;dbname=ls_chnssl_com;charset=utf8
[2022-08-02T08:25:15+08:00][sql] SHOW FULL COLUMNS FROM `gxfc_shop` [ RunTime:0.001167s ]
[2022-08-02T08:25:15+08:00][sql] SELECT `website_id`,`site_name`,`logo`,`is_own`,`level_id`,`category_id`,`group_id`,`seo_keywords`,`seo_description`,`expire_time`,`shop_status` FROM `gxfc_shop` WHERE  `site_id` = 11 LIMIT 1 [ RunTime:0.000272s ]
[2022-08-02T08:25:16+08:00][sql] SHOW FULL COLUMNS FROM `gxfc_order` [ RunTime:0.001310s ]
[2022-08-02T08:25:16+08:00][sql] SELECT sum(order_money) as order_money, sum(refund_money) as refund_money, sum(shop_money) as shop_money, sum(platform_money) as platform_money, sum(refund_shop_money) as refund_shop_money, sum(refund_platform_money) as refund_platform_money, sum(commission) as commission, sum(platform_coupon_money) as platform_coupon_money,sum(refund_platform_coupon_money) as refund_platform_coupon_money FROM `gxfc_order` WHERE  `site_id` = 11  AND `order_status` = 10  AND `is_settlement` = 0 LIMIT 1 [ RunTime:0.000435s ]
[2022-08-02T08:25:16+08:00][sql] SELECT sum(order_money) as order_money, sum(refund_money) as refund_money, sum(shop_money) as shop_money, sum(platform_money) as platform_money, sum(refund_shop_money) as refund_shop_money, sum(refund_platform_money) as refund_platform_money, sum(commission) as commission, sum(platform_coupon_money) as platform_coupon_money FROM `gxfc_order` WHERE  `site_id` = 11  AND `order_status` = 10  AND `settlement_id` > 0 LIMIT 1 [ RunTime:0.000377s ]
[2022-08-02T08:25:16+08:00][sql] SELECT sum(order_money) as order_money, sum(refund_money) as refund_money, sum(shop_money) as shop_money, sum(platform_money) as platform_money, sum(refund_shop_money) as refund_shop_money, sum(refund_platform_money) as refund_platform_money, sum(commission) as commission, sum(platform_coupon_money) as platform_coupon_money FROM `gxfc_order` WHERE  `site_id` = 11  AND `order_status` NOT IN (0,-1,10) LIMIT 1 [ RunTime:0.000779s ]
[2022-08-02T08:25:16+08:00][sql] CONNECT:[ UseTime:0.000214s ] mysql:host=localhost;port=3306;dbname=ls_chnssl_com;charset=utf8
[2022-08-02T08:25:16+08:00][sql] SHOW FULL COLUMNS FROM `gxfc_shop` [ RunTime:0.001142s ]
[2022-08-02T08:25:16+08:00][sql] SELECT `website_id`,`site_name`,`logo`,`is_own`,`level_id`,`category_id`,`group_id`,`seo_keywords`,`seo_description`,`expire_time`,`shop_status` FROM `gxfc_shop` WHERE  `site_id` = 11 LIMIT 1 [ RunTime:0.000243s ]
[2022-08-02T08:25:16+08:00][sql] SHOW FULL COLUMNS FROM `gxfc_order` [ RunTime:0.001259s ]
[2022-08-02T08:25:16+08:00][sql] SELECT sum(order_money) as order_money, sum(refund_money) as refund_money, sum(shop_money) as shop_money, sum(platform_money) as platform_money, sum(refund_shop_money) as refund_shop_money, sum(refund_platform_money) as refund_platform_money, sum(commission) as commission, sum(platform_coupon_money) as platform_coupon_money,sum(refund_platform_coupon_money) as refund_platform_coupon_money FROM `gxfc_order` WHERE  `site_id` = 11  AND `order_status` = 10  AND `is_settlement` = 0 LIMIT 1 [ RunTime:0.000391s ]
[2022-08-02T08:25:16+08:00][sql] SELECT sum(order_money) as order_money, sum(refund_money) as refund_money, sum(shop_money) as shop_money, sum(platform_money) as platform_money, sum(refund_shop_money) as refund_shop_money, sum(refund_platform_money) as refund_platform_money, sum(commission) as commission, sum(platform_coupon_money) as platform_coupon_money FROM `gxfc_order` WHERE  `site_id` = 11  AND `order_status` = 10  AND `settlement_id` > 0 LIMIT 1 [ RunTime:0.000373s ]
[2022-08-02T08:25:16+08:00][sql] SELECT sum(order_money) as order_money, sum(refund_money) as refund_money, sum(shop_money) as shop_money, sum(platform_money) as platform_money, sum(refund_shop_money) as refund_shop_money, sum(refund_platform_money) as refund_platform_money, sum(commission) as commission, sum(platform_coupon_money) as platform_coupon_money FROM `gxfc_order` WHERE  `site_id` = 11  AND `order_status` NOT IN (0,-1,10) LIMIT 1 [ RunTime:0.000731s ]
[2022-08-02T08:25:16+08:00][sql] SELECT COUNT(*) AS think_count FROM `gxfc_order` `a` WHERE  `site_id` = 11  AND `order_status` = 10  AND `is_settlement` = 0 ORDER BY `finish_time` DESC [ RunTime:0.000278s ]
[2022-08-02T08:25:16+08:00][sql] SELECT `order_id`,`order_no`,`order_money`,`order_status_name`,`shop_money`,`platform_money`,`refund_money`,`refund_shop_money`,`refund_platform_money`,`commission`,`finish_time`,`settlement_id` FROM `gxfc_order` `a` WHERE  `site_id` = 11  AND `order_status` = 10  AND `is_settlement` = 0 ORDER BY `finish_time` DESC LIMIT 0,10 [ RunTime:0.000333s ]
[2022-08-02T08:25:19+08:00][sql] CONNECT:[ UseTime:0.000265s ] mysql:host=localhost;port=3306;dbname=ls_chnssl_com;charset=utf8
[2022-08-02T08:25:19+08:00][sql] SHOW FULL COLUMNS FROM `gxfc_shop` [ RunTime:0.001247s ]
[2022-08-02T08:25:19+08:00][sql] SELECT `website_id`,`site_name`,`logo`,`is_own`,`level_id`,`category_id`,`group_id`,`seo_keywords`,`seo_description`,`expire_time`,`shop_status` FROM `gxfc_shop` WHERE  `site_id` = 11 LIMIT 1 [ RunTime:0.000268s ]
[2022-08-02T08:25:19+08:00][sql] SHOW FULL COLUMNS FROM `gxfc_order` [ RunTime:0.001222s ]
[2022-08-02T08:25:19+08:00][sql] SELECT sum(order_money) as order_money, sum(refund_money) as refund_money, sum(shop_money) as shop_money, sum(platform_money) as platform_money, sum(refund_shop_money) as refund_shop_money, sum(refund_platform_money) as refund_platform_money, sum(commission) as commission, sum(platform_coupon_money) as platform_coupon_money,sum(refund_platform_coupon_money) as refund_platform_coupon_money FROM `gxfc_order` WHERE  `site_id` = 11  AND `order_status` = 10  AND `is_settlement` = 0 LIMIT 1 [ RunTime:0.000415s ]
[2022-08-02T08:25:19+08:00][sql] SELECT sum(order_money) as order_money, sum(refund_money) as refund_money, sum(shop_money) as shop_money, sum(platform_money) as platform_money, sum(refund_shop_money) as refund_shop_money, sum(refund_platform_money) as refund_platform_money, sum(commission) as commission, sum(platform_coupon_money) as platform_coupon_money FROM `gxfc_order` WHERE  `site_id` = 11  AND `order_status` = 10  AND `settlement_id` > 0 LIMIT 1 [ RunTime:0.000415s ]
[2022-08-02T08:25:19+08:00][sql] SELECT sum(order_money) as order_money, sum(refund_money) as refund_money, sum(shop_money) as shop_money, sum(platform_money) as platform_money, sum(refund_shop_money) as refund_shop_money, sum(refund_platform_money) as refund_platform_money, sum(commission) as commission, sum(platform_coupon_money) as platform_coupon_money FROM `gxfc_order` WHERE  `site_id` = 11  AND `order_status` NOT IN (0,-1,10) LIMIT 1 [ RunTime:0.000760s ]
[2022-08-02T08:25:19+08:00][sql] SELECT COUNT(*) AS think_count FROM `gxfc_order` `a` WHERE  `site_id` = 11  AND `order_status` NOT IN (0,-1,10) ORDER BY `pay_time` DESC [ RunTime:0.000397s ]
[2022-08-02T08:25:19+08:00][sql] SELECT `order_id`,`order_no`,`order_money`,`order_status_name`,`shop_money`,`platform_money`,`refund_money`,`refund_shop_money`,`refund_platform_money`,`commission`,`finish_time`,`settlement_id` FROM `gxfc_order` `a` WHERE  `site_id` = 11  AND `order_status` NOT IN (0,-1,10) ORDER BY `pay_time` DESC LIMIT 0,10 [ RunTime:0.000696s ]
[2022-08-02T08:25:19+08:00][sql] SHOW FULL COLUMNS FROM `gxfc_order_goods` [ RunTime:0.000929s ]
[2022-08-02T08:25:19+08:00][sql] SELECT * FROM `gxfc_order_goods` WHERE  `order_id` = 564 [ RunTime:0.001346s ]
[2022-08-02T08:25:19+08:00][sql] SELECT * FROM `gxfc_order_goods` WHERE  `order_id` = 563 [ RunTime:0.001304s ]
[2022-08-02T08:25:19+08:00][sql] SELECT * FROM `gxfc_order_goods` WHERE  `order_id` = 562 [ RunTime:0.001290s ]
[2022-08-02T08:25:19+08:00][sql] SELECT * FROM `gxfc_order_goods` WHERE  `order_id` = 561 [ RunTime:0.001319s ]
[2022-08-02T08:25:19+08:00][sql] SELECT * FROM `gxfc_order_goods` WHERE  `order_id` = 560 [ RunTime:0.001261s ]
[2022-08-02T08:25:19+08:00][sql] SELECT * FROM `gxfc_order_goods` WHERE  `order_id` = 558 [ RunTime:0.001275s ]
[2022-08-02T08:25:19+08:00][sql] SELECT * FROM `gxfc_order_goods` WHERE  `order_id` = 557 [ RunTime:0.001266s ]
[2022-08-02T08:25:19+08:00][sql] SELECT * FROM `gxfc_order_goods` WHERE  `order_id` = 555 [ RunTime:0.001279s ]
[2022-08-02T08:25:19+08:00][sql] SELECT * FROM `gxfc_order_goods` WHERE  `order_id` = 554 [ RunTime:0.001306s ]
[2022-08-02T08:25:19+08:00][sql] SELECT * FROM `gxfc_order_goods` WHERE  `order_id` = 552 [ RunTime:0.001287s ]
[2022-08-02T08:26:37+08:00][sql] CONNECT:[ UseTime:0.000212s ] mysql:host=localhost;port=3306;dbname=ls_chnssl_com;charset=utf8
[2022-08-02T08:26:37+08:00][sql] SHOW FULL COLUMNS FROM `gxfc_shop` [ RunTime:0.001178s ]
[2022-08-02T08:26:37+08:00][sql] SELECT `website_id`,`site_name`,`logo`,`is_own`,`level_id`,`category_id`,`group_id`,`seo_keywords`,`seo_description`,`expire_time`,`shop_status` FROM `gxfc_shop` WHERE  `site_id` = 11 LIMIT 1 [ RunTime:0.000251s ]
[2022-08-02T08:26:37+08:00][sql] SELECT `group_id` FROM `gxfc_shop` WHERE  `site_id` = 11 LIMIT 1 [ RunTime:0.000285s ]
[2022-08-02T08:26:37+08:00][sql] SELECT `group_id` FROM `gxfc_shop` WHERE  `site_id` = 11 LIMIT 1 [ RunTime:0.000194s ]
[2022-08-02T08:26:37+08:00][sql] SELECT `group_id` FROM `gxfc_shop` WHERE  `site_id` = 11 LIMIT 1 [ RunTime:0.000167s ]
[2022-08-02T08:26:37+08:00][sql] SELECT `group_id` FROM `gxfc_shop` WHERE  `site_id` = 11 LIMIT 1 [ RunTime:0.000148s ]
[2022-08-02T08:26:37+08:00][sql] CONNECT:[ UseTime:0.000245s ] mysql:host=localhost;port=3306;dbname=ls_chnssl_com;charset=utf8
[2022-08-02T08:26:37+08:00][sql] SHOW FULL COLUMNS FROM `gxfc_shop` [ RunTime:0.001261s ]
[2022-08-02T08:26:37+08:00][sql] SELECT `website_id`,`site_name`,`logo`,`is_own`,`level_id`,`category_id`,`group_id`,`seo_keywords`,`seo_description`,`expire_time`,`shop_status` FROM `gxfc_shop` WHERE  `site_id` = 11 LIMIT 1 [ RunTime:0.000313s ]
[2022-08-02T08:26:37+08:00][sql] SHOW FULL COLUMNS FROM `gxfc_order` [ RunTime:0.001243s ]
[2022-08-02T08:26:37+08:00][sql] SELECT COUNT(*) AS think_count FROM `gxfc_order` `o` WHERE  `o`.`site_id` = 11 ORDER BY `o`.`create_time` DESC [ RunTime:0.000438s ]
[2022-08-02T08:26:37+08:00][sql] SELECT `o`.* FROM `gxfc_order` `o` WHERE  `o`.`site_id` = 11 ORDER BY `o`.`create_time` DESC LIMIT 0,10 [ RunTime:0.000633s ]
[2022-08-02T08:26:37+08:00][sql] SHOW FULL COLUMNS FROM `gxfc_order_goods` [ RunTime:0.000920s ]
[2022-08-02T08:26:37+08:00][sql] SELECT * FROM `gxfc_order_goods` WHERE  `order_id` = 564 [ RunTime:0.001376s ]
[2022-08-02T08:26:37+08:00][sql] SHOW FULL COLUMNS FROM `gxfc_member` [ RunTime:0.000886s ]
[2022-08-02T08:26:37+08:00][sql] SELECT `nickname` FROM `gxfc_member` WHERE  `member_id` = 8 LIMIT 1 [ RunTime:0.000146s ]
[2022-08-02T08:26:37+08:00][sql] SELECT * FROM `gxfc_order_goods` WHERE  `order_id` = 563 [ RunTime:0.001290s ]
[2022-08-02T08:26:37+08:00][sql] SELECT `nickname` FROM `gxfc_member` WHERE  `member_id` = 8 LIMIT 1 [ RunTime:0.000144s ]
[2022-08-02T08:26:37+08:00][sql] SELECT * FROM `gxfc_order_goods` WHERE  `order_id` = 562 [ RunTime:0.001217s ]
[2022-08-02T08:26:37+08:00][sql] SELECT `nickname` FROM `gxfc_member` WHERE  `member_id` = 8 LIMIT 1 [ RunTime:0.000122s ]
[2022-08-02T08:26:37+08:00][sql] SELECT * FROM `gxfc_order_goods` WHERE  `order_id` = 561 [ RunTime:0.001228s ]
[2022-08-02T08:26:37+08:00][sql] SELECT `nickname` FROM `gxfc_member` WHERE  `member_id` = 8 LIMIT 1 [ RunTime:0.000123s ]
[2022-08-02T08:26:37+08:00][sql] SELECT * FROM `gxfc_order_goods` WHERE  `order_id` = 560 [ RunTime:0.001253s ]
[2022-08-02T08:26:37+08:00][sql] SELECT `nickname` FROM `gxfc_member` WHERE  `member_id` = 5 LIMIT 1 [ RunTime:0.000129s ]
[2022-08-02T08:26:37+08:00][sql] SELECT * FROM `gxfc_order_goods` WHERE  `order_id` = 559 [ RunTime:0.001228s ]
[2022-08-02T08:26:37+08:00][sql] SELECT `nickname` FROM `gxfc_member` WHERE  `member_id` = 1 LIMIT 1 [ RunTime:0.000126s ]
[2022-08-02T08:26:37+08:00][sql] SELECT * FROM `gxfc_order_goods` WHERE  `order_id` = 558 [ RunTime:0.001249s ]
[2022-08-02T08:26:37+08:00][sql] SELECT `nickname` FROM `gxfc_member` WHERE  `member_id` = 5 LIMIT 1 [ RunTime:0.000129s ]
[2022-08-02T08:26:37+08:00][sql] SELECT * FROM `gxfc_order_goods` WHERE  `order_id` = 557 [ RunTime:0.001233s ]
[2022-08-02T08:26:37+08:00][sql] SELECT `nickname` FROM `gxfc_member` WHERE  `member_id` = 30 LIMIT 1 [ RunTime:0.000139s ]
[2022-08-02T08:26:37+08:00][sql] SELECT * FROM `gxfc_order_goods` WHERE  `order_id` = 556 [ RunTime:0.001222s ]
[2022-08-02T08:26:37+08:00][sql] SELECT `nickname` FROM `gxfc_member` WHERE  `member_id` = 5 LIMIT 1 [ RunTime:0.000155s ]
[2022-08-02T08:26:37+08:00][sql] SELECT * FROM `gxfc_order_goods` WHERE  `order_id` = 555 [ RunTime:0.001228s ]
[2022-08-02T08:26:37+08:00][sql] SELECT `nickname` FROM `gxfc_member` WHERE  `member_id` = 8 LIMIT 1 [ RunTime:0.000138s ]
[2022-08-02T08:26:37+08:00][sql] SELECT `conceal` FROM `gxfc_shop` WHERE  `site_id` = 11 LIMIT 1 [ RunTime:0.000149s ]
[2022-08-02T08:26:40+08:00][sql] CONNECT:[ UseTime:0.000230s ] mysql:host=localhost;port=3306;dbname=ls_chnssl_com;charset=utf8
[2022-08-02T08:26:40+08:00][sql] SHOW FULL COLUMNS FROM `gxfc_shop` [ RunTime:0.001122s ]
[2022-08-02T08:26:40+08:00][sql] SELECT `website_id`,`site_name`,`logo`,`is_own`,`level_id`,`category_id`,`group_id`,`seo_keywords`,`seo_description`,`expire_time`,`shop_status` FROM `gxfc_shop` WHERE  `site_id` = 11 LIMIT 1 [ RunTime:0.000251s ]
[2022-08-02T08:26:40+08:00][sql] SHOW FULL COLUMNS FROM `gxfc_order` [ RunTime:0.001274s ]
[2022-08-02T08:26:40+08:00][sql] SELECT `order_id`,`order_no`,`site_id`,`site_name`,`website_id`,`order_name`,`order_from`,`order_from_name`,`order_type`,`order_type_name`,`order_promotion_type`,`order_promotion_name`,`promotion_id`,`out_trade_no`,`out_trade_no_2`,`delivery_code`,`order_status`,`order_status_name`,`order_status_action`,`pay_status`,`delivery_status`,`refund_status`,`pay_type`,`pay_type_name`,`delivery_type`,`delivery_type_name`,`member_id`,`name`,`mobile`,`telephone`,`province_id`,`city_id`,`district_id`,`community_id`,`address`,`full_address`,`longitude`,`latitude`,`buyer_ip`,`buyer_ask_delivery_time`,`buyer_message`,`order_invoice_company`,`order_invoice_type`,`order_invoice_type_name`,`order_invoice_trade_type`,`order_invoice_rate`,`goods_money`,`delivery_money`,`promotion_money`,`coupon_id`,`coupon_money`,`invoice_money`,`order_money`,`adjust_money`,`balance_money`,`pay_money`,`create_time`,`pay_time`,`delivery_time`,`sign_time`,`finish_time`,`close_time`,`is_lock`,`is_evaluate`,`is_delete`,`is_enable_refund`,`remark`,`goods_num`,`delivery_store_id`,`delivery_status_name`,`is_settlement`,`store_settlement_id`,`delivery_store_name`,`promotion_type`,`promotion_type_name`,`promotion_status_name`,`delivery_store_info`,`virtual_code`,`evaluate_status`,`evaluate_status_name`,`shop_money`,`platform_money`,`refund_money`,`refund_shop_money`,`refund_platform_money`,`commission`,`settlement_id`,`platform_coupon_id`,`platform_coupon_money`,`platform_coupon_total_money`,`platform_coupon_shop_money`,`is_invoice`,`invoice_type`,`invoice_title`,`taxpayer_number`,`invoice_rate`,`invoice_content`,`invoice_delivery_money`,`invoice_full_address`,`is_tax_invoice`,`invoice_email`,`invoice_title_type`,`refund_platform_coupon_total_money`,`refund_platform_coupon_shop_money`,`refund_platform_coupon_money`,`dj_money`,`hospital_money`,`hospital_id`,`refund_hospital_money`,`source_member` FROM `gxfc_order` WHERE  `order_id` = 564  AND `site_id` = 11 LIMIT 1 [ RunTime:0.000605s ]
[2022-08-02T08:26:40+08:00][sql] SHOW FULL COLUMNS FROM `gxfc_member` [ RunTime:0.000893s ]
[2022-08-02T08:26:40+08:00][sql] SELECT `nickname` FROM `gxfc_member` WHERE  `member_id` = 8 LIMIT 1 [ RunTime:0.000150s ]
[2022-08-02T08:26:40+08:00][sql] SHOW FULL COLUMNS FROM `gxfc_order_goods` [ RunTime:0.000860s ]
[2022-08-02T08:26:40+08:00][sql] SELECT `order_goods_id`,`order_id`,`order_no`,`site_id`,`site_name`,`website_id`,`member_id`,`goods_id`,`sku_id`,`sku_name`,`sku_image`,`sku_no`,`is_virtual`,`goods_class`,`goods_class_name`,`price`,`cost_price`,`num`,`goods_money`,`cost_money`,`delivery_status`,`delivery_no`,`gift_flag`,`refund_no`,`refund_status`,`refund_status_name`,`refund_status_action`,`refund_type`,`refund_apply_money`,`refund_reason`,`refund_real_money`,`refund_delivery_name`,`refund_delivery_no`,`refund_time`,`refund_refuse_reason`,`refund_action_time`,`delivery_status_name`,`commission_rate`,`real_goods_money`,`shop_money`,`platform_money`,`is_settlement`,`refund_remark`,`refund_delivery_remark`,`refund_address`,`is_refund_stock`,`refund_money_type`,`promotion_money`,`coupon_money`,`adjust_money`,`platform_coupon_money`,`is_present`,`refund_delivery_money`,`goods_name`,`sku_spec_format`,`is_fenxiao`,`hospital_money` FROM `gxfc_order_goods` WHERE  `order_id` = 564 [ RunTime:0.001347s ]
[2022-08-02T08:26:40+08:00][sql] SHOW FULL COLUMNS FROM `gxfc_express_delivery_package` [ RunTime:0.000687s ]
[2022-08-02T08:26:40+08:00][sql] SELECT * FROM `gxfc_express_delivery_package` WHERE  `order_id` = 564  AND `site_id` = 11 [ RunTime:0.000222s ]
[2022-08-02T08:26:40+08:00][sql] SHOW FULL COLUMNS FROM `gxfc_express_company` [ RunTime:0.000754s ]
[2022-08-02T08:26:40+08:00][sql] SELECT * FROM `gxfc_express_company` WHERE  `company_id` = 0 LIMIT 1 [ RunTime:0.000175s ]
[2022-08-02T08:26:40+08:00][sql] SHOW FULL COLUMNS FROM `gxfc_order_log` [ RunTime:0.000683s ]
[2022-08-02T08:26:40+08:00][sql] SELECT * FROM `gxfc_order_log` WHERE  `order_id` = 564 ORDER BY `action_time` DESC [ RunTime:0.000550s ]
[2022-08-02T08:26:40+08:00][sql] SELECT `group_id` FROM `gxfc_shop` WHERE  `site_id` = 11 LIMIT 1 [ RunTime:0.000246s ]
[2022-08-02T08:26:40+08:00][sql] SELECT `group_id` FROM `gxfc_shop` WHERE  `site_id` = 11 LIMIT 1 [ RunTime:0.000196s ]
[2022-08-02T08:26:40+08:00][sql] SELECT `group_id` FROM `gxfc_shop` WHERE  `site_id` = 11 LIMIT 1 [ RunTime:0.000166s ]
[2022-08-02T08:26:40+08:00][sql] SELECT `group_id` FROM `gxfc_shop` WHERE  `site_id` = 11 LIMIT 1 [ RunTime:0.000153s ]
[2022-08-02T09:52:53+08:00][sql] CONNECT:[ UseTime:0.000212s ] mysql:host=localhost;port=3306;dbname=ls_chnssl_com;charset=utf8
[2022-08-02T09:52:53+08:00][sql] SHOW FULL COLUMNS FROM `gxfc_shop` [ RunTime:0.001154s ]
[2022-08-02T09:52:53+08:00][sql] SELECT `website_id`,`site_name`,`logo`,`is_own`,`level_id`,`category_id`,`group_id`,`seo_keywords`,`seo_description`,`expire_time`,`shop_status` FROM `gxfc_shop` WHERE  `site_id` = 11 LIMIT 1 [ RunTime:0.000268s ]
[2022-08-02T09:52:53+08:00][sql] SHOW FULL COLUMNS FROM `gxfc_addon` [ RunTime:0.000750s ]
[2022-08-02T09:52:53+08:00][sql] SELECT `name`,`title` FROM `gxfc_addon` WHERE  `name` = '' LIMIT 1 [ RunTime:0.000153s ]
[2022-08-02T10:17:50+08:00][sql] CONNECT:[ UseTime:0.000219s ] mysql:host=localhost;port=3306;dbname=ls_chnssl_com;charset=utf8
[2022-08-02T10:17:50+08:00][sql] SHOW FULL COLUMNS FROM `gxfc_group` [ RunTime:0.000915s ]
[2022-08-02T10:17:50+08:00][sql] SELECT * FROM `gxfc_group` WHERE  `group_id` = 13  AND `site_id` = 11  AND `app_module` = 'shop' LIMIT 1 [ RunTime:0.000247s ]
[2022-08-02T10:17:51+08:00][sql] SHOW FULL COLUMNS FROM `gxfc_shop` [ RunTime:0.001116s ]
[2022-08-02T10:17:51+08:00][sql] SELECT `website_id`,`site_name`,`logo`,`is_own`,`level_id`,`category_id`,`group_id`,`seo_keywords`,`seo_description`,`expire_time`,`shop_status` FROM `gxfc_shop` WHERE  `site_id` = 11 LIMIT 1 [ RunTime:0.000223s ]
[2022-08-02T10:17:51+08:00][sql] SHOW FULL COLUMNS FROM `gxfc_shop_group` [ RunTime:0.000760s ]
[2022-08-02T10:17:51+08:00][sql] SELECT `addon_array` FROM `gxfc_shop_group` WHERE  `group_id` = 2 LIMIT 1 [ RunTime:0.000139s ]
[2022-08-02T10:17:51+08:00][sql] SHOW FULL COLUMNS FROM `gxfc_menu` [ RunTime:0.000802s ]
[2022-08-02T10:17:51+08:00][sql] SELECT * FROM `gxfc_menu` WHERE  `app_module` = 'shop'  AND `addon` NOT IN ('printer','electronicsheet','freeshipping','servicer','bargain','bundling','cards','coupon','discount','egg','fenxiao','groupbuy','live','manjian','notes','pintuan','present','seckill','topic','turntable','wholesale','crazyguess','coupon_code','community_buy','cashier','appointment','missioncenter')  AND `is_show` = 1 ORDER BY `sort` ASC [ RunTime:0.000846s ]
[2022-08-02T10:17:51+08:00][sql] SELECT * FROM `gxfc_menu` WHERE  `addon` IN ('freeshipping','bargain','bundling','coupon','discount','groupbuy','manjian','pintuan','present','wholesale','seckill','topic','fenxiao','printer','electronicsheet')  AND `app_module` = 'shop'  AND `is_show` = 1 ORDER BY `sort` ASC [ RunTime:0.000993s ]
[2022-08-02T10:17:51+08:00][sql] SELECT `id`,`app_module`,`name`,`title`,`parent`,`level`,`url`,`is_show`,`sort`,`desc`,`picture`,`is_icon`,`picture_select`,`is_control`,`addon` FROM `gxfc_menu` WHERE  `url` = 'shop/Order/lists'  AND `app_module` = 'shop' ORDER BY `level` DESC LIMIT 1 [ RunTime:0.000255s ]
[2022-08-02T10:17:51+08:00][sql] SELECT `id`,`app_module`,`name`,`title`,`parent`,`level`,`url`,`is_show`,`sort`,`desc`,`picture`,`is_icon`,`picture_select`,`is_control`,`addon` FROM `gxfc_menu` WHERE  `name` = 'ORDER_MANAGE'  AND `app_module` = 'shop' LIMIT 1 [ RunTime:0.000224s ]
[2022-08-02T10:17:51+08:00][sql] SELECT `id`,`app_module`,`name`,`title`,`parent`,`level`,`url`,`is_show`,`sort`,`desc`,`picture`,`is_icon`,`picture_select`,`is_control`,`addon` FROM `gxfc_menu` WHERE  `name` = 'ORDER_ROOT'  AND `app_module` = 'shop' LIMIT 1 [ RunTime:0.000250s ]
[2022-08-02T10:17:51+08:00][sql] SHOW FULL COLUMNS FROM `gxfc_website` [ RunTime:0.000861s ]
[2022-08-02T10:17:51+08:00][sql] SELECT `title`,`logo`,`desc`,`keywords`,`web_status`,`close_reason`,`web_qrcode`,`web_phone` FROM `gxfc_website` WHERE  `site_id` = 0 LIMIT 1 [ RunTime:0.000173s ]
[2022-08-02T10:17:51+08:00][sql] SELECT `group_id` FROM `gxfc_shop` WHERE  `site_id` = 11 LIMIT 1 [ RunTime:0.000218s ]
[2022-08-02T10:17:51+08:00][sql] SELECT `group_id` FROM `gxfc_shop` WHERE  `site_id` = 11 LIMIT 1 [ RunTime:0.000171s ]
[2022-08-02T10:17:51+08:00][sql] SELECT `group_id` FROM `gxfc_shop` WHERE  `site_id` = 11 LIMIT 1 [ RunTime:0.000170s ]
[2022-08-02T10:17:51+08:00][sql] SELECT `group_id` FROM `gxfc_shop` WHERE  `site_id` = 11 LIMIT 1 [ RunTime:0.000185s ]
[2022-08-02T10:17:51+08:00][sql] CONNECT:[ UseTime:0.000249s ] mysql:host=localhost;port=3306;dbname=ls_chnssl_com;charset=utf8
[2022-08-02T10:17:51+08:00][sql] SHOW FULL COLUMNS FROM `gxfc_shop` [ RunTime:0.001206s ]
[2022-08-02T10:17:51+08:00][sql] SELECT `website_id`,`site_name`,`logo`,`is_own`,`level_id`,`category_id`,`group_id`,`seo_keywords`,`seo_description`,`expire_time`,`shop_status` FROM `gxfc_shop` WHERE  `site_id` = 11 LIMIT 1 [ RunTime:0.000242s ]
[2022-08-02T10:17:51+08:00][sql] SHOW FULL COLUMNS FROM `gxfc_order` [ RunTime:0.001304s ]
[2022-08-02T10:17:51+08:00][sql] SELECT COUNT(*) AS think_count FROM `gxfc_order` `o` WHERE  `o`.`site_id` = 11 ORDER BY `o`.`create_time` DESC [ RunTime:0.000461s ]
[2022-08-02T10:17:51+08:00][sql] SELECT `o`.* FROM `gxfc_order` `o` WHERE  `o`.`site_id` = 11 ORDER BY `o`.`create_time` DESC LIMIT 0,10 [ RunTime:0.000651s ]
[2022-08-02T10:17:51+08:00][sql] SHOW FULL COLUMNS FROM `gxfc_order_goods` [ RunTime:0.000983s ]
[2022-08-02T10:17:51+08:00][sql] SELECT * FROM `gxfc_order_goods` WHERE  `order_id` = 564 [ RunTime:0.001334s ]
[2022-08-02T10:17:51+08:00][sql] SHOW FULL COLUMNS FROM `gxfc_member` [ RunTime:0.000925s ]
[2022-08-02T10:17:51+08:00][sql] SELECT `nickname` FROM `gxfc_member` WHERE  `member_id` = 8 LIMIT 1 [ RunTime:0.000180s ]
[2022-08-02T10:17:51+08:00][sql] SELECT * FROM `gxfc_order_goods` WHERE  `order_id` = 563 [ RunTime:0.001364s ]
[2022-08-02T10:17:51+08:00][sql] SELECT `nickname` FROM `gxfc_member` WHERE  `member_id` = 8 LIMIT 1 [ RunTime:0.000178s ]
[2022-08-02T10:17:51+08:00][sql] SELECT * FROM `gxfc_order_goods` WHERE  `order_id` = 562 [ RunTime:0.001327s ]
[2022-08-02T10:17:51+08:00][sql] SELECT `nickname` FROM `gxfc_member` WHERE  `member_id` = 8 LIMIT 1 [ RunTime:0.000173s ]
[2022-08-02T10:17:51+08:00][sql] SELECT * FROM `gxfc_order_goods` WHERE  `order_id` = 561 [ RunTime:0.001518s ]
[2022-08-02T10:17:51+08:00][sql] SELECT `nickname` FROM `gxfc_member` WHERE  `member_id` = 8 LIMIT 1 [ RunTime:0.000142s ]
[2022-08-02T10:17:51+08:00][sql] SELECT * FROM `gxfc_order_goods` WHERE  `order_id` = 560 [ RunTime:0.001724s ]
[2022-08-02T10:17:51+08:00][sql] SELECT `nickname` FROM `gxfc_member` WHERE  `member_id` = 5 LIMIT 1 [ RunTime:0.000144s ]
[2022-08-02T10:17:51+08:00][sql] SELECT * FROM `gxfc_order_goods` WHERE  `order_id` = 559 [ RunTime:0.001481s ]
[2022-08-02T10:17:51+08:00][sql] SELECT `nickname` FROM `gxfc_member` WHERE  `member_id` = 1 LIMIT 1 [ RunTime:0.000148s ]
[2022-08-02T10:17:51+08:00][sql] SELECT * FROM `gxfc_order_goods` WHERE  `order_id` = 558 [ RunTime:0.001485s ]
[2022-08-02T10:17:51+08:00][sql] SELECT `nickname` FROM `gxfc_member` WHERE  `member_id` = 5 LIMIT 1 [ RunTime:0.000135s ]
[2022-08-02T10:17:51+08:00][sql] SELECT * FROM `gxfc_order_goods` WHERE  `order_id` = 557 [ RunTime:0.001237s ]
[2022-08-02T10:17:51+08:00][sql] SELECT `nickname` FROM `gxfc_member` WHERE  `member_id` = 30 LIMIT 1 [ RunTime:0.000139s ]
[2022-08-02T10:17:51+08:00][sql] SELECT * FROM `gxfc_order_goods` WHERE  `order_id` = 556 [ RunTime:0.001312s ]
[2022-08-02T10:17:51+08:00][sql] SELECT `nickname` FROM `gxfc_member` WHERE  `member_id` = 5 LIMIT 1 [ RunTime:0.000135s ]
[2022-08-02T10:17:51+08:00][sql] SELECT * FROM `gxfc_order_goods` WHERE  `order_id` = 555 [ RunTime:0.001284s ]
[2022-08-02T10:17:51+08:00][sql] SELECT `nickname` FROM `gxfc_member` WHERE  `member_id` = 8 LIMIT 1 [ RunTime:0.000131s ]
[2022-08-02T10:17:51+08:00][sql] SELECT `conceal` FROM `gxfc_shop` WHERE  `site_id` = 11 LIMIT 1 [ RunTime:0.000174s ]
[2022-08-02T10:17:53+08:00][sql] CONNECT:[ UseTime:0.000229s ] mysql:host=localhost;port=3306;dbname=ls_chnssl_com;charset=utf8
[2022-08-02T10:17:53+08:00][sql] SHOW FULL COLUMNS FROM `gxfc_shop` [ RunTime:0.001161s ]
[2022-08-02T10:17:53+08:00][sql] SELECT `website_id`,`site_name`,`logo`,`is_own`,`level_id`,`category_id`,`group_id`,`seo_keywords`,`seo_description`,`expire_time`,`shop_status` FROM `gxfc_shop` WHERE  `site_id` = 11 LIMIT 1 [ RunTime:0.000300s ]
[2022-08-02T10:17:53+08:00][sql] SHOW FULL COLUMNS FROM `gxfc_order` [ RunTime:0.001252s ]
[2022-08-02T10:17:53+08:00][sql] SELECT COUNT(*) AS think_count FROM `gxfc_order` `o` WHERE  `o`.`site_id` = 11  AND `o`.`order_status` = '0' ORDER BY `o`.`create_time` DESC [ RunTime:0.000256s ]
[2022-08-02T10:17:53+08:00][sql] SELECT `o`.* FROM `gxfc_order` `o` WHERE  `o`.`site_id` = 11  AND `o`.`order_status` = '0' ORDER BY `o`.`create_time` DESC LIMIT 0,10 [ RunTime:0.000582s ]
[2022-08-02T10:17:53+08:00][sql] SHOW FULL COLUMNS FROM `gxfc_order_goods` [ RunTime:0.000909s ]
[2022-08-02T10:17:53+08:00][sql] SELECT * FROM `gxfc_order_goods` WHERE  `order_id` = 559 [ RunTime:0.001285s ]
[2022-08-02T10:17:53+08:00][sql] SHOW FULL COLUMNS FROM `gxfc_member` [ RunTime:0.000908s ]
[2022-08-02T10:17:53+08:00][sql] SELECT `nickname` FROM `gxfc_member` WHERE  `member_id` = 1 LIMIT 1 [ RunTime:0.000138s ]
[2022-08-02T10:17:53+08:00][sql] SELECT * FROM `gxfc_order_goods` WHERE  `order_id` = 556 [ RunTime:0.001254s ]
[2022-08-02T10:17:53+08:00][sql] SELECT `nickname` FROM `gxfc_member` WHERE  `member_id` = 5 LIMIT 1 [ RunTime:0.000146s ]
[2022-08-02T10:17:53+08:00][sql] SELECT * FROM `gxfc_order_goods` WHERE  `order_id` = 553 [ RunTime:0.001314s ]
[2022-08-02T10:17:53+08:00][sql] SELECT `nickname` FROM `gxfc_member` WHERE  `member_id` = 30 LIMIT 1 [ RunTime:0.000137s ]
[2022-08-02T10:17:53+08:00][sql] SELECT * FROM `gxfc_order_goods` WHERE  `order_id` = 549 [ RunTime:0.001244s ]
[2022-08-02T10:17:53+08:00][sql] SELECT `nickname` FROM `gxfc_member` WHERE  `member_id` = 30 LIMIT 1 [ RunTime:0.000134s ]
[2022-08-02T10:17:53+08:00][sql] SELECT * FROM `gxfc_order_goods` WHERE  `order_id` = 548 [ RunTime:0.001238s ]
[2022-08-02T10:17:53+08:00][sql] SELECT `nickname` FROM `gxfc_member` WHERE  `member_id` = 30 LIMIT 1 [ RunTime:0.000138s ]
[2022-08-02T10:17:53+08:00][sql] SELECT * FROM `gxfc_order_goods` WHERE  `order_id` = 547 [ RunTime:0.001275s ]
[2022-08-02T10:17:53+08:00][sql] SELECT `nickname` FROM `gxfc_member` WHERE  `member_id` = 30 LIMIT 1 [ RunTime:0.000139s ]
[2022-08-02T10:17:53+08:00][sql] SELECT * FROM `gxfc_order_goods` WHERE  `order_id` = 546 [ RunTime:0.001286s ]
[2022-08-02T10:17:53+08:00][sql] SELECT `nickname` FROM `gxfc_member` WHERE  `member_id` = 30 LIMIT 1 [ RunTime:0.000138s ]
[2022-08-02T10:17:53+08:00][sql] SELECT `conceal` FROM `gxfc_shop` WHERE  `site_id` = 11 LIMIT 1 [ RunTime:0.000138s ]
[2022-08-02T10:18:09+08:00][sql] CONNECT:[ UseTime:0.000247s ] mysql:host=localhost;port=3306;dbname=ls_chnssl_com;charset=utf8
[2022-08-02T10:18:09+08:00][sql] SHOW FULL COLUMNS FROM `gxfc_shop` [ RunTime:0.001146s ]
[2022-08-02T10:18:09+08:00][sql] SELECT `website_id`,`site_name`,`logo`,`is_own`,`level_id`,`category_id`,`group_id`,`seo_keywords`,`seo_description`,`expire_time`,`shop_status` FROM `gxfc_shop` WHERE  `site_id` = 11 LIMIT 1 [ RunTime:0.000283s ]
[2022-08-02T10:18:09+08:00][sql] SHOW FULL COLUMNS FROM `gxfc_order` [ RunTime:0.001237s ]
[2022-08-02T10:18:09+08:00][sql] SELECT COUNT(*) AS think_count FROM `gxfc_order` `o` WHERE  `o`.`site_id` = 11  AND `o`.`order_status` = '1' ORDER BY `o`.`create_time` DESC [ RunTime:0.000478s ]
[2022-08-02T10:18:09+08:00][sql] SELECT `o`.* FROM `gxfc_order` `o` WHERE  `o`.`site_id` = 11  AND `o`.`order_status` = '1' ORDER BY `o`.`create_time` DESC LIMIT 0,10 [ RunTime:0.000707s ]
[2022-08-02T10:18:09+08:00][sql] SHOW FULL COLUMNS FROM `gxfc_order_goods` [ RunTime:0.000999s ]
[2022-08-02T10:18:09+08:00][sql] SELECT * FROM `gxfc_order_goods` WHERE  `order_id` = 558 [ RunTime:0.001467s ]
[2022-08-02T10:18:09+08:00][sql] SHOW FULL COLUMNS FROM `gxfc_member` [ RunTime:0.000932s ]
[2022-08-02T10:18:09+08:00][sql] SELECT `nickname` FROM `gxfc_member` WHERE  `member_id` = 5 LIMIT 1 [ RunTime:0.000175s ]
[2022-08-02T10:18:09+08:00][sql] SELECT * FROM `gxfc_order_goods` WHERE  `order_id` = 557 [ RunTime:0.001318s ]
[2022-08-02T10:18:09+08:00][sql] SELECT `nickname` FROM `gxfc_member` WHERE  `member_id` = 30 LIMIT 1 [ RunTime:0.000149s ]
[2022-08-02T10:18:09+08:00][sql] SELECT * FROM `gxfc_order_goods` WHERE  `order_id` = 555 [ RunTime:0.001282s ]
[2022-08-02T10:18:09+08:00][sql] SELECT `nickname` FROM `gxfc_member` WHERE  `member_id` = 8 LIMIT 1 [ RunTime:0.000148s ]
[2022-08-02T10:18:09+08:00][sql] SELECT * FROM `gxfc_order_goods` WHERE  `order_id` = 554 [ RunTime:0.001253s ]
[2022-08-02T10:18:09+08:00][sql] SELECT `nickname` FROM `gxfc_member` WHERE  `member_id` = 30 LIMIT 1 [ RunTime:0.000131s ]
[2022-08-02T10:18:09+08:00][sql] SELECT * FROM `gxfc_order_goods` WHERE  `order_id` = 552 [ RunTime:0.001365s ]
[2022-08-02T10:18:09+08:00][sql] SELECT `nickname` FROM `gxfc_member` WHERE  `member_id` = 8 LIMIT 1 [ RunTime:0.000266s ]
[2022-08-02T10:18:09+08:00][sql] SELECT * FROM `gxfc_order_goods` WHERE  `order_id` = 551 [ RunTime:0.001252s ]
[2022-08-02T10:18:09+08:00][sql] SELECT `nickname` FROM `gxfc_member` WHERE  `member_id` = 30 LIMIT 1 [ RunTime:0.000139s ]
[2022-08-02T10:18:09+08:00][sql] SELECT * FROM `gxfc_order_goods` WHERE  `order_id` = 524 [ RunTime:0.001256s ]
[2022-08-02T10:18:09+08:00][sql] SELECT `nickname` FROM `gxfc_member` WHERE  `member_id` = 5 LIMIT 1 [ RunTime:0.000160s ]
[2022-08-02T10:18:09+08:00][sql] SELECT * FROM `gxfc_order_goods` WHERE  `order_id` = 507 [ RunTime:0.001281s ]
[2022-08-02T10:18:09+08:00][sql] SELECT `nickname` FROM `gxfc_member` WHERE  `member_id` = 30 LIMIT 1 [ RunTime:0.000142s ]
[2022-08-02T10:18:09+08:00][sql] SELECT * FROM `gxfc_order_goods` WHERE  `order_id` = 506 [ RunTime:0.001231s ]
[2022-08-02T10:18:09+08:00][sql] SELECT `nickname` FROM `gxfc_member` WHERE  `member_id` = 30 LIMIT 1 [ RunTime:0.000142s ]
[2022-08-02T10:18:09+08:00][sql] SELECT * FROM `gxfc_order_goods` WHERE  `order_id` = 505 [ RunTime:0.001379s ]
[2022-08-02T10:18:09+08:00][sql] SELECT `nickname` FROM `gxfc_member` WHERE  `member_id` = 5 LIMIT 1 [ RunTime:0.000156s ]
[2022-08-02T10:18:09+08:00][sql] SELECT `conceal` FROM `gxfc_shop` WHERE  `site_id` = 11 LIMIT 1 [ RunTime:0.000142s ]
[2022-08-02T10:18:21+08:00][sql] CONNECT:[ UseTime:0.000244s ] mysql:host=localhost;port=3306;dbname=ls_chnssl_com;charset=utf8
[2022-08-02T10:18:21+08:00][sql] SHOW FULL COLUMNS FROM `gxfc_shop` [ RunTime:0.001178s ]
[2022-08-02T10:18:21+08:00][sql] SELECT `website_id`,`site_name`,`logo`,`is_own`,`level_id`,`category_id`,`group_id`,`seo_keywords`,`seo_description`,`expire_time`,`shop_status` FROM `gxfc_shop` WHERE  `site_id` = 11 LIMIT 1 [ RunTime:0.000265s ]
[2022-08-02T10:18:21+08:00][sql] SHOW FULL COLUMNS FROM `gxfc_order` [ RunTime:0.001250s ]
[2022-08-02T10:18:21+08:00][sql] SELECT COUNT(*) AS think_count FROM `gxfc_order` `o` WHERE  `o`.`site_id` = 11 ORDER BY `o`.`create_time` DESC [ RunTime:0.000396s ]
[2022-08-02T10:18:21+08:00][sql] SELECT `o`.* FROM `gxfc_order` `o` WHERE  `o`.`site_id` = 11 ORDER BY `o`.`create_time` DESC LIMIT 0,10 [ RunTime:0.000537s ]
[2022-08-02T10:18:21+08:00][sql] SHOW FULL COLUMNS FROM `gxfc_order_goods` [ RunTime:0.000906s ]
[2022-08-02T10:18:21+08:00][sql] SELECT * FROM `gxfc_order_goods` WHERE  `order_id` = 564 [ RunTime:0.001284s ]
[2022-08-02T10:18:21+08:00][sql] SHOW FULL COLUMNS FROM `gxfc_member` [ RunTime:0.000905s ]
[2022-08-02T10:18:21+08:00][sql] SELECT `nickname` FROM `gxfc_member` WHERE  `member_id` = 8 LIMIT 1 [ RunTime:0.000195s ]
[2022-08-02T10:18:21+08:00][sql] SELECT * FROM `gxfc_order_goods` WHERE  `order_id` = 563 [ RunTime:0.001291s ]
[2022-08-02T10:18:21+08:00][sql] SELECT `nickname` FROM `gxfc_member` WHERE  `member_id` = 8 LIMIT 1 [ RunTime:0.000157s ]
[2022-08-02T10:18:21+08:00][sql] SELECT * FROM `gxfc_order_goods` WHERE  `order_id` = 562 [ RunTime:0.001289s ]
[2022-08-02T10:18:21+08:00][sql] SELECT `nickname` FROM `gxfc_member` WHERE  `member_id` = 8 LIMIT 1 [ RunTime:0.000157s ]
[2022-08-02T10:18:21+08:00][sql] SELECT * FROM `gxfc_order_goods` WHERE  `order_id` = 561 [ RunTime:0.001267s ]
[2022-08-02T10:18:21+08:00][sql] SELECT `nickname` FROM `gxfc_member` WHERE  `member_id` = 8 LIMIT 1 [ RunTime:0.000168s ]
[2022-08-02T10:18:21+08:00][sql] SELECT * FROM `gxfc_order_goods` WHERE  `order_id` = 560 [ RunTime:0.001273s ]
[2022-08-02T10:18:21+08:00][sql] SELECT `nickname` FROM `gxfc_member` WHERE  `member_id` = 5 LIMIT 1 [ RunTime:0.000154s ]
[2022-08-02T10:18:21+08:00][sql] SELECT * FROM `gxfc_order_goods` WHERE  `order_id` = 559 [ RunTime:0.001283s ]
[2022-08-02T10:18:21+08:00][sql] SELECT `nickname` FROM `gxfc_member` WHERE  `member_id` = 1 LIMIT 1 [ RunTime:0.000163s ]
[2022-08-02T10:18:21+08:00][sql] SELECT * FROM `gxfc_order_goods` WHERE  `order_id` = 558 [ RunTime:0.001278s ]
[2022-08-02T10:18:21+08:00][sql] SELECT `nickname` FROM `gxfc_member` WHERE  `member_id` = 5 LIMIT 1 [ RunTime:0.000181s ]
[2022-08-02T10:18:21+08:00][sql] SELECT * FROM `gxfc_order_goods` WHERE  `order_id` = 557 [ RunTime:0.001260s ]
[2022-08-02T10:18:21+08:00][sql] SELECT `nickname` FROM `gxfc_member` WHERE  `member_id` = 30 LIMIT 1 [ RunTime:0.000182s ]
[2022-08-02T10:18:21+08:00][sql] SELECT * FROM `gxfc_order_goods` WHERE  `order_id` = 556 [ RunTime:0.001252s ]
[2022-08-02T10:18:21+08:00][sql] SELECT `nickname` FROM `gxfc_member` WHERE  `member_id` = 5 LIMIT 1 [ RunTime:0.000142s ]
[2022-08-02T10:18:21+08:00][sql] SELECT * FROM `gxfc_order_goods` WHERE  `order_id` = 555 [ RunTime:0.001265s ]
[2022-08-02T10:18:21+08:00][sql] SELECT `nickname` FROM `gxfc_member` WHERE  `member_id` = 8 LIMIT 1 [ RunTime:0.000139s ]
[2022-08-02T10:18:21+08:00][sql] SELECT `conceal` FROM `gxfc_shop` WHERE  `site_id` = 11 LIMIT 1 [ RunTime:0.000162s ]
[2022-08-02T10:18:31+08:00][sql] CONNECT:[ UseTime:0.000224s ] mysql:host=localhost;port=3306;dbname=ls_chnssl_com;charset=utf8
[2022-08-02T10:18:31+08:00][sql] SHOW FULL COLUMNS FROM `gxfc_shop` [ RunTime:0.001267s ]
[2022-08-02T10:18:31+08:00][sql] SELECT `website_id`,`site_name`,`logo`,`is_own`,`level_id`,`category_id`,`group_id`,`seo_keywords`,`seo_description`,`expire_time`,`shop_status` FROM `gxfc_shop` WHERE  `site_id` = 11 LIMIT 1 [ RunTime:0.000252s ]
[2022-08-02T10:18:31+08:00][sql] SHOW FULL COLUMNS FROM `gxfc_order` [ RunTime:0.001223s ]
[2022-08-02T10:18:31+08:00][sql] SELECT COUNT(*) AS think_count FROM `gxfc_order` `o` WHERE  `o`.`site_id` = 11 ORDER BY `o`.`create_time` DESC [ RunTime:0.000402s ]
[2022-08-02T10:18:31+08:00][sql] SELECT `o`.* FROM `gxfc_order` `o` WHERE  `o`.`site_id` = 11 ORDER BY `o`.`create_time` DESC LIMIT 0,10 [ RunTime:0.000513s ]
[2022-08-02T10:18:31+08:00][sql] SHOW FULL COLUMNS FROM `gxfc_order_goods` [ RunTime:0.000872s ]
[2022-08-02T10:18:31+08:00][sql] SELECT * FROM `gxfc_order_goods` WHERE  `order_id` = 564 [ RunTime:0.001316s ]
[2022-08-02T10:18:31+08:00][sql] SHOW FULL COLUMNS FROM `gxfc_member` [ RunTime:0.000926s ]
[2022-08-02T10:18:31+08:00][sql] SELECT `nickname` FROM `gxfc_member` WHERE  `member_id` = 8 LIMIT 1 [ RunTime:0.000151s ]
[2022-08-02T10:18:31+08:00][sql] SELECT * FROM `gxfc_order_goods` WHERE  `order_id` = 563 [ RunTime:0.001248s ]
[2022-08-02T10:18:31+08:00][sql] SELECT `nickname` FROM `gxfc_member` WHERE  `member_id` = 8 LIMIT 1 [ RunTime:0.000131s ]
[2022-08-02T10:18:31+08:00][sql] SELECT * FROM `gxfc_order_goods` WHERE  `order_id` = 562 [ RunTime:0.001278s ]
[2022-08-02T10:18:31+08:00][sql] SELECT `nickname` FROM `gxfc_member` WHERE  `member_id` = 8 LIMIT 1 [ RunTime:0.000127s ]
[2022-08-02T10:18:31+08:00][sql] SELECT * FROM `gxfc_order_goods` WHERE  `order_id` = 561 [ RunTime:0.001276s ]
[2022-08-02T10:18:31+08:00][sql] SELECT `nickname` FROM `gxfc_member` WHERE  `member_id` = 8 LIMIT 1 [ RunTime:0.000139s ]
[2022-08-02T10:18:31+08:00][sql] SELECT * FROM `gxfc_order_goods` WHERE  `order_id` = 560 [ RunTime:0.001269s ]
[2022-08-02T10:18:31+08:00][sql] SELECT `nickname` FROM `gxfc_member` WHERE  `member_id` = 5 LIMIT 1 [ RunTime:0.000127s ]
[2022-08-02T10:18:31+08:00][sql] SELECT * FROM `gxfc_order_goods` WHERE  `order_id` = 559 [ RunTime:0.001238s ]
[2022-08-02T10:18:31+08:00][sql] SELECT `nickname` FROM `gxfc_member` WHERE  `member_id` = 1 LIMIT 1 [ RunTime:0.000135s ]
[2022-08-02T10:18:31+08:00][sql] SELECT * FROM `gxfc_order_goods` WHERE  `order_id` = 558 [ RunTime:0.001248s ]
[2022-08-02T10:18:31+08:00][sql] SELECT `nickname` FROM `gxfc_member` WHERE  `member_id` = 5 LIMIT 1 [ RunTime:0.000132s ]
[2022-08-02T10:18:31+08:00][sql] SELECT * FROM `gxfc_order_goods` WHERE  `order_id` = 557 [ RunTime:0.001236s ]
[2022-08-02T10:18:31+08:00][sql] SELECT `nickname` FROM `gxfc_member` WHERE  `member_id` = 30 LIMIT 1 [ RunTime:0.000127s ]
[2022-08-02T10:18:31+08:00][sql] SELECT * FROM `gxfc_order_goods` WHERE  `order_id` = 556 [ RunTime:0.001263s ]
[2022-08-02T10:18:31+08:00][sql] SELECT `nickname` FROM `gxfc_member` WHERE  `member_id` = 5 LIMIT 1 [ RunTime:0.000137s ]
[2022-08-02T10:18:31+08:00][sql] SELECT * FROM `gxfc_order_goods` WHERE  `order_id` = 555 [ RunTime:0.001233s ]
[2022-08-02T10:18:31+08:00][sql] SELECT `nickname` FROM `gxfc_member` WHERE  `member_id` = 8 LIMIT 1 [ RunTime:0.000135s ]
[2022-08-02T10:18:31+08:00][sql] SELECT `conceal` FROM `gxfc_shop` WHERE  `site_id` = 11 LIMIT 1 [ RunTime:0.000151s ]
[2022-08-02T14:09:57+08:00][sql] CONNECT:[ UseTime:0.000245s ] mysql:host=localhost;port=3306;dbname=ls_chnssl_com;charset=utf8
[2022-08-02T14:09:57+08:00][sql] SHOW FULL COLUMNS FROM `gxfc_config` [ RunTime:0.000959s ]
[2022-08-02T14:09:57+08:00][sql] SELECT `site_id`,`app_module`,`config_key`,`value`,`config_desc`,`is_use`,`create_time`,`modify_time` FROM `gxfc_config` WHERE  `site_id` = 0  AND `app_module` = 'admin'  AND `config_key` = 'CAPTCHA_CONFIG' LIMIT 1 [ RunTime:0.000262s ]
[2022-08-02T14:09:57+08:00][sql] SELECT `site_id`,`app_module`,`config_key`,`value`,`config_desc`,`is_use`,`create_time`,`modify_time` FROM `gxfc_config` WHERE  `site_id` = 0  AND `app_module` = 'admin'  AND `config_key` = 'SHOP_JOIN_ADV_CONFIG' LIMIT 1 [ RunTime:0.000210s ]
[2022-08-02T14:09:57+08:00][sql] SHOW FULL COLUMNS FROM `gxfc_document` [ RunTime:0.000808s ]
[2022-08-02T14:09:57+08:00][sql] SELECT `site_id`,`app_module`,`document_key`,`title`,`content`,`create_time`,`modify_time` FROM `gxfc_document` WHERE  `site_id` = 0  AND `app_module` = 'admin'  AND `document_key` = 'SHOP_JOIN_GUIDE_1' LIMIT 1 [ RunTime:0.000224s ]
[2022-08-02T14:09:57+08:00][sql] SELECT `site_id`,`app_module`,`document_key`,`title`,`content`,`create_time`,`modify_time` FROM `gxfc_document` WHERE  `site_id` = 0  AND `app_module` = 'admin'  AND `document_key` = 'SHOP_JOIN_GUIDE_2' LIMIT 1 [ RunTime:0.000241s ]
[2022-08-02T14:09:57+08:00][sql] SELECT `site_id`,`app_module`,`document_key`,`title`,`content`,`create_time`,`modify_time` FROM `gxfc_document` WHERE  `site_id` = 0  AND `app_module` = 'admin'  AND `document_key` = 'SHOP_JOIN_GUIDE_3' LIMIT 1 [ RunTime:0.000210s ]
[2022-08-02T14:09:57+08:00][sql] SELECT `site_id`,`app_module`,`document_key`,`title`,`content`,`create_time`,`modify_time` FROM `gxfc_document` WHERE  `site_id` = 0  AND `app_module` = 'admin'  AND `document_key` = 'SHOP_JOIN_GUIDE_4' LIMIT 1 [ RunTime:0.000214s ]
[2022-08-02T14:09:57+08:00][sql] SHOW FULL COLUMNS FROM `gxfc_website` [ RunTime:0.000889s ]
[2022-08-02T14:09:57+08:00][sql] SELECT `web_phone`,`web_email`,`web_qrcode`,`web_qq`,`web_weixin`,`logo` FROM `gxfc_website` WHERE  `site_id` = 0 LIMIT 1 [ RunTime:0.000237s ]
[2022-08-02T14:24:41+08:00][sql] CONNECT:[ UseTime:0.000286s ] mysql:host=localhost;port=3306;dbname=ls_chnssl_com;charset=utf8
[2022-08-02T14:24:41+08:00][sql] SHOW FULL COLUMNS FROM `gxfc_shop` [ RunTime:0.001185s ]
[2022-08-02T14:24:41+08:00][sql] SELECT `website_id`,`site_name`,`logo`,`is_own`,`level_id`,`category_id`,`group_id`,`seo_keywords`,`seo_description`,`expire_time`,`shop_status` FROM `gxfc_shop` WHERE  `site_id` = 11 LIMIT 1 [ RunTime:0.000278s ]
[2022-08-02T14:24:41+08:00][sql] SHOW FULL COLUMNS FROM `gxfc_menu` [ RunTime:0.000887s ]
[2022-08-02T14:24:41+08:00][sql] SELECT `id`,`app_module`,`name`,`title`,`parent`,`level`,`url`,`is_show`,`sort`,`desc`,`picture`,`is_icon`,`picture_select`,`is_control`,`addon` FROM `gxfc_menu` WHERE  `url` = 'shop/Account/dashboard'  AND `app_module` = 'shop' ORDER BY `level` DESC LIMIT 1 [ RunTime:0.000315s ]
[2022-08-02T14:24:41+08:00][sql] SELECT `id`,`app_module`,`name`,`title`,`parent`,`level`,`url`,`is_show`,`sort`,`desc`,`picture`,`is_icon`,`picture_select`,`is_control`,`addon` FROM `gxfc_menu` WHERE  `name` = 'ACCOUNT_DASHBOARD_INDEX'  AND `app_module` = 'shop' LIMIT 1 [ RunTime:0.000256s ]
[2022-08-02T14:24:41+08:00][sql] SELECT `id`,`app_module`,`name`,`title`,`parent`,`level`,`url`,`is_show`,`sort`,`desc`,`picture`,`is_icon`,`picture_select`,`is_control`,`addon` FROM `gxfc_menu` WHERE  `name` = 'ACCOUNT_ROOT'  AND `app_module` = 'shop' LIMIT 1 [ RunTime:0.000233s ]
[2022-08-02T14:24:41+08:00][sql] SHOW FULL COLUMNS FROM `gxfc_config` [ RunTime:0.000816s ]
[2022-08-02T14:24:41+08:00][sql] SELECT `site_id`,`app_module`,`config_key`,`value`,`config_desc`,`is_use`,`create_time`,`modify_time` FROM `gxfc_config` WHERE  `site_id` = 0  AND `app_module` = 'admin'  AND `config_key` = 'SHOP_WITHDRAW' LIMIT 1 [ RunTime:0.000254s ]
[2022-08-02T14:24:41+08:00][sql] SELECT `site_name`,`logo`,`account`,`account_withdraw`,`account_withdraw_apply`,`shop_open_fee`,`shop_baozhrmb` FROM `gxfc_shop` WHERE  `site_id` = 11 LIMIT 1 [ RunTime:0.000233s ]
[2022-08-02T14:24:41+08:00][sql] SHOW FULL COLUMNS FROM `gxfc_shop_cert` [ RunTime:0.000832s ]
[2022-08-02T14:24:41+08:00][sql] SELECT `bank_type`,`settlement_bank_account_name`,`settlement_bank_account_number`,`settlement_bank_name`,`settlement_bank_address` FROM `gxfc_shop_cert` WHERE  `site_id` = 11 LIMIT 1 [ RunTime:0.000226s ]
[2022-08-02T14:24:41+08:00][sql] SHOW FULL COLUMNS FROM `gxfc_order` [ RunTime:0.001212s ]
[2022-08-02T14:24:41+08:00][sql] SELECT sum(order_money) as order_money, sum(refund_money) as refund_money, sum(shop_money) as shop_money, sum(platform_money) as platform_money, sum(refund_shop_money) as refund_shop_money, sum(refund_platform_money) as refund_platform_money, sum(commission) as commission, sum(platform_coupon_money) as platform_coupon_money,sum(refund_platform_coupon_money) as refund_platform_coupon_money FROM `gxfc_order` WHERE  `site_id` = 11  AND `order_status` = 10  AND `is_settlement` = 0 LIMIT 1 [ RunTime:0.000403s ]
[2022-08-02T14:24:41+08:00][sql] CONNECT:[ UseTime:0.000305s ] mysql:host=localhost;port=3306;dbname=ls_chnssl_com;charset=utf8
[2022-08-02T14:24:41+08:00][sql] SHOW FULL COLUMNS FROM `gxfc_shop` [ RunTime:0.001202s ]
[2022-08-02T14:24:41+08:00][sql] SELECT `website_id`,`site_name`,`logo`,`is_own`,`level_id`,`category_id`,`group_id`,`seo_keywords`,`seo_description`,`expire_time`,`shop_status` FROM `gxfc_shop` WHERE  `site_id` = 11 LIMIT 1 [ RunTime:0.000286s ]
[2022-08-02T14:24:41+08:00][sql] SELECT `site_name`,`logo`,`account`,`account_withdraw`,`account_withdraw_apply`,`shop_open_fee`,`shop_baozhrmb` FROM `gxfc_shop` WHERE  `site_id` = 11 LIMIT 1 [ RunTime:0.000231s ]
[2022-08-02T14:24:41+08:00][sql] SHOW FULL COLUMNS FROM `gxfc_shop_cert` [ RunTime:0.000817s ]
[2022-08-02T14:24:41+08:00][sql] SELECT `bank_type`,`settlement_bank_account_name`,`settlement_bank_account_number`,`settlement_bank_name`,`settlement_bank_address` FROM `gxfc_shop_cert` WHERE  `site_id` = 11 LIMIT 1 [ RunTime:0.000200s ]
[2022-08-02T14:24:41+08:00][sql] SHOW FULL COLUMNS FROM `gxfc_order` [ RunTime:0.001151s ]
[2022-08-02T14:24:41+08:00][sql] SELECT sum(order_money) as order_money, sum(refund_money) as refund_money, sum(shop_money) as shop_money, sum(platform_money) as platform_money, sum(refund_shop_money) as refund_shop_money, sum(refund_platform_money) as refund_platform_money, sum(commission) as commission, sum(platform_coupon_money) as platform_coupon_money,sum(refund_platform_coupon_money) as refund_platform_coupon_money FROM `gxfc_order` WHERE  `site_id` = 11  AND `order_status` = 10  AND `is_settlement` = 0 LIMIT 1 [ RunTime:0.000421s ]
[2022-08-02T14:24:41+08:00][sql] SHOW FULL COLUMNS FROM `gxfc_shop_account` [ RunTime:0.000700s ]
[2022-08-02T14:24:41+08:00][sql] SELECT COUNT(*) AS think_count FROM `gxfc_shop_account` `a` WHERE  `site_id` = 11  AND `site_id` = 11 ORDER BY `id` DESC [ RunTime:0.000273s ]
[2022-08-02T14:24:41+08:00][sql] SELECT `account_no`,`site_id`,`account_type`,`account_data`,`from_type`,`type_name`,`relate_tag`,`create_time`,`remark` FROM `gxfc_shop_account` `a` WHERE  `site_id` = 11  AND `site_id` = 11 ORDER BY `id` DESC LIMIT 0,10 [ RunTime:0.000240s ]
[2022-08-02T14:24:48+08:00][sql] CONNECT:[ UseTime:0.000241s ] mysql:host=localhost;port=3306;dbname=ls_chnssl_com;charset=utf8
[2022-08-02T14:24:48+08:00][sql] SHOW FULL COLUMNS FROM `gxfc_shop` [ RunTime:0.001212s ]
[2022-08-02T14:24:48+08:00][sql] SELECT `website_id`,`site_name`,`logo`,`is_own`,`level_id`,`category_id`,`group_id`,`seo_keywords`,`seo_description`,`expire_time`,`shop_status` FROM `gxfc_shop` WHERE  `site_id` = 11 LIMIT 1 [ RunTime:0.000245s ]
[2022-08-02T14:24:48+08:00][sql] SELECT `site_name`,`logo`,`account`,`account_withdraw`,`account_withdraw_apply`,`shop_open_fee`,`shop_baozhrmb` FROM `gxfc_shop` WHERE  `site_id` = 11 LIMIT 1 [ RunTime:0.000311s ]
[2022-08-02T14:24:48+08:00][sql] SHOW FULL COLUMNS FROM `gxfc_shop_cert` [ RunTime:0.000921s ]
[2022-08-02T14:24:48+08:00][sql] SELECT `bank_type`,`settlement_bank_account_name`,`settlement_bank_account_number`,`settlement_bank_name`,`settlement_bank_address` FROM `gxfc_shop_cert` WHERE  `site_id` = 11 LIMIT 1 [ RunTime:0.000188s ]
[2022-08-02T14:24:48+08:00][sql] SHOW FULL COLUMNS FROM `gxfc_order` [ RunTime:0.001218s ]
[2022-08-02T14:24:48+08:00][sql] SELECT sum(order_money) as order_money, sum(refund_money) as refund_money, sum(shop_money) as shop_money, sum(platform_money) as platform_money, sum(refund_shop_money) as refund_shop_money, sum(refund_platform_money) as refund_platform_money, sum(commission) as commission, sum(platform_coupon_money) as platform_coupon_money,sum(refund_platform_coupon_money) as refund_platform_coupon_money FROM `gxfc_order` WHERE  `site_id` = 11  AND `order_status` = 10  AND `is_settlement` = 0 LIMIT 1 [ RunTime:0.000420s ]
[2022-08-02T14:24:48+08:00][sql] CONNECT:[ UseTime:0.000231s ] mysql:host=localhost;port=3306;dbname=ls_chnssl_com;charset=utf8
[2022-08-02T14:24:48+08:00][sql] SHOW FULL COLUMNS FROM `gxfc_shop` [ RunTime:0.001154s ]
[2022-08-02T14:24:48+08:00][sql] SELECT `website_id`,`site_name`,`logo`,`is_own`,`level_id`,`category_id`,`group_id`,`seo_keywords`,`seo_description`,`expire_time`,`shop_status` FROM `gxfc_shop` WHERE  `site_id` = 11 LIMIT 1 [ RunTime:0.000241s ]
[2022-08-02T14:24:48+08:00][sql] SELECT `site_name`,`logo`,`account`,`account_withdraw`,`account_withdraw_apply`,`shop_open_fee`,`shop_baozhrmb` FROM `gxfc_shop` WHERE  `site_id` = 11 LIMIT 1 [ RunTime:0.000208s ]
[2022-08-02T14:24:48+08:00][sql] SHOW FULL COLUMNS FROM `gxfc_shop_cert` [ RunTime:0.000863s ]
[2022-08-02T14:24:48+08:00][sql] SELECT `bank_type`,`settlement_bank_account_name`,`settlement_bank_account_number`,`settlement_bank_name`,`settlement_bank_address` FROM `gxfc_shop_cert` WHERE  `site_id` = 11 LIMIT 1 [ RunTime:0.000199s ]
[2022-08-02T14:24:48+08:00][sql] SHOW FULL COLUMNS FROM `gxfc_order` [ RunTime:0.001222s ]
[2022-08-02T14:24:48+08:00][sql] SELECT sum(order_money) as order_money, sum(refund_money) as refund_money, sum(shop_money) as shop_money, sum(platform_money) as platform_money, sum(refund_shop_money) as refund_shop_money, sum(refund_platform_money) as refund_platform_money, sum(commission) as commission, sum(platform_coupon_money) as platform_coupon_money,sum(refund_platform_coupon_money) as refund_platform_coupon_money FROM `gxfc_order` WHERE  `site_id` = 11  AND `order_status` = 10  AND `is_settlement` = 0 LIMIT 1 [ RunTime:0.000391s ]
[2022-08-02T14:24:48+08:00][sql] SHOW FULL COLUMNS FROM `gxfc_shop_account` [ RunTime:0.000701s ]
[2022-08-02T14:24:48+08:00][sql] SELECT COUNT(*) AS think_count FROM `gxfc_shop_account` `a` WHERE  `site_id` = 11  AND `site_id` = 11 ORDER BY `id` DESC [ RunTime:0.000286s ]
[2022-08-02T14:24:48+08:00][sql] SELECT `account_no`,`site_id`,`account_type`,`account_data`,`from_type`,`type_name`,`relate_tag`,`create_time`,`remark` FROM `gxfc_shop_account` `a` WHERE  `site_id` = 11  AND `site_id` = 11 ORDER BY `id` DESC LIMIT 0,10 [ RunTime:0.000250s ]
