[2022-08-08T18:02:15+08:00][sql] CONNECT:[ UseTime:0.000344s ] mysql:host=127.0.0.1;port=3306;dbname=ls_ssl_com;charset=utf8
[2022-08-08T18:02:15+08:00][sql] SELECT `uid`,`app_module`,`app_group`,`is_admin`,`site_id`,`group_id`,`group_name`,`username`,`password`,`member_id`,`create_time`,`update_time`,`status`,`login_time`,`login_ip` FROM `gxfc_user` WHERE  `username` = 'admin'  AND `app_module` = 'shop' LIMIT 1 [ RunTime:0.000459s ]
[2022-08-08T18:02:15+08:00][sql] UPDATE `gxfc_user`  SET `login_time` = 1659952935 , `login_ip` = '171.113.165.245'  WHERE  `uid` = 2 [ RunTime:0.007105s ]
[2022-08-08T18:02:15+08:00][sql] INSERT INTO `gxfc_user_log` SET `uid` = 2 , `username` = 'admin' , `site_id` = 1 , `url` = 'shop/Login/login' , `ip` = '171.113.165.245' , `data` = '[]' , `action_name` = '用户登录' , `create_time` = 1659952935 [ RunTime:0.006285s ]
[2022-08-08T18:02:16+08:00][sql] CONNECT:[ UseTime:0.000389s ] mysql:host=127.0.0.1;port=3306;dbname=ls_ssl_com;charset=utf8
[2022-08-08T18:02:16+08:00][sql] SELECT * FROM `gxfc_group` WHERE  `group_id` = 2  AND `site_id` = 1  AND `app_module` = 'shop' LIMIT 1 [ RunTime:0.000381s ]
[2022-08-08T18:02:16+08:00][sql] SELECT `website_id`,`site_name`,`logo`,`is_own`,`level_id`,`category_id`,`group_id`,`seo_keywords`,`seo_description`,`expire_time`,`shop_status` FROM `gxfc_shop` WHERE  `site_id` = 1 LIMIT 1 [ RunTime:0.000331s ]
[2022-08-08T18:02:16+08:00][sql] SELECT `addon_array` FROM `gxfc_shop_group` WHERE  `group_id` = 1 LIMIT 1 [ RunTime:0.000239s ]
[2022-08-08T18:02:16+08:00][sql] SELECT * FROM `gxfc_menu` WHERE  `app_module` = 'shop'  AND `addon` NOT IN ('printer','electronicsheet','freeshipping','servicer','bargain','bundling','cards','coupon','discount','egg','fenxiao','groupbuy','live','manjian','notes','pintuan','present','seckill','topic','turntable','wholesale','crazyguess','coupon_code','community_buy','cashier','appointment','missioncenter')  AND `is_show` = 1 ORDER BY `sort` ASC [ RunTime:0.000869s ]
[2022-08-08T18:02:16+08:00][sql] SELECT * FROM `gxfc_menu` WHERE  `addon` IN ('printer','electronicsheet','freeshipping','servicer','bargain','bundling','cards','coupon','discount','egg','fenxiao','groupbuy','live','manjian','notes','pintuan','present','seckill','topic','turntable','wholesale')  AND `app_module` = 'shop'  AND `is_show` = 1 ORDER BY `sort` ASC [ RunTime:0.000747s ]
[2022-08-08T18:02:16+08:00][sql] SELECT `id`,`app_module`,`name`,`title`,`parent`,`level`,`url`,`is_show`,`sort`,`desc`,`picture`,`is_icon`,`picture_select`,`is_control`,`addon` FROM `gxfc_menu` WHERE  `url` = 'shop/Index/index'  AND `app_module` = 'shop' ORDER BY `level` DESC LIMIT 1 [ RunTime:0.000326s ]
[2022-08-08T18:02:16+08:00][sql] SELECT `id`,`app_module`,`name`,`title`,`parent`,`level`,`url`,`is_show`,`sort`,`desc`,`picture`,`is_icon`,`picture_select`,`is_control`,`addon` FROM `gxfc_menu` WHERE  `name` = 'INDEX_ROOT'  AND `app_module` = 'shop' LIMIT 1 [ RunTime:0.000313s ]
[2022-08-08T18:02:16+08:00][sql] SELECT `title`,`logo`,`desc`,`keywords`,`web_status`,`close_reason`,`web_qrcode`,`web_phone` FROM `gxfc_website` WHERE  `site_id` = 0 LIMIT 1 [ RunTime:0.000250s ]
[2022-08-08T18:02:16+08:00][sql] SELECT `site_id`,`expire_time`,`site_name`,`username`,`website_id`,`cert_id`,`is_own`,`level_id`,`level_name`,`category_id`,`category_name`,`group_id`,`group_name`,`member_id`,`member_name`,`shop_status`,`close_info`,`sort`,`start_time`,`end_time`,`logo`,`avatar`,`banner`,`seo_keywords`,`seo_description`,`qq`,`ww`,`telephone`,`is_recommend`,`shop_desccredit`,`shop_servicecredit`,`shop_deliverycredit`,`workingtime`,`shop_baozh`,`shop_baozhopen`,`shop_baozhrmb`,`shop_qtian`,`shop_zhping`,`shop_erxiaoshi`,`shop_tuihuo`,`shop_shiyong`,`shop_shiti`,`shop_xiaoxie`,`shop_free_time`,`shop_sales`,`shop_adv`,`account`,`account_withdraw`,`work_week`,`province`,`province_name`,`city`,`city_name`,`district`,`district_name`,`community`,`community_name`,`address`,`full_address`,`longitude`,`latitude`,`sub_num` FROM `gxfc_shop` WHERE  `site_id` = 1 LIMIT 1 [ RunTime:0.000357s ]
[2022-08-08T18:02:16+08:00][sql] SHOW FULL COLUMNS FROM `gxfc_shop_reopen` [ RunTime:0.001163s ]
[2022-08-08T18:02:16+08:00][sql] SELECT `sr`.*,`s`.`site_name` FROM `gxfc_shop_reopen` `sr` LEFT JOIN `gxfc_shop` `s` ON `s`.`site_id`=`sr`.`site_id` WHERE  `sr`.`site_id` = 1  AND `sr`.`apply_state` IN (1,-1) LIMIT 1 [ RunTime:0.000307s ]
[2022-08-08T18:02:16+08:00][sql] SELECT `username`,`group_name`,`login_time` FROM `gxfc_user` WHERE  `uid` = 2 LIMIT 1 [ RunTime:0.000191s ]
[2022-08-08T18:02:16+08:00][sql] SELECT `id`,`site_id`,`year`,`month`,`day`,`order_total`,`shipping_total`,`refund_total`,`order_pay_count`,`goods_pay_count`,`shop_money`,`platform_money`,`create_time`,`modify_time`,`collect_shop`,`collect_goods`,`visit_count`,`order_count`,`goods_count`,`add_goods_count`,`day_time`,`member_count` FROM `gxfc_stat_shop` WHERE  `site_id` = 1  AND `year` = 2022  AND `month` = 8  AND `day` = 8 LIMIT 1 [ RunTime:0.000311s ]
[2022-08-08T18:02:16+08:00][sql] INSERT INTO `gxfc_stat_shop` SET `site_id` = 1 , `year` = 2022 , `month` = 8 , `day` = 8 , `day_time` = 1659888000 [ RunTime:0.007345s ]
[2022-08-08T18:02:16+08:00][sql] SELECT `id`,`site_id`,`year`,`month`,`day`,`order_total`,`shipping_total`,`refund_total`,`order_pay_count`,`goods_pay_count`,`shop_money`,`platform_money`,`create_time`,`modify_time`,`collect_shop`,`collect_goods`,`visit_count`,`order_count`,`goods_count`,`add_goods_count`,`day_time`,`member_count` FROM `gxfc_stat_shop` WHERE  `site_id` = 1  AND `year` = 2022  AND `month` = 8  AND `day` = 8  AND `day_time` = 1659888000 LIMIT 1 [ RunTime:0.000337s ]
[2022-08-08T18:02:16+08:00][sql] SELECT `id`,`site_id`,`year`,`month`,`day`,`order_total`,`shipping_total`,`refund_total`,`order_pay_count`,`goods_pay_count`,`shop_money`,`platform_money`,`create_time`,`modify_time`,`collect_shop`,`collect_goods`,`visit_count`,`order_count`,`goods_count`,`add_goods_count`,`day_time`,`member_count` FROM `gxfc_stat_shop` WHERE  `site_id` = 1  AND `year` = 2022  AND `month` = 8  AND `day` = 7 LIMIT 1 [ RunTime:0.000270s ]
[2022-08-08T18:02:16+08:00][sql] INSERT INTO `gxfc_stat_shop` SET `site_id` = 1 , `year` = 2022 , `month` = 8 , `day` = 7 , `day_time` = 1659888000 [ RunTime:0.004336s ]
[2022-08-08T18:02:16+08:00][sql] SELECT `id`,`site_id`,`year`,`month`,`day`,`order_total`,`shipping_total`,`refund_total`,`order_pay_count`,`goods_pay_count`,`shop_money`,`platform_money`,`create_time`,`modify_time`,`collect_shop`,`collect_goods`,`visit_count`,`order_count`,`goods_count`,`add_goods_count`,`day_time`,`member_count` FROM `gxfc_stat_shop` WHERE  `site_id` = 1  AND `year` = 2022  AND `month` = 8  AND `day` = 7  AND `day_time` = 1659888000 LIMIT 1 [ RunTime:0.000293s ]
[2022-08-08T18:02:16+08:00][sql] SELECT `id`,`site_id`,`year`,`month`,`day`,`order_total`,`shipping_total`,`refund_total`,`order_pay_count`,`goods_pay_count`,`shop_money`,`platform_money`,`create_time`,`modify_time`,`collect_shop`,`collect_goods`,`visit_count`,`order_count`,`goods_count`,`add_goods_count`,`day_time`,`member_count` FROM `gxfc_stat_shop` WHERE  `site_id` = 1  AND `year` = 2022  AND `month` = 07  AND `day` = 30 LIMIT 1 [ RunTime:0.000278s ]
[2022-08-08T18:02:16+08:00][sql] INSERT INTO `gxfc_stat_shop` SET `site_id` = 1 , `year` = 2022 , `month` = 07 , `day` = 30 , `day_time` = 1659888000 [ RunTime:0.023382s ]
[2022-08-08T18:02:16+08:00][sql] SELECT `id`,`site_id`,`year`,`month`,`day`,`order_total`,`shipping_total`,`refund_total`,`order_pay_count`,`goods_pay_count`,`shop_money`,`platform_money`,`create_time`,`modify_time`,`collect_shop`,`collect_goods`,`visit_count`,`order_count`,`goods_count`,`add_goods_count`,`day_time`,`member_count` FROM `gxfc_stat_shop` WHERE  `site_id` = 1  AND `year` = 2022  AND `month` = 07  AND `day` = 30  AND `day_time` = 1659888000 LIMIT 1 [ RunTime:0.000375s ]
[2022-08-08T18:02:16+08:00][sql] SELECT `id`,`site_id`,`year`,`month`,`day`,`order_total`,`shipping_total`,`refund_total`,`order_pay_count`,`goods_pay_count`,`shop_money`,`platform_money`,`create_time`,`modify_time`,`collect_shop`,`collect_goods`,`visit_count`,`order_count`,`goods_count`,`add_goods_count`,`day_time`,`member_count` FROM `gxfc_stat_shop` WHERE  `site_id` = 1  AND `year` = 2022  AND `month` = 07  AND `day` = 31 LIMIT 1 [ RunTime:0.000309s ]
[2022-08-08T18:02:16+08:00][sql] INSERT INTO `gxfc_stat_shop` SET `site_id` = 1 , `year` = 2022 , `month` = 07 , `day` = 31 , `day_time` = 1659888000 [ RunTime:0.004765s ]
[2022-08-08T18:02:16+08:00][sql] SELECT `id`,`site_id`,`year`,`month`,`day`,`order_total`,`shipping_total`,`refund_total`,`order_pay_count`,`goods_pay_count`,`shop_money`,`platform_money`,`create_time`,`modify_time`,`collect_shop`,`collect_goods`,`visit_count`,`order_count`,`goods_count`,`add_goods_count`,`day_time`,`member_count` FROM `gxfc_stat_shop` WHERE  `site_id` = 1  AND `year` = 2022  AND `month` = 07  AND `day` = 31  AND `day_time` = 1659888000 LIMIT 1 [ RunTime:0.000299s ]
[2022-08-08T18:02:16+08:00][sql] SELECT `id`,`site_id`,`year`,`month`,`day`,`order_total`,`shipping_total`,`refund_total`,`order_pay_count`,`goods_pay_count`,`shop_money`,`platform_money`,`create_time`,`modify_time`,`collect_shop`,`collect_goods`,`visit_count`,`order_count`,`goods_count`,`add_goods_count`,`day_time`,`member_count` FROM `gxfc_stat_shop` WHERE  `site_id` = 1  AND `year` = 2022  AND `month` = 08  AND `day` = 01 LIMIT 1 [ RunTime:0.000250s ]
[2022-08-08T18:02:16+08:00][sql] INSERT INTO `gxfc_stat_shop` SET `site_id` = 1 , `year` = 2022 , `month` = 08 , `day` = 01 , `day_time` = 1659888000 [ RunTime:0.006785s ]
[2022-08-08T18:02:16+08:00][sql] SELECT `id`,`site_id`,`year`,`month`,`day`,`order_total`,`shipping_total`,`refund_total`,`order_pay_count`,`goods_pay_count`,`shop_money`,`platform_money`,`create_time`,`modify_time`,`collect_shop`,`collect_goods`,`visit_count`,`order_count`,`goods_count`,`add_goods_count`,`day_time`,`member_count` FROM `gxfc_stat_shop` WHERE  `site_id` = 1  AND `year` = 2022  AND `month` = 08  AND `day` = 01  AND `day_time` = 1659888000 LIMIT 1 [ RunTime:0.000287s ]
[2022-08-08T18:02:16+08:00][sql] SELECT `id`,`site_id`,`year`,`month`,`day`,`order_total`,`shipping_total`,`refund_total`,`order_pay_count`,`goods_pay_count`,`shop_money`,`platform_money`,`create_time`,`modify_time`,`collect_shop`,`collect_goods`,`visit_count`,`order_count`,`goods_count`,`add_goods_count`,`day_time`,`member_count` FROM `gxfc_stat_shop` WHERE  `site_id` = 1  AND `year` = 2022  AND `month` = 08  AND `day` = 02 LIMIT 1 [ RunTime:0.000285s ]
[2022-08-08T18:02:16+08:00][sql] INSERT INTO `gxfc_stat_shop` SET `site_id` = 1 , `year` = 2022 , `month` = 08 , `day` = 02 , `day_time` = 1659888000 [ RunTime:0.006410s ]
[2022-08-08T18:02:16+08:00][sql] SELECT `id`,`site_id`,`year`,`month`,`day`,`order_total`,`shipping_total`,`refund_total`,`order_pay_count`,`goods_pay_count`,`shop_money`,`platform_money`,`create_time`,`modify_time`,`collect_shop`,`collect_goods`,`visit_count`,`order_count`,`goods_count`,`add_goods_count`,`day_time`,`member_count` FROM `gxfc_stat_shop` WHERE  `site_id` = 1  AND `year` = 2022  AND `month` = 08  AND `day` = 02  AND `day_time` = 1659888000 LIMIT 1 [ RunTime:0.000288s ]
[2022-08-08T18:02:16+08:00][sql] SELECT `id`,`site_id`,`year`,`month`,`day`,`order_total`,`shipping_total`,`refund_total`,`order_pay_count`,`goods_pay_count`,`shop_money`,`platform_money`,`create_time`,`modify_time`,`collect_shop`,`collect_goods`,`visit_count`,`order_count`,`goods_count`,`add_goods_count`,`day_time`,`member_count` FROM `gxfc_stat_shop` WHERE  `site_id` = 1  AND `year` = 2022  AND `month` = 08  AND `day` = 03 LIMIT 1 [ RunTime:0.000265s ]
[2022-08-08T18:02:16+08:00][sql] INSERT INTO `gxfc_stat_shop` SET `site_id` = 1 , `year` = 2022 , `month` = 08 , `day` = 03 , `day_time` = 1659888000 [ RunTime:0.003518s ]
[2022-08-08T18:02:16+08:00][sql] SELECT `id`,`site_id`,`year`,`month`,`day`,`order_total`,`shipping_total`,`refund_total`,`order_pay_count`,`goods_pay_count`,`shop_money`,`platform_money`,`create_time`,`modify_time`,`collect_shop`,`collect_goods`,`visit_count`,`order_count`,`goods_count`,`add_goods_count`,`day_time`,`member_count` FROM `gxfc_stat_shop` WHERE  `site_id` = 1  AND `year` = 2022  AND `month` = 08  AND `day` = 03  AND `day_time` = 1659888000 LIMIT 1 [ RunTime:0.000285s ]
[2022-08-08T18:02:16+08:00][sql] SELECT `id`,`site_id`,`year`,`month`,`day`,`order_total`,`shipping_total`,`refund_total`,`order_pay_count`,`goods_pay_count`,`shop_money`,`platform_money`,`create_time`,`modify_time`,`collect_shop`,`collect_goods`,`visit_count`,`order_count`,`goods_count`,`add_goods_count`,`day_time`,`member_count` FROM `gxfc_stat_shop` WHERE  `site_id` = 1  AND `year` = 2022  AND `month` = 08  AND `day` = 04 LIMIT 1 [ RunTime:0.000271s ]
[2022-08-08T18:02:16+08:00][sql] INSERT INTO `gxfc_stat_shop` SET `site_id` = 1 , `year` = 2022 , `month` = 08 , `day` = 04 , `day_time` = 1659888000 [ RunTime:0.005457s ]
[2022-08-08T18:02:16+08:00][sql] SELECT `id`,`site_id`,`year`,`month`,`day`,`order_total`,`shipping_total`,`refund_total`,`order_pay_count`,`goods_pay_count`,`shop_money`,`platform_money`,`create_time`,`modify_time`,`collect_shop`,`collect_goods`,`visit_count`,`order_count`,`goods_count`,`add_goods_count`,`day_time`,`member_count` FROM `gxfc_stat_shop` WHERE  `site_id` = 1  AND `year` = 2022  AND `month` = 08  AND `day` = 04  AND `day_time` = 1659888000 LIMIT 1 [ RunTime:0.000317s ]
[2022-08-08T18:02:16+08:00][sql] SELECT `id`,`site_id`,`year`,`month`,`day`,`order_total`,`shipping_total`,`refund_total`,`order_pay_count`,`goods_pay_count`,`shop_money`,`platform_money`,`create_time`,`modify_time`,`collect_shop`,`collect_goods`,`visit_count`,`order_count`,`goods_count`,`add_goods_count`,`day_time`,`member_count` FROM `gxfc_stat_shop` WHERE  `site_id` = 1  AND `year` = 2022  AND `month` = 08  AND `day` = 05 LIMIT 1 [ RunTime:0.000307s ]
[2022-08-08T18:02:16+08:00][sql] INSERT INTO `gxfc_stat_shop` SET `site_id` = 1 , `year` = 2022 , `month` = 08 , `day` = 05 , `day_time` = 1659888000 [ RunTime:0.004174s ]
[2022-08-08T18:02:16+08:00][sql] SELECT `id`,`site_id`,`year`,`month`,`day`,`order_total`,`shipping_total`,`refund_total`,`order_pay_count`,`goods_pay_count`,`shop_money`,`platform_money`,`create_time`,`modify_time`,`collect_shop`,`collect_goods`,`visit_count`,`order_count`,`goods_count`,`add_goods_count`,`day_time`,`member_count` FROM `gxfc_stat_shop` WHERE  `site_id` = 1  AND `year` = 2022  AND `month` = 08  AND `day` = 05  AND `day_time` = 1659888000 LIMIT 1 [ RunTime:0.000298s ]
[2022-08-08T18:02:16+08:00][sql] SELECT `id`,`site_id`,`year`,`month`,`day`,`order_total`,`shipping_total`,`refund_total`,`order_pay_count`,`goods_pay_count`,`shop_money`,`platform_money`,`create_time`,`modify_time`,`collect_shop`,`collect_goods`,`visit_count`,`order_count`,`goods_count`,`add_goods_count`,`day_time`,`member_count` FROM `gxfc_stat_shop` WHERE  `site_id` = 1  AND `year` = 2022  AND `month` = 08  AND `day` = 06 LIMIT 1 [ RunTime:0.000302s ]
[2022-08-08T18:02:16+08:00][sql] INSERT INTO `gxfc_stat_shop` SET `site_id` = 1 , `year` = 2022 , `month` = 08 , `day` = 06 , `day_time` = 1659888000 [ RunTime:0.006982s ]
[2022-08-08T18:02:16+08:00][sql] SELECT `id`,`site_id`,`year`,`month`,`day`,`order_total`,`shipping_total`,`refund_total`,`order_pay_count`,`goods_pay_count`,`shop_money`,`platform_money`,`create_time`,`modify_time`,`collect_shop`,`collect_goods`,`visit_count`,`order_count`,`goods_count`,`add_goods_count`,`day_time`,`member_count` FROM `gxfc_stat_shop` WHERE  `site_id` = 1  AND `year` = 2022  AND `month` = 08  AND `day` = 06  AND `day_time` = 1659888000 LIMIT 1 [ RunTime:0.000278s ]
[2022-08-08T18:02:16+08:00][sql] SELECT `id`,`site_id`,`year`,`month`,`day`,`order_total`,`shipping_total`,`refund_total`,`order_pay_count`,`goods_pay_count`,`shop_money`,`platform_money`,`create_time`,`modify_time`,`collect_shop`,`collect_goods`,`visit_count`,`order_count`,`goods_count`,`add_goods_count`,`day_time`,`member_count` FROM `gxfc_stat_shop` WHERE  `site_id` = 1  AND `year` = 2022  AND `month` = 08  AND `day` = 07 LIMIT 1 [ RunTime:0.000293s ]
[2022-08-08T18:02:16+08:00][sql] SELECT `id`,`site_id`,`year`,`month`,`day`,`order_total`,`shipping_total`,`refund_total`,`order_pay_count`,`goods_pay_count`,`shop_money`,`platform_money`,`create_time`,`modify_time`,`collect_shop`,`collect_goods`,`visit_count`,`order_count`,`goods_count`,`add_goods_count`,`day_time`,`member_count` FROM `gxfc_stat_shop` WHERE  `site_id` = 1  AND `year` = 2022  AND `month` = 08  AND `day` = 08 LIMIT 1 [ RunTime:0.000335s ]
[2022-08-08T18:02:16+08:00][sql] SELECT SUM(order_total) as order_total,SUM(shipping_total) as shipping_total,SUM(refund_total) as refund_total,SUM(order_pay_count) as order_pay_count,SUM(goods_pay_count) as goods_pay_count,SUM(shop_money) as shop_money,SUM(platform_money) as platform_money,SUM(collect_shop) as collect_shop,SUM(collect_goods) as collect_goods,SUM(visit_count) as visit_count,SUM(order_count) as order_count,SUM(goods_count) as goods_count,SUM(add_goods_count) as add_goods_count,SUM(member_count) as member_count FROM `gxfc_stat_shop` WHERE  `site_id` = 1 LIMIT 1 [ RunTime:0.000307s ]
[2022-08-08T18:02:16+08:00][sql] SELECT COUNT(*) AS think_count FROM `gxfc_goods` WHERE  `site_id` = 1 [ RunTime:0.000234s ]
[2022-08-08T18:02:16+08:00][sql] SELECT `addon_array` FROM `gxfc_shop_group` WHERE  `group_id` = 1 LIMIT 1 [ RunTime:0.000211s ]
[2022-08-08T18:02:16+08:00][sql] SELECT COUNT(*) AS think_count FROM `gxfc_order` WHERE  `order_status` = 0  AND `site_id` = 1  AND `is_delete` = 0 [ RunTime:0.000231s ]
[2022-08-08T18:02:16+08:00][sql] SELECT COUNT(*) AS think_count FROM `gxfc_order` WHERE  `order_status` = 1  AND `site_id` = 1  AND `is_delete` = 0 [ RunTime:0.000268s ]
[2022-08-08T18:02:16+08:00][sql] SELECT COUNT(*) AS think_count FROM `gxfc_order_goods` WHERE  `site_id` = 1  AND `refund_status` NOT IN (0,3) [ RunTime:0.000226s ]
[2022-08-08T18:02:16+08:00][sql] select count(goods_id) as num from gxfc_goods where goods_stock_alarm >= goods_stock and goods_stock_alarm > 0 and is_delete = 0 and goods_state = 1 and site_id = 1 [ RunTime:0.000276s ]
[2022-08-08T18:02:16+08:00][sql] SELECT COUNT(*) AS think_count FROM `gxfc_goods` WHERE  `goods_state` = 1  AND `site_id` = 1  AND `is_delete` = 0 [ RunTime:0.000222s ]
[2022-08-08T18:02:16+08:00][sql] SELECT COUNT(*) AS think_count FROM `gxfc_goods` WHERE  `verify_state` = 0  AND `site_id` = 1  AND `is_delete` = 0 [ RunTime:0.000247s ]
[2022-08-08T18:02:16+08:00][sql] SELECT COUNT(*) AS think_count FROM `gxfc_goods` WHERE  `verify_state` = 10  AND `site_id` = 1  AND `is_delete` = 0 [ RunTime:0.000210s ]
[2022-08-08T18:02:16+08:00][sql] SHOW FULL COLUMNS FROM `gxfc_help` [ RunTime:0.000957s ]
[2022-08-08T18:02:16+08:00][sql] SELECT COUNT(*) AS think_count FROM `gxfc_help` `a` WHERE  `app_module` = 'shop' ORDER BY `create_time` DESC [ RunTime:0.000220s ]
[2022-08-08T18:02:16+08:00][sql] SELECT `id`,`title`,`content`,`class_id`,`class_name`,`sort`,`link_address`,`create_time` FROM `gxfc_help` `a` WHERE  `app_module` = 'shop' ORDER BY `create_time` DESC LIMIT 0,5 [ RunTime:0.000219s ]
[2022-08-08T18:02:16+08:00][sql] SELECT `group_id`,`is_own`,`group_name`,`fee`,`remark` FROM `gxfc_shop_group` WHERE  `is_own` = 0 ORDER BY `is_own` ASC,`fee` ASC [ RunTime:0.000229s ]
[2022-08-08T18:02:16+08:00][sql] SELECT COUNT(*) AS think_count FROM `gxfc_notice` `a` WHERE  `receiving_type` LIKE '%shop%' ORDER BY `is_top` DESC,`create_time` DESC [ RunTime:0.000234s ]
[2022-08-08T18:02:16+08:00][sql] SELECT `id`,`title` FROM `gxfc_notice` `a` WHERE  `receiving_type` LIKE '%shop%' ORDER BY `is_top` DESC,`create_time` DESC LIMIT 0,5 [ RunTime:0.000176s ]
[2022-08-08T18:02:19+08:00][sql] CONNECT:[ UseTime:0.000447s ] mysql:host=127.0.0.1;port=3306;dbname=ls_ssl_com;charset=utf8
[2022-08-08T18:02:19+08:00][sql] SELECT `website_id`,`site_name`,`logo`,`is_own`,`level_id`,`category_id`,`group_id`,`seo_keywords`,`seo_description`,`expire_time`,`shop_status` FROM `gxfc_shop` WHERE  `site_id` = 1 LIMIT 1 [ RunTime:0.000382s ]
[2022-08-08T18:02:19+08:00][sql] SELECT `id`,`app_module`,`name`,`title`,`parent`,`level`,`url`,`is_show`,`sort`,`desc`,`picture`,`is_icon`,`picture_select`,`is_control`,`addon` FROM `gxfc_menu` WHERE  `url` = 'shop/Goods/lists'  AND `app_module` = 'shop' ORDER BY `level` DESC LIMIT 1 [ RunTime:0.000488s ]
[2022-08-08T18:02:19+08:00][sql] SELECT `id`,`app_module`,`name`,`title`,`parent`,`level`,`url`,`is_show`,`sort`,`desc`,`picture`,`is_icon`,`picture_select`,`is_control`,`addon` FROM `gxfc_menu` WHERE  `name` = 'GOODS_MANAGE'  AND `app_module` = 'shop' LIMIT 1 [ RunTime:0.000344s ]
[2022-08-08T18:02:19+08:00][sql] SELECT `id`,`app_module`,`name`,`title`,`parent`,`level`,`url`,`is_show`,`sort`,`desc`,`picture`,`is_icon`,`picture_select`,`is_control`,`addon` FROM `gxfc_menu` WHERE  `name` = 'GOODS_ROOT'  AND `app_module` = 'shop' LIMIT 1 [ RunTime:0.000349s ]
[2022-08-08T18:02:19+08:00][sql] SELECT COUNT(*) AS think_count FROM `gxfc_goods` WHERE  `verify_state` = 0  AND `is_delete` = 0  AND `site_id` = 1 [ RunTime:0.000290s ]
[2022-08-08T18:02:19+08:00][sql] SELECT COUNT(*) AS think_count FROM `gxfc_goods` WHERE  `verify_state` = -2  AND `is_delete` = 0  AND `site_id` = 1 [ RunTime:0.000249s ]
[2022-08-08T18:02:19+08:00][sql] SELECT COUNT(*) AS think_count FROM `gxfc_goods` WHERE  `verify_state` = 10  AND `is_delete` = 0  AND `site_id` = 1 [ RunTime:0.000234s ]
[2022-08-08T18:02:19+08:00][sql] SHOW FULL COLUMNS FROM `gxfc_goods_shop_category` [ RunTime:0.001222s ]
[2022-08-08T18:02:19+08:00][sql] SELECT `category_id`,`category_name`,`pid`,`level` FROM `gxfc_goods_shop_category` WHERE  `site_id` = 1 ORDER BY `sort` ASC [ RunTime:0.000213s ]
[2022-08-08T18:02:19+08:00][sql] SELECT `template_id`,`template_name` FROM `gxfc_express_template` WHERE  `site_id` = 1 ORDER BY `is_default` DESC [ RunTime:0.000228s ]
[2022-08-08T18:02:19+08:00][sql] CONNECT:[ UseTime:0.000345s ] mysql:host=127.0.0.1;port=3306;dbname=ls_ssl_com;charset=utf8
[2022-08-08T18:02:19+08:00][sql] SELECT `website_id`,`site_name`,`logo`,`is_own`,`level_id`,`category_id`,`group_id`,`seo_keywords`,`seo_description`,`expire_time`,`shop_status` FROM `gxfc_shop` WHERE  `site_id` = 1 LIMIT 1 [ RunTime:0.000352s ]
[2022-08-08T18:02:19+08:00][sql] SELECT COUNT(*) AS think_count FROM `gxfc_goods` WHERE  `verify_state` = 0  AND `is_delete` = 0  AND `site_id` = 1 [ RunTime:0.000317s ]
[2022-08-08T18:02:19+08:00][sql] SELECT COUNT(*) AS think_count FROM `gxfc_goods` WHERE  `verify_state` = -2  AND `is_delete` = 0  AND `site_id` = 1 [ RunTime:0.000261s ]
[2022-08-08T18:02:19+08:00][sql] SELECT COUNT(*) AS think_count FROM `gxfc_goods` WHERE  `verify_state` = 10  AND `is_delete` = 0  AND `site_id` = 1 [ RunTime:0.000216s ]
[2022-08-08T18:02:19+08:00][sql] CONNECT:[ UseTime:0.000317s ] mysql:host=127.0.0.1;port=3306;dbname=ls_ssl_com;charset=utf8
[2022-08-08T18:02:19+08:00][sql] SELECT `website_id`,`site_name`,`logo`,`is_own`,`level_id`,`category_id`,`group_id`,`seo_keywords`,`seo_description`,`expire_time`,`shop_status` FROM `gxfc_shop` WHERE  `site_id` = 1 LIMIT 1 [ RunTime:0.000402s ]
[2022-08-08T18:02:19+08:00][sql] SELECT COUNT(*) AS think_count FROM `gxfc_goods` `` WHERE  `is_delete` = 0  AND `site_id` = 1 ORDER BY `create_time` DESC [ RunTime:0.000350s ]
[2022-08-08T18:02:19+08:00][sql] SELECT `goods_id`,`goods_name`,`site_id`,`site_name`,`goods_image`,`is_own`,`goods_state`,`verify_state`,`price`,`goods_stock`,`goods_stock_alarm`,`create_time`,`sale_num`,`is_virtual`,`goods_class`,`is_fenxiao`,`fenxiao_type`,`sku_id`,`max_buy`,`min_buy`,`promotion_addon`,`sort` FROM `gxfc_goods` `` WHERE  `is_delete` = 0  AND `site_id` = 1 ORDER BY `create_time` DESC LIMIT 0,10 [ RunTime:0.000418s ]
[2022-08-08T18:02:23+08:00][sql] CONNECT:[ UseTime:0.000367s ] mysql:host=127.0.0.1;port=3306;dbname=ls_ssl_com;charset=utf8
[2022-08-08T18:02:23+08:00][sql] SELECT `website_id`,`site_name`,`logo`,`is_own`,`level_id`,`category_id`,`group_id`,`seo_keywords`,`seo_description`,`expire_time`,`shop_status` FROM `gxfc_shop` WHERE  `site_id` = 1 LIMIT 1 [ RunTime:0.000390s ]
[2022-08-08T18:02:23+08:00][sql] SELECT `id`,`app_module`,`name`,`title`,`parent`,`level`,`url`,`is_show`,`sort`,`desc`,`picture`,`is_icon`,`picture_select`,`is_control`,`addon` FROM `gxfc_menu` WHERE  `url` = 'shop/Goods/addGoods'  AND `app_module` = 'shop' ORDER BY `level` DESC LIMIT 1 [ RunTime:0.000514s ]
[2022-08-08T18:02:23+08:00][sql] SELECT `id`,`app_module`,`name`,`title`,`parent`,`level`,`url`,`is_show`,`sort`,`desc`,`picture`,`is_icon`,`picture_select`,`is_control`,`addon` FROM `gxfc_menu` WHERE  `name` = 'PHYSICAL_GOODS_ADD'  AND `app_module` = 'shop' LIMIT 1 [ RunTime:0.000346s ]
[2022-08-08T18:02:23+08:00][sql] SELECT `brand_id`,`brand_name` FROM `gxfc_goods_brand` WHERE  `site_id` IN (0,1) [ RunTime:0.000270s ]
[2022-08-08T18:02:23+08:00][sql] SELECT `category_id`,`category_name`,`pid`,`level` FROM `gxfc_goods_shop_category` WHERE  `site_id` = 1 ORDER BY `sort` ASC [ RunTime:0.000346s ]
[2022-08-08T18:02:23+08:00][sql] SELECT `template_id`,`template_name` FROM `gxfc_express_template` WHERE  `site_id` = 1 ORDER BY `is_default` DESC [ RunTime:0.000227s ]
[2022-08-08T18:02:23+08:00][sql] SELECT `class_id`,`class_name` FROM `gxfc_goods_attr_class` WHERE  `site_id` IN (0,1) ORDER BY `class_id` DESC [ RunTime:0.000227s ]
[2022-08-08T18:02:23+08:00][sql] SELECT COUNT(*) AS think_count FROM `gxfc_supplier` `a` ORDER BY `supplier_id` DESC [ RunTime:0.000223s ]
[2022-08-08T18:02:23+08:00][sql] SELECT * FROM `gxfc_supplier` `a` ORDER BY `supplier_id` DESC LIMIT 0,10 [ RunTime:0.000341s ]
[2022-08-08T18:02:23+08:00][sql] CONNECT:[ UseTime:0.000335s ] mysql:host=127.0.0.1;port=3306;dbname=ls_ssl_com;charset=utf8
[2022-08-08T18:02:23+08:00][sql] SELECT `website_id`,`site_name`,`logo`,`is_own`,`level_id`,`category_id`,`group_id`,`seo_keywords`,`seo_description`,`expire_time`,`shop_status` FROM `gxfc_shop` WHERE  `site_id` = 1 LIMIT 1 [ RunTime:0.000387s ]
[2022-08-08T18:02:36+08:00][sql] CONNECT:[ UseTime:0.000360s ] mysql:host=127.0.0.1;port=3306;dbname=ls_ssl_com;charset=utf8
[2022-08-08T18:02:36+08:00][sql] SELECT `website_id`,`site_name`,`logo`,`is_own`,`level_id`,`category_id`,`group_id`,`seo_keywords`,`seo_description`,`expire_time`,`shop_status` FROM `gxfc_shop` WHERE  `site_id` = 1 LIMIT 1 [ RunTime:0.000473s ]
[2022-08-08T18:02:36+08:00][sql] SELECT `id`,`app_module`,`name`,`title`,`parent`,`level`,`url`,`is_show`,`sort`,`desc`,`picture`,`is_icon`,`picture_select`,`is_control`,`addon` FROM `gxfc_menu` WHERE  `url` = 'shop/Album/album'  AND `app_module` = 'shop' ORDER BY `level` DESC LIMIT 1 [ RunTime:0.000473s ]
[2022-08-08T18:02:36+08:00][sql] SELECT `id`,`app_module`,`name`,`title`,`parent`,`level`,`url`,`is_show`,`sort`,`desc`,`picture`,`is_icon`,`picture_select`,`is_control`,`addon` FROM `gxfc_menu` WHERE  `name` = 'ALBUM_BOX'  AND `app_module` = 'shop' LIMIT 1 [ RunTime:0.000364s ]
[2022-08-08T18:02:36+08:00][sql] SELECT `id`,`app_module`,`name`,`title`,`parent`,`level`,`url`,`is_show`,`sort`,`desc`,`picture`,`is_icon`,`picture_select`,`is_control`,`addon` FROM `gxfc_menu` WHERE  `name` = 'ALBUM_MANAGE'  AND `app_module` = 'shop' LIMIT 1 [ RunTime:0.000311s ]
[2022-08-08T18:02:36+08:00][sql] SELECT `album_id`,`site_id`,`album_name`,`sort`,`cover`,`desc`,`is_default`,`update_time`,`num` FROM `gxfc_album` WHERE  `site_id` = 1 [ RunTime:0.000274s ]
[2022-08-08T18:02:36+08:00][sql] CONNECT:[ UseTime:0.000328s ] mysql:host=127.0.0.1;port=3306;dbname=ls_ssl_com;charset=utf8
[2022-08-08T18:02:36+08:00][sql] SELECT `website_id`,`site_name`,`logo`,`is_own`,`level_id`,`category_id`,`group_id`,`seo_keywords`,`seo_description`,`expire_time`,`shop_status` FROM `gxfc_shop` WHERE  `site_id` = 1 LIMIT 1 [ RunTime:0.000353s ]
[2022-08-08T18:02:36+08:00][sql] SELECT COUNT(*) AS think_count FROM `gxfc_album_pic` `a` WHERE  `site_id` = 1  AND `album_id` = 2 ORDER BY `update_time` DESC [ RunTime:0.000288s ]
[2022-08-08T18:02:36+08:00][sql] SELECT `pic_id`,`pic_name`,`pic_path`,`pic_spec`,`site_id`,`update_time` FROM `gxfc_album_pic` `a` WHERE  `site_id` = 1  AND `album_id` = 2 ORDER BY `update_time` DESC LIMIT 0,12 [ RunTime:0.000256s ]
[2022-08-08T18:02:38+08:00][sql] CONNECT:[ UseTime:0.000368s ] mysql:host=127.0.0.1;port=3306;dbname=ls_ssl_com;charset=utf8
[2022-08-08T18:02:38+08:00][sql] SELECT `website_id`,`site_name`,`logo`,`is_own`,`level_id`,`category_id`,`group_id`,`seo_keywords`,`seo_description`,`expire_time`,`shop_status` FROM `gxfc_shop` WHERE  `site_id` = 1 LIMIT 1 [ RunTime:0.000375s ]
[2022-08-08T18:02:38+08:00][sql] SELECT COUNT(*) AS think_count FROM `gxfc_album_pic` `a` WHERE  `site_id` = 1  AND `album_id` = 2 ORDER BY `update_time` DESC [ RunTime:0.000287s ]
[2022-08-08T18:02:38+08:00][sql] SELECT `pic_id`,`pic_name`,`pic_path`,`pic_spec`,`site_id`,`update_time` FROM `gxfc_album_pic` `a` WHERE  `site_id` = 1  AND `album_id` = 2 ORDER BY `update_time` DESC LIMIT 0,12 [ RunTime:0.000251s ]
[2022-08-08T18:04:08+08:00][sql] CONNECT:[ UseTime:0.000359s ] mysql:host=127.0.0.1;port=3306;dbname=ls_ssl_com;charset=utf8
[2022-08-08T18:04:08+08:00][sql] INSERT INTO `gxfc_album_pic` SET `pic_path` = 'upload/1/common/images/20220808/20220808060408165995304859318.png' , `pic_name` = '圆角矩形 20' , `pic_spec` = '160*160' , `update_time` = 1659953048 , `site_id` = 1 , `album_id` = 2 [ RunTime:0.006774s ]
[2022-08-08T18:04:08+08:00][sql] SELECT COUNT(*) AS think_count FROM `gxfc_album_pic` WHERE  `album_id` = 2 [ RunTime:0.000430s ]
[2022-08-08T18:04:08+08:00][sql] UPDATE `gxfc_album`  SET `num` = 1  WHERE  `album_id` = 2 [ RunTime:0.003456s ]
[2022-08-08T18:04:09+08:00][sql] CONNECT:[ UseTime:0.000343s ] mysql:host=127.0.0.1;port=3306;dbname=ls_ssl_com;charset=utf8
[2022-08-08T18:04:09+08:00][sql] SELECT `website_id`,`site_name`,`logo`,`is_own`,`level_id`,`category_id`,`group_id`,`seo_keywords`,`seo_description`,`expire_time`,`shop_status` FROM `gxfc_shop` WHERE  `site_id` = 1 LIMIT 1 [ RunTime:0.000357s ]
[2022-08-08T18:04:09+08:00][sql] SELECT COUNT(*) AS think_count FROM `gxfc_album_pic` `a` WHERE  `site_id` = 1  AND `album_id` = 2 ORDER BY `update_time` DESC [ RunTime:0.000385s ]
[2022-08-08T18:04:09+08:00][sql] SELECT `pic_id`,`pic_name`,`pic_path`,`pic_spec`,`site_id`,`update_time` FROM `gxfc_album_pic` `a` WHERE  `site_id` = 1  AND `album_id` = 2 ORDER BY `update_time` DESC LIMIT 0,12 [ RunTime:0.000272s ]
[2022-08-08T18:04:29+08:00][sql] CONNECT:[ UseTime:0.000375s ] mysql:host=127.0.0.1;port=3306;dbname=ls_ssl_com;charset=utf8
[2022-08-08T18:04:29+08:00][sql] SELECT `website_id`,`site_name`,`logo`,`is_own`,`level_id`,`category_id`,`group_id`,`seo_keywords`,`seo_description`,`expire_time`,`shop_status` FROM `gxfc_shop` WHERE  `site_id` = 1 LIMIT 1 [ RunTime:0.000346s ]
[2022-08-08T18:04:30+08:00][sql] CONNECT:[ UseTime:0.000330s ] mysql:host=127.0.0.1;port=3306;dbname=ls_ssl_com;charset=utf8
[2022-08-08T18:04:30+08:00][sql] SELECT `website_id`,`site_name`,`logo`,`is_own`,`level_id`,`category_id`,`group_id`,`seo_keywords`,`seo_description`,`expire_time`,`shop_status` FROM `gxfc_shop` WHERE  `site_id` = 1 LIMIT 1 [ RunTime:0.000334s ]
[2022-08-08T18:04:30+08:00][sql] SELECT `category_id`,`category_name`,`pid`,`level`,`category_id_1`,`category_id_2`,`category_id_3` FROM `gxfc_goods_category` WHERE  `level` = 2  AND `pid` = 1 ORDER BY `sort` ASC [ RunTime:0.000380s ]
[2022-08-08T18:04:30+08:00][sql] SELECT COUNT(*) AS think_count FROM `gxfc_goods_category` WHERE  `pid` = 4 [ RunTime:0.000269s ]
[2022-08-08T18:04:30+08:00][sql] SELECT COUNT(*) AS think_count FROM `gxfc_goods_category` WHERE  `pid` = 5 [ RunTime:0.000186s ]
[2022-08-08T18:05:26+08:00][sql] CONNECT:[ UseTime:0.000365s ] mysql:host=127.0.0.1;port=3306;dbname=ls_ssl_com;charset=utf8
[2022-08-08T18:05:26+08:00][sql] SELECT `website_id`,`site_name`,`logo`,`is_own`,`level_id`,`category_id`,`group_id`,`seo_keywords`,`seo_description`,`expire_time`,`shop_status` FROM `gxfc_shop` WHERE  `site_id` = 1 LIMIT 1 [ RunTime:0.000410s ]
[2022-08-08T18:05:26+08:00][sql] SELECT `site_name`,`website_id`,`is_own`,`cert_id`,`shop_status` FROM `gxfc_shop` WHERE  `site_id` = 1 LIMIT 1 [ RunTime:0.000302s ]
[2022-08-08T18:05:26+08:00][sql] SELECT `site_id`,`app_module`,`config_key`,`value`,`config_desc`,`is_use`,`create_time`,`modify_time` FROM `gxfc_config` WHERE  `site_id` = 0  AND `app_module` = 'shop'  AND `config_key` = 'GOODS_VERIFY_CONFIG' LIMIT 1 [ RunTime:0.000319s ]
[2022-08-08T18:05:26+08:00][sql] SELECT `commission_rate`,`category_full_name` FROM `gxfc_goods_category` WHERE  `category_id` = 5 LIMIT 1 [ RunTime:0.000252s ]
[2022-08-08T18:05:26+08:00][sql] INSERT INTO `gxfc_goods` SET `goods_image` = 'upload/1/common/images/20220808/20220808060408165995304859318.png' , `goods_stock` = 19999 , `price` = '12' , `market_price` = '' , `cost_price` = '' , `goods_spec_format` = '' , `category_id` = ',1,5,' , `category_json` = '[\"1,5\"]' , `timer_on` =  , `timer_off` =  , `commission_rate` = '5.00' , `category_name` = '美食餐饮/汉堡薯条' , `goods_name` = '测试商品' , `goods_class` = 1 , `goods_class_name` = '实物商品' , `goods_attr_class` = 0 , `goods_attr_name` = '' , `site_id` = 1 , `goods_content` = '<p>测试商品测试商品测试商品测试商品测试商品测试商品测试商品测试商品测试商品测试商品测试商品测试商品测试商品测试商品测试商品测试商品测试商品测试商品测试商品测试商品测试商品测试商品测试商品测试商品测试商品测试商品测试商品测试商品测试商品测试商品测试商品测试商品测试商品测试商品测试商品测试商品测试商品测试商品测试商品测试商品测试商品测试商品测试商品测试商品测试商品测试商品测试商品测试商品测试商品测试商品测试商品测试商品测试商品测试商品测试商品测试商品测试商品测试商品测试商品测试商品测试商品测试商品测试商品测试商品测试商品测试商品测试商品测试商品测试商品测试商品测试商品测试商品</p>' , `goods_state` = 1 , `goods_stock_alarm` = 0 , `is_free_shipping` = 1 , `shipping_template` = 0 , `goods_attr_format` = '[]' , `introduction` = '' , `keywords` = '' , `unit` = '' , `video_url` = '' , `max_buy` = 0 , `min_buy` = 0 , `create_time` = 1659953126 , `is_own` = 1 , `brand_id` = 0 , `brand_name` = '' , `verify_state` = 1 , `goods_shop_category_ids` = '' , `supplier_id` = 0 , `site_name` = '赞友情' , `website_id` = 0 [ RunTime:0.000430s ]
[2022-08-08T18:05:26+08:00][sql] INSERT INTO `gxfc_goods_sku` (`sku_name` , `spec_name` , `sku_no` , `sku_spec_format` , `price` , `market_price` , `cost_price` , `discount_price` , `stock` , `weight` , `volume` , `sku_image` , `sku_images` , `goods_id` , `is_default` , `stock_alarm` , `goods_name` , `goods_class` , `goods_class_name` , `goods_attr_class` , `goods_attr_name` , `site_id` , `goods_content` , `goods_state` , `goods_stock_alarm` , `is_free_shipping` , `shipping_template` , `goods_attr_format` , `introduction` , `keywords` , `unit` , `video_url` , `max_buy` , `min_buy` , `create_time` , `is_own` , `brand_id` , `brand_name` , `verify_state` , `goods_shop_category_ids` , `supplier_id` , `site_name` , `website_id`) VALUES ( '测试商品 ','','','','12','','','12',19999,'','','upload/1/common/images/20220808/20220808060408165995304859318.png','upload/1/common/images/20220808/20220808060408165995304859318.png',1,0,0,'测试商品',1,'实物商品',0,'',1,'<p>测试商品测试商品测试商品测试商品测试商品测试商品测试商品测试商品测试商品测试商品测试商品测试商品测试商品测试商品测试商品测试商品测试商品测试商品测试商品测试商品测试商品测试商品测试商品测试商品测试商品测试商品测试商品测试商品测试商品测试商品测试商品测试商品测试商品测试商品测试商品测试商品测试商品测试商品测试商品测试商品测试商品测试商品测试商品测试商品测试商品测试商品测试商品测试商品测试商品测试商品测试商品测试商品测试商品测试商品测试商品测试商品测试商品测试商品测试商品测试商品测试商品测试商品测试商品测试商品测试商品测试商品测试商品测试商品测试商品测试商品测试商品测试商品</p>',1,0,1,0,'[]','','','','',0,0,1659953126,1,0,'',1,'',0,'赞友情',0 ) [ RunTime:0.000367s ]
[2022-08-08T18:05:26+08:00][sql] SELECT `sku_id` FROM `gxfc_goods_sku` WHERE  `goods_id` = 1 ORDER BY `is_default` DESC,`sku_id` ASC LIMIT 1 [ RunTime:0.000243s ]
[2022-08-08T18:05:26+08:00][sql] UPDATE `gxfc_goods`  SET `sku_id` = 1 , `goods_stock` = 19999  WHERE  `goods_id` = 1 [ RunTime:0.000277s ]
[2022-08-08T18:05:26+08:00][sql] SHOW FULL COLUMNS FROM `gxfc_goods_attr_index` [ RunTime:0.011891s ]
[2022-08-08T18:05:26+08:00][sql] DELETE FROM `gxfc_goods_attr_index` WHERE  `goods_id` = 1  AND `app_module` = 'shop' [ RunTime:0.000228s ]
[2022-08-08T18:05:26+08:00][sql] SELECT `sku_id` FROM `gxfc_goods_sku` WHERE  `goods_id` = 1 [ RunTime:0.000233s ]
[2022-08-08T18:05:26+08:00][sql] SELECT `id` FROM `gxfc_stat_shop` WHERE  `site_id` = 1  AND `year` = 2022  AND `month` = 8  AND `day` = 8 LIMIT 1 [ RunTime:0.000289s ]
[2022-08-08T18:05:26+08:00][sql] UPDATE `gxfc_stat_shop`  SET `modify_time` = 1659953126 , `add_goods_count` = add_goods_count+1  WHERE  `site_id` = 1  AND `year` = 2022  AND `month` = 8  AND `day` = 8 [ RunTime:0.000307s ]
[2022-08-08T18:05:26+08:00][sql] SELECT `id` FROM `gxfc_stat_shop` WHERE  `site_id` = 0  AND `year` = 2022  AND `month` = 8  AND `day` = 8 LIMIT 1 [ RunTime:0.000182s ]
[2022-08-08T18:05:26+08:00][sql] UPDATE `gxfc_stat_shop`  SET `modify_time` = 1659953126 , `add_goods_count` = add_goods_count+1  WHERE  `site_id` = 0  AND `year` = 2022  AND `month` = 8  AND `day` = 8 [ RunTime:0.000221s ]
[2022-08-08T18:05:26+08:00][sql] CONNECT:[ UseTime:0.000361s ] mysql:host=127.0.0.1;port=3306;dbname=ls_ssl_com;charset=utf8
[2022-08-08T18:05:26+08:00][sql] SELECT `website_id`,`site_name`,`logo`,`is_own`,`level_id`,`category_id`,`group_id`,`seo_keywords`,`seo_description`,`expire_time`,`shop_status` FROM `gxfc_shop` WHERE  `site_id` = 1 LIMIT 1 [ RunTime:0.000365s ]
[2022-08-08T18:05:26+08:00][sql] SELECT COUNT(*) AS think_count FROM `gxfc_goods` WHERE  `verify_state` = 0  AND `is_delete` = 0  AND `site_id` = 1 [ RunTime:0.001575s ]
[2022-08-08T18:05:26+08:00][sql] SELECT COUNT(*) AS think_count FROM `gxfc_goods` WHERE  `verify_state` = -2  AND `is_delete` = 0  AND `site_id` = 1 [ RunTime:0.000304s ]
[2022-08-08T18:05:26+08:00][sql] SELECT COUNT(*) AS think_count FROM `gxfc_goods` WHERE  `verify_state` = 10  AND `is_delete` = 0  AND `site_id` = 1 [ RunTime:0.000299s ]
[2022-08-08T18:05:26+08:00][sql] SELECT `category_id`,`category_name`,`pid`,`level` FROM `gxfc_goods_shop_category` WHERE  `site_id` = 1 ORDER BY `sort` ASC [ RunTime:0.000263s ]
[2022-08-08T18:05:26+08:00][sql] SELECT `template_id`,`template_name` FROM `gxfc_express_template` WHERE  `site_id` = 1 ORDER BY `is_default` DESC [ RunTime:0.000289s ]
[2022-08-08T18:05:26+08:00][sql] CONNECT:[ UseTime:0.000380s ] mysql:host=127.0.0.1;port=3306;dbname=ls_ssl_com;charset=utf8
[2022-08-08T18:05:26+08:00][sql] SELECT `website_id`,`site_name`,`logo`,`is_own`,`level_id`,`category_id`,`group_id`,`seo_keywords`,`seo_description`,`expire_time`,`shop_status` FROM `gxfc_shop` WHERE  `site_id` = 1 LIMIT 1 [ RunTime:0.000727s ]
[2022-08-08T18:05:26+08:00][sql] SELECT COUNT(*) AS think_count FROM `gxfc_goods` WHERE  `verify_state` = 0  AND `is_delete` = 0  AND `site_id` = 1 [ RunTime:0.000526s ]
[2022-08-08T18:05:26+08:00][sql] SELECT COUNT(*) AS think_count FROM `gxfc_goods` WHERE  `verify_state` = -2  AND `is_delete` = 0  AND `site_id` = 1 [ RunTime:0.000798s ]
[2022-08-08T18:05:26+08:00][sql] SELECT COUNT(*) AS think_count FROM `gxfc_goods` WHERE  `verify_state` = 10  AND `is_delete` = 0  AND `site_id` = 1 [ RunTime:0.000317s ]
[2022-08-08T18:05:26+08:00][sql] CONNECT:[ UseTime:0.000314s ] mysql:host=127.0.0.1;port=3306;dbname=ls_ssl_com;charset=utf8
[2022-08-08T18:05:26+08:00][sql] SELECT `website_id`,`site_name`,`logo`,`is_own`,`level_id`,`category_id`,`group_id`,`seo_keywords`,`seo_description`,`expire_time`,`shop_status` FROM `gxfc_shop` WHERE  `site_id` = 1 LIMIT 1 [ RunTime:0.000301s ]
[2022-08-08T18:05:26+08:00][sql] SELECT COUNT(*) AS think_count FROM `gxfc_goods` `` WHERE  `is_delete` = 0  AND `site_id` = 1 ORDER BY `create_time` DESC [ RunTime:0.000271s ]
[2022-08-08T18:05:26+08:00][sql] SELECT `goods_id`,`goods_name`,`site_id`,`site_name`,`goods_image`,`is_own`,`goods_state`,`verify_state`,`price`,`goods_stock`,`goods_stock_alarm`,`create_time`,`sale_num`,`is_virtual`,`goods_class`,`is_fenxiao`,`fenxiao_type`,`sku_id`,`max_buy`,`min_buy`,`promotion_addon`,`sort` FROM `gxfc_goods` `` WHERE  `is_delete` = 0  AND `site_id` = 1 ORDER BY `create_time` DESC LIMIT 0,10 [ RunTime:0.000358s ]
