[2022-08-26T06:33:52+08:00][sql] CONNECT:[ UseTime:0.000379s ] mysql:host=127.0.0.1;port=3306;dbname=ls_ssl_com;charset=utf8
[2022-08-26T06:33:52+08:00][sql] SELECT `web_phone`,`web_email`,`web_qrcode`,`web_qq`,`web_weixin`,`logo` FROM `gxfc_website` WHERE  `site_id` = 0 LIMIT 1 [ RunTime:0.000356s ]
[2022-08-26T09:20:17+08:00][sql] CONNECT:[ UseTime:0.000376s ] mysql:host=127.0.0.1;port=3306;dbname=ls_ssl_com;charset=utf8
[2022-08-26T09:20:17+08:00][sql] SELECT `uid`,`app_module`,`app_group`,`is_admin`,`site_id`,`group_id`,`group_name`,`username`,`password`,`member_id`,`create_time`,`update_time`,`status`,`login_time`,`login_ip` FROM `gxfc_user` WHERE  `username` = 'admin'  AND `app_module` = 'shop' LIMIT 1 [ RunTime:0.000466s ]
[2022-08-26T09:20:17+08:00][sql] UPDATE `gxfc_user`  SET `login_time` = 1661476817 , `login_ip` = '171.113.166.79'  WHERE  `uid` = 2 [ RunTime:0.005118s ]
[2022-08-26T09:20:17+08:00][sql] INSERT INTO `gxfc_user_log` SET `uid` = 2 , `username` = 'admin' , `site_id` = 1 , `url` = 'shop/Login/login' , `ip` = '171.113.166.79' , `data` = '[]' , `action_name` = '用户登录' , `create_time` = 1661476817 [ RunTime:0.003208s ]
[2022-08-26T09:20:18+08:00][sql] CONNECT:[ UseTime:0.000357s ] mysql:host=127.0.0.1;port=3306;dbname=ls_ssl_com;charset=utf8
[2022-08-26T09:20:18+08:00][sql] SELECT * FROM `gxfc_group` WHERE  `group_id` = 2  AND `site_id` = 1  AND `app_module` = 'shop' LIMIT 1 [ RunTime:0.000402s ]
[2022-08-26T09:20:18+08:00][sql] SELECT `website_id`,`site_name`,`logo`,`is_own`,`level_id`,`category_id`,`group_id`,`seo_keywords`,`seo_description`,`expire_time`,`shop_status` FROM `gxfc_shop` WHERE  `site_id` = 1 LIMIT 1 [ RunTime:0.000375s ]
[2022-08-26T09:20:18+08:00][sql] SELECT `addon_array` FROM `gxfc_shop_group` WHERE  `group_id` = 1 LIMIT 1 [ RunTime:0.000254s ]
[2022-08-26T09:20:18+08:00][sql] SELECT * FROM `gxfc_menu` WHERE  `app_module` = 'shop'  AND `addon` NOT IN ('electronicsheet','freeshipping','printer','servicer','bargain','bundling','cards','coupon','discount','egg','groupbuy','live','manjian','notes','pintuan','present','seckill','topic','turntable','wholesale','crazyguess','coupon_code','community_buy','cashier','appointment','missioncenter')  AND `is_show` = 1 ORDER BY `sort` ASC [ RunTime:0.000954s ]
[2022-08-26T09:20:18+08:00][sql] SELECT * FROM `gxfc_menu` WHERE  `addon` IN ('printer','electronicsheet','freeshipping','servicer','bargain','bundling','cards','coupon','discount','egg','fenxiao','groupbuy','live','manjian','notes','pintuan','present','seckill','topic','turntable','wholesale')  AND `app_module` = 'shop'  AND `is_show` = 1 ORDER BY `sort` ASC [ RunTime:0.000735s ]
[2022-08-26T09:20:18+08:00][sql] SELECT `id`,`app_module`,`name`,`title`,`parent`,`level`,`url`,`is_show`,`sort`,`desc`,`picture`,`is_icon`,`picture_select`,`is_control`,`addon` FROM `gxfc_menu` WHERE  `url` = 'shop/Index/index'  AND `app_module` = 'shop' ORDER BY `level` DESC LIMIT 1 [ RunTime:0.000412s ]
[2022-08-26T09:20:18+08:00][sql] SELECT `id`,`app_module`,`name`,`title`,`parent`,`level`,`url`,`is_show`,`sort`,`desc`,`picture`,`is_icon`,`picture_select`,`is_control`,`addon` FROM `gxfc_menu` WHERE  `name` = 'INDEX_ROOT'  AND `app_module` = 'shop' LIMIT 1 [ RunTime:0.000344s ]
[2022-08-26T09:20:18+08:00][sql] SELECT `title`,`logo`,`desc`,`keywords`,`web_status`,`close_reason`,`web_qrcode`,`web_phone` FROM `gxfc_website` WHERE  `site_id` = 0 LIMIT 1 [ RunTime:0.000258s ]
[2022-08-26T09:20:18+08:00][sql] SELECT `site_id`,`expire_time`,`site_name`,`username`,`website_id`,`cert_id`,`is_own`,`level_id`,`level_name`,`category_id`,`category_name`,`group_id`,`group_name`,`member_id`,`member_name`,`shop_status`,`close_info`,`sort`,`start_time`,`end_time`,`logo`,`avatar`,`banner`,`seo_keywords`,`seo_description`,`qq`,`ww`,`telephone`,`is_recommend`,`shop_desccredit`,`shop_servicecredit`,`shop_deliverycredit`,`workingtime`,`shop_baozh`,`shop_baozhopen`,`shop_baozhrmb`,`shop_qtian`,`shop_zhping`,`shop_erxiaoshi`,`shop_tuihuo`,`shop_shiyong`,`shop_shiti`,`shop_xiaoxie`,`shop_free_time`,`shop_sales`,`shop_adv`,`account`,`account_withdraw`,`work_week`,`province`,`province_name`,`city`,`city_name`,`district`,`district_name`,`community`,`community_name`,`address`,`full_address`,`longitude`,`latitude`,`sub_num` FROM `gxfc_shop` WHERE  `site_id` = 1 LIMIT 1 [ RunTime:0.000425s ]
[2022-08-26T09:20:18+08:00][sql] SELECT `sr`.*,`s`.`site_name` FROM `gxfc_shop_reopen` `sr` LEFT JOIN `gxfc_shop` `s` ON `s`.`site_id`=`sr`.`site_id` WHERE  `sr`.`site_id` = 1  AND `sr`.`apply_state` IN (1,-1) LIMIT 1 [ RunTime:0.000365s ]
[2022-08-26T09:20:18+08:00][sql] SELECT `username`,`group_name`,`login_time` FROM `gxfc_user` WHERE  `uid` = 2 LIMIT 1 [ RunTime:0.000224s ]
[2022-08-26T09:20:18+08:00][sql] SELECT `id`,`site_id`,`year`,`month`,`day`,`order_total`,`shipping_total`,`refund_total`,`order_pay_count`,`goods_pay_count`,`shop_money`,`platform_money`,`create_time`,`modify_time`,`collect_shop`,`collect_goods`,`visit_count`,`order_count`,`goods_count`,`add_goods_count`,`day_time`,`member_count` FROM `gxfc_stat_shop` WHERE  `site_id` = 1  AND `year` = 2022  AND `month` = 8  AND `day` = 26 LIMIT 1 [ RunTime:0.000333s ]
[2022-08-26T09:20:18+08:00][sql] INSERT INTO `gxfc_stat_shop` SET `site_id` = 1 , `year` = 2022 , `month` = 8 , `day` = 26 , `day_time` = 1661443200 [ RunTime:0.009512s ]
[2022-08-26T09:20:18+08:00][sql] SELECT `id`,`site_id`,`year`,`month`,`day`,`order_total`,`shipping_total`,`refund_total`,`order_pay_count`,`goods_pay_count`,`shop_money`,`platform_money`,`create_time`,`modify_time`,`collect_shop`,`collect_goods`,`visit_count`,`order_count`,`goods_count`,`add_goods_count`,`day_time`,`member_count` FROM `gxfc_stat_shop` WHERE  `site_id` = 1  AND `year` = 2022  AND `month` = 8  AND `day` = 26  AND `day_time` = 1661443200 LIMIT 1 [ RunTime:0.000366s ]
[2022-08-26T09:20:18+08:00][sql] SELECT `id`,`site_id`,`year`,`month`,`day`,`order_total`,`shipping_total`,`refund_total`,`order_pay_count`,`goods_pay_count`,`shop_money`,`platform_money`,`create_time`,`modify_time`,`collect_shop`,`collect_goods`,`visit_count`,`order_count`,`goods_count`,`add_goods_count`,`day_time`,`member_count` FROM `gxfc_stat_shop` WHERE  `site_id` = 1  AND `year` = 2022  AND `month` = 8  AND `day` = 25 LIMIT 1 [ RunTime:0.000319s ]
[2022-08-26T09:20:18+08:00][sql] SELECT `id`,`site_id`,`year`,`month`,`day`,`order_total`,`shipping_total`,`refund_total`,`order_pay_count`,`goods_pay_count`,`shop_money`,`platform_money`,`create_time`,`modify_time`,`collect_shop`,`collect_goods`,`visit_count`,`order_count`,`goods_count`,`add_goods_count`,`day_time`,`member_count` FROM `gxfc_stat_shop` WHERE  `site_id` = 1  AND `year` = 2022  AND `month` = 08  AND `day` = 17 LIMIT 1 [ RunTime:0.000336s ]
[2022-08-26T09:20:18+08:00][sql] SELECT `id`,`site_id`,`year`,`month`,`day`,`order_total`,`shipping_total`,`refund_total`,`order_pay_count`,`goods_pay_count`,`shop_money`,`platform_money`,`create_time`,`modify_time`,`collect_shop`,`collect_goods`,`visit_count`,`order_count`,`goods_count`,`add_goods_count`,`day_time`,`member_count` FROM `gxfc_stat_shop` WHERE  `site_id` = 1  AND `year` = 2022  AND `month` = 08  AND `day` = 18 LIMIT 1 [ RunTime:0.000409s ]
[2022-08-26T09:20:18+08:00][sql] SELECT `id`,`site_id`,`year`,`month`,`day`,`order_total`,`shipping_total`,`refund_total`,`order_pay_count`,`goods_pay_count`,`shop_money`,`platform_money`,`create_time`,`modify_time`,`collect_shop`,`collect_goods`,`visit_count`,`order_count`,`goods_count`,`add_goods_count`,`day_time`,`member_count` FROM `gxfc_stat_shop` WHERE  `site_id` = 1  AND `year` = 2022  AND `month` = 08  AND `day` = 19 LIMIT 1 [ RunTime:0.000376s ]
[2022-08-26T09:20:18+08:00][sql] SELECT `id`,`site_id`,`year`,`month`,`day`,`order_total`,`shipping_total`,`refund_total`,`order_pay_count`,`goods_pay_count`,`shop_money`,`platform_money`,`create_time`,`modify_time`,`collect_shop`,`collect_goods`,`visit_count`,`order_count`,`goods_count`,`add_goods_count`,`day_time`,`member_count` FROM `gxfc_stat_shop` WHERE  `site_id` = 1  AND `year` = 2022  AND `month` = 08  AND `day` = 20 LIMIT 1 [ RunTime:0.000342s ]
[2022-08-26T09:20:18+08:00][sql] SELECT `id`,`site_id`,`year`,`month`,`day`,`order_total`,`shipping_total`,`refund_total`,`order_pay_count`,`goods_pay_count`,`shop_money`,`platform_money`,`create_time`,`modify_time`,`collect_shop`,`collect_goods`,`visit_count`,`order_count`,`goods_count`,`add_goods_count`,`day_time`,`member_count` FROM `gxfc_stat_shop` WHERE  `site_id` = 1  AND `year` = 2022  AND `month` = 08  AND `day` = 21 LIMIT 1 [ RunTime:0.000313s ]
[2022-08-26T09:20:18+08:00][sql] SELECT `id`,`site_id`,`year`,`month`,`day`,`order_total`,`shipping_total`,`refund_total`,`order_pay_count`,`goods_pay_count`,`shop_money`,`platform_money`,`create_time`,`modify_time`,`collect_shop`,`collect_goods`,`visit_count`,`order_count`,`goods_count`,`add_goods_count`,`day_time`,`member_count` FROM `gxfc_stat_shop` WHERE  `site_id` = 1  AND `year` = 2022  AND `month` = 08  AND `day` = 22 LIMIT 1 [ RunTime:0.000335s ]
[2022-08-26T09:20:18+08:00][sql] SELECT `id`,`site_id`,`year`,`month`,`day`,`order_total`,`shipping_total`,`refund_total`,`order_pay_count`,`goods_pay_count`,`shop_money`,`platform_money`,`create_time`,`modify_time`,`collect_shop`,`collect_goods`,`visit_count`,`order_count`,`goods_count`,`add_goods_count`,`day_time`,`member_count` FROM `gxfc_stat_shop` WHERE  `site_id` = 1  AND `year` = 2022  AND `month` = 08  AND `day` = 23 LIMIT 1 [ RunTime:0.000277s ]
[2022-08-26T09:20:18+08:00][sql] SELECT `id`,`site_id`,`year`,`month`,`day`,`order_total`,`shipping_total`,`refund_total`,`order_pay_count`,`goods_pay_count`,`shop_money`,`platform_money`,`create_time`,`modify_time`,`collect_shop`,`collect_goods`,`visit_count`,`order_count`,`goods_count`,`add_goods_count`,`day_time`,`member_count` FROM `gxfc_stat_shop` WHERE  `site_id` = 1  AND `year` = 2022  AND `month` = 08  AND `day` = 24 LIMIT 1 [ RunTime:0.000359s ]
[2022-08-26T09:20:18+08:00][sql] SELECT `id`,`site_id`,`year`,`month`,`day`,`order_total`,`shipping_total`,`refund_total`,`order_pay_count`,`goods_pay_count`,`shop_money`,`platform_money`,`create_time`,`modify_time`,`collect_shop`,`collect_goods`,`visit_count`,`order_count`,`goods_count`,`add_goods_count`,`day_time`,`member_count` FROM `gxfc_stat_shop` WHERE  `site_id` = 1  AND `year` = 2022  AND `month` = 08  AND `day` = 25 LIMIT 1 [ RunTime:0.000306s ]
[2022-08-26T09:20:18+08:00][sql] SELECT `id`,`site_id`,`year`,`month`,`day`,`order_total`,`shipping_total`,`refund_total`,`order_pay_count`,`goods_pay_count`,`shop_money`,`platform_money`,`create_time`,`modify_time`,`collect_shop`,`collect_goods`,`visit_count`,`order_count`,`goods_count`,`add_goods_count`,`day_time`,`member_count` FROM `gxfc_stat_shop` WHERE  `site_id` = 1  AND `year` = 2022  AND `month` = 08  AND `day` = 26 LIMIT 1 [ RunTime:0.000292s ]
[2022-08-26T09:20:18+08:00][sql] SELECT SUM(order_total) as order_total,SUM(shipping_total) as shipping_total,SUM(refund_total) as refund_total,SUM(order_pay_count) as order_pay_count,SUM(goods_pay_count) as goods_pay_count,SUM(shop_money) as shop_money,SUM(platform_money) as platform_money,SUM(collect_shop) as collect_shop,SUM(collect_goods) as collect_goods,SUM(visit_count) as visit_count,SUM(order_count) as order_count,SUM(goods_count) as goods_count,SUM(add_goods_count) as add_goods_count,SUM(member_count) as member_count FROM `gxfc_stat_shop` WHERE  `site_id` = 1 LIMIT 1 [ RunTime:0.000350s ]
[2022-08-26T09:20:18+08:00][sql] SELECT COUNT(*) AS think_count FROM `gxfc_goods` WHERE  `site_id` = 1 [ RunTime:0.000250s ]
[2022-08-26T09:20:18+08:00][sql] SELECT `addon_array` FROM `gxfc_shop_group` WHERE  `group_id` = 1 LIMIT 1 [ RunTime:0.000212s ]
[2022-08-26T09:20:18+08:00][sql] SELECT COUNT(*) AS think_count FROM `gxfc_order` WHERE  `order_status` = 0  AND `site_id` = 1  AND `is_delete` = 0 [ RunTime:0.000262s ]
[2022-08-26T09:20:18+08:00][sql] SELECT COUNT(*) AS think_count FROM `gxfc_order` WHERE  `order_status` = 1  AND `site_id` = 1  AND `is_delete` = 0 [ RunTime:0.000247s ]
[2022-08-26T09:20:18+08:00][sql] SELECT COUNT(*) AS think_count FROM `gxfc_order_goods` WHERE  `site_id` = 1  AND `refund_status` NOT IN (0,3) [ RunTime:0.000239s ]
[2022-08-26T09:20:18+08:00][sql] select count(goods_id) as num from gxfc_goods where goods_stock_alarm >= goods_stock and goods_stock_alarm > 0 and is_delete = 0 and goods_state = 1 and site_id = 1 [ RunTime:0.000275s ]
[2022-08-26T09:20:18+08:00][sql] SELECT COUNT(*) AS think_count FROM `gxfc_goods` WHERE  `goods_state` = 1  AND `site_id` = 1  AND `is_delete` = 0 [ RunTime:0.000238s ]
[2022-08-26T09:20:18+08:00][sql] SELECT COUNT(*) AS think_count FROM `gxfc_goods` WHERE  `verify_state` = 0  AND `site_id` = 1  AND `is_delete` = 0 [ RunTime:0.000235s ]
[2022-08-26T09:20:18+08:00][sql] SELECT COUNT(*) AS think_count FROM `gxfc_goods` WHERE  `verify_state` = 10  AND `site_id` = 1  AND `is_delete` = 0 [ RunTime:0.000226s ]
[2022-08-26T09:20:18+08:00][sql] SELECT COUNT(*) AS think_count FROM `gxfc_help` `a` WHERE  `app_module` = 'shop' ORDER BY `create_time` DESC [ RunTime:0.000262s ]
[2022-08-26T09:20:18+08:00][sql] SELECT `id`,`title`,`content`,`class_id`,`class_name`,`sort`,`link_address`,`create_time` FROM `gxfc_help` `a` WHERE  `app_module` = 'shop' ORDER BY `create_time` DESC LIMIT 0,5 [ RunTime:0.000204s ]
[2022-08-26T09:20:18+08:00][sql] SELECT `group_id`,`is_own`,`group_name`,`fee`,`remark` FROM `gxfc_shop_group` WHERE  `is_own` = 0 ORDER BY `is_own` ASC,`fee` ASC [ RunTime:0.000240s ]
[2022-08-26T09:20:18+08:00][sql] SELECT COUNT(*) AS think_count FROM `gxfc_notice` `a` WHERE  `receiving_type` LIKE '%shop%' ORDER BY `is_top` DESC,`create_time` DESC [ RunTime:0.000239s ]
[2022-08-26T09:20:18+08:00][sql] SELECT `id`,`title` FROM `gxfc_notice` `a` WHERE  `receiving_type` LIKE '%shop%' ORDER BY `is_top` DESC,`create_time` DESC LIMIT 0,5 [ RunTime:0.000185s ]
[2022-08-26T09:20:20+08:00][sql] CONNECT:[ UseTime:0.000340s ] mysql:host=127.0.0.1;port=3306;dbname=ls_ssl_com;charset=utf8
[2022-08-26T09:20:20+08:00][sql] SELECT `website_id`,`site_name`,`logo`,`is_own`,`level_id`,`category_id`,`group_id`,`seo_keywords`,`seo_description`,`expire_time`,`shop_status` FROM `gxfc_shop` WHERE  `site_id` = 1 LIMIT 1 [ RunTime:0.000390s ]
[2022-08-26T09:20:20+08:00][sql] SELECT `id`,`app_module`,`name`,`title`,`parent`,`level`,`url`,`is_show`,`sort`,`desc`,`picture`,`is_icon`,`picture_select`,`is_control`,`addon` FROM `gxfc_menu` WHERE  `url` = 'shop/Shop/config'  AND `app_module` = 'shop' ORDER BY `level` DESC LIMIT 1 [ RunTime:0.000506s ]
[2022-08-26T09:20:20+08:00][sql] SELECT `id`,`app_module`,`name`,`title`,`parent`,`level`,`url`,`is_show`,`sort`,`desc`,`picture`,`is_icon`,`picture_select`,`is_control`,`addon` FROM `gxfc_menu` WHERE  `name` = 'SHOP_CONFIG'  AND `app_module` = 'shop' LIMIT 1 [ RunTime:0.000379s ]
[2022-08-26T09:20:20+08:00][sql] SELECT `id`,`app_module`,`name`,`title`,`parent`,`level`,`url`,`is_show`,`sort`,`desc`,`picture`,`is_icon`,`picture_select`,`is_control`,`addon` FROM `gxfc_menu` WHERE  `name` = 'SHOP_MANAGE'  AND `app_module` = 'shop' LIMIT 1 [ RunTime:0.000365s ]
[2022-08-26T09:20:20+08:00][sql] SELECT `id`,`app_module`,`name`,`title`,`parent`,`level`,`url`,`is_show`,`sort`,`desc`,`picture`,`is_icon`,`picture_select`,`is_control`,`addon` FROM `gxfc_menu` WHERE  `name` = 'SHOP_ROOT'  AND `app_module` = 'shop' LIMIT 1 [ RunTime:0.000389s ]
[2022-08-26T09:20:20+08:00][sql] SELECT * FROM `gxfc_shop` WHERE  `site_id` = 1 LIMIT 1 [ RunTime:0.000505s ]
[2022-08-26T09:20:23+08:00][sql] CONNECT:[ UseTime:0.000359s ] mysql:host=127.0.0.1;port=3306;dbname=ls_ssl_com;charset=utf8
[2022-08-26T09:20:23+08:00][sql] SELECT `website_id`,`site_name`,`logo`,`is_own`,`level_id`,`category_id`,`group_id`,`seo_keywords`,`seo_description`,`expire_time`,`shop_status` FROM `gxfc_shop` WHERE  `site_id` = 1 LIMIT 1 [ RunTime:0.000367s ]
[2022-08-26T09:20:23+08:00][sql] SELECT `id`,`app_module`,`name`,`title`,`parent`,`level`,`url`,`is_show`,`sort`,`desc`,`picture`,`is_icon`,`picture_select`,`is_control`,`addon` FROM `gxfc_menu` WHERE  `url` = 'shop/Diy/index'  AND `app_module` = 'shop' ORDER BY `level` DESC LIMIT 1 [ RunTime:0.000455s ]
[2022-08-26T09:20:23+08:00][sql] SELECT `id`,`app_module`,`name`,`title`,`parent`,`level`,`url`,`is_show`,`sort`,`desc`,`picture`,`is_icon`,`picture_select`,`is_control`,`addon` FROM `gxfc_menu` WHERE  `name` = 'SHOP_DIY_INDEX'  AND `app_module` = 'shop' LIMIT 1 [ RunTime:0.000349s ]
[2022-08-26T09:20:23+08:00][sql] SELECT `id`,`app_module`,`name`,`title`,`parent`,`level`,`url`,`is_show`,`sort`,`desc`,`picture`,`is_icon`,`picture_select`,`is_control`,`addon` FROM `gxfc_menu` WHERE  `name` = 'SHOP_DIY'  AND `app_module` = 'shop' LIMIT 1 [ RunTime:0.000344s ]
[2022-08-26T09:20:23+08:00][sql] SELECT `group_id` FROM `gxfc_shop` WHERE  `site_id` = 1 LIMIT 1 [ RunTime:0.000269s ]
[2022-08-26T09:20:23+08:00][sql] SELECT `id`,`name`,`title`,`type`,`controller`,`value`,`addon_name`,`support_diy_view`,`max_count`,`is_delete`,`icon`,`icon_selected` FROM `gxfc_diy_view_util` WHERE  (`support_diy_view` LIKE 'DIY_VIEW_SHOP_INDEX' OR `support_diy_view` LIKE '%DIY_VIEW_SHOP_INDEX,%' OR `support_diy_view` LIKE '%DIY_VIEW_SHOP_INDEX' OR `support_diy_view` LIKE '%,DIY_VIEW_SHOP_INDEX,%' OR `support_diy_view` LIKE '')  AND ( `addon_name` IN ('printer','electronicsheet','freeshipping','servicer','bargain','bundling','cards','coupon','discount','egg','fenxiao','groupbuy','live','manjian','notes','pintuan','present','seckill','topic','turntable','wholesale','') ) ORDER BY `sort` ASC [ RunTime:0.000477s ]
[2022-08-26T09:20:23+08:00][sql] SELECT `site_id`,`name` FROM `gxfc_site_diy_view` WHERE  `site_id` = 1  AND `name` = 'DIY_VIEW_SHOP_INDEX' LIMIT 1 [ RunTime:0.000259s ]
[2022-08-26T09:20:23+08:00][sql] SELECT `site_id`,`app_module`,`config_key`,`value`,`config_desc`,`is_use`,`create_time`,`modify_time` FROM `gxfc_config` WHERE  `site_id` = 0  AND `app_module` = 'admin'  AND `config_key` = 'H5_DOMAIN_NAME' LIMIT 1 [ RunTime:0.000263s ]
[2022-08-26T09:20:23+08:00][sql] SELECT `site_id`,`app_module`,`config_key`,`value`,`config_desc`,`is_use`,`create_time`,`modify_time` FROM `gxfc_config` WHERE  `site_id` = 0  AND `app_module` = 'admin'  AND `config_key` = 'WEAPP_CONFIG' LIMIT 1 [ RunTime:0.000291s ]
[2022-08-26T09:20:23+08:00][sql] SELECT `site_id`,`app_module`,`config_key`,`value`,`config_desc`,`is_use`,`create_time`,`modify_time` FROM `gxfc_config` WHERE  `site_id` = 0  AND `app_module` = 'admin'  AND `config_key` = 'WECHAT_CONFIG' LIMIT 1 [ RunTime:0.000452s ]
[2022-08-26T09:20:23+08:00][sql] SELECT `sdv`.`id`,`sdv`.`site_id`,`sdv`.`name`,`sdv`.`title`,`sdv`.`value`,`sdv`.`type`,`dvt`.`addon_name` FROM `gxfc_site_diy_view` `sdv` LEFT JOIN `gxfc_diy_view_temp` `dvt` ON `sdv`.`name`=`dvt`.`name` WHERE  `sdv`.`site_id` = 1  AND `sdv`.`name` = 'DIY_VIEW_SHOP_INDEX' LIMIT 1 [ RunTime:0.000402s ]
[2022-08-26T09:23:04+08:00][sql] CONNECT:[ UseTime:0.000892s ] mysql:host=127.0.0.1;port=3306;dbname=ls_ssl_com;charset=utf8
[2022-08-26T09:23:04+08:00][sql] SELECT `website_id`,`site_name`,`logo`,`is_own`,`level_id`,`category_id`,`group_id`,`seo_keywords`,`seo_description`,`expire_time`,`shop_status` FROM `gxfc_shop` WHERE  `site_id` = 1 LIMIT 1 [ RunTime:0.000427s ]
[2022-08-26T09:23:04+08:00][sql] UPDATE `gxfc_site_diy_view`  SET `site_id` = 1 , `name` = 'DIY_VIEW_SHOP_INDEX' , `title` = '店铺主页' , `type` = 'shop' , `value` = '{\"global\":{\"title\":\"店铺主页\",\"bgColor\":\"#f8f8f8\",\"topNavColor\":\"#ffffff\",\"topNavbg\":false,\"textNavColor\":\"#303133\",\"topNavImg\":\"https://ls.chnssl.com/app/admin/view/public/img/logo.png\",\"moreLink\":{\"name\":\"INDEX\",\"menuOne\":\"MALL_PAGE\",\"menuTwo\":\"MALL_LINK\",\"type\":1,\"wap_url\":\"/pages/index/index/index\",\"title\":\"主页\"},\"openBottomNav\":true,\"navStyle\":1,\"textImgStyleLink\":\"1\",\"textImgPosLink\":\"left\",\"mpCollect\":false,\"popWindow\":{\"imageUrl\":\"\",\"count\":-1,\"link\":{\"name\":\"\"},\"imgWidth\":\"\",\"imgHeight\":\"\"},\"bgUrl\":\"\"},\"value\":[{\"addon_name\":\"\",\"type\":\"SHOP_INFO\",\"name\":\"店铺信息\",\"controller\":\"ShopInfo\",\"color\":\"#333333\",\"is_delete\":\"0\"},{\"title\":\"搜索\",\"textColor\":\"#999999\",\"textAlign\":\"left\",\"backgroundColor\":\"#ffffff\",\"bgColor\":\"#e8e8e8\",\"defaultTextColor\":\"#999999\",\"borderType\":2,\"searchType\":1,\"searchImg\":\"\",\"searchStyle\":1,\"addon_name\":\"\",\"type\":\"SHOP_SEARCH\",\"name\":\"店内搜索\",\"controller\":\"ShopSearch\",\"is_delete\":\"0\"},{\"height\":10,\"backgroundColor\":\"#f4f4f4\",\"addon_name\":\"\",\"type\":\"HORZ_BLANK\",\"name\":\"辅助空白\",\"controller\":\"HorzBlank\"},{\"addon_name\":\"\",\"type\":\"SHOP_STORE\",\"name\":\"门店\",\"controller\":\"ShopStore\"},{\"sources\":\"default\",\"categoryId\":0,\"categoryName\":\"请选择\",\"goodsCount\":\"6\",\"goodsId\":[],\"style\":1,\"backgroundColor\":\"\",\"marginTop\":0,\"paddingLeftRight\":0,\"isShowCart\":0,\"cartStyle\":1,\"isShowGoodName\":1,\"isShowMarketPrice\":1,\"isShowGoodSaleNum\":1,\"isShowGoodSubTitle\":0,\"goodsTag\":\"default\",\"tagImg\":{\"imageUrl\":\"\"},\"addon_name\":\"\",\"type\":\"GOODS_LIST\",\"name\":\"商品列表\",\"controller\":\"GoodsList\",\"is_delete\":\"0\"},{\"height\":10,\"backgroundColor\":\"#f4f4f4\",\"addon_name\":\"\",\"type\":\"HORZ_BLANK\",\"name\":\"辅助空白\",\"controller\":\"HorzBlank\"}]}' , `update_time` = 1661476984  WHERE  `id` = 4 [ RunTime:0.005425s ]
[2022-08-26T09:23:04+08:00][sql] CONNECT:[ UseTime:0.000341s ] mysql:host=127.0.0.1;port=3306;dbname=ls_ssl_com;charset=utf8
[2022-08-26T09:23:04+08:00][sql] SELECT `website_id`,`site_name`,`logo`,`is_own`,`level_id`,`category_id`,`group_id`,`seo_keywords`,`seo_description`,`expire_time`,`shop_status` FROM `gxfc_shop` WHERE  `site_id` = 1 LIMIT 1 [ RunTime:0.000356s ]
[2022-08-26T09:23:04+08:00][sql] SELECT `group_id` FROM `gxfc_shop` WHERE  `site_id` = 1 LIMIT 1 [ RunTime:0.000275s ]
[2022-08-26T09:23:04+08:00][sql] SELECT `id`,`name`,`title`,`type`,`controller`,`value`,`addon_name`,`support_diy_view`,`max_count`,`is_delete`,`icon`,`icon_selected` FROM `gxfc_diy_view_util` WHERE  (`support_diy_view` LIKE 'DIY_VIEW_SHOP_INDEX' OR `support_diy_view` LIKE '%DIY_VIEW_SHOP_INDEX,%' OR `support_diy_view` LIKE '%DIY_VIEW_SHOP_INDEX' OR `support_diy_view` LIKE '%,DIY_VIEW_SHOP_INDEX,%' OR `support_diy_view` LIKE '')  AND ( `addon_name` IN ('printer','electronicsheet','freeshipping','servicer','bargain','bundling','cards','coupon','discount','egg','fenxiao','groupbuy','live','manjian','notes','pintuan','present','seckill','topic','turntable','wholesale','') ) ORDER BY `sort` ASC [ RunTime:0.000601s ]
[2022-08-26T09:23:04+08:00][sql] SELECT `site_id`,`name` FROM `gxfc_site_diy_view` WHERE  `site_id` = 1  AND `name` = 'DIY_VIEW_SHOP_INDEX' LIMIT 1 [ RunTime:0.000280s ]
[2022-08-26T09:23:04+08:00][sql] SELECT `sdv`.`id`,`sdv`.`site_id`,`sdv`.`name`,`sdv`.`title`,`sdv`.`value`,`sdv`.`type`,`dvt`.`addon_name` FROM `gxfc_site_diy_view` `sdv` LEFT JOIN `gxfc_diy_view_temp` `dvt` ON `sdv`.`name`=`dvt`.`name` WHERE  `sdv`.`site_id` = 1  AND `sdv`.`name` = 'DIY_VIEW_SHOP_INDEX' LIMIT 1 [ RunTime:0.000495s ]
[2022-08-26T14:03:19+08:00][sql] CONNECT:[ UseTime:0.000341s ] mysql:host=127.0.0.1;port=3306;dbname=ls_ssl_com;charset=utf8
[2022-08-26T14:03:19+08:00][sql] SELECT `site_id`,`app_module`,`config_key`,`value`,`config_desc`,`is_use`,`create_time`,`modify_time` FROM `gxfc_config` WHERE  `site_id` = 0  AND `app_module` = 'admin'  AND `config_key` = 'SHOP_JOIN_ADV_CONFIG' LIMIT 1 [ RunTime:0.000439s ]
[2022-08-26T14:03:19+08:00][sql] SHOW FULL COLUMNS FROM `gxfc_document` [ RunTime:0.000949s ]
[2022-08-26T14:03:19+08:00][sql] SELECT `site_id`,`app_module`,`document_key`,`title`,`content`,`create_time`,`modify_time` FROM `gxfc_document` WHERE  `site_id` = 0  AND `app_module` = 'admin'  AND `document_key` = 'SHOP_JOIN_GUIDE_1' LIMIT 1 [ RunTime:0.000298s ]
[2022-08-26T14:03:19+08:00][sql] SELECT `site_id`,`app_module`,`document_key`,`title`,`content`,`create_time`,`modify_time` FROM `gxfc_document` WHERE  `site_id` = 0  AND `app_module` = 'admin'  AND `document_key` = 'SHOP_JOIN_GUIDE_2' LIMIT 1 [ RunTime:0.000296s ]
[2022-08-26T14:03:19+08:00][sql] SELECT `site_id`,`app_module`,`document_key`,`title`,`content`,`create_time`,`modify_time` FROM `gxfc_document` WHERE  `site_id` = 0  AND `app_module` = 'admin'  AND `document_key` = 'SHOP_JOIN_GUIDE_3' LIMIT 1 [ RunTime:0.001201s ]
[2022-08-26T14:03:19+08:00][sql] SELECT `site_id`,`app_module`,`document_key`,`title`,`content`,`create_time`,`modify_time` FROM `gxfc_document` WHERE  `site_id` = 0  AND `app_module` = 'admin'  AND `document_key` = 'SHOP_JOIN_GUIDE_4' LIMIT 1 [ RunTime:0.000300s ]
[2022-08-26T14:03:19+08:00][sql] SHOW FULL COLUMNS FROM `gxfc_website` [ RunTime:0.001049s ]
[2022-08-26T14:03:19+08:00][sql] SELECT `web_phone`,`web_email`,`web_qrcode`,`web_qq`,`web_weixin`,`logo` FROM `gxfc_website` WHERE  `site_id` = 0 LIMIT 1 [ RunTime:0.000251s ]
[2022-08-26T14:03:24+08:00][sql] CONNECT:[ UseTime:0.000405s ] mysql:host=127.0.0.1;port=3306;dbname=ls_ssl_com;charset=utf8
[2022-08-26T14:03:24+08:00][sql] SHOW FULL COLUMNS FROM `gxfc_user` [ RunTime:0.001003s ]
[2022-08-26T14:03:24+08:00][sql] SELECT `uid`,`app_module`,`app_group`,`is_admin`,`site_id`,`group_id`,`group_name`,`username`,`password`,`member_id`,`create_time`,`update_time`,`status`,`login_time`,`login_ip` FROM `gxfc_user` WHERE  `username` = 'admin'  AND `app_module` = 'shop' LIMIT 1 [ RunTime:0.000350s ]
[2022-08-26T14:03:24+08:00][sql] UPDATE `gxfc_user`  SET `login_time` = 1661493804 , `login_ip` = '171.113.166.79'  WHERE  `uid` = 2 [ RunTime:0.007564s ]
[2022-08-26T14:03:24+08:00][sql] SHOW FULL COLUMNS FROM `gxfc_user_log` [ RunTime:0.000838s ]
[2022-08-26T14:03:24+08:00][sql] INSERT INTO `gxfc_user_log` SET `uid` = 2 , `username` = 'admin' , `site_id` = 1 , `url` = 'shop/Login/login' , `ip` = '171.113.166.79' , `data` = '[]' , `action_name` = '用户登录' , `create_time` = 1661493804 [ RunTime:0.005488s ]
[2022-08-26T14:03:25+08:00][sql] CONNECT:[ UseTime:0.000400s ] mysql:host=127.0.0.1;port=3306;dbname=ls_ssl_com;charset=utf8
[2022-08-26T14:03:25+08:00][sql] SHOW FULL COLUMNS FROM `gxfc_group` [ RunTime:0.001030s ]
[2022-08-26T14:03:25+08:00][sql] SELECT * FROM `gxfc_group` WHERE  `group_id` = 2  AND `site_id` = 1  AND `app_module` = 'shop' LIMIT 1 [ RunTime:0.000288s ]
[2022-08-26T14:03:25+08:00][sql] SELECT `website_id`,`site_name`,`logo`,`is_own`,`level_id`,`category_id`,`group_id`,`seo_keywords`,`seo_description`,`expire_time`,`shop_status` FROM `gxfc_shop` WHERE  `site_id` = 1 LIMIT 1 [ RunTime:0.000268s ]
[2022-08-26T14:03:25+08:00][sql] SHOW FULL COLUMNS FROM `gxfc_shop_group` [ RunTime:0.000861s ]
[2022-08-26T14:03:25+08:00][sql] SELECT `addon_array` FROM `gxfc_shop_group` WHERE  `group_id` = 1 LIMIT 1 [ RunTime:0.000229s ]
[2022-08-26T14:03:25+08:00][sql] SHOW FULL COLUMNS FROM `gxfc_menu` [ RunTime:0.000832s ]
[2022-08-26T14:03:25+08:00][sql] SELECT * FROM `gxfc_menu` WHERE  `app_module` = 'shop'  AND `addon` NOT IN ('electronicsheet','freeshipping','printer','servicer','bargain','bundling','cards','coupon','discount','egg','groupbuy','live','manjian','notes','pintuan','present','seckill','topic','turntable','wholesale','crazyguess','coupon_code','community_buy','cashier','appointment','missioncenter')  AND `is_show` = 1 ORDER BY `sort` ASC [ RunTime:0.000978s ]
[2022-08-26T14:03:25+08:00][sql] SELECT * FROM `gxfc_menu` WHERE  `addon` IN ('printer','electronicsheet','freeshipping','servicer','bargain','bundling','cards','coupon','discount','egg','fenxiao','groupbuy','live','manjian','notes','pintuan','present','seckill','topic','turntable','wholesale')  AND `app_module` = 'shop'  AND `is_show` = 1 ORDER BY `sort` ASC [ RunTime:0.000794s ]
[2022-08-26T14:03:25+08:00][sql] SELECT `id`,`app_module`,`name`,`title`,`parent`,`level`,`url`,`is_show`,`sort`,`desc`,`picture`,`is_icon`,`picture_select`,`is_control`,`addon` FROM `gxfc_menu` WHERE  `url` = 'shop/Index/index'  AND `app_module` = 'shop' ORDER BY `level` DESC LIMIT 1 [ RunTime:0.000338s ]
[2022-08-26T14:03:25+08:00][sql] SELECT `id`,`app_module`,`name`,`title`,`parent`,`level`,`url`,`is_show`,`sort`,`desc`,`picture`,`is_icon`,`picture_select`,`is_control`,`addon` FROM `gxfc_menu` WHERE  `name` = 'INDEX_ROOT'  AND `app_module` = 'shop' LIMIT 1 [ RunTime:0.000329s ]
[2022-08-26T14:03:25+08:00][sql] SELECT `title`,`logo`,`desc`,`keywords`,`web_status`,`close_reason`,`web_qrcode`,`web_phone` FROM `gxfc_website` WHERE  `site_id` = 0 LIMIT 1 [ RunTime:0.000258s ]
[2022-08-26T14:03:25+08:00][sql] SELECT `site_id`,`expire_time`,`site_name`,`username`,`website_id`,`cert_id`,`is_own`,`level_id`,`level_name`,`category_id`,`category_name`,`group_id`,`group_name`,`member_id`,`member_name`,`shop_status`,`close_info`,`sort`,`start_time`,`end_time`,`logo`,`avatar`,`banner`,`seo_keywords`,`seo_description`,`qq`,`ww`,`telephone`,`is_recommend`,`shop_desccredit`,`shop_servicecredit`,`shop_deliverycredit`,`workingtime`,`shop_baozh`,`shop_baozhopen`,`shop_baozhrmb`,`shop_qtian`,`shop_zhping`,`shop_erxiaoshi`,`shop_tuihuo`,`shop_shiyong`,`shop_shiti`,`shop_xiaoxie`,`shop_free_time`,`shop_sales`,`shop_adv`,`account`,`account_withdraw`,`work_week`,`province`,`province_name`,`city`,`city_name`,`district`,`district_name`,`community`,`community_name`,`address`,`full_address`,`longitude`,`latitude`,`sub_num` FROM `gxfc_shop` WHERE  `site_id` = 1 LIMIT 1 [ RunTime:0.000378s ]
[2022-08-26T14:03:25+08:00][sql] SHOW FULL COLUMNS FROM `gxfc_shop_reopen` [ RunTime:0.000851s ]
[2022-08-26T14:03:25+08:00][sql] SELECT `sr`.*,`s`.`site_name` FROM `gxfc_shop_reopen` `sr` LEFT JOIN `gxfc_shop` `s` ON `s`.`site_id`=`sr`.`site_id` WHERE  `sr`.`site_id` = 1  AND `sr`.`apply_state` IN (1,-1) LIMIT 1 [ RunTime:0.000304s ]
[2022-08-26T14:03:25+08:00][sql] SELECT `username`,`group_name`,`login_time` FROM `gxfc_user` WHERE  `uid` = 2 LIMIT 1 [ RunTime:0.000205s ]
[2022-08-26T14:03:25+08:00][sql] SELECT `id`,`site_id`,`year`,`month`,`day`,`order_total`,`shipping_total`,`refund_total`,`order_pay_count`,`goods_pay_count`,`shop_money`,`platform_money`,`create_time`,`modify_time`,`collect_shop`,`collect_goods`,`visit_count`,`order_count`,`goods_count`,`add_goods_count`,`day_time`,`member_count` FROM `gxfc_stat_shop` WHERE  `site_id` = 1  AND `year` = 2022  AND `month` = 8  AND `day` = 26 LIMIT 1 [ RunTime:0.000321s ]
[2022-08-26T14:03:25+08:00][sql] SELECT `id`,`site_id`,`year`,`month`,`day`,`order_total`,`shipping_total`,`refund_total`,`order_pay_count`,`goods_pay_count`,`shop_money`,`platform_money`,`create_time`,`modify_time`,`collect_shop`,`collect_goods`,`visit_count`,`order_count`,`goods_count`,`add_goods_count`,`day_time`,`member_count` FROM `gxfc_stat_shop` WHERE  `site_id` = 1  AND `year` = 2022  AND `month` = 8  AND `day` = 25 LIMIT 1 [ RunTime:0.000299s ]
[2022-08-26T14:03:25+08:00][sql] SELECT `id`,`site_id`,`year`,`month`,`day`,`order_total`,`shipping_total`,`refund_total`,`order_pay_count`,`goods_pay_count`,`shop_money`,`platform_money`,`create_time`,`modify_time`,`collect_shop`,`collect_goods`,`visit_count`,`order_count`,`goods_count`,`add_goods_count`,`day_time`,`member_count` FROM `gxfc_stat_shop` WHERE  `site_id` = 1  AND `year` = 2022  AND `month` = 08  AND `day` = 17 LIMIT 1 [ RunTime:0.000399s ]
[2022-08-26T14:03:25+08:00][sql] SELECT `id`,`site_id`,`year`,`month`,`day`,`order_total`,`shipping_total`,`refund_total`,`order_pay_count`,`goods_pay_count`,`shop_money`,`platform_money`,`create_time`,`modify_time`,`collect_shop`,`collect_goods`,`visit_count`,`order_count`,`goods_count`,`add_goods_count`,`day_time`,`member_count` FROM `gxfc_stat_shop` WHERE  `site_id` = 1  AND `year` = 2022  AND `month` = 08  AND `day` = 18 LIMIT 1 [ RunTime:0.000313s ]
[2022-08-26T14:03:25+08:00][sql] SELECT `id`,`site_id`,`year`,`month`,`day`,`order_total`,`shipping_total`,`refund_total`,`order_pay_count`,`goods_pay_count`,`shop_money`,`platform_money`,`create_time`,`modify_time`,`collect_shop`,`collect_goods`,`visit_count`,`order_count`,`goods_count`,`add_goods_count`,`day_time`,`member_count` FROM `gxfc_stat_shop` WHERE  `site_id` = 1  AND `year` = 2022  AND `month` = 08  AND `day` = 19 LIMIT 1 [ RunTime:0.000302s ]
[2022-08-26T14:03:25+08:00][sql] SELECT `id`,`site_id`,`year`,`month`,`day`,`order_total`,`shipping_total`,`refund_total`,`order_pay_count`,`goods_pay_count`,`shop_money`,`platform_money`,`create_time`,`modify_time`,`collect_shop`,`collect_goods`,`visit_count`,`order_count`,`goods_count`,`add_goods_count`,`day_time`,`member_count` FROM `gxfc_stat_shop` WHERE  `site_id` = 1  AND `year` = 2022  AND `month` = 08  AND `day` = 20 LIMIT 1 [ RunTime:0.000283s ]
[2022-08-26T14:03:25+08:00][sql] SELECT `id`,`site_id`,`year`,`month`,`day`,`order_total`,`shipping_total`,`refund_total`,`order_pay_count`,`goods_pay_count`,`shop_money`,`platform_money`,`create_time`,`modify_time`,`collect_shop`,`collect_goods`,`visit_count`,`order_count`,`goods_count`,`add_goods_count`,`day_time`,`member_count` FROM `gxfc_stat_shop` WHERE  `site_id` = 1  AND `year` = 2022  AND `month` = 08  AND `day` = 21 LIMIT 1 [ RunTime:0.000270s ]
[2022-08-26T14:03:25+08:00][sql] SELECT `id`,`site_id`,`year`,`month`,`day`,`order_total`,`shipping_total`,`refund_total`,`order_pay_count`,`goods_pay_count`,`shop_money`,`platform_money`,`create_time`,`modify_time`,`collect_shop`,`collect_goods`,`visit_count`,`order_count`,`goods_count`,`add_goods_count`,`day_time`,`member_count` FROM `gxfc_stat_shop` WHERE  `site_id` = 1  AND `year` = 2022  AND `month` = 08  AND `day` = 22 LIMIT 1 [ RunTime:0.000297s ]
[2022-08-26T14:03:25+08:00][sql] SELECT `id`,`site_id`,`year`,`month`,`day`,`order_total`,`shipping_total`,`refund_total`,`order_pay_count`,`goods_pay_count`,`shop_money`,`platform_money`,`create_time`,`modify_time`,`collect_shop`,`collect_goods`,`visit_count`,`order_count`,`goods_count`,`add_goods_count`,`day_time`,`member_count` FROM `gxfc_stat_shop` WHERE  `site_id` = 1  AND `year` = 2022  AND `month` = 08  AND `day` = 23 LIMIT 1 [ RunTime:0.000296s ]
[2022-08-26T14:03:25+08:00][sql] SELECT `id`,`site_id`,`year`,`month`,`day`,`order_total`,`shipping_total`,`refund_total`,`order_pay_count`,`goods_pay_count`,`shop_money`,`platform_money`,`create_time`,`modify_time`,`collect_shop`,`collect_goods`,`visit_count`,`order_count`,`goods_count`,`add_goods_count`,`day_time`,`member_count` FROM `gxfc_stat_shop` WHERE  `site_id` = 1  AND `year` = 2022  AND `month` = 08  AND `day` = 24 LIMIT 1 [ RunTime:0.000292s ]
[2022-08-26T14:03:25+08:00][sql] SELECT `id`,`site_id`,`year`,`month`,`day`,`order_total`,`shipping_total`,`refund_total`,`order_pay_count`,`goods_pay_count`,`shop_money`,`platform_money`,`create_time`,`modify_time`,`collect_shop`,`collect_goods`,`visit_count`,`order_count`,`goods_count`,`add_goods_count`,`day_time`,`member_count` FROM `gxfc_stat_shop` WHERE  `site_id` = 1  AND `year` = 2022  AND `month` = 08  AND `day` = 25 LIMIT 1 [ RunTime:0.000313s ]
[2022-08-26T14:03:25+08:00][sql] SELECT `id`,`site_id`,`year`,`month`,`day`,`order_total`,`shipping_total`,`refund_total`,`order_pay_count`,`goods_pay_count`,`shop_money`,`platform_money`,`create_time`,`modify_time`,`collect_shop`,`collect_goods`,`visit_count`,`order_count`,`goods_count`,`add_goods_count`,`day_time`,`member_count` FROM `gxfc_stat_shop` WHERE  `site_id` = 1  AND `year` = 2022  AND `month` = 08  AND `day` = 26 LIMIT 1 [ RunTime:0.000288s ]
[2022-08-26T14:03:25+08:00][sql] SELECT SUM(order_total) as order_total,SUM(shipping_total) as shipping_total,SUM(refund_total) as refund_total,SUM(order_pay_count) as order_pay_count,SUM(goods_pay_count) as goods_pay_count,SUM(shop_money) as shop_money,SUM(platform_money) as platform_money,SUM(collect_shop) as collect_shop,SUM(collect_goods) as collect_goods,SUM(visit_count) as visit_count,SUM(order_count) as order_count,SUM(goods_count) as goods_count,SUM(add_goods_count) as add_goods_count,SUM(member_count) as member_count FROM `gxfc_stat_shop` WHERE  `site_id` = 1 LIMIT 1 [ RunTime:0.000363s ]
[2022-08-26T14:03:25+08:00][sql] SELECT COUNT(*) AS think_count FROM `gxfc_goods` WHERE  `site_id` = 1 [ RunTime:0.000216s ]
[2022-08-26T14:03:25+08:00][sql] SELECT `addon_array` FROM `gxfc_shop_group` WHERE  `group_id` = 1 LIMIT 1 [ RunTime:0.000206s ]
[2022-08-26T14:03:25+08:00][sql] SHOW FULL COLUMNS FROM `gxfc_order` [ RunTime:0.001712s ]
[2022-08-26T14:03:25+08:00][sql] SELECT COUNT(*) AS think_count FROM `gxfc_order` WHERE  `order_status` = 0  AND `site_id` = 1  AND `is_delete` = 0 [ RunTime:0.000245s ]
[2022-08-26T14:03:25+08:00][sql] SELECT COUNT(*) AS think_count FROM `gxfc_order` WHERE  `order_status` = 1  AND `site_id` = 1  AND `is_delete` = 0 [ RunTime:0.000220s ]
[2022-08-26T14:03:25+08:00][sql] SHOW FULL COLUMNS FROM `gxfc_order_goods` [ RunTime:0.001076s ]
[2022-08-26T14:03:25+08:00][sql] SELECT COUNT(*) AS think_count FROM `gxfc_order_goods` WHERE  `site_id` = 1  AND `refund_status` NOT IN (0,3) [ RunTime:0.000294s ]
[2022-08-26T14:03:25+08:00][sql] select count(goods_id) as num from gxfc_goods where goods_stock_alarm >= goods_stock and goods_stock_alarm > 0 and is_delete = 0 and goods_state = 1 and site_id = 1 [ RunTime:0.000260s ]
[2022-08-26T14:03:25+08:00][sql] SELECT COUNT(*) AS think_count FROM `gxfc_goods` WHERE  `goods_state` = 1  AND `site_id` = 1  AND `is_delete` = 0 [ RunTime:0.000259s ]
[2022-08-26T14:03:25+08:00][sql] SELECT COUNT(*) AS think_count FROM `gxfc_goods` WHERE  `verify_state` = 0  AND `site_id` = 1  AND `is_delete` = 0 [ RunTime:0.000251s ]
[2022-08-26T14:03:25+08:00][sql] SELECT COUNT(*) AS think_count FROM `gxfc_goods` WHERE  `verify_state` = 10  AND `site_id` = 1  AND `is_delete` = 0 [ RunTime:0.000225s ]
[2022-08-26T14:03:25+08:00][sql] SHOW FULL COLUMNS FROM `gxfc_help` [ RunTime:0.000865s ]
[2022-08-26T14:03:25+08:00][sql] SELECT COUNT(*) AS think_count FROM `gxfc_help` `a` WHERE  `app_module` = 'shop' ORDER BY `create_time` DESC [ RunTime:0.000242s ]
[2022-08-26T14:03:25+08:00][sql] SELECT `id`,`title`,`content`,`class_id`,`class_name`,`sort`,`link_address`,`create_time` FROM `gxfc_help` `a` WHERE  `app_module` = 'shop' ORDER BY `create_time` DESC LIMIT 0,5 [ RunTime:0.000261s ]
[2022-08-26T14:03:25+08:00][sql] SELECT `group_id`,`is_own`,`group_name`,`fee`,`remark` FROM `gxfc_shop_group` WHERE  `is_own` = 0 ORDER BY `is_own` ASC,`fee` ASC [ RunTime:0.000263s ]
[2022-08-26T14:03:25+08:00][sql] SHOW FULL COLUMNS FROM `gxfc_notice` [ RunTime:0.000848s ]
[2022-08-26T14:03:25+08:00][sql] SELECT COUNT(*) AS think_count FROM `gxfc_notice` `a` WHERE  `receiving_type` LIKE '%shop%' ORDER BY `is_top` DESC,`create_time` DESC [ RunTime:0.000305s ]
[2022-08-26T14:03:25+08:00][sql] SELECT `id`,`title` FROM `gxfc_notice` `a` WHERE  `receiving_type` LIKE '%shop%' ORDER BY `is_top` DESC,`create_time` DESC LIMIT 0,5 [ RunTime:0.000201s ]
[2022-08-26T14:03:27+08:00][sql] CONNECT:[ UseTime:0.000367s ] mysql:host=127.0.0.1;port=3306;dbname=ls_ssl_com;charset=utf8
[2022-08-26T14:03:27+08:00][sql] SELECT `website_id`,`site_name`,`logo`,`is_own`,`level_id`,`category_id`,`group_id`,`seo_keywords`,`seo_description`,`expire_time`,`shop_status` FROM `gxfc_shop` WHERE  `site_id` = 1 LIMIT 1 [ RunTime:0.000366s ]
[2022-08-26T14:03:27+08:00][sql] SELECT `id`,`app_module`,`name`,`title`,`parent`,`level`,`url`,`is_show`,`sort`,`desc`,`picture`,`is_icon`,`picture_select`,`is_control`,`addon` FROM `gxfc_menu` WHERE  `url` = 'shop/Goods/lists'  AND `app_module` = 'shop' ORDER BY `level` DESC LIMIT 1 [ RunTime:0.000426s ]
[2022-08-26T14:03:27+08:00][sql] SELECT `id`,`app_module`,`name`,`title`,`parent`,`level`,`url`,`is_show`,`sort`,`desc`,`picture`,`is_icon`,`picture_select`,`is_control`,`addon` FROM `gxfc_menu` WHERE  `name` = 'GOODS_MANAGE'  AND `app_module` = 'shop' LIMIT 1 [ RunTime:0.000302s ]
[2022-08-26T14:03:27+08:00][sql] SELECT `id`,`app_module`,`name`,`title`,`parent`,`level`,`url`,`is_show`,`sort`,`desc`,`picture`,`is_icon`,`picture_select`,`is_control`,`addon` FROM `gxfc_menu` WHERE  `name` = 'GOODS_ROOT'  AND `app_module` = 'shop' LIMIT 1 [ RunTime:0.000336s ]
[2022-08-26T14:03:27+08:00][sql] SELECT COUNT(*) AS think_count FROM `gxfc_goods` WHERE  `verify_state` = 0  AND `is_delete` = 0  AND `site_id` = 1 [ RunTime:0.000277s ]
[2022-08-26T14:03:27+08:00][sql] SELECT COUNT(*) AS think_count FROM `gxfc_goods` WHERE  `verify_state` = -2  AND `is_delete` = 0  AND `site_id` = 1 [ RunTime:0.000229s ]
[2022-08-26T14:03:27+08:00][sql] SELECT COUNT(*) AS think_count FROM `gxfc_goods` WHERE  `verify_state` = 10  AND `is_delete` = 0  AND `site_id` = 1 [ RunTime:0.000229s ]
[2022-08-26T14:03:27+08:00][sql] SHOW FULL COLUMNS FROM `gxfc_goods_shop_category` [ RunTime:0.001051s ]
[2022-08-26T14:03:27+08:00][sql] SELECT `category_id`,`category_name`,`pid`,`level` FROM `gxfc_goods_shop_category` WHERE  `site_id` = 1 ORDER BY `sort` ASC [ RunTime:0.000288s ]
[2022-08-26T14:03:27+08:00][sql] SHOW FULL COLUMNS FROM `gxfc_express_template` [ RunTime:0.000794s ]
[2022-08-26T14:03:27+08:00][sql] SELECT `template_id`,`template_name` FROM `gxfc_express_template` WHERE  `site_id` = 1 ORDER BY `is_default` DESC [ RunTime:0.000211s ]
[2022-08-26T14:03:27+08:00][sql] SELECT `category_id`,`category_name`,`short_name`,`pid`,`level`,`is_show`,`sort`,`image`,`attr_class_name`,`category_id_1`,`category_id_2`,`category_id_3`,`commission_rate`,`supply_commission_rate` FROM `gxfc_goods_category` ORDER BY `sort` ASC [ RunTime:0.000288s ]
[2022-08-26T14:03:27+08:00][sql] CONNECT:[ UseTime:0.000713s ] mysql:host=127.0.0.1;port=3306;dbname=ls_ssl_com;charset=utf8
[2022-08-26T14:03:27+08:00][sql] SELECT `website_id`,`site_name`,`logo`,`is_own`,`level_id`,`category_id`,`group_id`,`seo_keywords`,`seo_description`,`expire_time`,`shop_status` FROM `gxfc_shop` WHERE  `site_id` = 1 LIMIT 1 [ RunTime:0.000518s ]
[2022-08-26T14:03:27+08:00][sql] SELECT COUNT(*) AS think_count FROM `gxfc_goods` WHERE  `verify_state` = 0  AND `is_delete` = 0  AND `site_id` = 1 [ RunTime:0.001105s ]
[2022-08-26T14:03:27+08:00][sql] SELECT COUNT(*) AS think_count FROM `gxfc_goods` WHERE  `verify_state` = -2  AND `is_delete` = 0  AND `site_id` = 1 [ RunTime:0.000282s ]
[2022-08-26T14:03:27+08:00][sql] SELECT COUNT(*) AS think_count FROM `gxfc_goods` WHERE  `verify_state` = 10  AND `is_delete` = 0  AND `site_id` = 1 [ RunTime:0.000262s ]
[2022-08-26T14:03:27+08:00][sql] CONNECT:[ UseTime:0.000325s ] mysql:host=127.0.0.1;port=3306;dbname=ls_ssl_com;charset=utf8
[2022-08-26T14:03:27+08:00][sql] SELECT `website_id`,`site_name`,`logo`,`is_own`,`level_id`,`category_id`,`group_id`,`seo_keywords`,`seo_description`,`expire_time`,`shop_status` FROM `gxfc_shop` WHERE  `site_id` = 1 LIMIT 1 [ RunTime:0.000320s ]
[2022-08-26T14:03:27+08:00][sql] SELECT COUNT(*) AS think_count FROM `gxfc_goods` `` WHERE  `is_delete` = 0  AND `site_id` = 1 ORDER BY `create_time` DESC [ RunTime:0.000273s ]
[2022-08-26T14:03:27+08:00][sql] SELECT `goods_id`,`goods_name`,`site_id`,`site_name`,`goods_image`,`is_own`,`goods_state`,`verify_state`,`price`,`goods_stock`,`goods_stock_alarm`,`create_time`,`sale_num`,`is_virtual`,`goods_class`,`is_fenxiao`,`fenxiao_type`,`sku_id`,`max_buy`,`min_buy`,`promotion_addon`,`sort` FROM `gxfc_goods` `` WHERE  `is_delete` = 0  AND `site_id` = 1 ORDER BY `create_time` DESC LIMIT 0,10 [ RunTime:0.000367s ]
[2022-08-26T14:03:28+08:00][sql] CONNECT:[ UseTime:0.000342s ] mysql:host=127.0.0.1;port=3306;dbname=ls_ssl_com;charset=utf8
[2022-08-26T14:03:28+08:00][sql] SELECT `website_id`,`site_name`,`logo`,`is_own`,`level_id`,`category_id`,`group_id`,`seo_keywords`,`seo_description`,`expire_time`,`shop_status` FROM `gxfc_shop` WHERE  `site_id` = 1 LIMIT 1 [ RunTime:0.000347s ]
[2022-08-26T14:03:28+08:00][sql] SELECT `id`,`app_module`,`name`,`title`,`parent`,`level`,`url`,`is_show`,`sort`,`desc`,`picture`,`is_icon`,`picture_select`,`is_control`,`addon` FROM `gxfc_menu` WHERE  `url` = 'shop/Goods/addGoods'  AND `app_module` = 'shop' ORDER BY `level` DESC LIMIT 1 [ RunTime:0.000455s ]
[2022-08-26T14:03:28+08:00][sql] SELECT `id`,`app_module`,`name`,`title`,`parent`,`level`,`url`,`is_show`,`sort`,`desc`,`picture`,`is_icon`,`picture_select`,`is_control`,`addon` FROM `gxfc_menu` WHERE  `name` = 'PHYSICAL_GOODS_ADD'  AND `app_module` = 'shop' LIMIT 1 [ RunTime:0.000329s ]
[2022-08-26T14:03:28+08:00][sql] SELECT `category_id`,`category_name`,`level`,`commission_rate` FROM `gxfc_goods_category` WHERE  `pid` = 0 ORDER BY `sort` ASC [ RunTime:0.000371s ]
[2022-08-26T14:03:28+08:00][sql] SHOW FULL COLUMNS FROM `gxfc_goods_brand` [ RunTime:0.001022s ]
[2022-08-26T14:03:28+08:00][sql] SELECT `brand_id`,`brand_name` FROM `gxfc_goods_brand` WHERE  `site_id` IN (0,1) [ RunTime:0.000214s ]
[2022-08-26T14:03:28+08:00][sql] SELECT `category_id`,`category_name`,`pid`,`level` FROM `gxfc_goods_shop_category` WHERE  `site_id` = 1 ORDER BY `sort` ASC [ RunTime:0.000253s ]
[2022-08-26T14:03:28+08:00][sql] SELECT `template_id`,`template_name` FROM `gxfc_express_template` WHERE  `site_id` = 1 ORDER BY `is_default` DESC [ RunTime:0.000231s ]
[2022-08-26T14:03:28+08:00][sql] SHOW FULL COLUMNS FROM `gxfc_goods_attr_class` [ RunTime:0.000929s ]
[2022-08-26T14:03:28+08:00][sql] SELECT `class_id`,`class_name` FROM `gxfc_goods_attr_class` WHERE  `site_id` IN (0,1) ORDER BY `class_id` DESC [ RunTime:0.000225s ]
[2022-08-26T14:03:28+08:00][sql] SHOW FULL COLUMNS FROM `gxfc_supplier` [ RunTime:0.001037s ]
[2022-08-26T14:03:28+08:00][sql] SELECT COUNT(*) AS think_count FROM `gxfc_supplier` `a` ORDER BY `supplier_id` DESC [ RunTime:0.000214s ]
[2022-08-26T14:03:28+08:00][sql] SELECT * FROM `gxfc_supplier` `a` ORDER BY `supplier_id` DESC LIMIT 0,10 [ RunTime:0.000348s ]
[2022-08-26T14:03:28+08:00][sql] CONNECT:[ UseTime:0.000352s ] mysql:host=127.0.0.1;port=3306;dbname=ls_ssl_com;charset=utf8
[2022-08-26T14:03:28+08:00][sql] SELECT `website_id`,`site_name`,`logo`,`is_own`,`level_id`,`category_id`,`group_id`,`seo_keywords`,`seo_description`,`expire_time`,`shop_status` FROM `gxfc_shop` WHERE  `site_id` = 1 LIMIT 1 [ RunTime:0.000409s ]
[2022-08-26T14:03:28+08:00][sql] SELECT `category_id`,`category_name`,`pid`,`level`,`category_id_1`,`category_id_2`,`category_id_3` FROM `gxfc_goods_category` WHERE  `level` = 1 ORDER BY `sort` ASC [ RunTime:0.000375s ]
[2022-08-26T14:03:28+08:00][sql] SELECT COUNT(*) AS think_count FROM `gxfc_goods_category` WHERE  `pid` = 1 [ RunTime:0.000275s ]
[2022-08-26T14:03:28+08:00][sql] SELECT COUNT(*) AS think_count FROM `gxfc_goods_category` WHERE  `pid` = 2 [ RunTime:0.000188s ]
[2022-08-26T14:03:28+08:00][sql] SELECT COUNT(*) AS think_count FROM `gxfc_goods_category` WHERE  `pid` = 3 [ RunTime:0.000174s ]
[2022-08-26T14:03:29+08:00][sql] CONNECT:[ UseTime:0.000385s ] mysql:host=127.0.0.1;port=3306;dbname=ls_ssl_com;charset=utf8
[2022-08-26T14:03:29+08:00][sql] SELECT `website_id`,`site_name`,`logo`,`is_own`,`level_id`,`category_id`,`group_id`,`seo_keywords`,`seo_description`,`expire_time`,`shop_status` FROM `gxfc_shop` WHERE  `site_id` = 1 LIMIT 1 [ RunTime:0.000359s ]
[2022-08-26T14:03:29+08:00][sql] SELECT `id`,`app_module`,`name`,`title`,`parent`,`level`,`url`,`is_show`,`sort`,`desc`,`picture`,`is_icon`,`picture_select`,`is_control`,`addon` FROM `gxfc_menu` WHERE  `url` = 'shop/Virtualgoods/addGoods'  AND `app_module` = 'shop' ORDER BY `level` DESC LIMIT 1 [ RunTime:0.000484s ]
[2022-08-26T14:03:29+08:00][sql] SELECT `id`,`app_module`,`name`,`title`,`parent`,`level`,`url`,`is_show`,`sort`,`desc`,`picture`,`is_icon`,`picture_select`,`is_control`,`addon` FROM `gxfc_menu` WHERE  `name` = 'VIRTUAL_GOODS_ADD'  AND `app_module` = 'shop' LIMIT 1 [ RunTime:0.000465s ]
[2022-08-26T14:03:29+08:00][sql] SELECT `brand_id`,`brand_name` FROM `gxfc_goods_brand` WHERE  `site_id` IN (0,1) [ RunTime:0.000344s ]
[2022-08-26T14:03:29+08:00][sql] SELECT `category_id`,`category_name`,`pid`,`level` FROM `gxfc_goods_shop_category` WHERE  `site_id` = 1 ORDER BY `sort` ASC [ RunTime:0.000288s ]
[2022-08-26T14:03:29+08:00][sql] SELECT `class_id`,`class_name` FROM `gxfc_goods_attr_class` WHERE  `site_id` IN (0,1) ORDER BY `class_id` DESC [ RunTime:0.000236s ]
[2022-08-26T14:03:30+08:00][sql] CONNECT:[ UseTime:0.000360s ] mysql:host=127.0.0.1;port=3306;dbname=ls_ssl_com;charset=utf8
[2022-08-26T14:03:30+08:00][sql] SELECT `website_id`,`site_name`,`logo`,`is_own`,`level_id`,`category_id`,`group_id`,`seo_keywords`,`seo_description`,`expire_time`,`shop_status` FROM `gxfc_shop` WHERE  `site_id` = 1 LIMIT 1 [ RunTime:0.000442s ]
[2022-08-26T14:03:39+08:00][sql] CONNECT:[ UseTime:0.000382s ] mysql:host=127.0.0.1;port=3306;dbname=ls_ssl_com;charset=utf8
[2022-08-26T14:03:39+08:00][sql] SELECT `website_id`,`site_name`,`logo`,`is_own`,`level_id`,`category_id`,`group_id`,`seo_keywords`,`seo_description`,`expire_time`,`shop_status` FROM `gxfc_shop` WHERE  `site_id` = 1 LIMIT 1 [ RunTime:0.000417s ]
[2022-08-26T14:03:39+08:00][sql] SELECT `id`,`app_module`,`name`,`title`,`parent`,`level`,`url`,`is_show`,`sort`,`desc`,`picture`,`is_icon`,`picture_select`,`is_control`,`addon` FROM `gxfc_menu` WHERE  `url` = 'shop/Album/album'  AND `app_module` = 'shop' ORDER BY `level` DESC LIMIT 1 [ RunTime:0.000462s ]
[2022-08-26T14:03:39+08:00][sql] SELECT `id`,`app_module`,`name`,`title`,`parent`,`level`,`url`,`is_show`,`sort`,`desc`,`picture`,`is_icon`,`picture_select`,`is_control`,`addon` FROM `gxfc_menu` WHERE  `name` = 'ALBUM_BOX'  AND `app_module` = 'shop' LIMIT 1 [ RunTime:0.000370s ]
[2022-08-26T14:03:39+08:00][sql] SELECT `id`,`app_module`,`name`,`title`,`parent`,`level`,`url`,`is_show`,`sort`,`desc`,`picture`,`is_icon`,`picture_select`,`is_control`,`addon` FROM `gxfc_menu` WHERE  `name` = 'ALBUM_MANAGE'  AND `app_module` = 'shop' LIMIT 1 [ RunTime:0.000392s ]
[2022-08-26T14:03:39+08:00][sql] SHOW FULL COLUMNS FROM `gxfc_album` [ RunTime:0.000960s ]
[2022-08-26T14:03:39+08:00][sql] SELECT `album_id`,`site_id`,`album_name`,`sort`,`cover`,`desc`,`is_default`,`update_time`,`num` FROM `gxfc_album` WHERE  `site_id` = 1 [ RunTime:0.000241s ]
[2022-08-26T14:03:39+08:00][sql] CONNECT:[ UseTime:0.000351s ] mysql:host=127.0.0.1;port=3306;dbname=ls_ssl_com;charset=utf8
[2022-08-26T14:03:39+08:00][sql] SELECT `website_id`,`site_name`,`logo`,`is_own`,`level_id`,`category_id`,`group_id`,`seo_keywords`,`seo_description`,`expire_time`,`shop_status` FROM `gxfc_shop` WHERE  `site_id` = 1 LIMIT 1 [ RunTime:0.000327s ]
[2022-08-26T14:03:39+08:00][sql] SHOW FULL COLUMNS FROM `gxfc_album_pic` [ RunTime:0.000973s ]
[2022-08-26T14:03:39+08:00][sql] SELECT COUNT(*) AS think_count FROM `gxfc_album_pic` `a` WHERE  `site_id` = 1  AND `album_id` = 2 ORDER BY `update_time` DESC [ RunTime:0.000272s ]
[2022-08-26T14:03:39+08:00][sql] SELECT `pic_id`,`pic_name`,`pic_path`,`pic_spec`,`site_id`,`update_time` FROM `gxfc_album_pic` `a` WHERE  `site_id` = 1  AND `album_id` = 2 ORDER BY `update_time` DESC LIMIT 0,12 [ RunTime:0.000254s ]
[2022-08-26T14:03:46+08:00][sql] CONNECT:[ UseTime:0.000363s ] mysql:host=127.0.0.1;port=3306;dbname=ls_ssl_com;charset=utf8
[2022-08-26T14:03:46+08:00][sql] SELECT `website_id`,`site_name`,`logo`,`is_own`,`level_id`,`category_id`,`group_id`,`seo_keywords`,`seo_description`,`expire_time`,`shop_status` FROM `gxfc_shop` WHERE  `site_id` = 1 LIMIT 1 [ RunTime:0.000388s ]
[2022-08-26T14:03:47+08:00][sql] CONNECT:[ UseTime:0.000354s ] mysql:host=127.0.0.1;port=3306;dbname=ls_ssl_com;charset=utf8
[2022-08-26T14:03:47+08:00][sql] SELECT `website_id`,`site_name`,`logo`,`is_own`,`level_id`,`category_id`,`group_id`,`seo_keywords`,`seo_description`,`expire_time`,`shop_status` FROM `gxfc_shop` WHERE  `site_id` = 1 LIMIT 1 [ RunTime:0.000378s ]
[2022-08-26T14:03:47+08:00][sql] SELECT `category_id`,`category_name`,`pid`,`level`,`category_id_1`,`category_id_2`,`category_id_3` FROM `gxfc_goods_category` WHERE  `level` = 2  AND `pid` = 1 ORDER BY `sort` ASC [ RunTime:0.000377s ]
[2022-08-26T14:03:47+08:00][sql] SELECT COUNT(*) AS think_count FROM `gxfc_goods_category` WHERE  `pid` = 4 [ RunTime:0.000261s ]
[2022-08-26T14:03:47+08:00][sql] SELECT COUNT(*) AS think_count FROM `gxfc_goods_category` WHERE  `pid` = 5 [ RunTime:0.000250s ]
[2022-08-26T14:04:06+08:00][sql] CONNECT:[ UseTime:0.000439s ] mysql:host=127.0.0.1;port=3306;dbname=ls_ssl_com;charset=utf8
[2022-08-26T14:04:06+08:00][sql] SELECT `website_id`,`site_name`,`logo`,`is_own`,`level_id`,`category_id`,`group_id`,`seo_keywords`,`seo_description`,`expire_time`,`shop_status` FROM `gxfc_shop` WHERE  `site_id` = 1 LIMIT 1 [ RunTime:0.000375s ]
[2022-08-26T14:04:06+08:00][sql] SELECT `site_name`,`website_id`,`is_own`,`cert_id`,`shop_status` FROM `gxfc_shop` WHERE  `site_id` = 1 LIMIT 1 [ RunTime:0.000259s ]
[2022-08-26T14:04:06+08:00][sql] SELECT `site_id`,`app_module`,`config_key`,`value`,`config_desc`,`is_use`,`create_time`,`modify_time` FROM `gxfc_config` WHERE  `site_id` = 0  AND `app_module` = 'shop'  AND `config_key` = 'GOODS_VERIFY_CONFIG' LIMIT 1 [ RunTime:0.000281s ]
[2022-08-26T14:04:06+08:00][sql] SELECT `commission_rate`,`category_full_name` FROM `gxfc_goods_category` WHERE  `category_id` = 1,5 LIMIT 1 [ RunTime:0.000215s ]
[2022-08-26T14:04:06+08:00][sql] INSERT INTO `gxfc_goods` SET `goods_image` = 'upload/1/common/images/20220808/20220808060408165995304859318.png' , `goods_stock` = 10000 , `price` = '0.1' , `market_price` = '' , `cost_price` = '' , `goods_spec_format` = '' , `category_id` = ',1,5,' , `category_json` = '[\"1,5\"]' , `timer_on` =  , `timer_off` =  , `commission_rate` = '5.00' , `category_name` = '美食餐饮' , `goods_name` = '没有商品' , `goods_class` = 2 , `goods_class_name` = '虚拟商品' , `goods_attr_class` = 0 , `goods_attr_name` = '' , `site_id` = 1 , `goods_content` = '<p>撒大声地<br/></p>' , `goods_state` = 1 , `goods_stock_alarm` = 0 , `goods_attr_format` = '[]' , `introduction` = '' , `keywords` = '' , `unit` = '' , `video_url` = '' , `max_buy` = 0 , `min_buy` = 0 , `create_time` = 1661493846 , `is_own` = 1 , `brand_id` = 0 , `brand_name` = '' , `verify_state` = 1 , `goods_shop_category_ids` = '' , `supplier_id` = 0 , `site_name` = '赞友情' , `website_id` = 0 , `is_virtual` = 1 , `virtual_indate` = 1000 [ RunTime:0.000371s ]
[2022-08-26T14:04:06+08:00][sql] INSERT INTO `gxfc_goods_sku` (`sku_name` , `spec_name` , `sku_no` , `sku_spec_format` , `price` , `market_price` , `cost_price` , `discount_price` , `stock` , `sku_image` , `sku_images` , `goods_id` , `is_default` , `stock_alarm` , `goods_name` , `goods_class` , `goods_class_name` , `goods_attr_class` , `goods_attr_name` , `site_id` , `goods_content` , `goods_state` , `goods_stock_alarm` , `goods_attr_format` , `introduction` , `keywords` , `unit` , `video_url` , `max_buy` , `min_buy` , `create_time` , `is_own` , `brand_id` , `brand_name` , `verify_state` , `goods_shop_category_ids` , `supplier_id` , `site_name` , `website_id` , `is_virtual` , `virtual_indate`) VALUES ( '没有商品 ','','','','0.1','','','0.1',10000,'upload/1/common/images/20220808/20220808060408165995304859318.png','upload/1/common/images/20220808/20220808060408165995304859318.png',5,0,0,'没有商品',2,'虚拟商品',0,'',1,'<p>撒大声地<br/></p>',1,0,'[]','','','','',0,0,1661493846,1,0,'',1,'',0,'赞友情',0,1,1000 ) [ RunTime:0.000338s ]
[2022-08-26T14:04:06+08:00][sql] SELECT `sku_id` FROM `gxfc_goods_sku` WHERE  `goods_id` = 5 ORDER BY `is_default` DESC,`sku_id` ASC LIMIT 1 [ RunTime:0.000243s ]
[2022-08-26T14:04:06+08:00][sql] UPDATE `gxfc_goods`  SET `sku_id` = 5 , `goods_stock` = 10000  WHERE  `goods_id` = 5 [ RunTime:0.000248s ]
[2022-08-26T14:04:06+08:00][sql] SHOW FULL COLUMNS FROM `gxfc_goods_attr_index` [ RunTime:0.000853s ]
[2022-08-26T14:04:06+08:00][sql] DELETE FROM `gxfc_goods_attr_index` WHERE  `goods_id` = 5  AND `app_module` = 'shop' [ RunTime:0.000187s ]
[2022-08-26T14:04:06+08:00][sql] SELECT `sku_id` FROM `gxfc_goods_sku` WHERE  `goods_id` = 5 [ RunTime:0.000187s ]
[2022-08-26T14:04:06+08:00][sql] SELECT `id` FROM `gxfc_stat_shop` WHERE  `site_id` = 1  AND `year` = 2022  AND `month` = 8  AND `day` = 26 LIMIT 1 [ RunTime:0.000304s ]
[2022-08-26T14:04:06+08:00][sql] UPDATE `gxfc_stat_shop`  SET `modify_time` = 1661493846 , `add_goods_count` = add_goods_count+1  WHERE  `site_id` = 1  AND `year` = 2022  AND `month` = 8  AND `day` = 26 [ RunTime:0.006771s ]
[2022-08-26T14:04:06+08:00][sql] SELECT `id` FROM `gxfc_stat_shop` WHERE  `site_id` = 0  AND `year` = 2022  AND `month` = 8  AND `day` = 26 LIMIT 1 [ RunTime:0.000230s ]
[2022-08-26T14:04:06+08:00][sql] UPDATE `gxfc_stat_shop`  SET `modify_time` = 1661493846 , `add_goods_count` = add_goods_count+1  WHERE  `site_id` = 0  AND `year` = 2022  AND `month` = 8  AND `day` = 26 [ RunTime:0.000243s ]
[2022-08-26T14:04:07+08:00][sql] CONNECT:[ UseTime:0.001456s ] mysql:host=127.0.0.1;port=3306;dbname=ls_ssl_com;charset=utf8
[2022-08-26T14:04:07+08:00][sql] SELECT `website_id`,`site_name`,`logo`,`is_own`,`level_id`,`category_id`,`group_id`,`seo_keywords`,`seo_description`,`expire_time`,`shop_status` FROM `gxfc_shop` WHERE  `site_id` = 1 LIMIT 1 [ RunTime:0.000368s ]
[2022-08-26T14:04:07+08:00][sql] SELECT COUNT(*) AS think_count FROM `gxfc_goods` WHERE  `verify_state` = 0  AND `is_delete` = 0  AND `site_id` = 1 [ RunTime:0.000413s ]
[2022-08-26T14:04:07+08:00][sql] SELECT COUNT(*) AS think_count FROM `gxfc_goods` WHERE  `verify_state` = -2  AND `is_delete` = 0  AND `site_id` = 1 [ RunTime:0.000265s ]
[2022-08-26T14:04:07+08:00][sql] SELECT COUNT(*) AS think_count FROM `gxfc_goods` WHERE  `verify_state` = 10  AND `is_delete` = 0  AND `site_id` = 1 [ RunTime:0.000233s ]
[2022-08-26T14:04:07+08:00][sql] SELECT `category_id`,`category_name`,`pid`,`level` FROM `gxfc_goods_shop_category` WHERE  `site_id` = 1 ORDER BY `sort` ASC [ RunTime:0.000273s ]
[2022-08-26T14:04:07+08:00][sql] SELECT `template_id`,`template_name` FROM `gxfc_express_template` WHERE  `site_id` = 1 ORDER BY `is_default` DESC [ RunTime:0.000229s ]
[2022-08-26T14:04:07+08:00][sql] CONNECT:[ UseTime:0.000480s ] mysql:host=127.0.0.1;port=3306;dbname=ls_ssl_com;charset=utf8
[2022-08-26T14:04:07+08:00][sql] SELECT `website_id`,`site_name`,`logo`,`is_own`,`level_id`,`category_id`,`group_id`,`seo_keywords`,`seo_description`,`expire_time`,`shop_status` FROM `gxfc_shop` WHERE  `site_id` = 1 LIMIT 1 [ RunTime:0.001706s ]
[2022-08-26T14:04:07+08:00][sql] SELECT COUNT(*) AS think_count FROM `gxfc_goods` WHERE  `verify_state` = 0  AND `is_delete` = 0  AND `site_id` = 1 [ RunTime:0.005308s ]
[2022-08-26T14:04:07+08:00][sql] SELECT COUNT(*) AS think_count FROM `gxfc_goods` WHERE  `verify_state` = -2  AND `is_delete` = 0  AND `site_id` = 1 [ RunTime:0.000537s ]
[2022-08-26T14:04:07+08:00][sql] SELECT COUNT(*) AS think_count FROM `gxfc_goods` WHERE  `verify_state` = 10  AND `is_delete` = 0  AND `site_id` = 1 [ RunTime:0.000327s ]
[2022-08-26T14:04:07+08:00][sql] CONNECT:[ UseTime:0.000454s ] mysql:host=127.0.0.1;port=3306;dbname=ls_ssl_com;charset=utf8
[2022-08-26T14:04:07+08:00][sql] SELECT `website_id`,`site_name`,`logo`,`is_own`,`level_id`,`category_id`,`group_id`,`seo_keywords`,`seo_description`,`expire_time`,`shop_status` FROM `gxfc_shop` WHERE  `site_id` = 1 LIMIT 1 [ RunTime:0.000382s ]
[2022-08-26T14:04:07+08:00][sql] SELECT COUNT(*) AS think_count FROM `gxfc_goods` `` WHERE  `is_delete` = 0  AND `site_id` = 1 ORDER BY `create_time` DESC [ RunTime:0.000368s ]
[2022-08-26T14:04:07+08:00][sql] SELECT `goods_id`,`goods_name`,`site_id`,`site_name`,`goods_image`,`is_own`,`goods_state`,`verify_state`,`price`,`goods_stock`,`goods_stock_alarm`,`create_time`,`sale_num`,`is_virtual`,`goods_class`,`is_fenxiao`,`fenxiao_type`,`sku_id`,`max_buy`,`min_buy`,`promotion_addon`,`sort` FROM `gxfc_goods` `` WHERE  `is_delete` = 0  AND `site_id` = 1 ORDER BY `create_time` DESC LIMIT 0,10 [ RunTime:0.000457s ]
[2022-08-26T15:07:44+08:00][sql] CONNECT:[ UseTime:0.000402s ] mysql:host=127.0.0.1;port=3306;dbname=ls_ssl_com;charset=utf8
[2022-08-26T15:07:44+08:00][sql] SELECT `site_id`,`app_module`,`config_key`,`value`,`config_desc`,`is_use`,`create_time`,`modify_time` FROM `gxfc_config` WHERE  `site_id` = 0  AND `app_module` = 'admin'  AND `config_key` = 'CAPTCHA_CONFIG' LIMIT 1 [ RunTime:0.000411s ]
[2022-08-26T15:07:44+08:00][sql] SELECT `site_id`,`app_module`,`config_key`,`value`,`config_desc`,`is_use`,`create_time`,`modify_time` FROM `gxfc_config` WHERE  `site_id` = 0  AND `app_module` = 'admin'  AND `config_key` = 'SHOP_JOIN_ADV_CONFIG' LIMIT 1 [ RunTime:0.000430s ]
[2022-08-26T15:07:44+08:00][error] [0]Argument 1 passed to think\cache\Driver::unserialize() must be of the type string, boolean given, called in /www/wwwroot/ls.chnssl.com/vendor/topthink/framework/src/think/cache/driver/File.php on line 139
[2022-08-26T15:07:44+08:00][sql] CONNECT:[ UseTime:0.000315s ] mysql:host=127.0.0.1;port=3306;dbname=ls_ssl_com;charset=utf8
[2022-08-26T15:07:44+08:00][sql] SELECT `site_id`,`app_module`,`config_key`,`value`,`config_desc`,`is_use`,`create_time`,`modify_time` FROM `gxfc_config` WHERE  `site_id` = 0  AND `app_module` = 'admin'  AND `config_key` = 'COPYRIGHT' LIMIT 1 [ RunTime:0.000352s ]
[2022-08-26T16:48:40+08:00][sql] CONNECT:[ UseTime:0.000384s ] mysql:host=127.0.0.1;port=3306;dbname=ls_ssl_com;charset=utf8
[2022-08-26T16:48:40+08:00][sql] SELECT `site_id`,`app_module`,`config_key`,`value`,`config_desc`,`is_use`,`create_time`,`modify_time` FROM `gxfc_config` WHERE  `site_id` = 0  AND `app_module` = 'admin'  AND `config_key` = 'SHOP_JOIN_ADV_CONFIG' LIMIT 1 [ RunTime:0.000364s ]
[2022-08-26T16:48:40+08:00][sql] SHOW FULL COLUMNS FROM `gxfc_document` [ RunTime:0.000942s ]
[2022-08-26T16:48:40+08:00][sql] SELECT `site_id`,`app_module`,`document_key`,`title`,`content`,`create_time`,`modify_time` FROM `gxfc_document` WHERE  `site_id` = 0  AND `app_module` = 'admin'  AND `document_key` = 'SHOP_JOIN_GUIDE_1' LIMIT 1 [ RunTime:0.000333s ]
[2022-08-26T16:48:40+08:00][sql] SELECT `site_id`,`app_module`,`document_key`,`title`,`content`,`create_time`,`modify_time` FROM `gxfc_document` WHERE  `site_id` = 0  AND `app_module` = 'admin'  AND `document_key` = 'SHOP_JOIN_GUIDE_2' LIMIT 1 [ RunTime:0.000340s ]
[2022-08-26T16:48:40+08:00][sql] SELECT `site_id`,`app_module`,`document_key`,`title`,`content`,`create_time`,`modify_time` FROM `gxfc_document` WHERE  `site_id` = 0  AND `app_module` = 'admin'  AND `document_key` = 'SHOP_JOIN_GUIDE_3' LIMIT 1 [ RunTime:0.000370s ]
[2022-08-26T16:48:40+08:00][sql] SELECT `site_id`,`app_module`,`document_key`,`title`,`content`,`create_time`,`modify_time` FROM `gxfc_document` WHERE  `site_id` = 0  AND `app_module` = 'admin'  AND `document_key` = 'SHOP_JOIN_GUIDE_4' LIMIT 1 [ RunTime:0.000283s ]
[2022-08-26T16:48:40+08:00][sql] SELECT `web_phone`,`web_email`,`web_qrcode`,`web_qq`,`web_weixin`,`logo` FROM `gxfc_website` WHERE  `site_id` = 0 LIMIT 1 [ RunTime:0.000243s ]
[2022-08-26T21:00:12+08:00][sql] CONNECT:[ UseTime:0.000398s ] mysql:host=127.0.0.1;port=3306;dbname=ls_ssl_com;charset=utf8
[2022-08-26T21:00:12+08:00][sql] SELECT `site_id`,`app_module`,`config_key`,`value`,`config_desc`,`is_use`,`create_time`,`modify_time` FROM `gxfc_config` WHERE  `site_id` = 0  AND `app_module` = 'admin'  AND `config_key` = 'SHOP_JOIN_ADV_CONFIG' LIMIT 1 [ RunTime:0.000385s ]
[2022-08-26T21:00:12+08:00][sql] SELECT `site_id`,`app_module`,`document_key`,`title`,`content`,`create_time`,`modify_time` FROM `gxfc_document` WHERE  `site_id` = 0  AND `app_module` = 'admin'  AND `document_key` = 'SHOP_JOIN_GUIDE_1' LIMIT 1 [ RunTime:0.000346s ]
[2022-08-26T21:00:12+08:00][sql] SELECT `site_id`,`app_module`,`document_key`,`title`,`content`,`create_time`,`modify_time` FROM `gxfc_document` WHERE  `site_id` = 0  AND `app_module` = 'admin'  AND `document_key` = 'SHOP_JOIN_GUIDE_2' LIMIT 1 [ RunTime:0.000319s ]
[2022-08-26T21:00:12+08:00][sql] SELECT `site_id`,`app_module`,`document_key`,`title`,`content`,`create_time`,`modify_time` FROM `gxfc_document` WHERE  `site_id` = 0  AND `app_module` = 'admin'  AND `document_key` = 'SHOP_JOIN_GUIDE_3' LIMIT 1 [ RunTime:0.000273s ]
[2022-08-26T21:00:12+08:00][sql] SELECT `site_id`,`app_module`,`document_key`,`title`,`content`,`create_time`,`modify_time` FROM `gxfc_document` WHERE  `site_id` = 0  AND `app_module` = 'admin'  AND `document_key` = 'SHOP_JOIN_GUIDE_4' LIMIT 1 [ RunTime:0.000290s ]
[2022-08-26T21:00:12+08:00][sql] SELECT `web_phone`,`web_email`,`web_qrcode`,`web_qq`,`web_weixin`,`logo` FROM `gxfc_website` WHERE  `site_id` = 0 LIMIT 1 [ RunTime:0.000259s ]
