[2022-08-02T09:29:20+08:00][sql] CONNECT:[ UseTime:0.000227s ] mysql:host=localhost;port=3306;dbname=ls_chnssl_com;charset=utf8
[2022-08-02T09:29:20+08:00][sql] SHOW FULL COLUMNS FROM `gxfc_shop` [ RunTime:0.001229s ]
[2022-08-02T09:29:20+08:00][sql] SELECT COUNT(*) AS think_count FROM `gxfc_shop` `s` LEFT JOIN `gxfc_website` `w` ON `w`.`site_id`=`s`.`website_id` ORDER BY `s`.`site_id` DESC [ RunTime:0.000252s ]
[2022-08-02T09:29:20+08:00][sql] SELECT `s`.`site_id`,`s`.`expire_time`,`s`.`site_name`,`s`.`username`,`s`.`website_id`,`s`.`cert_id`,`s`.`is_own`,`s`.`category_name`,`s`.`group_name`,`s`.`shop_status`,`s`.`site_xgl_id`,`s`.`create_time`,`w`.`site_area_name` FROM `gxfc_shop` `s` LEFT JOIN `gxfc_website` `w` ON `w`.`site_id`=`s`.`website_id` ORDER BY `s`.`site_id` DESC LIMIT 0,10 [ RunTime:0.000345s ]
[2022-08-02T09:29:20+08:00][sql] SHOW FULL COLUMNS FROM `gxfc_shop_cert` [ RunTime:0.000837s ]
[2022-08-02T09:29:20+08:00][sql] SELECT * FROM `gxfc_shop_cert` WHERE  `cert_id` = 67 LIMIT 1 [ RunTime:0.000330s ]
[2022-08-02T09:29:20+08:00][sql] SELECT * FROM `gxfc_shop_cert` WHERE  `cert_id` = 66 LIMIT 1 [ RunTime:0.000249s ]
[2022-08-02T09:29:20+08:00][sql] SELECT * FROM `gxfc_shop_cert` WHERE  `cert_id` = 61 LIMIT 1 [ RunTime:0.000228s ]
[2022-08-02T09:29:20+08:00][sql] SELECT * FROM `gxfc_shop_cert` WHERE  `cert_id` = 59 LIMIT 1 [ RunTime:0.000227s ]
[2022-08-02T09:29:20+08:00][sql] SELECT * FROM `gxfc_shop_cert` WHERE  `cert_id` = 58 LIMIT 1 [ RunTime:0.000223s ]
[2022-08-02T09:29:20+08:00][sql] SELECT * FROM `gxfc_shop_cert` WHERE  `cert_id` = 57 LIMIT 1 [ RunTime:0.000223s ]
[2022-08-02T09:29:20+08:00][sql] SELECT * FROM `gxfc_shop_cert` WHERE  `cert_id` = 56 LIMIT 1 [ RunTime:0.000213s ]
[2022-08-02T09:29:20+08:00][sql] SELECT * FROM `gxfc_shop_cert` WHERE  `cert_id` = 5 LIMIT 1 [ RunTime:0.000204s ]
[2022-08-02T09:29:20+08:00][sql] SELECT * FROM `gxfc_shop_cert` WHERE  `cert_id` = 9 LIMIT 1 [ RunTime:0.000209s ]
[2022-08-02T09:29:21+08:00][sql] SELECT * FROM `gxfc_shop_cert` WHERE  `cert_id` = 8 LIMIT 1 [ RunTime:0.000281s ]
[2022-08-02T09:52:55+08:00][sql] CONNECT:[ UseTime:0.000225s ] mysql:host=localhost;port=3306;dbname=ls_chnssl_com;charset=utf8
[2022-08-02T09:52:55+08:00][sql] SHOW FULL COLUMNS FROM `gxfc_shop` [ RunTime:0.001153s ]
[2022-08-02T09:52:55+08:00][sql] SELECT `website_id`,`site_name`,`logo`,`is_own`,`level_id`,`category_id`,`group_id`,`seo_keywords`,`seo_description`,`expire_time`,`shop_status` FROM `gxfc_shop` WHERE  `site_id` = 11 LIMIT 1 [ RunTime:0.000248s ]
[2022-08-02T09:52:55+08:00][sql] CONNECT:[ UseTime:0.000215s ] mysql:host=localhost;port=3306;dbname=ls_chnssl_com;charset=utf8
[2022-08-02T09:52:55+08:00][sql] SHOW FULL COLUMNS FROM `gxfc_shop` [ RunTime:0.001223s ]
[2022-08-02T09:52:55+08:00][sql] SELECT `website_id`,`site_name`,`logo`,`is_own`,`level_id`,`category_id`,`group_id`,`seo_keywords`,`seo_description`,`expire_time`,`shop_status` FROM `gxfc_shop` WHERE  `site_id` = 11 LIMIT 1 [ RunTime:0.000295s ]
[2022-08-02T09:52:55+08:00][sql] SHOW FULL COLUMNS FROM `gxfc_promotion_coupon_type` [ RunTime:0.000922s ]
[2022-08-02T09:52:55+08:00][sql] SELECT COUNT(*) AS think_count FROM `gxfc_promotion_coupon_type` `a` WHERE  `site_id` = 11  AND `coupon_name` LIKE '%%' ORDER BY `create_time` DESC [ RunTime:0.000249s ]
[2022-08-02T09:52:55+08:00][sql] SELECT * FROM `gxfc_promotion_coupon_type` `a` WHERE  `site_id` = 11  AND `coupon_name` LIKE '%%' ORDER BY `create_time` DESC LIMIT 0,10 [ RunTime:0.000328s ]
[2022-08-02T09:52:59+08:00][sql] CONNECT:[ UseTime:0.000239s ] mysql:host=localhost;port=3306;dbname=ls_chnssl_com;charset=utf8
[2022-08-02T09:52:59+08:00][sql] SHOW FULL COLUMNS FROM `gxfc_shop` [ RunTime:0.001272s ]
[2022-08-02T09:52:59+08:00][sql] SELECT `website_id`,`site_name`,`logo`,`is_own`,`level_id`,`category_id`,`group_id`,`seo_keywords`,`seo_description`,`expire_time`,`shop_status` FROM `gxfc_shop` WHERE  `site_id` = 11 LIMIT 1 [ RunTime:0.000251s ]
[2022-08-02T09:53:31+08:00][sql] CONNECT:[ UseTime:0.000270s ] mysql:host=localhost;port=3306;dbname=ls_chnssl_com;charset=utf8
[2022-08-02T09:53:31+08:00][sql] SHOW FULL COLUMNS FROM `gxfc_shop` [ RunTime:0.001122s ]
[2022-08-02T09:53:31+08:00][sql] SELECT `website_id`,`site_name`,`logo`,`is_own`,`level_id`,`category_id`,`group_id`,`seo_keywords`,`seo_description`,`expire_time`,`shop_status` FROM `gxfc_shop` WHERE  `site_id` = 11 LIMIT 1 [ RunTime:0.000254s ]
[2022-08-02T09:53:31+08:00][sql] SHOW FULL COLUMNS FROM `gxfc_goods` [ RunTime:0.001165s ]
[2022-08-02T09:53:31+08:00][sql] SELECT `goods_id` FROM `gxfc_goods` WHERE  `site_id` = 11  AND `goods_state` = 1 [ RunTime:0.000299s ]
[2022-08-02T09:53:31+08:00][sql] SHOW FULL COLUMNS FROM `gxfc_promotion_coupon_type` [ RunTime:0.000920s ]
[2022-08-02T09:53:31+08:00][sql] INSERT INTO `gxfc_promotion_coupon_type` SET `site_id` = 11 , `site_name` = '有点东西旗舰店' , `coupon_name` = '满100减5' , `type` = 'reward' , `goods_type` = 1 , `goods_ids` = ',29,30,31,36,37,39,40,41,42,43,55,56,57,58,59,61,' , `money` = '5' , `discount` = 0 , `discount_limit` = 0 , `count` = 10 , `max_fetch` = 1 , `at_least` = '100' , `end_time` = 1660269180 , `image` = '' , `validity_type` = 0 , `fixed_term` = 10 , `is_show` = 1 , `status` = 1 , `create_time` = 1659405211 [ RunTime:0.004925s ]
[2022-08-02T09:53:31+08:00][sql] SHOW FULL COLUMNS FROM `gxfc_cron` [ RunTime:0.002015s ]
[2022-08-02T09:53:31+08:00][sql] INSERT INTO `gxfc_cron` SET `type` = 1 , `period` = 1 , `period_type` = 0 , `name` = '优惠券活动定时结束' , `event` = 'CronCouponTypeEnd' , `execute_time` = 1660269180 , `relate_id` = 14 , `create_time` = 1659405211 [ RunTime:0.003902s ]
[2022-08-02T09:53:35+08:00][sql] CONNECT:[ UseTime:0.000240s ] mysql:host=localhost;port=3306;dbname=ls_chnssl_com;charset=utf8
[2022-08-02T09:53:35+08:00][sql] SHOW FULL COLUMNS FROM `gxfc_shop` [ RunTime:0.001190s ]
[2022-08-02T09:53:35+08:00][sql] SELECT `website_id`,`site_name`,`logo`,`is_own`,`level_id`,`category_id`,`group_id`,`seo_keywords`,`seo_description`,`expire_time`,`shop_status` FROM `gxfc_shop` WHERE  `site_id` = 11 LIMIT 1 [ RunTime:0.000246s ]
[2022-08-02T09:53:35+08:00][sql] CONNECT:[ UseTime:0.000230s ] mysql:host=localhost;port=3306;dbname=ls_chnssl_com;charset=utf8
[2022-08-02T09:53:35+08:00][sql] SHOW FULL COLUMNS FROM `gxfc_shop` [ RunTime:0.001214s ]
[2022-08-02T09:53:35+08:00][sql] SELECT `website_id`,`site_name`,`logo`,`is_own`,`level_id`,`category_id`,`group_id`,`seo_keywords`,`seo_description`,`expire_time`,`shop_status` FROM `gxfc_shop` WHERE  `site_id` = 11 LIMIT 1 [ RunTime:0.000254s ]
[2022-08-02T09:53:35+08:00][sql] SHOW FULL COLUMNS FROM `gxfc_promotion_coupon_type` [ RunTime:0.000981s ]
[2022-08-02T09:53:35+08:00][sql] SELECT COUNT(*) AS think_count FROM `gxfc_promotion_coupon_type` `a` WHERE  `site_id` = 11  AND `coupon_name` LIKE '%%' ORDER BY `create_time` DESC [ RunTime:0.000241s ]
[2022-08-02T09:53:35+08:00][sql] SELECT * FROM `gxfc_promotion_coupon_type` `a` WHERE  `site_id` = 11  AND `coupon_name` LIKE '%%' ORDER BY `create_time` DESC LIMIT 0,10 [ RunTime:0.000351s ]
[2022-08-02T09:58:40+08:00][sql] CONNECT:[ UseTime:0.000225s ] mysql:host=localhost;port=3306;dbname=ls_chnssl_com;charset=utf8
[2022-08-02T09:58:40+08:00][sql] SHOW FULL COLUMNS FROM `gxfc_shop` [ RunTime:0.001150s ]
[2022-08-02T09:58:40+08:00][sql] SELECT `website_id`,`site_name`,`logo`,`is_own`,`level_id`,`category_id`,`group_id`,`seo_keywords`,`seo_description`,`expire_time`,`shop_status` FROM `gxfc_shop` WHERE  `site_id` = 11 LIMIT 1 [ RunTime:0.000253s ]
[2022-08-02T09:58:40+08:00][sql] CONNECT:[ UseTime:0.000240s ] mysql:host=localhost;port=3306;dbname=ls_chnssl_com;charset=utf8
[2022-08-02T09:58:40+08:00][sql] SHOW FULL COLUMNS FROM `gxfc_shop` [ RunTime:0.001093s ]
[2022-08-02T09:58:40+08:00][sql] SELECT `website_id`,`site_name`,`logo`,`is_own`,`level_id`,`category_id`,`group_id`,`seo_keywords`,`seo_description`,`expire_time`,`shop_status` FROM `gxfc_shop` WHERE  `site_id` = 11 LIMIT 1 [ RunTime:0.000263s ]
[2022-08-02T09:58:40+08:00][sql] SHOW FULL COLUMNS FROM `gxfc_promotion_coupon` [ RunTime:0.000949s ]
[2022-08-02T09:58:40+08:00][sql] SELECT COUNT(*) AS think_count FROM `gxfc_promotion_coupon` `npc` INNER JOIN `gxfc_member` `mem` ON `npc`.`member_id`=`mem`.`member_id` LEFT JOIN `gxfc_order` `on` ON `npc`.`use_order_id`=`on`.`order_id` WHERE  `npc`.`coupon_type_id` = '14'  AND `npc`.`site_id` = 11 ORDER BY `fetch_time` DESC [ RunTime:0.000311s ]
[2022-08-02T09:58:40+08:00][sql] SELECT `npc`.`coupon_name`,`npc`.`type`,`npc`.`use_order_id`,`npc`.`coupon_id`,`npc`.`coupon_type_id`,`npc`.`site_id`,`npc`.`coupon_code`,`npc`.`member_id`,`npc`.`discount_limit`,`npc`.`at_least`,`npc`.`money`,`npc`.`discount`,`npc`.`state`,`npc`.`get_type`,`npc`.`fetch_time`,`npc`.`use_time`,`npc`.`end_time`,`mem`.`username`,`on`.`order_no`,`npc`.`site_name`,`npc`.`goods_type` FROM `gxfc_promotion_coupon` `npc` INNER JOIN `gxfc_member` `mem` ON `npc`.`member_id`=`mem`.`member_id` LEFT JOIN `gxfc_order` `on` ON `npc`.`use_order_id`=`on`.`order_id` WHERE  `npc`.`coupon_type_id` = '14'  AND `npc`.`site_id` = 11 ORDER BY `fetch_time` DESC LIMIT 0,10 [ RunTime:0.000326s ]
[2022-08-02T09:58:43+08:00][sql] CONNECT:[ UseTime:0.000225s ] mysql:host=localhost;port=3306;dbname=ls_chnssl_com;charset=utf8
[2022-08-02T09:58:43+08:00][sql] SHOW FULL COLUMNS FROM `gxfc_shop` [ RunTime:0.001196s ]
[2022-08-02T09:58:43+08:00][sql] SELECT `website_id`,`site_name`,`logo`,`is_own`,`level_id`,`category_id`,`group_id`,`seo_keywords`,`seo_description`,`expire_time`,`shop_status` FROM `gxfc_shop` WHERE  `site_id` = 11 LIMIT 1 [ RunTime:0.000251s ]
[2022-08-02T09:58:43+08:00][sql] SHOW FULL COLUMNS FROM `gxfc_menu` [ RunTime:0.000876s ]
[2022-08-02T09:58:43+08:00][sql] SELECT `id`,`app_module`,`name`,`title`,`parent`,`level`,`url`,`is_show`,`sort`,`desc`,`picture`,`is_icon`,`picture_select`,`is_control`,`addon` FROM `gxfc_menu` WHERE  `url` = 'coupon://shop/Coupon/edit'  AND `app_module` = 'shop' ORDER BY `level` DESC LIMIT 1 [ RunTime:0.000321s ]
[2022-08-02T09:58:43+08:00][sql] SELECT `id`,`app_module`,`name`,`title`,`parent`,`level`,`url`,`is_show`,`sort`,`desc`,`picture`,`is_icon`,`picture_select`,`is_control`,`addon` FROM `gxfc_menu` WHERE  `name` = 'PROMOTION_COUPON_EDIT'  AND `app_module` = 'shop' LIMIT 1 [ RunTime:0.000240s ]
[2022-08-02T09:58:43+08:00][sql] SHOW FULL COLUMNS FROM `gxfc_promotion_coupon_type` [ RunTime:0.000917s ]
[2022-08-02T09:58:43+08:00][sql] SELECT `coupon_type_id`,`type`,`site_id`,`site_name`,`coupon_name`,`coupon_name_remark`,`image`,`count`,`lead_count`,`used_count`,`goods_type`,`goods_ids`,`is_limit`,`at_least`,`money`,`discount`,`discount_limit`,`min_money`,`max_money`,`validity_type`,`start_use_time`,`end_use_time`,`fixed_term`,`is_limit_member`,`member_level_ids`,`is_limitless`,`max_fetch`,`is_expire_notice`,`expire_notice_fixed_term`,`is_mark`,`member_label_ids`,`is_share`,`is_handsel`,`is_forbid_preference`,`is_show`,`discount_order_money`,`order_money`,`is_forbidden`,`old_member_num`,`new_member_num`,`order_goods_num`,`status`,`create_time`,`update_time`,`end_time` FROM `gxfc_promotion_coupon_type` WHERE  `coupon_type_id` = 14  AND `site_id` = 11 LIMIT 1 [ RunTime:0.000340s ]
[2022-08-02T09:58:59+08:00][sql] CONNECT:[ UseTime:0.000253s ] mysql:host=localhost;port=3306;dbname=ls_chnssl_com;charset=utf8
[2022-08-02T09:58:59+08:00][sql] SHOW FULL COLUMNS FROM `gxfc_shop` [ RunTime:0.001168s ]
[2022-08-02T09:58:59+08:00][sql] SELECT `website_id`,`site_name`,`logo`,`is_own`,`level_id`,`category_id`,`group_id`,`seo_keywords`,`seo_description`,`expire_time`,`shop_status` FROM `gxfc_shop` WHERE  `site_id` = 11 LIMIT 1 [ RunTime:0.000440s ]
[2022-08-02T09:58:59+08:00][sql] SHOW FULL COLUMNS FROM `gxfc_promotion_coupon_type` [ RunTime:0.000977s ]
[2022-08-02T09:58:59+08:00][sql] SELECT COUNT(*) AS think_count FROM `gxfc_promotion_coupon_type` `a` WHERE  `status` = 1  AND `site_id` = 11  AND `coupon_name` LIKE '%%' ORDER BY `create_time` DESC [ RunTime:0.000305s ]
[2022-08-02T09:58:59+08:00][sql] SELECT * FROM `gxfc_promotion_coupon_type` `a` WHERE  `status` = 1  AND `site_id` = 11  AND `coupon_name` LIKE '%%' ORDER BY `create_time` DESC LIMIT 0,10 [ RunTime:0.000445s ]
[2022-08-02T10:16:20+08:00][sql] CONNECT:[ UseTime:0.000229s ] mysql:host=localhost;port=3306;dbname=ls_chnssl_com;charset=utf8
[2022-08-02T10:16:20+08:00][sql] SHOW FULL COLUMNS FROM `gxfc_addon` [ RunTime:0.000951s ]
[2022-08-02T10:16:20+08:00][sql] SELECT `name` FROM `gxfc_addon` [ RunTime:0.000204s ]
[2022-08-02T10:16:20+08:00][sql] SHOW FULL COLUMNS FROM `gxfc_group` [ RunTime:0.000874s ]
[2022-08-02T10:16:20+08:00][sql] SELECT * FROM `gxfc_group` WHERE  `group_id` = 1  AND `site_id` = 0  AND `app_module` = 'admin' LIMIT 1 [ RunTime:0.000265s ]
[2022-08-02T10:16:20+08:00][sql] SHOW FULL COLUMNS FROM `gxfc_menu` [ RunTime:0.000733s ]
[2022-08-02T10:16:20+08:00][sql] SELECT * FROM `gxfc_menu` WHERE  `app_module` = 'admin'  AND `is_show` = 1 ORDER BY `sort` ASC [ RunTime:0.001304s ]
[2022-08-02T10:16:20+08:00][sql] SELECT `id`,`app_module`,`name`,`title`,`parent`,`level`,`url`,`is_show`,`sort`,`desc`,`picture`,`is_icon`,`picture_select`,`is_control`,`addon` FROM `gxfc_menu` WHERE  `url` = 'admin/Diy/memberindex'  AND `app_module` = 'admin' ORDER BY `level` DESC LIMIT 1 [ RunTime:0.000303s ]
[2022-08-02T10:16:20+08:00][sql] SELECT `id`,`app_module`,`name`,`title`,`parent`,`level`,`url`,`is_show`,`sort`,`desc`,`picture`,`is_icon`,`picture_select`,`is_control`,`addon` FROM `gxfc_menu` WHERE  `name` = 'WEBSITE_MID_MEMBER_INDEX'  AND `app_module` = 'admin' LIMIT 1 [ RunTime:0.000244s ]
[2022-08-02T10:16:20+08:00][sql] SELECT `id`,`app_module`,`name`,`title`,`parent`,`level`,`url`,`is_show`,`sort`,`desc`,`picture`,`is_icon`,`picture_select`,`is_control`,`addon` FROM `gxfc_menu` WHERE  `name` = 'WEBSITE_MID_CONFIG'  AND `app_module` = 'admin' LIMIT 1 [ RunTime:0.000237s ]
[2022-08-02T10:16:20+08:00][sql] SELECT `id`,`app_module`,`name`,`title`,`parent`,`level`,`url`,`is_show`,`sort`,`desc`,`picture`,`is_icon`,`picture_select`,`is_control`,`addon` FROM `gxfc_menu` WHERE  `name` = 'APPLET_ROOT'  AND `app_module` = 'admin' LIMIT 1 [ RunTime:0.000251s ]
[2022-08-02T10:16:20+08:00][sql] SHOW FULL COLUMNS FROM `gxfc_website` [ RunTime:0.000822s ]
[2022-08-02T10:16:20+08:00][sql] SELECT `title`,`logo`,`desc`,`keywords`,`web_status`,`close_reason` FROM `gxfc_website` WHERE  `site_id` = 0 LIMIT 1 [ RunTime:0.000217s ]
[2022-08-02T10:16:20+08:00][sql] SHOW FULL COLUMNS FROM `gxfc_config` [ RunTime:0.000789s ]
[2022-08-02T10:16:20+08:00][sql] SELECT `site_id`,`app_module`,`config_key`,`value`,`config_desc`,`is_use`,`create_time`,`modify_time` FROM `gxfc_config` WHERE  `site_id` = 0  AND `app_module` = 'admin'  AND `config_key` = 'COPYRIGHT' LIMIT 1 [ RunTime:0.000175s ]
[2022-08-02T10:16:20+08:00][sql] SELECT `site_id`,`app_module`,`config_key`,`value`,`config_desc`,`is_use`,`create_time`,`modify_time` FROM `gxfc_config` WHERE  `site_id` = 0  AND `app_module` = 'admin'  AND `config_key` = 'DEFAULT_IMAGE' LIMIT 1 [ RunTime:0.000170s ]
[2022-08-02T10:16:20+08:00][sql] SELECT `site_id`,`app_module`,`config_key`,`value`,`config_desc`,`is_use`,`create_time`,`modify_time` FROM `gxfc_config` WHERE  `site_id` = 0  AND `app_module` = 'shop'  AND `config_key` = 'DIY_MEMBER_INDEX_CONFIG_SHOP_0' LIMIT 1 [ RunTime:0.000212s ]
