[2022-08-10T10:52:59+08:00][sql] CONNECT:[ UseTime:0.000483s ] mysql:host=127.0.0.1;port=3306;dbname=ls_ssl_com;charset=utf8
[2022-08-10T10:52:59+08:00][sql] SELECT COUNT(*) AS think_count FROM `gxfc_shop` `s` LEFT JOIN `gxfc_website` `w` ON `w`.`site_id`=`s`.`website_id` ORDER BY `s`.`site_id` DESC [ RunTime:0.000322s ]
[2022-08-10T10:52:59+08:00][sql] SELECT `s`.`site_id`,`s`.`expire_time`,`s`.`site_name`,`s`.`username`,`s`.`website_id`,`s`.`cert_id`,`s`.`is_own`,`s`.`category_name`,`s`.`group_name`,`s`.`shop_status`,`s`.`create_time`,`w`.`site_area_name` FROM `gxfc_shop` `s` LEFT JOIN `gxfc_website` `w` ON `w`.`site_id`=`s`.`website_id` ORDER BY `s`.`site_id` DESC LIMIT 0,10 [ RunTime:0.000298s ]
[2022-08-10T10:52:59+08:00][sql] SELECT * FROM `gxfc_shop_cert` WHERE  `cert_id` = 1 LIMIT 1 [ RunTime:0.000382s ]
[2022-08-10T10:53:01+08:00][sql] CONNECT:[ UseTime:0.000373s ] mysql:host=127.0.0.1;port=3306;dbname=ls_ssl_com;charset=utf8
[2022-08-10T10:53:01+08:00][sql] SELECT COUNT(*) AS think_count FROM `gxfc_website` `a` WHERE  `site_id` > 0 ORDER BY `status` DESC,`site_id` DESC [ RunTime:0.000336s ]
[2022-08-10T10:53:01+08:00][sql] SELECT * FROM `gxfc_website` `a` WHERE  `site_id` > 0 ORDER BY `status` DESC,`site_id` DESC LIMIT 0,10 [ RunTime:0.000414s ]
[2022-08-10T10:54:17+08:00][sql] CONNECT:[ UseTime:0.000370s ] mysql:host=127.0.0.1;port=3306;dbname=ls_ssl_com;charset=utf8
[2022-08-10T10:54:17+08:00][sql] SELECT `name` FROM `gxfc_addon` [ RunTime:0.000324s ]
[2022-08-10T10:54:18+08:00][sql] SELECT * FROM `gxfc_group` WHERE  `group_id` = 1  AND `site_id` = 0  AND `app_module` = 'admin' LIMIT 1 [ RunTime:0.000434s ]
[2022-08-10T10:54:18+08:00][sql] SELECT * FROM `gxfc_menu` WHERE  `app_module` = 'admin'  AND `is_show` = 1 ORDER BY `sort` ASC [ RunTime:0.001241s ]
[2022-08-10T10:54:18+08:00][sql] SELECT `id`,`app_module`,`name`,`title`,`parent`,`level`,`url`,`is_show`,`sort`,`desc`,`picture`,`is_icon`,`picture_select`,`is_control`,`addon` FROM `gxfc_menu` WHERE  `url` = 'admin/Upgrade/auth'  AND `app_module` = 'admin' ORDER BY `level` DESC LIMIT 1 [ RunTime:0.000357s ]
[2022-08-10T10:54:18+08:00][sql] SELECT `id`,`app_module`,`name`,`title`,`parent`,`level`,`url`,`is_show`,`sort`,`desc`,`picture`,`is_icon`,`picture_select`,`is_control`,`addon` FROM `gxfc_menu` WHERE  `name` = 'AUTH_INFO'  AND `app_module` = 'admin' LIMIT 1 [ RunTime:0.000324s ]
[2022-08-10T10:54:18+08:00][sql] SELECT `id`,`app_module`,`name`,`title`,`parent`,`level`,`url`,`is_show`,`sort`,`desc`,`picture`,`is_icon`,`picture_select`,`is_control`,`addon` FROM `gxfc_menu` WHERE  `name` = 'UPGRADE_ROOT'  AND `app_module` = 'admin' LIMIT 1 [ RunTime:0.000269s ]
[2022-08-10T10:54:18+08:00][sql] SELECT `title`,`logo`,`desc`,`keywords`,`web_status`,`close_reason` FROM `gxfc_website` WHERE  `site_id` = 0 LIMIT 1 [ RunTime:0.000280s ]
[2022-08-10T10:54:18+08:00][sql] SELECT `site_id`,`app_module`,`config_key`,`value`,`config_desc`,`is_use`,`create_time`,`modify_time` FROM `gxfc_config` WHERE  `site_id` = 0  AND `app_module` = 'admin'  AND `config_key` = 'COPYRIGHT' LIMIT 1 [ RunTime:0.000267s ]
[2022-08-10T10:54:18+08:00][sql] SELECT `site_id`,`app_module`,`config_key`,`value`,`config_desc`,`is_use`,`create_time`,`modify_time` FROM `gxfc_config` WHERE  `site_id` = 0  AND `app_module` = 'admin'  AND `config_key` = 'DEFAULT_IMAGE' LIMIT 1 [ RunTime:0.000224s ]
[2022-08-10T10:54:18+08:00][sql] SELECT `parent` FROM `gxfc_menu` WHERE  `url` = 'admin/upgrade/auth'  AND `level` = 4 LIMIT 1 [ RunTime:0.000296s ]
[2022-08-10T10:54:58+08:00][sql] CONNECT:[ UseTime:0.000372s ] mysql:host=127.0.0.1;port=3306;dbname=ls_ssl_com;charset=utf8
[2022-08-10T10:54:58+08:00][sql] SELECT `id`,`app_module`,`name`,`title`,`parent`,`level`,`url`,`is_show`,`sort`,`desc`,`picture`,`is_icon`,`picture_select`,`is_control`,`addon` FROM `gxfc_menu` WHERE  `url` = 'pc://admin/Pc/deploy'  AND `app_module` = 'admin' ORDER BY `level` DESC LIMIT 1 [ RunTime:0.000474s ]
[2022-08-10T10:54:58+08:00][sql] SELECT `id`,`app_module`,`name`,`title`,`parent`,`level`,`url`,`is_show`,`sort`,`desc`,`picture`,`is_icon`,`picture_select`,`is_control`,`addon` FROM `gxfc_menu` WHERE  `name` = 'PC_INDEX_DEPLOY'  AND `app_module` = 'admin' LIMIT 1 [ RunTime:0.000336s ]
[2022-08-10T10:54:58+08:00][sql] SELECT `site_id`,`app_module`,`config_key`,`value`,`config_desc`,`is_use`,`create_time`,`modify_time` FROM `gxfc_config` WHERE  `site_id` = 0  AND `app_module` = 'admin'  AND `config_key` = 'PC_DOMAIN_NAME' LIMIT 1 [ RunTime:0.000347s ]
[2022-08-10T10:55:12+08:00][sql] CONNECT:[ UseTime:0.000455s ] mysql:host=127.0.0.1;port=3306;dbname=ls_ssl_com;charset=utf8
[2022-08-10T10:55:12+08:00][sql] SELECT `name` FROM `gxfc_addon` [ RunTime:0.000323s ]
[2022-08-10T10:55:13+08:00][sql] SELECT * FROM `gxfc_group` WHERE  `group_id` = 1  AND `site_id` = 0  AND `app_module` = 'admin' LIMIT 1 [ RunTime:0.000498s ]
[2022-08-10T10:55:13+08:00][sql] SELECT * FROM `gxfc_menu` WHERE  `app_module` = 'admin'  AND `is_show` = 1 ORDER BY `sort` ASC [ RunTime:0.001248s ]
[2022-08-10T10:55:13+08:00][sql] SELECT `id`,`app_module`,`name`,`title`,`parent`,`level`,`url`,`is_show`,`sort`,`desc`,`picture`,`is_icon`,`picture_select`,`is_control`,`addon` FROM `gxfc_menu` WHERE  `url` = 'pc://admin/Pc/deploy'  AND `app_module` = 'admin' ORDER BY `level` DESC LIMIT 1 [ RunTime:0.000356s ]
[2022-08-10T10:55:13+08:00][sql] SELECT `id`,`app_module`,`name`,`title`,`parent`,`level`,`url`,`is_show`,`sort`,`desc`,`picture`,`is_icon`,`picture_select`,`is_control`,`addon` FROM `gxfc_menu` WHERE  `name` = 'PC_INDEX_DEPLOY'  AND `app_module` = 'admin' LIMIT 1 [ RunTime:0.000308s ]
[2022-08-10T10:55:13+08:00][sql] SELECT `id`,`app_module`,`name`,`title`,`parent`,`level`,`url`,`is_show`,`sort`,`desc`,`picture`,`is_icon`,`picture_select`,`is_control`,`addon` FROM `gxfc_menu` WHERE  `name` = 'WEBSITE_DEPLOY'  AND `app_module` = 'admin' LIMIT 1 [ RunTime:0.000294s ]
[2022-08-10T10:55:13+08:00][sql] SELECT `id`,`app_module`,`name`,`title`,`parent`,`level`,`url`,`is_show`,`sort`,`desc`,`picture`,`is_icon`,`picture_select`,`is_control`,`addon` FROM `gxfc_menu` WHERE  `name` = 'CONFIG_ROOT'  AND `app_module` = 'admin' LIMIT 1 [ RunTime:0.000269s ]
[2022-08-10T10:55:13+08:00][sql] SELECT `title`,`logo`,`desc`,`keywords`,`web_status`,`close_reason` FROM `gxfc_website` WHERE  `site_id` = 0 LIMIT 1 [ RunTime:0.000211s ]
[2022-08-10T10:55:13+08:00][sql] SELECT `site_id`,`app_module`,`config_key`,`value`,`config_desc`,`is_use`,`create_time`,`modify_time` FROM `gxfc_config` WHERE  `site_id` = 0  AND `app_module` = 'admin'  AND `config_key` = 'COPYRIGHT' LIMIT 1 [ RunTime:0.000247s ]
[2022-08-10T10:55:13+08:00][sql] SELECT `site_id`,`app_module`,`config_key`,`value`,`config_desc`,`is_use`,`create_time`,`modify_time` FROM `gxfc_config` WHERE  `site_id` = 0  AND `app_module` = 'admin'  AND `config_key` = 'DEFAULT_IMAGE' LIMIT 1 [ RunTime:0.000238s ]
[2022-08-10T10:55:13+08:00][sql] SELECT `site_id`,`app_module`,`config_key`,`value`,`config_desc`,`is_use`,`create_time`,`modify_time` FROM `gxfc_config` WHERE  `site_id` = 0  AND `app_module` = 'admin'  AND `config_key` = 'PC_DOMAIN_NAME' LIMIT 1 [ RunTime:0.000229s ]
[2022-08-10T10:55:30+08:00][sql] CONNECT:[ UseTime:0.000371s ] mysql:host=127.0.0.1;port=3306;dbname=ls_ssl_com;charset=utf8
[2022-08-10T10:55:30+08:00][sql] SELECT `name` FROM `gxfc_addon` [ RunTime:0.000283s ]
[2022-08-10T10:55:31+08:00][sql] SELECT * FROM `gxfc_group` WHERE  `group_id` = 1  AND `site_id` = 0  AND `app_module` = 'admin' LIMIT 1 [ RunTime:0.000438s ]
[2022-08-10T10:55:31+08:00][sql] SELECT * FROM `gxfc_menu` WHERE  `app_module` = 'admin'  AND `is_show` = 1 ORDER BY `sort` ASC [ RunTime:0.001216s ]
[2022-08-10T10:55:31+08:00][sql] SELECT `id`,`app_module`,`name`,`title`,`parent`,`level`,`url`,`is_show`,`sort`,`desc`,`picture`,`is_icon`,`picture_select`,`is_control`,`addon` FROM `gxfc_menu` WHERE  `url` = 'pc://admin/Pc/deploy'  AND `app_module` = 'admin' ORDER BY `level` DESC LIMIT 1 [ RunTime:0.000338s ]
[2022-08-10T10:55:31+08:00][sql] SELECT `id`,`app_module`,`name`,`title`,`parent`,`level`,`url`,`is_show`,`sort`,`desc`,`picture`,`is_icon`,`picture_select`,`is_control`,`addon` FROM `gxfc_menu` WHERE  `name` = 'PC_INDEX_DEPLOY'  AND `app_module` = 'admin' LIMIT 1 [ RunTime:0.000274s ]
[2022-08-10T10:55:31+08:00][sql] SELECT `id`,`app_module`,`name`,`title`,`parent`,`level`,`url`,`is_show`,`sort`,`desc`,`picture`,`is_icon`,`picture_select`,`is_control`,`addon` FROM `gxfc_menu` WHERE  `name` = 'WEBSITE_DEPLOY'  AND `app_module` = 'admin' LIMIT 1 [ RunTime:0.000295s ]
[2022-08-10T10:55:31+08:00][sql] SELECT `id`,`app_module`,`name`,`title`,`parent`,`level`,`url`,`is_show`,`sort`,`desc`,`picture`,`is_icon`,`picture_select`,`is_control`,`addon` FROM `gxfc_menu` WHERE  `name` = 'CONFIG_ROOT'  AND `app_module` = 'admin' LIMIT 1 [ RunTime:0.000267s ]
[2022-08-10T10:55:31+08:00][sql] SELECT `title`,`logo`,`desc`,`keywords`,`web_status`,`close_reason` FROM `gxfc_website` WHERE  `site_id` = 0 LIMIT 1 [ RunTime:0.000239s ]
[2022-08-10T10:55:31+08:00][sql] SELECT `site_id`,`app_module`,`config_key`,`value`,`config_desc`,`is_use`,`create_time`,`modify_time` FROM `gxfc_config` WHERE  `site_id` = 0  AND `app_module` = 'admin'  AND `config_key` = 'COPYRIGHT' LIMIT 1 [ RunTime:0.000254s ]
[2022-08-10T10:55:31+08:00][sql] SELECT `site_id`,`app_module`,`config_key`,`value`,`config_desc`,`is_use`,`create_time`,`modify_time` FROM `gxfc_config` WHERE  `site_id` = 0  AND `app_module` = 'admin'  AND `config_key` = 'DEFAULT_IMAGE' LIMIT 1 [ RunTime:0.000246s ]
[2022-08-10T10:55:31+08:00][sql] SELECT `site_id`,`app_module`,`config_key`,`value`,`config_desc`,`is_use`,`create_time`,`modify_time` FROM `gxfc_config` WHERE  `site_id` = 0  AND `app_module` = 'admin'  AND `config_key` = 'PC_DOMAIN_NAME' LIMIT 1 [ RunTime:0.000251s ]
[2022-08-10T10:55:51+08:00][sql] CONNECT:[ UseTime:0.000337s ] mysql:host=127.0.0.1;port=3306;dbname=ls_ssl_com;charset=utf8
[2022-08-10T10:55:51+08:00][sql] SELECT `name` FROM `gxfc_addon` [ RunTime:0.000289s ]
[2022-08-10T10:55:52+08:00][sql] SELECT * FROM `gxfc_group` WHERE  `group_id` = 1  AND `site_id` = 0  AND `app_module` = 'admin' LIMIT 1 [ RunTime:0.000445s ]
[2022-08-10T10:55:52+08:00][sql] SELECT * FROM `gxfc_menu` WHERE  `app_module` = 'admin'  AND `is_show` = 1 ORDER BY `sort` ASC [ RunTime:0.001198s ]
[2022-08-10T10:55:52+08:00][sql] SELECT `id`,`app_module`,`name`,`title`,`parent`,`level`,`url`,`is_show`,`sort`,`desc`,`picture`,`is_icon`,`picture_select`,`is_control`,`addon` FROM `gxfc_menu` WHERE  `url` = 'admin/Config/receivable'  AND `app_module` = 'admin' ORDER BY `level` DESC LIMIT 1 [ RunTime:0.000338s ]
[2022-08-10T10:55:52+08:00][sql] SELECT `id`,`app_module`,`name`,`title`,`parent`,`level`,`url`,`is_show`,`sort`,`desc`,`picture`,`is_icon`,`picture_select`,`is_control`,`addon` FROM `gxfc_menu` WHERE  `name` = 'CONFIG_RECEIVABLE'  AND `app_module` = 'admin' LIMIT 1 [ RunTime:0.000280s ]
[2022-08-10T10:55:52+08:00][sql] SELECT `id`,`app_module`,`name`,`title`,`parent`,`level`,`url`,`is_show`,`sort`,`desc`,`picture`,`is_icon`,`picture_select`,`is_control`,`addon` FROM `gxfc_menu` WHERE  `name` = 'CONFIG_MALL'  AND `app_module` = 'admin' LIMIT 1 [ RunTime:0.000349s ]
[2022-08-10T10:55:52+08:00][sql] SELECT `id`,`app_module`,`name`,`title`,`parent`,`level`,`url`,`is_show`,`sort`,`desc`,`picture`,`is_icon`,`picture_select`,`is_control`,`addon` FROM `gxfc_menu` WHERE  `name` = 'CONFIG_ROOT'  AND `app_module` = 'admin' LIMIT 1 [ RunTime:0.000265s ]
[2022-08-10T10:55:52+08:00][sql] SELECT `title`,`logo`,`desc`,`keywords`,`web_status`,`close_reason` FROM `gxfc_website` WHERE  `site_id` = 0 LIMIT 1 [ RunTime:0.000229s ]
[2022-08-10T10:55:52+08:00][sql] SELECT `site_id`,`app_module`,`config_key`,`value`,`config_desc`,`is_use`,`create_time`,`modify_time` FROM `gxfc_config` WHERE  `site_id` = 0  AND `app_module` = 'admin'  AND `config_key` = 'COPYRIGHT' LIMIT 1 [ RunTime:0.000322s ]
[2022-08-10T10:55:52+08:00][sql] SELECT `site_id`,`app_module`,`config_key`,`value`,`config_desc`,`is_use`,`create_time`,`modify_time` FROM `gxfc_config` WHERE  `site_id` = 0  AND `app_module` = 'admin'  AND `config_key` = 'DEFAULT_IMAGE' LIMIT 1 [ RunTime:0.000238s ]
[2022-08-10T10:55:52+08:00][sql] SELECT `site_id`,`app_module`,`config_key`,`value`,`config_desc`,`is_use`,`create_time`,`modify_time` FROM `gxfc_config` WHERE  `site_id` = 0  AND `app_module` = 'admin'  AND `config_key` = 'SYSTEM_BANK_ACCOUNT' LIMIT 1 [ RunTime:0.000237s ]
[2022-08-10T10:56:04+08:00][sql] CONNECT:[ UseTime:0.000318s ] mysql:host=127.0.0.1;port=3306;dbname=ls_ssl_com;charset=utf8
[2022-08-10T10:56:04+08:00][sql] SELECT `name` FROM `gxfc_addon` [ RunTime:0.000297s ]
[2022-08-10T10:56:05+08:00][sql] SELECT * FROM `gxfc_group` WHERE  `group_id` = 1  AND `site_id` = 0  AND `app_module` = 'admin' LIMIT 1 [ RunTime:0.000425s ]
[2022-08-10T10:56:05+08:00][sql] SELECT * FROM `gxfc_menu` WHERE  `app_module` = 'admin'  AND `is_show` = 1 ORDER BY `sort` ASC [ RunTime:0.001187s ]
[2022-08-10T10:56:05+08:00][sql] SELECT `id`,`app_module`,`name`,`title`,`parent`,`level`,`url`,`is_show`,`sort`,`desc`,`picture`,`is_icon`,`picture_select`,`is_control`,`addon` FROM `gxfc_menu` WHERE  `url` = 'admin/Config/receivable'  AND `app_module` = 'admin' ORDER BY `level` DESC LIMIT 1 [ RunTime:0.000344s ]
[2022-08-10T10:56:05+08:00][sql] SELECT `id`,`app_module`,`name`,`title`,`parent`,`level`,`url`,`is_show`,`sort`,`desc`,`picture`,`is_icon`,`picture_select`,`is_control`,`addon` FROM `gxfc_menu` WHERE  `name` = 'CONFIG_RECEIVABLE'  AND `app_module` = 'admin' LIMIT 1 [ RunTime:0.000327s ]
[2022-08-10T10:56:05+08:00][sql] SELECT `id`,`app_module`,`name`,`title`,`parent`,`level`,`url`,`is_show`,`sort`,`desc`,`picture`,`is_icon`,`picture_select`,`is_control`,`addon` FROM `gxfc_menu` WHERE  `name` = 'CONFIG_MALL'  AND `app_module` = 'admin' LIMIT 1 [ RunTime:0.000307s ]
[2022-08-10T10:56:05+08:00][sql] SELECT `id`,`app_module`,`name`,`title`,`parent`,`level`,`url`,`is_show`,`sort`,`desc`,`picture`,`is_icon`,`picture_select`,`is_control`,`addon` FROM `gxfc_menu` WHERE  `name` = 'CONFIG_ROOT'  AND `app_module` = 'admin' LIMIT 1 [ RunTime:0.000321s ]
[2022-08-10T10:56:05+08:00][sql] SELECT `title`,`logo`,`desc`,`keywords`,`web_status`,`close_reason` FROM `gxfc_website` WHERE  `site_id` = 0 LIMIT 1 [ RunTime:0.000259s ]
[2022-08-10T10:56:05+08:00][sql] SELECT `site_id`,`app_module`,`config_key`,`value`,`config_desc`,`is_use`,`create_time`,`modify_time` FROM `gxfc_config` WHERE  `site_id` = 0  AND `app_module` = 'admin'  AND `config_key` = 'COPYRIGHT' LIMIT 1 [ RunTime:0.000297s ]
[2022-08-10T10:56:05+08:00][sql] SELECT `site_id`,`app_module`,`config_key`,`value`,`config_desc`,`is_use`,`create_time`,`modify_time` FROM `gxfc_config` WHERE  `site_id` = 0  AND `app_module` = 'admin'  AND `config_key` = 'DEFAULT_IMAGE' LIMIT 1 [ RunTime:0.000276s ]
[2022-08-10T10:56:05+08:00][sql] SELECT `site_id`,`app_module`,`config_key`,`value`,`config_desc`,`is_use`,`create_time`,`modify_time` FROM `gxfc_config` WHERE  `site_id` = 0  AND `app_module` = 'admin'  AND `config_key` = 'SYSTEM_BANK_ACCOUNT' LIMIT 1 [ RunTime:0.000246s ]
[2022-08-10T10:56:19+08:00][sql] CONNECT:[ UseTime:0.000365s ] mysql:host=127.0.0.1;port=3306;dbname=ls_ssl_com;charset=utf8
[2022-08-10T10:56:19+08:00][sql] SELECT `name` FROM `gxfc_addon` [ RunTime:0.000334s ]
[2022-08-10T10:56:20+08:00][sql] SELECT * FROM `gxfc_group` WHERE  `group_id` = 1  AND `site_id` = 0  AND `app_module` = 'admin' LIMIT 1 [ RunTime:0.000472s ]
[2022-08-10T10:56:20+08:00][sql] SELECT * FROM `gxfc_menu` WHERE  `app_module` = 'admin'  AND `is_show` = 1 ORDER BY `sort` ASC [ RunTime:0.001224s ]
[2022-08-10T10:56:20+08:00][sql] SELECT `id`,`app_module`,`name`,`title`,`parent`,`level`,`url`,`is_show`,`sort`,`desc`,`picture`,`is_icon`,`picture_select`,`is_control`,`addon` FROM `gxfc_menu` WHERE  `url` = 'admin/H5/refreshh5'  AND `app_module` = 'admin' ORDER BY `level` DESC LIMIT 1 [ RunTime:0.000344s ]
[2022-08-10T10:56:20+08:00][sql] SELECT `id`,`app_module`,`name`,`title`,`parent`,`level`,`url`,`is_show`,`sort`,`desc`,`picture`,`is_icon`,`picture_select`,`is_control`,`addon` FROM `gxfc_menu` WHERE  `name` = 'SYSTEM_H5_REFRESH'  AND `app_module` = 'admin' LIMIT 1 [ RunTime:0.000312s ]
[2022-08-10T10:56:20+08:00][sql] SELECT `id`,`app_module`,`name`,`title`,`parent`,`level`,`url`,`is_show`,`sort`,`desc`,`picture`,`is_icon`,`picture_select`,`is_control`,`addon` FROM `gxfc_menu` WHERE  `name` = 'WEBSITE_DEPLOY'  AND `app_module` = 'admin' LIMIT 1 [ RunTime:0.000298s ]
[2022-08-10T10:56:20+08:00][sql] SELECT `id`,`app_module`,`name`,`title`,`parent`,`level`,`url`,`is_show`,`sort`,`desc`,`picture`,`is_icon`,`picture_select`,`is_control`,`addon` FROM `gxfc_menu` WHERE  `name` = 'CONFIG_ROOT'  AND `app_module` = 'admin' LIMIT 1 [ RunTime:0.000278s ]
[2022-08-10T10:56:20+08:00][sql] SELECT `title`,`logo`,`desc`,`keywords`,`web_status`,`close_reason` FROM `gxfc_website` WHERE  `site_id` = 0 LIMIT 1 [ RunTime:0.000219s ]
[2022-08-10T10:56:20+08:00][sql] SELECT `site_id`,`app_module`,`config_key`,`value`,`config_desc`,`is_use`,`create_time`,`modify_time` FROM `gxfc_config` WHERE  `site_id` = 0  AND `app_module` = 'admin'  AND `config_key` = 'COPYRIGHT' LIMIT 1 [ RunTime:0.000343s ]
[2022-08-10T10:56:20+08:00][sql] SELECT `site_id`,`app_module`,`config_key`,`value`,`config_desc`,`is_use`,`create_time`,`modify_time` FROM `gxfc_config` WHERE  `site_id` = 0  AND `app_module` = 'admin'  AND `config_key` = 'DEFAULT_IMAGE' LIMIT 1 [ RunTime:0.000277s ]
[2022-08-10T10:56:20+08:00][sql] SELECT `site_id`,`app_module`,`config_key`,`value`,`config_desc`,`is_use`,`create_time`,`modify_time` FROM `gxfc_config` WHERE  `site_id` = 0  AND `app_module` = 'admin'  AND `config_key` = 'H5_DOMAIN_NAME' LIMIT 1 [ RunTime:0.000303s ]
[2022-08-10T10:57:33+08:00][sql] CONNECT:[ UseTime:0.000376s ] mysql:host=127.0.0.1;port=3306;dbname=ls_ssl_com;charset=utf8
[2022-08-10T10:57:33+08:00][sql] SELECT `id`,`app_module`,`name`,`title`,`parent`,`level`,`url`,`is_show`,`sort`,`desc`,`picture`,`is_icon`,`picture_select`,`is_control`,`addon` FROM `gxfc_menu` WHERE  `url` = 'shopwithdraw://admin/Config/index'  AND `app_module` = 'admin' ORDER BY `level` DESC LIMIT 1 [ RunTime:0.000494s ]
[2022-08-10T10:57:33+08:00][sql] SELECT `id`,`app_module`,`name`,`title`,`parent`,`level`,`url`,`is_show`,`sort`,`desc`,`picture`,`is_icon`,`picture_select`,`is_control`,`addon` FROM `gxfc_menu` WHERE  `name` = 'SHOP_WITHDRAW_CONFIG'  AND `app_module` = 'admin' LIMIT 1 [ RunTime:0.000345s ]
[2022-08-10T10:57:33+08:00][sql] SELECT `site_id`,`app_module`,`config_key`,`value`,`config_desc`,`is_use`,`create_time`,`modify_time` FROM `gxfc_config` WHERE  `site_id` = 0  AND `app_module` = 'admin'  AND `config_key` = 'SHOP_WITHDRAW_CONFIG' LIMIT 1 [ RunTime:0.000376s ]
[2022-08-10T11:01:55+08:00][sql] CONNECT:[ UseTime:0.000353s ] mysql:host=127.0.0.1;port=3306;dbname=ls_ssl_com;charset=utf8
[2022-08-10T11:01:55+08:00][sql] SELECT `name` FROM `gxfc_addon` [ RunTime:0.000329s ]
[2022-08-10T11:01:56+08:00][sql] SELECT * FROM `gxfc_group` WHERE  `group_id` = 1  AND `site_id` = 0  AND `app_module` = 'admin' LIMIT 1 [ RunTime:0.000462s ]
[2022-08-10T11:01:56+08:00][sql] SELECT * FROM `gxfc_menu` WHERE  `app_module` = 'admin'  AND `is_show` = 1 ORDER BY `sort` ASC [ RunTime:0.001246s ]
[2022-08-10T11:01:56+08:00][sql] SELECT `id`,`app_module`,`name`,`title`,`parent`,`level`,`url`,`is_show`,`sort`,`desc`,`picture`,`is_icon`,`picture_select`,`is_control`,`addon` FROM `gxfc_menu` WHERE  `url` = 'admin/Config/map'  AND `app_module` = 'admin' ORDER BY `level` DESC LIMIT 1 [ RunTime:0.000341s ]
[2022-08-10T11:01:56+08:00][sql] SELECT `id`,`app_module`,`name`,`title`,`parent`,`level`,`url`,`is_show`,`sort`,`desc`,`picture`,`is_icon`,`picture_select`,`is_control`,`addon` FROM `gxfc_menu` WHERE  `name` = 'MAP_CONFIG'  AND `app_module` = 'admin' LIMIT 1 [ RunTime:0.000277s ]
[2022-08-10T11:01:56+08:00][sql] SELECT `id`,`app_module`,`name`,`title`,`parent`,`level`,`url`,`is_show`,`sort`,`desc`,`picture`,`is_icon`,`picture_select`,`is_control`,`addon` FROM `gxfc_menu` WHERE  `name` = 'CONFIG_BASE'  AND `app_module` = 'admin' LIMIT 1 [ RunTime:0.000281s ]
[2022-08-10T11:01:56+08:00][sql] SELECT `id`,`app_module`,`name`,`title`,`parent`,`level`,`url`,`is_show`,`sort`,`desc`,`picture`,`is_icon`,`picture_select`,`is_control`,`addon` FROM `gxfc_menu` WHERE  `name` = 'CONFIG_ROOT'  AND `app_module` = 'admin' LIMIT 1 [ RunTime:0.000273s ]
[2022-08-10T11:01:56+08:00][sql] SELECT `title`,`logo`,`desc`,`keywords`,`web_status`,`close_reason` FROM `gxfc_website` WHERE  `site_id` = 0 LIMIT 1 [ RunTime:0.000245s ]
[2022-08-10T11:01:56+08:00][sql] SELECT `site_id`,`app_module`,`config_key`,`value`,`config_desc`,`is_use`,`create_time`,`modify_time` FROM `gxfc_config` WHERE  `site_id` = 0  AND `app_module` = 'admin'  AND `config_key` = 'COPYRIGHT' LIMIT 1 [ RunTime:0.000269s ]
[2022-08-10T11:01:56+08:00][sql] SELECT `site_id`,`app_module`,`config_key`,`value`,`config_desc`,`is_use`,`create_time`,`modify_time` FROM `gxfc_config` WHERE  `site_id` = 0  AND `app_module` = 'admin'  AND `config_key` = 'DEFAULT_IMAGE' LIMIT 1 [ RunTime:0.000224s ]
[2022-08-10T11:01:56+08:00][sql] SELECT `site_id`,`app_module`,`config_key`,`value`,`config_desc`,`is_use`,`create_time`,`modify_time` FROM `gxfc_config` WHERE  `site_id` = 0  AND `app_module` = 'admin'  AND `config_key` = 'MAP_CONFIG' LIMIT 1 [ RunTime:0.000232s ]
[2022-08-10T11:02:43+08:00][sql] CONNECT:[ UseTime:0.000382s ] mysql:host=127.0.0.1;port=3306;dbname=ls_ssl_com;charset=utf8
[2022-08-10T11:02:43+08:00][sql] SELECT `name` FROM `gxfc_addon` [ RunTime:0.000310s ]
[2022-08-10T11:02:44+08:00][sql] SELECT * FROM `gxfc_group` WHERE  `group_id` = 1  AND `site_id` = 0  AND `app_module` = 'admin' LIMIT 1 [ RunTime:0.000454s ]
[2022-08-10T11:02:44+08:00][sql] SELECT * FROM `gxfc_menu` WHERE  `app_module` = 'admin'  AND `is_show` = 1 ORDER BY `sort` ASC [ RunTime:0.001133s ]
[2022-08-10T11:02:44+08:00][sql] SELECT `id`,`app_module`,`name`,`title`,`parent`,`level`,`url`,`is_show`,`sort`,`desc`,`picture`,`is_icon`,`picture_select`,`is_control`,`addon` FROM `gxfc_menu` WHERE  `url` = 'admin/Upload/config'  AND `app_module` = 'admin' ORDER BY `level` DESC LIMIT 1 [ RunTime:0.000335s ]
[2022-08-10T11:02:44+08:00][sql] SELECT `id`,`app_module`,`name`,`title`,`parent`,`level`,`url`,`is_show`,`sort`,`desc`,`picture`,`is_icon`,`picture_select`,`is_control`,`addon` FROM `gxfc_menu` WHERE  `name` = 'CONFIG_UPLOAD_SET'  AND `app_module` = 'admin' LIMIT 1 [ RunTime:0.000307s ]
[2022-08-10T11:02:44+08:00][sql] SELECT `id`,`app_module`,`name`,`title`,`parent`,`level`,`url`,`is_show`,`sort`,`desc`,`picture`,`is_icon`,`picture_select`,`is_control`,`addon` FROM `gxfc_menu` WHERE  `name` = 'CONFIG_UPLOAD'  AND `app_module` = 'admin' LIMIT 1 [ RunTime:0.000273s ]
[2022-08-10T11:02:44+08:00][sql] SELECT `id`,`app_module`,`name`,`title`,`parent`,`level`,`url`,`is_show`,`sort`,`desc`,`picture`,`is_icon`,`picture_select`,`is_control`,`addon` FROM `gxfc_menu` WHERE  `name` = 'CONFIG_BASE'  AND `app_module` = 'admin' LIMIT 1 [ RunTime:0.000268s ]
[2022-08-10T11:02:44+08:00][sql] SELECT `id`,`app_module`,`name`,`title`,`parent`,`level`,`url`,`is_show`,`sort`,`desc`,`picture`,`is_icon`,`picture_select`,`is_control`,`addon` FROM `gxfc_menu` WHERE  `name` = 'CONFIG_ROOT'  AND `app_module` = 'admin' LIMIT 1 [ RunTime:0.000272s ]
[2022-08-10T11:02:44+08:00][sql] SELECT `title`,`logo`,`desc`,`keywords`,`web_status`,`close_reason` FROM `gxfc_website` WHERE  `site_id` = 0 LIMIT 1 [ RunTime:0.000231s ]
[2022-08-10T11:02:44+08:00][sql] SELECT `site_id`,`app_module`,`config_key`,`value`,`config_desc`,`is_use`,`create_time`,`modify_time` FROM `gxfc_config` WHERE  `site_id` = 0  AND `app_module` = 'admin'  AND `config_key` = 'COPYRIGHT' LIMIT 1 [ RunTime:0.000234s ]
[2022-08-10T11:02:44+08:00][sql] SELECT `site_id`,`app_module`,`config_key`,`value`,`config_desc`,`is_use`,`create_time`,`modify_time` FROM `gxfc_config` WHERE  `site_id` = 0  AND `app_module` = 'admin'  AND `config_key` = 'DEFAULT_IMAGE' LIMIT 1 [ RunTime:0.000226s ]
[2022-08-10T11:02:44+08:00][sql] SELECT `parent` FROM `gxfc_menu` WHERE  `url` = 'admin/upload/config'  AND `level` = 4 LIMIT 1 [ RunTime:0.000237s ]
[2022-08-10T11:02:44+08:00][sql] SELECT * FROM `gxfc_menu` WHERE  `app_module` = 'admin'  AND `is_show` = 1  AND `parent` = 'CONFIG_UPLOAD' ORDER BY `sort` ASC [ RunTime:0.000330s ]
[2022-08-10T11:02:44+08:00][sql] SELECT `site_id`,`app_module`,`config_key`,`value`,`config_desc`,`is_use`,`create_time`,`modify_time` FROM `gxfc_config` WHERE  `site_id` = 0  AND `app_module` = 'admin'  AND `config_key` = 'UPLOAD_CONFIG' LIMIT 1 [ RunTime:0.000232s ]
[2022-08-10T11:03:27+08:00][sql] CONNECT:[ UseTime:0.000327s ] mysql:host=127.0.0.1;port=3306;dbname=ls_ssl_com;charset=utf8
[2022-08-10T11:03:27+08:00][sql] SELECT `id`,`app_module`,`name`,`title`,`parent`,`level`,`url`,`is_show`,`sort`,`desc`,`picture`,`is_icon`,`picture_select`,`is_control`,`addon` FROM `gxfc_menu` WHERE  `url` = 'shopwithdraw://admin/Config/index'  AND `app_module` = 'admin' ORDER BY `level` DESC LIMIT 1 [ RunTime:0.000460s ]
[2022-08-10T11:03:27+08:00][sql] SELECT `id`,`app_module`,`name`,`title`,`parent`,`level`,`url`,`is_show`,`sort`,`desc`,`picture`,`is_icon`,`picture_select`,`is_control`,`addon` FROM `gxfc_menu` WHERE  `name` = 'SHOP_WITHDRAW_CONFIG'  AND `app_module` = 'admin' LIMIT 1 [ RunTime:0.000345s ]
[2022-08-10T11:03:27+08:00][sql] SELECT `site_id`,`app_module`,`config_key`,`value`,`config_desc`,`is_use`,`create_time`,`modify_time` FROM `gxfc_config` WHERE  `site_id` = 0  AND `app_module` = 'admin'  AND `config_key` = 'SHOP_WITHDRAW_CONFIG' LIMIT 1 [ RunTime:0.000374s ]
[2022-08-10T11:03:34+08:00][sql] CONNECT:[ UseTime:0.000389s ] mysql:host=127.0.0.1;port=3306;dbname=ls_ssl_com;charset=utf8
[2022-08-10T11:03:34+08:00][sql] SELECT `id`,`app_module`,`name`,`title`,`parent`,`level`,`url`,`is_show`,`sort`,`desc`,`picture`,`is_icon`,`picture_select`,`is_control`,`addon` FROM `gxfc_menu` WHERE  `url` = 'city://admin/Config/config'  AND `app_module` = 'admin' ORDER BY `level` DESC LIMIT 1 [ RunTime:0.000464s ]
[2022-08-10T11:03:34+08:00][sql] SELECT `id`,`app_module`,`name`,`title`,`parent`,`level`,`url`,`is_show`,`sort`,`desc`,`picture`,`is_icon`,`picture_select`,`is_control`,`addon` FROM `gxfc_menu` WHERE  `name` = 'ADDON_CITY_SETTLEMENT_CONFIG'  AND `app_module` = 'admin' LIMIT 1 [ RunTime:0.000324s ]
[2022-08-10T11:03:34+08:00][sql] SELECT `site_id`,`app_module`,`config_key`,`value`,`config_desc`,`is_use`,`create_time`,`modify_time` FROM `gxfc_config` WHERE  `site_id` = 0  AND `app_module` = 'admin'  AND `config_key` = 'CITY_SETTLEMENT_CONFIG' LIMIT 1 [ RunTime:0.000341s ]
[2022-08-10T11:03:37+08:00][sql] CONNECT:[ UseTime:0.000363s ] mysql:host=127.0.0.1;port=3306;dbname=ls_ssl_com;charset=utf8
[2022-08-10T11:03:37+08:00][sql] SELECT `id` FROM `gxfc_config` WHERE  `site_id` = 0  AND `app_module` = 'admin'  AND `config_key` = 'CITY_SETTLEMENT_CONFIG' LIMIT 1 [ RunTime:0.000402s ]
[2022-08-10T11:03:37+08:00][sql] INSERT INTO `gxfc_config` SET `site_id` = 0 , `app_module` = 'admin' , `config_key` = 'CITY_SETTLEMENT_CONFIG' , `value` = '{\"period_type\":\"1\"}' , `config_desc` = '分站周期结算配置' , `is_use` = 1 , `create_time` = 1660100617 [ RunTime:0.007378s ]
[2022-08-10T11:03:37+08:00][sql] DELETE FROM `gxfc_cron` WHERE  `event` = 'WebsiteSettlement' [ RunTime:0.007600s ]
[2022-08-10T11:03:37+08:00][sql] INSERT INTO `gxfc_cron` SET `type` = 2 , `period` = 1 , `period_type` = 1 , `name` = '分站周期结算' , `event` = 'WebsiteSettlement' , `execute_time` = 1660159800 , `relate_id` = 0 , `create_time` = 1660100617 [ RunTime:0.005309s ]
[2022-08-10T11:03:37+08:00][sql] CONNECT:[ UseTime:0.000360s ] mysql:host=127.0.0.1;port=3306;dbname=ls_ssl_com;charset=utf8
[2022-08-10T11:03:37+08:00][sql] SELECT `site_id`,`app_module`,`config_key`,`value`,`config_desc`,`is_use`,`create_time`,`modify_time` FROM `gxfc_config` WHERE  `site_id` = 0  AND `app_module` = 'admin'  AND `config_key` = 'COPYRIGHT' LIMIT 1 [ RunTime:0.000364s ]
[2022-08-10T11:03:37+08:00][sql] SELECT `site_id`,`app_module`,`config_key`,`value`,`config_desc`,`is_use`,`create_time`,`modify_time` FROM `gxfc_config` WHERE  `site_id` = 0  AND `app_module` = 'admin'  AND `config_key` = 'DEFAULT_IMAGE' LIMIT 1 [ RunTime:0.000264s ]
[2022-08-10T11:03:37+08:00][sql] SELECT `site_id`,`app_module`,`config_key`,`value`,`config_desc`,`is_use`,`create_time`,`modify_time` FROM `gxfc_config` WHERE  `site_id` = 0  AND `app_module` = 'admin'  AND `config_key` = 'CITY_SETTLEMENT_CONFIG' LIMIT 1 [ RunTime:0.000295s ]
[2022-08-10T11:03:38+08:00][sql] CONNECT:[ UseTime:0.000376s ] mysql:host=127.0.0.1;port=3306;dbname=ls_ssl_com;charset=utf8
[2022-08-10T11:03:38+08:00][sql] SELECT `site_id`,`app_module`,`config_key`,`value`,`config_desc`,`is_use`,`create_time`,`modify_time` FROM `gxfc_config` WHERE  `site_id` = 0  AND `app_module` = 'admin'  AND `config_key` = 'SHOP_WITHDRAW_CONFIG' LIMIT 1 [ RunTime:0.000356s ]
[2022-08-10T11:03:42+08:00][sql] CONNECT:[ UseTime:0.000406s ] mysql:host=127.0.0.1;port=3306;dbname=ls_ssl_com;charset=utf8
[2022-08-10T11:03:42+08:00][sql] INSERT INTO `gxfc_user_log` SET `uid` = 1 , `username` = 'admin' , `site_id` = 0 , `url` = 'shopwithdraw://admin/Config/index' , `ip` = '171.113.165.150' , `data` = '[]' , `action_name` = '设置店铺提现配置' , `create_time` = 1660100622 [ RunTime:0.005692s ]
[2022-08-10T11:03:42+08:00][sql] SELECT `id` FROM `gxfc_config` WHERE  `site_id` = 0  AND `app_module` = 'admin'  AND `config_key` = 'SHOP_WITHDRAW_CONFIG' LIMIT 1 [ RunTime:0.000315s ]
[2022-08-10T11:03:42+08:00][sql] INSERT INTO `gxfc_config` SET `site_id` = 0 , `app_module` = 'admin' , `config_key` = 'SHOP_WITHDRAW_CONFIG' , `value` = '{\"transfer_type\":\"wechatpay\"}' , `config_desc` = '店铺提现设置' , `is_use` = 1 , `create_time` = 1660100622 [ RunTime:0.004736s ]
[2022-08-10T11:07:27+08:00][sql] CONNECT:[ UseTime:0.000348s ] mysql:host=127.0.0.1;port=3306;dbname=ls_ssl_com;charset=utf8
[2022-08-10T11:07:27+08:00][sql] SELECT COUNT(*) AS think_count FROM `gxfc_shop` `s` LEFT JOIN `gxfc_website` `w` ON `w`.`site_id`=`s`.`website_id` ORDER BY `s`.`site_id` DESC [ RunTime:0.000306s ]
[2022-08-10T11:07:27+08:00][sql] SELECT `s`.`site_id`,`s`.`expire_time`,`s`.`site_name`,`s`.`username`,`s`.`website_id`,`s`.`cert_id`,`s`.`is_own`,`s`.`category_name`,`s`.`group_name`,`s`.`shop_status`,`s`.`create_time`,`w`.`site_area_name` FROM `gxfc_shop` `s` LEFT JOIN `gxfc_website` `w` ON `w`.`site_id`=`s`.`website_id` ORDER BY `s`.`site_id` DESC LIMIT 0,10 [ RunTime:0.000275s ]
[2022-08-10T11:07:27+08:00][sql] SELECT * FROM `gxfc_shop_cert` WHERE  `cert_id` = 1 LIMIT 1 [ RunTime:0.000370s ]
[2022-08-10T11:10:13+08:00][sql] CONNECT:[ UseTime:0.000401s ] mysql:host=127.0.0.1;port=3306;dbname=ls_ssl_com;charset=utf8
[2022-08-10T11:10:13+08:00][sql] SELECT `id`,`app_module`,`name`,`title`,`parent`,`level`,`url`,`is_show`,`sort`,`desc`,`picture`,`is_icon`,`picture_select`,`is_control`,`addon` FROM `gxfc_menu` WHERE  `url` = 'supply://shop/Market/index'  AND `app_module` = 'shop' ORDER BY `level` DESC LIMIT 1 [ RunTime:0.000532s ]
[2022-08-10T11:10:13+08:00][sql] SELECT `website_id`,`site_name`,`logo`,`is_own`,`level_id`,`category_id`,`group_id`,`seo_keywords`,`seo_description`,`expire_time`,`shop_status` FROM `gxfc_shop` WHERE  `site_id` = 1 LIMIT 1 [ RunTime:0.000317s ]
[2022-08-10T11:10:13+08:00][sql] SELECT `category_id`,`category_name`,`short_name`,`pid`,`level`,`image`,`category_id_1`,`category_id_2`,`category_id_3`,`image_adv`,`sort` FROM `gxfc_goods_category` WHERE  `is_show` = 1  AND `level` <= 3 ORDER BY `sort` DESC,`category_id` DESC [ RunTime:0.000333s ]
[2022-08-10T11:10:13+08:00][sql] SHOW FULL COLUMNS FROM `gxfc_supply_adv_position` [ RunTime:0.000981s ]
[2022-08-10T11:10:13+08:00][sql] SELECT `ap_id`,`keyword`,`ap_name`,`ap_intro`,`ap_height`,`ap_width`,`default_content`,`ap_background_color`,`is_system` FROM `gxfc_supply_adv_position` WHERE  `keyword` = 'NS_SUPPLY_SHOP_INDEX' LIMIT 1 [ RunTime:0.000246s ]
[2022-08-10T11:10:13+08:00][sql] SHOW FULL COLUMNS FROM `gxfc_supply_adv` [ RunTime:0.000755s ]
[2022-08-10T11:10:13+08:00][sql] SELECT `adv_id`,`adv_title`,`ap_id`,`adv_url`,`adv_image`,`slide_sort`,`background` FROM `gxfc_supply_adv` WHERE  `ap_id` = 1 ORDER BY `slide_sort` DESC,`adv_id` DESC [ RunTime:0.000304s ]
[2022-08-10T11:10:13+08:00][sql] CONNECT:[ UseTime:0.000366s ] mysql:host=127.0.0.1;port=3306;dbname=ls_ssl_com;charset=utf8
[2022-08-10T11:10:13+08:00][sql] SELECT `website_id`,`site_name`,`logo`,`is_own`,`level_id`,`category_id`,`group_id`,`seo_keywords`,`seo_description`,`expire_time`,`shop_status` FROM `gxfc_shop` WHERE  `site_id` = 1 LIMIT 1 [ RunTime:0.000403s ]
[2022-08-10T11:10:13+08:00][sql] SHOW FULL COLUMNS FROM `gxfc_supply_goods_cart` [ RunTime:0.001236s ]
[2022-08-10T11:10:13+08:00][sql] SELECT * FROM `gxfc_supply_goods_cart` `sgc` INNER JOIN `gxfc_supply_goods_sku` `gs` ON `gs`.`sku_id`=`sgc`.`sku_id` WHERE  `gs`.`goods_state` = 1  AND `gs`.`verify_state` = 1  AND `sgc`.`shop_id` = 1 [ RunTime:0.000759s ]
[2022-08-10T11:10:14+08:00][sql] CONNECT:[ UseTime:0.000341s ] mysql:host=127.0.0.1;port=3306;dbname=ls_ssl_com;charset=utf8
[2022-08-10T11:10:14+08:00][sql] SELECT `website_id`,`site_name`,`logo`,`is_own`,`level_id`,`category_id`,`group_id`,`seo_keywords`,`seo_description`,`expire_time`,`shop_status` FROM `gxfc_shop` WHERE  `site_id` = 1 LIMIT 1 [ RunTime:0.001184s ]
[2022-08-10T11:10:14+08:00][sql] SHOW FULL COLUMNS FROM `gxfc_supply_goods_sku` [ RunTime:0.001167s ]
[2022-08-10T11:10:14+08:00][sql] SELECT COUNT(*) AS think_count FROM `gxfc_supply_goods_sku` `gs` INNER JOIN `gxfc_supply_goods` `g` ON `gs`.`sku_id`=`g`.`sku_id` INNER JOIN `gxfc_supplier` `s` ON `s`.`supplier_site_id`=`gs`.`site_id` WHERE  `gs`.`goods_state` = 1  AND `gs`.`verify_state` = 1  AND `gs`.`is_delete` = 0  AND `s`.`status` = 1 ORDER BY `gs`.`create_time` DESC [ RunTime:0.000626s ]
[2022-08-10T11:10:14+08:00][sql] SELECT `gs`.`goods_id`,`gs`.`sku_id`,`gs`.`sku_name`,`gs`.`price_json`,`gs`.`min_price`,`gs`.`max_price`,`gs`.`min_num`,`gs`.`market_price`,`gs`.`stock`,`gs`.`sale_num`,`gs`.`sku_image`,`gs`.`goods_name`,`gs`.`site_id`,`g`.`site_name`,`gs`.`website_id`,`gs`.`is_own`,`gs`.`is_free_shipping`,`gs`.`introduction`,`g`.`goods_image`,`gs`.`goods_spec_format`,`gs`.`is_virtual` FROM `gxfc_supply_goods_sku` `gs` INNER JOIN `gxfc_supply_goods` `g` ON `gs`.`sku_id`=`g`.`sku_id` INNER JOIN `gxfc_supplier` `s` ON `s`.`supplier_site_id`=`gs`.`site_id` WHERE  `gs`.`goods_state` = 1  AND `gs`.`verify_state` = 1  AND `gs`.`is_delete` = 0  AND `s`.`status` = 1 ORDER BY `gs`.`create_time` DESC LIMIT 0,20 [ RunTime:0.000719s ]
[2022-08-10T11:12:11+08:00][sql] CONNECT:[ UseTime:0.000373s ] mysql:host=127.0.0.1;port=3306;dbname=ls_ssl_com;charset=utf8
[2022-08-10T11:12:11+08:00][sql] SELECT `name` FROM `gxfc_addon` [ RunTime:0.000315s ]
[2022-08-10T11:12:12+08:00][sql] SELECT * FROM `gxfc_group` WHERE  `group_id` = 1  AND `site_id` = 0  AND `app_module` = 'admin' LIMIT 1 [ RunTime:0.000444s ]
[2022-08-10T11:12:12+08:00][sql] SELECT * FROM `gxfc_menu` WHERE  `app_module` = 'admin'  AND `is_show` = 1 ORDER BY `sort` ASC [ RunTime:0.002395s ]
[2022-08-10T11:12:12+08:00][sql] SELECT `id`,`app_module`,`name`,`title`,`parent`,`level`,`url`,`is_show`,`sort`,`desc`,`picture`,`is_icon`,`picture_select`,`is_control`,`addon` FROM `gxfc_menu` WHERE  `url` = 'admin/Shop/lists'  AND `app_module` = 'admin' ORDER BY `level` DESC LIMIT 1 [ RunTime:0.000407s ]
[2022-08-10T11:12:12+08:00][sql] SELECT `id`,`app_module`,`name`,`title`,`parent`,`level`,`url`,`is_show`,`sort`,`desc`,`picture`,`is_icon`,`picture_select`,`is_control`,`addon` FROM `gxfc_menu` WHERE  `name` = 'SHOP_LIST'  AND `app_module` = 'admin' LIMIT 1 [ RunTime:0.000325s ]
[2022-08-10T11:12:12+08:00][sql] SELECT `id`,`app_module`,`name`,`title`,`parent`,`level`,`url`,`is_show`,`sort`,`desc`,`picture`,`is_icon`,`picture_select`,`is_control`,`addon` FROM `gxfc_menu` WHERE  `name` = 'SHOP_INDEX'  AND `app_module` = 'admin' LIMIT 1 [ RunTime:0.000333s ]
[2022-08-10T11:12:12+08:00][sql] SELECT `id`,`app_module`,`name`,`title`,`parent`,`level`,`url`,`is_show`,`sort`,`desc`,`picture`,`is_icon`,`picture_select`,`is_control`,`addon` FROM `gxfc_menu` WHERE  `name` = 'SHOP_ROOT'  AND `app_module` = 'admin' LIMIT 1 [ RunTime:0.000338s ]
[2022-08-10T11:12:12+08:00][sql] SELECT `title`,`logo`,`desc`,`keywords`,`web_status`,`close_reason` FROM `gxfc_website` WHERE  `site_id` = 0 LIMIT 1 [ RunTime:0.000269s ]
[2022-08-10T11:12:12+08:00][sql] SELECT `site_id`,`app_module`,`config_key`,`value`,`config_desc`,`is_use`,`create_time`,`modify_time` FROM `gxfc_config` WHERE  `site_id` = 0  AND `app_module` = 'admin'  AND `config_key` = 'COPYRIGHT' LIMIT 1 [ RunTime:0.000320s ]
[2022-08-10T11:12:12+08:00][sql] SELECT `site_id`,`app_module`,`config_key`,`value`,`config_desc`,`is_use`,`create_time`,`modify_time` FROM `gxfc_config` WHERE  `site_id` = 0  AND `app_module` = 'admin'  AND `config_key` = 'DEFAULT_IMAGE' LIMIT 1 [ RunTime:0.000277s ]
[2022-08-10T11:12:12+08:00][sql] SELECT `category_id`,`category_name` FROM `gxfc_shop_category` ORDER BY `sort` ASC [ RunTime:0.000286s ]
[2022-08-10T11:12:12+08:00][sql] SELECT `group_id`,`is_own`,`group_name`,`fee`,`remark` FROM `gxfc_shop_group` WHERE  `is_own` = 0 ORDER BY `is_own` ASC,`fee` ASC [ RunTime:0.000263s ]
[2022-08-10T11:12:12+08:00][sql] SELECT `site_id`,`site_area_name` FROM `gxfc_website` [ RunTime:0.000190s ]
[2022-08-10T11:12:15+08:00][sql] CONNECT:[ UseTime:0.000586s ] mysql:host=127.0.0.1;port=3306;dbname=ls_ssl_com;charset=utf8
[2022-08-10T11:12:15+08:00][sql] SELECT COUNT(*) AS think_count FROM `gxfc_shop` `s` LEFT JOIN `gxfc_website` `w` ON `w`.`site_id`=`s`.`website_id` ORDER BY `s`.`site_id` DESC [ RunTime:0.000306s ]
[2022-08-10T11:12:15+08:00][sql] SELECT `s`.`site_id`,`s`.`expire_time`,`s`.`site_name`,`s`.`username`,`s`.`website_id`,`s`.`cert_id`,`s`.`is_own`,`s`.`category_name`,`s`.`group_name`,`s`.`shop_status`,`s`.`create_time`,`w`.`site_area_name` FROM `gxfc_shop` `s` LEFT JOIN `gxfc_website` `w` ON `w`.`site_id`=`s`.`website_id` ORDER BY `s`.`site_id` DESC LIMIT 0,10 [ RunTime:0.000292s ]
[2022-08-10T11:12:15+08:00][sql] SELECT * FROM `gxfc_shop_cert` WHERE  `cert_id` = 1 LIMIT 1 [ RunTime:0.000392s ]
[2022-08-10T11:12:25+08:00][sql] CONNECT:[ UseTime:0.000350s ] mysql:host=127.0.0.1;port=3306;dbname=ls_ssl_com;charset=utf8
[2022-08-10T11:12:25+08:00][sql] SELECT `id`,`app_module`,`name`,`title`,`parent`,`level`,`url`,`is_show`,`sort`,`desc`,`picture`,`is_icon`,`picture_select`,`is_control`,`addon` FROM `gxfc_menu` WHERE  `url` = 'supply://shop/Market/index'  AND `app_module` = 'shop' ORDER BY `level` DESC LIMIT 1 [ RunTime:0.000533s ]
[2022-08-10T11:12:25+08:00][sql] SELECT `website_id`,`site_name`,`logo`,`is_own`,`level_id`,`category_id`,`group_id`,`seo_keywords`,`seo_description`,`expire_time`,`shop_status` FROM `gxfc_shop` WHERE  `site_id` = 1 LIMIT 1 [ RunTime:0.000310s ]
[2022-08-10T11:12:25+08:00][sql] SELECT `category_id`,`category_name`,`short_name`,`pid`,`level`,`image`,`category_id_1`,`category_id_2`,`category_id_3`,`image_adv`,`sort` FROM `gxfc_goods_category` WHERE  `is_show` = 1  AND `level` <= 3 ORDER BY `sort` DESC,`category_id` DESC [ RunTime:0.000349s ]
[2022-08-10T11:12:25+08:00][sql] SELECT `ap_id`,`keyword`,`ap_name`,`ap_intro`,`ap_height`,`ap_width`,`default_content`,`ap_background_color`,`is_system` FROM `gxfc_supply_adv_position` WHERE  `keyword` = 'NS_SUPPLY_SHOP_INDEX' LIMIT 1 [ RunTime:0.000262s ]
[2022-08-10T11:12:25+08:00][sql] SELECT `adv_id`,`adv_title`,`ap_id`,`adv_url`,`adv_image`,`slide_sort`,`background` FROM `gxfc_supply_adv` WHERE  `ap_id` = 1 ORDER BY `slide_sort` DESC,`adv_id` DESC [ RunTime:0.000262s ]
[2022-08-10T11:12:26+08:00][sql] CONNECT:[ UseTime:0.000368s ] mysql:host=127.0.0.1;port=3306;dbname=ls_ssl_com;charset=utf8
[2022-08-10T11:12:26+08:00][sql] SELECT `website_id`,`site_name`,`logo`,`is_own`,`level_id`,`category_id`,`group_id`,`seo_keywords`,`seo_description`,`expire_time`,`shop_status` FROM `gxfc_shop` WHERE  `site_id` = 1 LIMIT 1 [ RunTime:0.000437s ]
[2022-08-10T11:12:26+08:00][sql] SELECT COUNT(*) AS think_count FROM `gxfc_supply_goods_sku` `gs` INNER JOIN `gxfc_supply_goods` `g` ON `gs`.`sku_id`=`g`.`sku_id` INNER JOIN `gxfc_supplier` `s` ON `s`.`supplier_site_id`=`gs`.`site_id` WHERE  `gs`.`goods_state` = 1  AND `gs`.`verify_state` = 1  AND `gs`.`is_delete` = 0  AND `s`.`status` = 1 ORDER BY `gs`.`create_time` DESC [ RunTime:0.000382s ]
[2022-08-10T11:12:26+08:00][sql] SELECT `gs`.`goods_id`,`gs`.`sku_id`,`gs`.`sku_name`,`gs`.`price_json`,`gs`.`min_price`,`gs`.`max_price`,`gs`.`min_num`,`gs`.`market_price`,`gs`.`stock`,`gs`.`sale_num`,`gs`.`sku_image`,`gs`.`goods_name`,`gs`.`site_id`,`g`.`site_name`,`gs`.`website_id`,`gs`.`is_own`,`gs`.`is_free_shipping`,`gs`.`introduction`,`g`.`goods_image`,`gs`.`goods_spec_format`,`gs`.`is_virtual` FROM `gxfc_supply_goods_sku` `gs` INNER JOIN `gxfc_supply_goods` `g` ON `gs`.`sku_id`=`g`.`sku_id` INNER JOIN `gxfc_supplier` `s` ON `s`.`supplier_site_id`=`gs`.`site_id` WHERE  `gs`.`goods_state` = 1  AND `gs`.`verify_state` = 1  AND `gs`.`is_delete` = 0  AND `s`.`status` = 1 ORDER BY `gs`.`create_time` DESC LIMIT 0,20 [ RunTime:0.000892s ]
[2022-08-10T11:12:26+08:00][sql] CONNECT:[ UseTime:0.000390s ] mysql:host=127.0.0.1;port=3306;dbname=ls_ssl_com;charset=utf8
[2022-08-10T11:12:26+08:00][sql] SELECT `website_id`,`site_name`,`logo`,`is_own`,`level_id`,`category_id`,`group_id`,`seo_keywords`,`seo_description`,`expire_time`,`shop_status` FROM `gxfc_shop` WHERE  `site_id` = 1 LIMIT 1 [ RunTime:0.000369s ]
[2022-08-10T11:12:26+08:00][sql] SELECT * FROM `gxfc_supply_goods_cart` `sgc` INNER JOIN `gxfc_supply_goods_sku` `gs` ON `gs`.`sku_id`=`sgc`.`sku_id` WHERE  `gs`.`goods_state` = 1  AND `gs`.`verify_state` = 1  AND `sgc`.`shop_id` = 1 [ RunTime:0.000559s ]
[2022-08-10T11:12:32+08:00][sql] CONNECT:[ UseTime:0.000348s ] mysql:host=127.0.0.1;port=3306;dbname=ls_ssl_com;charset=utf8
[2022-08-10T11:12:32+08:00][sql] SELECT `name` FROM `gxfc_addon` [ RunTime:0.000294s ]
[2022-08-10T11:12:33+08:00][sql] SELECT * FROM `gxfc_group` WHERE  `group_id` = 1  AND `site_id` = 0  AND `app_module` = 'admin' LIMIT 1 [ RunTime:0.000434s ]
[2022-08-10T11:12:33+08:00][sql] SELECT * FROM `gxfc_menu` WHERE  `app_module` = 'admin'  AND `is_show` = 1 ORDER BY `sort` ASC [ RunTime:0.001219s ]
[2022-08-10T11:12:33+08:00][sql] SELECT `id`,`app_module`,`name`,`title`,`parent`,`level`,`url`,`is_show`,`sort`,`desc`,`picture`,`is_icon`,`picture_select`,`is_control`,`addon` FROM `gxfc_menu` WHERE  `url` = 'admin/Shop/lists'  AND `app_module` = 'admin' ORDER BY `level` DESC LIMIT 1 [ RunTime:0.000352s ]
[2022-08-10T11:12:33+08:00][sql] SELECT `id`,`app_module`,`name`,`title`,`parent`,`level`,`url`,`is_show`,`sort`,`desc`,`picture`,`is_icon`,`picture_select`,`is_control`,`addon` FROM `gxfc_menu` WHERE  `name` = 'SHOP_LIST'  AND `app_module` = 'admin' LIMIT 1 [ RunTime:0.000281s ]
[2022-08-10T11:12:33+08:00][sql] SELECT `id`,`app_module`,`name`,`title`,`parent`,`level`,`url`,`is_show`,`sort`,`desc`,`picture`,`is_icon`,`picture_select`,`is_control`,`addon` FROM `gxfc_menu` WHERE  `name` = 'SHOP_INDEX'  AND `app_module` = 'admin' LIMIT 1 [ RunTime:0.000318s ]
[2022-08-10T11:12:33+08:00][sql] SELECT `id`,`app_module`,`name`,`title`,`parent`,`level`,`url`,`is_show`,`sort`,`desc`,`picture`,`is_icon`,`picture_select`,`is_control`,`addon` FROM `gxfc_menu` WHERE  `name` = 'SHOP_ROOT'  AND `app_module` = 'admin' LIMIT 1 [ RunTime:0.000264s ]
[2022-08-10T11:12:33+08:00][sql] SELECT `title`,`logo`,`desc`,`keywords`,`web_status`,`close_reason` FROM `gxfc_website` WHERE  `site_id` = 0 LIMIT 1 [ RunTime:0.000270s ]
[2022-08-10T11:12:33+08:00][sql] SELECT `site_id`,`app_module`,`config_key`,`value`,`config_desc`,`is_use`,`create_time`,`modify_time` FROM `gxfc_config` WHERE  `site_id` = 0  AND `app_module` = 'admin'  AND `config_key` = 'COPYRIGHT' LIMIT 1 [ RunTime:0.000278s ]
[2022-08-10T11:12:33+08:00][sql] SELECT `site_id`,`app_module`,`config_key`,`value`,`config_desc`,`is_use`,`create_time`,`modify_time` FROM `gxfc_config` WHERE  `site_id` = 0  AND `app_module` = 'admin'  AND `config_key` = 'DEFAULT_IMAGE' LIMIT 1 [ RunTime:0.000301s ]
[2022-08-10T11:12:33+08:00][sql] SELECT `category_id`,`category_name` FROM `gxfc_shop_category` ORDER BY `sort` ASC [ RunTime:0.000244s ]
[2022-08-10T11:12:33+08:00][sql] SELECT `group_id`,`is_own`,`group_name`,`fee`,`remark` FROM `gxfc_shop_group` WHERE  `is_own` = 0 ORDER BY `is_own` ASC,`fee` ASC [ RunTime:0.000285s ]
[2022-08-10T11:12:33+08:00][sql] SELECT `site_id`,`site_area_name` FROM `gxfc_website` [ RunTime:0.000210s ]
[2022-08-10T11:12:34+08:00][sql] CONNECT:[ UseTime:0.000360s ] mysql:host=127.0.0.1;port=3306;dbname=ls_ssl_com;charset=utf8
[2022-08-10T11:12:34+08:00][sql] SELECT COUNT(*) AS think_count FROM `gxfc_shop` `s` LEFT JOIN `gxfc_website` `w` ON `w`.`site_id`=`s`.`website_id` ORDER BY `s`.`site_id` DESC [ RunTime:0.000319s ]
[2022-08-10T11:12:34+08:00][sql] SELECT `s`.`site_id`,`s`.`expire_time`,`s`.`site_name`,`s`.`username`,`s`.`website_id`,`s`.`cert_id`,`s`.`is_own`,`s`.`category_name`,`s`.`group_name`,`s`.`shop_status`,`s`.`create_time`,`w`.`site_area_name` FROM `gxfc_shop` `s` LEFT JOIN `gxfc_website` `w` ON `w`.`site_id`=`s`.`website_id` ORDER BY `s`.`site_id` DESC LIMIT 0,10 [ RunTime:0.000285s ]
[2022-08-10T11:12:34+08:00][sql] SELECT * FROM `gxfc_shop_cert` WHERE  `cert_id` = 1 LIMIT 1 [ RunTime:0.000373s ]
[2022-08-10T11:12:56+08:00][sql] CONNECT:[ UseTime:0.000354s ] mysql:host=127.0.0.1;port=3306;dbname=ls_ssl_com;charset=utf8
[2022-08-10T11:12:56+08:00][sql] SELECT `site_id`,`app_module`,`config_key`,`value`,`config_desc`,`is_use`,`create_time`,`modify_time` FROM `gxfc_config` WHERE  `site_id` = 0  AND `app_module` = 'admin'  AND `config_key` = 'CAPTCHA_CONFIG' LIMIT 1 [ RunTime:0.000361s ]
[2022-08-10T11:12:56+08:00][sql] SELECT `site_id`,`app_module`,`config_key`,`value`,`config_desc`,`is_use`,`create_time`,`modify_time` FROM `gxfc_config` WHERE  `site_id` = 0  AND `app_module` = 'admin'  AND `config_key` = 'SHOP_JOIN_ADV_CONFIG' LIMIT 1 [ RunTime:0.000327s ]
[2022-08-10T11:12:56+08:00][sql] SELECT `site_id`,`app_module`,`document_key`,`title`,`content`,`create_time`,`modify_time` FROM `gxfc_document` WHERE  `site_id` = 0  AND `app_module` = 'admin'  AND `document_key` = 'SHOP_JOIN_GUIDE_1' LIMIT 1 [ RunTime:0.000362s ]
[2022-08-10T11:12:56+08:00][sql] SELECT `site_id`,`app_module`,`document_key`,`title`,`content`,`create_time`,`modify_time` FROM `gxfc_document` WHERE  `site_id` = 0  AND `app_module` = 'admin'  AND `document_key` = 'SHOP_JOIN_GUIDE_2' LIMIT 1 [ RunTime:0.000300s ]
[2022-08-10T11:12:56+08:00][sql] SELECT `site_id`,`app_module`,`document_key`,`title`,`content`,`create_time`,`modify_time` FROM `gxfc_document` WHERE  `site_id` = 0  AND `app_module` = 'admin'  AND `document_key` = 'SHOP_JOIN_GUIDE_3' LIMIT 1 [ RunTime:0.000301s ]
[2022-08-10T11:12:56+08:00][sql] SELECT `site_id`,`app_module`,`document_key`,`title`,`content`,`create_time`,`modify_time` FROM `gxfc_document` WHERE  `site_id` = 0  AND `app_module` = 'admin'  AND `document_key` = 'SHOP_JOIN_GUIDE_4' LIMIT 1 [ RunTime:0.000269s ]
[2022-08-10T11:12:56+08:00][sql] SELECT `web_phone`,`web_email`,`web_qrcode`,`web_qq`,`web_weixin`,`logo` FROM `gxfc_website` WHERE  `site_id` = 0 LIMIT 1 [ RunTime:0.000219s ]
[2022-08-10T11:20:19+08:00][sql] CONNECT:[ UseTime:0.000395s ] mysql:host=127.0.0.1;port=3306;dbname=ls_ssl_com;charset=utf8
[2022-08-10T11:20:19+08:00][sql] SELECT `uid`,`app_module`,`app_group`,`is_admin`,`site_id`,`group_id`,`group_name`,`username`,`password`,`member_id`,`create_time`,`update_time`,`status`,`login_time`,`login_ip` FROM `gxfc_user` WHERE  `username` = 'admin'  AND `app_module` = 'store' LIMIT 1 [ RunTime:0.000403s ]
[2022-08-10T11:21:28+08:00][sql] CONNECT:[ UseTime:0.000356s ] mysql:host=127.0.0.1;port=3306;dbname=ls_ssl_com;charset=utf8
[2022-08-10T11:21:28+08:00][sql] SELECT `id`,`app_module`,`name`,`title`,`parent`,`level`,`url`,`is_show`,`sort`,`desc`,`picture`,`is_icon`,`picture_select`,`is_control`,`addon` FROM `gxfc_menu` WHERE  `url` = 'supply://admin/Supplier/index'  AND `app_module` = 'admin' ORDER BY `level` DESC LIMIT 1 [ RunTime:0.000496s ]
[2022-08-10T11:21:28+08:00][sql] SELECT `id`,`app_module`,`name`,`title`,`parent`,`level`,`url`,`is_show`,`sort`,`desc`,`picture`,`is_icon`,`picture_select`,`is_control`,`addon` FROM `gxfc_menu` WHERE  `name` = 'ADDON_SUPPLY_LIST'  AND `app_module` = 'admin' LIMIT 1 [ RunTime:0.000342s ]
[2022-08-10T11:21:28+08:00][sql] SELECT `id`,`app_module`,`name`,`title`,`parent`,`level`,`url`,`is_show`,`sort`,`desc`,`picture`,`is_icon`,`picture_select`,`is_control`,`addon` FROM `gxfc_menu` WHERE  `name` = 'ADDON_SUPPLY_INDEX'  AND `app_module` = 'admin' LIMIT 1 [ RunTime:0.000327s ]
[2022-08-10T11:21:28+08:00][sql] SELECT `id`,`app_module`,`name`,`title`,`parent`,`level`,`url`,`is_show`,`sort`,`desc`,`picture`,`is_icon`,`picture_select`,`is_control`,`addon` FROM `gxfc_menu` WHERE  `name` = 'ADDON_SUPPLY_ROOT'  AND `app_module` = 'admin' LIMIT 1 [ RunTime:0.000329s ]
[2022-08-10T11:21:29+08:00][sql] CONNECT:[ UseTime:0.000527s ] mysql:host=127.0.0.1;port=3306;dbname=ls_ssl_com;charset=utf8
[2022-08-10T11:21:29+08:00][sql] SELECT COUNT(*) AS think_count FROM `gxfc_supplier` `a` ORDER BY `supplier_id` DESC [ RunTime:0.000279s ]
[2022-08-10T11:21:29+08:00][sql] SELECT * FROM `gxfc_supplier` `a` ORDER BY `supplier_id` DESC LIMIT 0,10 [ RunTime:0.000383s ]
[2022-08-10T11:21:33+08:00][sql] CONNECT:[ UseTime:0.000338s ] mysql:host=127.0.0.1;port=3306;dbname=ls_ssl_com;charset=utf8
[2022-08-10T11:21:33+08:00][sql] SELECT * FROM `gxfc_supplier` WHERE  `supplier_site_id` IS NULL LIMIT 1 [ RunTime:0.000512s ]
[2022-08-10T11:24:14+08:00][sql] CONNECT:[ UseTime:0.000338s ] mysql:host=127.0.0.1;port=3306;dbname=ls_ssl_com;charset=utf8
[2022-08-10T11:24:14+08:00][sql] SELECT * FROM `gxfc_supplier` WHERE  `supplier_site_id` IS NULL LIMIT 1 [ RunTime:0.000458s ]
[2022-08-10T11:25:29+08:00][sql] CONNECT:[ UseTime:0.000358s ] mysql:host=127.0.0.1;port=3306;dbname=ls_ssl_com;charset=utf8
[2022-08-10T11:25:29+08:00][sql] SELECT `id`,`app_module`,`name`,`title`,`parent`,`level`,`url`,`is_show`,`sort`,`desc`,`picture`,`is_icon`,`picture_select`,`is_control`,`addon` FROM `gxfc_menu` WHERE  `url` = 'supply://admin/Supplier/add'  AND `app_module` = 'admin' ORDER BY `level` DESC LIMIT 1 [ RunTime:0.000513s ]
[2022-08-10T11:25:29+08:00][sql] SELECT `id`,`app_module`,`name`,`title`,`parent`,`level`,`url`,`is_show`,`sort`,`desc`,`picture`,`is_icon`,`picture_select`,`is_control`,`addon` FROM `gxfc_menu` WHERE  `name` = 'ADDON_SUPPLY_ADD'  AND `app_module` = 'admin' LIMIT 1 [ RunTime:0.000370s ]
[2022-08-10T11:25:29+08:00][sql] SHOW FULL COLUMNS FROM `gxfc_supply_category` [ RunTime:0.001242s ]
[2022-08-10T11:25:29+08:00][sql] SELECT `category_id`,`category_name` FROM `gxfc_supply_category` ORDER BY `sort` ASC [ RunTime:0.000219s ]
[2022-08-10T11:25:44+08:00][sql] CONNECT:[ UseTime:0.000366s ] mysql:host=127.0.0.1;port=3306;dbname=ls_ssl_com;charset=utf8
[2022-08-10T11:25:44+08:00][sql] SELECT COUNT(*) AS think_count FROM `gxfc_shop` `s` LEFT JOIN `gxfc_website` `w` ON `w`.`site_id`=`s`.`website_id` ORDER BY `s`.`site_id` DESC [ RunTime:0.000321s ]
[2022-08-10T11:25:44+08:00][sql] SELECT `s`.`site_id`,`s`.`expire_time`,`s`.`site_name`,`s`.`username`,`s`.`website_id`,`s`.`cert_id`,`s`.`is_own`,`s`.`category_name`,`s`.`group_name`,`s`.`shop_status`,`s`.`create_time`,`w`.`site_area_name` FROM `gxfc_shop` `s` LEFT JOIN `gxfc_website` `w` ON `w`.`site_id`=`s`.`website_id` ORDER BY `s`.`site_id` DESC LIMIT 0,10 [ RunTime:0.000309s ]
[2022-08-10T11:25:44+08:00][sql] SELECT * FROM `gxfc_shop_cert` WHERE  `cert_id` = 1 LIMIT 1 [ RunTime:0.000362s ]
[2022-08-10T11:26:35+08:00][sql] CONNECT:[ UseTime:0.000389s ] mysql:host=127.0.0.1;port=3306;dbname=ls_ssl_com;charset=utf8
[2022-08-10T11:26:35+08:00][sql] SELECT `name` FROM `gxfc_addon` [ RunTime:0.000322s ]
[2022-08-10T11:26:36+08:00][sql] SELECT * FROM `gxfc_group` WHERE  `group_id` = 1  AND `site_id` = 0  AND `app_module` = 'admin' LIMIT 1 [ RunTime:0.000411s ]
[2022-08-10T11:26:36+08:00][sql] SELECT * FROM `gxfc_menu` WHERE  `app_module` = 'admin'  AND `is_show` = 1 ORDER BY `sort` ASC [ RunTime:0.001230s ]
[2022-08-10T11:26:36+08:00][sql] SELECT `id`,`app_module`,`name`,`title`,`parent`,`level`,`url`,`is_show`,`sort`,`desc`,`picture`,`is_icon`,`picture_select`,`is_control`,`addon` FROM `gxfc_menu` WHERE  `url` = 'admin/Member/index'  AND `app_module` = 'admin' ORDER BY `level` DESC LIMIT 1 [ RunTime:0.000333s ]
[2022-08-10T11:26:36+08:00][sql] SELECT `id`,`app_module`,`name`,`title`,`parent`,`level`,`url`,`is_show`,`sort`,`desc`,`picture`,`is_icon`,`picture_select`,`is_control`,`addon` FROM `gxfc_menu` WHERE  `name` = 'MEMBER_INDEX'  AND `app_module` = 'admin' LIMIT 1 [ RunTime:0.000279s ]
[2022-08-10T11:26:36+08:00][sql] SELECT `id`,`app_module`,`name`,`title`,`parent`,`level`,`url`,`is_show`,`sort`,`desc`,`picture`,`is_icon`,`picture_select`,`is_control`,`addon` FROM `gxfc_menu` WHERE  `name` = 'MEMBER_ROOT'  AND `app_module` = 'admin' LIMIT 1 [ RunTime:0.000273s ]
[2022-08-10T11:26:36+08:00][sql] SELECT `title`,`logo`,`desc`,`keywords`,`web_status`,`close_reason` FROM `gxfc_website` WHERE  `site_id` = 0 LIMIT 1 [ RunTime:0.000264s ]
[2022-08-10T11:26:36+08:00][sql] SELECT `site_id`,`app_module`,`config_key`,`value`,`config_desc`,`is_use`,`create_time`,`modify_time` FROM `gxfc_config` WHERE  `site_id` = 0  AND `app_module` = 'admin'  AND `config_key` = 'COPYRIGHT' LIMIT 1 [ RunTime:0.000267s ]
[2022-08-10T11:26:36+08:00][sql] SELECT `site_id`,`app_module`,`config_key`,`value`,`config_desc`,`is_use`,`create_time`,`modify_time` FROM `gxfc_config` WHERE  `site_id` = 0  AND `app_module` = 'admin'  AND `config_key` = 'DEFAULT_IMAGE' LIMIT 1 [ RunTime:0.000241s ]
[2022-08-10T11:26:36+08:00][sql] SELECT COUNT(*) AS think_count FROM `gxfc_member` WHERE  `is_delete` = 0 [ RunTime:0.000243s ]
[2022-08-10T11:26:36+08:00][sql] SELECT COUNT(*) AS think_count FROM `gxfc_member` WHERE  `reg_time` BETWEEN 1660060800 AND 1660101996   AND `is_delete` = 0 [ RunTime:0.000224s ]
[2022-08-10T11:26:36+08:00][sql] SELECT COUNT(*) AS think_count FROM `gxfc_member` WHERE  `order_money` > 0  AND `is_delete` = 0 [ RunTime:0.000232s ]
[2022-08-10T11:27:01+08:00][sql] CONNECT:[ UseTime:0.000378s ] mysql:host=127.0.0.1;port=3306;dbname=ls_ssl_com;charset=utf8
[2022-08-10T11:27:01+08:00][sql] SELECT `name` FROM `gxfc_addon` [ RunTime:0.000348s ]
[2022-08-10T11:27:02+08:00][sql] SELECT * FROM `gxfc_group` WHERE  `group_id` = 1  AND `site_id` = 0  AND `app_module` = 'admin' LIMIT 1 [ RunTime:0.000493s ]
[2022-08-10T11:27:02+08:00][sql] SELECT * FROM `gxfc_menu` WHERE  `app_module` = 'admin'  AND `is_show` = 1 ORDER BY `sort` ASC [ RunTime:0.001183s ]
[2022-08-10T11:27:02+08:00][sql] SELECT `id`,`app_module`,`name`,`title`,`parent`,`level`,`url`,`is_show`,`sort`,`desc`,`picture`,`is_icon`,`picture_select`,`is_control`,`addon` FROM `gxfc_menu` WHERE  `url` = 'admin/Member/index'  AND `app_module` = 'admin' ORDER BY `level` DESC LIMIT 1 [ RunTime:0.000380s ]
[2022-08-10T11:27:02+08:00][sql] SELECT `id`,`app_module`,`name`,`title`,`parent`,`level`,`url`,`is_show`,`sort`,`desc`,`picture`,`is_icon`,`picture_select`,`is_control`,`addon` FROM `gxfc_menu` WHERE  `name` = 'MEMBER_INDEX'  AND `app_module` = 'admin' LIMIT 1 [ RunTime:0.000304s ]
[2022-08-10T11:27:02+08:00][sql] SELECT `id`,`app_module`,`name`,`title`,`parent`,`level`,`url`,`is_show`,`sort`,`desc`,`picture`,`is_icon`,`picture_select`,`is_control`,`addon` FROM `gxfc_menu` WHERE  `name` = 'MEMBER_ROOT'  AND `app_module` = 'admin' LIMIT 1 [ RunTime:0.000289s ]
[2022-08-10T11:27:02+08:00][sql] SELECT `title`,`logo`,`desc`,`keywords`,`web_status`,`close_reason` FROM `gxfc_website` WHERE  `site_id` = 0 LIMIT 1 [ RunTime:0.000262s ]
[2022-08-10T11:27:02+08:00][sql] SELECT `site_id`,`app_module`,`config_key`,`value`,`config_desc`,`is_use`,`create_time`,`modify_time` FROM `gxfc_config` WHERE  `site_id` = 0  AND `app_module` = 'admin'  AND `config_key` = 'COPYRIGHT' LIMIT 1 [ RunTime:0.000290s ]
[2022-08-10T11:27:02+08:00][sql] SELECT `site_id`,`app_module`,`config_key`,`value`,`config_desc`,`is_use`,`create_time`,`modify_time` FROM `gxfc_config` WHERE  `site_id` = 0  AND `app_module` = 'admin'  AND `config_key` = 'DEFAULT_IMAGE' LIMIT 1 [ RunTime:0.000234s ]
[2022-08-10T11:27:02+08:00][sql] SELECT COUNT(*) AS think_count FROM `gxfc_member` WHERE  `is_delete` = 0 [ RunTime:0.000240s ]
[2022-08-10T11:27:02+08:00][sql] SELECT COUNT(*) AS think_count FROM `gxfc_member` WHERE  `reg_time` BETWEEN 1660060800 AND 1660102022   AND `is_delete` = 0 [ RunTime:0.000224s ]
[2022-08-10T11:27:02+08:00][sql] SELECT COUNT(*) AS think_count FROM `gxfc_member` WHERE  `order_money` > 0  AND `is_delete` = 0 [ RunTime:0.000236s ]
[2022-08-10T11:27:40+08:00][sql] CONNECT:[ UseTime:0.000420s ] mysql:host=127.0.0.1;port=3306;dbname=ls_ssl_com;charset=utf8
[2022-08-10T11:27:40+08:00][sql] SELECT `name` FROM `gxfc_addon` [ RunTime:0.000315s ]
[2022-08-10T11:27:41+08:00][sql] SELECT * FROM `gxfc_group` WHERE  `group_id` = 1  AND `site_id` = 0  AND `app_module` = 'admin' LIMIT 1 [ RunTime:0.000401s ]
[2022-08-10T11:27:41+08:00][sql] SELECT * FROM `gxfc_menu` WHERE  `app_module` = 'admin'  AND `is_show` = 1 ORDER BY `sort` ASC [ RunTime:0.001176s ]
[2022-08-10T11:27:41+08:00][sql] SELECT `id`,`app_module`,`name`,`title`,`parent`,`level`,`url`,`is_show`,`sort`,`desc`,`picture`,`is_icon`,`picture_select`,`is_control`,`addon` FROM `gxfc_menu` WHERE  `url` = 'admin/Member/index'  AND `app_module` = 'admin' ORDER BY `level` DESC LIMIT 1 [ RunTime:0.000351s ]
[2022-08-10T11:27:41+08:00][sql] SELECT `id`,`app_module`,`name`,`title`,`parent`,`level`,`url`,`is_show`,`sort`,`desc`,`picture`,`is_icon`,`picture_select`,`is_control`,`addon` FROM `gxfc_menu` WHERE  `name` = 'MEMBER_INDEX'  AND `app_module` = 'admin' LIMIT 1 [ RunTime:0.000273s ]
[2022-08-10T11:27:41+08:00][sql] SELECT `id`,`app_module`,`name`,`title`,`parent`,`level`,`url`,`is_show`,`sort`,`desc`,`picture`,`is_icon`,`picture_select`,`is_control`,`addon` FROM `gxfc_menu` WHERE  `name` = 'MEMBER_ROOT'  AND `app_module` = 'admin' LIMIT 1 [ RunTime:0.000298s ]
[2022-08-10T11:27:41+08:00][sql] SELECT `title`,`logo`,`desc`,`keywords`,`web_status`,`close_reason` FROM `gxfc_website` WHERE  `site_id` = 0 LIMIT 1 [ RunTime:0.000286s ]
[2022-08-10T11:27:41+08:00][sql] SELECT `site_id`,`app_module`,`config_key`,`value`,`config_desc`,`is_use`,`create_time`,`modify_time` FROM `gxfc_config` WHERE  `site_id` = 0  AND `app_module` = 'admin'  AND `config_key` = 'COPYRIGHT' LIMIT 1 [ RunTime:0.000329s ]
[2022-08-10T11:27:41+08:00][sql] SELECT `site_id`,`app_module`,`config_key`,`value`,`config_desc`,`is_use`,`create_time`,`modify_time` FROM `gxfc_config` WHERE  `site_id` = 0  AND `app_module` = 'admin'  AND `config_key` = 'DEFAULT_IMAGE' LIMIT 1 [ RunTime:0.000307s ]
[2022-08-10T11:27:41+08:00][sql] SELECT COUNT(*) AS think_count FROM `gxfc_member` WHERE  `is_delete` = 0 [ RunTime:0.000273s ]
[2022-08-10T11:27:41+08:00][sql] SELECT COUNT(*) AS think_count FROM `gxfc_member` WHERE  `reg_time` BETWEEN 1660060800 AND 1660102061   AND `is_delete` = 0 [ RunTime:0.000230s ]
[2022-08-10T11:27:41+08:00][sql] SELECT COUNT(*) AS think_count FROM `gxfc_member` WHERE  `order_money` > 0  AND `is_delete` = 0 [ RunTime:0.000221s ]
[2022-08-10T11:29:45+08:00][sql] CONNECT:[ UseTime:0.000427s ] mysql:host=127.0.0.1;port=3306;dbname=ls_ssl_com;charset=utf8
[2022-08-10T11:29:45+08:00][sql] SELECT COUNT(*) AS think_count FROM `gxfc_shop` `s` LEFT JOIN `gxfc_website` `w` ON `w`.`site_id`=`s`.`website_id` ORDER BY `s`.`site_id` DESC [ RunTime:0.000381s ]
[2022-08-10T11:29:45+08:00][sql] SELECT `s`.`site_id`,`s`.`expire_time`,`s`.`site_name`,`s`.`username`,`s`.`website_id`,`s`.`cert_id`,`s`.`is_own`,`s`.`category_name`,`s`.`group_name`,`s`.`shop_status`,`s`.`create_time`,`w`.`site_area_name` FROM `gxfc_shop` `s` LEFT JOIN `gxfc_website` `w` ON `w`.`site_id`=`s`.`website_id` ORDER BY `s`.`site_id` DESC LIMIT 0,10 [ RunTime:0.000320s ]
[2022-08-10T11:29:45+08:00][sql] SELECT * FROM `gxfc_shop_cert` WHERE  `cert_id` = 1 LIMIT 1 [ RunTime:0.000399s ]
