[2022-08-30T09:34:14+08:00][sql] CONNECT:[ UseTime:0.000398s ] mysql:host=127.0.0.1;port=3306;dbname=ls_ssl_com;charset=utf8
[2022-08-30T09:34:14+08:00][sql] SELECT `site_id`,`app_module`,`config_key`,`value`,`config_desc`,`is_use`,`create_time`,`modify_time` FROM `gxfc_config` WHERE  `site_id` = 0  AND `app_module` = 'admin'  AND `config_key` = 'WEAPP_CONFIG' LIMIT 1 [ RunTime:0.000400s ]
[2022-08-30T09:55:33+08:00][sql] CONNECT:[ UseTime:0.000377s ] mysql:host=127.0.0.1;port=3306;dbname=ls_ssl_com;charset=utf8
[2022-08-30T09:55:33+08:00][sql] SELECT `website_id`,`site_name`,`logo`,`is_own`,`level_id`,`category_id`,`group_id`,`seo_keywords`,`seo_description`,`expire_time`,`shop_status` FROM `gxfc_shop` WHERE  `site_id` = 3 LIMIT 1 [ RunTime:0.000375s ]
[2022-08-30T09:55:33+08:00][sql] SELECT `id`,`app_module`,`name`,`title`,`parent`,`level`,`url`,`is_show`,`sort`,`desc`,`picture`,`is_icon`,`picture_select`,`is_control`,`addon` FROM `gxfc_menu` WHERE  `url` = 'store://shop/Config/index'  AND `app_module` = 'shop' ORDER BY `level` DESC LIMIT 1 [ RunTime:0.000450s ]
[2022-08-30T09:55:33+08:00][sql] SELECT `id`,`app_module`,`name`,`title`,`parent`,`level`,`url`,`is_show`,`sort`,`desc`,`picture`,`is_icon`,`picture_select`,`is_control`,`addon` FROM `gxfc_menu` WHERE  `name` = 'ADDON_STORE_SHOP_STORE_CONFIG'  AND `app_module` = 'shop' LIMIT 1 [ RunTime:0.000335s ]
[2022-08-30T09:55:33+08:00][sql] SELECT `site_id`,`app_module`,`config_key`,`value`,`config_desc`,`is_use`,`create_time`,`modify_time` FROM `gxfc_config` WHERE  `site_id` = 3  AND `app_module` = 'shop'  AND `config_key` = 'STORE_WITHDRAW' LIMIT 1 [ RunTime:0.000350s ]
[2022-08-30T09:56:55+08:00][sql] CONNECT:[ UseTime:0.000362s ] mysql:host=127.0.0.1;port=3306;dbname=ls_ssl_com;charset=utf8
[2022-08-30T09:56:55+08:00][sql] SELECT `website_id`,`site_name`,`logo`,`is_own`,`level_id`,`category_id`,`group_id`,`seo_keywords`,`seo_description`,`expire_time`,`shop_status` FROM `gxfc_shop` WHERE  `site_id` = 3 LIMIT 1 [ RunTime:0.000434s ]
[2022-08-30T09:56:55+08:00][sql] SELECT `id`,`app_module`,`name`,`title`,`parent`,`level`,`url`,`is_show`,`sort`,`desc`,`picture`,`is_icon`,`picture_select`,`is_control`,`addon` FROM `gxfc_menu` WHERE  `url` = 'electronicsheet://shop/Electronicsheet/lists'  AND `app_module` = 'shop' ORDER BY `level` DESC LIMIT 1 [ RunTime:0.000499s ]
[2022-08-30T09:56:55+08:00][sql] SELECT `id`,`app_module`,`name`,`title`,`parent`,`level`,`url`,`is_show`,`sort`,`desc`,`picture`,`is_icon`,`picture_select`,`is_control`,`addon` FROM `gxfc_menu` WHERE  `name` = 'PROMOTION_ELECTRONICSHEET_GOODS_LIST'  AND `app_module` = 'shop' LIMIT 1 [ RunTime:0.000345s ]
[2022-08-30T09:56:55+08:00][sql] SELECT `id`,`app_module`,`name`,`title`,`parent`,`level`,`url`,`is_show`,`sort`,`desc`,`picture`,`is_icon`,`picture_select`,`is_control`,`addon` FROM `gxfc_menu` WHERE  `name` = 'PROMOTION_ELECTRONICSHEET'  AND `app_module` = 'shop' LIMIT 1 [ RunTime:0.000327s ]
[2022-08-30T09:56:55+08:00][sql] SELECT `name`,`title` FROM `gxfc_addon` WHERE  `name` = 'electronicsheet' LIMIT 1 [ RunTime:0.000261s ]
[2022-08-30T09:56:55+08:00][sql] CONNECT:[ UseTime:0.000382s ] mysql:host=127.0.0.1;port=3306;dbname=ls_ssl_com;charset=utf8
[2022-08-30T09:56:55+08:00][sql] SELECT `website_id`,`site_name`,`logo`,`is_own`,`level_id`,`category_id`,`group_id`,`seo_keywords`,`seo_description`,`expire_time`,`shop_status` FROM `gxfc_shop` WHERE  `site_id` = 3 LIMIT 1 [ RunTime:0.000365s ]
[2022-08-30T09:56:55+08:00][sql] SHOW FULL COLUMNS FROM `gxfc_express_electronicsheet` [ RunTime:0.001086s ]
[2022-08-30T09:56:55+08:00][sql] SELECT COUNT(*) AS think_count FROM `gxfc_express_electronicsheet` `a` WHERE  `site_id` = 3 ORDER BY `is_default` DESC [ RunTime:0.000260s ]
[2022-08-30T09:56:55+08:00][sql] SELECT * FROM `gxfc_express_electronicsheet` `a` WHERE  `site_id` = 3 ORDER BY `is_default` DESC LIMIT 0,10 [ RunTime:0.000247s ]
[2022-08-30T09:56:57+08:00][sql] CONNECT:[ UseTime:0.000375s ] mysql:host=127.0.0.1;port=3306;dbname=ls_ssl_com;charset=utf8
[2022-08-30T09:56:57+08:00][sql] SELECT `website_id`,`site_name`,`logo`,`is_own`,`level_id`,`category_id`,`group_id`,`seo_keywords`,`seo_description`,`expire_time`,`shop_status` FROM `gxfc_shop` WHERE  `site_id` = 3 LIMIT 1 [ RunTime:0.000372s ]
[2022-08-30T09:56:57+08:00][sql] SELECT `id`,`app_module`,`name`,`title`,`parent`,`level`,`url`,`is_show`,`sort`,`desc`,`picture`,`is_icon`,`picture_select`,`is_control`,`addon` FROM `gxfc_menu` WHERE  `url` = 'electronicsheet://shop/Electronicsheet/add'  AND `app_module` = 'shop' ORDER BY `level` DESC LIMIT 1 [ RunTime:0.000531s ]
[2022-08-30T09:56:57+08:00][sql] SELECT `id`,`app_module`,`name`,`title`,`parent`,`level`,`url`,`is_show`,`sort`,`desc`,`picture`,`is_icon`,`picture_select`,`is_control`,`addon` FROM `gxfc_menu` WHERE  `name` = 'PROMOTION_ELECTRONICSHEET_ADD'  AND `app_module` = 'shop' LIMIT 1 [ RunTime:0.000310s ]
[2022-08-30T09:56:57+08:00][sql] SELECT `company_id`,`company_name`,`print_style` FROM `gxfc_express_company` WHERE  `is_electronicsheet` = 1 ORDER BY `sort` ASC [ RunTime:0.000335s ]
[2022-08-30T09:56:59+08:00][sql] CONNECT:[ UseTime:0.000412s ] mysql:host=127.0.0.1;port=3306;dbname=ls_ssl_com;charset=utf8
[2022-08-30T09:56:59+08:00][sql] SELECT `website_id`,`site_name`,`logo`,`is_own`,`level_id`,`category_id`,`group_id`,`seo_keywords`,`seo_description`,`expire_time`,`shop_status` FROM `gxfc_shop` WHERE  `site_id` = 3 LIMIT 1 [ RunTime:0.000417s ]
[2022-08-30T09:56:59+08:00][sql] SELECT `id`,`app_module`,`name`,`title`,`parent`,`level`,`url`,`is_show`,`sort`,`desc`,`picture`,`is_icon`,`picture_select`,`is_control`,`addon` FROM `gxfc_menu` WHERE  `url` = 'electronicsheet://shop/Config/config'  AND `app_module` = 'shop' ORDER BY `level` DESC LIMIT 1 [ RunTime:0.000547s ]
[2022-08-30T09:56:59+08:00][sql] SELECT `id`,`app_module`,`name`,`title`,`parent`,`level`,`url`,`is_show`,`sort`,`desc`,`picture`,`is_icon`,`picture_select`,`is_control`,`addon` FROM `gxfc_menu` WHERE  `name` = 'PROMOTION_ELECTRONICSHEET_CONFIG'  AND `app_module` = 'shop' LIMIT 1 [ RunTime:0.000365s ]
[2022-08-30T09:56:59+08:00][sql] SELECT `site_id`,`app_module`,`config_key`,`value`,`config_desc`,`is_use`,`create_time`,`modify_time` FROM `gxfc_config` WHERE  `site_id` = 3  AND `app_module` = 'shop'  AND `config_key` = 'ELECTRONICSHEET_CONFIG' LIMIT 1 [ RunTime:0.000502s ]
[2022-08-30T09:58:04+08:00][sql] CONNECT:[ UseTime:0.000368s ] mysql:host=127.0.0.1;port=3306;dbname=ls_ssl_com;charset=utf8
[2022-08-30T09:58:04+08:00][sql] SELECT `website_id`,`site_name`,`logo`,`is_own`,`level_id`,`category_id`,`group_id`,`seo_keywords`,`seo_description`,`expire_time`,`shop_status` FROM `gxfc_shop` WHERE  `site_id` = 3 LIMIT 1 [ RunTime:0.000362s ]
[2022-08-30T09:58:04+08:00][sql] SELECT `id`,`app_module`,`name`,`title`,`parent`,`level`,`url`,`is_show`,`sort`,`desc`,`picture`,`is_icon`,`picture_select`,`is_control`,`addon` FROM `gxfc_menu` WHERE  `url` = 'freeshipping://shop/Freeshipping/lists'  AND `app_module` = 'shop' ORDER BY `level` DESC LIMIT 1 [ RunTime:0.000483s ]
[2022-08-30T09:58:04+08:00][sql] SELECT `id`,`app_module`,`name`,`title`,`parent`,`level`,`url`,`is_show`,`sort`,`desc`,`picture`,`is_icon`,`picture_select`,`is_control`,`addon` FROM `gxfc_menu` WHERE  `name` = 'PROMOTION_FREESHIPPING_LIST'  AND `app_module` = 'shop' LIMIT 1 [ RunTime:0.000349s ]
[2022-08-30T09:58:04+08:00][sql] SELECT `id`,`app_module`,`name`,`title`,`parent`,`level`,`url`,`is_show`,`sort`,`desc`,`picture`,`is_icon`,`picture_select`,`is_control`,`addon` FROM `gxfc_menu` WHERE  `name` = 'PROMOTION_FREESHIPPING'  AND `app_module` = 'shop' LIMIT 1 [ RunTime:0.000305s ]
[2022-08-30T09:58:04+08:00][sql] SELECT `name`,`title` FROM `gxfc_addon` WHERE  `name` = 'freeshipping' LIMIT 1 [ RunTime:0.000244s ]
[2022-08-30T09:58:05+08:00][sql] CONNECT:[ UseTime:0.000344s ] mysql:host=127.0.0.1;port=3306;dbname=ls_ssl_com;charset=utf8
[2022-08-30T09:58:05+08:00][sql] SELECT `website_id`,`site_name`,`logo`,`is_own`,`level_id`,`category_id`,`group_id`,`seo_keywords`,`seo_description`,`expire_time`,`shop_status` FROM `gxfc_shop` WHERE  `site_id` = 3 LIMIT 1 [ RunTime:0.000366s ]
[2022-08-30T09:58:05+08:00][sql] SELECT COUNT(*) AS think_count FROM `gxfc_promotion_freeshipping` `a` WHERE  `site_id` = 3 ORDER BY `price` ASC [ RunTime:0.000344s ]
[2022-08-30T09:58:05+08:00][sql] SELECT * FROM `gxfc_promotion_freeshipping` `a` WHERE  `site_id` = 3 ORDER BY `price` ASC LIMIT 0,10 [ RunTime:0.000267s ]
[2022-08-30T09:58:08+08:00][sql] CONNECT:[ UseTime:0.000375s ] mysql:host=127.0.0.1;port=3306;dbname=ls_ssl_com;charset=utf8
[2022-08-30T09:58:08+08:00][sql] SELECT `website_id`,`site_name`,`logo`,`is_own`,`level_id`,`category_id`,`group_id`,`seo_keywords`,`seo_description`,`expire_time`,`shop_status` FROM `gxfc_shop` WHERE  `site_id` = 3 LIMIT 1 [ RunTime:0.000390s ]
[2022-08-30T09:58:08+08:00][sql] SELECT `id`,`app_module`,`name`,`title`,`parent`,`level`,`url`,`is_show`,`sort`,`desc`,`picture`,`is_icon`,`picture_select`,`is_control`,`addon` FROM `gxfc_menu` WHERE  `url` = 'freeshipping://shop/Freeshipping/add'  AND `app_module` = 'shop' ORDER BY `level` DESC LIMIT 1 [ RunTime:0.000488s ]
[2022-08-30T09:58:08+08:00][sql] SELECT `id`,`app_module`,`name`,`title`,`parent`,`level`,`url`,`is_show`,`sort`,`desc`,`picture`,`is_icon`,`picture_select`,`is_control`,`addon` FROM `gxfc_menu` WHERE  `name` = 'PROMOTION_FREESHIPPING_ADD'  AND `app_module` = 'shop' LIMIT 1 [ RunTime:0.000304s ]
[2022-08-30T09:58:36+08:00][sql] CONNECT:[ UseTime:0.000388s ] mysql:host=127.0.0.1;port=3306;dbname=ls_ssl_com;charset=utf8
[2022-08-30T09:58:36+08:00][sql] SELECT `website_id`,`site_name`,`logo`,`is_own`,`level_id`,`category_id`,`group_id`,`seo_keywords`,`seo_description`,`expire_time`,`shop_status` FROM `gxfc_shop` WHERE  `site_id` = 3 LIMIT 1 [ RunTime:0.000386s ]
[2022-08-30T09:58:36+08:00][sql] SELECT `site_id`,`app_module`,`config_key`,`value`,`config_desc`,`is_use`,`create_time`,`modify_time` FROM `gxfc_config` WHERE  `site_id` = 0  AND `app_module` = 'admin'  AND `config_key` = 'COPYRIGHT' LIMIT 1 [ RunTime:0.000420s ]
[2022-08-30T09:58:36+08:00][sql] SELECT `site_id`,`app_module`,`config_key`,`value`,`config_desc`,`is_use`,`create_time`,`modify_time` FROM `gxfc_config` WHERE  `site_id` = 0  AND `app_module` = 'admin'  AND `config_key` = 'DEFAULT_IMAGE' LIMIT 1 [ RunTime:0.000292s ]
[2022-08-30T09:58:36+08:00][sql] SELECT `site_id`,`app_module`,`config_key`,`value`,`config_desc`,`is_use`,`create_time`,`modify_time` FROM `gxfc_config` WHERE  `site_id` = 3  AND `app_module` = 'shop'  AND `config_key` = 'STORE_WITHDRAW' LIMIT 1 [ RunTime:0.000274s ]
[2022-08-30T09:59:46+08:00][sql] CONNECT:[ UseTime:0.000358s ] mysql:host=127.0.0.1;port=3306;dbname=ls_ssl_com;charset=utf8
[2022-08-30T09:59:46+08:00][sql] SELECT `id`,`app_module`,`name`,`title`,`parent`,`level`,`url`,`is_show`,`sort`,`desc`,`picture`,`is_icon`,`picture_select`,`is_control`,`addon` FROM `gxfc_menu` WHERE  `url` = 'shopwithdraw://admin/Config/index'  AND `app_module` = 'admin' ORDER BY `level` DESC LIMIT 1 [ RunTime:0.000485s ]
[2022-08-30T09:59:46+08:00][sql] SELECT `id`,`app_module`,`name`,`title`,`parent`,`level`,`url`,`is_show`,`sort`,`desc`,`picture`,`is_icon`,`picture_select`,`is_control`,`addon` FROM `gxfc_menu` WHERE  `name` = 'SHOP_WITHDRAW_CONFIG'  AND `app_module` = 'admin' LIMIT 1 [ RunTime:0.000343s ]
[2022-08-30T09:59:46+08:00][sql] SELECT `site_id`,`app_module`,`config_key`,`value`,`config_desc`,`is_use`,`create_time`,`modify_time` FROM `gxfc_config` WHERE  `site_id` = 0  AND `app_module` = 'admin'  AND `config_key` = 'SHOP_WITHDRAW_CONFIG' LIMIT 1 [ RunTime:0.000293s ]
[2022-08-30T09:59:49+08:00][sql] CONNECT:[ UseTime:0.000416s ] mysql:host=127.0.0.1;port=3306;dbname=ls_ssl_com;charset=utf8
[2022-08-30T09:59:49+08:00][sql] INSERT INTO `gxfc_user_log` SET `uid` = 1 , `username` = 'admin' , `site_id` = 0 , `url` = 'shopwithdraw://admin/Config/index' , `ip` = '171.83.116.159' , `data` = '[]' , `action_name` = '设置店铺提现配置' , `create_time` = 1661824789 [ RunTime:0.005437s ]
[2022-08-30T09:59:49+08:00][sql] SELECT `id` FROM `gxfc_config` WHERE  `site_id` = 0  AND `app_module` = 'admin'  AND `config_key` = 'SHOP_WITHDRAW_CONFIG' LIMIT 1 [ RunTime:0.000300s ]
[2022-08-30T09:59:49+08:00][sql] UPDATE `gxfc_config`  SET `site_id` = 0 , `app_module` = 'admin' , `config_key` = 'SHOP_WITHDRAW_CONFIG' , `value` = '{\"transfer_type\":\"wechatpay\"}' , `config_desc` = '店铺提现设置' , `is_use` = 0 , `modify_time` = 1661824789  WHERE  `site_id` = 0  AND `app_module` = 'admin'  AND `config_key` = 'SHOP_WITHDRAW_CONFIG' [ RunTime:0.009707s ]
[2022-08-30T10:00:32+08:00][sql] CONNECT:[ UseTime:0.000378s ] mysql:host=127.0.0.1;port=3306;dbname=ls_ssl_com;charset=utf8
[2022-08-30T10:00:32+08:00][sql] SELECT `site_id`,`app_module`,`config_key`,`value`,`config_desc`,`is_use`,`create_time`,`modify_time` FROM `gxfc_config` WHERE  `site_id` = 0  AND `app_module` = 'admin'  AND `config_key` = 'SHOP_WITHDRAW_CONFIG' LIMIT 1 [ RunTime:0.000416s ]
[2022-08-30T10:02:40+08:00][sql] CONNECT:[ UseTime:0.000381s ] mysql:host=127.0.0.1;port=3306;dbname=ls_ssl_com;charset=utf8
[2022-08-30T10:02:40+08:00][sql] SELECT COUNT(*) AS think_count FROM `gxfc_shop` `s` LEFT JOIN `gxfc_website` `w` ON `w`.`site_id`=`s`.`website_id` ORDER BY `s`.`site_id` DESC [ RunTime:0.000340s ]
[2022-08-30T10:02:40+08:00][sql] SELECT `s`.`site_id`,`s`.`expire_time`,`s`.`site_name`,`s`.`username`,`s`.`website_id`,`s`.`cert_id`,`s`.`is_own`,`s`.`category_name`,`s`.`group_name`,`s`.`shop_status`,`s`.`create_time`,`w`.`site_area_name` FROM `gxfc_shop` `s` LEFT JOIN `gxfc_website` `w` ON `w`.`site_id`=`s`.`website_id` ORDER BY `s`.`site_id` DESC LIMIT 0,10 [ RunTime:0.000355s ]
[2022-08-30T10:02:40+08:00][sql] SELECT * FROM `gxfc_shop_cert` WHERE  `cert_id` = 4 LIMIT 1 [ RunTime:0.000410s ]
[2022-08-30T10:02:40+08:00][sql] SELECT * FROM `gxfc_shop_cert` WHERE  `cert_id` = 5 LIMIT 1 [ RunTime:0.000332s ]
[2022-08-30T10:02:40+08:00][sql] SELECT * FROM `gxfc_shop_cert` WHERE  `cert_id` = 1 LIMIT 1 [ RunTime:0.000326s ]
[2022-08-30T10:11:40+08:00][sql] CONNECT:[ UseTime:0.000408s ] mysql:host=127.0.0.1;port=3306;dbname=ls_ssl_com;charset=utf8
[2022-08-30T10:11:40+08:00][sql] SELECT `site_id`,`app_module`,`config_key`,`value`,`config_desc`,`is_use`,`create_time`,`modify_time` FROM `gxfc_config` WHERE  `site_id` = 0  AND `app_module` = 'admin'  AND `config_key` = 'MEMBER_REGISTER_REWARD_CONFIG' LIMIT 1 [ RunTime:0.000437s ]
[2022-08-30T10:11:41+08:00][sql] CONNECT:[ UseTime:0.000369s ] mysql:host=127.0.0.1;port=3306;dbname=ls_ssl_com;charset=utf8
[2022-08-30T10:11:41+08:00][sql] SELECT `site_id`,`app_module`,`config_key`,`value`,`config_desc`,`is_use`,`create_time`,`modify_time` FROM `gxfc_config` WHERE  `site_id` = 0  AND `app_module` = 'admin'  AND `config_key` = 'FENXIAO_BASICS_CONFIG' LIMIT 1 [ RunTime:0.000425s ]
[2022-08-30T13:31:14+08:00][sql] CONNECT:[ UseTime:0.000381s ] mysql:host=127.0.0.1;port=3306;dbname=ls_ssl_com;charset=utf8
[2022-08-30T13:31:14+08:00][sql] SELECT `name` FROM `gxfc_addon` [ RunTime:0.000279s ]
[2022-08-30T13:31:15+08:00][sql] SELECT * FROM `gxfc_group` WHERE  `group_id` = 1  AND `site_id` = 0  AND `app_module` = 'admin' LIMIT 1 [ RunTime:0.000420s ]
[2022-08-30T13:31:15+08:00][sql] SELECT * FROM `gxfc_menu` WHERE  `app_module` = 'admin'  AND `is_show` = 1 ORDER BY `sort` ASC [ RunTime:0.001199s ]
[2022-08-30T13:31:15+08:00][sql] SELECT `id`,`app_module`,`name`,`title`,`parent`,`level`,`url`,`is_show`,`sort`,`desc`,`picture`,`is_icon`,`picture_select`,`is_control`,`addon` FROM `gxfc_menu` WHERE  `url` = 'admin/Index/index'  AND `app_module` = 'admin' ORDER BY `level` DESC LIMIT 1 [ RunTime:0.000364s ]
[2022-08-30T13:31:15+08:00][sql] SELECT `id`,`app_module`,`name`,`title`,`parent`,`level`,`url`,`is_show`,`sort`,`desc`,`picture`,`is_icon`,`picture_select`,`is_control`,`addon` FROM `gxfc_menu` WHERE  `name` = 'INDEX_ROOT'  AND `app_module` = 'admin' LIMIT 1 [ RunTime:0.000316s ]
[2022-08-30T13:31:15+08:00][sql] SELECT `title`,`logo`,`desc`,`keywords`,`web_status`,`close_reason` FROM `gxfc_website` WHERE  `site_id` = 0 LIMIT 1 [ RunTime:0.000253s ]
[2022-08-30T13:31:15+08:00][sql] SELECT `site_id`,`app_module`,`config_key`,`value`,`config_desc`,`is_use`,`create_time`,`modify_time` FROM `gxfc_config` WHERE  `site_id` = 0  AND `app_module` = 'admin'  AND `config_key` = 'COPYRIGHT' LIMIT 1 [ RunTime:0.000254s ]
[2022-08-30T13:31:15+08:00][sql] SELECT `site_id`,`app_module`,`config_key`,`value`,`config_desc`,`is_use`,`create_time`,`modify_time` FROM `gxfc_config` WHERE  `site_id` = 0  AND `app_module` = 'admin'  AND `config_key` = 'DEFAULT_IMAGE' LIMIT 1 [ RunTime:0.000252s ]
[2022-08-30T13:31:15+08:00][sql] SELECT `id`,`site_id`,`year`,`month`,`day`,`order_total`,`shipping_total`,`refund_total`,`order_pay_count`,`goods_pay_count`,`shop_money`,`platform_money`,`create_time`,`modify_time`,`collect_shop`,`collect_goods`,`visit_count`,`order_count`,`goods_count`,`add_goods_count`,`day_time`,`member_count` FROM `gxfc_stat_shop` WHERE  `site_id` = 0  AND `year` = 2022  AND `month` = 8  AND `day` = 30 LIMIT 1 [ RunTime:0.000354s ]
[2022-08-30T13:31:15+08:00][sql] SELECT `id`,`site_id`,`year`,`month`,`day`,`order_total`,`shipping_total`,`refund_total`,`order_pay_count`,`goods_pay_count`,`shop_money`,`platform_money`,`create_time`,`modify_time`,`collect_shop`,`collect_goods`,`visit_count`,`order_count`,`goods_count`,`add_goods_count`,`day_time`,`member_count` FROM `gxfc_stat_shop` WHERE  `site_id` = 0  AND `year` = 2022  AND `month` = 8  AND `day` = 30 LIMIT 1 [ RunTime:0.000299s ]
[2022-08-30T13:31:15+08:00][sql] SELECT `id`,`site_id`,`year`,`month`,`day`,`order_total`,`shipping_total`,`refund_total`,`order_pay_count`,`goods_pay_count`,`shop_money`,`platform_money`,`create_time`,`modify_time`,`collect_shop`,`collect_goods`,`visit_count`,`order_count`,`goods_count`,`add_goods_count`,`day_time`,`member_count` FROM `gxfc_stat_shop` WHERE  `site_id` = 0  AND `year` = 2022  AND `month` = 8  AND `day` = 29 LIMIT 1 [ RunTime:0.000316s ]
[2022-08-30T13:31:15+08:00][sql] SELECT `id`,`site_id`,`year`,`month`,`day`,`order_total`,`shipping_total`,`refund_total`,`order_pay_count`,`goods_pay_count`,`shop_money`,`platform_money`,`create_time`,`modify_time`,`collect_shop`,`collect_goods`,`visit_count`,`order_count`,`goods_count`,`add_goods_count`,`day_time`,`member_count` FROM `gxfc_stat_shop` WHERE  `site_id` = 0  AND `year` = 2022  AND `month` = 08  AND `day` = 21 LIMIT 1 [ RunTime:0.000311s ]
[2022-08-30T13:31:15+08:00][sql] SELECT `id`,`site_id`,`year`,`month`,`day`,`order_total`,`shipping_total`,`refund_total`,`order_pay_count`,`goods_pay_count`,`shop_money`,`platform_money`,`create_time`,`modify_time`,`collect_shop`,`collect_goods`,`visit_count`,`order_count`,`goods_count`,`add_goods_count`,`day_time`,`member_count` FROM `gxfc_stat_shop` WHERE  `site_id` = 0  AND `year` = 2022  AND `month` = 08  AND `day` = 22 LIMIT 1 [ RunTime:0.000267s ]
[2022-08-30T13:31:15+08:00][sql] SELECT `id`,`site_id`,`year`,`month`,`day`,`order_total`,`shipping_total`,`refund_total`,`order_pay_count`,`goods_pay_count`,`shop_money`,`platform_money`,`create_time`,`modify_time`,`collect_shop`,`collect_goods`,`visit_count`,`order_count`,`goods_count`,`add_goods_count`,`day_time`,`member_count` FROM `gxfc_stat_shop` WHERE  `site_id` = 0  AND `year` = 2022  AND `month` = 08  AND `day` = 23 LIMIT 1 [ RunTime:0.000282s ]
[2022-08-30T13:31:15+08:00][sql] SELECT `id`,`site_id`,`year`,`month`,`day`,`order_total`,`shipping_total`,`refund_total`,`order_pay_count`,`goods_pay_count`,`shop_money`,`platform_money`,`create_time`,`modify_time`,`collect_shop`,`collect_goods`,`visit_count`,`order_count`,`goods_count`,`add_goods_count`,`day_time`,`member_count` FROM `gxfc_stat_shop` WHERE  `site_id` = 0  AND `year` = 2022  AND `month` = 08  AND `day` = 24 LIMIT 1 [ RunTime:0.000266s ]
[2022-08-30T13:31:15+08:00][sql] SELECT `id`,`site_id`,`year`,`month`,`day`,`order_total`,`shipping_total`,`refund_total`,`order_pay_count`,`goods_pay_count`,`shop_money`,`platform_money`,`create_time`,`modify_time`,`collect_shop`,`collect_goods`,`visit_count`,`order_count`,`goods_count`,`add_goods_count`,`day_time`,`member_count` FROM `gxfc_stat_shop` WHERE  `site_id` = 0  AND `year` = 2022  AND `month` = 08  AND `day` = 25 LIMIT 1 [ RunTime:0.000288s ]
[2022-08-30T13:31:15+08:00][sql] SELECT `id`,`site_id`,`year`,`month`,`day`,`order_total`,`shipping_total`,`refund_total`,`order_pay_count`,`goods_pay_count`,`shop_money`,`platform_money`,`create_time`,`modify_time`,`collect_shop`,`collect_goods`,`visit_count`,`order_count`,`goods_count`,`add_goods_count`,`day_time`,`member_count` FROM `gxfc_stat_shop` WHERE  `site_id` = 0  AND `year` = 2022  AND `month` = 08  AND `day` = 26 LIMIT 1 [ RunTime:0.000293s ]
[2022-08-30T13:31:15+08:00][sql] SELECT `id`,`site_id`,`year`,`month`,`day`,`order_total`,`shipping_total`,`refund_total`,`order_pay_count`,`goods_pay_count`,`shop_money`,`platform_money`,`create_time`,`modify_time`,`collect_shop`,`collect_goods`,`visit_count`,`order_count`,`goods_count`,`add_goods_count`,`day_time`,`member_count` FROM `gxfc_stat_shop` WHERE  `site_id` = 0  AND `year` = 2022  AND `month` = 08  AND `day` = 27 LIMIT 1 [ RunTime:0.000271s ]
[2022-08-30T13:31:15+08:00][sql] SELECT `id`,`site_id`,`year`,`month`,`day`,`order_total`,`shipping_total`,`refund_total`,`order_pay_count`,`goods_pay_count`,`shop_money`,`platform_money`,`create_time`,`modify_time`,`collect_shop`,`collect_goods`,`visit_count`,`order_count`,`goods_count`,`add_goods_count`,`day_time`,`member_count` FROM `gxfc_stat_shop` WHERE  `site_id` = 0  AND `year` = 2022  AND `month` = 08  AND `day` = 28 LIMIT 1 [ RunTime:0.000288s ]
[2022-08-30T13:31:15+08:00][sql] SELECT `id`,`site_id`,`year`,`month`,`day`,`order_total`,`shipping_total`,`refund_total`,`order_pay_count`,`goods_pay_count`,`shop_money`,`platform_money`,`create_time`,`modify_time`,`collect_shop`,`collect_goods`,`visit_count`,`order_count`,`goods_count`,`add_goods_count`,`day_time`,`member_count` FROM `gxfc_stat_shop` WHERE  `site_id` = 0  AND `year` = 2022  AND `month` = 08  AND `day` = 29 LIMIT 1 [ RunTime:0.000264s ]
[2022-08-30T13:31:15+08:00][sql] SELECT `id`,`site_id`,`year`,`month`,`day`,`order_total`,`shipping_total`,`refund_total`,`order_pay_count`,`goods_pay_count`,`shop_money`,`platform_money`,`create_time`,`modify_time`,`collect_shop`,`collect_goods`,`visit_count`,`order_count`,`goods_count`,`add_goods_count`,`day_time`,`member_count` FROM `gxfc_stat_shop` WHERE  `site_id` = 0  AND `year` = 2022  AND `month` = 08  AND `day` = 30 LIMIT 1 [ RunTime:0.000266s ]
[2022-08-30T13:31:15+08:00][sql] SELECT COUNT(*) AS think_count FROM `gxfc_order` WHERE  `order_status` = 0  AND `is_delete` = 0 [ RunTime:0.000280s ]
[2022-08-30T13:31:15+08:00][sql] SELECT COUNT(*) AS think_count FROM `gxfc_order` WHERE  `order_status` = 1  AND `is_delete` = 0 [ RunTime:0.000214s ]
[2022-08-30T13:31:15+08:00][sql] SELECT COUNT(*) AS think_count FROM `gxfc_order_goods` WHERE  `refund_status` NOT IN (0,3) [ RunTime:0.000213s ]
[2022-08-30T13:31:15+08:00][sql] SELECT COUNT(*) AS think_count FROM `gxfc_goods` WHERE  `goods_state` = 1  AND `is_delete` = 0 [ RunTime:0.000225s ]
[2022-08-30T13:31:15+08:00][sql] SELECT COUNT(*) AS think_count FROM `gxfc_goods` WHERE  `goods_state` = 0  AND `is_delete` = 0 [ RunTime:0.000221s ]
[2022-08-30T13:31:15+08:00][sql] SELECT COUNT(`id`) AS think_count FROM `gxfc_fenxiao_withdraw` WHERE  `status` = 1 [ RunTime:0.000208s ]
[2022-08-30T13:31:15+08:00][sql] SELECT COUNT(`apply_id`) AS think_count FROM `gxfc_fenxiao_apply` WHERE  `status` = 1 [ RunTime:0.000193s ]
[2022-08-30T13:31:15+08:00][sql] SELECT COUNT(*) AS think_count FROM `gxfc_order_complain` WHERE  `complain_status` = 1 [ RunTime:0.000196s ]
[2022-08-30T13:31:15+08:00][sql] SELECT SUM(`order_money`) AS think_sum FROM `gxfc_order` [ RunTime:0.000223s ]
[2022-08-30T13:31:15+08:00][sql] SELECT COUNT(*) AS think_count FROM `gxfc_member` [ RunTime:0.000175s ]
[2022-08-30T13:31:15+08:00][sql] SELECT COUNT(*) AS think_count FROM `gxfc_shop_apply` WHERE  `create_time` BETWEEN 1661788800 AND 1661875199 [ RunTime:0.000218s ]
[2022-08-30T13:31:15+08:00][sql] SELECT COUNT(*) AS think_count FROM `gxfc_shop_apply` WHERE  `create_time` BETWEEN 1661702400 AND 1661788799 [ RunTime:0.000192s ]
[2022-08-30T13:31:15+08:00][sql] SELECT COUNT(*) AS think_count FROM `gxfc_shop` WHERE  `create_time` BETWEEN 1661788800 AND 1661875199 [ RunTime:0.000238s ]
[2022-08-30T13:31:15+08:00][sql] SELECT COUNT(*) AS think_count FROM `gxfc_shop` [ RunTime:0.000182s ]
[2022-08-30T13:31:15+08:00][sql] SELECT COUNT(*) AS think_count FROM `gxfc_goods` [ RunTime:0.000169s ]
[2022-08-30T13:31:50+08:00][sql] CONNECT:[ UseTime:0.000391s ] mysql:host=127.0.0.1;port=3306;dbname=ls_ssl_com;charset=utf8
[2022-08-30T13:31:50+08:00][sql] SELECT COUNT(*) AS think_count FROM `gxfc_shop` `s` LEFT JOIN `gxfc_website` `w` ON `w`.`site_id`=`s`.`website_id` ORDER BY `s`.`site_id` DESC [ RunTime:0.000366s ]
[2022-08-30T13:31:50+08:00][sql] SELECT `s`.`site_id`,`s`.`expire_time`,`s`.`site_name`,`s`.`username`,`s`.`website_id`,`s`.`cert_id`,`s`.`is_own`,`s`.`category_name`,`s`.`group_name`,`s`.`shop_status`,`s`.`create_time`,`w`.`site_area_name` FROM `gxfc_shop` `s` LEFT JOIN `gxfc_website` `w` ON `w`.`site_id`=`s`.`website_id` ORDER BY `s`.`site_id` DESC LIMIT 0,10 [ RunTime:0.000402s ]
[2022-08-30T13:31:50+08:00][sql] SELECT * FROM `gxfc_shop_cert` WHERE  `cert_id` = 4 LIMIT 1 [ RunTime:0.000449s ]
[2022-08-30T13:31:50+08:00][sql] SELECT * FROM `gxfc_shop_cert` WHERE  `cert_id` = 5 LIMIT 1 [ RunTime:0.000435s ]
[2022-08-30T13:31:50+08:00][sql] SELECT * FROM `gxfc_shop_cert` WHERE  `cert_id` = 1 LIMIT 1 [ RunTime:0.000375s ]
[2022-08-30T13:32:17+08:00][sql] CONNECT:[ UseTime:0.000413s ] mysql:host=127.0.0.1;port=3306;dbname=ls_ssl_com;charset=utf8
[2022-08-30T13:32:17+08:00][sql] SELECT `site_id`,`app_module`,`config_key`,`value`,`config_desc`,`is_use`,`create_time`,`modify_time` FROM `gxfc_config` WHERE  `site_id` = 0  AND `app_module` = 'admin'  AND `config_key` = 'MEMBER_REGISTER_REWARD_CONFIG' LIMIT 1 [ RunTime:0.000411s ]
[2022-08-30T13:32:45+08:00][sql] CONNECT:[ UseTime:0.000334s ] mysql:host=127.0.0.1;port=3306;dbname=ls_ssl_com;charset=utf8
[2022-08-30T13:32:45+08:00][sql] SELECT `site_id`,`app_module`,`config_key`,`value`,`config_desc`,`is_use`,`create_time`,`modify_time` FROM `gxfc_config` WHERE  `site_id` = 0  AND `app_module` = 'admin'  AND `config_key` = 'FENXIAO_BASICS_CONFIG' LIMIT 1 [ RunTime:0.000467s ]
[2022-08-30T13:32:58+08:00][sql] CONNECT:[ UseTime:0.000334s ] mysql:host=127.0.0.1;port=3306;dbname=ls_ssl_com;charset=utf8
[2022-08-30T13:32:58+08:00][sql] SELECT `site_id`,`app_module`,`config_key`,`value`,`config_desc`,`is_use`,`create_time`,`modify_time` FROM `gxfc_config` WHERE  `site_id` = 0  AND `app_module` = 'admin'  AND `config_key` = 'CANCEL_CONFIG' LIMIT 1 [ RunTime:0.000449s ]
[2022-08-30T13:52:51+08:00][sql] CONNECT:[ UseTime:0.000392s ] mysql:host=127.0.0.1;port=3306;dbname=ls_ssl_com;charset=utf8
[2022-08-30T13:52:51+08:00][sql] SELECT `name` FROM `gxfc_addon` [ RunTime:0.000296s ]
[2022-08-30T13:52:52+08:00][sql] SELECT `id`,`app_module`,`name`,`title`,`parent`,`level`,`url`,`is_show`,`sort`,`desc`,`picture`,`is_icon`,`picture_select`,`is_control`,`addon` FROM `gxfc_menu` WHERE  `url` = 'admin/Member/inveconfig'  AND `app_module` = 'admin' ORDER BY `level` DESC LIMIT 1 [ RunTime:0.000560s ]
[2022-08-30T13:52:52+08:00][sql] SELECT `id`,`app_module`,`name`,`title`,`parent`,`level`,`url`,`is_show`,`sort`,`desc`,`picture`,`is_icon`,`picture_select`,`is_control`,`addon` FROM `gxfc_menu` WHERE  `name` = 'INCEST_CONFIG'  AND `app_module` = 'admin' LIMIT 1 [ RunTime:0.000335s ]
[2022-08-30T13:52:52+08:00][sql] SELECT `id`,`app_module`,`name`,`title`,`parent`,`level`,`url`,`is_show`,`sort`,`desc`,`picture`,`is_icon`,`picture_select`,`is_control`,`addon` FROM `gxfc_menu` WHERE  `name` = 'MEMBER_ROOT'  AND `app_module` = 'admin' LIMIT 1 [ RunTime:0.000307s ]
[2022-08-30T13:52:52+08:00][sql] SELECT `site_id`,`app_module`,`config_key`,`value`,`config_desc`,`is_use`,`create_time`,`modify_time` FROM `gxfc_config` WHERE  `site_id` = 0  AND `app_module` = 'admin'  AND `config_key` = 'INVERST_CONFIG' LIMIT 1 [ RunTime:0.000300s ]
[2022-08-30T13:53:01+08:00][sql] CONNECT:[ UseTime:0.000374s ] mysql:host=127.0.0.1;port=3306;dbname=ls_ssl_com;charset=utf8
[2022-08-30T13:53:01+08:00][sql] SHOW FULL COLUMNS FROM `gxfc_addon` [ RunTime:0.001090s ]
[2022-08-30T13:53:01+08:00][sql] SELECT `name` FROM `gxfc_addon` [ RunTime:0.000228s ]
[2022-08-30T13:53:02+08:00][sql] SHOW FULL COLUMNS FROM `gxfc_config` [ RunTime:0.001057s ]
[2022-08-30T13:53:02+08:00][sql] SELECT `site_id`,`app_module`,`config_key`,`value`,`config_desc`,`is_use`,`create_time`,`modify_time` FROM `gxfc_config` WHERE  `site_id` = 0  AND `app_module` = 'admin'  AND `config_key` = 'INVERST_CONFIG' LIMIT 1 [ RunTime:0.000385s ]
[2022-08-30T13:53:02+08:00][sql] SHOW FULL COLUMNS FROM `gxfc_member` [ RunTime:0.001072s ]
[2022-08-30T13:53:02+08:00][sql] SELECT `headimg`,`nickname` FROM `gxfc_member` WHERE  `member_id` = 241  AND `is_delete` = 0 LIMIT 1 [ RunTime:0.000308s ]
[2022-08-30T13:53:02+08:00][sql] SHOW FULL COLUMNS FROM `gxfc_member_invest_order` [ RunTime:0.000807s ]
[2022-08-30T13:53:02+08:00][sql] INSERT INTO `gxfc_member_invest_order` SET `order_no` = '2022083013532410001' , `out_trade_no` = '2022083013532410001' , `price` = 0.01 , `status` = 1 , `create_time` = 1661838782 , `member_id` = 241 , `nickname` = '18727381157' , `order_from` = '1' , `order_from_name` = '1' [ RunTime:0.000270s ]
[2022-08-30T13:53:02+08:00][sql] SHOW FULL COLUMNS FROM `gxfc_pay` [ RunTime:0.000797s ]
[2022-08-30T13:53:02+08:00][sql] INSERT INTO `gxfc_pay` SET `site_id` = 0 , `out_trade_no` = '2022083013532410001' , `pay_body` = '会员投资，金额：0.02' , `pay_detail` = '会员投资，金额：0.02' , `pay_money` = 0.02 , `pay_no` = '' , `event` = 'MemberInvestOrderPayNotify' , `return_url` = '' , `pay_status` = 0 , `create_time` = 1661838782 [ RunTime:0.000265s ]
[2022-08-30T13:53:02+08:00][sql] SELECT `site_id`,`app_module`,`config_key`,`value`,`config_desc`,`is_use`,`create_time`,`modify_time` FROM `gxfc_config` WHERE  `site_id` = 0  AND `app_module` = 'admin'  AND `config_key` = 'ORDER_EVENT_TIME_CONFIG' LIMIT 1 [ RunTime:0.000287s ]
[2022-08-30T13:53:02+08:00][sql] INSERT INTO `gxfc_cron` SET `type` = 1 , `period` = 0 , `period_type` = 0 , `name` = '订单自动关闭' , `event` = 'MemberInvestOrderClose' , `execute_time` = 1661838782 , `relate_id` = 22 , `create_time` = 1661838782 [ RunTime:0.000267s ]
[2022-08-30T13:55:02+08:00][sql] CONNECT:[ UseTime:0.000376s ] mysql:host=127.0.0.1;port=3306;dbname=ls_ssl_com;charset=utf8
[2022-08-30T13:55:02+08:00][sql] SELECT `site_id`,`app_module`,`config_key`,`value`,`config_desc`,`is_use`,`create_time`,`modify_time` FROM `gxfc_config` WHERE  `site_id` = 0  AND `app_module` = 'admin'  AND `config_key` = 'CANCEL_CONFIG' LIMIT 1 [ RunTime:0.000376s ]
[2022-08-30T13:55:05+08:00][sql] CONNECT:[ UseTime:0.000350s ] mysql:host=127.0.0.1;port=3306;dbname=ls_ssl_com;charset=utf8
[2022-08-30T13:55:05+08:00][sql] SELECT `site_id`,`app_module`,`config_key`,`value`,`config_desc`,`is_use`,`create_time`,`modify_time` FROM `gxfc_config` WHERE  `site_id` = 0  AND `app_module` = 'admin'  AND `config_key` = 'MEMBER_RECHARGE_CONFIG' LIMIT 1 [ RunTime:0.000598s ]
[2022-08-30T14:08:13+08:00][sql] CONNECT:[ UseTime:0.000372s ] mysql:host=127.0.0.1;port=3306;dbname=ls_ssl_com;charset=utf8
[2022-08-30T14:08:13+08:00][sql] SELECT COUNT(*) AS think_count FROM `gxfc_shop` `s` LEFT JOIN `gxfc_website` `w` ON `w`.`site_id`=`s`.`website_id` ORDER BY `s`.`site_id` DESC [ RunTime:0.000318s ]
[2022-08-30T14:08:13+08:00][sql] SELECT `s`.`site_id`,`s`.`expire_time`,`s`.`site_name`,`s`.`username`,`s`.`website_id`,`s`.`cert_id`,`s`.`is_own`,`s`.`category_name`,`s`.`group_name`,`s`.`shop_status`,`s`.`create_time`,`w`.`site_area_name` FROM `gxfc_shop` `s` LEFT JOIN `gxfc_website` `w` ON `w`.`site_id`=`s`.`website_id` ORDER BY `s`.`site_id` DESC LIMIT 0,10 [ RunTime:0.000390s ]
[2022-08-30T14:08:13+08:00][sql] SHOW FULL COLUMNS FROM `gxfc_shop_cert` [ RunTime:0.001087s ]
[2022-08-30T14:08:13+08:00][sql] SELECT * FROM `gxfc_shop_cert` WHERE  `cert_id` = 4 LIMIT 1 [ RunTime:0.000384s ]
[2022-08-30T14:08:13+08:00][sql] SELECT * FROM `gxfc_shop_cert` WHERE  `cert_id` = 5 LIMIT 1 [ RunTime:0.000384s ]
[2022-08-30T14:08:13+08:00][sql] SELECT * FROM `gxfc_shop_cert` WHERE  `cert_id` = 1 LIMIT 1 [ RunTime:0.000306s ]
[2022-08-30T14:10:39+08:00][sql] CONNECT:[ UseTime:0.000368s ] mysql:host=127.0.0.1;port=3306;dbname=ls_ssl_com;charset=utf8
[2022-08-30T14:10:39+08:00][sql] SELECT `site_id`,`app_module`,`config_key`,`value`,`config_desc`,`is_use`,`create_time`,`modify_time` FROM `gxfc_config` WHERE  `site_id` = 0  AND `app_module` = 'admin'  AND `config_key` = 'MEMBER_REGISTER_REWARD_CONFIG' LIMIT 1 [ RunTime:0.000379s ]
[2022-08-30T14:10:39+08:00][sql] CONNECT:[ UseTime:0.000465s ] mysql:host=127.0.0.1;port=3306;dbname=ls_ssl_com;charset=utf8
[2022-08-30T14:10:39+08:00][sql] SELECT `site_id`,`app_module`,`config_key`,`value`,`config_desc`,`is_use`,`create_time`,`modify_time` FROM `gxfc_config` WHERE  `site_id` = 0  AND `app_module` = 'admin'  AND `config_key` = 'FENXIAO_BASICS_CONFIG' LIMIT 1 [ RunTime:0.000394s ]
[2022-08-30T14:13:43+08:00][sql] CONNECT:[ UseTime:0.000358s ] mysql:host=127.0.0.1;port=3306;dbname=ls_ssl_com;charset=utf8
[2022-08-30T14:13:43+08:00][sql] SHOW FULL COLUMNS FROM `gxfc_addon` [ RunTime:0.000990s ]
[2022-08-30T14:13:43+08:00][sql] SELECT `name` FROM `gxfc_addon` [ RunTime:0.000221s ]
[2022-08-30T14:13:43+08:00][info] 检测事件执行2022-08-30 14:13:43
[2022-08-30T14:13:43+08:00][sql] SHOW FULL COLUMNS FROM `gxfc_cron` [ RunTime:0.000963s ]
[2022-08-30T14:13:43+08:00][sql] SELECT `id`,`type`,`period`,`period_type`,`name`,`event`,`execute_time`,`relate_id`,`create_time` FROM `gxfc_cron` WHERE  `execute_time` <= 1661840023 [ RunTime:0.000305s ]
[2022-08-30T14:13:43+08:00][sql] SHOW FULL COLUMNS FROM `gxfc_promotion_coupon` [ RunTime:0.000878s ]
[2022-08-30T14:13:43+08:00][sql] UPDATE `gxfc_promotion_coupon`  SET `state` = 3  WHERE  `state` = 1  AND `end_time` <= 1661840023 [ RunTime:0.000281s ]
[2022-08-30T14:13:43+08:00][cron] event:data{"id":2,"type":2,"period":1,"period_type":0,"name":"\u4f18\u60e0\u5238\u8fc7\u671f\u81ea\u52a8\u5173\u95ed","event":"CronCouponEnd","execute_time":1661840004,"relate_id":0,"create_time":1659513444}
[2022-08-30T14:13:43+08:00][sql] UPDATE `gxfc_cron`  SET `execute_time` = 1661840064  WHERE  `id` = 2 [ RunTime:0.005359s ]
[2022-08-30T14:13:43+08:00][sql] SHOW FULL COLUMNS FROM `gxfc_promotion_platformcoupon` [ RunTime:0.002315s ]
[2022-08-30T14:13:43+08:00][sql] UPDATE `gxfc_promotion_platformcoupon`  SET `state` = 3  WHERE  `state` = 1  AND `end_time` <= 1661840023 [ RunTime:0.000268s ]
[2022-08-30T14:13:43+08:00][cron] event:data{"id":5,"type":2,"period":1,"period_type":0,"name":"\u5e73\u53f0\u4f18\u60e0\u5238\u8fc7\u671f\u81ea\u52a8\u5173\u95ed","event":"CronPlatformcouponEnd","execute_time":1661840005,"relate_id":0,"create_time":1659513445}
[2022-08-30T14:13:43+08:00][sql] UPDATE `gxfc_cron`  SET `execute_time` = 1661840065  WHERE  `id` = 5 [ RunTime:0.005352s ]
[2022-08-30T14:13:43+08:00][sql] SHOW FULL COLUMNS FROM `gxfc_member_cluster` [ RunTime:0.000775s ]
[2022-08-30T14:13:43+08:00][sql] SELECT `rule_json`,`cluster_id` FROM `gxfc_member_cluster` [ RunTime:0.000208s ]
[2022-08-30T14:13:43+08:00][cron] event:data{"id":10,"type":2,"period":1,"period_type":0,"name":"\u4f1a\u5458\u7fa4\u4f53\u5b9a\u65f6\u5237\u65b0","event":"CronMemberClusterRefresh","execute_time":1661840006,"relate_id":0,"create_time":1659513448}
[2022-08-30T14:13:43+08:00][sql] UPDATE `gxfc_cron`  SET `execute_time` = 1661840066  WHERE  `id` = 10 [ RunTime:0.004154s ]
[2022-08-30T14:14:38+08:00][sql] CONNECT:[ UseTime:0.000420s ] mysql:host=127.0.0.1;port=3306;dbname=ls_ssl_com;charset=utf8
[2022-08-30T14:14:38+08:00][sql] SELECT `site_id`,`app_module`,`config_key`,`value`,`config_desc`,`is_use`,`create_time`,`modify_time` FROM `gxfc_config` WHERE  `site_id` = 0  AND `app_module` = 'admin'  AND `config_key` = 'MEMBER_REGISTER_REWARD_CONFIG' LIMIT 1 [ RunTime:0.000515s ]
[2022-08-30T14:14:38+08:00][sql] CONNECT:[ UseTime:0.000282s ] mysql:host=127.0.0.1;port=3306;dbname=ls_ssl_com;charset=utf8
[2022-08-30T14:14:38+08:00][sql] SELECT `site_id`,`app_module`,`config_key`,`value`,`config_desc`,`is_use`,`create_time`,`modify_time` FROM `gxfc_config` WHERE  `site_id` = 0  AND `app_module` = 'admin'  AND `config_key` = 'MEMBER_REGISTER_REWARD_CONFIG' LIMIT 1 [ RunTime:0.000400s ]
[2022-08-30T14:14:51+08:00][sql] CONNECT:[ UseTime:0.000372s ] mysql:host=127.0.0.1;port=3306;dbname=ls_ssl_com;charset=utf8
[2022-08-30T14:14:51+08:00][sql] SELECT `site_id`,`app_module`,`config_key`,`value`,`config_desc`,`is_use`,`create_time`,`modify_time` FROM `gxfc_config` WHERE  `site_id` = 0  AND `app_module` = 'admin'  AND `config_key` = 'FENXIAO_BASICS_CONFIG' LIMIT 1 [ RunTime:0.000334s ]
[2022-08-30T14:27:14+08:00][sql] CONNECT:[ UseTime:0.000361s ] mysql:host=127.0.0.1;port=3306;dbname=ls_ssl_com;charset=utf8
[2022-08-30T14:27:14+08:00][sql] SHOW FULL COLUMNS FROM `gxfc_shop` [ RunTime:0.001217s ]
[2022-08-30T14:27:14+08:00][sql] SELECT COUNT(*) AS think_count FROM `gxfc_shop` `s` LEFT JOIN `gxfc_website` `w` ON `w`.`site_id`=`s`.`website_id` ORDER BY `s`.`site_id` DESC [ RunTime:0.000335s ]
[2022-08-30T14:27:14+08:00][sql] SELECT `s`.`site_id`,`s`.`expire_time`,`s`.`site_name`,`s`.`username`,`s`.`website_id`,`s`.`cert_id`,`s`.`is_own`,`s`.`category_name`,`s`.`group_name`,`s`.`shop_status`,`s`.`create_time`,`w`.`site_area_name` FROM `gxfc_shop` `s` LEFT JOIN `gxfc_website` `w` ON `w`.`site_id`=`s`.`website_id` ORDER BY `s`.`site_id` DESC LIMIT 0,10 [ RunTime:0.000335s ]
[2022-08-30T14:27:14+08:00][sql] SHOW FULL COLUMNS FROM `gxfc_shop_cert` [ RunTime:0.000916s ]
[2022-08-30T14:27:14+08:00][sql] SELECT * FROM `gxfc_shop_cert` WHERE  `cert_id` = 4 LIMIT 1 [ RunTime:0.000423s ]
[2022-08-30T14:27:14+08:00][sql] SELECT * FROM `gxfc_shop_cert` WHERE  `cert_id` = 5 LIMIT 1 [ RunTime:0.000394s ]
[2022-08-30T14:27:14+08:00][sql] SELECT * FROM `gxfc_shop_cert` WHERE  `cert_id` = 1 LIMIT 1 [ RunTime:0.000331s ]
[2022-08-30T14:39:06+08:00][sql] CONNECT:[ UseTime:0.000359s ] mysql:host=127.0.0.1;port=3306;dbname=ls_ssl_com;charset=utf8
[2022-08-30T14:39:06+08:00][sql] SELECT COUNT(*) AS think_count FROM `gxfc_shop` `s` LEFT JOIN `gxfc_website` `w` ON `w`.`site_id`=`s`.`website_id` ORDER BY `s`.`site_id` DESC [ RunTime:0.000352s ]
[2022-08-30T14:39:06+08:00][sql] SELECT `s`.`site_id`,`s`.`expire_time`,`s`.`site_name`,`s`.`username`,`s`.`website_id`,`s`.`cert_id`,`s`.`is_own`,`s`.`category_name`,`s`.`group_name`,`s`.`shop_status`,`s`.`create_time`,`w`.`site_area_name` FROM `gxfc_shop` `s` LEFT JOIN `gxfc_website` `w` ON `w`.`site_id`=`s`.`website_id` ORDER BY `s`.`site_id` DESC LIMIT 0,10 [ RunTime:0.000370s ]
[2022-08-30T14:39:06+08:00][sql] SELECT * FROM `gxfc_shop_cert` WHERE  `cert_id` = 4 LIMIT 1 [ RunTime:0.000401s ]
[2022-08-30T14:39:06+08:00][sql] SELECT * FROM `gxfc_shop_cert` WHERE  `cert_id` = 5 LIMIT 1 [ RunTime:0.000364s ]
[2022-08-30T14:39:06+08:00][sql] SELECT * FROM `gxfc_shop_cert` WHERE  `cert_id` = 1 LIMIT 1 [ RunTime:0.000333s ]
[2022-08-30T16:16:52+08:00][sql] CONNECT:[ UseTime:0.000351s ] mysql:host=127.0.0.1;port=3306;dbname=ls_ssl_com;charset=utf8
[2022-08-30T16:16:52+08:00][sql] SELECT COUNT(*) AS think_count FROM `gxfc_shop` `s` LEFT JOIN `gxfc_website` `w` ON `w`.`site_id`=`s`.`website_id` ORDER BY `s`.`site_id` DESC [ RunTime:0.000325s ]
[2022-08-30T16:16:52+08:00][sql] SELECT `s`.`site_id`,`s`.`expire_time`,`s`.`site_name`,`s`.`username`,`s`.`website_id`,`s`.`cert_id`,`s`.`is_own`,`s`.`category_name`,`s`.`group_name`,`s`.`shop_status`,`s`.`create_time`,`w`.`site_area_name` FROM `gxfc_shop` `s` LEFT JOIN `gxfc_website` `w` ON `w`.`site_id`=`s`.`website_id` ORDER BY `s`.`site_id` DESC LIMIT 0,10 [ RunTime:0.000343s ]
[2022-08-30T16:16:52+08:00][sql] SELECT * FROM `gxfc_shop_cert` WHERE  `cert_id` = 4 LIMIT 1 [ RunTime:0.000366s ]
[2022-08-30T16:16:52+08:00][sql] SELECT * FROM `gxfc_shop_cert` WHERE  `cert_id` = 5 LIMIT 1 [ RunTime:0.000385s ]
[2022-08-30T16:16:52+08:00][sql] SELECT * FROM `gxfc_shop_cert` WHERE  `cert_id` = 1 LIMIT 1 [ RunTime:0.000330s ]
[2022-08-30T16:16:57+08:00][sql] CONNECT:[ UseTime:0.000400s ] mysql:host=127.0.0.1;port=3306;dbname=ls_ssl_com;charset=utf8
[2022-08-30T16:16:57+08:00][sql] SELECT COUNT(*) AS think_count FROM `gxfc_shop` `s` LEFT JOIN `gxfc_website` `w` ON `w`.`site_id`=`s`.`website_id` ORDER BY `s`.`site_id` DESC [ RunTime:0.000383s ]
[2022-08-30T16:16:57+08:00][sql] SELECT `s`.`site_id`,`s`.`expire_time`,`s`.`site_name`,`s`.`username`,`s`.`website_id`,`s`.`cert_id`,`s`.`is_own`,`s`.`category_name`,`s`.`group_name`,`s`.`shop_status`,`s`.`create_time`,`w`.`site_area_name` FROM `gxfc_shop` `s` LEFT JOIN `gxfc_website` `w` ON `w`.`site_id`=`s`.`website_id` ORDER BY `s`.`site_id` DESC LIMIT 0,10 [ RunTime:0.000448s ]
[2022-08-30T16:16:57+08:00][sql] SELECT * FROM `gxfc_shop_cert` WHERE  `cert_id` = 4 LIMIT 1 [ RunTime:0.000513s ]
[2022-08-30T16:16:57+08:00][sql] SELECT * FROM `gxfc_shop_cert` WHERE  `cert_id` = 5 LIMIT 1 [ RunTime:0.000459s ]
[2022-08-30T16:16:57+08:00][sql] SELECT * FROM `gxfc_shop_cert` WHERE  `cert_id` = 1 LIMIT 1 [ RunTime:0.000368s ]
[2022-08-30T17:42:19+08:00][sql] CONNECT:[ UseTime:0.000357s ] mysql:host=127.0.0.1;port=3306;dbname=ls_ssl_com;charset=utf8
[2022-08-30T17:42:19+08:00][sql] SELECT COUNT(*) AS think_count FROM `gxfc_shop` `s` LEFT JOIN `gxfc_website` `w` ON `w`.`site_id`=`s`.`website_id` ORDER BY `s`.`site_id` DESC [ RunTime:0.000339s ]
[2022-08-30T17:42:19+08:00][sql] SELECT `s`.`site_id`,`s`.`expire_time`,`s`.`site_name`,`s`.`username`,`s`.`website_id`,`s`.`cert_id`,`s`.`is_own`,`s`.`category_name`,`s`.`group_name`,`s`.`shop_status`,`s`.`create_time`,`w`.`site_area_name` FROM `gxfc_shop` `s` LEFT JOIN `gxfc_website` `w` ON `w`.`site_id`=`s`.`website_id` ORDER BY `s`.`site_id` DESC LIMIT 0,10 [ RunTime:0.000369s ]
[2022-08-30T17:42:19+08:00][sql] SELECT * FROM `gxfc_shop_cert` WHERE  `cert_id` = 4 LIMIT 1 [ RunTime:0.000408s ]
[2022-08-30T17:42:19+08:00][sql] SELECT * FROM `gxfc_shop_cert` WHERE  `cert_id` = 5 LIMIT 1 [ RunTime:0.000356s ]
[2022-08-30T17:42:19+08:00][sql] SELECT * FROM `gxfc_shop_cert` WHERE  `cert_id` = 1 LIMIT 1 [ RunTime:0.000304s ]
[2022-08-30T17:42:42+08:00][sql] CONNECT:[ UseTime:0.000375s ] mysql:host=127.0.0.1;port=3306;dbname=ls_ssl_com;charset=utf8
[2022-08-30T17:42:42+08:00][sql] SELECT `name` FROM `gxfc_addon` [ RunTime:0.000336s ]
[2022-08-30T17:42:43+08:00][sql] SELECT * FROM `gxfc_group` WHERE  `group_id` = 1  AND `site_id` = 0  AND `app_module` = 'admin' LIMIT 1 [ RunTime:0.000422s ]
[2022-08-30T17:42:43+08:00][sql] SELECT * FROM `gxfc_menu` WHERE  `app_module` = 'admin'  AND `is_show` = 1 ORDER BY `sort` ASC [ RunTime:0.001199s ]
[2022-08-30T17:42:43+08:00][sql] SELECT `id`,`app_module`,`name`,`title`,`parent`,`level`,`url`,`is_show`,`sort`,`desc`,`picture`,`is_icon`,`picture_select`,`is_control`,`addon` FROM `gxfc_menu` WHERE  `url` = 'admin/Adv/index'  AND `app_module` = 'admin' ORDER BY `level` DESC LIMIT 1 [ RunTime:0.000326s ]
[2022-08-30T17:42:43+08:00][sql] SELECT `id`,`app_module`,`name`,`title`,`parent`,`level`,`url`,`is_show`,`sort`,`desc`,`picture`,`is_icon`,`picture_select`,`is_control`,`addon` FROM `gxfc_menu` WHERE  `name` = 'WEBSITE_ADV_POSITION'  AND `app_module` = 'admin' LIMIT 1 [ RunTime:0.000314s ]
[2022-08-30T17:42:43+08:00][sql] SELECT `id`,`app_module`,`name`,`title`,`parent`,`level`,`url`,`is_show`,`sort`,`desc`,`picture`,`is_icon`,`picture_select`,`is_control`,`addon` FROM `gxfc_menu` WHERE  `name` = 'WEBSITE_ADV'  AND `app_module` = 'admin' LIMIT 1 [ RunTime:0.000309s ]
[2022-08-30T17:42:43+08:00][sql] SELECT `id`,`app_module`,`name`,`title`,`parent`,`level`,`url`,`is_show`,`sort`,`desc`,`picture`,`is_icon`,`picture_select`,`is_control`,`addon` FROM `gxfc_menu` WHERE  `name` = 'WEBSITE_CONFIG'  AND `app_module` = 'admin' LIMIT 1 [ RunTime:0.000297s ]
[2022-08-30T17:42:43+08:00][sql] SELECT `id`,`app_module`,`name`,`title`,`parent`,`level`,`url`,`is_show`,`sort`,`desc`,`picture`,`is_icon`,`picture_select`,`is_control`,`addon` FROM `gxfc_menu` WHERE  `name` = 'APPLET_ROOT'  AND `app_module` = 'admin' LIMIT 1 [ RunTime:0.000314s ]
[2022-08-30T17:42:43+08:00][sql] SELECT `title`,`logo`,`desc`,`keywords`,`web_status`,`close_reason` FROM `gxfc_website` WHERE  `site_id` = 0 LIMIT 1 [ RunTime:0.000256s ]
[2022-08-30T17:42:43+08:00][sql] SELECT `site_id`,`app_module`,`config_key`,`value`,`config_desc`,`is_use`,`create_time`,`modify_time` FROM `gxfc_config` WHERE  `site_id` = 0  AND `app_module` = 'admin'  AND `config_key` = 'COPYRIGHT' LIMIT 1 [ RunTime:0.000304s ]
[2022-08-30T17:42:43+08:00][sql] SELECT `site_id`,`app_module`,`config_key`,`value`,`config_desc`,`is_use`,`create_time`,`modify_time` FROM `gxfc_config` WHERE  `site_id` = 0  AND `app_module` = 'admin'  AND `config_key` = 'DEFAULT_IMAGE' LIMIT 1 [ RunTime:0.000242s ]
[2022-08-30T17:42:43+08:00][sql] SELECT `parent` FROM `gxfc_menu` WHERE  `url` = 'admin/adv/index'  AND `level` = 4 LIMIT 1 [ RunTime:0.000268s ]
[2022-08-30T17:42:43+08:00][sql] SELECT * FROM `gxfc_menu` WHERE  `app_module` = 'admin'  AND `is_show` = 1  AND `parent` = 'WEBSITE_ADV' ORDER BY `sort` ASC [ RunTime:0.000399s ]
[2022-08-30T17:43:25+08:00][sql] CONNECT:[ UseTime:0.000371s ] mysql:host=127.0.0.1;port=3306;dbname=ls_ssl_com;charset=utf8
[2022-08-30T17:43:25+08:00][sql] SELECT `id`,`app_module`,`name`,`title`,`parent`,`level`,`url`,`is_show`,`sort`,`desc`,`picture`,`is_icon`,`picture_select`,`is_control`,`addon` FROM `gxfc_menu` WHERE  `url` = 'city://admin/Config/config'  AND `app_module` = 'admin' ORDER BY `level` DESC LIMIT 1 [ RunTime:0.000479s ]
[2022-08-30T17:43:25+08:00][sql] SELECT `id`,`app_module`,`name`,`title`,`parent`,`level`,`url`,`is_show`,`sort`,`desc`,`picture`,`is_icon`,`picture_select`,`is_control`,`addon` FROM `gxfc_menu` WHERE  `name` = 'ADDON_CITY_SETTLEMENT_CONFIG'  AND `app_module` = 'admin' LIMIT 1 [ RunTime:0.000366s ]
[2022-08-30T17:43:25+08:00][sql] SELECT `id`,`app_module`,`name`,`title`,`parent`,`level`,`url`,`is_show`,`sort`,`desc`,`picture`,`is_icon`,`picture_select`,`is_control`,`addon` FROM `gxfc_menu` WHERE  `name` = 'CONFIG_MALL'  AND `app_module` = 'admin' LIMIT 1 [ RunTime:0.000317s ]
[2022-08-30T17:43:25+08:00][sql] SELECT `site_id`,`app_module`,`config_key`,`value`,`config_desc`,`is_use`,`create_time`,`modify_time` FROM `gxfc_config` WHERE  `site_id` = 0  AND `app_module` = 'admin'  AND `config_key` = 'CITY_SETTLEMENT_CONFIG' LIMIT 1 [ RunTime:0.000350s ]
[2022-08-30T17:43:26+08:00][sql] CONNECT:[ UseTime:0.000359s ] mysql:host=127.0.0.1;port=3306;dbname=ls_ssl_com;charset=utf8
[2022-08-30T17:43:26+08:00][sql] SELECT `id`,`app_module`,`name`,`title`,`parent`,`level`,`url`,`is_show`,`sort`,`desc`,`picture`,`is_icon`,`picture_select`,`is_control`,`addon` FROM `gxfc_menu` WHERE  `url` = 'shopwithdraw://admin/Config/index'  AND `app_module` = 'admin' ORDER BY `level` DESC LIMIT 1 [ RunTime:0.000497s ]
[2022-08-30T17:43:26+08:00][sql] SELECT `id`,`app_module`,`name`,`title`,`parent`,`level`,`url`,`is_show`,`sort`,`desc`,`picture`,`is_icon`,`picture_select`,`is_control`,`addon` FROM `gxfc_menu` WHERE  `name` = 'SHOP_WITHDRAW_CONFIG'  AND `app_module` = 'admin' LIMIT 1 [ RunTime:0.000358s ]
[2022-08-30T17:43:26+08:00][sql] SELECT `site_id`,`app_module`,`config_key`,`value`,`config_desc`,`is_use`,`create_time`,`modify_time` FROM `gxfc_config` WHERE  `site_id` = 0  AND `app_module` = 'admin'  AND `config_key` = 'SHOP_WITHDRAW_CONFIG' LIMIT 1 [ RunTime:0.000341s ]
[2022-08-30T17:45:52+08:00][sql] CONNECT:[ UseTime:0.000391s ] mysql:host=127.0.0.1;port=3306;dbname=ls_ssl_com;charset=utf8
[2022-08-30T17:45:52+08:00][sql] SELECT `website_id`,`site_name`,`logo`,`is_own`,`level_id`,`category_id`,`group_id`,`seo_keywords`,`seo_description`,`expire_time`,`shop_status` FROM `gxfc_shop` WHERE  `site_id` = 1 LIMIT 1 [ RunTime:0.000360s ]
[2022-08-30T17:45:52+08:00][sql] SELECT `id`,`app_module`,`name`,`title`,`parent`,`level`,`url`,`is_show`,`sort`,`desc`,`picture`,`is_icon`,`picture_select`,`is_control`,`addon` FROM `gxfc_menu` WHERE  `url` = 'store://shop/Config/index'  AND `app_module` = 'shop' ORDER BY `level` DESC LIMIT 1 [ RunTime:0.000472s ]
[2022-08-30T17:45:52+08:00][sql] SELECT `id`,`app_module`,`name`,`title`,`parent`,`level`,`url`,`is_show`,`sort`,`desc`,`picture`,`is_icon`,`picture_select`,`is_control`,`addon` FROM `gxfc_menu` WHERE  `name` = 'ADDON_STORE_SHOP_STORE_CONFIG'  AND `app_module` = 'shop' LIMIT 1 [ RunTime:0.000312s ]
[2022-08-30T17:45:52+08:00][sql] SELECT `site_id`,`app_module`,`config_key`,`value`,`config_desc`,`is_use`,`create_time`,`modify_time` FROM `gxfc_config` WHERE  `site_id` = 1  AND `app_module` = 'shop'  AND `config_key` = 'STORE_WITHDRAW' LIMIT 1 [ RunTime:0.000392s ]
[2022-08-30T18:12:20+08:00][sql] CONNECT:[ UseTime:0.000392s ] mysql:host=127.0.0.1;port=3306;dbname=ls_ssl_com;charset=utf8
[2022-08-30T18:12:20+08:00][sql] SELECT `name` FROM `gxfc_addon` [ RunTime:0.000296s ]
[2022-08-30T18:12:21+08:00][sql] SELECT * FROM `gxfc_group` WHERE  `group_id` = 1  AND `site_id` = 0  AND `app_module` = 'admin' LIMIT 1 [ RunTime:0.000490s ]
[2022-08-30T18:12:21+08:00][sql] SELECT * FROM `gxfc_menu` WHERE  `app_module` = 'admin'  AND `is_show` = 1 ORDER BY `sort` ASC [ RunTime:0.001298s ]
[2022-08-30T18:12:21+08:00][sql] SELECT `id`,`app_module`,`name`,`title`,`parent`,`level`,`url`,`is_show`,`sort`,`desc`,`picture`,`is_icon`,`picture_select`,`is_control`,`addon` FROM `gxfc_menu` WHERE  `url` = 'admin/Goods/verifyconfig'  AND `app_module` = 'admin' ORDER BY `level` DESC LIMIT 1 [ RunTime:0.000453s ]
[2022-08-30T18:12:21+08:00][sql] SELECT `id`,`app_module`,`name`,`title`,`parent`,`level`,`url`,`is_show`,`sort`,`desc`,`picture`,`is_icon`,`picture_select`,`is_control`,`addon` FROM `gxfc_menu` WHERE  `name` = 'GOODS_VERIFY_CONFIG'  AND `app_module` = 'admin' LIMIT 1 [ RunTime:0.000306s ]
[2022-08-30T18:12:21+08:00][sql] SELECT `id`,`app_module`,`name`,`title`,`parent`,`level`,`url`,`is_show`,`sort`,`desc`,`picture`,`is_icon`,`picture_select`,`is_control`,`addon` FROM `gxfc_menu` WHERE  `name` = 'CONFIG_MALL'  AND `app_module` = 'admin' LIMIT 1 [ RunTime:0.000313s ]
[2022-08-30T18:12:21+08:00][sql] SELECT `id`,`app_module`,`name`,`title`,`parent`,`level`,`url`,`is_show`,`sort`,`desc`,`picture`,`is_icon`,`picture_select`,`is_control`,`addon` FROM `gxfc_menu` WHERE  `name` = 'CONFIG_ROOT'  AND `app_module` = 'admin' LIMIT 1 [ RunTime:0.000309s ]
[2022-08-30T18:12:21+08:00][sql] SELECT `title`,`logo`,`desc`,`keywords`,`web_status`,`close_reason` FROM `gxfc_website` WHERE  `site_id` = 0 LIMIT 1 [ RunTime:0.000260s ]
[2022-08-30T18:12:21+08:00][sql] SELECT `site_id`,`app_module`,`config_key`,`value`,`config_desc`,`is_use`,`create_time`,`modify_time` FROM `gxfc_config` WHERE  `site_id` = 0  AND `app_module` = 'admin'  AND `config_key` = 'COPYRIGHT' LIMIT 1 [ RunTime:0.000279s ]
[2022-08-30T18:12:21+08:00][sql] SELECT `site_id`,`app_module`,`config_key`,`value`,`config_desc`,`is_use`,`create_time`,`modify_time` FROM `gxfc_config` WHERE  `site_id` = 0  AND `app_module` = 'admin'  AND `config_key` = 'DEFAULT_IMAGE' LIMIT 1 [ RunTime:0.000273s ]
[2022-08-30T18:12:21+08:00][sql] SELECT `site_id`,`app_module`,`config_key`,`value`,`config_desc`,`is_use`,`create_time`,`modify_time` FROM `gxfc_config` WHERE  `site_id` = 0  AND `app_module` = 'shop'  AND `config_key` = 'GOODS_VERIFY_CONFIG' LIMIT 1 [ RunTime:0.000336s ]
