[2022-09-02T21:35:26+08:00][sql] CONNECT:[ UseTime:0.000356s ] mysql:host=127.0.0.1;port=3306;dbname=ls_ssl_com;charset=utf8
[2022-09-02T21:35:26+08:00][sql] SELECT `uid`,`app_module`,`app_group`,`is_admin`,`site_id`,`group_id`,`group_name`,`username`,`password`,`member_id`,`create_time`,`update_time`,`status`,`login_time`,`login_ip` FROM `gxfc_user` WHERE  `username` = 'admin'  AND `app_module` = 'admin' LIMIT 1 [ RunTime:0.000465s ]
[2022-09-02T21:35:39+08:00][sql] CONNECT:[ UseTime:0.000395s ] mysql:host=127.0.0.1;port=3306;dbname=ls_ssl_com;charset=utf8
[2022-09-02T21:35:39+08:00][sql] SELECT `uid`,`app_module`,`app_group`,`is_admin`,`site_id`,`group_id`,`group_name`,`username`,`password`,`member_id`,`create_time`,`update_time`,`status`,`login_time`,`login_ip` FROM `gxfc_user` WHERE  `username` = 'admin'  AND `app_module` = 'admin' LIMIT 1 [ RunTime:0.000435s ]
[2022-09-02T21:36:15+08:00][sql] CONNECT:[ UseTime:0.000387s ] mysql:host=127.0.0.1;port=3306;dbname=ls_ssl_com;charset=utf8
[2022-09-02T21:36:15+08:00][sql] SELECT `uid`,`app_module`,`app_group`,`is_admin`,`site_id`,`group_id`,`group_name`,`username`,`password`,`member_id`,`create_time`,`update_time`,`status`,`login_time`,`login_ip` FROM `gxfc_user` WHERE  `username` = 'admin'  AND `app_module` = 'admin' LIMIT 1 [ RunTime:0.000462s ]
[2022-09-02T21:36:15+08:00][sql] UPDATE `gxfc_user`  SET `login_time` = 1662125775 , `login_ip` = '101.205.181.212'  WHERE  `uid` = 1 [ RunTime:0.004666s ]
[2022-09-02T21:36:15+08:00][sql] INSERT INTO `gxfc_user_log` SET `uid` = 1 , `username` = 'admin' , `site_id` = 0 , `url` = 'admin/Login/login' , `ip` = '101.205.181.212' , `data` = '[]' , `action_name` = '用户登录' , `create_time` = 1662125775 [ RunTime:0.003252s ]
[2022-09-02T21:36:16+08:00][sql] CONNECT:[ UseTime:0.000391s ] mysql:host=127.0.0.1;port=3306;dbname=ls_ssl_com;charset=utf8
[2022-09-02T21:36:16+08:00][sql] SELECT `title`,`logo`,`desc`,`keywords`,`web_status`,`close_reason` FROM `gxfc_website` WHERE  `site_id` = 0 LIMIT 1 [ RunTime:0.000373s ]
[2022-09-02T21:36:16+08:00][sql] SELECT `id`,`site_id`,`year`,`month`,`day`,`order_total`,`shipping_total`,`refund_total`,`order_pay_count`,`goods_pay_count`,`shop_money`,`platform_money`,`create_time`,`modify_time`,`collect_shop`,`collect_goods`,`visit_count`,`order_count`,`goods_count`,`add_goods_count`,`day_time`,`member_count` FROM `gxfc_stat_shop` WHERE  `site_id` = 0  AND `year` = 2022  AND `month` = 9  AND `day` = 2 LIMIT 1 [ RunTime:0.000480s ]
[2022-09-02T21:36:16+08:00][sql] INSERT INTO `gxfc_stat_shop` SET `site_id` = 0 , `year` = 2022 , `month` = 9 , `day` = 2 , `day_time` = 1662048000 [ RunTime:0.007458s ]
[2022-09-02T21:36:16+08:00][sql] SELECT `id`,`site_id`,`year`,`month`,`day`,`order_total`,`shipping_total`,`refund_total`,`order_pay_count`,`goods_pay_count`,`shop_money`,`platform_money`,`create_time`,`modify_time`,`collect_shop`,`collect_goods`,`visit_count`,`order_count`,`goods_count`,`add_goods_count`,`day_time`,`member_count` FROM `gxfc_stat_shop` WHERE  `site_id` = 0  AND `year` = 2022  AND `month` = 9  AND `day` = 2  AND `day_time` = 1662048000 LIMIT 1 [ RunTime:0.000392s ]
[2022-09-02T21:36:16+08:00][sql] SELECT `id`,`site_id`,`year`,`month`,`day`,`order_total`,`shipping_total`,`refund_total`,`order_pay_count`,`goods_pay_count`,`shop_money`,`platform_money`,`create_time`,`modify_time`,`collect_shop`,`collect_goods`,`visit_count`,`order_count`,`goods_count`,`add_goods_count`,`day_time`,`member_count` FROM `gxfc_stat_shop` WHERE  `site_id` = 0  AND `year` = 2022  AND `month` = 9  AND `day` = 2 LIMIT 1 [ RunTime:0.000309s ]
[2022-09-02T21:36:16+08:00][sql] SELECT `id`,`site_id`,`year`,`month`,`day`,`order_total`,`shipping_total`,`refund_total`,`order_pay_count`,`goods_pay_count`,`shop_money`,`platform_money`,`create_time`,`modify_time`,`collect_shop`,`collect_goods`,`visit_count`,`order_count`,`goods_count`,`add_goods_count`,`day_time`,`member_count` FROM `gxfc_stat_shop` WHERE  `site_id` = 0  AND `year` = 2022  AND `month` = 9  AND `day` = 1 LIMIT 1 [ RunTime:0.000309s ]
[2022-09-02T21:36:16+08:00][sql] INSERT INTO `gxfc_stat_shop` SET `site_id` = 0 , `year` = 2022 , `month` = 9 , `day` = 1 , `day_time` = 1662048000 [ RunTime:0.003778s ]
[2022-09-02T21:36:16+08:00][sql] SELECT `id`,`site_id`,`year`,`month`,`day`,`order_total`,`shipping_total`,`refund_total`,`order_pay_count`,`goods_pay_count`,`shop_money`,`platform_money`,`create_time`,`modify_time`,`collect_shop`,`collect_goods`,`visit_count`,`order_count`,`goods_count`,`add_goods_count`,`day_time`,`member_count` FROM `gxfc_stat_shop` WHERE  `site_id` = 0  AND `year` = 2022  AND `month` = 9  AND `day` = 1  AND `day_time` = 1662048000 LIMIT 1 [ RunTime:0.000302s ]
[2022-09-02T21:36:16+08:00][sql] SELECT `id`,`site_id`,`year`,`month`,`day`,`order_total`,`shipping_total`,`refund_total`,`order_pay_count`,`goods_pay_count`,`shop_money`,`platform_money`,`create_time`,`modify_time`,`collect_shop`,`collect_goods`,`visit_count`,`order_count`,`goods_count`,`add_goods_count`,`day_time`,`member_count` FROM `gxfc_stat_shop` WHERE  `site_id` = 0  AND `year` = 2022  AND `month` = 08  AND `day` = 24 LIMIT 1 [ RunTime:0.000329s ]
[2022-09-02T21:36:16+08:00][sql] SELECT `id`,`site_id`,`year`,`month`,`day`,`order_total`,`shipping_total`,`refund_total`,`order_pay_count`,`goods_pay_count`,`shop_money`,`platform_money`,`create_time`,`modify_time`,`collect_shop`,`collect_goods`,`visit_count`,`order_count`,`goods_count`,`add_goods_count`,`day_time`,`member_count` FROM `gxfc_stat_shop` WHERE  `site_id` = 0  AND `year` = 2022  AND `month` = 08  AND `day` = 25 LIMIT 1 [ RunTime:0.000317s ]
[2022-09-02T21:36:16+08:00][sql] SELECT `id`,`site_id`,`year`,`month`,`day`,`order_total`,`shipping_total`,`refund_total`,`order_pay_count`,`goods_pay_count`,`shop_money`,`platform_money`,`create_time`,`modify_time`,`collect_shop`,`collect_goods`,`visit_count`,`order_count`,`goods_count`,`add_goods_count`,`day_time`,`member_count` FROM `gxfc_stat_shop` WHERE  `site_id` = 0  AND `year` = 2022  AND `month` = 08  AND `day` = 26 LIMIT 1 [ RunTime:0.000312s ]
[2022-09-02T21:36:16+08:00][sql] SELECT `id`,`site_id`,`year`,`month`,`day`,`order_total`,`shipping_total`,`refund_total`,`order_pay_count`,`goods_pay_count`,`shop_money`,`platform_money`,`create_time`,`modify_time`,`collect_shop`,`collect_goods`,`visit_count`,`order_count`,`goods_count`,`add_goods_count`,`day_time`,`member_count` FROM `gxfc_stat_shop` WHERE  `site_id` = 0  AND `year` = 2022  AND `month` = 08  AND `day` = 27 LIMIT 1 [ RunTime:0.000295s ]
[2022-09-02T21:36:16+08:00][sql] SELECT `id`,`site_id`,`year`,`month`,`day`,`order_total`,`shipping_total`,`refund_total`,`order_pay_count`,`goods_pay_count`,`shop_money`,`platform_money`,`create_time`,`modify_time`,`collect_shop`,`collect_goods`,`visit_count`,`order_count`,`goods_count`,`add_goods_count`,`day_time`,`member_count` FROM `gxfc_stat_shop` WHERE  `site_id` = 0  AND `year` = 2022  AND `month` = 08  AND `day` = 28 LIMIT 1 [ RunTime:0.000295s ]
[2022-09-02T21:36:16+08:00][sql] SELECT `id`,`site_id`,`year`,`month`,`day`,`order_total`,`shipping_total`,`refund_total`,`order_pay_count`,`goods_pay_count`,`shop_money`,`platform_money`,`create_time`,`modify_time`,`collect_shop`,`collect_goods`,`visit_count`,`order_count`,`goods_count`,`add_goods_count`,`day_time`,`member_count` FROM `gxfc_stat_shop` WHERE  `site_id` = 0  AND `year` = 2022  AND `month` = 08  AND `day` = 29 LIMIT 1 [ RunTime:0.000318s ]
[2022-09-02T21:36:16+08:00][sql] SELECT `id`,`site_id`,`year`,`month`,`day`,`order_total`,`shipping_total`,`refund_total`,`order_pay_count`,`goods_pay_count`,`shop_money`,`platform_money`,`create_time`,`modify_time`,`collect_shop`,`collect_goods`,`visit_count`,`order_count`,`goods_count`,`add_goods_count`,`day_time`,`member_count` FROM `gxfc_stat_shop` WHERE  `site_id` = 0  AND `year` = 2022  AND `month` = 08  AND `day` = 30 LIMIT 1 [ RunTime:0.000330s ]
[2022-09-02T21:36:16+08:00][sql] SELECT `id`,`site_id`,`year`,`month`,`day`,`order_total`,`shipping_total`,`refund_total`,`order_pay_count`,`goods_pay_count`,`shop_money`,`platform_money`,`create_time`,`modify_time`,`collect_shop`,`collect_goods`,`visit_count`,`order_count`,`goods_count`,`add_goods_count`,`day_time`,`member_count` FROM `gxfc_stat_shop` WHERE  `site_id` = 0  AND `year` = 2022  AND `month` = 08  AND `day` = 31 LIMIT 1 [ RunTime:0.000281s ]
[2022-09-02T21:36:16+08:00][sql] SELECT `id`,`site_id`,`year`,`month`,`day`,`order_total`,`shipping_total`,`refund_total`,`order_pay_count`,`goods_pay_count`,`shop_money`,`platform_money`,`create_time`,`modify_time`,`collect_shop`,`collect_goods`,`visit_count`,`order_count`,`goods_count`,`add_goods_count`,`day_time`,`member_count` FROM `gxfc_stat_shop` WHERE  `site_id` = 0  AND `year` = 2022  AND `month` = 09  AND `day` = 01 LIMIT 1 [ RunTime:0.000291s ]
[2022-09-02T21:36:16+08:00][sql] SELECT `id`,`site_id`,`year`,`month`,`day`,`order_total`,`shipping_total`,`refund_total`,`order_pay_count`,`goods_pay_count`,`shop_money`,`platform_money`,`create_time`,`modify_time`,`collect_shop`,`collect_goods`,`visit_count`,`order_count`,`goods_count`,`add_goods_count`,`day_time`,`member_count` FROM `gxfc_stat_shop` WHERE  `site_id` = 0  AND `year` = 2022  AND `month` = 09  AND `day` = 02 LIMIT 1 [ RunTime:0.000299s ]
[2022-09-02T21:36:16+08:00][sql] SELECT COUNT(*) AS think_count FROM `gxfc_order` WHERE  `order_status` = 0  AND `is_delete` = 0 [ RunTime:0.000277s ]
[2022-09-02T21:36:16+08:00][sql] SELECT COUNT(*) AS think_count FROM `gxfc_order` WHERE  `order_status` = 1  AND `is_delete` = 0 [ RunTime:0.000232s ]
[2022-09-02T21:36:16+08:00][sql] SELECT COUNT(*) AS think_count FROM `gxfc_order_goods` WHERE  `refund_status` NOT IN (0,3) [ RunTime:0.000237s ]
[2022-09-02T21:36:16+08:00][sql] SELECT COUNT(*) AS think_count FROM `gxfc_goods` WHERE  `goods_state` = 1  AND `is_delete` = 0 [ RunTime:0.000249s ]
[2022-09-02T21:36:16+08:00][sql] SELECT COUNT(*) AS think_count FROM `gxfc_goods` WHERE  `goods_state` = 0  AND `is_delete` = 0 [ RunTime:0.000237s ]
[2022-09-02T21:36:16+08:00][sql] SELECT COUNT(`id`) AS think_count FROM `gxfc_fenxiao_withdraw` WHERE  `status` = 1 [ RunTime:0.000266s ]
[2022-09-02T21:36:16+08:00][sql] SELECT COUNT(`apply_id`) AS think_count FROM `gxfc_fenxiao_apply` WHERE  `status` = 1 [ RunTime:0.000215s ]
[2022-09-02T21:36:16+08:00][sql] SELECT COUNT(*) AS think_count FROM `gxfc_order_complain` WHERE  `complain_status` = 1 [ RunTime:0.000202s ]
[2022-09-02T21:36:16+08:00][sql] SELECT SUM(`order_money`) AS think_sum FROM `gxfc_order` [ RunTime:0.000213s ]
[2022-09-02T21:36:16+08:00][sql] SELECT COUNT(*) AS think_count FROM `gxfc_member` [ RunTime:0.000184s ]
[2022-09-02T21:36:16+08:00][sql] SELECT COUNT(*) AS think_count FROM `gxfc_shop_apply` WHERE  `create_time` BETWEEN 1662048000 AND 1662134399 [ RunTime:0.000225s ]
[2022-09-02T21:36:16+08:00][sql] SELECT COUNT(*) AS think_count FROM `gxfc_shop_apply` WHERE  `create_time` BETWEEN 1661961600 AND 1662047999 [ RunTime:0.000202s ]
[2022-09-02T21:36:16+08:00][sql] SELECT COUNT(*) AS think_count FROM `gxfc_shop` WHERE  `create_time` BETWEEN 1662048000 AND 1662134399 [ RunTime:0.000216s ]
[2022-09-02T21:36:16+08:00][sql] SELECT COUNT(*) AS think_count FROM `gxfc_shop` [ RunTime:0.000177s ]
[2022-09-02T21:36:16+08:00][sql] SELECT COUNT(*) AS think_count FROM `gxfc_goods` [ RunTime:0.000183s ]
[2022-09-02T21:37:24+08:00][sql] CONNECT:[ UseTime:0.000367s ] mysql:host=127.0.0.1;port=3306;dbname=ls_ssl_com;charset=utf8
[2022-09-02T21:37:24+08:00][sql] SELECT `id`,`app_module`,`name`,`title`,`parent`,`level`,`url`,`is_show`,`sort`,`desc`,`picture`,`is_icon`,`picture_select`,`is_control`,`addon` FROM `gxfc_menu` WHERE  `url` = 'admin/Goods/lists'  AND `app_module` = 'admin' ORDER BY `level` DESC LIMIT 1 [ RunTime:0.000509s ]
[2022-09-02T21:37:24+08:00][sql] SELECT `id`,`app_module`,`name`,`title`,`parent`,`level`,`url`,`is_show`,`sort`,`desc`,`picture`,`is_icon`,`picture_select`,`is_control`,`addon` FROM `gxfc_menu` WHERE  `name` = 'GOODS_MANAGE'  AND `app_module` = 'admin' LIMIT 1 [ RunTime:0.000328s ]
[2022-09-02T21:37:24+08:00][sql] SELECT `id`,`app_module`,`name`,`title`,`parent`,`level`,`url`,`is_show`,`sort`,`desc`,`picture`,`is_icon`,`picture_select`,`is_control`,`addon` FROM `gxfc_menu` WHERE  `name` = 'GOODS_ROOT'  AND `app_module` = 'admin' LIMIT 1 [ RunTime:0.000318s ]
[2022-09-02T21:37:24+08:00][sql] SELECT COUNT(*) AS think_count FROM `gxfc_goods` WHERE  `verify_state` = 0  AND `is_delete` = 0 [ RunTime:0.000343s ]
[2022-09-02T21:37:24+08:00][sql] SELECT COUNT(*) AS think_count FROM `gxfc_goods` WHERE  `verify_state` = -2  AND `is_delete` = 0 [ RunTime:0.000288s ]
[2022-09-02T21:37:24+08:00][sql] SELECT COUNT(*) AS think_count FROM `gxfc_goods` WHERE  `verify_state` = 10  AND `is_delete` = 0 [ RunTime:0.000226s ]
[2022-09-02T21:37:24+08:00][sql] SELECT `template_id`,`template_name` FROM `gxfc_express_template` ORDER BY `is_default` DESC [ RunTime:0.000201s ]
[2022-09-02T21:37:24+08:00][sql] SELECT `category_id`,`category_name`,`level`,`commission_rate` FROM `gxfc_goods_category` WHERE  `pid` = 0 ORDER BY `sort` ASC [ RunTime:0.000312s ]
[2022-09-02T21:37:25+08:00][sql] CONNECT:[ UseTime:0.000339s ] mysql:host=127.0.0.1;port=3306;dbname=ls_ssl_com;charset=utf8
[2022-09-02T21:37:25+08:00][sql] SELECT `category_id`,`category_name`,`pid`,`level`,`category_id_1`,`category_id_2`,`category_id_3` FROM `gxfc_goods_category` WHERE  `level` = 1 ORDER BY `sort` ASC [ RunTime:0.000356s ]
[2022-09-02T21:37:25+08:00][sql] SELECT COUNT(*) AS think_count FROM `gxfc_goods_category` WHERE  `pid` = 1 [ RunTime:0.000284s ]
[2022-09-02T21:37:25+08:00][sql] SELECT COUNT(*) AS think_count FROM `gxfc_goods_category` WHERE  `pid` = 2 [ RunTime:0.000239s ]
[2022-09-02T21:37:25+08:00][sql] SELECT COUNT(*) AS think_count FROM `gxfc_goods_category` WHERE  `pid` = 3 [ RunTime:0.000210s ]
[2022-09-02T21:37:25+08:00][sql] CONNECT:[ UseTime:0.000334s ] mysql:host=127.0.0.1;port=3306;dbname=ls_ssl_com;charset=utf8
[2022-09-02T21:37:25+08:00][sql] SELECT COUNT(*) AS think_count FROM `gxfc_goods_brand` `ngb` LEFT JOIN `gxfc_shop` `ns` ON `ngb`.`site_id`=`ns`.`site_id` LEFT JOIN `gxfc_supplier` `nsp` ON `ngb`.`site_id`=`nsp`.`supplier_site_id` ORDER BY `ngb`.`create_time` DESC [ RunTime:0.000474s ]
[2022-09-02T21:37:25+08:00][sql] SELECT `ngb`.`brand_id`,`ngb`.`brand_name`,`ngb`.`brand_initial`,`ngb`.`image_url`,`ngb`.`sort`,`ngb`.`create_time`,`ngb`.`is_recommend`,`ngb`.`site_id`,`ns`.`site_name`,nsp.title as supply_name FROM `gxfc_goods_brand` `ngb` LEFT JOIN `gxfc_shop` `ns` ON `ngb`.`site_id`=`ns`.`site_id` LEFT JOIN `gxfc_supplier` `nsp` ON `ngb`.`site_id`=`nsp`.`supplier_site_id` ORDER BY `ngb`.`create_time` DESC LIMIT 0,10 [ RunTime:0.000421s ]
[2022-09-02T21:37:25+08:00][sql] CONNECT:[ UseTime:0.000288s ] mysql:host=127.0.0.1;port=3306;dbname=ls_ssl_com;charset=utf8
[2022-09-02T21:37:25+08:00][sql] SELECT COUNT(*) AS think_count FROM `gxfc_goods` WHERE  `verify_state` = 0  AND `is_delete` = 0 [ RunTime:0.000318s ]
[2022-09-02T21:37:25+08:00][sql] SELECT COUNT(*) AS think_count FROM `gxfc_goods` WHERE  `verify_state` = -2  AND `is_delete` = 0 [ RunTime:0.000280s ]
[2022-09-02T21:37:25+08:00][sql] SELECT COUNT(*) AS think_count FROM `gxfc_goods` WHERE  `verify_state` = 10  AND `is_delete` = 0 [ RunTime:0.000261s ]
[2022-09-02T21:37:25+08:00][sql] CONNECT:[ UseTime:0.000394s ] mysql:host=127.0.0.1;port=3306;dbname=ls_ssl_com;charset=utf8
[2022-09-02T21:37:25+08:00][sql] SELECT COUNT(*) AS think_count FROM `gxfc_goods` `` WHERE  `is_delete` = 0 ORDER BY `create_time` DESC [ RunTime:0.000345s ]
[2022-09-02T21:37:25+08:00][sql] SELECT `goods_id`,`goods_name`,`site_id`,`site_name`,`goods_image`,`is_own`,`goods_state`,`verify_state`,`price`,`goods_stock`,`goods_stock_alarm`,`create_time`,`sale_num`,`is_virtual`,`goods_class`,`is_fenxiao`,`fenxiao_type`,`sku_id`,`max_buy`,`min_buy`,`promotion_addon`,`sort` FROM `gxfc_goods` `` WHERE  `is_delete` = 0 ORDER BY `create_time` DESC LIMIT 0,10 [ RunTime:0.000414s ]
[2022-09-02T21:42:13+08:00][sql] CONNECT:[ UseTime:0.000372s ] mysql:host=127.0.0.1;port=3306;dbname=ls_ssl_com;charset=utf8
[2022-09-02T21:42:13+08:00][sql] SELECT `id`,`app_module`,`name`,`title`,`parent`,`level`,`url`,`is_show`,`sort`,`desc`,`picture`,`is_icon`,`picture_select`,`is_control`,`addon` FROM `gxfc_menu` WHERE  `url` = 'admin/Shop/lists'  AND `app_module` = 'admin' ORDER BY `level` DESC LIMIT 1 [ RunTime:0.000492s ]
[2022-09-02T21:42:13+08:00][sql] SELECT `id`,`app_module`,`name`,`title`,`parent`,`level`,`url`,`is_show`,`sort`,`desc`,`picture`,`is_icon`,`picture_select`,`is_control`,`addon` FROM `gxfc_menu` WHERE  `name` = 'SHOP_LIST'  AND `app_module` = 'admin' LIMIT 1 [ RunTime:0.000366s ]
[2022-09-02T21:42:13+08:00][sql] SELECT `id`,`app_module`,`name`,`title`,`parent`,`level`,`url`,`is_show`,`sort`,`desc`,`picture`,`is_icon`,`picture_select`,`is_control`,`addon` FROM `gxfc_menu` WHERE  `name` = 'SHOP_INDEX'  AND `app_module` = 'admin' LIMIT 1 [ RunTime:0.000331s ]
[2022-09-02T21:42:13+08:00][sql] SELECT `id`,`app_module`,`name`,`title`,`parent`,`level`,`url`,`is_show`,`sort`,`desc`,`picture`,`is_icon`,`picture_select`,`is_control`,`addon` FROM `gxfc_menu` WHERE  `name` = 'SHOP_ROOT'  AND `app_module` = 'admin' LIMIT 1 [ RunTime:0.000348s ]
[2022-09-02T21:42:13+08:00][sql] SELECT `category_id`,`category_name` FROM `gxfc_shop_category` ORDER BY `sort` ASC [ RunTime:0.000249s ]
[2022-09-02T21:42:13+08:00][sql] SELECT `group_id`,`is_own`,`group_name`,`fee`,`remark` FROM `gxfc_shop_group` WHERE  `is_own` = 0 ORDER BY `is_own` ASC,`fee` ASC [ RunTime:0.000251s ]
[2022-09-02T21:42:13+08:00][sql] SELECT `site_id`,`site_area_name` FROM `gxfc_website` [ RunTime:0.000220s ]
[2022-09-02T21:42:22+08:00][sql] CONNECT:[ UseTime:0.000352s ] mysql:host=127.0.0.1;port=3306;dbname=ls_ssl_com;charset=utf8
[2022-09-02T21:42:22+08:00][sql] SELECT `id`,`app_module`,`name`,`title`,`parent`,`level`,`url`,`is_show`,`sort`,`desc`,`picture`,`is_icon`,`picture_select`,`is_control`,`addon` FROM `gxfc_menu` WHERE  `url` = 'admin/Shop/basicInfo'  AND `app_module` = 'admin' ORDER BY `level` DESC LIMIT 1 [ RunTime:0.000528s ]
[2022-09-02T21:42:22+08:00][sql] SELECT `id`,`app_module`,`name`,`title`,`parent`,`level`,`url`,`is_show`,`sort`,`desc`,`picture`,`is_icon`,`picture_select`,`is_control`,`addon` FROM `gxfc_menu` WHERE  `name` = 'SHOP_BISIC_INFO'  AND `app_module` = 'admin' LIMIT 1 [ RunTime:0.000313s ]
[2022-09-02T21:42:22+08:00][sql] SELECT * FROM `gxfc_shop` WHERE  `site_id` = 4 LIMIT 1 [ RunTime:0.000517s ]
[2022-09-02T21:42:22+08:00][sql] SELECT * FROM `gxfc_member` WHERE  `member_id` = 1  AND `is_delete` = 0 LIMIT 1 [ RunTime:0.000367s ]
[2022-09-02T21:42:22+08:00][sql] SELECT `group_id`,`is_own`,`group_name`,`fee`,`remark` FROM `gxfc_shop_group` WHERE  `is_own` = 0 ORDER BY `is_own` ASC,`fee` ASC [ RunTime:0.000277s ]
[2022-09-02T21:42:22+08:00][sql] SELECT `group_id`,`is_own`,`group_name`,`fee`,`remark` FROM `gxfc_shop_group` WHERE  `is_own` = 1 ORDER BY `is_own` ASC,`fee` ASC [ RunTime:0.000282s ]
[2022-09-02T21:42:22+08:00][sql] SELECT `parent` FROM `gxfc_menu` WHERE  `url` = 'admin/shop/basicinfo'  AND `level` = 4 LIMIT 1 [ RunTime:0.000260s ]
[2022-09-02T21:42:22+08:00][sql] SELECT * FROM `gxfc_menu` WHERE  `app_module` = 'admin'  AND `is_show` = 1  AND `parent` = 'SHOP_LIST' ORDER BY `sort` ASC [ RunTime:0.000403s ]
[2022-09-02T21:42:40+08:00][sql] CONNECT:[ UseTime:0.000352s ] mysql:host=127.0.0.1;port=3306;dbname=ls_ssl_com;charset=utf8
[2022-09-02T21:42:40+08:00][sql] SELECT * FROM `gxfc_shop` WHERE  `site_id` = 1 LIMIT 1 [ RunTime:0.000573s ]
[2022-09-02T21:42:40+08:00][sql] SELECT `group_id`,`is_own`,`group_name`,`fee`,`remark` FROM `gxfc_shop_group` WHERE  `is_own` = 0 ORDER BY `is_own` ASC,`fee` ASC [ RunTime:0.000308s ]
[2022-09-02T21:47:03+08:00][sql] CONNECT:[ UseTime:0.000391s ] mysql:host=127.0.0.1;port=3306;dbname=ls_ssl_com;charset=utf8
[2022-09-02T21:47:03+08:00][sql] SELECT `id`,`app_module`,`name`,`title`,`parent`,`level`,`url`,`is_show`,`sort`,`desc`,`picture`,`is_icon`,`picture_select`,`is_control`,`addon` FROM `gxfc_menu` WHERE  `url` = 'admin/Member/index'  AND `app_module` = 'admin' ORDER BY `level` DESC LIMIT 1 [ RunTime:0.000494s ]
[2022-09-02T21:47:03+08:00][sql] SELECT `id`,`app_module`,`name`,`title`,`parent`,`level`,`url`,`is_show`,`sort`,`desc`,`picture`,`is_icon`,`picture_select`,`is_control`,`addon` FROM `gxfc_menu` WHERE  `name` = 'MEMBER_INDEX'  AND `app_module` = 'admin' LIMIT 1 [ RunTime:0.000308s ]
[2022-09-02T21:47:03+08:00][sql] SELECT COUNT(*) AS think_count FROM `gxfc_member` WHERE  `is_delete` = 0 [ RunTime:0.000343s ]
[2022-09-02T21:47:03+08:00][sql] SELECT COUNT(*) AS think_count FROM `gxfc_member` WHERE  `reg_time` BETWEEN 1662048000 AND 1662126423   AND `is_delete` = 0 [ RunTime:0.000255s ]
[2022-09-02T21:47:03+08:00][sql] SELECT COUNT(*) AS think_count FROM `gxfc_member` WHERE  `order_money` > 0  AND `is_delete` = 0 [ RunTime:0.000232s ]
[2022-09-02T21:47:04+08:00][sql] CONNECT:[ UseTime:0.000407s ] mysql:host=127.0.0.1;port=3306;dbname=ls_ssl_com;charset=utf8
[2022-09-02T21:47:04+08:00][sql] SELECT COUNT(*) AS think_count FROM `gxfc_member` WHERE  `is_delete` = 0  AND `is_delete` = 0 [ RunTime:0.000308s ]
[2022-09-02T21:47:04+08:00][sql] SELECT `id`,`shortname` FROM `gxfc_area` WHERE  `pid` = 0 ORDER BY `sort` ASC [ RunTime:0.000348s ]
[2022-09-02T21:47:04+08:00][sql] SELECT COUNT(*) AS think_count FROM ( SELECT count(*) AS think_count FROM `gxfc_member` `nm` LEFT JOIN `gxfc_member_address` `nma` ON `nm`.`member_id`=`nma`.`member_id` WHERE  `nma`.`is_default` = 1  AND `nma`.`province_id` = 110000  AND `nm`.`is_delete` = 0  AND `is_delete` = 0 GROUP BY `nm`.`member_id` ) `_group_count_` [ RunTime:0.000428s ]
[2022-09-02T21:47:04+08:00][sql] SELECT COUNT(*) AS think_count FROM ( SELECT count(*) AS think_count FROM `gxfc_member` `nm` LEFT JOIN `gxfc_member_address` `nma` ON `nm`.`member_id`=`nma`.`member_id` WHERE  `nma`.`is_default` = 1  AND `nma`.`province_id` = 120000  AND `nm`.`is_delete` = 0  AND `is_delete` = 0 GROUP BY `nm`.`member_id` ) `_group_count_` [ RunTime:0.000291s ]
[2022-09-02T21:47:04+08:00][sql] SELECT COUNT(*) AS think_count FROM ( SELECT count(*) AS think_count FROM `gxfc_member` `nm` LEFT JOIN `gxfc_member_address` `nma` ON `nm`.`member_id`=`nma`.`member_id` WHERE  `nma`.`is_default` = 1  AND `nma`.`province_id` = 130000  AND `nm`.`is_delete` = 0  AND `is_delete` = 0 GROUP BY `nm`.`member_id` ) `_group_count_` [ RunTime:0.000263s ]
[2022-09-02T21:47:04+08:00][sql] SELECT COUNT(*) AS think_count FROM ( SELECT count(*) AS think_count FROM `gxfc_member` `nm` LEFT JOIN `gxfc_member_address` `nma` ON `nm`.`member_id`=`nma`.`member_id` WHERE  `nma`.`is_default` = 1  AND `nma`.`province_id` = 140000  AND `nm`.`is_delete` = 0  AND `is_delete` = 0 GROUP BY `nm`.`member_id` ) `_group_count_` [ RunTime:0.000268s ]
[2022-09-02T21:47:04+08:00][sql] SELECT COUNT(*) AS think_count FROM ( SELECT count(*) AS think_count FROM `gxfc_member` `nm` LEFT JOIN `gxfc_member_address` `nma` ON `nm`.`member_id`=`nma`.`member_id` WHERE  `nma`.`is_default` = 1  AND `nma`.`province_id` = 150000  AND `nm`.`is_delete` = 0  AND `is_delete` = 0 GROUP BY `nm`.`member_id` ) `_group_count_` [ RunTime:0.000272s ]
[2022-09-02T21:47:04+08:00][sql] SELECT COUNT(*) AS think_count FROM ( SELECT count(*) AS think_count FROM `gxfc_member` `nm` LEFT JOIN `gxfc_member_address` `nma` ON `nm`.`member_id`=`nma`.`member_id` WHERE  `nma`.`is_default` = 1  AND `nma`.`province_id` = 210000  AND `nm`.`is_delete` = 0  AND `is_delete` = 0 GROUP BY `nm`.`member_id` ) `_group_count_` [ RunTime:0.000266s ]
[2022-09-02T21:47:04+08:00][sql] SELECT COUNT(*) AS think_count FROM ( SELECT count(*) AS think_count FROM `gxfc_member` `nm` LEFT JOIN `gxfc_member_address` `nma` ON `nm`.`member_id`=`nma`.`member_id` WHERE  `nma`.`is_default` = 1  AND `nma`.`province_id` = 220000  AND `nm`.`is_delete` = 0  AND `is_delete` = 0 GROUP BY `nm`.`member_id` ) `_group_count_` [ RunTime:0.000266s ]
[2022-09-02T21:47:04+08:00][sql] SELECT COUNT(*) AS think_count FROM ( SELECT count(*) AS think_count FROM `gxfc_member` `nm` LEFT JOIN `gxfc_member_address` `nma` ON `nm`.`member_id`=`nma`.`member_id` WHERE  `nma`.`is_default` = 1  AND `nma`.`province_id` = 230000  AND `nm`.`is_delete` = 0  AND `is_delete` = 0 GROUP BY `nm`.`member_id` ) `_group_count_` [ RunTime:0.000273s ]
[2022-09-02T21:47:04+08:00][sql] SELECT COUNT(*) AS think_count FROM ( SELECT count(*) AS think_count FROM `gxfc_member` `nm` LEFT JOIN `gxfc_member_address` `nma` ON `nm`.`member_id`=`nma`.`member_id` WHERE  `nma`.`is_default` = 1  AND `nma`.`province_id` = 310000  AND `nm`.`is_delete` = 0  AND `is_delete` = 0 GROUP BY `nm`.`member_id` ) `_group_count_` [ RunTime:0.000252s ]
[2022-09-02T21:47:04+08:00][sql] SELECT COUNT(*) AS think_count FROM ( SELECT count(*) AS think_count FROM `gxfc_member` `nm` LEFT JOIN `gxfc_member_address` `nma` ON `nm`.`member_id`=`nma`.`member_id` WHERE  `nma`.`is_default` = 1  AND `nma`.`province_id` = 320000  AND `nm`.`is_delete` = 0  AND `is_delete` = 0 GROUP BY `nm`.`member_id` ) `_group_count_` [ RunTime:0.000280s ]
[2022-09-02T21:47:04+08:00][sql] SELECT COUNT(*) AS think_count FROM ( SELECT count(*) AS think_count FROM `gxfc_member` `nm` LEFT JOIN `gxfc_member_address` `nma` ON `nm`.`member_id`=`nma`.`member_id` WHERE  `nma`.`is_default` = 1  AND `nma`.`province_id` = 330000  AND `nm`.`is_delete` = 0  AND `is_delete` = 0 GROUP BY `nm`.`member_id` ) `_group_count_` [ RunTime:0.000293s ]
[2022-09-02T21:47:04+08:00][sql] SELECT COUNT(*) AS think_count FROM ( SELECT count(*) AS think_count FROM `gxfc_member` `nm` LEFT JOIN `gxfc_member_address` `nma` ON `nm`.`member_id`=`nma`.`member_id` WHERE  `nma`.`is_default` = 1  AND `nma`.`province_id` = 340000  AND `nm`.`is_delete` = 0  AND `is_delete` = 0 GROUP BY `nm`.`member_id` ) `_group_count_` [ RunTime:0.000270s ]
[2022-09-02T21:47:04+08:00][sql] SELECT COUNT(*) AS think_count FROM ( SELECT count(*) AS think_count FROM `gxfc_member` `nm` LEFT JOIN `gxfc_member_address` `nma` ON `nm`.`member_id`=`nma`.`member_id` WHERE  `nma`.`is_default` = 1  AND `nma`.`province_id` = 350000  AND `nm`.`is_delete` = 0  AND `is_delete` = 0 GROUP BY `nm`.`member_id` ) `_group_count_` [ RunTime:0.000274s ]
[2022-09-02T21:47:04+08:00][sql] SELECT COUNT(*) AS think_count FROM ( SELECT count(*) AS think_count FROM `gxfc_member` `nm` LEFT JOIN `gxfc_member_address` `nma` ON `nm`.`member_id`=`nma`.`member_id` WHERE  `nma`.`is_default` = 1  AND `nma`.`province_id` = 360000  AND `nm`.`is_delete` = 0  AND `is_delete` = 0 GROUP BY `nm`.`member_id` ) `_group_count_` [ RunTime:0.000276s ]
[2022-09-02T21:47:04+08:00][sql] SELECT COUNT(*) AS think_count FROM ( SELECT count(*) AS think_count FROM `gxfc_member` `nm` LEFT JOIN `gxfc_member_address` `nma` ON `nm`.`member_id`=`nma`.`member_id` WHERE  `nma`.`is_default` = 1  AND `nma`.`province_id` = 370000  AND `nm`.`is_delete` = 0  AND `is_delete` = 0 GROUP BY `nm`.`member_id` ) `_group_count_` [ RunTime:0.000295s ]
[2022-09-02T21:47:04+08:00][sql] SELECT COUNT(*) AS think_count FROM ( SELECT count(*) AS think_count FROM `gxfc_member` `nm` LEFT JOIN `gxfc_member_address` `nma` ON `nm`.`member_id`=`nma`.`member_id` WHERE  `nma`.`is_default` = 1  AND `nma`.`province_id` = 410000  AND `nm`.`is_delete` = 0  AND `is_delete` = 0 GROUP BY `nm`.`member_id` ) `_group_count_` [ RunTime:0.000268s ]
[2022-09-02T21:47:04+08:00][sql] SELECT COUNT(*) AS think_count FROM ( SELECT count(*) AS think_count FROM `gxfc_member` `nm` LEFT JOIN `gxfc_member_address` `nma` ON `nm`.`member_id`=`nma`.`member_id` WHERE  `nma`.`is_default` = 1  AND `nma`.`province_id` = 420000  AND `nm`.`is_delete` = 0  AND `is_delete` = 0 GROUP BY `nm`.`member_id` ) `_group_count_` [ RunTime:0.000302s ]
[2022-09-02T21:47:04+08:00][sql] SELECT COUNT(*) AS think_count FROM ( SELECT count(*) AS think_count FROM `gxfc_member` `nm` LEFT JOIN `gxfc_member_address` `nma` ON `nm`.`member_id`=`nma`.`member_id` WHERE  `nma`.`is_default` = 1  AND `nma`.`province_id` = 430000  AND `nm`.`is_delete` = 0  AND `is_delete` = 0 GROUP BY `nm`.`member_id` ) `_group_count_` [ RunTime:0.000289s ]
[2022-09-02T21:47:04+08:00][sql] SELECT COUNT(*) AS think_count FROM ( SELECT count(*) AS think_count FROM `gxfc_member` `nm` LEFT JOIN `gxfc_member_address` `nma` ON `nm`.`member_id`=`nma`.`member_id` WHERE  `nma`.`is_default` = 1  AND `nma`.`province_id` = 440000  AND `nm`.`is_delete` = 0  AND `is_delete` = 0 GROUP BY `nm`.`member_id` ) `_group_count_` [ RunTime:0.000331s ]
[2022-09-02T21:47:04+08:00][sql] SELECT COUNT(*) AS think_count FROM ( SELECT count(*) AS think_count FROM `gxfc_member` `nm` LEFT JOIN `gxfc_member_address` `nma` ON `nm`.`member_id`=`nma`.`member_id` WHERE  `nma`.`is_default` = 1  AND `nma`.`province_id` = 450000  AND `nm`.`is_delete` = 0  AND `is_delete` = 0 GROUP BY `nm`.`member_id` ) `_group_count_` [ RunTime:0.000334s ]
[2022-09-02T21:47:04+08:00][sql] SELECT COUNT(*) AS think_count FROM ( SELECT count(*) AS think_count FROM `gxfc_member` `nm` LEFT JOIN `gxfc_member_address` `nma` ON `nm`.`member_id`=`nma`.`member_id` WHERE  `nma`.`is_default` = 1  AND `nma`.`province_id` = 460000  AND `nm`.`is_delete` = 0  AND `is_delete` = 0 GROUP BY `nm`.`member_id` ) `_group_count_` [ RunTime:0.000300s ]
[2022-09-02T21:47:04+08:00][sql] SELECT COUNT(*) AS think_count FROM ( SELECT count(*) AS think_count FROM `gxfc_member` `nm` LEFT JOIN `gxfc_member_address` `nma` ON `nm`.`member_id`=`nma`.`member_id` WHERE  `nma`.`is_default` = 1  AND `nma`.`province_id` = 500000  AND `nm`.`is_delete` = 0  AND `is_delete` = 0 GROUP BY `nm`.`member_id` ) `_group_count_` [ RunTime:0.000316s ]
[2022-09-02T21:47:04+08:00][sql] SELECT COUNT(*) AS think_count FROM ( SELECT count(*) AS think_count FROM `gxfc_member` `nm` LEFT JOIN `gxfc_member_address` `nma` ON `nm`.`member_id`=`nma`.`member_id` WHERE  `nma`.`is_default` = 1  AND `nma`.`province_id` = 510000  AND `nm`.`is_delete` = 0  AND `is_delete` = 0 GROUP BY `nm`.`member_id` ) `_group_count_` [ RunTime:0.000278s ]
[2022-09-02T21:47:04+08:00][sql] SELECT COUNT(*) AS think_count FROM ( SELECT count(*) AS think_count FROM `gxfc_member` `nm` LEFT JOIN `gxfc_member_address` `nma` ON `nm`.`member_id`=`nma`.`member_id` WHERE  `nma`.`is_default` = 1  AND `nma`.`province_id` = 520000  AND `nm`.`is_delete` = 0  AND `is_delete` = 0 GROUP BY `nm`.`member_id` ) `_group_count_` [ RunTime:0.000280s ]
[2022-09-02T21:47:04+08:00][sql] SELECT COUNT(*) AS think_count FROM ( SELECT count(*) AS think_count FROM `gxfc_member` `nm` LEFT JOIN `gxfc_member_address` `nma` ON `nm`.`member_id`=`nma`.`member_id` WHERE  `nma`.`is_default` = 1  AND `nma`.`province_id` = 530000  AND `nm`.`is_delete` = 0  AND `is_delete` = 0 GROUP BY `nm`.`member_id` ) `_group_count_` [ RunTime:0.000271s ]
[2022-09-02T21:47:04+08:00][sql] SELECT COUNT(*) AS think_count FROM ( SELECT count(*) AS think_count FROM `gxfc_member` `nm` LEFT JOIN `gxfc_member_address` `nma` ON `nm`.`member_id`=`nma`.`member_id` WHERE  `nma`.`is_default` = 1  AND `nma`.`province_id` = 540000  AND `nm`.`is_delete` = 0  AND `is_delete` = 0 GROUP BY `nm`.`member_id` ) `_group_count_` [ RunTime:0.000261s ]
[2022-09-02T21:47:04+08:00][sql] SELECT COUNT(*) AS think_count FROM ( SELECT count(*) AS think_count FROM `gxfc_member` `nm` LEFT JOIN `gxfc_member_address` `nma` ON `nm`.`member_id`=`nma`.`member_id` WHERE  `nma`.`is_default` = 1  AND `nma`.`province_id` = 610000  AND `nm`.`is_delete` = 0  AND `is_delete` = 0 GROUP BY `nm`.`member_id` ) `_group_count_` [ RunTime:0.000254s ]
[2022-09-02T21:47:04+08:00][sql] SELECT COUNT(*) AS think_count FROM ( SELECT count(*) AS think_count FROM `gxfc_member` `nm` LEFT JOIN `gxfc_member_address` `nma` ON `nm`.`member_id`=`nma`.`member_id` WHERE  `nma`.`is_default` = 1  AND `nma`.`province_id` = 620000  AND `nm`.`is_delete` = 0  AND `is_delete` = 0 GROUP BY `nm`.`member_id` ) `_group_count_` [ RunTime:0.000274s ]
[2022-09-02T21:47:04+08:00][sql] SELECT COUNT(*) AS think_count FROM ( SELECT count(*) AS think_count FROM `gxfc_member` `nm` LEFT JOIN `gxfc_member_address` `nma` ON `nm`.`member_id`=`nma`.`member_id` WHERE  `nma`.`is_default` = 1  AND `nma`.`province_id` = 630000  AND `nm`.`is_delete` = 0  AND `is_delete` = 0 GROUP BY `nm`.`member_id` ) `_group_count_` [ RunTime:0.000260s ]
[2022-09-02T21:47:04+08:00][sql] SELECT COUNT(*) AS think_count FROM ( SELECT count(*) AS think_count FROM `gxfc_member` `nm` LEFT JOIN `gxfc_member_address` `nma` ON `nm`.`member_id`=`nma`.`member_id` WHERE  `nma`.`is_default` = 1  AND `nma`.`province_id` = 640000  AND `nm`.`is_delete` = 0  AND `is_delete` = 0 GROUP BY `nm`.`member_id` ) `_group_count_` [ RunTime:0.000256s ]
[2022-09-02T21:47:04+08:00][sql] SELECT COUNT(*) AS think_count FROM ( SELECT count(*) AS think_count FROM `gxfc_member` `nm` LEFT JOIN `gxfc_member_address` `nma` ON `nm`.`member_id`=`nma`.`member_id` WHERE  `nma`.`is_default` = 1  AND `nma`.`province_id` = 650000  AND `nm`.`is_delete` = 0  AND `is_delete` = 0 GROUP BY `nm`.`member_id` ) `_group_count_` [ RunTime:0.000262s ]
[2022-09-02T21:47:04+08:00][sql] SELECT COUNT(*) AS think_count FROM ( SELECT count(*) AS think_count FROM `gxfc_member` `nm` LEFT JOIN `gxfc_member_address` `nma` ON `nm`.`member_id`=`nma`.`member_id` WHERE  `nma`.`is_default` = 1  AND `nma`.`province_id` = 810000  AND `nm`.`is_delete` = 0  AND `is_delete` = 0 GROUP BY `nm`.`member_id` ) `_group_count_` [ RunTime:0.000258s ]
[2022-09-02T21:47:04+08:00][sql] SELECT COUNT(*) AS think_count FROM ( SELECT count(*) AS think_count FROM `gxfc_member` `nm` LEFT JOIN `gxfc_member_address` `nma` ON `nm`.`member_id`=`nma`.`member_id` WHERE  `nma`.`is_default` = 1  AND `nma`.`province_id` = 820000  AND `nm`.`is_delete` = 0  AND `is_delete` = 0 GROUP BY `nm`.`member_id` ) `_group_count_` [ RunTime:0.000268s ]
[2022-09-02T21:47:04+08:00][sql] SELECT COUNT(*) AS think_count FROM ( SELECT count(*) AS think_count FROM `gxfc_member` `nm` LEFT JOIN `gxfc_member_address` `nma` ON `nm`.`member_id`=`nma`.`member_id` WHERE  `nma`.`is_default` = 1  AND `nma`.`province_id` = 710000  AND `nm`.`is_delete` = 0  AND `is_delete` = 0 GROUP BY `nm`.`member_id` ) `_group_count_` [ RunTime:0.000265s ]
[2022-09-02T21:47:04+08:00][sql] CONNECT:[ UseTime:0.000328s ] mysql:host=127.0.0.1;port=3306;dbname=ls_ssl_com;charset=utf8
[2022-09-02T21:47:04+08:00][sql] SELECT COUNT(*) AS think_count FROM `gxfc_member` WHERE  `is_delete` = 0  AND `is_delete` = 0 [ RunTime:0.000317s ]
[2022-09-02T21:47:04+08:00][sql] SELECT COUNT(*) AS think_count FROM ( SELECT count(*) AS think_count FROM `gxfc_member` `nm` LEFT JOIN `gxfc_member_address` `nma` ON `nm`.`member_id`=`nma`.`member_id` WHERE  `nma`.`is_default` = 1  AND `nma`.`province_id` = 110000  AND `nm`.`is_delete` = 0  AND `is_delete` = 0 GROUP BY `nm`.`member_id` ) `_group_count_` [ RunTime:0.000385s ]
[2022-09-02T21:47:04+08:00][sql] SELECT COUNT(*) AS think_count FROM ( SELECT count(*) AS think_count FROM `gxfc_member` `nm` LEFT JOIN `gxfc_member_address` `nma` ON `nm`.`member_id`=`nma`.`member_id` WHERE  `nma`.`is_default` = 1  AND `nma`.`province_id` = 120000  AND `nm`.`is_delete` = 0  AND `is_delete` = 0 GROUP BY `nm`.`member_id` ) `_group_count_` [ RunTime:0.000328s ]
[2022-09-02T21:47:04+08:00][sql] SELECT COUNT(*) AS think_count FROM ( SELECT count(*) AS think_count FROM `gxfc_member` `nm` LEFT JOIN `gxfc_member_address` `nma` ON `nm`.`member_id`=`nma`.`member_id` WHERE  `nma`.`is_default` = 1  AND `nma`.`province_id` = 130000  AND `nm`.`is_delete` = 0  AND `is_delete` = 0 GROUP BY `nm`.`member_id` ) `_group_count_` [ RunTime:0.000313s ]
[2022-09-02T21:47:04+08:00][sql] SELECT COUNT(*) AS think_count FROM ( SELECT count(*) AS think_count FROM `gxfc_member` `nm` LEFT JOIN `gxfc_member_address` `nma` ON `nm`.`member_id`=`nma`.`member_id` WHERE  `nma`.`is_default` = 1  AND `nma`.`province_id` = 140000  AND `nm`.`is_delete` = 0  AND `is_delete` = 0 GROUP BY `nm`.`member_id` ) `_group_count_` [ RunTime:0.000311s ]
[2022-09-02T21:47:04+08:00][sql] SELECT COUNT(*) AS think_count FROM ( SELECT count(*) AS think_count FROM `gxfc_member` `nm` LEFT JOIN `gxfc_member_address` `nma` ON `nm`.`member_id`=`nma`.`member_id` WHERE  `nma`.`is_default` = 1  AND `nma`.`province_id` = 150000  AND `nm`.`is_delete` = 0  AND `is_delete` = 0 GROUP BY `nm`.`member_id` ) `_group_count_` [ RunTime:0.000301s ]
[2022-09-02T21:47:04+08:00][sql] SELECT COUNT(*) AS think_count FROM ( SELECT count(*) AS think_count FROM `gxfc_member` `nm` LEFT JOIN `gxfc_member_address` `nma` ON `nm`.`member_id`=`nma`.`member_id` WHERE  `nma`.`is_default` = 1  AND `nma`.`province_id` = 210000  AND `nm`.`is_delete` = 0  AND `is_delete` = 0 GROUP BY `nm`.`member_id` ) `_group_count_` [ RunTime:0.000294s ]
[2022-09-02T21:47:04+08:00][sql] SELECT COUNT(*) AS think_count FROM ( SELECT count(*) AS think_count FROM `gxfc_member` `nm` LEFT JOIN `gxfc_member_address` `nma` ON `nm`.`member_id`=`nma`.`member_id` WHERE  `nma`.`is_default` = 1  AND `nma`.`province_id` = 220000  AND `nm`.`is_delete` = 0  AND `is_delete` = 0 GROUP BY `nm`.`member_id` ) `_group_count_` [ RunTime:0.000308s ]
[2022-09-02T21:47:04+08:00][sql] SELECT COUNT(*) AS think_count FROM ( SELECT count(*) AS think_count FROM `gxfc_member` `nm` LEFT JOIN `gxfc_member_address` `nma` ON `nm`.`member_id`=`nma`.`member_id` WHERE  `nma`.`is_default` = 1  AND `nma`.`province_id` = 230000  AND `nm`.`is_delete` = 0  AND `is_delete` = 0 GROUP BY `nm`.`member_id` ) `_group_count_` [ RunTime:0.000274s ]
[2022-09-02T21:47:04+08:00][sql] SELECT COUNT(*) AS think_count FROM ( SELECT count(*) AS think_count FROM `gxfc_member` `nm` LEFT JOIN `gxfc_member_address` `nma` ON `nm`.`member_id`=`nma`.`member_id` WHERE  `nma`.`is_default` = 1  AND `nma`.`province_id` = 310000  AND `nm`.`is_delete` = 0  AND `is_delete` = 0 GROUP BY `nm`.`member_id` ) `_group_count_` [ RunTime:0.000271s ]
[2022-09-02T21:47:04+08:00][sql] SELECT COUNT(*) AS think_count FROM ( SELECT count(*) AS think_count FROM `gxfc_member` `nm` LEFT JOIN `gxfc_member_address` `nma` ON `nm`.`member_id`=`nma`.`member_id` WHERE  `nma`.`is_default` = 1  AND `nma`.`province_id` = 320000  AND `nm`.`is_delete` = 0  AND `is_delete` = 0 GROUP BY `nm`.`member_id` ) `_group_count_` [ RunTime:0.000302s ]
[2022-09-02T21:47:04+08:00][sql] SELECT COUNT(*) AS think_count FROM ( SELECT count(*) AS think_count FROM `gxfc_member` `nm` LEFT JOIN `gxfc_member_address` `nma` ON `nm`.`member_id`=`nma`.`member_id` WHERE  `nma`.`is_default` = 1  AND `nma`.`province_id` = 330000  AND `nm`.`is_delete` = 0  AND `is_delete` = 0 GROUP BY `nm`.`member_id` ) `_group_count_` [ RunTime:0.000297s ]
[2022-09-02T21:47:04+08:00][sql] SELECT COUNT(*) AS think_count FROM ( SELECT count(*) AS think_count FROM `gxfc_member` `nm` LEFT JOIN `gxfc_member_address` `nma` ON `nm`.`member_id`=`nma`.`member_id` WHERE  `nma`.`is_default` = 1  AND `nma`.`province_id` = 340000  AND `nm`.`is_delete` = 0  AND `is_delete` = 0 GROUP BY `nm`.`member_id` ) `_group_count_` [ RunTime:0.000279s ]
[2022-09-02T21:47:04+08:00][sql] SELECT COUNT(*) AS think_count FROM ( SELECT count(*) AS think_count FROM `gxfc_member` `nm` LEFT JOIN `gxfc_member_address` `nma` ON `nm`.`member_id`=`nma`.`member_id` WHERE  `nma`.`is_default` = 1  AND `nma`.`province_id` = 350000  AND `nm`.`is_delete` = 0  AND `is_delete` = 0 GROUP BY `nm`.`member_id` ) `_group_count_` [ RunTime:0.000257s ]
[2022-09-02T21:47:04+08:00][sql] SELECT COUNT(*) AS think_count FROM ( SELECT count(*) AS think_count FROM `gxfc_member` `nm` LEFT JOIN `gxfc_member_address` `nma` ON `nm`.`member_id`=`nma`.`member_id` WHERE  `nma`.`is_default` = 1  AND `nma`.`province_id` = 360000  AND `nm`.`is_delete` = 0  AND `is_delete` = 0 GROUP BY `nm`.`member_id` ) `_group_count_` [ RunTime:0.000280s ]
[2022-09-02T21:47:04+08:00][sql] SELECT COUNT(*) AS think_count FROM ( SELECT count(*) AS think_count FROM `gxfc_member` `nm` LEFT JOIN `gxfc_member_address` `nma` ON `nm`.`member_id`=`nma`.`member_id` WHERE  `nma`.`is_default` = 1  AND `nma`.`province_id` = 370000  AND `nm`.`is_delete` = 0  AND `is_delete` = 0 GROUP BY `nm`.`member_id` ) `_group_count_` [ RunTime:0.000290s ]
[2022-09-02T21:47:04+08:00][sql] SELECT COUNT(*) AS think_count FROM ( SELECT count(*) AS think_count FROM `gxfc_member` `nm` LEFT JOIN `gxfc_member_address` `nma` ON `nm`.`member_id`=`nma`.`member_id` WHERE  `nma`.`is_default` = 1  AND `nma`.`province_id` = 410000  AND `nm`.`is_delete` = 0  AND `is_delete` = 0 GROUP BY `nm`.`member_id` ) `_group_count_` [ RunTime:0.000270s ]
[2022-09-02T21:47:04+08:00][sql] SELECT COUNT(*) AS think_count FROM ( SELECT count(*) AS think_count FROM `gxfc_member` `nm` LEFT JOIN `gxfc_member_address` `nma` ON `nm`.`member_id`=`nma`.`member_id` WHERE  `nma`.`is_default` = 1  AND `nma`.`province_id` = 420000  AND `nm`.`is_delete` = 0  AND `is_delete` = 0 GROUP BY `nm`.`member_id` ) `_group_count_` [ RunTime:0.000287s ]
[2022-09-02T21:47:04+08:00][sql] SELECT COUNT(*) AS think_count FROM ( SELECT count(*) AS think_count FROM `gxfc_member` `nm` LEFT JOIN `gxfc_member_address` `nma` ON `nm`.`member_id`=`nma`.`member_id` WHERE  `nma`.`is_default` = 1  AND `nma`.`province_id` = 430000  AND `nm`.`is_delete` = 0  AND `is_delete` = 0 GROUP BY `nm`.`member_id` ) `_group_count_` [ RunTime:0.000274s ]
[2022-09-02T21:47:04+08:00][sql] SELECT COUNT(*) AS think_count FROM ( SELECT count(*) AS think_count FROM `gxfc_member` `nm` LEFT JOIN `gxfc_member_address` `nma` ON `nm`.`member_id`=`nma`.`member_id` WHERE  `nma`.`is_default` = 1  AND `nma`.`province_id` = 440000  AND `nm`.`is_delete` = 0  AND `is_delete` = 0 GROUP BY `nm`.`member_id` ) `_group_count_` [ RunTime:0.000295s ]
[2022-09-02T21:47:04+08:00][sql] SELECT COUNT(*) AS think_count FROM ( SELECT count(*) AS think_count FROM `gxfc_member` `nm` LEFT JOIN `gxfc_member_address` `nma` ON `nm`.`member_id`=`nma`.`member_id` WHERE  `nma`.`is_default` = 1  AND `nma`.`province_id` = 450000  AND `nm`.`is_delete` = 0  AND `is_delete` = 0 GROUP BY `nm`.`member_id` ) `_group_count_` [ RunTime:0.000280s ]
[2022-09-02T21:47:04+08:00][sql] SELECT COUNT(*) AS think_count FROM ( SELECT count(*) AS think_count FROM `gxfc_member` `nm` LEFT JOIN `gxfc_member_address` `nma` ON `nm`.`member_id`=`nma`.`member_id` WHERE  `nma`.`is_default` = 1  AND `nma`.`province_id` = 460000  AND `nm`.`is_delete` = 0  AND `is_delete` = 0 GROUP BY `nm`.`member_id` ) `_group_count_` [ RunTime:0.000270s ]
[2022-09-02T21:47:04+08:00][sql] SELECT COUNT(*) AS think_count FROM ( SELECT count(*) AS think_count FROM `gxfc_member` `nm` LEFT JOIN `gxfc_member_address` `nma` ON `nm`.`member_id`=`nma`.`member_id` WHERE  `nma`.`is_default` = 1  AND `nma`.`province_id` = 500000  AND `nm`.`is_delete` = 0  AND `is_delete` = 0 GROUP BY `nm`.`member_id` ) `_group_count_` [ RunTime:0.000267s ]
[2022-09-02T21:47:04+08:00][sql] SELECT COUNT(*) AS think_count FROM ( SELECT count(*) AS think_count FROM `gxfc_member` `nm` LEFT JOIN `gxfc_member_address` `nma` ON `nm`.`member_id`=`nma`.`member_id` WHERE  `nma`.`is_default` = 1  AND `nma`.`province_id` = 510000  AND `nm`.`is_delete` = 0  AND `is_delete` = 0 GROUP BY `nm`.`member_id` ) `_group_count_` [ RunTime:0.000273s ]
[2022-09-02T21:47:04+08:00][sql] SELECT COUNT(*) AS think_count FROM ( SELECT count(*) AS think_count FROM `gxfc_member` `nm` LEFT JOIN `gxfc_member_address` `nma` ON `nm`.`member_id`=`nma`.`member_id` WHERE  `nma`.`is_default` = 1  AND `nma`.`province_id` = 520000  AND `nm`.`is_delete` = 0  AND `is_delete` = 0 GROUP BY `nm`.`member_id` ) `_group_count_` [ RunTime:0.000265s ]
[2022-09-02T21:47:04+08:00][sql] SELECT COUNT(*) AS think_count FROM ( SELECT count(*) AS think_count FROM `gxfc_member` `nm` LEFT JOIN `gxfc_member_address` `nma` ON `nm`.`member_id`=`nma`.`member_id` WHERE  `nma`.`is_default` = 1  AND `nma`.`province_id` = 530000  AND `nm`.`is_delete` = 0  AND `is_delete` = 0 GROUP BY `nm`.`member_id` ) `_group_count_` [ RunTime:0.000262s ]
[2022-09-02T21:47:04+08:00][sql] SELECT COUNT(*) AS think_count FROM ( SELECT count(*) AS think_count FROM `gxfc_member` `nm` LEFT JOIN `gxfc_member_address` `nma` ON `nm`.`member_id`=`nma`.`member_id` WHERE  `nma`.`is_default` = 1  AND `nma`.`province_id` = 540000  AND `nm`.`is_delete` = 0  AND `is_delete` = 0 GROUP BY `nm`.`member_id` ) `_group_count_` [ RunTime:0.000279s ]
[2022-09-02T21:47:04+08:00][sql] SELECT COUNT(*) AS think_count FROM ( SELECT count(*) AS think_count FROM `gxfc_member` `nm` LEFT JOIN `gxfc_member_address` `nma` ON `nm`.`member_id`=`nma`.`member_id` WHERE  `nma`.`is_default` = 1  AND `nma`.`province_id` = 610000  AND `nm`.`is_delete` = 0  AND `is_delete` = 0 GROUP BY `nm`.`member_id` ) `_group_count_` [ RunTime:0.000264s ]
[2022-09-02T21:47:04+08:00][sql] SELECT COUNT(*) AS think_count FROM ( SELECT count(*) AS think_count FROM `gxfc_member` `nm` LEFT JOIN `gxfc_member_address` `nma` ON `nm`.`member_id`=`nma`.`member_id` WHERE  `nma`.`is_default` = 1  AND `nma`.`province_id` = 620000  AND `nm`.`is_delete` = 0  AND `is_delete` = 0 GROUP BY `nm`.`member_id` ) `_group_count_` [ RunTime:0.000251s ]
[2022-09-02T21:47:04+08:00][sql] SELECT COUNT(*) AS think_count FROM ( SELECT count(*) AS think_count FROM `gxfc_member` `nm` LEFT JOIN `gxfc_member_address` `nma` ON `nm`.`member_id`=`nma`.`member_id` WHERE  `nma`.`is_default` = 1  AND `nma`.`province_id` = 630000  AND `nm`.`is_delete` = 0  AND `is_delete` = 0 GROUP BY `nm`.`member_id` ) `_group_count_` [ RunTime:0.000296s ]
[2022-09-02T21:47:04+08:00][sql] SELECT COUNT(*) AS think_count FROM ( SELECT count(*) AS think_count FROM `gxfc_member` `nm` LEFT JOIN `gxfc_member_address` `nma` ON `nm`.`member_id`=`nma`.`member_id` WHERE  `nma`.`is_default` = 1  AND `nma`.`province_id` = 640000  AND `nm`.`is_delete` = 0  AND `is_delete` = 0 GROUP BY `nm`.`member_id` ) `_group_count_` [ RunTime:0.000272s ]
[2022-09-02T21:47:04+08:00][sql] SELECT COUNT(*) AS think_count FROM ( SELECT count(*) AS think_count FROM `gxfc_member` `nm` LEFT JOIN `gxfc_member_address` `nma` ON `nm`.`member_id`=`nma`.`member_id` WHERE  `nma`.`is_default` = 1  AND `nma`.`province_id` = 650000  AND `nm`.`is_delete` = 0  AND `is_delete` = 0 GROUP BY `nm`.`member_id` ) `_group_count_` [ RunTime:0.000269s ]
[2022-09-02T21:47:04+08:00][sql] SELECT COUNT(*) AS think_count FROM ( SELECT count(*) AS think_count FROM `gxfc_member` `nm` LEFT JOIN `gxfc_member_address` `nma` ON `nm`.`member_id`=`nma`.`member_id` WHERE  `nma`.`is_default` = 1  AND `nma`.`province_id` = 810000  AND `nm`.`is_delete` = 0  AND `is_delete` = 0 GROUP BY `nm`.`member_id` ) `_group_count_` [ RunTime:0.000262s ]
[2022-09-02T21:47:04+08:00][sql] SELECT COUNT(*) AS think_count FROM ( SELECT count(*) AS think_count FROM `gxfc_member` `nm` LEFT JOIN `gxfc_member_address` `nma` ON `nm`.`member_id`=`nma`.`member_id` WHERE  `nma`.`is_default` = 1  AND `nma`.`province_id` = 820000  AND `nm`.`is_delete` = 0  AND `is_delete` = 0 GROUP BY `nm`.`member_id` ) `_group_count_` [ RunTime:0.000331s ]
[2022-09-02T21:47:04+08:00][sql] SELECT COUNT(*) AS think_count FROM ( SELECT count(*) AS think_count FROM `gxfc_member` `nm` LEFT JOIN `gxfc_member_address` `nma` ON `nm`.`member_id`=`nma`.`member_id` WHERE  `nma`.`is_default` = 1  AND `nma`.`province_id` = 710000  AND `nm`.`is_delete` = 0  AND `is_delete` = 0 GROUP BY `nm`.`member_id` ) `_group_count_` [ RunTime:0.000262s ]
[2022-09-02T21:47:37+08:00][sql] CONNECT:[ UseTime:0.000352s ] mysql:host=127.0.0.1;port=3306;dbname=ls_ssl_com;charset=utf8
[2022-09-02T21:47:37+08:00][sql] SELECT `id`,`app_module`,`name`,`title`,`parent`,`level`,`url`,`is_show`,`sort`,`desc`,`picture`,`is_icon`,`picture_select`,`is_control`,`addon` FROM `gxfc_menu` WHERE  `url` = 'admin/Promotion/config'  AND `app_module` = 'admin' ORDER BY `level` DESC LIMIT 1 [ RunTime:0.000531s ]
[2022-09-02T21:47:37+08:00][sql] SELECT `id`,`app_module`,`name`,`title`,`parent`,`level`,`url`,`is_show`,`sort`,`desc`,`picture`,`is_icon`,`picture_select`,`is_control`,`addon` FROM `gxfc_menu` WHERE  `name` = 'PROMOTION_CONFIG'  AND `app_module` = 'admin' LIMIT 1 [ RunTime:0.000333s ]
[2022-09-02T21:47:37+08:00][sql] SELECT `id`,`app_module`,`name`,`title`,`parent`,`level`,`url`,`is_show`,`sort`,`desc`,`picture`,`is_icon`,`picture_select`,`is_control`,`addon` FROM `gxfc_menu` WHERE  `name` = 'PROMOTION_ROOT'  AND `app_module` = 'admin' LIMIT 1 [ RunTime:0.000324s ]
[2022-09-02T21:47:37+08:00][sql] SELECT `name`,`title` FROM `gxfc_addon` WHERE  `name` = '' LIMIT 1 [ RunTime:0.000218s ]
[2022-09-02T21:47:38+08:00][sql] CONNECT:[ UseTime:0.000378s ] mysql:host=127.0.0.1;port=3306;dbname=ls_ssl_com;charset=utf8
[2022-09-02T21:47:38+08:00][sql] SELECT `name`,`title` FROM `gxfc_addon` WHERE  `name` = '' LIMIT 1 [ RunTime:0.000316s ]
[2022-09-02T22:14:33+08:00][sql] CONNECT:[ UseTime:0.000374s ] mysql:host=127.0.0.1;port=3306;dbname=ls_ssl_com;charset=utf8
[2022-09-02T22:14:33+08:00][sql] SELECT `id`,`app_module`,`name`,`title`,`parent`,`level`,`url`,`is_show`,`sort`,`desc`,`picture`,`is_icon`,`picture_select`,`is_control`,`addon` FROM `gxfc_menu` WHERE  `url` = 'admin/Account/index'  AND `app_module` = 'admin' ORDER BY `level` DESC LIMIT 1 [ RunTime:0.000522s ]
[2022-09-02T22:14:33+08:00][sql] SELECT `id`,`app_module`,`name`,`title`,`parent`,`level`,`url`,`is_show`,`sort`,`desc`,`picture`,`is_icon`,`picture_select`,`is_control`,`addon` FROM `gxfc_menu` WHERE  `name` = 'ACCOUNT_INDEX'  AND `app_module` = 'admin' LIMIT 1 [ RunTime:0.000364s ]
[2022-09-02T22:14:33+08:00][sql] SELECT `id`,`app_module`,`name`,`title`,`parent`,`level`,`url`,`is_show`,`sort`,`desc`,`picture`,`is_icon`,`picture_select`,`is_control`,`addon` FROM `gxfc_menu` WHERE  `name` = 'ACCOUNT_ROOT'  AND `app_module` = 'admin' LIMIT 1 [ RunTime:0.000324s ]
[2022-09-02T22:14:33+08:00][sql] SELECT SUM(`order_money`) AS think_sum FROM `gxfc_order` WHERE  `order_status` > 0 [ RunTime:0.000341s ]
[2022-09-02T22:14:33+08:00][sql] SELECT `account` FROM `gxfc_website` WHERE  `site_id` = 0 LIMIT 1 [ RunTime:0.000215s ]
[2022-09-02T22:14:33+08:00][sql] SELECT 
                sum(shop_money) as shop_money,
                sum(refund_shop_money) as refund_shop_money,
                sum(commission) as commission,
                sum(platform_money) as platform_money,
                sum(website_commission) as website_commission,
                sum(platform_coupon_money) as platform_coupon_money,
                sum(refund_platform_coupon_money) as refund_platform_coupon_money
                 FROM `gxfc_shop_settlement_period` WHERE  `period_id` > 0 LIMIT 1 [ RunTime:0.000251s ]
[2022-09-02T22:14:33+08:00][sql] SELECT sum(account) as account, sum(account_withdraw) as account_withdraw, sum(account_withdraw_apply) as account_withdraw_apply, sum(shop_baozhrmb) as shop_baozhrmb, sum(shop_open_fee) as shop_open_fee FROM `gxfc_shop` WHERE  `site_id` > 0 LIMIT 1 [ RunTime:0.000257s ]
[2022-09-02T22:14:33+08:00][sql] SELECT 
                sum(balance) as balance, 
                sum(balance_money) as balance_money,
                sum(balance_withdraw_apply) as balance_withdraw_apply, 
                sum(balance_withdraw) as balance_withdraw
                 FROM `gxfc_member` WHERE  `member_id` > 0 LIMIT 1 [ RunTime:0.000247s ]
[2022-09-02T22:14:33+08:00][sql] SELECT sum(account) as account,sum(account_withdraw) as account_withdraw,sum(account_shop) as account_shop,sum(account_order) as account_order FROM `gxfc_website` WHERE  `site_id` > 0 LIMIT 1 [ RunTime:0.000252s ]
[2022-09-02T22:14:33+08:00][sql] SELECT sum(account) as account,sum(account_withdraw) as account_withdraw,sum(account_withdraw_apply) as account_withdraw_apply FROM `gxfc_fenxiao` WHERE  `status` IN (1,-1)  AND `is_delete` = 0 LIMIT 1 [ RunTime:0.000291s ]
[2022-09-02T22:14:33+08:00][sql] SELECT sum(real_goods_money) as real_goods_money FROM `gxfc_fenxiao_order` WHERE  `is_refund` = 0  AND `is_settlement` = 1 LIMIT 1 [ RunTime:0.000250s ]
[2022-09-02T22:14:33+08:00][sql] SELECT 
                sum(supply_money) as supply_money,
                sum(refund_supply_money) as refund_supply_money,
                sum(commission) as commission,
                sum(platform_money) as platform_money,
                sum(website_commission) as website_commission
                 FROM `gxfc_supply_settlement_period` WHERE  `period_id` > 0 LIMIT 1 [ RunTime:0.000232s ]
[2022-09-02T22:14:33+08:00][sql] SELECT sum(account) as account, sum(account_withdraw) as account_withdraw, sum(account_withdraw_apply) as account_withdraw_apply, sum(bond) as bond, sum(open_fee) as open_fee FROM `gxfc_supplier` WHERE  `supplier_site_id` > 0 LIMIT 1 [ RunTime:0.000245s ]
[2022-09-02T22:14:33+08:00][sql] SELECT SUM(`order_money`) AS think_sum FROM `gxfc_supply_order` WHERE  `order_status` > 0 [ RunTime:0.000199s ]
[2022-09-02T22:14:45+08:00][sql] CONNECT:[ UseTime:0.000357s ] mysql:host=127.0.0.1;port=3306;dbname=ls_ssl_com;charset=utf8
[2022-09-02T22:14:45+08:00][sql] SELECT `id`,`app_module`,`name`,`title`,`parent`,`level`,`url`,`is_show`,`sort`,`desc`,`picture`,`is_icon`,`picture_select`,`is_control`,`addon` FROM `gxfc_menu` WHERE  `url` = 'admin/Shopaccount/fee'  AND `app_module` = 'admin' ORDER BY `level` DESC LIMIT 1 [ RunTime:0.000501s ]
[2022-09-02T22:14:45+08:00][sql] SELECT `id`,`app_module`,`name`,`title`,`parent`,`level`,`url`,`is_show`,`sort`,`desc`,`picture`,`is_icon`,`picture_select`,`is_control`,`addon` FROM `gxfc_menu` WHERE  `name` = 'ACCOUNT_SHOP_FEE'  AND `app_module` = 'admin' LIMIT 1 [ RunTime:0.000444s ]
[2022-09-02T22:14:45+08:00][sql] SELECT sum(account) as account, sum(account_withdraw) as account_withdraw, sum(account_withdraw_apply) as account_withdraw_apply, sum(shop_baozhrmb) as shop_baozhrmb, sum(shop_open_fee) as shop_open_fee FROM `gxfc_shop` WHERE  `site_id` > 0 LIMIT 1 [ RunTime:0.000406s ]
[2022-09-02T22:14:45+08:00][sql] SHOW FULL COLUMNS FROM `gxfc_shop_open_account` [ RunTime:0.000947s ]
[2022-09-02T22:14:45+08:00][sql] SELECT SUM(`website_commission`) AS think_sum FROM `gxfc_shop_open_account` WHERE  `website_id` > 0 [ RunTime:0.000221s ]
[2022-09-02T22:14:45+08:00][sql] CONNECT:[ UseTime:0.000395s ] mysql:host=127.0.0.1;port=3306;dbname=ls_ssl_com;charset=utf8
[2022-09-02T22:14:45+08:00][sql] SELECT COUNT(*) AS think_count FROM `gxfc_shop_open_account` `a` ORDER BY `id` DESC [ RunTime:0.000277s ]
[2022-09-02T22:14:45+08:00][sql] SELECT * FROM `gxfc_shop_open_account` `a` ORDER BY `id` DESC LIMIT 0,10 [ RunTime:0.000236s ]
[2022-09-02T22:14:49+08:00][sql] CONNECT:[ UseTime:0.001054s ] mysql:host=127.0.0.1;port=3306;dbname=ls_ssl_com;charset=utf8
[2022-09-02T22:14:49+08:00][sql] SELECT `id`,`app_module`,`name`,`title`,`parent`,`level`,`url`,`is_show`,`sort`,`desc`,`picture`,`is_icon`,`picture_select`,`is_control`,`addon` FROM `gxfc_menu` WHERE  `url` = 'admin/Memberwithdraw/lists'  AND `app_module` = 'admin' ORDER BY `level` DESC LIMIT 1 [ RunTime:0.000516s ]
[2022-09-02T22:14:49+08:00][sql] SELECT `id`,`app_module`,`name`,`title`,`parent`,`level`,`url`,`is_show`,`sort`,`desc`,`picture`,`is_icon`,`picture_select`,`is_control`,`addon` FROM `gxfc_menu` WHERE  `name` = 'MEMBER_WITHDRAW_LIST'  AND `app_module` = 'admin' LIMIT 1 [ RunTime:0.000392s ]
[2022-09-02T22:14:49+08:00][sql] SELECT 
                sum(balance) as balance, 
                sum(balance_money) as balance_money,
                sum(balance_withdraw_apply) as balance_withdraw_apply, 
                sum(balance_withdraw) as balance_withdraw
                 FROM `gxfc_member` WHERE  `member_id` > 0 LIMIT 1 [ RunTime:0.000390s ]
[2022-09-02T22:14:50+08:00][sql] CONNECT:[ UseTime:0.000358s ] mysql:host=127.0.0.1;port=3306;dbname=ls_ssl_com;charset=utf8
[2022-09-02T22:14:50+08:00][sql] SHOW FULL COLUMNS FROM `gxfc_member_withdraw` [ RunTime:0.000981s ]
[2022-09-02T22:14:50+08:00][sql] SELECT COUNT(*) AS think_count FROM `gxfc_member_withdraw` `` ORDER BY `apply_time` DESC [ RunTime:0.000223s ]
[2022-09-02T22:14:50+08:00][sql] SELECT * FROM `gxfc_member_withdraw` `` ORDER BY `apply_time` DESC LIMIT 0,10 [ RunTime:0.000254s ]
[2022-09-02T22:14:58+08:00][sql] CONNECT:[ UseTime:0.000352s ] mysql:host=127.0.0.1;port=3306;dbname=ls_ssl_com;charset=utf8
[2022-09-02T22:14:58+08:00][sql] SELECT `id`,`app_module`,`name`,`title`,`parent`,`level`,`url`,`is_show`,`sort`,`desc`,`picture`,`is_icon`,`picture_select`,`is_control`,`addon` FROM `gxfc_menu` WHERE  `url` = 'admin/Shopaccount/withdrawlist'  AND `app_module` = 'admin' ORDER BY `level` DESC LIMIT 1 [ RunTime:0.000468s ]
[2022-09-02T22:14:58+08:00][sql] SELECT `id`,`app_module`,`name`,`title`,`parent`,`level`,`url`,`is_show`,`sort`,`desc`,`picture`,`is_icon`,`picture_select`,`is_control`,`addon` FROM `gxfc_menu` WHERE  `name` = 'ACCOUNT_SHOP_WITHDRAW'  AND `app_module` = 'admin' LIMIT 1 [ RunTime:0.000304s ]
[2022-09-02T22:14:58+08:00][sql] SELECT sum(account) as account, sum(account_withdraw) as account_withdraw, sum(account_withdraw_apply) as account_withdraw_apply, sum(shop_baozhrmb) as shop_baozhrmb, sum(shop_open_fee) as shop_open_fee FROM `gxfc_shop` WHERE  `site_id` > 0 LIMIT 1 [ RunTime:0.000279s ]
[2022-09-02T22:14:58+08:00][sql] SELECT `parent` FROM `gxfc_menu` WHERE  `url` = 'admin/shopaccount/withdrawlist'  AND `level` = 4 LIMIT 1 [ RunTime:0.000284s ]
[2022-09-02T22:14:58+08:00][sql] SELECT `site_id`,`app_module`,`config_key`,`value`,`config_desc`,`is_use`,`create_time`,`modify_time` FROM `gxfc_config` WHERE  `site_id` = 0  AND `app_module` = 'admin'  AND `config_key` = 'SHOP_WITHDRAW_CONFIG' LIMIT 1 [ RunTime:0.000288s ]
[2022-09-02T22:14:58+08:00][sql] CONNECT:[ UseTime:0.000311s ] mysql:host=127.0.0.1;port=3306;dbname=ls_ssl_com;charset=utf8
[2022-09-02T22:14:58+08:00][sql] SELECT sum(account) as account, sum(account_withdraw) as account_withdraw, sum(account_withdraw_apply) as account_withdraw_apply, sum(shop_baozhrmb) as shop_baozhrmb, sum(shop_open_fee) as shop_open_fee FROM `gxfc_shop` WHERE  `site_id` > 0 LIMIT 1 [ RunTime:0.000350s ]
[2022-09-02T22:14:58+08:00][sql] SELECT COUNT(*) AS think_count FROM `gxfc_shop_withdraw` `a` ORDER BY `apply_time` DESC [ RunTime:0.000254s ]
[2022-09-02T22:14:58+08:00][sql] SELECT * FROM `gxfc_shop_withdraw` `a` ORDER BY `apply_time` DESC LIMIT 0,10 [ RunTime:0.000256s ]
[2022-09-02T22:15:01+08:00][sql] CONNECT:[ UseTime:0.000474s ] mysql:host=127.0.0.1;port=3306;dbname=ls_ssl_com;charset=utf8
[2022-09-02T22:15:01+08:00][sql] SELECT `id`,`app_module`,`name`,`title`,`parent`,`level`,`url`,`is_show`,`sort`,`desc`,`picture`,`is_icon`,`picture_select`,`is_control`,`addon` FROM `gxfc_menu` WHERE  `url` = 'admin/Shopsettlement/lists'  AND `app_module` = 'admin' ORDER BY `level` DESC LIMIT 1 [ RunTime:0.000562s ]
[2022-09-02T22:15:01+08:00][sql] SELECT `id`,`app_module`,`name`,`title`,`parent`,`level`,`url`,`is_show`,`sort`,`desc`,`picture`,`is_icon`,`picture_select`,`is_control`,`addon` FROM `gxfc_menu` WHERE  `name` = 'ACCOUNT_SHOP_SETTLEMENT_LIST'  AND `app_module` = 'admin' LIMIT 1 [ RunTime:0.000392s ]
[2022-09-02T22:15:01+08:00][sql] SELECT `id`,`app_module`,`name`,`title`,`parent`,`level`,`url`,`is_show`,`sort`,`desc`,`picture`,`is_icon`,`picture_select`,`is_control`,`addon` FROM `gxfc_menu` WHERE  `name` = 'ACCOUNT_SHOP_SETTLEMENT'  AND `app_module` = 'admin' LIMIT 1 [ RunTime:0.000398s ]
[2022-09-02T22:15:01+08:00][sql] SELECT 
                sum(shop_money) as shop_money,
                sum(refund_shop_money) as refund_shop_money,
                sum(commission) as commission,
                sum(platform_money) as platform_money,
                sum(website_commission) as website_commission,
                sum(platform_coupon_money) as platform_coupon_money,
                sum(refund_platform_coupon_money) as refund_platform_coupon_money
                 FROM `gxfc_shop_settlement_period` WHERE  `period_id` > 0 LIMIT 1 [ RunTime:0.000400s ]
[2022-09-02T22:15:02+08:00][sql] CONNECT:[ UseTime:0.000392s ] mysql:host=127.0.0.1;port=3306;dbname=ls_ssl_com;charset=utf8
[2022-09-02T22:15:02+08:00][sql] SELECT COUNT(*) AS think_count FROM `gxfc_shop_settlement_period` `a` ORDER BY `create_time` DESC [ RunTime:0.000272s ]
[2022-09-02T22:15:02+08:00][sql] SELECT * FROM `gxfc_shop_settlement_period` `a` ORDER BY `create_time` DESC LIMIT 0,10 [ RunTime:0.000241s ]
[2022-09-02T22:15:05+08:00][sql] CONNECT:[ UseTime:0.000368s ] mysql:host=127.0.0.1;port=3306;dbname=ls_ssl_com;charset=utf8
[2022-09-02T22:15:05+08:00][sql] SELECT SUM(`order_money`) AS think_sum FROM `gxfc_order` WHERE  `order_status` > 0 [ RunTime:0.000338s ]
[2022-09-02T22:15:05+08:00][sql] SELECT 
                sum(shop_money) as shop_money,
                sum(refund_shop_money) as refund_shop_money,
                sum(commission) as commission,
                sum(platform_money) as platform_money,
                sum(website_commission) as website_commission,
                sum(platform_coupon_money) as platform_coupon_money,
                sum(refund_platform_coupon_money) as refund_platform_coupon_money
                 FROM `gxfc_shop_settlement_period` WHERE  `period_id` > 0 LIMIT 1 [ RunTime:0.000315s ]
[2022-09-02T22:15:05+08:00][sql] SELECT sum(account) as account, sum(account_withdraw) as account_withdraw, sum(account_withdraw_apply) as account_withdraw_apply, sum(shop_baozhrmb) as shop_baozhrmb, sum(shop_open_fee) as shop_open_fee FROM `gxfc_shop` WHERE  `site_id` > 0 LIMIT 1 [ RunTime:0.000277s ]
[2022-09-02T22:15:05+08:00][sql] SELECT 
                sum(balance) as balance, 
                sum(balance_money) as balance_money,
                sum(balance_withdraw_apply) as balance_withdraw_apply, 
                sum(balance_withdraw) as balance_withdraw
                 FROM `gxfc_member` WHERE  `member_id` > 0 LIMIT 1 [ RunTime:0.000284s ]
[2022-09-02T22:15:05+08:00][sql] SELECT sum(account) as account,sum(account_withdraw) as account_withdraw,sum(account_shop) as account_shop,sum(account_order) as account_order FROM `gxfc_website` WHERE  `site_id` > 0 LIMIT 1 [ RunTime:0.000256s ]
[2022-09-02T22:15:05+08:00][sql] SELECT sum(account) as account,sum(account_withdraw) as account_withdraw,sum(account_withdraw_apply) as account_withdraw_apply FROM `gxfc_fenxiao` WHERE  `status` IN (1,-1)  AND `is_delete` = 0 LIMIT 1 [ RunTime:0.000286s ]
[2022-09-02T22:15:05+08:00][sql] SELECT sum(real_goods_money) as real_goods_money FROM `gxfc_fenxiao_order` WHERE  `is_refund` = 0  AND `is_settlement` = 1 LIMIT 1 [ RunTime:0.000218s ]
[2022-09-02T22:15:05+08:00][sql] SELECT 
                sum(supply_money) as supply_money,
                sum(refund_supply_money) as refund_supply_money,
                sum(commission) as commission,
                sum(platform_money) as platform_money,
                sum(website_commission) as website_commission
                 FROM `gxfc_supply_settlement_period` WHERE  `period_id` > 0 LIMIT 1 [ RunTime:0.000250s ]
[2022-09-02T22:15:05+08:00][sql] SELECT sum(account) as account, sum(account_withdraw) as account_withdraw, sum(account_withdraw_apply) as account_withdraw_apply, sum(bond) as bond, sum(open_fee) as open_fee FROM `gxfc_supplier` WHERE  `supplier_site_id` > 0 LIMIT 1 [ RunTime:0.000223s ]
[2022-09-02T22:15:05+08:00][sql] SELECT SUM(`order_money`) AS think_sum FROM `gxfc_supply_order` WHERE  `order_status` > 0 [ RunTime:0.000216s ]
[2022-09-02T22:15:41+08:00][sql] CONNECT:[ UseTime:0.000379s ] mysql:host=127.0.0.1;port=3306;dbname=ls_ssl_com;charset=utf8
[2022-09-02T22:15:41+08:00][sql] SELECT * FROM `gxfc_website` WHERE  `site_id` = 0 LIMIT 1 [ RunTime:0.000692s ]
[2022-09-02T22:15:41+08:00][sql] CONNECT:[ UseTime:0.000337s ] mysql:host=127.0.0.1;port=3306;dbname=ls_ssl_com;charset=utf8
[2022-09-02T22:15:41+08:00][sql] SELECT SUM(order_total) as order_total,SUM(shipping_total) as shipping_total,SUM(refund_total) as refund_total,SUM(order_pay_count) as order_pay_count,SUM(goods_pay_count) as goods_pay_count,SUM(shop_money) as shop_money,SUM(platform_money) as platform_money,SUM(collect_shop) as collect_shop,SUM(collect_goods) as collect_goods,SUM(visit_count) as visit_count,SUM(order_count) as order_count,SUM(goods_count) as goods_count,SUM(add_goods_count) as add_goods_count,SUM(member_count) as member_count FROM `gxfc_stat_shop` WHERE  `site_id` = 0  AND `day_time` >= 1662048000 LIMIT 1 [ RunTime:0.000495s ]
[2022-09-02T22:15:41+08:00][sql] CONNECT:[ UseTime:0.000321s ] mysql:host=127.0.0.1;port=3306;dbname=ls_ssl_com;charset=utf8
[2022-09-02T22:15:41+08:00][sql] SELECT `id`,`site_id`,`year`,`month`,`day`,`order_total`,`shipping_total`,`refund_total`,`order_pay_count`,`goods_pay_count`,`shop_money`,`platform_money`,`create_time`,`modify_time`,`collect_shop`,`collect_goods`,`visit_count`,`order_count`,`goods_count`,`add_goods_count`,`day_time`,`member_count` FROM `gxfc_stat_shop` WHERE  `site_id` = 0  AND `day_time` >= 1661529600 [ RunTime:0.000717s ]
[2022-09-02T22:16:39+08:00][sql] CONNECT:[ UseTime:0.000361s ] mysql:host=127.0.0.1;port=3306;dbname=ls_ssl_com;charset=utf8
[2022-09-02T22:16:39+08:00][sql] SELECT `site_id`,`app_module`,`config_key`,`value`,`config_desc`,`is_use`,`create_time`,`modify_time` FROM `gxfc_config` WHERE  `site_id` = 0  AND `app_module` = 'admin'  AND `config_key` = 'UPLOAD_CONFIG' LIMIT 1 [ RunTime:0.000490s ]
[2022-09-02T22:16:39+08:00][sql] SELECT `site_id`,`app_module`,`config_key`,`value`,`config_desc`,`is_use`,`create_time`,`modify_time` FROM `gxfc_config` WHERE  `site_id` = 0  AND `app_module` = 'admin'  AND `config_key` = 'ALIOSS_CONFIG' LIMIT 1 [ RunTime:0.000505s ]
[2022-09-02T22:16:39+08:00][sql] SELECT `site_id`,`app_module`,`config_key`,`value`,`config_desc`,`is_use`,`create_time`,`modify_time` FROM `gxfc_config` WHERE  `site_id` = 0  AND `app_module` = 'admin'  AND `config_key` = 'QINIU_CONFIG' LIMIT 1 [ RunTime:0.000379s ]
[2022-09-02T22:17:17+08:00][sql] CONNECT:[ UseTime:0.000360s ] mysql:host=127.0.0.1;port=3306;dbname=ls_ssl_com;charset=utf8
[2022-09-02T22:17:17+08:00][sql] SELECT COUNT(*) AS think_count FROM `gxfc_website` WHERE  `site_id` = 0 [ RunTime:0.000296s ]
[2022-09-02T22:17:17+08:00][sql] UPDATE `gxfc_website`  SET `title` = '赞有情' , `logo` = 'upload/common/images/20220902/20220902101655166212821558384.jpg' , `desc` = '' , `keywords` = '' , `web_address` = '' , `web_qrcode` = '' , `web_email` = '' , `web_phone` = '400-886-7993' , `web_qq` = '' , `web_weixin` = '' , `web_status` = 1 , `wap_status` = 1 , `close_reason` = '' , `site_id` = 0 , `wap_domain` = '' , `web_domain` = '' , `modify_time` = 1662128237  WHERE  `site_id` = 0 [ RunTime:0.003754s ]
[2022-09-02T22:17:17+08:00][sql] CONNECT:[ UseTime:0.000352s ] mysql:host=127.0.0.1;port=3306;dbname=ls_ssl_com;charset=utf8
[2022-09-02T22:17:17+08:00][sql] SELECT `title`,`logo`,`desc`,`keywords`,`web_status`,`close_reason` FROM `gxfc_website` WHERE  `site_id` = 0 LIMIT 1 [ RunTime:0.000314s ]
[2022-09-02T22:17:17+08:00][sql] SELECT * FROM `gxfc_website` WHERE  `site_id` = 0 LIMIT 1 [ RunTime:0.000488s ]
[2022-09-02T22:25:45+08:00][sql] CONNECT:[ UseTime:0.000353s ] mysql:host=127.0.0.1;port=3306;dbname=ls_ssl_com;charset=utf8
[2022-09-02T22:25:45+08:00][sql] SELECT COUNT(*) AS think_count FROM `gxfc_website` WHERE  `site_id` = 0 [ RunTime:0.000302s ]
[2022-09-02T22:25:45+08:00][sql] UPDATE `gxfc_website`  SET `title` = '赞有情' , `logo` = 'upload/common/images/20220902/20220902101655166212821558384.jpg' , `desc` = '赞有情在党的领导下致力于：让退役军人成为全社会尊重的人！
' , `keywords` = '退役军人,优抚,优待,尊重的人,老兵,战友,创业,就业,优先,赞有情,战友情' , `web_address` = '' , `web_qrcode` = '' , `web_email` = '' , `web_phone` = '400-886-7993' , `web_qq` = '' , `web_weixin` = '' , `web_status` = 1 , `wap_status` = 1 , `close_reason` = '' , `site_id` = 0 , `wap_domain` = '' , `web_domain` = '' , `modify_time` = 1662128745  WHERE  `site_id` = 0 [ RunTime:0.005233s ]
[2022-09-02T22:25:45+08:00][sql] CONNECT:[ UseTime:0.000402s ] mysql:host=127.0.0.1;port=3306;dbname=ls_ssl_com;charset=utf8
[2022-09-02T22:25:45+08:00][sql] SELECT `title`,`logo`,`desc`,`keywords`,`web_status`,`close_reason` FROM `gxfc_website` WHERE  `site_id` = 0 LIMIT 1 [ RunTime:0.000373s ]
[2022-09-02T22:25:45+08:00][sql] SELECT * FROM `gxfc_website` WHERE  `site_id` = 0 LIMIT 1 [ RunTime:0.000514s ]
[2022-09-02T22:29:44+08:00][sql] CONNECT:[ UseTime:0.000362s ] mysql:host=127.0.0.1;port=3306;dbname=ls_ssl_com;charset=utf8
[2022-09-02T22:29:44+08:00][sql] SELECT COUNT(*) AS think_count FROM `gxfc_goods` WHERE  `verify_state` = 0  AND `is_delete` = 0 [ RunTime:0.000389s ]
[2022-09-02T22:29:44+08:00][sql] SELECT COUNT(*) AS think_count FROM `gxfc_goods` WHERE  `verify_state` = -2  AND `is_delete` = 0 [ RunTime:0.000298s ]
[2022-09-02T22:29:44+08:00][sql] SELECT COUNT(*) AS think_count FROM `gxfc_goods` WHERE  `verify_state` = 10  AND `is_delete` = 0 [ RunTime:0.000294s ]
[2022-09-02T22:29:44+08:00][sql] CONNECT:[ UseTime:0.000397s ] mysql:host=127.0.0.1;port=3306;dbname=ls_ssl_com;charset=utf8
[2022-09-02T22:29:44+08:00][sql] SELECT COUNT(*) AS think_count FROM `gxfc_goods` `` WHERE  `is_delete` = 0 ORDER BY `create_time` DESC [ RunTime:0.000344s ]
[2022-09-02T22:29:44+08:00][sql] SELECT `goods_id`,`goods_name`,`site_id`,`site_name`,`goods_image`,`is_own`,`goods_state`,`verify_state`,`price`,`goods_stock`,`goods_stock_alarm`,`create_time`,`sale_num`,`is_virtual`,`goods_class`,`is_fenxiao`,`fenxiao_type`,`sku_id`,`max_buy`,`min_buy`,`promotion_addon`,`sort` FROM `gxfc_goods` `` WHERE  `is_delete` = 0 ORDER BY `create_time` DESC LIMIT 0,10 [ RunTime:0.000396s ]
