[2022-09-08T17:21:36+08:00][sql] CONNECT:[ UseTime:0.000368s ] mysql:host=127.0.0.1;port=3306;dbname=ls_ssl_com;charset=utf8
[2022-09-08T17:21:36+08:00][sql] SELECT `uid`,`app_module`,`app_group`,`is_admin`,`site_id`,`group_id`,`group_name`,`username`,`password`,`member_id`,`create_time`,`update_time`,`status`,`login_time`,`login_ip` FROM `gxfc_user` WHERE  `username` = 'admin'  AND `app_module` = 'admin' LIMIT 1 [ RunTime:0.000459s ]
[2022-09-08T17:21:37+08:00][sql] UPDATE `gxfc_user`  SET `login_time` = 1662628896 , `login_ip` = '171.113.166.153'  WHERE  `uid` = 1 [ RunTime:0.005986s ]
[2022-09-08T17:21:37+08:00][sql] INSERT INTO `gxfc_user_log` SET `uid` = 1 , `username` = 'admin' , `site_id` = 0 , `url` = 'admin/Login/login' , `ip` = '171.113.166.153' , `data` = '[]' , `action_name` = '用户登录' , `create_time` = 1662628897 [ RunTime:0.003437s ]
[2022-09-08T17:21:37+08:00][sql] CONNECT:[ UseTime:0.000370s ] mysql:host=127.0.0.1;port=3306;dbname=ls_ssl_com;charset=utf8
[2022-09-08T17:21:37+08:00][sql] SELECT `title`,`logo`,`desc`,`keywords`,`web_status`,`close_reason` FROM `gxfc_website` WHERE  `site_id` = 0 LIMIT 1 [ RunTime:0.000343s ]
[2022-09-08T17:21:37+08:00][sql] SELECT `id`,`site_id`,`year`,`month`,`day`,`order_total`,`shipping_total`,`refund_total`,`order_pay_count`,`goods_pay_count`,`shop_money`,`platform_money`,`create_time`,`modify_time`,`collect_shop`,`collect_goods`,`visit_count`,`order_count`,`goods_count`,`add_goods_count`,`day_time`,`member_count` FROM `gxfc_stat_shop` WHERE  `site_id` = 0  AND `year` = 2022  AND `month` = 9  AND `day` = 8 LIMIT 1 [ RunTime:0.000417s ]
[2022-09-08T17:21:37+08:00][sql] INSERT INTO `gxfc_stat_shop` SET `site_id` = 0 , `year` = 2022 , `month` = 9 , `day` = 8 , `day_time` = 1662566400 [ RunTime:0.004803s ]
[2022-09-08T17:21:37+08:00][sql] SELECT `id`,`site_id`,`year`,`month`,`day`,`order_total`,`shipping_total`,`refund_total`,`order_pay_count`,`goods_pay_count`,`shop_money`,`platform_money`,`create_time`,`modify_time`,`collect_shop`,`collect_goods`,`visit_count`,`order_count`,`goods_count`,`add_goods_count`,`day_time`,`member_count` FROM `gxfc_stat_shop` WHERE  `site_id` = 0  AND `year` = 2022  AND `month` = 9  AND `day` = 8  AND `day_time` = 1662566400 LIMIT 1 [ RunTime:0.000323s ]
[2022-09-08T17:21:37+08:00][sql] SELECT `id`,`site_id`,`year`,`month`,`day`,`order_total`,`shipping_total`,`refund_total`,`order_pay_count`,`goods_pay_count`,`shop_money`,`platform_money`,`create_time`,`modify_time`,`collect_shop`,`collect_goods`,`visit_count`,`order_count`,`goods_count`,`add_goods_count`,`day_time`,`member_count` FROM `gxfc_stat_shop` WHERE  `site_id` = 0  AND `year` = 2022  AND `month` = 9  AND `day` = 8 LIMIT 1 [ RunTime:0.000272s ]
[2022-09-08T17:21:37+08:00][sql] SELECT `id`,`site_id`,`year`,`month`,`day`,`order_total`,`shipping_total`,`refund_total`,`order_pay_count`,`goods_pay_count`,`shop_money`,`platform_money`,`create_time`,`modify_time`,`collect_shop`,`collect_goods`,`visit_count`,`order_count`,`goods_count`,`add_goods_count`,`day_time`,`member_count` FROM `gxfc_stat_shop` WHERE  `site_id` = 0  AND `year` = 2022  AND `month` = 9  AND `day` = 7 LIMIT 1 [ RunTime:0.000263s ]
[2022-09-08T17:21:37+08:00][sql] SELECT `id`,`site_id`,`year`,`month`,`day`,`order_total`,`shipping_total`,`refund_total`,`order_pay_count`,`goods_pay_count`,`shop_money`,`platform_money`,`create_time`,`modify_time`,`collect_shop`,`collect_goods`,`visit_count`,`order_count`,`goods_count`,`add_goods_count`,`day_time`,`member_count` FROM `gxfc_stat_shop` WHERE  `site_id` = 0  AND `year` = 2022  AND `month` = 08  AND `day` = 30 LIMIT 1 [ RunTime:0.000315s ]
[2022-09-08T17:21:37+08:00][sql] SELECT `id`,`site_id`,`year`,`month`,`day`,`order_total`,`shipping_total`,`refund_total`,`order_pay_count`,`goods_pay_count`,`shop_money`,`platform_money`,`create_time`,`modify_time`,`collect_shop`,`collect_goods`,`visit_count`,`order_count`,`goods_count`,`add_goods_count`,`day_time`,`member_count` FROM `gxfc_stat_shop` WHERE  `site_id` = 0  AND `year` = 2022  AND `month` = 08  AND `day` = 31 LIMIT 1 [ RunTime:0.000300s ]
[2022-09-08T17:21:37+08:00][sql] SELECT `id`,`site_id`,`year`,`month`,`day`,`order_total`,`shipping_total`,`refund_total`,`order_pay_count`,`goods_pay_count`,`shop_money`,`platform_money`,`create_time`,`modify_time`,`collect_shop`,`collect_goods`,`visit_count`,`order_count`,`goods_count`,`add_goods_count`,`day_time`,`member_count` FROM `gxfc_stat_shop` WHERE  `site_id` = 0  AND `year` = 2022  AND `month` = 09  AND `day` = 01 LIMIT 1 [ RunTime:0.000288s ]
[2022-09-08T17:21:37+08:00][sql] SELECT `id`,`site_id`,`year`,`month`,`day`,`order_total`,`shipping_total`,`refund_total`,`order_pay_count`,`goods_pay_count`,`shop_money`,`platform_money`,`create_time`,`modify_time`,`collect_shop`,`collect_goods`,`visit_count`,`order_count`,`goods_count`,`add_goods_count`,`day_time`,`member_count` FROM `gxfc_stat_shop` WHERE  `site_id` = 0  AND `year` = 2022  AND `month` = 09  AND `day` = 02 LIMIT 1 [ RunTime:0.000295s ]
[2022-09-08T17:21:37+08:00][sql] SELECT `id`,`site_id`,`year`,`month`,`day`,`order_total`,`shipping_total`,`refund_total`,`order_pay_count`,`goods_pay_count`,`shop_money`,`platform_money`,`create_time`,`modify_time`,`collect_shop`,`collect_goods`,`visit_count`,`order_count`,`goods_count`,`add_goods_count`,`day_time`,`member_count` FROM `gxfc_stat_shop` WHERE  `site_id` = 0  AND `year` = 2022  AND `month` = 09  AND `day` = 03 LIMIT 1 [ RunTime:0.000279s ]
[2022-09-08T17:21:37+08:00][sql] SELECT `id`,`site_id`,`year`,`month`,`day`,`order_total`,`shipping_total`,`refund_total`,`order_pay_count`,`goods_pay_count`,`shop_money`,`platform_money`,`create_time`,`modify_time`,`collect_shop`,`collect_goods`,`visit_count`,`order_count`,`goods_count`,`add_goods_count`,`day_time`,`member_count` FROM `gxfc_stat_shop` WHERE  `site_id` = 0  AND `year` = 2022  AND `month` = 09  AND `day` = 04 LIMIT 1 [ RunTime:0.000328s ]
[2022-09-08T17:21:37+08:00][sql] SELECT `id`,`site_id`,`year`,`month`,`day`,`order_total`,`shipping_total`,`refund_total`,`order_pay_count`,`goods_pay_count`,`shop_money`,`platform_money`,`create_time`,`modify_time`,`collect_shop`,`collect_goods`,`visit_count`,`order_count`,`goods_count`,`add_goods_count`,`day_time`,`member_count` FROM `gxfc_stat_shop` WHERE  `site_id` = 0  AND `year` = 2022  AND `month` = 09  AND `day` = 05 LIMIT 1 [ RunTime:0.000281s ]
[2022-09-08T17:21:37+08:00][sql] SELECT `id`,`site_id`,`year`,`month`,`day`,`order_total`,`shipping_total`,`refund_total`,`order_pay_count`,`goods_pay_count`,`shop_money`,`platform_money`,`create_time`,`modify_time`,`collect_shop`,`collect_goods`,`visit_count`,`order_count`,`goods_count`,`add_goods_count`,`day_time`,`member_count` FROM `gxfc_stat_shop` WHERE  `site_id` = 0  AND `year` = 2022  AND `month` = 09  AND `day` = 06 LIMIT 1 [ RunTime:0.000281s ]
[2022-09-08T17:21:37+08:00][sql] SELECT `id`,`site_id`,`year`,`month`,`day`,`order_total`,`shipping_total`,`refund_total`,`order_pay_count`,`goods_pay_count`,`shop_money`,`platform_money`,`create_time`,`modify_time`,`collect_shop`,`collect_goods`,`visit_count`,`order_count`,`goods_count`,`add_goods_count`,`day_time`,`member_count` FROM `gxfc_stat_shop` WHERE  `site_id` = 0  AND `year` = 2022  AND `month` = 09  AND `day` = 07 LIMIT 1 [ RunTime:0.000276s ]
[2022-09-08T17:21:37+08:00][sql] SELECT `id`,`site_id`,`year`,`month`,`day`,`order_total`,`shipping_total`,`refund_total`,`order_pay_count`,`goods_pay_count`,`shop_money`,`platform_money`,`create_time`,`modify_time`,`collect_shop`,`collect_goods`,`visit_count`,`order_count`,`goods_count`,`add_goods_count`,`day_time`,`member_count` FROM `gxfc_stat_shop` WHERE  `site_id` = 0  AND `year` = 2022  AND `month` = 09  AND `day` = 08 LIMIT 1 [ RunTime:0.000268s ]
[2022-09-08T17:21:37+08:00][sql] SELECT COUNT(*) AS think_count FROM `gxfc_order` WHERE  `order_status` = 0  AND `is_delete` = 0 [ RunTime:0.000247s ]
[2022-09-08T17:21:37+08:00][sql] SELECT COUNT(*) AS think_count FROM `gxfc_order` WHERE  `order_status` = 1  AND `is_delete` = 0 [ RunTime:0.000226s ]
[2022-09-08T17:21:37+08:00][sql] SELECT COUNT(*) AS think_count FROM `gxfc_order_goods` WHERE  `refund_status` NOT IN (0,3) [ RunTime:0.000255s ]
[2022-09-08T17:21:37+08:00][sql] SELECT COUNT(*) AS think_count FROM `gxfc_goods` WHERE  `goods_state` = 1  AND `is_delete` = 0 [ RunTime:0.000237s ]
[2022-09-08T17:21:37+08:00][sql] SELECT COUNT(*) AS think_count FROM `gxfc_goods` WHERE  `goods_state` = 0  AND `is_delete` = 0 [ RunTime:0.000218s ]
[2022-09-08T17:21:37+08:00][sql] SELECT COUNT(`id`) AS think_count FROM `gxfc_fenxiao_withdraw` WHERE  `status` = 1 [ RunTime:0.000200s ]
[2022-09-08T17:21:37+08:00][sql] SELECT COUNT(`apply_id`) AS think_count FROM `gxfc_fenxiao_apply` WHERE  `status` = 1 [ RunTime:0.000195s ]
[2022-09-08T17:21:37+08:00][sql] SELECT COUNT(*) AS think_count FROM `gxfc_order_complain` WHERE  `complain_status` = 1 [ RunTime:0.000203s ]
[2022-09-08T17:21:37+08:00][sql] SELECT SUM(`order_money`) AS think_sum FROM `gxfc_order` [ RunTime:0.000192s ]
[2022-09-08T17:21:37+08:00][sql] SELECT COUNT(*) AS think_count FROM `gxfc_member` [ RunTime:0.000190s ]
[2022-09-08T17:21:37+08:00][sql] SELECT COUNT(*) AS think_count FROM `gxfc_shop_apply` WHERE  `create_time` BETWEEN 1662566400 AND 1662652799 [ RunTime:0.000204s ]
[2022-09-08T17:21:37+08:00][sql] SELECT COUNT(*) AS think_count FROM `gxfc_shop_apply` WHERE  `create_time` BETWEEN 1662480000 AND 1662566399 [ RunTime:0.000206s ]
[2022-09-08T17:21:37+08:00][sql] SELECT COUNT(*) AS think_count FROM `gxfc_shop` WHERE  `create_time` BETWEEN 1662566400 AND 1662652799 [ RunTime:0.000237s ]
[2022-09-08T17:21:37+08:00][sql] SELECT COUNT(*) AS think_count FROM `gxfc_shop` [ RunTime:0.000166s ]
[2022-09-08T17:21:37+08:00][sql] SELECT COUNT(*) AS think_count FROM `gxfc_goods` [ RunTime:0.000165s ]
[2022-09-08T17:21:40+08:00][sql] CONNECT:[ UseTime:0.000359s ] mysql:host=127.0.0.1;port=3306;dbname=ls_ssl_com;charset=utf8
[2022-09-08T17:21:40+08:00][sql] SELECT `group_id` FROM `gxfc_shop` WHERE  `site_id` = 0 LIMIT 1 [ RunTime:0.000332s ]
[2022-09-08T17:21:40+08:00][sql] SELECT `addon_array` FROM `gxfc_shop_group` WHERE  `group_id` IS NULL LIMIT 1 [ RunTime:0.000209s ]
[2022-09-08T17:21:40+08:00][sql] SELECT `id`,`name`,`title`,`type`,`controller`,`value`,`addon_name`,`support_diy_view`,`max_count`,`is_delete`,`icon`,`icon_selected` FROM `gxfc_diy_view_util` WHERE  (`support_diy_view` LIKE 'DIY_VIEW_INDEX' OR `support_diy_view` LIKE '%DIY_VIEW_INDEX,%' OR `support_diy_view` LIKE '%DIY_VIEW_INDEX' OR `support_diy_view` LIKE '%,DIY_VIEW_INDEX,%' OR `support_diy_view` LIKE '') ORDER BY `sort` ASC [ RunTime:0.000397s ]
[2022-09-08T17:21:40+08:00][sql] SELECT `site_id`,`name` FROM `gxfc_site_diy_view` WHERE  `site_id` = 0  AND `name` = 'DIY_VIEW_INDEX' LIMIT 1 [ RunTime:0.000251s ]
[2022-09-08T17:21:40+08:00][sql] SELECT `sdv`.`id`,`sdv`.`site_id`,`sdv`.`name`,`sdv`.`title`,`sdv`.`value`,`sdv`.`type`,`dvt`.`addon_name` FROM `gxfc_site_diy_view` `sdv` LEFT JOIN `gxfc_diy_view_temp` `dvt` ON `sdv`.`name`=`dvt`.`name` WHERE  `sdv`.`site_id` = 0  AND `sdv`.`name` = 'DIY_VIEW_INDEX' LIMIT 1 [ RunTime:0.000447s ]
[2022-09-08T17:26:45+08:00][sql] CONNECT:[ UseTime:0.000355s ] mysql:host=127.0.0.1;port=3306;dbname=ls_ssl_com;charset=utf8
[2022-09-08T17:26:45+08:00][sql] SELECT `group_id` FROM `gxfc_shop` WHERE  `site_id` = 0 LIMIT 1 [ RunTime:0.000283s ]
[2022-09-08T17:26:45+08:00][sql] SELECT `addon_array` FROM `gxfc_shop_group` WHERE  `group_id` IS NULL LIMIT 1 [ RunTime:0.000201s ]
[2022-09-08T17:26:45+08:00][sql] SELECT `id`,`name`,`title`,`type`,`controller`,`value`,`addon_name`,`support_diy_view`,`max_count`,`is_delete`,`icon`,`icon_selected` FROM `gxfc_diy_view_util` WHERE  (`support_diy_view` LIKE 'DIY_VIEW_INDEX' OR `support_diy_view` LIKE '%DIY_VIEW_INDEX,%' OR `support_diy_view` LIKE '%DIY_VIEW_INDEX' OR `support_diy_view` LIKE '%,DIY_VIEW_INDEX,%' OR `support_diy_view` LIKE '') ORDER BY `sort` ASC [ RunTime:0.000432s ]
[2022-09-08T17:26:45+08:00][sql] SELECT `site_id`,`name` FROM `gxfc_site_diy_view` WHERE  `site_id` = 0  AND `name` = 'DIY_VIEW_INDEX' LIMIT 1 [ RunTime:0.000246s ]
[2022-09-08T17:26:46+08:00][sql] SELECT `sdv`.`id`,`sdv`.`site_id`,`sdv`.`name`,`sdv`.`title`,`sdv`.`value`,`sdv`.`type`,`dvt`.`addon_name` FROM `gxfc_site_diy_view` `sdv` LEFT JOIN `gxfc_diy_view_temp` `dvt` ON `sdv`.`name`=`dvt`.`name` WHERE  `sdv`.`site_id` = 0  AND `sdv`.`name` = 'DIY_VIEW_INDEX' LIMIT 1 [ RunTime:0.000500s ]
