[2022-09-09T09:19:34+08:00][sql] CONNECT:[ UseTime:0.000393s ] mysql:host=127.0.0.1;port=3306;dbname=ls_ssl_com;charset=utf8
[2022-09-09T09:19:34+08:00][sql] SELECT `uid`,`app_module`,`app_group`,`is_admin`,`site_id`,`group_id`,`group_name`,`username`,`password`,`member_id`,`create_time`,`update_time`,`status`,`login_time`,`login_ip` FROM `gxfc_user` WHERE  `username` = 'admin'  AND `app_module` = 'admin' LIMIT 1 [ RunTime:0.000520s ]
[2022-09-09T09:19:34+08:00][sql] UPDATE `gxfc_user`  SET `login_time` = 1662686374 , `login_ip` = '171.113.164.5'  WHERE  `uid` = 1 [ RunTime:0.004855s ]
[2022-09-09T09:19:34+08:00][sql] INSERT INTO `gxfc_user_log` SET `uid` = 1 , `username` = 'admin' , `site_id` = 0 , `url` = 'admin/Login/login' , `ip` = '171.113.164.5' , `data` = '[]' , `action_name` = '用户登录' , `create_time` = 1662686374 [ RunTime:0.003580s ]
[2022-09-09T09:19:35+08:00][sql] CONNECT:[ UseTime:0.000356s ] mysql:host=127.0.0.1;port=3306;dbname=ls_ssl_com;charset=utf8
[2022-09-09T09:19:35+08:00][sql] SELECT `title`,`logo`,`desc`,`keywords`,`web_status`,`close_reason` FROM `gxfc_website` WHERE  `site_id` = 0 LIMIT 1 [ RunTime:0.000339s ]
[2022-09-09T09:19:35+08:00][sql] SELECT `id`,`site_id`,`year`,`month`,`day`,`order_total`,`shipping_total`,`refund_total`,`order_pay_count`,`goods_pay_count`,`shop_money`,`platform_money`,`create_time`,`modify_time`,`collect_shop`,`collect_goods`,`visit_count`,`order_count`,`goods_count`,`add_goods_count`,`day_time`,`member_count` FROM `gxfc_stat_shop` WHERE  `site_id` = 0  AND `year` = 2022  AND `month` = 9  AND `day` = 9 LIMIT 1 [ RunTime:0.000478s ]
[2022-09-09T09:19:35+08:00][sql] INSERT INTO `gxfc_stat_shop` SET `site_id` = 0 , `year` = 2022 , `month` = 9 , `day` = 9 , `day_time` = 1662652800 [ RunTime:0.005221s ]
[2022-09-09T09:19:35+08:00][sql] SELECT `id`,`site_id`,`year`,`month`,`day`,`order_total`,`shipping_total`,`refund_total`,`order_pay_count`,`goods_pay_count`,`shop_money`,`platform_money`,`create_time`,`modify_time`,`collect_shop`,`collect_goods`,`visit_count`,`order_count`,`goods_count`,`add_goods_count`,`day_time`,`member_count` FROM `gxfc_stat_shop` WHERE  `site_id` = 0  AND `year` = 2022  AND `month` = 9  AND `day` = 9  AND `day_time` = 1662652800 LIMIT 1 [ RunTime:0.000385s ]
[2022-09-09T09:19:35+08:00][sql] SELECT `id`,`site_id`,`year`,`month`,`day`,`order_total`,`shipping_total`,`refund_total`,`order_pay_count`,`goods_pay_count`,`shop_money`,`platform_money`,`create_time`,`modify_time`,`collect_shop`,`collect_goods`,`visit_count`,`order_count`,`goods_count`,`add_goods_count`,`day_time`,`member_count` FROM `gxfc_stat_shop` WHERE  `site_id` = 0  AND `year` = 2022  AND `month` = 9  AND `day` = 9 LIMIT 1 [ RunTime:0.000376s ]
[2022-09-09T09:19:35+08:00][sql] SELECT `id`,`site_id`,`year`,`month`,`day`,`order_total`,`shipping_total`,`refund_total`,`order_pay_count`,`goods_pay_count`,`shop_money`,`platform_money`,`create_time`,`modify_time`,`collect_shop`,`collect_goods`,`visit_count`,`order_count`,`goods_count`,`add_goods_count`,`day_time`,`member_count` FROM `gxfc_stat_shop` WHERE  `site_id` = 0  AND `year` = 2022  AND `month` = 9  AND `day` = 8 LIMIT 1 [ RunTime:0.000373s ]
[2022-09-09T09:19:35+08:00][sql] SELECT `id`,`site_id`,`year`,`month`,`day`,`order_total`,`shipping_total`,`refund_total`,`order_pay_count`,`goods_pay_count`,`shop_money`,`platform_money`,`create_time`,`modify_time`,`collect_shop`,`collect_goods`,`visit_count`,`order_count`,`goods_count`,`add_goods_count`,`day_time`,`member_count` FROM `gxfc_stat_shop` WHERE  `site_id` = 0  AND `year` = 2022  AND `month` = 08  AND `day` = 31 LIMIT 1 [ RunTime:0.000399s ]
[2022-09-09T09:19:35+08:00][sql] SELECT `id`,`site_id`,`year`,`month`,`day`,`order_total`,`shipping_total`,`refund_total`,`order_pay_count`,`goods_pay_count`,`shop_money`,`platform_money`,`create_time`,`modify_time`,`collect_shop`,`collect_goods`,`visit_count`,`order_count`,`goods_count`,`add_goods_count`,`day_time`,`member_count` FROM `gxfc_stat_shop` WHERE  `site_id` = 0  AND `year` = 2022  AND `month` = 09  AND `day` = 01 LIMIT 1 [ RunTime:0.000310s ]
[2022-09-09T09:19:35+08:00][sql] SELECT `id`,`site_id`,`year`,`month`,`day`,`order_total`,`shipping_total`,`refund_total`,`order_pay_count`,`goods_pay_count`,`shop_money`,`platform_money`,`create_time`,`modify_time`,`collect_shop`,`collect_goods`,`visit_count`,`order_count`,`goods_count`,`add_goods_count`,`day_time`,`member_count` FROM `gxfc_stat_shop` WHERE  `site_id` = 0  AND `year` = 2022  AND `month` = 09  AND `day` = 02 LIMIT 1 [ RunTime:0.000367s ]
[2022-09-09T09:19:35+08:00][sql] SELECT `id`,`site_id`,`year`,`month`,`day`,`order_total`,`shipping_total`,`refund_total`,`order_pay_count`,`goods_pay_count`,`shop_money`,`platform_money`,`create_time`,`modify_time`,`collect_shop`,`collect_goods`,`visit_count`,`order_count`,`goods_count`,`add_goods_count`,`day_time`,`member_count` FROM `gxfc_stat_shop` WHERE  `site_id` = 0  AND `year` = 2022  AND `month` = 09  AND `day` = 03 LIMIT 1 [ RunTime:0.000428s ]
[2022-09-09T09:19:35+08:00][sql] SELECT `id`,`site_id`,`year`,`month`,`day`,`order_total`,`shipping_total`,`refund_total`,`order_pay_count`,`goods_pay_count`,`shop_money`,`platform_money`,`create_time`,`modify_time`,`collect_shop`,`collect_goods`,`visit_count`,`order_count`,`goods_count`,`add_goods_count`,`day_time`,`member_count` FROM `gxfc_stat_shop` WHERE  `site_id` = 0  AND `year` = 2022  AND `month` = 09  AND `day` = 04 LIMIT 1 [ RunTime:0.000344s ]
[2022-09-09T09:19:35+08:00][sql] SELECT `id`,`site_id`,`year`,`month`,`day`,`order_total`,`shipping_total`,`refund_total`,`order_pay_count`,`goods_pay_count`,`shop_money`,`platform_money`,`create_time`,`modify_time`,`collect_shop`,`collect_goods`,`visit_count`,`order_count`,`goods_count`,`add_goods_count`,`day_time`,`member_count` FROM `gxfc_stat_shop` WHERE  `site_id` = 0  AND `year` = 2022  AND `month` = 09  AND `day` = 05 LIMIT 1 [ RunTime:0.000327s ]
[2022-09-09T09:19:35+08:00][sql] SELECT `id`,`site_id`,`year`,`month`,`day`,`order_total`,`shipping_total`,`refund_total`,`order_pay_count`,`goods_pay_count`,`shop_money`,`platform_money`,`create_time`,`modify_time`,`collect_shop`,`collect_goods`,`visit_count`,`order_count`,`goods_count`,`add_goods_count`,`day_time`,`member_count` FROM `gxfc_stat_shop` WHERE  `site_id` = 0  AND `year` = 2022  AND `month` = 09  AND `day` = 06 LIMIT 1 [ RunTime:0.000361s ]
[2022-09-09T09:19:35+08:00][sql] SELECT `id`,`site_id`,`year`,`month`,`day`,`order_total`,`shipping_total`,`refund_total`,`order_pay_count`,`goods_pay_count`,`shop_money`,`platform_money`,`create_time`,`modify_time`,`collect_shop`,`collect_goods`,`visit_count`,`order_count`,`goods_count`,`add_goods_count`,`day_time`,`member_count` FROM `gxfc_stat_shop` WHERE  `site_id` = 0  AND `year` = 2022  AND `month` = 09  AND `day` = 07 LIMIT 1 [ RunTime:0.000274s ]
[2022-09-09T09:19:35+08:00][sql] SELECT `id`,`site_id`,`year`,`month`,`day`,`order_total`,`shipping_total`,`refund_total`,`order_pay_count`,`goods_pay_count`,`shop_money`,`platform_money`,`create_time`,`modify_time`,`collect_shop`,`collect_goods`,`visit_count`,`order_count`,`goods_count`,`add_goods_count`,`day_time`,`member_count` FROM `gxfc_stat_shop` WHERE  `site_id` = 0  AND `year` = 2022  AND `month` = 09  AND `day` = 08 LIMIT 1 [ RunTime:0.000347s ]
[2022-09-09T09:19:35+08:00][sql] SELECT `id`,`site_id`,`year`,`month`,`day`,`order_total`,`shipping_total`,`refund_total`,`order_pay_count`,`goods_pay_count`,`shop_money`,`platform_money`,`create_time`,`modify_time`,`collect_shop`,`collect_goods`,`visit_count`,`order_count`,`goods_count`,`add_goods_count`,`day_time`,`member_count` FROM `gxfc_stat_shop` WHERE  `site_id` = 0  AND `year` = 2022  AND `month` = 09  AND `day` = 09 LIMIT 1 [ RunTime:0.000342s ]
[2022-09-09T09:19:35+08:00][sql] SELECT COUNT(*) AS think_count FROM `gxfc_order` WHERE  `order_status` = 0  AND `is_delete` = 0 [ RunTime:0.000244s ]
[2022-09-09T09:19:35+08:00][sql] SELECT COUNT(*) AS think_count FROM `gxfc_order` WHERE  `order_status` = 1  AND `is_delete` = 0 [ RunTime:0.000217s ]
[2022-09-09T09:19:35+08:00][sql] SELECT COUNT(*) AS think_count FROM `gxfc_order_goods` WHERE  `refund_status` NOT IN (0,3) [ RunTime:0.000216s ]
[2022-09-09T09:19:35+08:00][sql] SELECT COUNT(*) AS think_count FROM `gxfc_goods` WHERE  `goods_state` = 1  AND `is_delete` = 0 [ RunTime:0.000226s ]
[2022-09-09T09:19:35+08:00][sql] SELECT COUNT(*) AS think_count FROM `gxfc_goods` WHERE  `goods_state` = 0  AND `is_delete` = 0 [ RunTime:0.000262s ]
[2022-09-09T09:19:35+08:00][sql] SELECT COUNT(`id`) AS think_count FROM `gxfc_fenxiao_withdraw` WHERE  `status` = 1 [ RunTime:0.000210s ]
[2022-09-09T09:19:35+08:00][sql] SELECT COUNT(`apply_id`) AS think_count FROM `gxfc_fenxiao_apply` WHERE  `status` = 1 [ RunTime:0.000208s ]
[2022-09-09T09:19:35+08:00][sql] SELECT COUNT(*) AS think_count FROM `gxfc_order_complain` WHERE  `complain_status` = 1 [ RunTime:0.000200s ]
[2022-09-09T09:19:35+08:00][sql] SELECT SUM(`order_money`) AS think_sum FROM `gxfc_order` [ RunTime:0.000196s ]
[2022-09-09T09:19:35+08:00][sql] SELECT COUNT(*) AS think_count FROM `gxfc_member` [ RunTime:0.000184s ]
[2022-09-09T09:19:35+08:00][sql] SELECT COUNT(*) AS think_count FROM `gxfc_shop_apply` WHERE  `create_time` BETWEEN 1662652800 AND 1662739199 [ RunTime:0.000218s ]
[2022-09-09T09:19:35+08:00][sql] SELECT COUNT(*) AS think_count FROM `gxfc_shop_apply` WHERE  `create_time` BETWEEN 1662566400 AND 1662652799 [ RunTime:0.000217s ]
[2022-09-09T09:19:35+08:00][sql] SELECT COUNT(*) AS think_count FROM `gxfc_shop` WHERE  `create_time` BETWEEN 1662652800 AND 1662739199 [ RunTime:0.000212s ]
[2022-09-09T09:19:35+08:00][sql] SELECT COUNT(*) AS think_count FROM `gxfc_shop` [ RunTime:0.000180s ]
[2022-09-09T09:19:35+08:00][sql] SELECT COUNT(*) AS think_count FROM `gxfc_goods` [ RunTime:0.000164s ]
[2022-09-09T09:19:37+08:00][sql] CONNECT:[ UseTime:0.000352s ] mysql:host=127.0.0.1;port=3306;dbname=ls_ssl_com;charset=utf8
[2022-09-09T09:19:37+08:00][sql] SELECT COUNT(*) AS think_count FROM `gxfc_order` `o` ORDER BY `o`.`create_time` DESC [ RunTime:0.000291s ]
[2022-09-09T09:19:37+08:00][sql] SELECT `o`.* FROM `gxfc_order` `o` ORDER BY `o`.`create_time` DESC LIMIT 0,10 [ RunTime:0.000645s ]
[2022-09-09T09:19:37+08:00][sql] SELECT * FROM `gxfc_order_goods` WHERE  `order_id` = 2 [ RunTime:0.000395s ]
[2022-09-09T09:19:37+08:00][sql] SELECT `nickname` FROM `gxfc_member` WHERE  `member_id` = 241 LIMIT 1 [ RunTime:0.000198s ]
[2022-09-09T09:19:37+08:00][sql] SELECT * FROM `gxfc_order_goods` WHERE  `order_id` = 1 [ RunTime:0.000383s ]
[2022-09-09T09:19:37+08:00][sql] SELECT `nickname` FROM `gxfc_member` WHERE  `member_id` = 252 LIMIT 1 [ RunTime:0.000174s ]
[2022-09-09T09:19:44+08:00][sql] CONNECT:[ UseTime:0.000357s ] mysql:host=127.0.0.1;port=3306;dbname=ls_ssl_com;charset=utf8
[2022-09-09T09:19:44+08:00][sql] SELECT COUNT(*) AS think_count FROM `gxfc_order` `o` WHERE  `o`.`order_status` = '0' ORDER BY `o`.`create_time` DESC [ RunTime:0.000415s ]
[2022-09-09T09:19:44+08:00][sql] SELECT `o`.* FROM `gxfc_order` `o` WHERE  `o`.`order_status` = '0' ORDER BY `o`.`create_time` DESC LIMIT 0,10 [ RunTime:0.000644s ]
[2022-09-09T09:19:45+08:00][sql] CONNECT:[ UseTime:0.000375s ] mysql:host=127.0.0.1;port=3306;dbname=ls_ssl_com;charset=utf8
[2022-09-09T09:19:45+08:00][sql] SELECT `id`,`app_module`,`name`,`title`,`parent`,`level`,`url`,`is_show`,`sort`,`desc`,`picture`,`is_icon`,`picture_select`,`is_control`,`addon` FROM `gxfc_menu` WHERE  `url` = 'admin/Refund/lists'  AND `app_module` = 'admin' ORDER BY `level` DESC LIMIT 1 [ RunTime:0.000477s ]
[2022-09-09T09:19:45+08:00][sql] SELECT `id`,`app_module`,`name`,`title`,`parent`,`level`,`url`,`is_show`,`sort`,`desc`,`picture`,`is_icon`,`picture_select`,`is_control`,`addon` FROM `gxfc_menu` WHERE  `name` = 'ORDER_REFUND'  AND `app_module` = 'admin' LIMIT 1 [ RunTime:0.000355s ]
[2022-09-09T09:19:46+08:00][sql] CONNECT:[ UseTime:0.000388s ] mysql:host=127.0.0.1;port=3306;dbname=ls_ssl_com;charset=utf8
[2022-09-09T09:19:46+08:00][sql] SELECT COUNT(*) AS think_count FROM `gxfc_order_goods` `nop` LEFT JOIN `gxfc_order` `no` ON `nop`.`order_id`=`no`.`order_id` WHERE  `nop`.`refund_status` <> 0 ORDER BY `nop`.`refund_action_time` DESC [ RunTime:0.000352s ]
[2022-09-09T09:19:46+08:00][sql] SELECT `nop`.*,`no`.`order_no`,`no`.`site_id`,`no`.`site_name` FROM `gxfc_order_goods` `nop` LEFT JOIN `gxfc_order` `no` ON `nop`.`order_id`=`no`.`order_id` WHERE  `nop`.`refund_status` <> 0 ORDER BY `nop`.`refund_action_time` DESC LIMIT 0,10 [ RunTime:0.000516s ]
[2022-09-09T09:19:46+08:00][sql] CONNECT:[ UseTime:0.000391s ] mysql:host=127.0.0.1;port=3306;dbname=ls_ssl_com;charset=utf8
[2022-09-09T09:19:46+08:00][sql] SELECT `id`,`app_module`,`name`,`title`,`parent`,`level`,`url`,`is_show`,`sort`,`desc`,`picture`,`is_icon`,`picture_select`,`is_control`,`addon` FROM `gxfc_menu` WHERE  `url` = 'admin/Complain/lists'  AND `app_module` = 'admin' ORDER BY `level` DESC LIMIT 1 [ RunTime:0.000506s ]
[2022-09-09T09:19:46+08:00][sql] SELECT `id`,`app_module`,`name`,`title`,`parent`,`level`,`url`,`is_show`,`sort`,`desc`,`picture`,`is_icon`,`picture_select`,`is_control`,`addon` FROM `gxfc_menu` WHERE  `name` = 'ORDER_COMPLAIN'  AND `app_module` = 'admin' LIMIT 1 [ RunTime:0.000300s ]
[2022-09-09T09:19:47+08:00][sql] CONNECT:[ UseTime:0.000341s ] mysql:host=127.0.0.1;port=3306;dbname=ls_ssl_com;charset=utf8
[2022-09-09T09:19:47+08:00][sql] SELECT COUNT(*) AS think_count FROM `gxfc_order_complain` `a` ORDER BY `complain_apply_time` DESC [ RunTime:0.000264s ]
[2022-09-09T09:19:47+08:00][sql] SELECT * FROM `gxfc_order_complain` `a` ORDER BY `complain_apply_time` DESC LIMIT 0,10 [ RunTime:0.000299s ]
[2022-09-09T09:19:48+08:00][sql] CONNECT:[ UseTime:0.000389s ] mysql:host=127.0.0.1;port=3306;dbname=ls_ssl_com;charset=utf8
[2022-09-09T09:19:48+08:00][sql] SELECT `group_id`,`is_own`,`group_name`,`fee`,`remark` FROM `gxfc_shop_group` WHERE  `is_own` = 0 ORDER BY `is_own` ASC,`fee` ASC [ RunTime:0.000345s ]
[2022-09-09T09:19:48+08:00][sql] SELECT `site_id`,`site_area_name` FROM `gxfc_website` [ RunTime:0.000216s ]
[2022-09-09T09:19:51+08:00][sql] CONNECT:[ UseTime:0.000343s ] mysql:host=127.0.0.1;port=3306;dbname=ls_ssl_com;charset=utf8
[2022-09-09T09:19:51+08:00][sql] SELECT COUNT(*) AS think_count FROM `gxfc_member` WHERE  `is_delete` = 0 [ RunTime:0.000344s ]
[2022-09-09T09:19:51+08:00][sql] SELECT COUNT(*) AS think_count FROM `gxfc_member` WHERE  `reg_time` BETWEEN 1662652800 AND 1662686391   AND `is_delete` = 0 [ RunTime:0.000282s ]
[2022-09-09T09:19:51+08:00][sql] SELECT COUNT(*) AS think_count FROM `gxfc_member` WHERE  `order_money` > 0  AND `is_delete` = 0 [ RunTime:0.000251s ]
[2022-09-09T09:19:52+08:00][sql] CONNECT:[ UseTime:0.000339s ] mysql:host=127.0.0.1;port=3306;dbname=ls_ssl_com;charset=utf8
[2022-09-09T09:19:52+08:00][sql] SELECT COUNT(*) AS think_count FROM `gxfc_member` WHERE  `is_delete` = 0  AND `is_delete` = 0 [ RunTime:0.000292s ]
[2022-09-09T09:19:52+08:00][sql] SELECT COUNT(*) AS think_count FROM ( SELECT count(*) AS think_count FROM `gxfc_member` `nm` LEFT JOIN `gxfc_member_address` `nma` ON `nm`.`member_id`=`nma`.`member_id` WHERE  `nma`.`is_default` = 1  AND `nma`.`province_id` = 110000  AND `nm`.`is_delete` = 0  AND `is_delete` = 0 GROUP BY `nm`.`member_id` ) `_group_count_` [ RunTime:0.000419s ]
[2022-09-09T09:19:52+08:00][sql] SELECT COUNT(*) AS think_count FROM ( SELECT count(*) AS think_count FROM `gxfc_member` `nm` LEFT JOIN `gxfc_member_address` `nma` ON `nm`.`member_id`=`nma`.`member_id` WHERE  `nma`.`is_default` = 1  AND `nma`.`province_id` = 120000  AND `nm`.`is_delete` = 0  AND `is_delete` = 0 GROUP BY `nm`.`member_id` ) `_group_count_` [ RunTime:0.000292s ]
[2022-09-09T09:19:52+08:00][sql] SELECT COUNT(*) AS think_count FROM ( SELECT count(*) AS think_count FROM `gxfc_member` `nm` LEFT JOIN `gxfc_member_address` `nma` ON `nm`.`member_id`=`nma`.`member_id` WHERE  `nma`.`is_default` = 1  AND `nma`.`province_id` = 130000  AND `nm`.`is_delete` = 0  AND `is_delete` = 0 GROUP BY `nm`.`member_id` ) `_group_count_` [ RunTime:0.000271s ]
[2022-09-09T09:19:52+08:00][sql] SELECT COUNT(*) AS think_count FROM ( SELECT count(*) AS think_count FROM `gxfc_member` `nm` LEFT JOIN `gxfc_member_address` `nma` ON `nm`.`member_id`=`nma`.`member_id` WHERE  `nma`.`is_default` = 1  AND `nma`.`province_id` = 140000  AND `nm`.`is_delete` = 0  AND `is_delete` = 0 GROUP BY `nm`.`member_id` ) `_group_count_` [ RunTime:0.000275s ]
[2022-09-09T09:19:52+08:00][sql] SELECT COUNT(*) AS think_count FROM ( SELECT count(*) AS think_count FROM `gxfc_member` `nm` LEFT JOIN `gxfc_member_address` `nma` ON `nm`.`member_id`=`nma`.`member_id` WHERE  `nma`.`is_default` = 1  AND `nma`.`province_id` = 150000  AND `nm`.`is_delete` = 0  AND `is_delete` = 0 GROUP BY `nm`.`member_id` ) `_group_count_` [ RunTime:0.000271s ]
[2022-09-09T09:19:52+08:00][sql] SELECT COUNT(*) AS think_count FROM ( SELECT count(*) AS think_count FROM `gxfc_member` `nm` LEFT JOIN `gxfc_member_address` `nma` ON `nm`.`member_id`=`nma`.`member_id` WHERE  `nma`.`is_default` = 1  AND `nma`.`province_id` = 210000  AND `nm`.`is_delete` = 0  AND `is_delete` = 0 GROUP BY `nm`.`member_id` ) `_group_count_` [ RunTime:0.000260s ]
[2022-09-09T09:19:52+08:00][sql] SELECT COUNT(*) AS think_count FROM ( SELECT count(*) AS think_count FROM `gxfc_member` `nm` LEFT JOIN `gxfc_member_address` `nma` ON `nm`.`member_id`=`nma`.`member_id` WHERE  `nma`.`is_default` = 1  AND `nma`.`province_id` = 220000  AND `nm`.`is_delete` = 0  AND `is_delete` = 0 GROUP BY `nm`.`member_id` ) `_group_count_` [ RunTime:0.000315s ]
[2022-09-09T09:19:52+08:00][sql] SELECT COUNT(*) AS think_count FROM ( SELECT count(*) AS think_count FROM `gxfc_member` `nm` LEFT JOIN `gxfc_member_address` `nma` ON `nm`.`member_id`=`nma`.`member_id` WHERE  `nma`.`is_default` = 1  AND `nma`.`province_id` = 230000  AND `nm`.`is_delete` = 0  AND `is_delete` = 0 GROUP BY `nm`.`member_id` ) `_group_count_` [ RunTime:0.000293s ]
[2022-09-09T09:19:52+08:00][sql] SELECT COUNT(*) AS think_count FROM ( SELECT count(*) AS think_count FROM `gxfc_member` `nm` LEFT JOIN `gxfc_member_address` `nma` ON `nm`.`member_id`=`nma`.`member_id` WHERE  `nma`.`is_default` = 1  AND `nma`.`province_id` = 310000  AND `nm`.`is_delete` = 0  AND `is_delete` = 0 GROUP BY `nm`.`member_id` ) `_group_count_` [ RunTime:0.000257s ]
[2022-09-09T09:19:52+08:00][sql] SELECT COUNT(*) AS think_count FROM ( SELECT count(*) AS think_count FROM `gxfc_member` `nm` LEFT JOIN `gxfc_member_address` `nma` ON `nm`.`member_id`=`nma`.`member_id` WHERE  `nma`.`is_default` = 1  AND `nma`.`province_id` = 320000  AND `nm`.`is_delete` = 0  AND `is_delete` = 0 GROUP BY `nm`.`member_id` ) `_group_count_` [ RunTime:0.000275s ]
[2022-09-09T09:19:52+08:00][sql] SELECT COUNT(*) AS think_count FROM ( SELECT count(*) AS think_count FROM `gxfc_member` `nm` LEFT JOIN `gxfc_member_address` `nma` ON `nm`.`member_id`=`nma`.`member_id` WHERE  `nma`.`is_default` = 1  AND `nma`.`province_id` = 330000  AND `nm`.`is_delete` = 0  AND `is_delete` = 0 GROUP BY `nm`.`member_id` ) `_group_count_` [ RunTime:0.000255s ]
[2022-09-09T09:19:52+08:00][sql] SELECT COUNT(*) AS think_count FROM ( SELECT count(*) AS think_count FROM `gxfc_member` `nm` LEFT JOIN `gxfc_member_address` `nma` ON `nm`.`member_id`=`nma`.`member_id` WHERE  `nma`.`is_default` = 1  AND `nma`.`province_id` = 340000  AND `nm`.`is_delete` = 0  AND `is_delete` = 0 GROUP BY `nm`.`member_id` ) `_group_count_` [ RunTime:0.000256s ]
[2022-09-09T09:19:52+08:00][sql] SELECT COUNT(*) AS think_count FROM ( SELECT count(*) AS think_count FROM `gxfc_member` `nm` LEFT JOIN `gxfc_member_address` `nma` ON `nm`.`member_id`=`nma`.`member_id` WHERE  `nma`.`is_default` = 1  AND `nma`.`province_id` = 350000  AND `nm`.`is_delete` = 0  AND `is_delete` = 0 GROUP BY `nm`.`member_id` ) `_group_count_` [ RunTime:0.000286s ]
[2022-09-09T09:19:52+08:00][sql] SELECT COUNT(*) AS think_count FROM ( SELECT count(*) AS think_count FROM `gxfc_member` `nm` LEFT JOIN `gxfc_member_address` `nma` ON `nm`.`member_id`=`nma`.`member_id` WHERE  `nma`.`is_default` = 1  AND `nma`.`province_id` = 360000  AND `nm`.`is_delete` = 0  AND `is_delete` = 0 GROUP BY `nm`.`member_id` ) `_group_count_` [ RunTime:0.000258s ]
[2022-09-09T09:19:52+08:00][sql] SELECT COUNT(*) AS think_count FROM ( SELECT count(*) AS think_count FROM `gxfc_member` `nm` LEFT JOIN `gxfc_member_address` `nma` ON `nm`.`member_id`=`nma`.`member_id` WHERE  `nma`.`is_default` = 1  AND `nma`.`province_id` = 370000  AND `nm`.`is_delete` = 0  AND `is_delete` = 0 GROUP BY `nm`.`member_id` ) `_group_count_` [ RunTime:0.000313s ]
[2022-09-09T09:19:52+08:00][sql] SELECT COUNT(*) AS think_count FROM ( SELECT count(*) AS think_count FROM `gxfc_member` `nm` LEFT JOIN `gxfc_member_address` `nma` ON `nm`.`member_id`=`nma`.`member_id` WHERE  `nma`.`is_default` = 1  AND `nma`.`province_id` = 410000  AND `nm`.`is_delete` = 0  AND `is_delete` = 0 GROUP BY `nm`.`member_id` ) `_group_count_` [ RunTime:0.000308s ]
[2022-09-09T09:19:52+08:00][sql] SELECT COUNT(*) AS think_count FROM ( SELECT count(*) AS think_count FROM `gxfc_member` `nm` LEFT JOIN `gxfc_member_address` `nma` ON `nm`.`member_id`=`nma`.`member_id` WHERE  `nma`.`is_default` = 1  AND `nma`.`province_id` = 420000  AND `nm`.`is_delete` = 0  AND `is_delete` = 0 GROUP BY `nm`.`member_id` ) `_group_count_` [ RunTime:0.000324s ]
[2022-09-09T09:19:52+08:00][sql] SELECT COUNT(*) AS think_count FROM ( SELECT count(*) AS think_count FROM `gxfc_member` `nm` LEFT JOIN `gxfc_member_address` `nma` ON `nm`.`member_id`=`nma`.`member_id` WHERE  `nma`.`is_default` = 1  AND `nma`.`province_id` = 430000  AND `nm`.`is_delete` = 0  AND `is_delete` = 0 GROUP BY `nm`.`member_id` ) `_group_count_` [ RunTime:0.000308s ]
[2022-09-09T09:19:52+08:00][sql] SELECT COUNT(*) AS think_count FROM ( SELECT count(*) AS think_count FROM `gxfc_member` `nm` LEFT JOIN `gxfc_member_address` `nma` ON `nm`.`member_id`=`nma`.`member_id` WHERE  `nma`.`is_default` = 1  AND `nma`.`province_id` = 440000  AND `nm`.`is_delete` = 0  AND `is_delete` = 0 GROUP BY `nm`.`member_id` ) `_group_count_` [ RunTime:0.001129s ]
[2022-09-09T09:19:52+08:00][sql] SELECT COUNT(*) AS think_count FROM ( SELECT count(*) AS think_count FROM `gxfc_member` `nm` LEFT JOIN `gxfc_member_address` `nma` ON `nm`.`member_id`=`nma`.`member_id` WHERE  `nma`.`is_default` = 1  AND `nma`.`province_id` = 450000  AND `nm`.`is_delete` = 0  AND `is_delete` = 0 GROUP BY `nm`.`member_id` ) `_group_count_` [ RunTime:0.000303s ]
[2022-09-09T09:19:52+08:00][sql] SELECT COUNT(*) AS think_count FROM ( SELECT count(*) AS think_count FROM `gxfc_member` `nm` LEFT JOIN `gxfc_member_address` `nma` ON `nm`.`member_id`=`nma`.`member_id` WHERE  `nma`.`is_default` = 1  AND `nma`.`province_id` = 460000  AND `nm`.`is_delete` = 0  AND `is_delete` = 0 GROUP BY `nm`.`member_id` ) `_group_count_` [ RunTime:0.000312s ]
[2022-09-09T09:19:52+08:00][sql] SELECT COUNT(*) AS think_count FROM ( SELECT count(*) AS think_count FROM `gxfc_member` `nm` LEFT JOIN `gxfc_member_address` `nma` ON `nm`.`member_id`=`nma`.`member_id` WHERE  `nma`.`is_default` = 1  AND `nma`.`province_id` = 500000  AND `nm`.`is_delete` = 0  AND `is_delete` = 0 GROUP BY `nm`.`member_id` ) `_group_count_` [ RunTime:0.000291s ]
[2022-09-09T09:19:52+08:00][sql] SELECT COUNT(*) AS think_count FROM ( SELECT count(*) AS think_count FROM `gxfc_member` `nm` LEFT JOIN `gxfc_member_address` `nma` ON `nm`.`member_id`=`nma`.`member_id` WHERE  `nma`.`is_default` = 1  AND `nma`.`province_id` = 510000  AND `nm`.`is_delete` = 0  AND `is_delete` = 0 GROUP BY `nm`.`member_id` ) `_group_count_` [ RunTime:0.000682s ]
[2022-09-09T09:19:52+08:00][sql] SELECT COUNT(*) AS think_count FROM ( SELECT count(*) AS think_count FROM `gxfc_member` `nm` LEFT JOIN `gxfc_member_address` `nma` ON `nm`.`member_id`=`nma`.`member_id` WHERE  `nma`.`is_default` = 1  AND `nma`.`province_id` = 520000  AND `nm`.`is_delete` = 0  AND `is_delete` = 0 GROUP BY `nm`.`member_id` ) `_group_count_` [ RunTime:0.000292s ]
[2022-09-09T09:19:52+08:00][sql] SELECT COUNT(*) AS think_count FROM ( SELECT count(*) AS think_count FROM `gxfc_member` `nm` LEFT JOIN `gxfc_member_address` `nma` ON `nm`.`member_id`=`nma`.`member_id` WHERE  `nma`.`is_default` = 1  AND `nma`.`province_id` = 530000  AND `nm`.`is_delete` = 0  AND `is_delete` = 0 GROUP BY `nm`.`member_id` ) `_group_count_` [ RunTime:0.000296s ]
[2022-09-09T09:19:52+08:00][sql] SELECT COUNT(*) AS think_count FROM ( SELECT count(*) AS think_count FROM `gxfc_member` `nm` LEFT JOIN `gxfc_member_address` `nma` ON `nm`.`member_id`=`nma`.`member_id` WHERE  `nma`.`is_default` = 1  AND `nma`.`province_id` = 540000  AND `nm`.`is_delete` = 0  AND `is_delete` = 0 GROUP BY `nm`.`member_id` ) `_group_count_` [ RunTime:0.000286s ]
[2022-09-09T09:19:52+08:00][sql] SELECT COUNT(*) AS think_count FROM ( SELECT count(*) AS think_count FROM `gxfc_member` `nm` LEFT JOIN `gxfc_member_address` `nma` ON `nm`.`member_id`=`nma`.`member_id` WHERE  `nma`.`is_default` = 1  AND `nma`.`province_id` = 610000  AND `nm`.`is_delete` = 0  AND `is_delete` = 0 GROUP BY `nm`.`member_id` ) `_group_count_` [ RunTime:0.000295s ]
[2022-09-09T09:19:52+08:00][sql] SELECT COUNT(*) AS think_count FROM ( SELECT count(*) AS think_count FROM `gxfc_member` `nm` LEFT JOIN `gxfc_member_address` `nma` ON `nm`.`member_id`=`nma`.`member_id` WHERE  `nma`.`is_default` = 1  AND `nma`.`province_id` = 620000  AND `nm`.`is_delete` = 0  AND `is_delete` = 0 GROUP BY `nm`.`member_id` ) `_group_count_` [ RunTime:0.001036s ]
[2022-09-09T09:19:52+08:00][sql] SELECT COUNT(*) AS think_count FROM ( SELECT count(*) AS think_count FROM `gxfc_member` `nm` LEFT JOIN `gxfc_member_address` `nma` ON `nm`.`member_id`=`nma`.`member_id` WHERE  `nma`.`is_default` = 1  AND `nma`.`province_id` = 630000  AND `nm`.`is_delete` = 0  AND `is_delete` = 0 GROUP BY `nm`.`member_id` ) `_group_count_` [ RunTime:0.000335s ]
[2022-09-09T09:19:52+08:00][sql] SELECT COUNT(*) AS think_count FROM ( SELECT count(*) AS think_count FROM `gxfc_member` `nm` LEFT JOIN `gxfc_member_address` `nma` ON `nm`.`member_id`=`nma`.`member_id` WHERE  `nma`.`is_default` = 1  AND `nma`.`province_id` = 640000  AND `nm`.`is_delete` = 0  AND `is_delete` = 0 GROUP BY `nm`.`member_id` ) `_group_count_` [ RunTime:0.000335s ]
[2022-09-09T09:19:52+08:00][sql] SELECT COUNT(*) AS think_count FROM ( SELECT count(*) AS think_count FROM `gxfc_member` `nm` LEFT JOIN `gxfc_member_address` `nma` ON `nm`.`member_id`=`nma`.`member_id` WHERE  `nma`.`is_default` = 1  AND `nma`.`province_id` = 650000  AND `nm`.`is_delete` = 0  AND `is_delete` = 0 GROUP BY `nm`.`member_id` ) `_group_count_` [ RunTime:0.000409s ]
[2022-09-09T09:19:52+08:00][sql] SELECT COUNT(*) AS think_count FROM ( SELECT count(*) AS think_count FROM `gxfc_member` `nm` LEFT JOIN `gxfc_member_address` `nma` ON `nm`.`member_id`=`nma`.`member_id` WHERE  `nma`.`is_default` = 1  AND `nma`.`province_id` = 810000  AND `nm`.`is_delete` = 0  AND `is_delete` = 0 GROUP BY `nm`.`member_id` ) `_group_count_` [ RunTime:0.000284s ]
[2022-09-09T09:19:52+08:00][sql] SELECT COUNT(*) AS think_count FROM ( SELECT count(*) AS think_count FROM `gxfc_member` `nm` LEFT JOIN `gxfc_member_address` `nma` ON `nm`.`member_id`=`nma`.`member_id` WHERE  `nma`.`is_default` = 1  AND `nma`.`province_id` = 820000  AND `nm`.`is_delete` = 0  AND `is_delete` = 0 GROUP BY `nm`.`member_id` ) `_group_count_` [ RunTime:0.000387s ]
[2022-09-09T09:19:52+08:00][sql] SELECT COUNT(*) AS think_count FROM ( SELECT count(*) AS think_count FROM `gxfc_member` `nm` LEFT JOIN `gxfc_member_address` `nma` ON `nm`.`member_id`=`nma`.`member_id` WHERE  `nma`.`is_default` = 1  AND `nma`.`province_id` = 710000  AND `nm`.`is_delete` = 0  AND `is_delete` = 0 GROUP BY `nm`.`member_id` ) `_group_count_` [ RunTime:0.000391s ]
[2022-09-09T09:19:52+08:00][sql] CONNECT:[ UseTime:0.000324s ] mysql:host=127.0.0.1;port=3306;dbname=ls_ssl_com;charset=utf8
[2022-09-09T09:19:52+08:00][sql] SELECT COUNT(*) AS think_count FROM `gxfc_member` WHERE  `is_delete` = 0  AND `is_delete` = 0 [ RunTime:0.000331s ]
[2022-09-09T09:19:52+08:00][sql] SELECT COUNT(*) AS think_count FROM ( SELECT count(*) AS think_count FROM `gxfc_member` `nm` LEFT JOIN `gxfc_member_address` `nma` ON `nm`.`member_id`=`nma`.`member_id` WHERE  `nma`.`is_default` = 1  AND `nma`.`province_id` = 110000  AND `nm`.`is_delete` = 0  AND `is_delete` = 0 GROUP BY `nm`.`member_id` ) `_group_count_` [ RunTime:0.000323s ]
[2022-09-09T09:19:52+08:00][sql] SELECT COUNT(*) AS think_count FROM ( SELECT count(*) AS think_count FROM `gxfc_member` `nm` LEFT JOIN `gxfc_member_address` `nma` ON `nm`.`member_id`=`nma`.`member_id` WHERE  `nma`.`is_default` = 1  AND `nma`.`province_id` = 120000  AND `nm`.`is_delete` = 0  AND `is_delete` = 0 GROUP BY `nm`.`member_id` ) `_group_count_` [ RunTime:0.000382s ]
[2022-09-09T09:19:52+08:00][sql] SELECT COUNT(*) AS think_count FROM ( SELECT count(*) AS think_count FROM `gxfc_member` `nm` LEFT JOIN `gxfc_member_address` `nma` ON `nm`.`member_id`=`nma`.`member_id` WHERE  `nma`.`is_default` = 1  AND `nma`.`province_id` = 130000  AND `nm`.`is_delete` = 0  AND `is_delete` = 0 GROUP BY `nm`.`member_id` ) `_group_count_` [ RunTime:0.000316s ]
[2022-09-09T09:19:52+08:00][sql] SELECT COUNT(*) AS think_count FROM ( SELECT count(*) AS think_count FROM `gxfc_member` `nm` LEFT JOIN `gxfc_member_address` `nma` ON `nm`.`member_id`=`nma`.`member_id` WHERE  `nma`.`is_default` = 1  AND `nma`.`province_id` = 140000  AND `nm`.`is_delete` = 0  AND `is_delete` = 0 GROUP BY `nm`.`member_id` ) `_group_count_` [ RunTime:0.000290s ]
[2022-09-09T09:19:52+08:00][sql] SELECT COUNT(*) AS think_count FROM ( SELECT count(*) AS think_count FROM `gxfc_member` `nm` LEFT JOIN `gxfc_member_address` `nma` ON `nm`.`member_id`=`nma`.`member_id` WHERE  `nma`.`is_default` = 1  AND `nma`.`province_id` = 150000  AND `nm`.`is_delete` = 0  AND `is_delete` = 0 GROUP BY `nm`.`member_id` ) `_group_count_` [ RunTime:0.000272s ]
[2022-09-09T09:19:52+08:00][sql] SELECT COUNT(*) AS think_count FROM ( SELECT count(*) AS think_count FROM `gxfc_member` `nm` LEFT JOIN `gxfc_member_address` `nma` ON `nm`.`member_id`=`nma`.`member_id` WHERE  `nma`.`is_default` = 1  AND `nma`.`province_id` = 210000  AND `nm`.`is_delete` = 0  AND `is_delete` = 0 GROUP BY `nm`.`member_id` ) `_group_count_` [ RunTime:0.000328s ]
[2022-09-09T09:19:52+08:00][sql] SELECT COUNT(*) AS think_count FROM ( SELECT count(*) AS think_count FROM `gxfc_member` `nm` LEFT JOIN `gxfc_member_address` `nma` ON `nm`.`member_id`=`nma`.`member_id` WHERE  `nma`.`is_default` = 1  AND `nma`.`province_id` = 220000  AND `nm`.`is_delete` = 0  AND `is_delete` = 0 GROUP BY `nm`.`member_id` ) `_group_count_` [ RunTime:0.000276s ]
[2022-09-09T09:19:52+08:00][sql] SELECT COUNT(*) AS think_count FROM ( SELECT count(*) AS think_count FROM `gxfc_member` `nm` LEFT JOIN `gxfc_member_address` `nma` ON `nm`.`member_id`=`nma`.`member_id` WHERE  `nma`.`is_default` = 1  AND `nma`.`province_id` = 230000  AND `nm`.`is_delete` = 0  AND `is_delete` = 0 GROUP BY `nm`.`member_id` ) `_group_count_` [ RunTime:0.000309s ]
[2022-09-09T09:19:52+08:00][sql] SELECT COUNT(*) AS think_count FROM ( SELECT count(*) AS think_count FROM `gxfc_member` `nm` LEFT JOIN `gxfc_member_address` `nma` ON `nm`.`member_id`=`nma`.`member_id` WHERE  `nma`.`is_default` = 1  AND `nma`.`province_id` = 310000  AND `nm`.`is_delete` = 0  AND `is_delete` = 0 GROUP BY `nm`.`member_id` ) `_group_count_` [ RunTime:0.000278s ]
[2022-09-09T09:19:52+08:00][sql] SELECT COUNT(*) AS think_count FROM ( SELECT count(*) AS think_count FROM `gxfc_member` `nm` LEFT JOIN `gxfc_member_address` `nma` ON `nm`.`member_id`=`nma`.`member_id` WHERE  `nma`.`is_default` = 1  AND `nma`.`province_id` = 320000  AND `nm`.`is_delete` = 0  AND `is_delete` = 0 GROUP BY `nm`.`member_id` ) `_group_count_` [ RunTime:0.000262s ]
[2022-09-09T09:19:52+08:00][sql] SELECT COUNT(*) AS think_count FROM ( SELECT count(*) AS think_count FROM `gxfc_member` `nm` LEFT JOIN `gxfc_member_address` `nma` ON `nm`.`member_id`=`nma`.`member_id` WHERE  `nma`.`is_default` = 1  AND `nma`.`province_id` = 330000  AND `nm`.`is_delete` = 0  AND `is_delete` = 0 GROUP BY `nm`.`member_id` ) `_group_count_` [ RunTime:0.000263s ]
[2022-09-09T09:19:52+08:00][sql] SELECT COUNT(*) AS think_count FROM ( SELECT count(*) AS think_count FROM `gxfc_member` `nm` LEFT JOIN `gxfc_member_address` `nma` ON `nm`.`member_id`=`nma`.`member_id` WHERE  `nma`.`is_default` = 1  AND `nma`.`province_id` = 340000  AND `nm`.`is_delete` = 0  AND `is_delete` = 0 GROUP BY `nm`.`member_id` ) `_group_count_` [ RunTime:0.000267s ]
[2022-09-09T09:19:52+08:00][sql] SELECT COUNT(*) AS think_count FROM ( SELECT count(*) AS think_count FROM `gxfc_member` `nm` LEFT JOIN `gxfc_member_address` `nma` ON `nm`.`member_id`=`nma`.`member_id` WHERE  `nma`.`is_default` = 1  AND `nma`.`province_id` = 350000  AND `nm`.`is_delete` = 0  AND `is_delete` = 0 GROUP BY `nm`.`member_id` ) `_group_count_` [ RunTime:0.000262s ]
[2022-09-09T09:19:52+08:00][sql] SELECT COUNT(*) AS think_count FROM ( SELECT count(*) AS think_count FROM `gxfc_member` `nm` LEFT JOIN `gxfc_member_address` `nma` ON `nm`.`member_id`=`nma`.`member_id` WHERE  `nma`.`is_default` = 1  AND `nma`.`province_id` = 360000  AND `nm`.`is_delete` = 0  AND `is_delete` = 0 GROUP BY `nm`.`member_id` ) `_group_count_` [ RunTime:0.000283s ]
[2022-09-09T09:19:52+08:00][sql] SELECT COUNT(*) AS think_count FROM ( SELECT count(*) AS think_count FROM `gxfc_member` `nm` LEFT JOIN `gxfc_member_address` `nma` ON `nm`.`member_id`=`nma`.`member_id` WHERE  `nma`.`is_default` = 1  AND `nma`.`province_id` = 370000  AND `nm`.`is_delete` = 0  AND `is_delete` = 0 GROUP BY `nm`.`member_id` ) `_group_count_` [ RunTime:0.000276s ]
[2022-09-09T09:19:52+08:00][sql] SELECT COUNT(*) AS think_count FROM ( SELECT count(*) AS think_count FROM `gxfc_member` `nm` LEFT JOIN `gxfc_member_address` `nma` ON `nm`.`member_id`=`nma`.`member_id` WHERE  `nma`.`is_default` = 1  AND `nma`.`province_id` = 410000  AND `nm`.`is_delete` = 0  AND `is_delete` = 0 GROUP BY `nm`.`member_id` ) `_group_count_` [ RunTime:0.000289s ]
[2022-09-09T09:19:52+08:00][sql] SELECT COUNT(*) AS think_count FROM ( SELECT count(*) AS think_count FROM `gxfc_member` `nm` LEFT JOIN `gxfc_member_address` `nma` ON `nm`.`member_id`=`nma`.`member_id` WHERE  `nma`.`is_default` = 1  AND `nma`.`province_id` = 420000  AND `nm`.`is_delete` = 0  AND `is_delete` = 0 GROUP BY `nm`.`member_id` ) `_group_count_` [ RunTime:0.000275s ]
[2022-09-09T09:19:52+08:00][sql] SELECT COUNT(*) AS think_count FROM ( SELECT count(*) AS think_count FROM `gxfc_member` `nm` LEFT JOIN `gxfc_member_address` `nma` ON `nm`.`member_id`=`nma`.`member_id` WHERE  `nma`.`is_default` = 1  AND `nma`.`province_id` = 430000  AND `nm`.`is_delete` = 0  AND `is_delete` = 0 GROUP BY `nm`.`member_id` ) `_group_count_` [ RunTime:0.000259s ]
[2022-09-09T09:19:52+08:00][sql] SELECT COUNT(*) AS think_count FROM ( SELECT count(*) AS think_count FROM `gxfc_member` `nm` LEFT JOIN `gxfc_member_address` `nma` ON `nm`.`member_id`=`nma`.`member_id` WHERE  `nma`.`is_default` = 1  AND `nma`.`province_id` = 440000  AND `nm`.`is_delete` = 0  AND `is_delete` = 0 GROUP BY `nm`.`member_id` ) `_group_count_` [ RunTime:0.000380s ]
[2022-09-09T09:19:52+08:00][sql] SELECT COUNT(*) AS think_count FROM ( SELECT count(*) AS think_count FROM `gxfc_member` `nm` LEFT JOIN `gxfc_member_address` `nma` ON `nm`.`member_id`=`nma`.`member_id` WHERE  `nma`.`is_default` = 1  AND `nma`.`province_id` = 450000  AND `nm`.`is_delete` = 0  AND `is_delete` = 0 GROUP BY `nm`.`member_id` ) `_group_count_` [ RunTime:0.000275s ]
[2022-09-09T09:19:52+08:00][sql] SELECT COUNT(*) AS think_count FROM ( SELECT count(*) AS think_count FROM `gxfc_member` `nm` LEFT JOIN `gxfc_member_address` `nma` ON `nm`.`member_id`=`nma`.`member_id` WHERE  `nma`.`is_default` = 1  AND `nma`.`province_id` = 460000  AND `nm`.`is_delete` = 0  AND `is_delete` = 0 GROUP BY `nm`.`member_id` ) `_group_count_` [ RunTime:0.000279s ]
[2022-09-09T09:19:52+08:00][sql] SELECT COUNT(*) AS think_count FROM ( SELECT count(*) AS think_count FROM `gxfc_member` `nm` LEFT JOIN `gxfc_member_address` `nma` ON `nm`.`member_id`=`nma`.`member_id` WHERE  `nma`.`is_default` = 1  AND `nma`.`province_id` = 500000  AND `nm`.`is_delete` = 0  AND `is_delete` = 0 GROUP BY `nm`.`member_id` ) `_group_count_` [ RunTime:0.000264s ]
[2022-09-09T09:19:52+08:00][sql] SELECT COUNT(*) AS think_count FROM ( SELECT count(*) AS think_count FROM `gxfc_member` `nm` LEFT JOIN `gxfc_member_address` `nma` ON `nm`.`member_id`=`nma`.`member_id` WHERE  `nma`.`is_default` = 1  AND `nma`.`province_id` = 510000  AND `nm`.`is_delete` = 0  AND `is_delete` = 0 GROUP BY `nm`.`member_id` ) `_group_count_` [ RunTime:0.000297s ]
[2022-09-09T09:19:52+08:00][sql] SELECT COUNT(*) AS think_count FROM ( SELECT count(*) AS think_count FROM `gxfc_member` `nm` LEFT JOIN `gxfc_member_address` `nma` ON `nm`.`member_id`=`nma`.`member_id` WHERE  `nma`.`is_default` = 1  AND `nma`.`province_id` = 520000  AND `nm`.`is_delete` = 0  AND `is_delete` = 0 GROUP BY `nm`.`member_id` ) `_group_count_` [ RunTime:0.000258s ]
[2022-09-09T09:19:52+08:00][sql] SELECT COUNT(*) AS think_count FROM ( SELECT count(*) AS think_count FROM `gxfc_member` `nm` LEFT JOIN `gxfc_member_address` `nma` ON `nm`.`member_id`=`nma`.`member_id` WHERE  `nma`.`is_default` = 1  AND `nma`.`province_id` = 530000  AND `nm`.`is_delete` = 0  AND `is_delete` = 0 GROUP BY `nm`.`member_id` ) `_group_count_` [ RunTime:0.000250s ]
[2022-09-09T09:19:52+08:00][sql] SELECT COUNT(*) AS think_count FROM ( SELECT count(*) AS think_count FROM `gxfc_member` `nm` LEFT JOIN `gxfc_member_address` `nma` ON `nm`.`member_id`=`nma`.`member_id` WHERE  `nma`.`is_default` = 1  AND `nma`.`province_id` = 540000  AND `nm`.`is_delete` = 0  AND `is_delete` = 0 GROUP BY `nm`.`member_id` ) `_group_count_` [ RunTime:0.000262s ]
[2022-09-09T09:19:52+08:00][sql] SELECT COUNT(*) AS think_count FROM ( SELECT count(*) AS think_count FROM `gxfc_member` `nm` LEFT JOIN `gxfc_member_address` `nma` ON `nm`.`member_id`=`nma`.`member_id` WHERE  `nma`.`is_default` = 1  AND `nma`.`province_id` = 610000  AND `nm`.`is_delete` = 0  AND `is_delete` = 0 GROUP BY `nm`.`member_id` ) `_group_count_` [ RunTime:0.000332s ]
[2022-09-09T09:19:52+08:00][sql] SELECT COUNT(*) AS think_count FROM ( SELECT count(*) AS think_count FROM `gxfc_member` `nm` LEFT JOIN `gxfc_member_address` `nma` ON `nm`.`member_id`=`nma`.`member_id` WHERE  `nma`.`is_default` = 1  AND `nma`.`province_id` = 620000  AND `nm`.`is_delete` = 0  AND `is_delete` = 0 GROUP BY `nm`.`member_id` ) `_group_count_` [ RunTime:0.000269s ]
[2022-09-09T09:19:52+08:00][sql] SELECT COUNT(*) AS think_count FROM ( SELECT count(*) AS think_count FROM `gxfc_member` `nm` LEFT JOIN `gxfc_member_address` `nma` ON `nm`.`member_id`=`nma`.`member_id` WHERE  `nma`.`is_default` = 1  AND `nma`.`province_id` = 630000  AND `nm`.`is_delete` = 0  AND `is_delete` = 0 GROUP BY `nm`.`member_id` ) `_group_count_` [ RunTime:0.000280s ]
[2022-09-09T09:19:52+08:00][sql] SELECT COUNT(*) AS think_count FROM ( SELECT count(*) AS think_count FROM `gxfc_member` `nm` LEFT JOIN `gxfc_member_address` `nma` ON `nm`.`member_id`=`nma`.`member_id` WHERE  `nma`.`is_default` = 1  AND `nma`.`province_id` = 640000  AND `nm`.`is_delete` = 0  AND `is_delete` = 0 GROUP BY `nm`.`member_id` ) `_group_count_` [ RunTime:0.000357s ]
[2022-09-09T09:19:52+08:00][sql] SELECT COUNT(*) AS think_count FROM ( SELECT count(*) AS think_count FROM `gxfc_member` `nm` LEFT JOIN `gxfc_member_address` `nma` ON `nm`.`member_id`=`nma`.`member_id` WHERE  `nma`.`is_default` = 1  AND `nma`.`province_id` = 650000  AND `nm`.`is_delete` = 0  AND `is_delete` = 0 GROUP BY `nm`.`member_id` ) `_group_count_` [ RunTime:0.000258s ]
[2022-09-09T09:19:52+08:00][sql] SELECT COUNT(*) AS think_count FROM ( SELECT count(*) AS think_count FROM `gxfc_member` `nm` LEFT JOIN `gxfc_member_address` `nma` ON `nm`.`member_id`=`nma`.`member_id` WHERE  `nma`.`is_default` = 1  AND `nma`.`province_id` = 810000  AND `nm`.`is_delete` = 0  AND `is_delete` = 0 GROUP BY `nm`.`member_id` ) `_group_count_` [ RunTime:0.000263s ]
[2022-09-09T09:19:52+08:00][sql] SELECT COUNT(*) AS think_count FROM ( SELECT count(*) AS think_count FROM `gxfc_member` `nm` LEFT JOIN `gxfc_member_address` `nma` ON `nm`.`member_id`=`nma`.`member_id` WHERE  `nma`.`is_default` = 1  AND `nma`.`province_id` = 820000  AND `nm`.`is_delete` = 0  AND `is_delete` = 0 GROUP BY `nm`.`member_id` ) `_group_count_` [ RunTime:0.000253s ]
[2022-09-09T09:19:52+08:00][sql] SELECT COUNT(*) AS think_count FROM ( SELECT count(*) AS think_count FROM `gxfc_member` `nm` LEFT JOIN `gxfc_member_address` `nma` ON `nm`.`member_id`=`nma`.`member_id` WHERE  `nma`.`is_default` = 1  AND `nma`.`province_id` = 710000  AND `nm`.`is_delete` = 0  AND `is_delete` = 0 GROUP BY `nm`.`member_id` ) `_group_count_` [ RunTime:0.000311s ]
[2022-09-09T09:19:53+08:00][sql] CONNECT:[ UseTime:0.000354s ] mysql:host=127.0.0.1;port=3306;dbname=ls_ssl_com;charset=utf8
[2022-09-09T09:19:53+08:00][sql] SELECT `name`,`title` FROM `gxfc_addon` WHERE  `name` = '' LIMIT 1 [ RunTime:0.000279s ]
[2022-09-09T09:19:55+08:00][sql] CONNECT:[ UseTime:0.000369s ] mysql:host=127.0.0.1;port=3306;dbname=ls_ssl_com;charset=utf8
[2022-09-09T09:19:55+08:00][sql] SELECT SUM(`order_money`) AS think_sum FROM `gxfc_order` WHERE  `order_status` > 0 [ RunTime:0.000342s ]
[2022-09-09T09:19:55+08:00][sql] SELECT `account` FROM `gxfc_website` WHERE  `site_id` = 0 LIMIT 1 [ RunTime:0.000258s ]
[2022-09-09T09:19:55+08:00][sql] SELECT 
                sum(shop_money) as shop_money,
                sum(refund_shop_money) as refund_shop_money,
                sum(commission) as commission,
                sum(platform_money) as platform_money,
                sum(website_commission) as website_commission,
                sum(platform_coupon_money) as platform_coupon_money,
                sum(refund_platform_coupon_money) as refund_platform_coupon_money
                 FROM `gxfc_shop_settlement_period` WHERE  `period_id` > 0 LIMIT 1 [ RunTime:0.000282s ]
[2022-09-09T09:19:55+08:00][sql] SELECT sum(account) as account, sum(account_withdraw) as account_withdraw, sum(account_withdraw_apply) as account_withdraw_apply, sum(shop_baozhrmb) as shop_baozhrmb, sum(shop_open_fee) as shop_open_fee FROM `gxfc_shop` WHERE  `site_id` > 0 LIMIT 1 [ RunTime:0.000371s ]
[2022-09-09T09:19:55+08:00][sql] SELECT 
                sum(balance) as balance, 
                sum(balance_money) as balance_money,
                sum(balance_withdraw_apply) as balance_withdraw_apply, 
                sum(balance_withdraw) as balance_withdraw
                 FROM `gxfc_member` WHERE  `member_id` > 0 LIMIT 1 [ RunTime:0.000254s ]
[2022-09-09T09:19:55+08:00][sql] SELECT sum(account) as account,sum(account_withdraw) as account_withdraw,sum(account_shop) as account_shop,sum(account_order) as account_order FROM `gxfc_website` WHERE  `site_id` > 0 LIMIT 1 [ RunTime:0.000236s ]
[2022-09-09T09:19:55+08:00][sql] SELECT sum(account) as account,sum(account_withdraw) as account_withdraw,sum(account_withdraw_apply) as account_withdraw_apply FROM `gxfc_fenxiao` WHERE  `status` IN (1,-1)  AND `is_delete` = 0 LIMIT 1 [ RunTime:0.000271s ]
[2022-09-09T09:19:55+08:00][sql] SELECT sum(real_goods_money) as real_goods_money FROM `gxfc_fenxiao_order` WHERE  `is_refund` = 0  AND `is_settlement` = 1 LIMIT 1 [ RunTime:0.000196s ]
[2022-09-09T09:19:55+08:00][sql] SELECT 
                sum(supply_money) as supply_money,
                sum(refund_supply_money) as refund_supply_money,
                sum(commission) as commission,
                sum(platform_money) as platform_money,
                sum(website_commission) as website_commission
                 FROM `gxfc_supply_settlement_period` WHERE  `period_id` > 0 LIMIT 1 [ RunTime:0.000308s ]
[2022-09-09T09:19:55+08:00][sql] SELECT sum(account) as account, sum(account_withdraw) as account_withdraw, sum(account_withdraw_apply) as account_withdraw_apply, sum(bond) as bond, sum(open_fee) as open_fee FROM `gxfc_supplier` WHERE  `supplier_site_id` > 0 LIMIT 1 [ RunTime:0.000223s ]
[2022-09-09T09:19:55+08:00][sql] SELECT SUM(`order_money`) AS think_sum FROM `gxfc_supply_order` WHERE  `order_status` > 0 [ RunTime:0.000214s ]
[2022-09-09T09:19:56+08:00][sql] CONNECT:[ UseTime:0.000592s ] mysql:host=127.0.0.1;port=3306;dbname=ls_ssl_com;charset=utf8
[2022-09-09T09:19:56+08:00][sql] SELECT SUM(order_total) as order_total,SUM(shipping_total) as shipping_total,SUM(refund_total) as refund_total,SUM(order_pay_count) as order_pay_count,SUM(goods_pay_count) as goods_pay_count,SUM(shop_money) as shop_money,SUM(platform_money) as platform_money,SUM(collect_shop) as collect_shop,SUM(collect_goods) as collect_goods,SUM(visit_count) as visit_count,SUM(order_count) as order_count,SUM(goods_count) as goods_count,SUM(add_goods_count) as add_goods_count,SUM(member_count) as member_count FROM `gxfc_stat_shop` WHERE  `site_id` = 0  AND `day_time` >= 1662652800 LIMIT 1 [ RunTime:0.000448s ]
[2022-09-09T09:19:56+08:00][sql] CONNECT:[ UseTime:0.000287s ] mysql:host=127.0.0.1;port=3306;dbname=ls_ssl_com;charset=utf8
[2022-09-09T09:19:56+08:00][sql] SELECT `id`,`site_id`,`year`,`month`,`day`,`order_total`,`shipping_total`,`refund_total`,`order_pay_count`,`goods_pay_count`,`shop_money`,`platform_money`,`create_time`,`modify_time`,`collect_shop`,`collect_goods`,`visit_count`,`order_count`,`goods_count`,`add_goods_count`,`day_time`,`member_count` FROM `gxfc_stat_shop` WHERE  `site_id` = 0  AND `day_time` >= 1662134400 [ RunTime:0.000445s ]
[2022-09-09T09:19:56+08:00][sql] CONNECT:[ UseTime:0.000369s ] mysql:host=127.0.0.1;port=3306;dbname=ls_ssl_com;charset=utf8
[2022-09-09T09:19:56+08:00][sql] SELECT SUM(`order_money`) AS think_sum FROM `gxfc_order` WHERE  `order_status` > 0 [ RunTime:0.000329s ]
[2022-09-09T09:19:56+08:00][sql] SELECT 
                sum(shop_money) as shop_money,
                sum(refund_shop_money) as refund_shop_money,
                sum(commission) as commission,
                sum(platform_money) as platform_money,
                sum(website_commission) as website_commission,
                sum(platform_coupon_money) as platform_coupon_money,
                sum(refund_platform_coupon_money) as refund_platform_coupon_money
                 FROM `gxfc_shop_settlement_period` WHERE  `period_id` > 0 LIMIT 1 [ RunTime:0.000277s ]
[2022-09-09T09:19:56+08:00][sql] SELECT sum(account) as account, sum(account_withdraw) as account_withdraw, sum(account_withdraw_apply) as account_withdraw_apply, sum(shop_baozhrmb) as shop_baozhrmb, sum(shop_open_fee) as shop_open_fee FROM `gxfc_shop` WHERE  `site_id` > 0 LIMIT 1 [ RunTime:0.000246s ]
[2022-09-09T09:19:56+08:00][sql] SELECT 
                sum(balance) as balance, 
                sum(balance_money) as balance_money,
                sum(balance_withdraw_apply) as balance_withdraw_apply, 
                sum(balance_withdraw) as balance_withdraw
                 FROM `gxfc_member` WHERE  `member_id` > 0 LIMIT 1 [ RunTime:0.000242s ]
[2022-09-09T09:19:56+08:00][sql] SELECT sum(account) as account,sum(account_withdraw) as account_withdraw,sum(account_shop) as account_shop,sum(account_order) as account_order FROM `gxfc_website` WHERE  `site_id` > 0 LIMIT 1 [ RunTime:0.000237s ]
[2022-09-09T09:19:56+08:00][sql] SELECT sum(account) as account,sum(account_withdraw) as account_withdraw,sum(account_withdraw_apply) as account_withdraw_apply FROM `gxfc_fenxiao` WHERE  `status` IN (1,-1)  AND `is_delete` = 0 LIMIT 1 [ RunTime:0.000296s ]
[2022-09-09T09:19:56+08:00][sql] SELECT sum(real_goods_money) as real_goods_money FROM `gxfc_fenxiao_order` WHERE  `is_refund` = 0  AND `is_settlement` = 1 LIMIT 1 [ RunTime:0.000202s ]
[2022-09-09T09:19:56+08:00][sql] SELECT 
                sum(supply_money) as supply_money,
                sum(refund_supply_money) as refund_supply_money,
                sum(commission) as commission,
                sum(platform_money) as platform_money,
                sum(website_commission) as website_commission
                 FROM `gxfc_supply_settlement_period` WHERE  `period_id` > 0 LIMIT 1 [ RunTime:0.000264s ]
[2022-09-09T09:19:56+08:00][sql] SELECT sum(account) as account, sum(account_withdraw) as account_withdraw, sum(account_withdraw_apply) as account_withdraw_apply, sum(bond) as bond, sum(open_fee) as open_fee FROM `gxfc_supplier` WHERE  `supplier_site_id` > 0 LIMIT 1 [ RunTime:0.000258s ]
[2022-09-09T09:19:56+08:00][sql] SELECT SUM(`order_money`) AS think_sum FROM `gxfc_supply_order` WHERE  `order_status` > 0 [ RunTime:0.000192s ]
[2022-09-09T09:51:18+08:00][sql] CONNECT:[ UseTime:0.000386s ] mysql:host=127.0.0.1;port=3306;dbname=ls_ssl_com;charset=utf8
[2022-09-09T09:51:18+08:00][sql] SELECT SUM(`order_money`) AS think_sum FROM `gxfc_order` WHERE  `order_status` > 0 [ RunTime:0.000389s ]
[2022-09-09T09:51:18+08:00][sql] SELECT 
                sum(shop_money) as shop_money,
                sum(refund_shop_money) as refund_shop_money,
                sum(commission) as commission,
                sum(platform_money) as platform_money,
                sum(website_commission) as website_commission,
                sum(platform_coupon_money) as platform_coupon_money,
                sum(refund_platform_coupon_money) as refund_platform_coupon_money
                 FROM `gxfc_shop_settlement_period` WHERE  `period_id` > 0 LIMIT 1 [ RunTime:0.000282s ]
[2022-09-09T09:51:18+08:00][sql] SELECT sum(account) as account, sum(account_withdraw) as account_withdraw, sum(account_withdraw_apply) as account_withdraw_apply, sum(shop_baozhrmb) as shop_baozhrmb, sum(shop_open_fee) as shop_open_fee FROM `gxfc_shop` WHERE  `site_id` > 0 LIMIT 1 [ RunTime:0.000244s ]
[2022-09-09T09:51:18+08:00][sql] SELECT 
                sum(balance) as balance, 
                sum(balance_money) as balance_money,
                sum(balance_withdraw_apply) as balance_withdraw_apply, 
                sum(balance_withdraw) as balance_withdraw
                 FROM `gxfc_member` WHERE  `member_id` > 0 LIMIT 1 [ RunTime:0.000263s ]
[2022-09-09T09:51:18+08:00][sql] SELECT sum(account) as account,sum(account_withdraw) as account_withdraw,sum(account_shop) as account_shop,sum(account_order) as account_order FROM `gxfc_website` WHERE  `site_id` > 0 LIMIT 1 [ RunTime:0.000230s ]
[2022-09-09T09:51:18+08:00][sql] SELECT sum(account) as account,sum(account_withdraw) as account_withdraw,sum(account_withdraw_apply) as account_withdraw_apply FROM `gxfc_fenxiao` WHERE  `status` IN (1,-1)  AND `is_delete` = 0 LIMIT 1 [ RunTime:0.000292s ]
[2022-09-09T09:51:18+08:00][sql] SELECT sum(real_goods_money) as real_goods_money FROM `gxfc_fenxiao_order` WHERE  `is_refund` = 0  AND `is_settlement` = 1 LIMIT 1 [ RunTime:0.000256s ]
[2022-09-09T09:51:18+08:00][sql] SELECT 
                sum(supply_money) as supply_money,
                sum(refund_supply_money) as refund_supply_money,
                sum(commission) as commission,
                sum(platform_money) as platform_money,
                sum(website_commission) as website_commission
                 FROM `gxfc_supply_settlement_period` WHERE  `period_id` > 0 LIMIT 1 [ RunTime:0.000233s ]
[2022-09-09T09:51:18+08:00][sql] SELECT sum(account) as account, sum(account_withdraw) as account_withdraw, sum(account_withdraw_apply) as account_withdraw_apply, sum(bond) as bond, sum(open_fee) as open_fee FROM `gxfc_supplier` WHERE  `supplier_site_id` > 0 LIMIT 1 [ RunTime:0.000225s ]
[2022-09-09T09:51:18+08:00][sql] SELECT SUM(`order_money`) AS think_sum FROM `gxfc_supply_order` WHERE  `order_status` > 0 [ RunTime:0.000202s ]
