[2022-09-17T15:36:51+08:00][sql] CONNECT:[ UseTime:0.000362s ] mysql:host=127.0.0.1;port=3306;dbname=ls_ssl_com;charset=utf8
[2022-09-17T15:36:51+08:00][sql] SELECT `uid`,`app_module`,`app_group`,`is_admin`,`site_id`,`group_id`,`group_name`,`username`,`password`,`member_id`,`create_time`,`update_time`,`status`,`login_time`,`login_ip` FROM `gxfc_user` WHERE  `username` = 'admin'  AND `app_module` = 'admin' LIMIT 1 [ RunTime:0.000434s ]
[2022-09-17T15:36:51+08:00][sql] UPDATE `gxfc_user`  SET `login_time` = 1663400211 , `login_ip` = '222.215.254.236'  WHERE  `uid` = 1 [ RunTime:0.005108s ]
[2022-09-17T15:36:51+08:00][sql] INSERT INTO `gxfc_user_log` SET `uid` = 1 , `username` = 'admin' , `site_id` = 0 , `url` = 'admin/Login/login' , `ip` = '222.215.254.236' , `data` = '[]' , `action_name` = '用户登录' , `create_time` = 1663400211 [ RunTime:0.003236s ]
[2022-09-17T15:36:52+08:00][sql] CONNECT:[ UseTime:0.000361s ] mysql:host=127.0.0.1;port=3306;dbname=ls_ssl_com;charset=utf8
[2022-09-17T15:36:52+08:00][sql] SELECT `title`,`logo`,`desc`,`keywords`,`web_status`,`close_reason` FROM `gxfc_website` WHERE  `site_id` = 0 LIMIT 1 [ RunTime:0.000314s ]
[2022-09-17T15:36:52+08:00][sql] SELECT `id`,`site_id`,`year`,`month`,`day`,`order_total`,`shipping_total`,`refund_total`,`order_pay_count`,`goods_pay_count`,`shop_money`,`platform_money`,`create_time`,`modify_time`,`collect_shop`,`collect_goods`,`visit_count`,`order_count`,`goods_count`,`add_goods_count`,`day_time`,`member_count` FROM `gxfc_stat_shop` WHERE  `site_id` = 0  AND `year` = 2022  AND `month` = 9  AND `day` = 17 LIMIT 1 [ RunTime:0.000394s ]
[2022-09-17T15:36:52+08:00][sql] INSERT INTO `gxfc_stat_shop` SET `site_id` = 0 , `year` = 2022 , `month` = 9 , `day` = 17 , `day_time` = 1663344000 [ RunTime:0.007101s ]
[2022-09-17T15:36:52+08:00][sql] SELECT `id`,`site_id`,`year`,`month`,`day`,`order_total`,`shipping_total`,`refund_total`,`order_pay_count`,`goods_pay_count`,`shop_money`,`platform_money`,`create_time`,`modify_time`,`collect_shop`,`collect_goods`,`visit_count`,`order_count`,`goods_count`,`add_goods_count`,`day_time`,`member_count` FROM `gxfc_stat_shop` WHERE  `site_id` = 0  AND `year` = 2022  AND `month` = 9  AND `day` = 17  AND `day_time` = 1663344000 LIMIT 1 [ RunTime:0.000353s ]
[2022-09-17T15:36:52+08:00][sql] SELECT `id`,`site_id`,`year`,`month`,`day`,`order_total`,`shipping_total`,`refund_total`,`order_pay_count`,`goods_pay_count`,`shop_money`,`platform_money`,`create_time`,`modify_time`,`collect_shop`,`collect_goods`,`visit_count`,`order_count`,`goods_count`,`add_goods_count`,`day_time`,`member_count` FROM `gxfc_stat_shop` WHERE  `site_id` = 0  AND `year` = 2022  AND `month` = 9  AND `day` = 17 LIMIT 1 [ RunTime:0.000323s ]
[2022-09-17T15:36:52+08:00][sql] SELECT `id`,`site_id`,`year`,`month`,`day`,`order_total`,`shipping_total`,`refund_total`,`order_pay_count`,`goods_pay_count`,`shop_money`,`platform_money`,`create_time`,`modify_time`,`collect_shop`,`collect_goods`,`visit_count`,`order_count`,`goods_count`,`add_goods_count`,`day_time`,`member_count` FROM `gxfc_stat_shop` WHERE  `site_id` = 0  AND `year` = 2022  AND `month` = 9  AND `day` = 16 LIMIT 1 [ RunTime:0.000315s ]
[2022-09-17T15:36:52+08:00][sql] SELECT `id`,`site_id`,`year`,`month`,`day`,`order_total`,`shipping_total`,`refund_total`,`order_pay_count`,`goods_pay_count`,`shop_money`,`platform_money`,`create_time`,`modify_time`,`collect_shop`,`collect_goods`,`visit_count`,`order_count`,`goods_count`,`add_goods_count`,`day_time`,`member_count` FROM `gxfc_stat_shop` WHERE  `site_id` = 0  AND `year` = 2022  AND `month` = 09  AND `day` = 08 LIMIT 1 [ RunTime:0.000323s ]
[2022-09-17T15:36:52+08:00][sql] SELECT `id`,`site_id`,`year`,`month`,`day`,`order_total`,`shipping_total`,`refund_total`,`order_pay_count`,`goods_pay_count`,`shop_money`,`platform_money`,`create_time`,`modify_time`,`collect_shop`,`collect_goods`,`visit_count`,`order_count`,`goods_count`,`add_goods_count`,`day_time`,`member_count` FROM `gxfc_stat_shop` WHERE  `site_id` = 0  AND `year` = 2022  AND `month` = 09  AND `day` = 09 LIMIT 1 [ RunTime:0.000305s ]
[2022-09-17T15:36:52+08:00][sql] SELECT `id`,`site_id`,`year`,`month`,`day`,`order_total`,`shipping_total`,`refund_total`,`order_pay_count`,`goods_pay_count`,`shop_money`,`platform_money`,`create_time`,`modify_time`,`collect_shop`,`collect_goods`,`visit_count`,`order_count`,`goods_count`,`add_goods_count`,`day_time`,`member_count` FROM `gxfc_stat_shop` WHERE  `site_id` = 0  AND `year` = 2022  AND `month` = 09  AND `day` = 10 LIMIT 1 [ RunTime:0.000298s ]
[2022-09-17T15:36:52+08:00][sql] SELECT `id`,`site_id`,`year`,`month`,`day`,`order_total`,`shipping_total`,`refund_total`,`order_pay_count`,`goods_pay_count`,`shop_money`,`platform_money`,`create_time`,`modify_time`,`collect_shop`,`collect_goods`,`visit_count`,`order_count`,`goods_count`,`add_goods_count`,`day_time`,`member_count` FROM `gxfc_stat_shop` WHERE  `site_id` = 0  AND `year` = 2022  AND `month` = 09  AND `day` = 11 LIMIT 1 [ RunTime:0.000299s ]
[2022-09-17T15:36:52+08:00][sql] SELECT `id`,`site_id`,`year`,`month`,`day`,`order_total`,`shipping_total`,`refund_total`,`order_pay_count`,`goods_pay_count`,`shop_money`,`platform_money`,`create_time`,`modify_time`,`collect_shop`,`collect_goods`,`visit_count`,`order_count`,`goods_count`,`add_goods_count`,`day_time`,`member_count` FROM `gxfc_stat_shop` WHERE  `site_id` = 0  AND `year` = 2022  AND `month` = 09  AND `day` = 12 LIMIT 1 [ RunTime:0.000283s ]
[2022-09-17T15:36:52+08:00][sql] SELECT `id`,`site_id`,`year`,`month`,`day`,`order_total`,`shipping_total`,`refund_total`,`order_pay_count`,`goods_pay_count`,`shop_money`,`platform_money`,`create_time`,`modify_time`,`collect_shop`,`collect_goods`,`visit_count`,`order_count`,`goods_count`,`add_goods_count`,`day_time`,`member_count` FROM `gxfc_stat_shop` WHERE  `site_id` = 0  AND `year` = 2022  AND `month` = 09  AND `day` = 13 LIMIT 1 [ RunTime:0.000271s ]
[2022-09-17T15:36:52+08:00][sql] SELECT `id`,`site_id`,`year`,`month`,`day`,`order_total`,`shipping_total`,`refund_total`,`order_pay_count`,`goods_pay_count`,`shop_money`,`platform_money`,`create_time`,`modify_time`,`collect_shop`,`collect_goods`,`visit_count`,`order_count`,`goods_count`,`add_goods_count`,`day_time`,`member_count` FROM `gxfc_stat_shop` WHERE  `site_id` = 0  AND `year` = 2022  AND `month` = 09  AND `day` = 14 LIMIT 1 [ RunTime:0.000281s ]
[2022-09-17T15:36:52+08:00][sql] SELECT `id`,`site_id`,`year`,`month`,`day`,`order_total`,`shipping_total`,`refund_total`,`order_pay_count`,`goods_pay_count`,`shop_money`,`platform_money`,`create_time`,`modify_time`,`collect_shop`,`collect_goods`,`visit_count`,`order_count`,`goods_count`,`add_goods_count`,`day_time`,`member_count` FROM `gxfc_stat_shop` WHERE  `site_id` = 0  AND `year` = 2022  AND `month` = 09  AND `day` = 15 LIMIT 1 [ RunTime:0.000277s ]
[2022-09-17T15:36:52+08:00][sql] SELECT `id`,`site_id`,`year`,`month`,`day`,`order_total`,`shipping_total`,`refund_total`,`order_pay_count`,`goods_pay_count`,`shop_money`,`platform_money`,`create_time`,`modify_time`,`collect_shop`,`collect_goods`,`visit_count`,`order_count`,`goods_count`,`add_goods_count`,`day_time`,`member_count` FROM `gxfc_stat_shop` WHERE  `site_id` = 0  AND `year` = 2022  AND `month` = 09  AND `day` = 16 LIMIT 1 [ RunTime:0.000263s ]
[2022-09-17T15:36:52+08:00][sql] SELECT `id`,`site_id`,`year`,`month`,`day`,`order_total`,`shipping_total`,`refund_total`,`order_pay_count`,`goods_pay_count`,`shop_money`,`platform_money`,`create_time`,`modify_time`,`collect_shop`,`collect_goods`,`visit_count`,`order_count`,`goods_count`,`add_goods_count`,`day_time`,`member_count` FROM `gxfc_stat_shop` WHERE  `site_id` = 0  AND `year` = 2022  AND `month` = 09  AND `day` = 17 LIMIT 1 [ RunTime:0.000301s ]
[2022-09-17T15:36:52+08:00][sql] SELECT COUNT(*) AS think_count FROM `gxfc_order` WHERE  `order_status` = 0  AND `is_delete` = 0 [ RunTime:0.000271s ]
[2022-09-17T15:36:52+08:00][sql] SELECT COUNT(*) AS think_count FROM `gxfc_order` WHERE  `order_status` = 1  AND `is_delete` = 0 [ RunTime:0.000261s ]
[2022-09-17T15:36:52+08:00][sql] SELECT COUNT(*) AS think_count FROM `gxfc_order_goods` WHERE  `refund_status` NOT IN (0,3) [ RunTime:0.000225s ]
[2022-09-17T15:36:52+08:00][sql] SELECT COUNT(*) AS think_count FROM `gxfc_goods` WHERE  `goods_state` = 1  AND `is_delete` = 0 [ RunTime:0.000229s ]
[2022-09-17T15:36:52+08:00][sql] SELECT COUNT(*) AS think_count FROM `gxfc_goods` WHERE  `goods_state` = 0  AND `is_delete` = 0 [ RunTime:0.000677s ]
[2022-09-17T15:36:52+08:00][sql] SELECT COUNT(`id`) AS think_count FROM `gxfc_fenxiao_withdraw` WHERE  `status` = 1 [ RunTime:0.000211s ]
[2022-09-17T15:36:52+08:00][sql] SELECT COUNT(`apply_id`) AS think_count FROM `gxfc_fenxiao_apply` WHERE  `status` = 1 [ RunTime:0.000194s ]
[2022-09-17T15:36:52+08:00][sql] SELECT COUNT(*) AS think_count FROM `gxfc_order_complain` WHERE  `complain_status` = 1 [ RunTime:0.000246s ]
[2022-09-17T15:36:52+08:00][sql] SELECT SUM(`order_money`) AS think_sum FROM `gxfc_order` [ RunTime:0.000222s ]
[2022-09-17T15:36:52+08:00][sql] SELECT COUNT(*) AS think_count FROM `gxfc_member` [ RunTime:0.000180s ]
[2022-09-17T15:36:52+08:00][sql] SELECT COUNT(*) AS think_count FROM `gxfc_shop_apply` WHERE  `create_time` BETWEEN 1663344000 AND 1663430399 [ RunTime:0.000270s ]
[2022-09-17T15:36:52+08:00][sql] SELECT COUNT(*) AS think_count FROM `gxfc_shop_apply` WHERE  `create_time` BETWEEN 1663257600 AND 1663343999 [ RunTime:0.000187s ]
[2022-09-17T15:36:52+08:00][sql] SELECT COUNT(*) AS think_count FROM `gxfc_shop` WHERE  `create_time` BETWEEN 1663344000 AND 1663430399 [ RunTime:0.000230s ]
[2022-09-17T15:36:52+08:00][sql] SELECT COUNT(*) AS think_count FROM `gxfc_shop` [ RunTime:0.000177s ]
[2022-09-17T15:36:52+08:00][sql] SELECT COUNT(*) AS think_count FROM `gxfc_goods` [ RunTime:0.000182s ]
[2022-09-17T15:37:04+08:00][sql] CONNECT:[ UseTime:0.000369s ] mysql:host=127.0.0.1;port=3306;dbname=ls_ssl_com;charset=utf8
[2022-09-17T15:37:04+08:00][sql] SELECT `group_id`,`is_own`,`group_name`,`fee`,`remark` FROM `gxfc_shop_group` WHERE  `is_own` = 0 ORDER BY `is_own` ASC,`fee` ASC [ RunTime:0.000348s ]
[2022-09-17T15:37:04+08:00][sql] SELECT `site_id`,`site_area_name` FROM `gxfc_website` [ RunTime:0.000256s ]
[2022-09-17T15:37:11+08:00][sql] CONNECT:[ UseTime:0.000389s ] mysql:host=127.0.0.1;port=3306;dbname=ls_ssl_com;charset=utf8
[2022-09-17T15:37:11+08:00][sql] SELECT `group_id`,`is_own`,`group_name`,`fee`,`remark` FROM `gxfc_shop_group` WHERE  `is_own` = 0 ORDER BY `is_own` ASC,`fee` ASC [ RunTime:0.000338s ]
[2022-09-17T15:37:11+08:00][sql] SELECT `site_id`,`site_area_name` FROM `gxfc_website` [ RunTime:0.000235s ]
[2022-09-17T15:37:29+08:00][sql] CONNECT:[ UseTime:0.000365s ] mysql:host=127.0.0.1;port=3306;dbname=ls_ssl_com;charset=utf8
[2022-09-17T15:37:29+08:00][sql] SELECT `id`,`app_module`,`name`,`title`,`parent`,`level`,`url`,`is_show`,`sort`,`desc`,`picture`,`is_icon`,`picture_select`,`is_control`,`addon` FROM `gxfc_menu` WHERE  `url` = 'admin/Shopapply/applyDetail'  AND `app_module` = 'admin' ORDER BY `level` DESC LIMIT 1 [ RunTime:0.000493s ]
[2022-09-17T15:37:29+08:00][sql] SELECT `id`,`app_module`,`name`,`title`,`parent`,`level`,`url`,`is_show`,`sort`,`desc`,`picture`,`is_icon`,`picture_select`,`is_control`,`addon` FROM `gxfc_menu` WHERE  `name` = 'SHOP_APPLY_DETAIL'  AND `app_module` = 'admin' LIMIT 1 [ RunTime:0.000376s ]
[2022-09-17T15:37:29+08:00][sql] SELECT `nsa`.`apply_id`,`nsa`.`site_id`,`nsa`.`website_id`,`nsa`.`member_id`,`nsa`.`username`,`nsa`.`cert_id`,`nsa`.`shop_name`,`nsa`.`apply_state`,`nsa`.`apply_message`,`nsa`.`apply_year`,`nsa`.`category_name`,`nsa`.`category_id`,`nsa`.`group_name`,`nsa`.`group_id`,`nsa`.`paying_money_certificate`,`nsa`.`paying_money_certificate_explain`,`nsa`.`paying_deposit`,`nsa`.`paying_apply`,`nsa`.`paying_amount`,`nsa`.`create_time`,`nsa`.`audit_time`,`nsa`.`finish_time`,`nsc`.`cert_id`,`nsc`.`cert_type`,`nsc`.`company_name`,`nsc`.`company_province_id`,`nsc`.`company_city_id`,`nsc`.`company_district_id`,`nsc`.`company_address`,`nsc`.`contacts_name`,`nsc`.`contacts_mobile`,`nsc`.`contacts_card_no`,`nsc`.`contacts_card_electronic_1`,`nsc`.`contacts_card_electronic_2`,`nsc`.`contacts_card_electronic_3`,`nsc`.`business_licence_number`,`nsc`.`business_licence_number_electronic`,`nsc`.`business_sphere`,`nsc`.`taxpayer_id`,`nsc`.`general_taxpayer`,`nsc`.`tax_registration_certificate`,`nsc`.`tax_registration_certificate_electronic`,`nsc`.`bank_account_name`,`nsc`.`bank_account_number`,`nsc`.`bank_name`,`nsc`.`bank_address`,`nsc`.`bank_code`,`nsc`.`bank_type`,`nsc`.`settlement_bank_account_name`,`nsc`.`settlement_bank_account_number`,`nsc`.`settlement_bank_name`,`nsc`.`settlement_bank_address`,`nsc`.`company_full_address`,`w`.`site_area_name` FROM `gxfc_shop_apply` `nsa` LEFT JOIN `gxfc_shop_cert` `nsc` ON `nsa`.`cert_id`=`nsc`.`cert_id` LEFT JOIN `gxfc_website` `w` ON `w`.`site_id`=`nsa`.`website_id` WHERE  `nsa`.`apply_id` = '4' LIMIT 1 [ RunTime:0.000656s ]
[2022-09-17T15:37:29+08:00][error] [8]未定义数组索引: soldier_img
[2022-09-17T15:37:43+08:00][sql] CONNECT:[ UseTime:0.000353s ] mysql:host=127.0.0.1;port=3306;dbname=ls_ssl_com;charset=utf8
[2022-09-17T15:37:43+08:00][sql] SELECT `nsa`.`apply_id`,`nsa`.`site_id`,`nsa`.`website_id`,`nsa`.`member_id`,`nsa`.`username`,`nsa`.`cert_id`,`nsa`.`shop_name`,`nsa`.`apply_state`,`nsa`.`apply_message`,`nsa`.`apply_year`,`nsa`.`category_name`,`nsa`.`category_id`,`nsa`.`group_name`,`nsa`.`group_id`,`nsa`.`paying_money_certificate`,`nsa`.`paying_money_certificate_explain`,`nsa`.`paying_deposit`,`nsa`.`paying_apply`,`nsa`.`paying_amount`,`nsa`.`create_time`,`nsa`.`audit_time`,`nsa`.`finish_time`,`nsc`.`cert_id`,`nsc`.`cert_type`,`nsc`.`company_name`,`nsc`.`company_province_id`,`nsc`.`company_city_id`,`nsc`.`company_district_id`,`nsc`.`company_address`,`nsc`.`contacts_name`,`nsc`.`contacts_mobile`,`nsc`.`contacts_card_no`,`nsc`.`contacts_card_electronic_1`,`nsc`.`contacts_card_electronic_2`,`nsc`.`contacts_card_electronic_3`,`nsc`.`business_licence_number`,`nsc`.`business_licence_number_electronic`,`nsc`.`business_sphere`,`nsc`.`taxpayer_id`,`nsc`.`general_taxpayer`,`nsc`.`tax_registration_certificate`,`nsc`.`tax_registration_certificate_electronic`,`nsc`.`bank_account_name`,`nsc`.`bank_account_number`,`nsc`.`bank_name`,`nsc`.`bank_address`,`nsc`.`bank_code`,`nsc`.`bank_type`,`nsc`.`settlement_bank_account_name`,`nsc`.`settlement_bank_account_number`,`nsc`.`settlement_bank_name`,`nsc`.`settlement_bank_address`,`nsc`.`company_full_address`,`w`.`site_area_name` FROM `gxfc_shop_apply` `nsa` LEFT JOIN `gxfc_shop_cert` `nsc` ON `nsa`.`cert_id`=`nsc`.`cert_id` LEFT JOIN `gxfc_website` `w` ON `w`.`site_id`=`nsa`.`website_id` WHERE  `nsa`.`apply_id` = '4' LIMIT 1 [ RunTime:0.000700s ]
[2022-09-17T15:37:43+08:00][error] [8]未定义数组索引: soldier_img
[2022-09-17T15:37:51+08:00][sql] CONNECT:[ UseTime:0.000360s ] mysql:host=127.0.0.1;port=3306;dbname=ls_ssl_com;charset=utf8
[2022-09-17T15:37:51+08:00][sql] SELECT `group_id`,`is_own`,`group_name`,`fee`,`remark` FROM `gxfc_shop_group` WHERE  `is_own` = 0 ORDER BY `is_own` ASC,`fee` ASC [ RunTime:0.000338s ]
[2022-09-17T15:37:51+08:00][sql] SELECT `site_id`,`site_area_name` FROM `gxfc_website` [ RunTime:0.000254s ]
[2022-09-17T15:37:54+08:00][sql] CONNECT:[ UseTime:0.000360s ] mysql:host=127.0.0.1;port=3306;dbname=ls_ssl_com;charset=utf8
[2022-09-17T15:37:54+08:00][sql] SELECT `nsa`.`apply_id`,`nsa`.`site_id`,`nsa`.`website_id`,`nsa`.`member_id`,`nsa`.`username`,`nsa`.`cert_id`,`nsa`.`shop_name`,`nsa`.`apply_state`,`nsa`.`apply_message`,`nsa`.`apply_year`,`nsa`.`category_name`,`nsa`.`category_id`,`nsa`.`group_name`,`nsa`.`group_id`,`nsa`.`paying_money_certificate`,`nsa`.`paying_money_certificate_explain`,`nsa`.`paying_deposit`,`nsa`.`paying_apply`,`nsa`.`paying_amount`,`nsa`.`create_time`,`nsa`.`audit_time`,`nsa`.`finish_time`,`nsc`.`cert_id`,`nsc`.`cert_type`,`nsc`.`company_name`,`nsc`.`company_province_id`,`nsc`.`company_city_id`,`nsc`.`company_district_id`,`nsc`.`company_address`,`nsc`.`contacts_name`,`nsc`.`contacts_mobile`,`nsc`.`contacts_card_no`,`nsc`.`contacts_card_electronic_1`,`nsc`.`contacts_card_electronic_2`,`nsc`.`contacts_card_electronic_3`,`nsc`.`business_licence_number`,`nsc`.`business_licence_number_electronic`,`nsc`.`business_sphere`,`nsc`.`taxpayer_id`,`nsc`.`general_taxpayer`,`nsc`.`tax_registration_certificate`,`nsc`.`tax_registration_certificate_electronic`,`nsc`.`bank_account_name`,`nsc`.`bank_account_number`,`nsc`.`bank_name`,`nsc`.`bank_address`,`nsc`.`bank_code`,`nsc`.`bank_type`,`nsc`.`settlement_bank_account_name`,`nsc`.`settlement_bank_account_number`,`nsc`.`settlement_bank_name`,`nsc`.`settlement_bank_address`,`nsc`.`company_full_address`,`w`.`site_area_name` FROM `gxfc_shop_apply` `nsa` LEFT JOIN `gxfc_shop_cert` `nsc` ON `nsa`.`cert_id`=`nsc`.`cert_id` LEFT JOIN `gxfc_website` `w` ON `w`.`site_id`=`nsa`.`website_id` WHERE  `nsa`.`apply_id` = '4' LIMIT 1 [ RunTime:0.000618s ]
[2022-09-17T15:37:54+08:00][error] [8]未定义数组索引: soldier_img
[2022-09-17T15:38:01+08:00][sql] CONNECT:[ UseTime:0.000373s ] mysql:host=127.0.0.1;port=3306;dbname=ls_ssl_com;charset=utf8
[2022-09-17T15:38:01+08:00][sql] INSERT INTO `gxfc_user_log` SET `uid` = 1 , `username` = 'admin' , `site_id` = 0 , `url` = 'admin/Shopapply/applyPass' , `ip` = '222.215.254.236' , `data` = '[]' , `action_name` = '商家申请通过id:4' , `create_time` = 1663400281 [ RunTime:0.011310s ]
[2022-09-17T15:38:01+08:00][sql] SELECT `apply_id`,`apply_no`,`site_id`,`member_id`,`member_name`,`website_id`,`cert_id`,`shop_name`,`apply_state`,`apply_message`,`apply_year`,`category_name`,`category_id`,`group_name`,`group_id`,`level_id`,`level_name`,`paying_money_certificate`,`paying_money_certificate_explain`,`paying_deposit`,`paying_apply`,`paying_amount`,`create_time`,`audit_time`,`finish_time`,`uid`,`username` FROM `gxfc_shop_apply` WHERE  `apply_id` = 4 LIMIT 1 [ RunTime:0.000426s ]
[2022-09-17T15:38:01+08:00][sql] SHOW FULL COLUMNS FROM `gxfc_site` [ RunTime:0.000858s ]
[2022-09-17T15:38:01+08:00][sql] INSERT INTO `gxfc_site` SET `site_type` = 'shop' [ RunTime:0.000210s ]
[2022-09-17T15:38:01+08:00][sql] SELECT `username` FROM `gxfc_user` WHERE  `uid` = 10 LIMIT 1 [ RunTime:0.000190s ]
[2022-09-17T15:38:01+08:00][sql] INSERT INTO `gxfc_shop` SET `site_id` = 7 , `site_name` = '赞有情' , `username` = '18980363806' , `expire_time` = 1821080281 , `website_id` = 0 , `level_id` = 0 , `level_name` = '' , `group_id` = 1 , `group_name` = '旗舰店铺' , `category_id` = 19 , `category_name` = '综合服务' , `member_id` = 10 , `member_name` = '' , `cert_id` = 7 , `shop_baozhrmb` = '1000.00' , `shop_open_fee` = '0.00' , `create_time` = 1663400281 [ RunTime:0.000319s ]
[2022-09-17T15:38:01+08:00][sql] SHOW FULL COLUMNS FROM `gxfc_shop_deposit` [ RunTime:0.000848s ]
[2022-09-17T15:38:01+08:00][sql] INSERT INTO `gxfc_shop_deposit` SET `deposit_no` = '2022091715383196' , `site_id` = 7 , `site_name` = '赞有情' , `money` = '1000.00' , `pay_certificate` = '' , `pay_certificate_explain` = '' , `remark` = '入驻支付保证金' , `status` = 1 , `create_time` = 1663400281 , `audit_time` = 1663400281 [ RunTime:0.000233s ]
[2022-09-17T15:38:01+08:00][sql] INSERT INTO `gxfc_group` SET `site_id` = 7 , `app_module` = 'shop' , `group_name` = '管理员组' , `is_system` = 1 , `create_time` = 1663400281 [ RunTime:0.000193s ]
[2022-09-17T15:38:01+08:00][sql] UPDATE `gxfc_user`  SET `group_id` = 6 , `group_name` = '管理员组' , `site_id` = 7 , `app_group` = 1  WHERE  `uid` = 10  AND `app_module` = 'shop' [ RunTime:0.000312s ]
[2022-09-17T15:38:01+08:00][sql] UPDATE `gxfc_shop_cert`  SET `site_id` = 7  WHERE  `cert_id` = 7 [ RunTime:0.018556s ]
[2022-09-17T15:38:01+08:00][sql] UPDATE `gxfc_shop_apply`  SET `apply_state` = 3 , `site_id` = 7 , `apply_message` = ''  WHERE  `apply_id` = 4 [ RunTime:0.000326s ]
[2022-09-17T15:38:01+08:00][sql] INSERT INTO `gxfc_album` SET `site_id` = 7 , `album_name` = '默认分组' , `update_time` = 1663400281 , `is_default` = 1 [ RunTime:0.000220s ]
[2022-09-17T15:38:01+08:00][sql] INSERT INTO `gxfc_site_diy_view` (`site_id` , `title` , `name` , `type` , `value`) VALUES ( 7,'店铺主页','DIY_VIEW_SHOP_INDEX','shop','{\"global\":{\"title\":\"\\u5e97\\u94fa\\u4e3b\\u9875\",\"openBottomNav\":true,\"bgColor\":\"#f8f8f8\",\"bgUrl\":\"\",\"moreLink\":{\"name\":\"\"},\"mpCollect\":false,\"navStyle\":1,\"popWindow\":{\"imageUrl\":\"\",\"count\":-1,\"link\":{\"name\":\"\"},\"imgWidth\":\"\",\"imgHeight\":\"\"},\"textImgPosLink\":\"left\",\"textImgStyleLink\":\"1\",\"textNavColor\":\"#303133\",\"topNavColor\":\"#ffffff\",\"topNavImg\":\"\",\"topNavbg\":false},\"value\":[{\"addon_name\":\"\",\"type\":\"SHOP_INFO\",\"name\":\"\\u5e97\\u94fa\\u4fe1\\u606f\",\"controller\":\"ShopInfo\",\"color\":\"#333333\",\"is_delete\":\"0\"},{\"title\":\"\\u641c\\u7d22\",\"textColor\":\"#999999\",\"textAlign\":\"left\",\"backgroundColor\":\"#ffffff\",\"bgColor\":\"#e8e8e8\",\"defaultTextColor\":\"#999999\",\"borderType\":2,\"searchType\":1,\"searchImg\":\"\",\"searchStyle\":1,\"addon_name\":\"\",\"type\":\"SHOP_SEARCH\",\"name\":\"\\u5e97\\u5185\\u641c\\u7d22\",\"controller\":\"ShopSearch\",\"is_delete\":\"0\"},{\"height\":10,\"backgroundColor\":\"#f4f4f4\",\"addon_name\":\"\",\"type\":\"HORZ_BLANK\",\"name\":\"\\u8f85\\u52a9\\u7a7a\\u767d\",\"controller\":\"HorzBlank\"},{\"sources\":\"default\",\"categoryId\":0,\"categoryName\":\"\\u8bf7\\u9009\\u62e9\",\"goodsCount\":\"6\",\"goodsId\":[],\"style\":1,\"backgroundColor\":\"\",\"marginTop\":0,\"paddingLeftRight\":0,\"isShowCart\":0,\"cartStyle\":1,\"isShowGoodName\":1,\"isShowMarketPrice\":1,\"isShowGoodSaleNum\":1,\"isShowGoodSubTitle\":0,\"goodsTag\":\"default\",\"tagImg\":{\"imageUrl\":\"\"},\"addon_name\":\"\",\"type\":\"GOODS_LIST\",\"name\":\"\\u5546\\u54c1\\u5217\\u8868\",\"controller\":\"GoodsList\",\"is_delete\":\"0\"},{\"height\":10,\"backgroundColor\":\"#f4f4f4\",\"addon_name\":\"\",\"type\":\"HORZ_BLANK\",\"name\":\"\\u8f85\\u52a9\\u7a7a\\u767d\",\"controller\":\"HorzBlank\"},{\"addon_name\":\"\",\"type\":\"SHOP_STORE\",\"name\":\"\\u95e8\\u5e97\",\"controller\":\"ShopStore\"}]}' ) , ( 7,'商品分类','DIY_VIEW_SHOP_GOODS_CATEGORY','shop','{\"global\":{\"title\":\"\\u5546\\u54c1\\u5206\\u7c7b\",\"openBottomNav\":false,\"bgColor\":\"#ffffff\",\"bgUrl\":\"\"},\"value\":[{\"addon_name\":\"\",\"type\":\"GOODS_CATEGORY\",\"name\":\"\\u5546\\u54c1\\u5206\\u7c7b\",\"controller\":\"GoodsCategory\",\"level\":2,\"template\":2}]}' ) [ RunTime:0.000312s ]
[2022-09-17T15:38:01+08:00][sql] SELECT `id` FROM `gxfc_config` WHERE  `site_id` = 7  AND `app_module` = 'shop'  AND `config_key` = 'DIY_VIEW_SHOP_BOTTOM_NAV_CONFIG_SHOP_7' LIMIT 1 [ RunTime:0.000266s ]
[2022-09-17T15:38:01+08:00][sql] INSERT INTO `gxfc_config` SET `site_id` = 7 , `app_module` = 'shop' , `config_key` = 'DIY_VIEW_SHOP_BOTTOM_NAV_CONFIG_SHOP_7' , `value` = '\"{\\\"type\\\":1,\\\"backgroundColor\\\":\\\"#ffffff\\\",\\\"textColor\\\":\\\"#333333\\\",\\\"textHoverColor\\\":\\\"#ff0036\\\",\\\"bulge\\\":false,\\\"list\\\":[{\\\"iconPath\\\":\\\"upload\\\\\\/default\\\\\\/diy_view\\\\\\/bottom\\\\\\/shop_index.png\\\",\\\"selectedIconPath\\\":\\\"upload\\\\\\/default\\\\\\/diy_view\\\\\\/bottom\\\\\\/shop_index_selected.png\\\",\\\"text\\\":\\\"\\\\u9996\\\\u9875\\\",\\\"link\\\":{\\\"name\\\":\\\"SHOP_INDEX\\\",\\\"menuOne\\\":\\\"MALL_PAGE\\\",\\\"menuTwo\\\":\\\"MALL_LINK\\\",\\\"type\\\":1,\\\"wap_url\\\":\\\"\\\\\\/otherpages\\\\\\/shop\\\\\\/index\\\\\\/index\\\",\\\"title\\\":\\\"\\\\u5e97\\\\u94fa\\\\u9996\\\\u9875\\\"}},{\\\"iconPath\\\":\\\"upload\\\\\\/default\\\\\\/diy_view\\\\\\/bottom\\\\\\/shop_category.png\\\",\\\"selectedIconPath\\\":\\\"upload\\\\\\/default\\\\\\/diy_view\\\\\\/bottom\\\\\\/shop_category_selected.png\\\",\\\"text\\\":\\\"\\\\u5206\\\\u7c7b\\\",\\\"link\\\":{\\\"name\\\":\\\"SHOP_CATEGORY\\\",\\\"menuOne\\\":\\\"MALL_PAGE\\\",\\\"menuTwo\\\":\\\"MALL_LINK\\\",\\\"type\\\":1,\\\"wap_url\\\":\\\"\\\\\\/otherpages\\\\\\/shop\\\\\\/category\\\\\\/category\\\",\\\"title\\\":\\\"\\\\u5e97\\\\u94fa\\\\u5546\\\\u54c1\\\\u5206\\\\u7c7b\\\"}},{\\\"iconPath\\\":\\\"upload\\\\\\/default\\\\\\/diy_view\\\\\\/bottom\\\\\\/shop_list.png\\\",\\\"selectedIconPath\\\":\\\"upload\\\\\\/default\\\\\\/diy_view\\\\\\/bottom\\\\\\/shop_list_selected.png\\\",\\\"text\\\":\\\"\\\\u5b9d\\\\u8d1d\\\",\\\"link\\\":{\\\"name\\\":\\\"SHOP_LIST\\\",\\\"menuOne\\\":\\\"MALL_PAGE\\\",\\\"menuTwo\\\":\\\"MALL_LINK\\\",\\\"type\\\":1,\\\"wap_url\\\":\\\"\\\\\\/otherpages\\\\\\/shop\\\\\\/list\\\\\\/list\\\",\\\"title\\\":\\\"\\\\u5e97\\\\u94fa\\\\u5546\\\\u54c1\\\\u5217\\\\u8868\\\"}},{\\\"iconPath\\\":\\\"upload\\\\\\/default\\\\\\/diy_view\\\\\\/bottom\\\\\\/shop_introduce.png\\\",\\\"selectedIconPath\\\":\\\"upload\\\\\\/default\\\\\\/diy_view\\\\\\/bottom\\\\\\/shop_introduce_selected.png\\\",\\\"text\\\":\\\"\\\\u4ecb\\\\u7ecd\\\",\\\"link\\\":{\\\"name\\\":\\\"SHOP_INTRODUCE\\\",\\\"menuOne\\\":\\\"MALL_PAGE\\\",\\\"menuTwo\\\":\\\"MALL_LINK\\\",\\\"type\\\":1,\\\"wap_url\\\":\\\"\\\\\\/otherpages\\\\\\/shop\\\\\\/introduce\\\\\\/introduce\\\",\\\"title\\\":\\\"\\\\u5e97\\\\u94fa\\\\u4ecb\\\\u7ecd\\\"}}]}\"' , `config_desc` = '店铺端自定义底部导航' , `is_use` = 1 , `create_time` = 1663400281 [ RunTime:0.000574s ]
[2022-09-17T15:38:01+08:00][sql] SELECT `id` FROM `gxfc_config` WHERE  `site_id` = 7  AND `app_module` = 'shop'  AND `config_key` = 'SHOP_STORE_WITHDRAW' LIMIT 1 [ RunTime:0.000255s ]
[2022-09-17T15:38:01+08:00][sql] INSERT INTO `gxfc_config` SET `site_id` = 7 , `app_module` = 'shop' , `config_key` = 'SHOP_STORE_WITHDRAW' , `value` = '{\"period_type\":3}' , `config_desc` = '门店结算设置' , `is_use` = 1 , `create_time` = 1663400281 [ RunTime:0.000279s ]
[2022-09-17T15:38:01+08:00][sql] DELETE FROM `gxfc_cron` WHERE  `event` = 'StoreWithdrawPeriodCalc'  AND `relate_id` = 7 [ RunTime:0.000294s ]
[2022-09-17T15:38:01+08:00][sql] INSERT INTO `gxfc_cron` SET `type` = 2 , `period` = 1 , `period_type` = 3 , `name` = '门店周期结算' , `event` = 'StoreWithdrawPeriodCalc' , `execute_time` = 1664553600 , `relate_id` = 7 , `create_time` = 1663400281 [ RunTime:0.000255s ]
[2022-09-17T15:38:01+08:00][sql] SELECT `id` FROM `gxfc_config` WHERE  `site_id` = 7  AND `app_module` = 'shop'  AND `config_key` = 'EXPRESS_CONFIG' LIMIT 1 [ RunTime:0.000324s ]
[2022-09-17T15:38:01+08:00][sql] INSERT INTO `gxfc_config` SET `site_id` = 7 , `app_module` = 'shop' , `config_key` = 'EXPRESS_CONFIG' , `value` = '[]' , `config_desc` = '物流配送设置' , `is_use` = 1 , `create_time` = 1663400281 [ RunTime:0.006481s ]
[2022-09-17T15:38:14+08:00][sql] CONNECT:[ UseTime:0.000367s ] mysql:host=127.0.0.1;port=3306;dbname=ls_ssl_com;charset=utf8
[2022-09-17T15:38:14+08:00][sql] SELECT `id`,`app_module`,`name`,`title`,`parent`,`level`,`url`,`is_show`,`sort`,`desc`,`picture`,`is_icon`,`picture_select`,`is_control`,`addon` FROM `gxfc_menu` WHERE  `url` = 'admin/Shopapply/editApply'  AND `app_module` = 'admin' ORDER BY `level` DESC LIMIT 1 [ RunTime:0.000458s ]
[2022-09-17T15:38:14+08:00][sql] SELECT `id`,`app_module`,`name`,`title`,`parent`,`level`,`url`,`is_show`,`sort`,`desc`,`picture`,`is_icon`,`picture_select`,`is_control`,`addon` FROM `gxfc_menu` WHERE  `name` = 'SHOP_APPLY_EDIT'  AND `app_module` = 'admin' LIMIT 1 [ RunTime:0.000325s ]
[2022-09-17T15:38:15+08:00][sql] SELECT `site_id`,`app_module`,`config_key`,`value`,`config_desc`,`is_use`,`create_time`,`modify_time` FROM `gxfc_config` WHERE  `site_id` = 0  AND `app_module` = 'admin'  AND `config_key` = 'COPYRIGHT' LIMIT 1 [ RunTime:0.000340s ]
[2022-09-17T15:38:15+08:00][sql] SELECT * FROM `gxfc_shop_apply` WHERE  `apply_id` = 4 LIMIT 1 [ RunTime:0.000356s ]
[2022-09-17T15:38:15+08:00][sql] SELECT `category_name` FROM `gxfc_shop_category` WHERE  `category_id` = 19 LIMIT 1 [ RunTime:0.000248s ]
[2022-09-17T15:38:33+08:00][sql] CONNECT:[ UseTime:0.000365s ] mysql:host=127.0.0.1;port=3306;dbname=ls_ssl_com;charset=utf8
[2022-09-17T15:38:33+08:00][sql] SELECT `group_id`,`is_own`,`group_name`,`fee`,`remark` FROM `gxfc_shop_group` WHERE  `is_own` = 0 ORDER BY `is_own` ASC,`fee` ASC [ RunTime:0.000368s ]
[2022-09-17T15:38:33+08:00][sql] SELECT `site_id`,`site_area_name` FROM `gxfc_website` [ RunTime:0.000213s ]
[2022-09-17T15:40:08+08:00][sql] CONNECT:[ UseTime:0.000338s ] mysql:host=127.0.0.1;port=3306;dbname=ls_ssl_com;charset=utf8
[2022-09-17T15:40:08+08:00][sql] SELECT `group_id`,`is_own`,`group_name`,`fee`,`remark` FROM `gxfc_shop_group` WHERE  `is_own` = 0 ORDER BY `is_own` ASC,`fee` ASC [ RunTime:0.000376s ]
[2022-09-17T15:40:08+08:00][sql] SELECT `site_id`,`site_area_name` FROM `gxfc_website` [ RunTime:0.000233s ]
[2022-09-17T15:40:13+08:00][sql] CONNECT:[ UseTime:0.000355s ] mysql:host=127.0.0.1;port=3306;dbname=ls_ssl_com;charset=utf8
[2022-09-17T15:40:13+08:00][sql] SELECT `id`,`app_module`,`name`,`title`,`parent`,`level`,`url`,`is_show`,`sort`,`desc`,`picture`,`is_icon`,`picture_select`,`is_control`,`addon` FROM `gxfc_menu` WHERE  `url` = 'admin/Shop/certInfo'  AND `app_module` = 'admin' ORDER BY `level` DESC LIMIT 1 [ RunTime:0.000434s ]
[2022-09-17T15:40:13+08:00][sql] SELECT `id`,`app_module`,`name`,`title`,`parent`,`level`,`url`,`is_show`,`sort`,`desc`,`picture`,`is_icon`,`picture_select`,`is_control`,`addon` FROM `gxfc_menu` WHERE  `name` = 'SHOP_CERT_INFO'  AND `app_module` = 'admin' LIMIT 1 [ RunTime:0.000367s ]
[2022-09-17T15:40:13+08:00][sql] SELECT * FROM `gxfc_shop_cert` WHERE  `site_id` = 7 LIMIT 1 [ RunTime:0.000417s ]
[2022-09-17T15:40:13+08:00][sql] SELECT `parent` FROM `gxfc_menu` WHERE  `url` = 'admin/shop/certinfo'  AND `level` = 4 LIMIT 1 [ RunTime:0.000283s ]
[2022-09-17T15:41:22+08:00][sql] CONNECT:[ UseTime:0.000342s ] mysql:host=127.0.0.1;port=3306;dbname=ls_ssl_com;charset=utf8
[2022-09-17T15:41:22+08:00][sql] SELECT `cert_id`,`site_id`,`cert_type`,`company_name`,`company_province_id`,`company_city_id`,`company_district_id`,`company_address`,`company_full_address`,`contacts_name`,`contacts_mobile`,`contacts_card_no`,`contacts_card_electronic_1`,`contacts_card_electronic_2`,`contacts_card_electronic_3`,`business_licence_number`,`business_licence_number_electronic`,`business_sphere`,`taxpayer_id`,`general_taxpayer`,`tax_registration_certificate`,`tax_registration_certificate_electronic`,`bank_account_name`,`bank_account_number`,`bank_name`,`bank_address`,`bank_code`,`bank_type`,`settlement_bank_account_name`,`settlement_bank_account_number`,`settlement_bank_name`,`settlement_bank_address`,`area` FROM `gxfc_shop_cert` WHERE  `site_id` = 7 LIMIT 1 [ RunTime:0.000493s ]
[2022-09-17T15:41:22+08:00][sql] UPDATE `gxfc_shop_cert`  SET `company_name` = '' , `company_province_id` = 0 , `company_city_id` = 0 , `company_district_id` = 0 , `company_address` = '' , `contacts_name` = '赵小波' , `contacts_mobile` = '18980363806' , `contacts_card_no` = '511130198102023416' , `contacts_card_electronic_1` = '' , `contacts_card_electronic_2` = 'upload/chat_img/20220917/20220917033138166339989872282.jpg' , `contacts_card_electronic_3` = 'upload/chat_img/20220917/20220917033153166339991375150.jpg' , `business_licence_number` = '' , `business_licence_number_electronic` = '' , `business_sphere` = '' , `tax_registration_certificate` = '' , `tax_registration_certificate_electronic` = '' , `bank_account_name` = '' , `bank_account_number` = '' , `bank_name` = '' , `bank_address` = '' , `site_id` = 7  WHERE  `site_id` = 7 [ RunTime:0.000328s ]
[2022-09-17T15:41:22+08:00][sql] SELECT * FROM `gxfc_shop` WHERE  `site_id` = 7 LIMIT 1 [ RunTime:0.000414s ]
[2022-09-17T15:41:22+08:00][sql] UPDATE `gxfc_shop`  SET `cert_id` = 7  WHERE  `site_id` = 7 [ RunTime:0.000228s ]
[2022-09-17T15:41:24+08:00][sql] CONNECT:[ UseTime:0.000358s ] mysql:host=127.0.0.1;port=3306;dbname=ls_ssl_com;charset=utf8
[2022-09-17T15:41:24+08:00][sql] SELECT `group_id`,`is_own`,`group_name`,`fee`,`remark` FROM `gxfc_shop_group` WHERE  `is_own` = 0 ORDER BY `is_own` ASC,`fee` ASC [ RunTime:0.000342s ]
[2022-09-17T15:41:24+08:00][sql] SELECT `site_id`,`site_area_name` FROM `gxfc_website` [ RunTime:0.000428s ]
[2022-09-17T18:19:49+08:00][sql] CONNECT:[ UseTime:0.000371s ] mysql:host=127.0.0.1;port=3306;dbname=ls_ssl_com;charset=utf8
[2022-09-17T18:19:49+08:00][sql] SELECT * FROM `gxfc_link` WHERE  `parent` = '' ORDER BY `sort` ASC [ RunTime:0.000436s ]
[2022-09-17T18:19:49+08:00][sql] SELECT * FROM `gxfc_link` WHERE  `parent` = 'MALL_PAGE' ORDER BY `sort` ASC [ RunTime:0.000383s ]
[2022-09-17T18:19:49+08:00][sql] SELECT * FROM `gxfc_link` WHERE  `parent` = 'COMMODITY' ORDER BY `sort` ASC [ RunTime:0.000338s ]
[2022-09-17T18:19:49+08:00][sql] SELECT * FROM `gxfc_link` WHERE  `parent` = 'CUSTOM_LINK' ORDER BY `sort` ASC [ RunTime:0.000306s ]
[2022-09-17T18:19:49+08:00][sql] SELECT * FROM `gxfc_link` WHERE  `parent` = 'GAME' ORDER BY `sort` ASC [ RunTime:0.000288s ]
[2022-09-17T18:19:49+08:00][sql] CONNECT:[ UseTime:0.000395s ] mysql:host=127.0.0.1;port=3306;dbname=ls_ssl_com;charset=utf8
[2022-09-17T18:19:49+08:00][sql] SELECT * FROM `gxfc_link` WHERE  `parent` = 'MALL_LINK'  AND (`support_diy_view` LIKE 'DIY_VIEW_SHOP_INDEX' OR `support_diy_view` LIKE '') ORDER BY `sort` ASC [ RunTime:0.000486s ]
[2022-09-17T18:19:49+08:00][sql] SELECT * FROM `gxfc_link` WHERE  `parent` = 'BASICS_LINK'  AND (`support_diy_view` LIKE 'DIY_VIEW_SHOP_INDEX' OR `support_diy_view` LIKE '') ORDER BY `sort` ASC [ RunTime:0.000438s ]
[2022-09-17T18:19:49+08:00][sql] SELECT * FROM `gxfc_link` WHERE  `parent` = 'SHOP_LINK'  AND (`support_diy_view` LIKE 'DIY_VIEW_SHOP_INDEX' OR `support_diy_view` LIKE '') ORDER BY `sort` ASC [ RunTime:0.000352s ]
[2022-09-17T18:19:49+08:00][sql] SELECT * FROM `gxfc_link` WHERE  `parent` = 'MEMBER'  AND (`support_diy_view` LIKE 'DIY_VIEW_SHOP_INDEX' OR `support_diy_view` LIKE '') ORDER BY `sort` ASC [ RunTime:0.000453s ]
[2022-09-17T18:19:49+08:00][sql] SELECT * FROM `gxfc_link` WHERE  `parent` = 'DISTRIBUTION'  AND (`support_diy_view` LIKE 'DIY_VIEW_SHOP_INDEX' OR `support_diy_view` LIKE '') ORDER BY `sort` ASC [ RunTime:0.000385s ]
[2022-09-17T18:26:56+08:00][sql] CONNECT:[ UseTime:0.000371s ] mysql:host=127.0.0.1;port=3306;dbname=ls_ssl_com;charset=utf8
[2022-09-17T18:26:56+08:00][sql] SELECT `category_id`,category_name as title FROM `gxfc_goods_category` WHERE  `pid` = 0  AND `level` = 1 ORDER BY `sort` ASC [ RunTime:0.000364s ]
[2022-09-17T18:26:56+08:00][sql] SELECT COUNT(*) AS think_count FROM `gxfc_goods_category` WHERE  `pid` = 1 [ RunTime:0.000229s ]
[2022-09-17T18:26:56+08:00][sql] SELECT COUNT(*) AS think_count FROM `gxfc_goods_category` WHERE  `pid` = 2 [ RunTime:0.000189s ]
[2022-09-17T18:26:56+08:00][sql] SELECT COUNT(*) AS think_count FROM `gxfc_goods_category` WHERE  `pid` = 3 [ RunTime:0.000196s ]
[2022-09-17T18:26:56+08:00][sql] SELECT COUNT(*) AS think_count FROM `gxfc_goods_category` WHERE  `pid` = 8 [ RunTime:0.000172s ]
[2022-09-17T18:26:56+08:00][sql] SELECT COUNT(*) AS think_count FROM `gxfc_goods_category` WHERE  `pid` = 9 [ RunTime:0.000167s ]
[2022-09-17T18:26:56+08:00][sql] SELECT `category_id`,category_name as title FROM `gxfc_goods_category` WHERE  `pid` = 1  AND `level` = 2 ORDER BY `sort` ASC [ RunTime:0.000270s ]
[2022-09-17T18:26:56+08:00][sql] SELECT COUNT(*) AS think_count FROM `gxfc_goods_category` WHERE  `pid` = 4 [ RunTime:0.000202s ]
[2022-09-17T18:26:56+08:00][sql] SELECT COUNT(*) AS think_count FROM `gxfc_goods_category` WHERE  `pid` = 5 [ RunTime:0.000175s ]
[2022-09-17T18:26:56+08:00][sql] SELECT COUNT(*) AS think_count FROM `gxfc_goods_category` WHERE  `pid` = 21 [ RunTime:0.000175s ]
[2022-09-17T18:26:56+08:00][sql] SELECT COUNT(*) AS think_count FROM `gxfc_goods_category` WHERE  `pid` = 22 [ RunTime:0.000184s ]
[2022-09-17T18:26:56+08:00][sql] SELECT COUNT(*) AS think_count FROM `gxfc_goods_category` WHERE  `pid` = 23 [ RunTime:0.000166s ]
[2022-09-17T18:26:56+08:00][sql] SELECT COUNT(*) AS think_count FROM `gxfc_goods_category` WHERE  `pid` = 24 [ RunTime:0.000168s ]
[2022-09-17T18:26:56+08:00][sql] SELECT COUNT(*) AS think_count FROM `gxfc_goods_category` WHERE  `pid` = 25 [ RunTime:0.000163s ]
[2022-09-17T18:26:56+08:00][sql] SELECT COUNT(*) AS think_count FROM `gxfc_goods_category` WHERE  `pid` = 26 [ RunTime:0.000174s ]
[2022-09-17T18:26:56+08:00][sql] SELECT `category_id`,category_name as title FROM `gxfc_goods_category` WHERE  `pid` = 4  AND `level` = 3 ORDER BY `sort` ASC [ RunTime:0.000237s ]
[2022-09-17T18:26:56+08:00][sql] SELECT `category_id`,category_name as title FROM `gxfc_goods_category` WHERE  `pid` = 5  AND `level` = 3 ORDER BY `sort` ASC [ RunTime:0.000255s ]
[2022-09-17T18:26:56+08:00][sql] SELECT `category_id`,category_name as title FROM `gxfc_goods_category` WHERE  `pid` = 21  AND `level` = 3 ORDER BY `sort` ASC [ RunTime:0.000239s ]
[2022-09-17T18:26:56+08:00][sql] SELECT `category_id`,category_name as title FROM `gxfc_goods_category` WHERE  `pid` = 22  AND `level` = 3 ORDER BY `sort` ASC [ RunTime:0.000260s ]
[2022-09-17T18:26:56+08:00][sql] SELECT `category_id`,category_name as title FROM `gxfc_goods_category` WHERE  `pid` = 23  AND `level` = 3 ORDER BY `sort` ASC [ RunTime:0.000257s ]
[2022-09-17T18:26:56+08:00][sql] SELECT `category_id`,category_name as title FROM `gxfc_goods_category` WHERE  `pid` = 24  AND `level` = 3 ORDER BY `sort` ASC [ RunTime:0.000236s ]
[2022-09-17T18:26:56+08:00][sql] SELECT `category_id`,category_name as title FROM `gxfc_goods_category` WHERE  `pid` = 25  AND `level` = 3 ORDER BY `sort` ASC [ RunTime:0.000253s ]
[2022-09-17T18:26:56+08:00][sql] SELECT `category_id`,category_name as title FROM `gxfc_goods_category` WHERE  `pid` = 26  AND `level` = 3 ORDER BY `sort` ASC [ RunTime:0.000227s ]
[2022-09-17T18:26:56+08:00][sql] SELECT `category_id`,category_name as title FROM `gxfc_goods_category` WHERE  `pid` = 2  AND `level` = 2 ORDER BY `sort` ASC [ RunTime:0.000243s ]
[2022-09-17T18:26:56+08:00][sql] SELECT COUNT(*) AS think_count FROM `gxfc_goods_category` WHERE  `pid` = 6 [ RunTime:0.000200s ]
[2022-09-17T18:26:56+08:00][sql] SELECT `category_id`,category_name as title FROM `gxfc_goods_category` WHERE  `pid` = 6  AND `level` = 3 ORDER BY `sort` ASC [ RunTime:0.000235s ]
[2022-09-17T18:26:56+08:00][sql] SELECT `category_id`,category_name as title FROM `gxfc_goods_category` WHERE  `pid` = 3  AND `level` = 2 ORDER BY `sort` ASC [ RunTime:0.000280s ]
[2022-09-17T18:26:56+08:00][sql] SELECT COUNT(*) AS think_count FROM `gxfc_goods_category` WHERE  `pid` = 7 [ RunTime:0.000315s ]
[2022-09-17T18:26:56+08:00][sql] SELECT `category_id`,category_name as title FROM `gxfc_goods_category` WHERE  `pid` = 7  AND `level` = 3 ORDER BY `sort` ASC [ RunTime:0.000314s ]
[2022-09-17T18:26:56+08:00][sql] SELECT `category_id`,category_name as title FROM `gxfc_goods_category` WHERE  `pid` = 8  AND `level` = 2 ORDER BY `sort` ASC [ RunTime:0.000307s ]
[2022-09-17T18:26:56+08:00][sql] SELECT COUNT(*) AS think_count FROM `gxfc_goods_category` WHERE  `pid` = 10 [ RunTime:0.000221s ]
[2022-09-17T18:26:56+08:00][sql] SELECT `category_id`,category_name as title FROM `gxfc_goods_category` WHERE  `pid` = 10  AND `level` = 3 ORDER BY `sort` ASC [ RunTime:0.000228s ]
[2022-09-17T18:26:56+08:00][sql] SELECT `category_id`,category_name as title FROM `gxfc_goods_category` WHERE  `pid` = 9  AND `level` = 2 ORDER BY `sort` ASC [ RunTime:0.000254s ]
[2022-09-17T18:26:56+08:00][sql] SELECT COUNT(*) AS think_count FROM `gxfc_goods_category` WHERE  `pid` = 11 [ RunTime:0.000220s ]
[2022-09-17T18:26:56+08:00][sql] SELECT COUNT(*) AS think_count FROM `gxfc_goods_category` WHERE  `pid` = 12 [ RunTime:0.000188s ]
[2022-09-17T18:26:56+08:00][sql] SELECT COUNT(*) AS think_count FROM `gxfc_goods_category` WHERE  `pid` = 13 [ RunTime:0.000189s ]
[2022-09-17T18:26:56+08:00][sql] SELECT COUNT(*) AS think_count FROM `gxfc_goods_category` WHERE  `pid` = 14 [ RunTime:0.000217s ]
[2022-09-17T18:26:56+08:00][sql] SELECT COUNT(*) AS think_count FROM `gxfc_goods_category` WHERE  `pid` = 15 [ RunTime:0.000184s ]
[2022-09-17T18:26:56+08:00][sql] SELECT `category_id`,category_name as title FROM `gxfc_goods_category` WHERE  `pid` = 11  AND `level` = 3 ORDER BY `sort` ASC [ RunTime:0.000231s ]
[2022-09-17T18:26:56+08:00][sql] SELECT `category_id`,category_name as title FROM `gxfc_goods_category` WHERE  `pid` = 12  AND `level` = 3 ORDER BY `sort` ASC [ RunTime:0.000258s ]
[2022-09-17T18:26:56+08:00][sql] SELECT `category_id`,category_name as title FROM `gxfc_goods_category` WHERE  `pid` = 13  AND `level` = 3 ORDER BY `sort` ASC [ RunTime:0.000250s ]
[2022-09-17T18:26:56+08:00][sql] SELECT `category_id`,category_name as title FROM `gxfc_goods_category` WHERE  `pid` = 14  AND `level` = 3 ORDER BY `sort` ASC [ RunTime:0.000244s ]
[2022-09-17T18:26:56+08:00][sql] SELECT `category_id`,category_name as title FROM `gxfc_goods_category` WHERE  `pid` = 15  AND `level` = 3 ORDER BY `sort` ASC [ RunTime:0.000266s ]
[2022-09-17T18:26:56+08:00][sql] SELECT COUNT(*) AS think_count FROM `gxfc_goods_category` WHERE  `pid` = 16 [ RunTime:0.000183s ]
[2022-09-17T18:26:56+08:00][sql] SELECT COUNT(*) AS think_count FROM `gxfc_goods_category` WHERE  `pid` = 17 [ RunTime:0.000188s ]
[2022-09-17T18:26:56+08:00][sql] SELECT COUNT(*) AS think_count FROM `gxfc_goods_category` WHERE  `pid` = 18 [ RunTime:0.000180s ]
[2022-09-17T18:26:56+08:00][sql] SELECT COUNT(*) AS think_count FROM `gxfc_goods_category` WHERE  `pid` = 19 [ RunTime:0.000169s ]
[2022-09-17T18:26:56+08:00][sql] SELECT COUNT(*) AS think_count FROM `gxfc_goods_category` WHERE  `pid` = 20 [ RunTime:0.000187s ]
[2022-09-17T18:26:56+08:00][sql] CONNECT:[ UseTime:0.000353s ] mysql:host=127.0.0.1;port=3306;dbname=ls_ssl_com;charset=utf8
[2022-09-17T18:26:56+08:00][sql] SELECT COUNT(*) AS think_count FROM `gxfc_goods` `` WHERE  `is_delete` = 0  AND `goods_state` = 1  AND `verify_state` = 1  AND `site_id` = 7  AND `site_id` = 7 ORDER BY `sort` DESC,`create_time` DESC [ RunTime:0.000392s ]
[2022-09-17T18:26:56+08:00][sql] SELECT `goods_id`,`goods_name`,`goods_class_name`,`goods_image`,`price`,`goods_stock`,`create_time`,`is_virtual`,`sku_id` FROM `gxfc_goods` `` WHERE  `is_delete` = 0  AND `goods_state` = 1  AND `verify_state` = 1  AND `site_id` = 7  AND `site_id` = 7 ORDER BY `sort` DESC,`create_time` DESC LIMIT 0,10 [ RunTime:0.000341s ]
[2022-09-17T18:26:56+08:00][sql] SELECT `sku_id`,`sku_name`,`price`,`stock`,`sku_image`,`goods_id`,`goods_class_name` FROM `gxfc_goods_sku` WHERE  `goods_id` = 9 ORDER BY `create_time` DESC [ RunTime:0.000274s ]
[2022-09-17T18:26:56+08:00][sql] SELECT `sku_id`,`sku_name`,`price`,`stock`,`sku_image`,`goods_id`,`goods_class_name` FROM `gxfc_goods_sku` WHERE  `goods_id` = 8 ORDER BY `create_time` DESC [ RunTime:0.000252s ]
[2022-09-17T18:27:16+08:00][sql] CONNECT:[ UseTime:0.000340s ] mysql:host=127.0.0.1;port=3306;dbname=ls_ssl_com;charset=utf8
[2022-09-17T18:27:16+08:00][sql] SELECT `category_id`,category_name as title FROM `gxfc_goods_category` WHERE  `pid` = 4  AND `level` = 3 ORDER BY `sort` ASC [ RunTime:0.000334s ]
[2022-09-17T18:27:16+08:00][sql] SELECT `category_id`,category_name as title FROM `gxfc_goods_category` WHERE  `pid` = 5  AND `level` = 3 ORDER BY `sort` ASC [ RunTime:0.000306s ]
[2022-09-17T18:27:16+08:00][sql] SELECT `category_id`,category_name as title FROM `gxfc_goods_category` WHERE  `pid` = 21  AND `level` = 3 ORDER BY `sort` ASC [ RunTime:0.000287s ]
[2022-09-17T18:27:16+08:00][sql] SELECT `category_id`,category_name as title FROM `gxfc_goods_category` WHERE  `pid` = 22  AND `level` = 3 ORDER BY `sort` ASC [ RunTime:0.000275s ]
[2022-09-17T18:27:16+08:00][sql] SELECT `category_id`,category_name as title FROM `gxfc_goods_category` WHERE  `pid` = 23  AND `level` = 3 ORDER BY `sort` ASC [ RunTime:0.000259s ]
[2022-09-17T18:27:16+08:00][sql] SELECT `category_id`,category_name as title FROM `gxfc_goods_category` WHERE  `pid` = 24  AND `level` = 3 ORDER BY `sort` ASC [ RunTime:0.000253s ]
[2022-09-17T18:27:16+08:00][sql] SELECT `category_id`,category_name as title FROM `gxfc_goods_category` WHERE  `pid` = 25  AND `level` = 3 ORDER BY `sort` ASC [ RunTime:0.000228s ]
[2022-09-17T18:27:16+08:00][sql] SELECT `category_id`,category_name as title FROM `gxfc_goods_category` WHERE  `pid` = 26  AND `level` = 3 ORDER BY `sort` ASC [ RunTime:0.000224s ]
[2022-09-17T18:27:16+08:00][sql] SELECT `category_id`,category_name as title FROM `gxfc_goods_category` WHERE  `pid` = 6  AND `level` = 3 ORDER BY `sort` ASC [ RunTime:0.000239s ]
[2022-09-17T18:27:16+08:00][sql] SELECT `category_id`,category_name as title FROM `gxfc_goods_category` WHERE  `pid` = 7  AND `level` = 3 ORDER BY `sort` ASC [ RunTime:0.000237s ]
[2022-09-17T18:27:16+08:00][sql] SELECT `category_id`,category_name as title FROM `gxfc_goods_category` WHERE  `pid` = 10  AND `level` = 3 ORDER BY `sort` ASC [ RunTime:0.000221s ]
[2022-09-17T18:27:16+08:00][sql] SELECT `category_id`,category_name as title FROM `gxfc_goods_category` WHERE  `pid` = 11  AND `level` = 3 ORDER BY `sort` ASC [ RunTime:0.000240s ]
[2022-09-17T18:27:16+08:00][sql] SELECT `category_id`,category_name as title FROM `gxfc_goods_category` WHERE  `pid` = 12  AND `level` = 3 ORDER BY `sort` ASC [ RunTime:0.000246s ]
[2022-09-17T18:27:16+08:00][sql] SELECT `category_id`,category_name as title FROM `gxfc_goods_category` WHERE  `pid` = 13  AND `level` = 3 ORDER BY `sort` ASC [ RunTime:0.000219s ]
[2022-09-17T18:27:16+08:00][sql] SELECT `category_id`,category_name as title FROM `gxfc_goods_category` WHERE  `pid` = 14  AND `level` = 3 ORDER BY `sort` ASC [ RunTime:0.000216s ]
[2022-09-17T18:27:17+08:00][sql] CONNECT:[ UseTime:0.000340s ] mysql:host=127.0.0.1;port=3306;dbname=ls_ssl_com;charset=utf8
[2022-09-17T18:27:17+08:00][sql] SELECT COUNT(*) AS think_count FROM `gxfc_goods` `` WHERE  `is_delete` = 0  AND `goods_state` = 1  AND `verify_state` = 1  AND `site_id` = 7  AND `site_id` = 7 ORDER BY `sort` DESC,`create_time` DESC [ RunTime:0.000391s ]
[2022-09-17T18:27:17+08:00][sql] SELECT `goods_id`,`goods_name`,`goods_class_name`,`goods_image`,`price`,`goods_stock`,`create_time`,`is_virtual`,`sku_id` FROM `gxfc_goods` `` WHERE  `is_delete` = 0  AND `goods_state` = 1  AND `verify_state` = 1  AND `site_id` = 7  AND `site_id` = 7 ORDER BY `sort` DESC,`create_time` DESC LIMIT 0,10 [ RunTime:0.000391s ]
[2022-09-17T18:27:17+08:00][sql] SELECT `sku_id`,`sku_name`,`price`,`stock`,`sku_image`,`goods_id`,`goods_class_name` FROM `gxfc_goods_sku` WHERE  `goods_id` = 9 ORDER BY `create_time` DESC [ RunTime:0.000260s ]
[2022-09-17T18:27:17+08:00][sql] SELECT `sku_id`,`sku_name`,`price`,`stock`,`sku_image`,`goods_id`,`goods_class_name` FROM `gxfc_goods_sku` WHERE  `goods_id` = 8 ORDER BY `create_time` DESC [ RunTime:0.000245s ]
