[2022-09-26T09:30:21+08:00][sql] CONNECT:[ UseTime:0.000379s ] mysql:host=127.0.0.1;port=3306;dbname=ls_ssl_com;charset=utf8
[2022-09-26T09:30:21+08:00][sql] SELECT `uid`,`app_module`,`app_group`,`is_admin`,`site_id`,`group_id`,`group_name`,`username`,`password`,`member_id`,`create_time`,`update_time`,`status`,`login_time`,`login_ip` FROM `gxfc_user` WHERE  `username` = 'admin'  AND `app_module` = 'admin' LIMIT 1 [ RunTime:0.000457s ]
[2022-09-26T09:30:21+08:00][sql] UPDATE `gxfc_user`  SET `login_time` = 1664155821 , `login_ip` = '171.83.116.33'  WHERE  `uid` = 1 [ RunTime:0.005884s ]
[2022-09-26T09:30:21+08:00][sql] INSERT INTO `gxfc_user_log` SET `uid` = 1 , `username` = 'admin' , `site_id` = 0 , `url` = 'admin/Login/login' , `ip` = '171.83.116.33' , `data` = '[]' , `action_name` = '用户登录' , `create_time` = 1664155821 [ RunTime:0.003303s ]
[2022-09-26T09:30:22+08:00][sql] CONNECT:[ UseTime:0.000443s ] mysql:host=127.0.0.1;port=3306;dbname=ls_ssl_com;charset=utf8
[2022-09-26T09:30:22+08:00][sql] SELECT `title`,`logo`,`desc`,`keywords`,`web_status`,`close_reason` FROM `gxfc_website` WHERE  `site_id` = 0 LIMIT 1 [ RunTime:0.000350s ]
[2022-09-26T09:30:22+08:00][sql] SELECT `id`,`site_id`,`year`,`month`,`day`,`order_total`,`shipping_total`,`refund_total`,`order_pay_count`,`goods_pay_count`,`shop_money`,`platform_money`,`create_time`,`modify_time`,`collect_shop`,`collect_goods`,`visit_count`,`order_count`,`goods_count`,`add_goods_count`,`day_time`,`member_count` FROM `gxfc_stat_shop` WHERE  `site_id` = 0  AND `year` = 2022  AND `month` = 9  AND `day` = 26 LIMIT 1 [ RunTime:0.000352s ]
[2022-09-26T09:30:22+08:00][sql] INSERT INTO `gxfc_stat_shop` SET `site_id` = 0 , `year` = 2022 , `month` = 9 , `day` = 26 , `day_time` = 1664121600 [ RunTime:0.010523s ]
[2022-09-26T09:30:22+08:00][sql] SELECT `id`,`site_id`,`year`,`month`,`day`,`order_total`,`shipping_total`,`refund_total`,`order_pay_count`,`goods_pay_count`,`shop_money`,`platform_money`,`create_time`,`modify_time`,`collect_shop`,`collect_goods`,`visit_count`,`order_count`,`goods_count`,`add_goods_count`,`day_time`,`member_count` FROM `gxfc_stat_shop` WHERE  `site_id` = 0  AND `year` = 2022  AND `month` = 9  AND `day` = 26  AND `day_time` = 1664121600 LIMIT 1 [ RunTime:0.000324s ]
[2022-09-26T09:30:22+08:00][sql] SELECT `id`,`site_id`,`year`,`month`,`day`,`order_total`,`shipping_total`,`refund_total`,`order_pay_count`,`goods_pay_count`,`shop_money`,`platform_money`,`create_time`,`modify_time`,`collect_shop`,`collect_goods`,`visit_count`,`order_count`,`goods_count`,`add_goods_count`,`day_time`,`member_count` FROM `gxfc_stat_shop` WHERE  `site_id` = 0  AND `year` = 2022  AND `month` = 9  AND `day` = 26 LIMIT 1 [ RunTime:0.000285s ]
[2022-09-26T09:30:22+08:00][sql] SELECT `id`,`site_id`,`year`,`month`,`day`,`order_total`,`shipping_total`,`refund_total`,`order_pay_count`,`goods_pay_count`,`shop_money`,`platform_money`,`create_time`,`modify_time`,`collect_shop`,`collect_goods`,`visit_count`,`order_count`,`goods_count`,`add_goods_count`,`day_time`,`member_count` FROM `gxfc_stat_shop` WHERE  `site_id` = 0  AND `year` = 2022  AND `month` = 9  AND `day` = 25 LIMIT 1 [ RunTime:0.000272s ]
[2022-09-26T09:30:22+08:00][sql] INSERT INTO `gxfc_stat_shop` SET `site_id` = 0 , `year` = 2022 , `month` = 9 , `day` = 25 , `day_time` = 1664121600 [ RunTime:0.010652s ]
[2022-09-26T09:30:22+08:00][sql] SELECT `id`,`site_id`,`year`,`month`,`day`,`order_total`,`shipping_total`,`refund_total`,`order_pay_count`,`goods_pay_count`,`shop_money`,`platform_money`,`create_time`,`modify_time`,`collect_shop`,`collect_goods`,`visit_count`,`order_count`,`goods_count`,`add_goods_count`,`day_time`,`member_count` FROM `gxfc_stat_shop` WHERE  `site_id` = 0  AND `year` = 2022  AND `month` = 9  AND `day` = 25  AND `day_time` = 1664121600 LIMIT 1 [ RunTime:0.000282s ]
[2022-09-26T09:30:22+08:00][sql] SELECT `id`,`site_id`,`year`,`month`,`day`,`order_total`,`shipping_total`,`refund_total`,`order_pay_count`,`goods_pay_count`,`shop_money`,`platform_money`,`create_time`,`modify_time`,`collect_shop`,`collect_goods`,`visit_count`,`order_count`,`goods_count`,`add_goods_count`,`day_time`,`member_count` FROM `gxfc_stat_shop` WHERE  `site_id` = 0  AND `year` = 2022  AND `month` = 09  AND `day` = 17 LIMIT 1 [ RunTime:0.000309s ]
[2022-09-26T09:30:22+08:00][sql] SELECT `id`,`site_id`,`year`,`month`,`day`,`order_total`,`shipping_total`,`refund_total`,`order_pay_count`,`goods_pay_count`,`shop_money`,`platform_money`,`create_time`,`modify_time`,`collect_shop`,`collect_goods`,`visit_count`,`order_count`,`goods_count`,`add_goods_count`,`day_time`,`member_count` FROM `gxfc_stat_shop` WHERE  `site_id` = 0  AND `year` = 2022  AND `month` = 09  AND `day` = 18 LIMIT 1 [ RunTime:0.000271s ]
[2022-09-26T09:30:22+08:00][sql] SELECT `id`,`site_id`,`year`,`month`,`day`,`order_total`,`shipping_total`,`refund_total`,`order_pay_count`,`goods_pay_count`,`shop_money`,`platform_money`,`create_time`,`modify_time`,`collect_shop`,`collect_goods`,`visit_count`,`order_count`,`goods_count`,`add_goods_count`,`day_time`,`member_count` FROM `gxfc_stat_shop` WHERE  `site_id` = 0  AND `year` = 2022  AND `month` = 09  AND `day` = 19 LIMIT 1 [ RunTime:0.000265s ]
[2022-09-26T09:30:22+08:00][sql] SELECT `id`,`site_id`,`year`,`month`,`day`,`order_total`,`shipping_total`,`refund_total`,`order_pay_count`,`goods_pay_count`,`shop_money`,`platform_money`,`create_time`,`modify_time`,`collect_shop`,`collect_goods`,`visit_count`,`order_count`,`goods_count`,`add_goods_count`,`day_time`,`member_count` FROM `gxfc_stat_shop` WHERE  `site_id` = 0  AND `year` = 2022  AND `month` = 09  AND `day` = 20 LIMIT 1 [ RunTime:0.000280s ]
[2022-09-26T09:30:22+08:00][sql] SELECT `id`,`site_id`,`year`,`month`,`day`,`order_total`,`shipping_total`,`refund_total`,`order_pay_count`,`goods_pay_count`,`shop_money`,`platform_money`,`create_time`,`modify_time`,`collect_shop`,`collect_goods`,`visit_count`,`order_count`,`goods_count`,`add_goods_count`,`day_time`,`member_count` FROM `gxfc_stat_shop` WHERE  `site_id` = 0  AND `year` = 2022  AND `month` = 09  AND `day` = 21 LIMIT 1 [ RunTime:0.000286s ]
[2022-09-26T09:30:22+08:00][sql] SELECT `id`,`site_id`,`year`,`month`,`day`,`order_total`,`shipping_total`,`refund_total`,`order_pay_count`,`goods_pay_count`,`shop_money`,`platform_money`,`create_time`,`modify_time`,`collect_shop`,`collect_goods`,`visit_count`,`order_count`,`goods_count`,`add_goods_count`,`day_time`,`member_count` FROM `gxfc_stat_shop` WHERE  `site_id` = 0  AND `year` = 2022  AND `month` = 09  AND `day` = 22 LIMIT 1 [ RunTime:0.000264s ]
[2022-09-26T09:30:22+08:00][sql] SELECT `id`,`site_id`,`year`,`month`,`day`,`order_total`,`shipping_total`,`refund_total`,`order_pay_count`,`goods_pay_count`,`shop_money`,`platform_money`,`create_time`,`modify_time`,`collect_shop`,`collect_goods`,`visit_count`,`order_count`,`goods_count`,`add_goods_count`,`day_time`,`member_count` FROM `gxfc_stat_shop` WHERE  `site_id` = 0  AND `year` = 2022  AND `month` = 09  AND `day` = 23 LIMIT 1 [ RunTime:0.000271s ]
[2022-09-26T09:30:22+08:00][sql] INSERT INTO `gxfc_stat_shop` SET `site_id` = 0 , `year` = 2022 , `month` = 09 , `day` = 23 , `day_time` = 1664121600 [ RunTime:0.004102s ]
[2022-09-26T09:30:22+08:00][sql] SELECT `id`,`site_id`,`year`,`month`,`day`,`order_total`,`shipping_total`,`refund_total`,`order_pay_count`,`goods_pay_count`,`shop_money`,`platform_money`,`create_time`,`modify_time`,`collect_shop`,`collect_goods`,`visit_count`,`order_count`,`goods_count`,`add_goods_count`,`day_time`,`member_count` FROM `gxfc_stat_shop` WHERE  `site_id` = 0  AND `year` = 2022  AND `month` = 09  AND `day` = 23  AND `day_time` = 1664121600 LIMIT 1 [ RunTime:0.000265s ]
[2022-09-26T09:30:22+08:00][sql] SELECT `id`,`site_id`,`year`,`month`,`day`,`order_total`,`shipping_total`,`refund_total`,`order_pay_count`,`goods_pay_count`,`shop_money`,`platform_money`,`create_time`,`modify_time`,`collect_shop`,`collect_goods`,`visit_count`,`order_count`,`goods_count`,`add_goods_count`,`day_time`,`member_count` FROM `gxfc_stat_shop` WHERE  `site_id` = 0  AND `year` = 2022  AND `month` = 09  AND `day` = 24 LIMIT 1 [ RunTime:0.000261s ]
[2022-09-26T09:30:22+08:00][sql] INSERT INTO `gxfc_stat_shop` SET `site_id` = 0 , `year` = 2022 , `month` = 09 , `day` = 24 , `day_time` = 1664121600 [ RunTime:0.004061s ]
[2022-09-26T09:30:22+08:00][sql] SELECT `id`,`site_id`,`year`,`month`,`day`,`order_total`,`shipping_total`,`refund_total`,`order_pay_count`,`goods_pay_count`,`shop_money`,`platform_money`,`create_time`,`modify_time`,`collect_shop`,`collect_goods`,`visit_count`,`order_count`,`goods_count`,`add_goods_count`,`day_time`,`member_count` FROM `gxfc_stat_shop` WHERE  `site_id` = 0  AND `year` = 2022  AND `month` = 09  AND `day` = 24  AND `day_time` = 1664121600 LIMIT 1 [ RunTime:0.000276s ]
[2022-09-26T09:30:22+08:00][sql] SELECT `id`,`site_id`,`year`,`month`,`day`,`order_total`,`shipping_total`,`refund_total`,`order_pay_count`,`goods_pay_count`,`shop_money`,`platform_money`,`create_time`,`modify_time`,`collect_shop`,`collect_goods`,`visit_count`,`order_count`,`goods_count`,`add_goods_count`,`day_time`,`member_count` FROM `gxfc_stat_shop` WHERE  `site_id` = 0  AND `year` = 2022  AND `month` = 09  AND `day` = 25 LIMIT 1 [ RunTime:0.000293s ]
[2022-09-26T09:30:22+08:00][sql] SELECT `id`,`site_id`,`year`,`month`,`day`,`order_total`,`shipping_total`,`refund_total`,`order_pay_count`,`goods_pay_count`,`shop_money`,`platform_money`,`create_time`,`modify_time`,`collect_shop`,`collect_goods`,`visit_count`,`order_count`,`goods_count`,`add_goods_count`,`day_time`,`member_count` FROM `gxfc_stat_shop` WHERE  `site_id` = 0  AND `year` = 2022  AND `month` = 09  AND `day` = 26 LIMIT 1 [ RunTime:0.000271s ]
[2022-09-26T09:30:22+08:00][sql] SELECT COUNT(*) AS think_count FROM `gxfc_order` WHERE  `order_status` = 0  AND `is_delete` = 0 [ RunTime:0.000310s ]
[2022-09-26T09:30:22+08:00][sql] SELECT COUNT(*) AS think_count FROM `gxfc_order` WHERE  `order_status` = 1  AND `is_delete` = 0 [ RunTime:0.000224s ]
[2022-09-26T09:30:22+08:00][sql] SELECT COUNT(*) AS think_count FROM `gxfc_order_goods` WHERE  `refund_status` NOT IN (0,3) [ RunTime:0.000218s ]
[2022-09-26T09:30:22+08:00][sql] SELECT COUNT(*) AS think_count FROM `gxfc_goods` WHERE  `goods_state` = 1  AND `is_delete` = 0 [ RunTime:0.000242s ]
[2022-09-26T09:30:22+08:00][sql] SELECT COUNT(*) AS think_count FROM `gxfc_goods` WHERE  `goods_state` = 0  AND `is_delete` = 0 [ RunTime:0.000212s ]
[2022-09-26T09:30:22+08:00][sql] SELECT COUNT(`id`) AS think_count FROM `gxfc_fenxiao_withdraw` WHERE  `status` = 1 [ RunTime:0.000257s ]
[2022-09-26T09:30:22+08:00][sql] SELECT COUNT(`apply_id`) AS think_count FROM `gxfc_fenxiao_apply` WHERE  `status` = 1 [ RunTime:0.000193s ]
[2022-09-26T09:30:22+08:00][sql] SELECT COUNT(*) AS think_count FROM `gxfc_order_complain` WHERE  `complain_status` = 1 [ RunTime:0.000195s ]
[2022-09-26T09:30:22+08:00][sql] SELECT SUM(`order_money`) AS think_sum FROM `gxfc_order` [ RunTime:0.000283s ]
[2022-09-26T09:30:22+08:00][sql] SELECT COUNT(*) AS think_count FROM `gxfc_member` [ RunTime:0.000187s ]
[2022-09-26T09:30:22+08:00][sql] SELECT COUNT(*) AS think_count FROM `gxfc_shop_apply` WHERE  `create_time` BETWEEN 1664121600 AND 1664207999 [ RunTime:0.000218s ]
[2022-09-26T09:30:22+08:00][sql] SELECT COUNT(*) AS think_count FROM `gxfc_shop_apply` WHERE  `create_time` BETWEEN 1664035200 AND 1664121599 [ RunTime:0.000224s ]
[2022-09-26T09:30:22+08:00][sql] SELECT COUNT(*) AS think_count FROM `gxfc_shop` WHERE  `create_time` BETWEEN 1664121600 AND 1664207999 [ RunTime:0.000221s ]
[2022-09-26T09:30:22+08:00][sql] SELECT COUNT(*) AS think_count FROM `gxfc_shop` [ RunTime:0.000196s ]
[2022-09-26T09:30:22+08:00][sql] SELECT COUNT(*) AS think_count FROM `gxfc_goods` [ RunTime:0.000176s ]
[2022-09-26T09:30:24+08:00][sql] CONNECT:[ UseTime:0.000427s ] mysql:host=127.0.0.1;port=3306;dbname=ls_ssl_com;charset=utf8
[2022-09-26T09:30:24+08:00][sql] SELECT `name`,`title` FROM `gxfc_addon` WHERE  `name` = '' LIMIT 1 [ RunTime:0.000300s ]
[2022-09-26T09:30:27+08:00][sql] CONNECT:[ UseTime:0.000334s ] mysql:host=127.0.0.1;port=3306;dbname=ls_ssl_com;charset=utf8
[2022-09-26T09:30:27+08:00][sql] SELECT `name`,`title` FROM `gxfc_addon` WHERE  `name` = '' LIMIT 1 [ RunTime:0.000291s ]
[2022-09-26T09:31:43+08:00][sql] CONNECT:[ UseTime:0.000379s ] mysql:host=127.0.0.1;port=3306;dbname=ls_ssl_com;charset=utf8
[2022-09-26T09:31:43+08:00][sql] SELECT `uid`,`app_module`,`app_group`,`is_admin`,`site_id`,`group_id`,`group_name`,`username`,`password`,`member_id`,`create_time`,`update_time`,`status`,`login_time`,`login_ip` FROM `gxfc_user` WHERE  `username` = 'admin'  AND `app_module` = 'admin' LIMIT 1 [ RunTime:0.000393s ]
[2022-09-26T09:31:43+08:00][sql] UPDATE `gxfc_user`  SET `login_time` = 1664155903 , `login_ip` = '171.83.116.33'  WHERE  `uid` = 1 [ RunTime:0.008156s ]
[2022-09-26T09:31:43+08:00][sql] INSERT INTO `gxfc_user_log` SET `uid` = 1 , `username` = 'admin' , `site_id` = 0 , `url` = 'admin/Login/login' , `ip` = '171.83.116.33' , `data` = '[]' , `action_name` = '用户登录' , `create_time` = 1664155903 [ RunTime:0.003277s ]
[2022-09-26T09:31:43+08:00][sql] CONNECT:[ UseTime:0.000332s ] mysql:host=127.0.0.1;port=3306;dbname=ls_ssl_com;charset=utf8
[2022-09-26T09:31:43+08:00][sql] SELECT `id`,`site_id`,`year`,`month`,`day`,`order_total`,`shipping_total`,`refund_total`,`order_pay_count`,`goods_pay_count`,`shop_money`,`platform_money`,`create_time`,`modify_time`,`collect_shop`,`collect_goods`,`visit_count`,`order_count`,`goods_count`,`add_goods_count`,`day_time`,`member_count` FROM `gxfc_stat_shop` WHERE  `site_id` = 0  AND `year` = 2022  AND `month` = 9  AND `day` = 26 LIMIT 1 [ RunTime:0.000411s ]
[2022-09-26T09:31:43+08:00][sql] SELECT `id`,`site_id`,`year`,`month`,`day`,`order_total`,`shipping_total`,`refund_total`,`order_pay_count`,`goods_pay_count`,`shop_money`,`platform_money`,`create_time`,`modify_time`,`collect_shop`,`collect_goods`,`visit_count`,`order_count`,`goods_count`,`add_goods_count`,`day_time`,`member_count` FROM `gxfc_stat_shop` WHERE  `site_id` = 0  AND `year` = 2022  AND `month` = 9  AND `day` = 26 LIMIT 1 [ RunTime:0.000324s ]
[2022-09-26T09:31:43+08:00][sql] SELECT `id`,`site_id`,`year`,`month`,`day`,`order_total`,`shipping_total`,`refund_total`,`order_pay_count`,`goods_pay_count`,`shop_money`,`platform_money`,`create_time`,`modify_time`,`collect_shop`,`collect_goods`,`visit_count`,`order_count`,`goods_count`,`add_goods_count`,`day_time`,`member_count` FROM `gxfc_stat_shop` WHERE  `site_id` = 0  AND `year` = 2022  AND `month` = 9  AND `day` = 25 LIMIT 1 [ RunTime:0.000295s ]
[2022-09-26T09:31:43+08:00][sql] SELECT `id`,`site_id`,`year`,`month`,`day`,`order_total`,`shipping_total`,`refund_total`,`order_pay_count`,`goods_pay_count`,`shop_money`,`platform_money`,`create_time`,`modify_time`,`collect_shop`,`collect_goods`,`visit_count`,`order_count`,`goods_count`,`add_goods_count`,`day_time`,`member_count` FROM `gxfc_stat_shop` WHERE  `site_id` = 0  AND `year` = 2022  AND `month` = 09  AND `day` = 17 LIMIT 1 [ RunTime:0.000303s ]
[2022-09-26T09:31:43+08:00][sql] SELECT `id`,`site_id`,`year`,`month`,`day`,`order_total`,`shipping_total`,`refund_total`,`order_pay_count`,`goods_pay_count`,`shop_money`,`platform_money`,`create_time`,`modify_time`,`collect_shop`,`collect_goods`,`visit_count`,`order_count`,`goods_count`,`add_goods_count`,`day_time`,`member_count` FROM `gxfc_stat_shop` WHERE  `site_id` = 0  AND `year` = 2022  AND `month` = 09  AND `day` = 18 LIMIT 1 [ RunTime:0.000306s ]
[2022-09-26T09:31:43+08:00][sql] SELECT `id`,`site_id`,`year`,`month`,`day`,`order_total`,`shipping_total`,`refund_total`,`order_pay_count`,`goods_pay_count`,`shop_money`,`platform_money`,`create_time`,`modify_time`,`collect_shop`,`collect_goods`,`visit_count`,`order_count`,`goods_count`,`add_goods_count`,`day_time`,`member_count` FROM `gxfc_stat_shop` WHERE  `site_id` = 0  AND `year` = 2022  AND `month` = 09  AND `day` = 19 LIMIT 1 [ RunTime:0.000346s ]
[2022-09-26T09:31:43+08:00][sql] SELECT `id`,`site_id`,`year`,`month`,`day`,`order_total`,`shipping_total`,`refund_total`,`order_pay_count`,`goods_pay_count`,`shop_money`,`platform_money`,`create_time`,`modify_time`,`collect_shop`,`collect_goods`,`visit_count`,`order_count`,`goods_count`,`add_goods_count`,`day_time`,`member_count` FROM `gxfc_stat_shop` WHERE  `site_id` = 0  AND `year` = 2022  AND `month` = 09  AND `day` = 20 LIMIT 1 [ RunTime:0.000341s ]
[2022-09-26T09:31:43+08:00][sql] SELECT `id`,`site_id`,`year`,`month`,`day`,`order_total`,`shipping_total`,`refund_total`,`order_pay_count`,`goods_pay_count`,`shop_money`,`platform_money`,`create_time`,`modify_time`,`collect_shop`,`collect_goods`,`visit_count`,`order_count`,`goods_count`,`add_goods_count`,`day_time`,`member_count` FROM `gxfc_stat_shop` WHERE  `site_id` = 0  AND `year` = 2022  AND `month` = 09  AND `day` = 21 LIMIT 1 [ RunTime:0.000337s ]
[2022-09-26T09:31:43+08:00][sql] SELECT `id`,`site_id`,`year`,`month`,`day`,`order_total`,`shipping_total`,`refund_total`,`order_pay_count`,`goods_pay_count`,`shop_money`,`platform_money`,`create_time`,`modify_time`,`collect_shop`,`collect_goods`,`visit_count`,`order_count`,`goods_count`,`add_goods_count`,`day_time`,`member_count` FROM `gxfc_stat_shop` WHERE  `site_id` = 0  AND `year` = 2022  AND `month` = 09  AND `day` = 22 LIMIT 1 [ RunTime:0.000323s ]
[2022-09-26T09:31:43+08:00][sql] SELECT `id`,`site_id`,`year`,`month`,`day`,`order_total`,`shipping_total`,`refund_total`,`order_pay_count`,`goods_pay_count`,`shop_money`,`platform_money`,`create_time`,`modify_time`,`collect_shop`,`collect_goods`,`visit_count`,`order_count`,`goods_count`,`add_goods_count`,`day_time`,`member_count` FROM `gxfc_stat_shop` WHERE  `site_id` = 0  AND `year` = 2022  AND `month` = 09  AND `day` = 23 LIMIT 1 [ RunTime:0.000346s ]
[2022-09-26T09:31:43+08:00][sql] SELECT `id`,`site_id`,`year`,`month`,`day`,`order_total`,`shipping_total`,`refund_total`,`order_pay_count`,`goods_pay_count`,`shop_money`,`platform_money`,`create_time`,`modify_time`,`collect_shop`,`collect_goods`,`visit_count`,`order_count`,`goods_count`,`add_goods_count`,`day_time`,`member_count` FROM `gxfc_stat_shop` WHERE  `site_id` = 0  AND `year` = 2022  AND `month` = 09  AND `day` = 24 LIMIT 1 [ RunTime:0.000438s ]
[2022-09-26T09:31:43+08:00][sql] SELECT `id`,`site_id`,`year`,`month`,`day`,`order_total`,`shipping_total`,`refund_total`,`order_pay_count`,`goods_pay_count`,`shop_money`,`platform_money`,`create_time`,`modify_time`,`collect_shop`,`collect_goods`,`visit_count`,`order_count`,`goods_count`,`add_goods_count`,`day_time`,`member_count` FROM `gxfc_stat_shop` WHERE  `site_id` = 0  AND `year` = 2022  AND `month` = 09  AND `day` = 25 LIMIT 1 [ RunTime:0.000305s ]
[2022-09-26T09:31:44+08:00][sql] SELECT `id`,`site_id`,`year`,`month`,`day`,`order_total`,`shipping_total`,`refund_total`,`order_pay_count`,`goods_pay_count`,`shop_money`,`platform_money`,`create_time`,`modify_time`,`collect_shop`,`collect_goods`,`visit_count`,`order_count`,`goods_count`,`add_goods_count`,`day_time`,`member_count` FROM `gxfc_stat_shop` WHERE  `site_id` = 0  AND `year` = 2022  AND `month` = 09  AND `day` = 26 LIMIT 1 [ RunTime:0.000332s ]
[2022-09-26T09:31:44+08:00][sql] SELECT COUNT(*) AS think_count FROM `gxfc_order` WHERE  `order_status` = 0  AND `is_delete` = 0 [ RunTime:0.000260s ]
[2022-09-26T09:31:44+08:00][sql] SELECT COUNT(*) AS think_count FROM `gxfc_order` WHERE  `order_status` = 1  AND `is_delete` = 0 [ RunTime:0.000225s ]
[2022-09-26T09:31:44+08:00][sql] SELECT COUNT(*) AS think_count FROM `gxfc_order_goods` WHERE  `refund_status` NOT IN (0,3) [ RunTime:0.000216s ]
[2022-09-26T09:31:44+08:00][sql] SELECT COUNT(*) AS think_count FROM `gxfc_goods` WHERE  `goods_state` = 1  AND `is_delete` = 0 [ RunTime:0.000242s ]
[2022-09-26T09:31:44+08:00][sql] SELECT COUNT(*) AS think_count FROM `gxfc_goods` WHERE  `goods_state` = 0  AND `is_delete` = 0 [ RunTime:0.000255s ]
[2022-09-26T09:31:44+08:00][sql] SELECT COUNT(`id`) AS think_count FROM `gxfc_fenxiao_withdraw` WHERE  `status` = 1 [ RunTime:0.000225s ]
[2022-09-26T09:31:44+08:00][sql] SELECT COUNT(`apply_id`) AS think_count FROM `gxfc_fenxiao_apply` WHERE  `status` = 1 [ RunTime:0.000231s ]
[2022-09-26T09:31:44+08:00][sql] SELECT COUNT(*) AS think_count FROM `gxfc_order_complain` WHERE  `complain_status` = 1 [ RunTime:0.000263s ]
[2022-09-26T09:31:44+08:00][sql] SELECT SUM(`order_money`) AS think_sum FROM `gxfc_order` [ RunTime:0.000230s ]
[2022-09-26T09:31:44+08:00][sql] SELECT COUNT(*) AS think_count FROM `gxfc_member` [ RunTime:0.000209s ]
[2022-09-26T09:31:44+08:00][sql] SELECT COUNT(*) AS think_count FROM `gxfc_shop_apply` WHERE  `create_time` BETWEEN 1664121600 AND 1664207999 [ RunTime:0.000234s ]
[2022-09-26T09:31:44+08:00][sql] SELECT COUNT(*) AS think_count FROM `gxfc_shop_apply` WHERE  `create_time` BETWEEN 1664035200 AND 1664121599 [ RunTime:0.000227s ]
[2022-09-26T09:31:44+08:00][sql] SELECT COUNT(*) AS think_count FROM `gxfc_shop` WHERE  `create_time` BETWEEN 1664121600 AND 1664207999 [ RunTime:0.000267s ]
[2022-09-26T09:31:44+08:00][sql] SELECT COUNT(*) AS think_count FROM `gxfc_shop` [ RunTime:0.000245s ]
[2022-09-26T09:31:44+08:00][sql] SELECT COUNT(*) AS think_count FROM `gxfc_goods` [ RunTime:0.000201s ]
[2022-09-26T09:31:46+08:00][sql] CONNECT:[ UseTime:0.000380s ] mysql:host=127.0.0.1;port=3306;dbname=ls_ssl_com;charset=utf8
[2022-09-26T09:31:46+08:00][sql] SELECT `site_id`,`site_area_name` FROM `gxfc_website` [ RunTime:0.000313s ]
[2022-09-26T09:31:56+08:00][sql] CONNECT:[ UseTime:0.000350s ] mysql:host=127.0.0.1;port=3306;dbname=ls_ssl_com;charset=utf8
[2022-09-26T09:31:56+08:00][sql] SELECT COUNT(*) AS think_count FROM `gxfc_goods` WHERE  `verify_state` = 0  AND `is_delete` = 0 [ RunTime:0.000369s ]
[2022-09-26T09:31:56+08:00][sql] SELECT COUNT(*) AS think_count FROM `gxfc_goods` WHERE  `verify_state` = -2  AND `is_delete` = 0 [ RunTime:0.000301s ]
[2022-09-26T09:31:56+08:00][sql] SELECT COUNT(*) AS think_count FROM `gxfc_goods` WHERE  `verify_state` = 10  AND `is_delete` = 0 [ RunTime:0.000261s ]
[2022-09-26T09:31:57+08:00][sql] CONNECT:[ UseTime:0.000374s ] mysql:host=127.0.0.1;port=3306;dbname=ls_ssl_com;charset=utf8
[2022-09-26T09:31:57+08:00][sql] SELECT COUNT(*) AS think_count FROM `gxfc_goods` WHERE  `verify_state` = 0  AND `is_delete` = 0 [ RunTime:0.000345s ]
[2022-09-26T09:31:57+08:00][sql] SELECT COUNT(*) AS think_count FROM `gxfc_goods` WHERE  `verify_state` = -2  AND `is_delete` = 0 [ RunTime:0.000312s ]
[2022-09-26T09:31:57+08:00][sql] SELECT COUNT(*) AS think_count FROM `gxfc_goods` WHERE  `verify_state` = 10  AND `is_delete` = 0 [ RunTime:0.000326s ]
[2022-09-26T09:31:57+08:00][sql] CONNECT:[ UseTime:0.000284s ] mysql:host=127.0.0.1;port=3306;dbname=ls_ssl_com;charset=utf8
[2022-09-26T09:31:57+08:00][sql] SELECT COUNT(*) AS think_count FROM `gxfc_goods` `` WHERE  `is_delete` = 0 ORDER BY `create_time` DESC [ RunTime:0.000269s ]
[2022-09-26T09:31:57+08:00][sql] SELECT `goods_id`,`goods_name`,`site_id`,`site_name`,`goods_image`,`is_own`,`goods_state`,`verify_state`,`price`,`goods_stock`,`goods_stock_alarm`,`create_time`,`sale_num`,`is_virtual`,`goods_class`,`is_fenxiao`,`fenxiao_type`,`sku_id`,`max_buy`,`min_buy`,`promotion_addon`,`sort` FROM `gxfc_goods` `` WHERE  `is_delete` = 0 ORDER BY `create_time` DESC LIMIT 0,10 [ RunTime:0.000383s ]
[2022-09-26T09:32:01+08:00][sql] CONNECT:[ UseTime:0.001628s ] mysql:host=127.0.0.1;port=3306;dbname=ls_ssl_com;charset=utf8
[2022-09-26T09:32:01+08:00][sql] SELECT `verify_state_remark` FROM `gxfc_goods` WHERE  `goods_id` = 6  AND `verify_state` IN (-2,10) LIMIT 1 [ RunTime:0.000424s ]
[2022-09-26T09:32:04+08:00][sql] CONNECT:[ UseTime:0.000379s ] mysql:host=127.0.0.1;port=3306;dbname=ls_ssl_com;charset=utf8
[2022-09-26T09:32:04+08:00][sql] SELECT `site_id`,`site_area_name` FROM `gxfc_website` [ RunTime:0.000304s ]
[2022-09-26T09:32:21+08:00][sql] CONNECT:[ UseTime:0.000367s ] mysql:host=127.0.0.1;port=3306;dbname=ls_ssl_com;charset=utf8
[2022-09-26T09:32:21+08:00][sql] SELECT COUNT(*) AS think_count FROM `gxfc_goods` WHERE  `verify_state` = 0  AND `is_delete` = 0 [ RunTime:0.000353s ]
[2022-09-26T09:32:21+08:00][sql] SELECT COUNT(*) AS think_count FROM `gxfc_goods` WHERE  `verify_state` = -2  AND `is_delete` = 0 [ RunTime:0.000290s ]
[2022-09-26T09:32:21+08:00][sql] SELECT COUNT(*) AS think_count FROM `gxfc_goods` WHERE  `verify_state` = 10  AND `is_delete` = 0 [ RunTime:0.000304s ]
[2022-09-26T09:32:21+08:00][sql] CONNECT:[ UseTime:0.000366s ] mysql:host=127.0.0.1;port=3306;dbname=ls_ssl_com;charset=utf8
[2022-09-26T09:32:21+08:00][sql] SELECT COUNT(*) AS think_count FROM `gxfc_goods` WHERE  `verify_state` = 0  AND `is_delete` = 0 [ RunTime:0.000394s ]
[2022-09-26T09:32:21+08:00][sql] SELECT COUNT(*) AS think_count FROM `gxfc_goods` WHERE  `verify_state` = -2  AND `is_delete` = 0 [ RunTime:0.000308s ]
[2022-09-26T09:32:21+08:00][sql] SELECT COUNT(*) AS think_count FROM `gxfc_goods` WHERE  `verify_state` = 10  AND `is_delete` = 0 [ RunTime:0.000393s ]
[2022-09-26T09:32:21+08:00][sql] CONNECT:[ UseTime:0.000306s ] mysql:host=127.0.0.1;port=3306;dbname=ls_ssl_com;charset=utf8
[2022-09-26T09:32:21+08:00][sql] SELECT COUNT(*) AS think_count FROM `gxfc_goods` `` WHERE  `is_delete` = 0 ORDER BY `create_time` DESC [ RunTime:0.000282s ]
[2022-09-26T09:32:21+08:00][sql] SELECT `goods_id`,`goods_name`,`site_id`,`site_name`,`goods_image`,`is_own`,`goods_state`,`verify_state`,`price`,`goods_stock`,`goods_stock_alarm`,`create_time`,`sale_num`,`is_virtual`,`goods_class`,`is_fenxiao`,`fenxiao_type`,`sku_id`,`max_buy`,`min_buy`,`promotion_addon`,`sort` FROM `gxfc_goods` `` WHERE  `is_delete` = 0 ORDER BY `create_time` DESC LIMIT 0,10 [ RunTime:0.000519s ]
[2022-09-26T09:32:32+08:00][sql] CONNECT:[ UseTime:0.000398s ] mysql:host=127.0.0.1;port=3306;dbname=ls_ssl_com;charset=utf8
[2022-09-26T09:32:32+08:00][sql] SELECT `verify_state_remark` FROM `gxfc_goods` WHERE  `goods_id` = 7  AND `verify_state` IN (-2,10) LIMIT 1 [ RunTime:0.000325s ]
[2022-09-26T09:32:34+08:00][sql] CONNECT:[ UseTime:0.000373s ] mysql:host=127.0.0.1;port=3306;dbname=ls_ssl_com;charset=utf8
[2022-09-26T09:32:34+08:00][sql] SELECT `sku_id`,`goods_name` FROM `gxfc_goods_sku` WHERE  `goods_id` = 7 LIMIT 1 [ RunTime:0.000368s ]
[2022-09-26T09:32:34+08:00][sql] SELECT `site_id`,`app_module`,`config_key`,`value`,`config_desc`,`is_use`,`create_time`,`modify_time` FROM `gxfc_config` WHERE  `site_id` = 0  AND `app_module` = 'admin'  AND `config_key` = 'H5_DOMAIN_NAME' LIMIT 1 [ RunTime:0.000368s ]
[2022-09-26T09:32:35+08:00][sql] SELECT `site_id`,`app_module`,`config_key`,`value`,`config_desc`,`is_use`,`create_time`,`modify_time` FROM `gxfc_config` WHERE  `site_id` = 0  AND `app_module` = 'admin'  AND `config_key` = 'WECHAT_CONFIG' LIMIT 1 [ RunTime:0.000442s ]
[2022-09-26T09:32:54+08:00][sql] CONNECT:[ UseTime:0.000340s ] mysql:host=127.0.0.1;port=3306;dbname=ls_ssl_com;charset=utf8
[2022-09-26T09:32:54+08:00][sql] SELECT COUNT(*) AS think_count FROM `gxfc_goods_browse` `gb` LEFT JOIN `gxfc_goods_sku` `gs` ON `gs`.`sku_id`=`gb`.`sku_id` LEFT JOIN `gxfc_member` `m` ON `m`.`member_id`=`gb`.`member_id` WHERE  `gb`.`goods_id` = '7' ORDER BY `browse_time` DESC [ RunTime:0.000371s ]
[2022-09-26T09:32:54+08:00][sql] SELECT `gb`.*,`gs`.`sku_name`,`gs`.`sku_image`,`gs`.`price`,`gs`.`goods_state`,`gs`.`stock`,`gs`.`click_num`,`m`.`nickname`,`m`.`headimg` FROM `gxfc_goods_browse` `gb` LEFT JOIN `gxfc_goods_sku` `gs` ON `gs`.`sku_id`=`gb`.`sku_id` LEFT JOIN `gxfc_member` `m` ON `m`.`member_id`=`gb`.`member_id` WHERE  `gb`.`goods_id` = '7' ORDER BY `browse_time` DESC LIMIT 0,10 [ RunTime:0.000367s ]
[2022-09-26T09:33:01+08:00][sql] CONNECT:[ UseTime:0.000371s ] mysql:host=127.0.0.1;port=3306;dbname=ls_ssl_com;charset=utf8
[2022-09-26T09:33:01+08:00][sql] SELECT `parent` FROM `gxfc_menu` WHERE  `url` = 'admin/goodsattr/lists'  AND `level` = 4 LIMIT 1 [ RunTime:0.000357s ]
[2022-09-26T09:33:03+08:00][sql] CONNECT:[ UseTime:0.000360s ] mysql:host=127.0.0.1;port=3306;dbname=ls_ssl_com;charset=utf8
[2022-09-26T09:33:03+08:00][sql] SELECT `parent` FROM `gxfc_menu` WHERE  `url` = 'admin/goodsbrand/lists'  AND `level` = 4 LIMIT 1 [ RunTime:0.000368s ]
[2022-09-26T09:33:05+08:00][sql] CONNECT:[ UseTime:0.000369s ] mysql:host=127.0.0.1;port=3306;dbname=ls_ssl_com;charset=utf8
[2022-09-26T09:33:05+08:00][sql] SELECT COUNT(*) AS think_count FROM `gxfc_order` `o` ORDER BY `o`.`create_time` DESC [ RunTime:0.000334s ]
[2022-09-26T09:33:05+08:00][sql] SELECT `o`.* FROM `gxfc_order` `o` ORDER BY `o`.`create_time` DESC LIMIT 0,10 [ RunTime:0.000988s ]
[2022-09-26T09:33:05+08:00][sql] SELECT * FROM `gxfc_order_goods` WHERE  `order_id` = 4 [ RunTime:0.000495s ]
[2022-09-26T09:33:05+08:00][sql] SELECT `nickname` FROM `gxfc_member` WHERE  `member_id` = 253 LIMIT 1 [ RunTime:0.000304s ]
[2022-09-26T09:33:05+08:00][sql] SELECT * FROM `gxfc_order_goods` WHERE  `order_id` = 3 [ RunTime:0.000407s ]
[2022-09-26T09:33:05+08:00][sql] SELECT `nickname` FROM `gxfc_member` WHERE  `member_id` = 253 LIMIT 1 [ RunTime:0.000217s ]
[2022-09-26T09:33:05+08:00][sql] SELECT * FROM `gxfc_order_goods` WHERE  `order_id` = 2 [ RunTime:0.000537s ]
[2022-09-26T09:33:05+08:00][sql] SELECT `nickname` FROM `gxfc_member` WHERE  `member_id` = 241 LIMIT 1 [ RunTime:0.000225s ]
[2022-09-26T09:33:05+08:00][sql] SELECT * FROM `gxfc_order_goods` WHERE  `order_id` = 1 [ RunTime:0.000398s ]
[2022-09-26T09:33:05+08:00][sql] SELECT `nickname` FROM `gxfc_member` WHERE  `member_id` = 252 LIMIT 1 [ RunTime:0.000320s ]
[2022-09-26T09:33:12+08:00][sql] CONNECT:[ UseTime:0.000366s ] mysql:host=127.0.0.1;port=3306;dbname=ls_ssl_com;charset=utf8
[2022-09-26T09:33:12+08:00][sql] SELECT `site_id`,`site_area_name` FROM `gxfc_website` [ RunTime:0.000311s ]
[2022-09-26T09:33:36+08:00][sql] CONNECT:[ UseTime:0.000363s ] mysql:host=127.0.0.1;port=3306;dbname=ls_ssl_com;charset=utf8
[2022-09-26T09:33:36+08:00][sql] SELECT COUNT(*) AS think_count FROM `gxfc_member` WHERE  `is_delete` = 0 [ RunTime:0.000310s ]
[2022-09-26T09:33:36+08:00][sql] SELECT COUNT(*) AS think_count FROM `gxfc_member` WHERE  `reg_time` BETWEEN 1664121600 AND 1664156016   AND `is_delete` = 0 [ RunTime:0.000283s ]
[2022-09-26T09:33:36+08:00][sql] SELECT COUNT(*) AS think_count FROM `gxfc_member` WHERE  `order_money` > 0  AND `is_delete` = 0 [ RunTime:0.000229s ]
[2022-09-26T09:33:36+08:00][sql] CONNECT:[ UseTime:0.000379s ] mysql:host=127.0.0.1;port=3306;dbname=ls_ssl_com;charset=utf8
[2022-09-26T09:33:36+08:00][sql] SELECT COUNT(*) AS think_count FROM `gxfc_member` WHERE  `is_delete` = 0  AND `is_delete` = 0 [ RunTime:0.000358s ]
[2022-09-26T09:33:36+08:00][sql] SELECT COUNT(*) AS think_count FROM ( SELECT count(*) AS think_count FROM `gxfc_member` `nm` LEFT JOIN `gxfc_member_address` `nma` ON `nm`.`member_id`=`nma`.`member_id` WHERE  `nma`.`is_default` = 1  AND `nma`.`province_id` = 110000  AND `nm`.`is_delete` = 0  AND `is_delete` = 0 GROUP BY `nm`.`member_id` ) `_group_count_` [ RunTime:0.000368s ]
[2022-09-26T09:33:36+08:00][sql] SELECT COUNT(*) AS think_count FROM ( SELECT count(*) AS think_count FROM `gxfc_member` `nm` LEFT JOIN `gxfc_member_address` `nma` ON `nm`.`member_id`=`nma`.`member_id` WHERE  `nma`.`is_default` = 1  AND `nma`.`province_id` = 120000  AND `nm`.`is_delete` = 0  AND `is_delete` = 0 GROUP BY `nm`.`member_id` ) `_group_count_` [ RunTime:0.000278s ]
[2022-09-26T09:33:36+08:00][sql] SELECT COUNT(*) AS think_count FROM ( SELECT count(*) AS think_count FROM `gxfc_member` `nm` LEFT JOIN `gxfc_member_address` `nma` ON `nm`.`member_id`=`nma`.`member_id` WHERE  `nma`.`is_default` = 1  AND `nma`.`province_id` = 130000  AND `nm`.`is_delete` = 0  AND `is_delete` = 0 GROUP BY `nm`.`member_id` ) `_group_count_` [ RunTime:0.000309s ]
[2022-09-26T09:33:36+08:00][sql] SELECT COUNT(*) AS think_count FROM ( SELECT count(*) AS think_count FROM `gxfc_member` `nm` LEFT JOIN `gxfc_member_address` `nma` ON `nm`.`member_id`=`nma`.`member_id` WHERE  `nma`.`is_default` = 1  AND `nma`.`province_id` = 140000  AND `nm`.`is_delete` = 0  AND `is_delete` = 0 GROUP BY `nm`.`member_id` ) `_group_count_` [ RunTime:0.000323s ]
[2022-09-26T09:33:36+08:00][sql] SELECT COUNT(*) AS think_count FROM ( SELECT count(*) AS think_count FROM `gxfc_member` `nm` LEFT JOIN `gxfc_member_address` `nma` ON `nm`.`member_id`=`nma`.`member_id` WHERE  `nma`.`is_default` = 1  AND `nma`.`province_id` = 150000  AND `nm`.`is_delete` = 0  AND `is_delete` = 0 GROUP BY `nm`.`member_id` ) `_group_count_` [ RunTime:0.000266s ]
[2022-09-26T09:33:36+08:00][sql] SELECT COUNT(*) AS think_count FROM ( SELECT count(*) AS think_count FROM `gxfc_member` `nm` LEFT JOIN `gxfc_member_address` `nma` ON `nm`.`member_id`=`nma`.`member_id` WHERE  `nma`.`is_default` = 1  AND `nma`.`province_id` = 210000  AND `nm`.`is_delete` = 0  AND `is_delete` = 0 GROUP BY `nm`.`member_id` ) `_group_count_` [ RunTime:0.000258s ]
[2022-09-26T09:33:36+08:00][sql] SELECT COUNT(*) AS think_count FROM ( SELECT count(*) AS think_count FROM `gxfc_member` `nm` LEFT JOIN `gxfc_member_address` `nma` ON `nm`.`member_id`=`nma`.`member_id` WHERE  `nma`.`is_default` = 1  AND `nma`.`province_id` = 220000  AND `nm`.`is_delete` = 0  AND `is_delete` = 0 GROUP BY `nm`.`member_id` ) `_group_count_` [ RunTime:0.000269s ]
[2022-09-26T09:33:36+08:00][sql] SELECT COUNT(*) AS think_count FROM ( SELECT count(*) AS think_count FROM `gxfc_member` `nm` LEFT JOIN `gxfc_member_address` `nma` ON `nm`.`member_id`=`nma`.`member_id` WHERE  `nma`.`is_default` = 1  AND `nma`.`province_id` = 230000  AND `nm`.`is_delete` = 0  AND `is_delete` = 0 GROUP BY `nm`.`member_id` ) `_group_count_` [ RunTime:0.000261s ]
[2022-09-26T09:33:36+08:00][sql] SELECT COUNT(*) AS think_count FROM ( SELECT count(*) AS think_count FROM `gxfc_member` `nm` LEFT JOIN `gxfc_member_address` `nma` ON `nm`.`member_id`=`nma`.`member_id` WHERE  `nma`.`is_default` = 1  AND `nma`.`province_id` = 310000  AND `nm`.`is_delete` = 0  AND `is_delete` = 0 GROUP BY `nm`.`member_id` ) `_group_count_` [ RunTime:0.000267s ]
[2022-09-26T09:33:36+08:00][sql] SELECT COUNT(*) AS think_count FROM ( SELECT count(*) AS think_count FROM `gxfc_member` `nm` LEFT JOIN `gxfc_member_address` `nma` ON `nm`.`member_id`=`nma`.`member_id` WHERE  `nma`.`is_default` = 1  AND `nma`.`province_id` = 320000  AND `nm`.`is_delete` = 0  AND `is_delete` = 0 GROUP BY `nm`.`member_id` ) `_group_count_` [ RunTime:0.000254s ]
[2022-09-26T09:33:36+08:00][sql] SELECT COUNT(*) AS think_count FROM ( SELECT count(*) AS think_count FROM `gxfc_member` `nm` LEFT JOIN `gxfc_member_address` `nma` ON `nm`.`member_id`=`nma`.`member_id` WHERE  `nma`.`is_default` = 1  AND `nma`.`province_id` = 330000  AND `nm`.`is_delete` = 0  AND `is_delete` = 0 GROUP BY `nm`.`member_id` ) `_group_count_` [ RunTime:0.000320s ]
[2022-09-26T09:33:36+08:00][sql] SELECT COUNT(*) AS think_count FROM ( SELECT count(*) AS think_count FROM `gxfc_member` `nm` LEFT JOIN `gxfc_member_address` `nma` ON `nm`.`member_id`=`nma`.`member_id` WHERE  `nma`.`is_default` = 1  AND `nma`.`province_id` = 340000  AND `nm`.`is_delete` = 0  AND `is_delete` = 0 GROUP BY `nm`.`member_id` ) `_group_count_` [ RunTime:0.000262s ]
[2022-09-26T09:33:36+08:00][sql] SELECT COUNT(*) AS think_count FROM ( SELECT count(*) AS think_count FROM `gxfc_member` `nm` LEFT JOIN `gxfc_member_address` `nma` ON `nm`.`member_id`=`nma`.`member_id` WHERE  `nma`.`is_default` = 1  AND `nma`.`province_id` = 350000  AND `nm`.`is_delete` = 0  AND `is_delete` = 0 GROUP BY `nm`.`member_id` ) `_group_count_` [ RunTime:0.000258s ]
[2022-09-26T09:33:36+08:00][sql] SELECT COUNT(*) AS think_count FROM ( SELECT count(*) AS think_count FROM `gxfc_member` `nm` LEFT JOIN `gxfc_member_address` `nma` ON `nm`.`member_id`=`nma`.`member_id` WHERE  `nma`.`is_default` = 1  AND `nma`.`province_id` = 360000  AND `nm`.`is_delete` = 0  AND `is_delete` = 0 GROUP BY `nm`.`member_id` ) `_group_count_` [ RunTime:0.000249s ]
[2022-09-26T09:33:36+08:00][sql] SELECT COUNT(*) AS think_count FROM ( SELECT count(*) AS think_count FROM `gxfc_member` `nm` LEFT JOIN `gxfc_member_address` `nma` ON `nm`.`member_id`=`nma`.`member_id` WHERE  `nma`.`is_default` = 1  AND `nma`.`province_id` = 370000  AND `nm`.`is_delete` = 0  AND `is_delete` = 0 GROUP BY `nm`.`member_id` ) `_group_count_` [ RunTime:0.000247s ]
[2022-09-26T09:33:36+08:00][sql] SELECT COUNT(*) AS think_count FROM ( SELECT count(*) AS think_count FROM `gxfc_member` `nm` LEFT JOIN `gxfc_member_address` `nma` ON `nm`.`member_id`=`nma`.`member_id` WHERE  `nma`.`is_default` = 1  AND `nma`.`province_id` = 410000  AND `nm`.`is_delete` = 0  AND `is_delete` = 0 GROUP BY `nm`.`member_id` ) `_group_count_` [ RunTime:0.000253s ]
[2022-09-26T09:33:36+08:00][sql] SELECT COUNT(*) AS think_count FROM ( SELECT count(*) AS think_count FROM `gxfc_member` `nm` LEFT JOIN `gxfc_member_address` `nma` ON `nm`.`member_id`=`nma`.`member_id` WHERE  `nma`.`is_default` = 1  AND `nma`.`province_id` = 420000  AND `nm`.`is_delete` = 0  AND `is_delete` = 0 GROUP BY `nm`.`member_id` ) `_group_count_` [ RunTime:0.000285s ]
[2022-09-26T09:33:36+08:00][sql] SELECT COUNT(*) AS think_count FROM ( SELECT count(*) AS think_count FROM `gxfc_member` `nm` LEFT JOIN `gxfc_member_address` `nma` ON `nm`.`member_id`=`nma`.`member_id` WHERE  `nma`.`is_default` = 1  AND `nma`.`province_id` = 430000  AND `nm`.`is_delete` = 0  AND `is_delete` = 0 GROUP BY `nm`.`member_id` ) `_group_count_` [ RunTime:0.000261s ]
[2022-09-26T09:33:36+08:00][sql] SELECT COUNT(*) AS think_count FROM ( SELECT count(*) AS think_count FROM `gxfc_member` `nm` LEFT JOIN `gxfc_member_address` `nma` ON `nm`.`member_id`=`nma`.`member_id` WHERE  `nma`.`is_default` = 1  AND `nma`.`province_id` = 440000  AND `nm`.`is_delete` = 0  AND `is_delete` = 0 GROUP BY `nm`.`member_id` ) `_group_count_` [ RunTime:0.000264s ]
[2022-09-26T09:33:36+08:00][sql] SELECT COUNT(*) AS think_count FROM ( SELECT count(*) AS think_count FROM `gxfc_member` `nm` LEFT JOIN `gxfc_member_address` `nma` ON `nm`.`member_id`=`nma`.`member_id` WHERE  `nma`.`is_default` = 1  AND `nma`.`province_id` = 450000  AND `nm`.`is_delete` = 0  AND `is_delete` = 0 GROUP BY `nm`.`member_id` ) `_group_count_` [ RunTime:0.000314s ]
[2022-09-26T09:33:36+08:00][sql] SELECT COUNT(*) AS think_count FROM ( SELECT count(*) AS think_count FROM `gxfc_member` `nm` LEFT JOIN `gxfc_member_address` `nma` ON `nm`.`member_id`=`nma`.`member_id` WHERE  `nma`.`is_default` = 1  AND `nma`.`province_id` = 460000  AND `nm`.`is_delete` = 0  AND `is_delete` = 0 GROUP BY `nm`.`member_id` ) `_group_count_` [ RunTime:0.000268s ]
[2022-09-26T09:33:36+08:00][sql] SELECT COUNT(*) AS think_count FROM ( SELECT count(*) AS think_count FROM `gxfc_member` `nm` LEFT JOIN `gxfc_member_address` `nma` ON `nm`.`member_id`=`nma`.`member_id` WHERE  `nma`.`is_default` = 1  AND `nma`.`province_id` = 500000  AND `nm`.`is_delete` = 0  AND `is_delete` = 0 GROUP BY `nm`.`member_id` ) `_group_count_` [ RunTime:0.000250s ]
[2022-09-26T09:33:36+08:00][sql] SELECT COUNT(*) AS think_count FROM ( SELECT count(*) AS think_count FROM `gxfc_member` `nm` LEFT JOIN `gxfc_member_address` `nma` ON `nm`.`member_id`=`nma`.`member_id` WHERE  `nma`.`is_default` = 1  AND `nma`.`province_id` = 510000  AND `nm`.`is_delete` = 0  AND `is_delete` = 0 GROUP BY `nm`.`member_id` ) `_group_count_` [ RunTime:0.000296s ]
[2022-09-26T09:33:36+08:00][sql] SELECT COUNT(*) AS think_count FROM ( SELECT count(*) AS think_count FROM `gxfc_member` `nm` LEFT JOIN `gxfc_member_address` `nma` ON `nm`.`member_id`=`nma`.`member_id` WHERE  `nma`.`is_default` = 1  AND `nma`.`province_id` = 520000  AND `nm`.`is_delete` = 0  AND `is_delete` = 0 GROUP BY `nm`.`member_id` ) `_group_count_` [ RunTime:0.000302s ]
[2022-09-26T09:33:36+08:00][sql] SELECT COUNT(*) AS think_count FROM ( SELECT count(*) AS think_count FROM `gxfc_member` `nm` LEFT JOIN `gxfc_member_address` `nma` ON `nm`.`member_id`=`nma`.`member_id` WHERE  `nma`.`is_default` = 1  AND `nma`.`province_id` = 530000  AND `nm`.`is_delete` = 0  AND `is_delete` = 0 GROUP BY `nm`.`member_id` ) `_group_count_` [ RunTime:0.000290s ]
[2022-09-26T09:33:36+08:00][sql] SELECT COUNT(*) AS think_count FROM ( SELECT count(*) AS think_count FROM `gxfc_member` `nm` LEFT JOIN `gxfc_member_address` `nma` ON `nm`.`member_id`=`nma`.`member_id` WHERE  `nma`.`is_default` = 1  AND `nma`.`province_id` = 540000  AND `nm`.`is_delete` = 0  AND `is_delete` = 0 GROUP BY `nm`.`member_id` ) `_group_count_` [ RunTime:0.000257s ]
[2022-09-26T09:33:36+08:00][sql] SELECT COUNT(*) AS think_count FROM ( SELECT count(*) AS think_count FROM `gxfc_member` `nm` LEFT JOIN `gxfc_member_address` `nma` ON `nm`.`member_id`=`nma`.`member_id` WHERE  `nma`.`is_default` = 1  AND `nma`.`province_id` = 610000  AND `nm`.`is_delete` = 0  AND `is_delete` = 0 GROUP BY `nm`.`member_id` ) `_group_count_` [ RunTime:0.000255s ]
[2022-09-26T09:33:36+08:00][sql] SELECT COUNT(*) AS think_count FROM ( SELECT count(*) AS think_count FROM `gxfc_member` `nm` LEFT JOIN `gxfc_member_address` `nma` ON `nm`.`member_id`=`nma`.`member_id` WHERE  `nma`.`is_default` = 1  AND `nma`.`province_id` = 620000  AND `nm`.`is_delete` = 0  AND `is_delete` = 0 GROUP BY `nm`.`member_id` ) `_group_count_` [ RunTime:0.000257s ]
[2022-09-26T09:33:36+08:00][sql] SELECT COUNT(*) AS think_count FROM ( SELECT count(*) AS think_count FROM `gxfc_member` `nm` LEFT JOIN `gxfc_member_address` `nma` ON `nm`.`member_id`=`nma`.`member_id` WHERE  `nma`.`is_default` = 1  AND `nma`.`province_id` = 630000  AND `nm`.`is_delete` = 0  AND `is_delete` = 0 GROUP BY `nm`.`member_id` ) `_group_count_` [ RunTime:0.000252s ]
[2022-09-26T09:33:36+08:00][sql] SELECT COUNT(*) AS think_count FROM ( SELECT count(*) AS think_count FROM `gxfc_member` `nm` LEFT JOIN `gxfc_member_address` `nma` ON `nm`.`member_id`=`nma`.`member_id` WHERE  `nma`.`is_default` = 1  AND `nma`.`province_id` = 640000  AND `nm`.`is_delete` = 0  AND `is_delete` = 0 GROUP BY `nm`.`member_id` ) `_group_count_` [ RunTime:0.000281s ]
[2022-09-26T09:33:36+08:00][sql] SELECT COUNT(*) AS think_count FROM ( SELECT count(*) AS think_count FROM `gxfc_member` `nm` LEFT JOIN `gxfc_member_address` `nma` ON `nm`.`member_id`=`nma`.`member_id` WHERE  `nma`.`is_default` = 1  AND `nma`.`province_id` = 650000  AND `nm`.`is_delete` = 0  AND `is_delete` = 0 GROUP BY `nm`.`member_id` ) `_group_count_` [ RunTime:0.000251s ]
[2022-09-26T09:33:36+08:00][sql] SELECT COUNT(*) AS think_count FROM ( SELECT count(*) AS think_count FROM `gxfc_member` `nm` LEFT JOIN `gxfc_member_address` `nma` ON `nm`.`member_id`=`nma`.`member_id` WHERE  `nma`.`is_default` = 1  AND `nma`.`province_id` = 810000  AND `nm`.`is_delete` = 0  AND `is_delete` = 0 GROUP BY `nm`.`member_id` ) `_group_count_` [ RunTime:0.000296s ]
[2022-09-26T09:33:36+08:00][sql] SELECT COUNT(*) AS think_count FROM ( SELECT count(*) AS think_count FROM `gxfc_member` `nm` LEFT JOIN `gxfc_member_address` `nma` ON `nm`.`member_id`=`nma`.`member_id` WHERE  `nma`.`is_default` = 1  AND `nma`.`province_id` = 820000  AND `nm`.`is_delete` = 0  AND `is_delete` = 0 GROUP BY `nm`.`member_id` ) `_group_count_` [ RunTime:0.000283s ]
[2022-09-26T09:33:36+08:00][sql] SELECT COUNT(*) AS think_count FROM ( SELECT count(*) AS think_count FROM `gxfc_member` `nm` LEFT JOIN `gxfc_member_address` `nma` ON `nm`.`member_id`=`nma`.`member_id` WHERE  `nma`.`is_default` = 1  AND `nma`.`province_id` = 710000  AND `nm`.`is_delete` = 0  AND `is_delete` = 0 GROUP BY `nm`.`member_id` ) `_group_count_` [ RunTime:0.000271s ]
[2022-09-26T09:33:36+08:00][sql] CONNECT:[ UseTime:0.000344s ] mysql:host=127.0.0.1;port=3306;dbname=ls_ssl_com;charset=utf8
[2022-09-26T09:33:36+08:00][sql] SELECT COUNT(*) AS think_count FROM `gxfc_member` WHERE  `is_delete` = 0  AND `is_delete` = 0 [ RunTime:0.000375s ]
[2022-09-26T09:33:36+08:00][sql] SELECT COUNT(*) AS think_count FROM ( SELECT count(*) AS think_count FROM `gxfc_member` `nm` LEFT JOIN `gxfc_member_address` `nma` ON `nm`.`member_id`=`nma`.`member_id` WHERE  `nma`.`is_default` = 1  AND `nma`.`province_id` = 110000  AND `nm`.`is_delete` = 0  AND `is_delete` = 0 GROUP BY `nm`.`member_id` ) `_group_count_` [ RunTime:0.000402s ]
[2022-09-26T09:33:36+08:00][sql] SELECT COUNT(*) AS think_count FROM ( SELECT count(*) AS think_count FROM `gxfc_member` `nm` LEFT JOIN `gxfc_member_address` `nma` ON `nm`.`member_id`=`nma`.`member_id` WHERE  `nma`.`is_default` = 1  AND `nma`.`province_id` = 120000  AND `nm`.`is_delete` = 0  AND `is_delete` = 0 GROUP BY `nm`.`member_id` ) `_group_count_` [ RunTime:0.000318s ]
[2022-09-26T09:33:36+08:00][sql] SELECT COUNT(*) AS think_count FROM ( SELECT count(*) AS think_count FROM `gxfc_member` `nm` LEFT JOIN `gxfc_member_address` `nma` ON `nm`.`member_id`=`nma`.`member_id` WHERE  `nma`.`is_default` = 1  AND `nma`.`province_id` = 130000  AND `nm`.`is_delete` = 0  AND `is_delete` = 0 GROUP BY `nm`.`member_id` ) `_group_count_` [ RunTime:0.000281s ]
[2022-09-26T09:33:36+08:00][sql] SELECT COUNT(*) AS think_count FROM ( SELECT count(*) AS think_count FROM `gxfc_member` `nm` LEFT JOIN `gxfc_member_address` `nma` ON `nm`.`member_id`=`nma`.`member_id` WHERE  `nma`.`is_default` = 1  AND `nma`.`province_id` = 140000  AND `nm`.`is_delete` = 0  AND `is_delete` = 0 GROUP BY `nm`.`member_id` ) `_group_count_` [ RunTime:0.000262s ]
[2022-09-26T09:33:36+08:00][sql] SELECT COUNT(*) AS think_count FROM ( SELECT count(*) AS think_count FROM `gxfc_member` `nm` LEFT JOIN `gxfc_member_address` `nma` ON `nm`.`member_id`=`nma`.`member_id` WHERE  `nma`.`is_default` = 1  AND `nma`.`province_id` = 150000  AND `nm`.`is_delete` = 0  AND `is_delete` = 0 GROUP BY `nm`.`member_id` ) `_group_count_` [ RunTime:0.000256s ]
[2022-09-26T09:33:36+08:00][sql] SELECT COUNT(*) AS think_count FROM ( SELECT count(*) AS think_count FROM `gxfc_member` `nm` LEFT JOIN `gxfc_member_address` `nma` ON `nm`.`member_id`=`nma`.`member_id` WHERE  `nma`.`is_default` = 1  AND `nma`.`province_id` = 210000  AND `nm`.`is_delete` = 0  AND `is_delete` = 0 GROUP BY `nm`.`member_id` ) `_group_count_` [ RunTime:0.000262s ]
[2022-09-26T09:33:36+08:00][sql] SELECT COUNT(*) AS think_count FROM ( SELECT count(*) AS think_count FROM `gxfc_member` `nm` LEFT JOIN `gxfc_member_address` `nma` ON `nm`.`member_id`=`nma`.`member_id` WHERE  `nma`.`is_default` = 1  AND `nma`.`province_id` = 220000  AND `nm`.`is_delete` = 0  AND `is_delete` = 0 GROUP BY `nm`.`member_id` ) `_group_count_` [ RunTime:0.000289s ]
[2022-09-26T09:33:36+08:00][sql] SELECT COUNT(*) AS think_count FROM ( SELECT count(*) AS think_count FROM `gxfc_member` `nm` LEFT JOIN `gxfc_member_address` `nma` ON `nm`.`member_id`=`nma`.`member_id` WHERE  `nma`.`is_default` = 1  AND `nma`.`province_id` = 230000  AND `nm`.`is_delete` = 0  AND `is_delete` = 0 GROUP BY `nm`.`member_id` ) `_group_count_` [ RunTime:0.000265s ]
[2022-09-26T09:33:36+08:00][sql] SELECT COUNT(*) AS think_count FROM ( SELECT count(*) AS think_count FROM `gxfc_member` `nm` LEFT JOIN `gxfc_member_address` `nma` ON `nm`.`member_id`=`nma`.`member_id` WHERE  `nma`.`is_default` = 1  AND `nma`.`province_id` = 310000  AND `nm`.`is_delete` = 0  AND `is_delete` = 0 GROUP BY `nm`.`member_id` ) `_group_count_` [ RunTime:0.000273s ]
[2022-09-26T09:33:36+08:00][sql] SELECT COUNT(*) AS think_count FROM ( SELECT count(*) AS think_count FROM `gxfc_member` `nm` LEFT JOIN `gxfc_member_address` `nma` ON `nm`.`member_id`=`nma`.`member_id` WHERE  `nma`.`is_default` = 1  AND `nma`.`province_id` = 320000  AND `nm`.`is_delete` = 0  AND `is_delete` = 0 GROUP BY `nm`.`member_id` ) `_group_count_` [ RunTime:0.000256s ]
[2022-09-26T09:33:36+08:00][sql] SELECT COUNT(*) AS think_count FROM ( SELECT count(*) AS think_count FROM `gxfc_member` `nm` LEFT JOIN `gxfc_member_address` `nma` ON `nm`.`member_id`=`nma`.`member_id` WHERE  `nma`.`is_default` = 1  AND `nma`.`province_id` = 330000  AND `nm`.`is_delete` = 0  AND `is_delete` = 0 GROUP BY `nm`.`member_id` ) `_group_count_` [ RunTime:0.000304s ]
[2022-09-26T09:33:36+08:00][sql] SELECT COUNT(*) AS think_count FROM ( SELECT count(*) AS think_count FROM `gxfc_member` `nm` LEFT JOIN `gxfc_member_address` `nma` ON `nm`.`member_id`=`nma`.`member_id` WHERE  `nma`.`is_default` = 1  AND `nma`.`province_id` = 340000  AND `nm`.`is_delete` = 0  AND `is_delete` = 0 GROUP BY `nm`.`member_id` ) `_group_count_` [ RunTime:0.000286s ]
[2022-09-26T09:33:36+08:00][sql] SELECT COUNT(*) AS think_count FROM ( SELECT count(*) AS think_count FROM `gxfc_member` `nm` LEFT JOIN `gxfc_member_address` `nma` ON `nm`.`member_id`=`nma`.`member_id` WHERE  `nma`.`is_default` = 1  AND `nma`.`province_id` = 350000  AND `nm`.`is_delete` = 0  AND `is_delete` = 0 GROUP BY `nm`.`member_id` ) `_group_count_` [ RunTime:0.000273s ]
[2022-09-26T09:33:36+08:00][sql] SELECT COUNT(*) AS think_count FROM ( SELECT count(*) AS think_count FROM `gxfc_member` `nm` LEFT JOIN `gxfc_member_address` `nma` ON `nm`.`member_id`=`nma`.`member_id` WHERE  `nma`.`is_default` = 1  AND `nma`.`province_id` = 360000  AND `nm`.`is_delete` = 0  AND `is_delete` = 0 GROUP BY `nm`.`member_id` ) `_group_count_` [ RunTime:0.000272s ]
[2022-09-26T09:33:36+08:00][sql] SELECT COUNT(*) AS think_count FROM ( SELECT count(*) AS think_count FROM `gxfc_member` `nm` LEFT JOIN `gxfc_member_address` `nma` ON `nm`.`member_id`=`nma`.`member_id` WHERE  `nma`.`is_default` = 1  AND `nma`.`province_id` = 370000  AND `nm`.`is_delete` = 0  AND `is_delete` = 0 GROUP BY `nm`.`member_id` ) `_group_count_` [ RunTime:0.000252s ]
[2022-09-26T09:33:36+08:00][sql] SELECT COUNT(*) AS think_count FROM ( SELECT count(*) AS think_count FROM `gxfc_member` `nm` LEFT JOIN `gxfc_member_address` `nma` ON `nm`.`member_id`=`nma`.`member_id` WHERE  `nma`.`is_default` = 1  AND `nma`.`province_id` = 410000  AND `nm`.`is_delete` = 0  AND `is_delete` = 0 GROUP BY `nm`.`member_id` ) `_group_count_` [ RunTime:0.000285s ]
[2022-09-26T09:33:36+08:00][sql] SELECT COUNT(*) AS think_count FROM ( SELECT count(*) AS think_count FROM `gxfc_member` `nm` LEFT JOIN `gxfc_member_address` `nma` ON `nm`.`member_id`=`nma`.`member_id` WHERE  `nma`.`is_default` = 1  AND `nma`.`province_id` = 420000  AND `nm`.`is_delete` = 0  AND `is_delete` = 0 GROUP BY `nm`.`member_id` ) `_group_count_` [ RunTime:0.000319s ]
[2022-09-26T09:33:36+08:00][sql] SELECT COUNT(*) AS think_count FROM ( SELECT count(*) AS think_count FROM `gxfc_member` `nm` LEFT JOIN `gxfc_member_address` `nma` ON `nm`.`member_id`=`nma`.`member_id` WHERE  `nma`.`is_default` = 1  AND `nma`.`province_id` = 430000  AND `nm`.`is_delete` = 0  AND `is_delete` = 0 GROUP BY `nm`.`member_id` ) `_group_count_` [ RunTime:0.000270s ]
[2022-09-26T09:33:36+08:00][sql] SELECT COUNT(*) AS think_count FROM ( SELECT count(*) AS think_count FROM `gxfc_member` `nm` LEFT JOIN `gxfc_member_address` `nma` ON `nm`.`member_id`=`nma`.`member_id` WHERE  `nma`.`is_default` = 1  AND `nma`.`province_id` = 440000  AND `nm`.`is_delete` = 0  AND `is_delete` = 0 GROUP BY `nm`.`member_id` ) `_group_count_` [ RunTime:0.000251s ]
[2022-09-26T09:33:36+08:00][sql] SELECT COUNT(*) AS think_count FROM ( SELECT count(*) AS think_count FROM `gxfc_member` `nm` LEFT JOIN `gxfc_member_address` `nma` ON `nm`.`member_id`=`nma`.`member_id` WHERE  `nma`.`is_default` = 1  AND `nma`.`province_id` = 450000  AND `nm`.`is_delete` = 0  AND `is_delete` = 0 GROUP BY `nm`.`member_id` ) `_group_count_` [ RunTime:0.000254s ]
[2022-09-26T09:33:36+08:00][sql] SELECT COUNT(*) AS think_count FROM ( SELECT count(*) AS think_count FROM `gxfc_member` `nm` LEFT JOIN `gxfc_member_address` `nma` ON `nm`.`member_id`=`nma`.`member_id` WHERE  `nma`.`is_default` = 1  AND `nma`.`province_id` = 460000  AND `nm`.`is_delete` = 0  AND `is_delete` = 0 GROUP BY `nm`.`member_id` ) `_group_count_` [ RunTime:0.000250s ]
[2022-09-26T09:33:36+08:00][sql] SELECT COUNT(*) AS think_count FROM ( SELECT count(*) AS think_count FROM `gxfc_member` `nm` LEFT JOIN `gxfc_member_address` `nma` ON `nm`.`member_id`=`nma`.`member_id` WHERE  `nma`.`is_default` = 1  AND `nma`.`province_id` = 500000  AND `nm`.`is_delete` = 0  AND `is_delete` = 0 GROUP BY `nm`.`member_id` ) `_group_count_` [ RunTime:0.000248s ]
[2022-09-26T09:33:36+08:00][sql] SELECT COUNT(*) AS think_count FROM ( SELECT count(*) AS think_count FROM `gxfc_member` `nm` LEFT JOIN `gxfc_member_address` `nma` ON `nm`.`member_id`=`nma`.`member_id` WHERE  `nma`.`is_default` = 1  AND `nma`.`province_id` = 510000  AND `nm`.`is_delete` = 0  AND `is_delete` = 0 GROUP BY `nm`.`member_id` ) `_group_count_` [ RunTime:0.000302s ]
[2022-09-26T09:33:36+08:00][sql] SELECT COUNT(*) AS think_count FROM ( SELECT count(*) AS think_count FROM `gxfc_member` `nm` LEFT JOIN `gxfc_member_address` `nma` ON `nm`.`member_id`=`nma`.`member_id` WHERE  `nma`.`is_default` = 1  AND `nma`.`province_id` = 520000  AND `nm`.`is_delete` = 0  AND `is_delete` = 0 GROUP BY `nm`.`member_id` ) `_group_count_` [ RunTime:0.000255s ]
[2022-09-26T09:33:36+08:00][sql] SELECT COUNT(*) AS think_count FROM ( SELECT count(*) AS think_count FROM `gxfc_member` `nm` LEFT JOIN `gxfc_member_address` `nma` ON `nm`.`member_id`=`nma`.`member_id` WHERE  `nma`.`is_default` = 1  AND `nma`.`province_id` = 530000  AND `nm`.`is_delete` = 0  AND `is_delete` = 0 GROUP BY `nm`.`member_id` ) `_group_count_` [ RunTime:0.000268s ]
[2022-09-26T09:33:36+08:00][sql] SELECT COUNT(*) AS think_count FROM ( SELECT count(*) AS think_count FROM `gxfc_member` `nm` LEFT JOIN `gxfc_member_address` `nma` ON `nm`.`member_id`=`nma`.`member_id` WHERE  `nma`.`is_default` = 1  AND `nma`.`province_id` = 540000  AND `nm`.`is_delete` = 0  AND `is_delete` = 0 GROUP BY `nm`.`member_id` ) `_group_count_` [ RunTime:0.000252s ]
[2022-09-26T09:33:36+08:00][sql] SELECT COUNT(*) AS think_count FROM ( SELECT count(*) AS think_count FROM `gxfc_member` `nm` LEFT JOIN `gxfc_member_address` `nma` ON `nm`.`member_id`=`nma`.`member_id` WHERE  `nma`.`is_default` = 1  AND `nma`.`province_id` = 610000  AND `nm`.`is_delete` = 0  AND `is_delete` = 0 GROUP BY `nm`.`member_id` ) `_group_count_` [ RunTime:0.000253s ]
[2022-09-26T09:33:36+08:00][sql] SELECT COUNT(*) AS think_count FROM ( SELECT count(*) AS think_count FROM `gxfc_member` `nm` LEFT JOIN `gxfc_member_address` `nma` ON `nm`.`member_id`=`nma`.`member_id` WHERE  `nma`.`is_default` = 1  AND `nma`.`province_id` = 620000  AND `nm`.`is_delete` = 0  AND `is_delete` = 0 GROUP BY `nm`.`member_id` ) `_group_count_` [ RunTime:0.000262s ]
[2022-09-26T09:33:36+08:00][sql] SELECT COUNT(*) AS think_count FROM ( SELECT count(*) AS think_count FROM `gxfc_member` `nm` LEFT JOIN `gxfc_member_address` `nma` ON `nm`.`member_id`=`nma`.`member_id` WHERE  `nma`.`is_default` = 1  AND `nma`.`province_id` = 630000  AND `nm`.`is_delete` = 0  AND `is_delete` = 0 GROUP BY `nm`.`member_id` ) `_group_count_` [ RunTime:0.000246s ]
[2022-09-26T09:33:36+08:00][sql] SELECT COUNT(*) AS think_count FROM ( SELECT count(*) AS think_count FROM `gxfc_member` `nm` LEFT JOIN `gxfc_member_address` `nma` ON `nm`.`member_id`=`nma`.`member_id` WHERE  `nma`.`is_default` = 1  AND `nma`.`province_id` = 640000  AND `nm`.`is_delete` = 0  AND `is_delete` = 0 GROUP BY `nm`.`member_id` ) `_group_count_` [ RunTime:0.000276s ]
[2022-09-26T09:33:36+08:00][sql] SELECT COUNT(*) AS think_count FROM ( SELECT count(*) AS think_count FROM `gxfc_member` `nm` LEFT JOIN `gxfc_member_address` `nma` ON `nm`.`member_id`=`nma`.`member_id` WHERE  `nma`.`is_default` = 1  AND `nma`.`province_id` = 650000  AND `nm`.`is_delete` = 0  AND `is_delete` = 0 GROUP BY `nm`.`member_id` ) `_group_count_` [ RunTime:0.000263s ]
[2022-09-26T09:33:36+08:00][sql] SELECT COUNT(*) AS think_count FROM ( SELECT count(*) AS think_count FROM `gxfc_member` `nm` LEFT JOIN `gxfc_member_address` `nma` ON `nm`.`member_id`=`nma`.`member_id` WHERE  `nma`.`is_default` = 1  AND `nma`.`province_id` = 810000  AND `nm`.`is_delete` = 0  AND `is_delete` = 0 GROUP BY `nm`.`member_id` ) `_group_count_` [ RunTime:0.000246s ]
[2022-09-26T09:33:36+08:00][sql] SELECT COUNT(*) AS think_count FROM ( SELECT count(*) AS think_count FROM `gxfc_member` `nm` LEFT JOIN `gxfc_member_address` `nma` ON `nm`.`member_id`=`nma`.`member_id` WHERE  `nma`.`is_default` = 1  AND `nma`.`province_id` = 820000  AND `nm`.`is_delete` = 0  AND `is_delete` = 0 GROUP BY `nm`.`member_id` ) `_group_count_` [ RunTime:0.000251s ]
[2022-09-26T09:33:36+08:00][sql] SELECT COUNT(*) AS think_count FROM ( SELECT count(*) AS think_count FROM `gxfc_member` `nm` LEFT JOIN `gxfc_member_address` `nma` ON `nm`.`member_id`=`nma`.`member_id` WHERE  `nma`.`is_default` = 1  AND `nma`.`province_id` = 710000  AND `nm`.`is_delete` = 0  AND `is_delete` = 0 GROUP BY `nm`.`member_id` ) `_group_count_` [ RunTime:0.000264s ]
[2022-09-26T09:33:40+08:00][sql] CONNECT:[ UseTime:0.000347s ] mysql:host=127.0.0.1;port=3306;dbname=ls_ssl_com;charset=utf8
[2022-09-26T09:33:40+08:00][sql] SELECT `label_id`,`label_name` FROM `gxfc_member_label` ORDER BY `sort` ASC [ RunTime:0.000299s ]
[2022-09-26T09:33:40+08:00][sql] SELECT `cluster_id`,`cluster_name` FROM `gxfc_member_cluster` ORDER BY `create_time` DESC [ RunTime:0.000268s ]
[2022-09-26T09:33:40+08:00][sql] CONNECT:[ UseTime:0.000338s ] mysql:host=127.0.0.1;port=3306;dbname=ls_ssl_com;charset=utf8
[2022-09-26T09:33:40+08:00][sql] SELECT COUNT(*) AS think_count FROM `gxfc_member` `` WHERE  `username` LIKE '%%'  AND `is_delete` = 0 ORDER BY `reg_time` DESC [ RunTime:0.000331s ]
[2022-09-26T09:33:40+08:00][sql] SELECT `member_id`,`fenxiao_id`,`is_fenxiao`,`username`,`mobile`,`email`,`status`,`headimg`,`member_level`,`member_level_name`,`member_label`,`member_label_name`,`qq`,`qq_openid`,`wx_openid`,`wx_unionid`,`ali_openid`,`baidu_openid`,`toutiao_openid`,`douyin_openid`,`login_ip`,`login_type`,`login_time`,`last_login_ip`,`last_login_type`,`last_login_time`,`login_num`,`nickname`,`realname`,`sex`,`location`,`birthday`,`reg_time`,`point`,`balance`,`balance_money`,`growth`,`account5` FROM `gxfc_member` `` WHERE  `username` LIKE '%%'  AND `is_delete` = 0 ORDER BY `reg_time` DESC LIMIT 0,10 [ RunTime:0.000510s ]
[2022-09-26T09:33:40+08:00][sql] SELECT `parent` FROM `gxfc_fenxiao` WHERE  `fenxiao_id` = 23 LIMIT 1 [ RunTime:0.000261s ]
[2022-09-26T09:33:40+08:00][sql] SELECT `parent` FROM `gxfc_fenxiao` WHERE  `fenxiao_id` = 22 LIMIT 1 [ RunTime:0.000164s ]
[2022-09-26T09:33:40+08:00][sql] SELECT `parent` FROM `gxfc_fenxiao` WHERE  `fenxiao_id` = 21 LIMIT 1 [ RunTime:0.000164s ]
[2022-09-26T09:33:40+08:00][sql] SELECT `fenxiao_name` FROM `gxfc_fenxiao` WHERE  `fenxiao_id` = 19 LIMIT 1 [ RunTime:0.000199s ]
[2022-09-26T09:33:40+08:00][sql] SELECT `parent` FROM `gxfc_fenxiao` WHERE  `fenxiao_id` = 20 LIMIT 1 [ RunTime:0.000152s ]
[2022-09-26T09:33:40+08:00][sql] SELECT `fenxiao_name` FROM `gxfc_fenxiao` WHERE  `fenxiao_id` = 19 LIMIT 1 [ RunTime:0.000160s ]
[2022-09-26T09:33:40+08:00][sql] SELECT `parent` FROM `gxfc_fenxiao` WHERE  `fenxiao_id` = 19 LIMIT 1 [ RunTime:0.000188s ]
[2022-09-26T09:33:40+08:00][sql] SELECT `parent` FROM `gxfc_fenxiao` WHERE  `fenxiao_id` = 18 LIMIT 1 [ RunTime:0.000160s ]
[2022-09-26T09:33:40+08:00][sql] SELECT `parent` FROM `gxfc_fenxiao` WHERE  `fenxiao_id` = 1 LIMIT 1 [ RunTime:0.000146s ]
[2022-09-26T09:33:49+08:00][sql] CONNECT:[ UseTime:0.000328s ] mysql:host=127.0.0.1;port=3306;dbname=ls_ssl_com;charset=utf8
[2022-09-26T09:33:49+08:00][sql] SELECT * FROM `gxfc_member_level` WHERE  `level_id` = 2 LIMIT 1 [ RunTime:0.000326s ]
[2022-09-26T09:34:09+08:00][sql] CONNECT:[ UseTime:0.000352s ] mysql:host=127.0.0.1;port=3306;dbname=ls_ssl_com;charset=utf8
[2022-09-26T09:34:09+08:00][sql] SELECT `name`,`title` FROM `gxfc_addon` WHERE  `name` = '' LIMIT 1 [ RunTime:0.000282s ]
[2022-09-26T09:34:14+08:00][sql] CONNECT:[ UseTime:0.000396s ] mysql:host=127.0.0.1;port=3306;dbname=ls_ssl_com;charset=utf8
[2022-09-26T09:34:14+08:00][sql] SELECT `name`,`title` FROM `gxfc_addon` WHERE  `name` = '' LIMIT 1 [ RunTime:0.000313s ]
[2022-09-26T10:23:37+08:00][error] [0]Image source not readable
[2022-09-26T10:24:11+08:00][sql] CONNECT:[ UseTime:0.000309s ] mysql:host=127.0.0.1;port=3306;dbname=ls_ssl_com;charset=utf8
[2022-09-26T10:24:11+08:00][sql] SELECT `id`,`site_id`,`year`,`month`,`day`,`order_total`,`shipping_total`,`refund_total`,`order_pay_count`,`goods_pay_count`,`shop_money`,`platform_money`,`create_time`,`modify_time`,`collect_shop`,`collect_goods`,`visit_count`,`order_count`,`goods_count`,`add_goods_count`,`day_time`,`member_count` FROM `gxfc_stat_shop` WHERE  `site_id` = 0  AND `year` = 2022  AND `month` = 9  AND `day` = 26 LIMIT 1 [ RunTime:0.000446s ]
[2022-09-26T10:24:11+08:00][sql] SELECT `id`,`site_id`,`year`,`month`,`day`,`order_total`,`shipping_total`,`refund_total`,`order_pay_count`,`goods_pay_count`,`shop_money`,`platform_money`,`create_time`,`modify_time`,`collect_shop`,`collect_goods`,`visit_count`,`order_count`,`goods_count`,`add_goods_count`,`day_time`,`member_count` FROM `gxfc_stat_shop` WHERE  `site_id` = 0  AND `year` = 2022  AND `month` = 9  AND `day` = 26 LIMIT 1 [ RunTime:0.000405s ]
[2022-09-26T10:24:11+08:00][sql] SELECT `id`,`site_id`,`year`,`month`,`day`,`order_total`,`shipping_total`,`refund_total`,`order_pay_count`,`goods_pay_count`,`shop_money`,`platform_money`,`create_time`,`modify_time`,`collect_shop`,`collect_goods`,`visit_count`,`order_count`,`goods_count`,`add_goods_count`,`day_time`,`member_count` FROM `gxfc_stat_shop` WHERE  `site_id` = 0  AND `year` = 2022  AND `month` = 9  AND `day` = 25 LIMIT 1 [ RunTime:0.000469s ]
[2022-09-26T10:24:11+08:00][sql] SELECT `id`,`site_id`,`year`,`month`,`day`,`order_total`,`shipping_total`,`refund_total`,`order_pay_count`,`goods_pay_count`,`shop_money`,`platform_money`,`create_time`,`modify_time`,`collect_shop`,`collect_goods`,`visit_count`,`order_count`,`goods_count`,`add_goods_count`,`day_time`,`member_count` FROM `gxfc_stat_shop` WHERE  `site_id` = 0  AND `year` = 2022  AND `month` = 09  AND `day` = 17 LIMIT 1 [ RunTime:0.000353s ]
[2022-09-26T10:24:11+08:00][sql] SELECT `id`,`site_id`,`year`,`month`,`day`,`order_total`,`shipping_total`,`refund_total`,`order_pay_count`,`goods_pay_count`,`shop_money`,`platform_money`,`create_time`,`modify_time`,`collect_shop`,`collect_goods`,`visit_count`,`order_count`,`goods_count`,`add_goods_count`,`day_time`,`member_count` FROM `gxfc_stat_shop` WHERE  `site_id` = 0  AND `year` = 2022  AND `month` = 09  AND `day` = 18 LIMIT 1 [ RunTime:0.000328s ]
[2022-09-26T10:24:11+08:00][sql] SELECT `id`,`site_id`,`year`,`month`,`day`,`order_total`,`shipping_total`,`refund_total`,`order_pay_count`,`goods_pay_count`,`shop_money`,`platform_money`,`create_time`,`modify_time`,`collect_shop`,`collect_goods`,`visit_count`,`order_count`,`goods_count`,`add_goods_count`,`day_time`,`member_count` FROM `gxfc_stat_shop` WHERE  `site_id` = 0  AND `year` = 2022  AND `month` = 09  AND `day` = 19 LIMIT 1 [ RunTime:0.000321s ]
[2022-09-26T10:24:11+08:00][sql] SELECT `id`,`site_id`,`year`,`month`,`day`,`order_total`,`shipping_total`,`refund_total`,`order_pay_count`,`goods_pay_count`,`shop_money`,`platform_money`,`create_time`,`modify_time`,`collect_shop`,`collect_goods`,`visit_count`,`order_count`,`goods_count`,`add_goods_count`,`day_time`,`member_count` FROM `gxfc_stat_shop` WHERE  `site_id` = 0  AND `year` = 2022  AND `month` = 09  AND `day` = 20 LIMIT 1 [ RunTime:0.000316s ]
[2022-09-26T10:24:11+08:00][sql] SELECT `id`,`site_id`,`year`,`month`,`day`,`order_total`,`shipping_total`,`refund_total`,`order_pay_count`,`goods_pay_count`,`shop_money`,`platform_money`,`create_time`,`modify_time`,`collect_shop`,`collect_goods`,`visit_count`,`order_count`,`goods_count`,`add_goods_count`,`day_time`,`member_count` FROM `gxfc_stat_shop` WHERE  `site_id` = 0  AND `year` = 2022  AND `month` = 09  AND `day` = 21 LIMIT 1 [ RunTime:0.000288s ]
[2022-09-26T10:24:11+08:00][sql] SELECT `id`,`site_id`,`year`,`month`,`day`,`order_total`,`shipping_total`,`refund_total`,`order_pay_count`,`goods_pay_count`,`shop_money`,`platform_money`,`create_time`,`modify_time`,`collect_shop`,`collect_goods`,`visit_count`,`order_count`,`goods_count`,`add_goods_count`,`day_time`,`member_count` FROM `gxfc_stat_shop` WHERE  `site_id` = 0  AND `year` = 2022  AND `month` = 09  AND `day` = 22 LIMIT 1 [ RunTime:0.000302s ]
[2022-09-26T10:24:11+08:00][sql] SELECT `id`,`site_id`,`year`,`month`,`day`,`order_total`,`shipping_total`,`refund_total`,`order_pay_count`,`goods_pay_count`,`shop_money`,`platform_money`,`create_time`,`modify_time`,`collect_shop`,`collect_goods`,`visit_count`,`order_count`,`goods_count`,`add_goods_count`,`day_time`,`member_count` FROM `gxfc_stat_shop` WHERE  `site_id` = 0  AND `year` = 2022  AND `month` = 09  AND `day` = 23 LIMIT 1 [ RunTime:0.000288s ]
[2022-09-26T10:24:11+08:00][sql] SELECT `id`,`site_id`,`year`,`month`,`day`,`order_total`,`shipping_total`,`refund_total`,`order_pay_count`,`goods_pay_count`,`shop_money`,`platform_money`,`create_time`,`modify_time`,`collect_shop`,`collect_goods`,`visit_count`,`order_count`,`goods_count`,`add_goods_count`,`day_time`,`member_count` FROM `gxfc_stat_shop` WHERE  `site_id` = 0  AND `year` = 2022  AND `month` = 09  AND `day` = 24 LIMIT 1 [ RunTime:0.000289s ]
[2022-09-26T10:24:11+08:00][sql] SELECT `id`,`site_id`,`year`,`month`,`day`,`order_total`,`shipping_total`,`refund_total`,`order_pay_count`,`goods_pay_count`,`shop_money`,`platform_money`,`create_time`,`modify_time`,`collect_shop`,`collect_goods`,`visit_count`,`order_count`,`goods_count`,`add_goods_count`,`day_time`,`member_count` FROM `gxfc_stat_shop` WHERE  `site_id` = 0  AND `year` = 2022  AND `month` = 09  AND `day` = 25 LIMIT 1 [ RunTime:0.000283s ]
[2022-09-26T10:24:11+08:00][sql] SELECT `id`,`site_id`,`year`,`month`,`day`,`order_total`,`shipping_total`,`refund_total`,`order_pay_count`,`goods_pay_count`,`shop_money`,`platform_money`,`create_time`,`modify_time`,`collect_shop`,`collect_goods`,`visit_count`,`order_count`,`goods_count`,`add_goods_count`,`day_time`,`member_count` FROM `gxfc_stat_shop` WHERE  `site_id` = 0  AND `year` = 2022  AND `month` = 09  AND `day` = 26 LIMIT 1 [ RunTime:0.000296s ]
[2022-09-26T10:24:11+08:00][sql] SELECT COUNT(*) AS think_count FROM `gxfc_order` WHERE  `order_status` = 0  AND `is_delete` = 0 [ RunTime:0.000241s ]
[2022-09-26T10:24:11+08:00][sql] SELECT COUNT(*) AS think_count FROM `gxfc_order` WHERE  `order_status` = 1  AND `is_delete` = 0 [ RunTime:0.000221s ]
[2022-09-26T10:24:11+08:00][sql] SELECT COUNT(*) AS think_count FROM `gxfc_order_goods` WHERE  `refund_status` NOT IN (0,3) [ RunTime:0.000245s ]
[2022-09-26T10:24:11+08:00][sql] SELECT COUNT(*) AS think_count FROM `gxfc_goods` WHERE  `goods_state` = 1  AND `is_delete` = 0 [ RunTime:0.000242s ]
[2022-09-26T10:24:11+08:00][sql] SELECT COUNT(*) AS think_count FROM `gxfc_goods` WHERE  `goods_state` = 0  AND `is_delete` = 0 [ RunTime:0.000229s ]
[2022-09-26T10:24:11+08:00][sql] SELECT COUNT(`id`) AS think_count FROM `gxfc_fenxiao_withdraw` WHERE  `status` = 1 [ RunTime:0.000207s ]
[2022-09-26T10:24:11+08:00][sql] SELECT COUNT(`apply_id`) AS think_count FROM `gxfc_fenxiao_apply` WHERE  `status` = 1 [ RunTime:0.000200s ]
[2022-09-26T10:24:11+08:00][sql] SELECT COUNT(*) AS think_count FROM `gxfc_order_complain` WHERE  `complain_status` = 1 [ RunTime:0.000205s ]
[2022-09-26T10:24:11+08:00][sql] SELECT SUM(`order_money`) AS think_sum FROM `gxfc_order` [ RunTime:0.000191s ]
[2022-09-26T10:24:11+08:00][sql] SELECT COUNT(*) AS think_count FROM `gxfc_member` [ RunTime:0.000182s ]
[2022-09-26T10:24:11+08:00][sql] SELECT COUNT(*) AS think_count FROM `gxfc_shop_apply` WHERE  `create_time` BETWEEN 1664121600 AND 1664207999 [ RunTime:0.000209s ]
[2022-09-26T10:24:11+08:00][sql] SELECT COUNT(*) AS think_count FROM `gxfc_shop_apply` WHERE  `create_time` BETWEEN 1664035200 AND 1664121599 [ RunTime:0.000197s ]
[2022-09-26T10:24:11+08:00][sql] SELECT COUNT(*) AS think_count FROM `gxfc_shop` WHERE  `create_time` BETWEEN 1664121600 AND 1664207999 [ RunTime:0.000222s ]
[2022-09-26T10:24:11+08:00][sql] SELECT COUNT(*) AS think_count FROM `gxfc_shop` [ RunTime:0.000230s ]
[2022-09-26T10:24:11+08:00][sql] SELECT COUNT(*) AS think_count FROM `gxfc_goods` [ RunTime:0.000163s ]
[2022-09-26T10:24:13+08:00][sql] CONNECT:[ UseTime:0.000382s ] mysql:host=127.0.0.1;port=3306;dbname=ls_ssl_com;charset=utf8
[2022-09-26T10:24:13+08:00][sql] SELECT COUNT(*) AS think_count FROM `gxfc_order` `o` ORDER BY `o`.`create_time` DESC [ RunTime:0.000349s ]
[2022-09-26T10:24:13+08:00][sql] SELECT `o`.* FROM `gxfc_order` `o` ORDER BY `o`.`create_time` DESC LIMIT 0,10 [ RunTime:0.000634s ]
[2022-09-26T10:24:13+08:00][sql] SELECT * FROM `gxfc_order_goods` WHERE  `order_id` = 4 [ RunTime:0.000386s ]
[2022-09-26T10:24:13+08:00][sql] SELECT `nickname` FROM `gxfc_member` WHERE  `member_id` = 253 LIMIT 1 [ RunTime:0.000184s ]
[2022-09-26T10:24:13+08:00][sql] SELECT * FROM `gxfc_order_goods` WHERE  `order_id` = 3 [ RunTime:0.000356s ]
[2022-09-26T10:24:13+08:00][sql] SELECT `nickname` FROM `gxfc_member` WHERE  `member_id` = 253 LIMIT 1 [ RunTime:0.000176s ]
[2022-09-26T10:24:13+08:00][sql] SELECT * FROM `gxfc_order_goods` WHERE  `order_id` = 2 [ RunTime:0.000406s ]
[2022-09-26T10:24:13+08:00][sql] SELECT `nickname` FROM `gxfc_member` WHERE  `member_id` = 241 LIMIT 1 [ RunTime:0.000227s ]
[2022-09-26T10:24:13+08:00][sql] SELECT * FROM `gxfc_order_goods` WHERE  `order_id` = 1 [ RunTime:0.000369s ]
[2022-09-26T10:24:13+08:00][sql] SELECT `nickname` FROM `gxfc_member` WHERE  `member_id` = 252 LIMIT 1 [ RunTime:0.000221s ]
[2022-09-26T10:24:14+08:00][sql] CONNECT:[ UseTime:0.000299s ] mysql:host=127.0.0.1;port=3306;dbname=ls_ssl_com;charset=utf8
[2022-09-26T10:24:14+08:00][sql] SELECT COUNT(*) AS think_count FROM `gxfc_goods` WHERE  `verify_state` = 0  AND `is_delete` = 0 [ RunTime:0.000328s ]
[2022-09-26T10:24:14+08:00][sql] SELECT COUNT(*) AS think_count FROM `gxfc_goods` WHERE  `verify_state` = -2  AND `is_delete` = 0 [ RunTime:0.000272s ]
[2022-09-26T10:24:14+08:00][sql] SELECT COUNT(*) AS think_count FROM `gxfc_goods` WHERE  `verify_state` = 10  AND `is_delete` = 0 [ RunTime:0.000234s ]
[2022-09-26T10:24:14+08:00][sql] CONNECT:[ UseTime:0.000404s ] mysql:host=127.0.0.1;port=3306;dbname=ls_ssl_com;charset=utf8
[2022-09-26T10:24:14+08:00][sql] SELECT COUNT(*) AS think_count FROM `gxfc_goods` WHERE  `verify_state` = 0  AND `is_delete` = 0 [ RunTime:0.000518s ]
[2022-09-26T10:24:14+08:00][sql] SELECT COUNT(*) AS think_count FROM `gxfc_goods` WHERE  `verify_state` = -2  AND `is_delete` = 0 [ RunTime:0.000381s ]
[2022-09-26T10:24:14+08:00][sql] SELECT COUNT(*) AS think_count FROM `gxfc_goods` WHERE  `verify_state` = 10  AND `is_delete` = 0 [ RunTime:0.000338s ]
[2022-09-26T10:24:14+08:00][sql] CONNECT:[ UseTime:0.000335s ] mysql:host=127.0.0.1;port=3306;dbname=ls_ssl_com;charset=utf8
[2022-09-26T10:24:14+08:00][sql] SELECT COUNT(*) AS think_count FROM `gxfc_goods` `` WHERE  `is_delete` = 0 ORDER BY `create_time` DESC [ RunTime:0.000334s ]
[2022-09-26T10:24:14+08:00][sql] SELECT `goods_id`,`goods_name`,`site_id`,`site_name`,`goods_image`,`is_own`,`goods_state`,`verify_state`,`price`,`goods_stock`,`goods_stock_alarm`,`create_time`,`sale_num`,`is_virtual`,`goods_class`,`is_fenxiao`,`fenxiao_type`,`sku_id`,`max_buy`,`min_buy`,`promotion_addon`,`sort` FROM `gxfc_goods` `` WHERE  `is_delete` = 0 ORDER BY `create_time` DESC LIMIT 0,10 [ RunTime:0.000658s ]
[2022-09-26T10:24:16+08:00][sql] CONNECT:[ UseTime:0.000338s ] mysql:host=127.0.0.1;port=3306;dbname=ls_ssl_com;charset=utf8
[2022-09-26T10:24:16+08:00][sql] SELECT COUNT(*) AS think_count FROM `gxfc_goods` WHERE  `verify_state` = 0  AND `is_delete` = 0 [ RunTime:0.000364s ]
[2022-09-26T10:24:16+08:00][sql] SELECT COUNT(*) AS think_count FROM `gxfc_goods` WHERE  `verify_state` = -2  AND `is_delete` = 0 [ RunTime:0.000285s ]
[2022-09-26T10:24:16+08:00][sql] SELECT COUNT(*) AS think_count FROM `gxfc_goods` WHERE  `verify_state` = 10  AND `is_delete` = 0 [ RunTime:0.000263s ]
[2022-09-26T10:24:16+08:00][sql] CONNECT:[ UseTime:0.000315s ] mysql:host=127.0.0.1;port=3306;dbname=ls_ssl_com;charset=utf8
[2022-09-26T10:24:16+08:00][sql] SELECT COUNT(*) AS think_count FROM `gxfc_goods` `` WHERE  `is_delete` = 0  AND `verify_state` = 0 ORDER BY `create_time` DESC [ RunTime:0.000321s ]
[2022-09-26T10:24:16+08:00][sql] SELECT `goods_id`,`goods_name`,`site_id`,`site_name`,`goods_image`,`is_own`,`goods_state`,`verify_state`,`price`,`goods_stock`,`goods_stock_alarm`,`create_time`,`sale_num`,`is_virtual`,`goods_class`,`is_fenxiao`,`fenxiao_type`,`sku_id`,`max_buy`,`min_buy`,`promotion_addon`,`sort` FROM `gxfc_goods` `` WHERE  `is_delete` = 0  AND `verify_state` = 0 ORDER BY `create_time` DESC LIMIT 0,10 [ RunTime:0.000501s ]
[2022-09-26T10:24:20+08:00][sql] CONNECT:[ UseTime:0.000297s ] mysql:host=127.0.0.1;port=3306;dbname=ls_ssl_com;charset=utf8
[2022-09-26T10:24:20+08:00][sql] UPDATE `gxfc_goods`  SET `verify_state` = 1 , `verify_state_remark` = ''  WHERE  `goods_id` IN (11,10) [ RunTime:0.005195s ]
[2022-09-26T10:24:20+08:00][sql] UPDATE `gxfc_goods_sku`  SET `verify_state` = 1 , `verify_state_remark` = ''  WHERE  `goods_id` IN (11,10) [ RunTime:0.004467s ]
[2022-09-26T10:24:20+08:00][sql] CONNECT:[ UseTime:0.000348s ] mysql:host=127.0.0.1;port=3306;dbname=ls_ssl_com;charset=utf8
[2022-09-26T10:24:20+08:00][sql] SELECT COUNT(*) AS think_count FROM `gxfc_goods` WHERE  `verify_state` = 0  AND `is_delete` = 0 [ RunTime:0.000421s ]
[2022-09-26T10:24:20+08:00][sql] SELECT COUNT(*) AS think_count FROM `gxfc_goods` WHERE  `verify_state` = -2  AND `is_delete` = 0 [ RunTime:0.000310s ]
[2022-09-26T10:24:20+08:00][sql] SELECT COUNT(*) AS think_count FROM `gxfc_goods` WHERE  `verify_state` = 10  AND `is_delete` = 0 [ RunTime:0.000279s ]
[2022-09-26T10:24:20+08:00][sql] CONNECT:[ UseTime:0.000357s ] mysql:host=127.0.0.1;port=3306;dbname=ls_ssl_com;charset=utf8
[2022-09-26T10:24:20+08:00][sql] SELECT COUNT(*) AS think_count FROM `gxfc_goods` `` WHERE  `is_delete` = 0  AND `verify_state` = 0 ORDER BY `create_time` DESC [ RunTime:0.000378s ]
[2022-09-26T10:24:20+08:00][sql] SELECT `goods_id`,`goods_name`,`site_id`,`site_name`,`goods_image`,`is_own`,`goods_state`,`verify_state`,`price`,`goods_stock`,`goods_stock_alarm`,`create_time`,`sale_num`,`is_virtual`,`goods_class`,`is_fenxiao`,`fenxiao_type`,`sku_id`,`max_buy`,`min_buy`,`promotion_addon`,`sort` FROM `gxfc_goods` `` WHERE  `is_delete` = 0  AND `verify_state` = 0 ORDER BY `create_time` DESC LIMIT 0,10 [ RunTime:0.000387s ]
[2022-09-26T10:24:22+08:00][sql] CONNECT:[ UseTime:0.000373s ] mysql:host=127.0.0.1;port=3306;dbname=ls_ssl_com;charset=utf8
[2022-09-26T10:24:22+08:00][sql] SELECT COUNT(*) AS think_count FROM `gxfc_goods` WHERE  `verify_state` = 0  AND `is_delete` = 0 [ RunTime:0.000361s ]
[2022-09-26T10:24:22+08:00][sql] SELECT COUNT(*) AS think_count FROM `gxfc_goods` WHERE  `verify_state` = -2  AND `is_delete` = 0 [ RunTime:0.000268s ]
[2022-09-26T10:24:22+08:00][sql] SELECT COUNT(*) AS think_count FROM `gxfc_goods` WHERE  `verify_state` = 10  AND `is_delete` = 0 [ RunTime:0.000236s ]
[2022-09-26T10:24:22+08:00][sql] CONNECT:[ UseTime:0.000337s ] mysql:host=127.0.0.1;port=3306;dbname=ls_ssl_com;charset=utf8
[2022-09-26T10:24:22+08:00][sql] SELECT COUNT(*) AS think_count FROM `gxfc_goods` WHERE  `verify_state` = 0  AND `is_delete` = 0 [ RunTime:0.000507s ]
[2022-09-26T10:24:22+08:00][sql] SELECT COUNT(*) AS think_count FROM `gxfc_goods` WHERE  `verify_state` = -2  AND `is_delete` = 0 [ RunTime:0.000299s ]
[2022-09-26T10:24:22+08:00][sql] SELECT COUNT(*) AS think_count FROM `gxfc_goods` WHERE  `verify_state` = 10  AND `is_delete` = 0 [ RunTime:0.000265s ]
[2022-09-26T10:24:22+08:00][sql] CONNECT:[ UseTime:0.000333s ] mysql:host=127.0.0.1;port=3306;dbname=ls_ssl_com;charset=utf8
[2022-09-26T10:24:22+08:00][sql] SELECT COUNT(*) AS think_count FROM `gxfc_goods` `` WHERE  `is_delete` = 0 ORDER BY `create_time` DESC [ RunTime:0.000318s ]
[2022-09-26T10:24:22+08:00][sql] SELECT `goods_id`,`goods_name`,`site_id`,`site_name`,`goods_image`,`is_own`,`goods_state`,`verify_state`,`price`,`goods_stock`,`goods_stock_alarm`,`create_time`,`sale_num`,`is_virtual`,`goods_class`,`is_fenxiao`,`fenxiao_type`,`sku_id`,`max_buy`,`min_buy`,`promotion_addon`,`sort` FROM `gxfc_goods` `` WHERE  `is_delete` = 0 ORDER BY `create_time` DESC LIMIT 0,10 [ RunTime:0.000433s ]
