[2022-09-27T13:22:20+08:00][sql] CONNECT:[ UseTime:0.001895s ] mysql:host=localhost;port=3306;dbname=ls_chnssl_com;charset=utf8
[2022-09-27T13:22:20+08:00][sql] SHOW FULL COLUMNS FROM `gxfc_user` [ RunTime:0.002517s ]
[2022-09-27T13:22:20+08:00][sql] SELECT `uid`,`app_module`,`app_group`,`is_admin`,`site_id`,`group_id`,`group_name`,`username`,`password`,`member_id`,`create_time`,`update_time`,`status`,`login_time`,`login_ip` FROM `gxfc_user` WHERE  `username` = 'admin'  AND `app_module` = 'admin' LIMIT 1 [ RunTime:0.000433s ]
[2022-09-27T13:22:20+08:00][sql] UPDATE `gxfc_user`  SET `login_time` = 1664256140 , `login_ip` = '127.0.0.1'  WHERE  `uid` = 1 [ RunTime:0.071404s ]
[2022-09-27T13:22:20+08:00][sql] SHOW FULL COLUMNS FROM `gxfc_user_log` [ RunTime:0.002052s ]
[2022-09-27T13:22:20+08:00][sql] INSERT INTO `gxfc_user_log` SET `uid` = 1 , `username` = 'admin' , `site_id` = 0 , `url` = 'admin/Login/login' , `ip` = '127.0.0.1' , `data` = '[]' , `action_name` = '用户登录' , `create_time` = 1664256140 [ RunTime:0.061669s ]
[2022-09-27T13:22:22+08:00][sql] CONNECT:[ UseTime:0.025751s ] mysql:host=localhost;port=3306;dbname=ls_chnssl_com;charset=utf8
[2022-09-27T13:22:22+08:00][sql] SHOW FULL COLUMNS FROM `gxfc_stat_shop` [ RunTime:0.002325s ]
[2022-09-27T13:22:22+08:00][sql] SELECT `id`,`site_id`,`year`,`month`,`day`,`order_total`,`shipping_total`,`refund_total`,`order_pay_count`,`goods_pay_count`,`shop_money`,`platform_money`,`create_time`,`modify_time`,`collect_shop`,`collect_goods`,`visit_count`,`order_count`,`goods_count`,`add_goods_count`,`day_time`,`member_count` FROM `gxfc_stat_shop` WHERE  `site_id` = 0  AND `year` = 2022  AND `month` = 9  AND `day` = 27 LIMIT 1 [ RunTime:0.000408s ]
[2022-09-27T13:22:22+08:00][sql] SELECT `id`,`site_id`,`year`,`month`,`day`,`order_total`,`shipping_total`,`refund_total`,`order_pay_count`,`goods_pay_count`,`shop_money`,`platform_money`,`create_time`,`modify_time`,`collect_shop`,`collect_goods`,`visit_count`,`order_count`,`goods_count`,`add_goods_count`,`day_time`,`member_count` FROM `gxfc_stat_shop` WHERE  `site_id` = 0  AND `year` = 2022  AND `month` = 9  AND `day` = 27 LIMIT 1 [ RunTime:0.000383s ]
[2022-09-27T13:22:22+08:00][sql] SELECT `id`,`site_id`,`year`,`month`,`day`,`order_total`,`shipping_total`,`refund_total`,`order_pay_count`,`goods_pay_count`,`shop_money`,`platform_money`,`create_time`,`modify_time`,`collect_shop`,`collect_goods`,`visit_count`,`order_count`,`goods_count`,`add_goods_count`,`day_time`,`member_count` FROM `gxfc_stat_shop` WHERE  `site_id` = 0  AND `year` = 2022  AND `month` = 9  AND `day` = 26 LIMIT 1 [ RunTime:0.000417s ]
[2022-09-27T13:22:22+08:00][sql] SELECT `id`,`site_id`,`year`,`month`,`day`,`order_total`,`shipping_total`,`refund_total`,`order_pay_count`,`goods_pay_count`,`shop_money`,`platform_money`,`create_time`,`modify_time`,`collect_shop`,`collect_goods`,`visit_count`,`order_count`,`goods_count`,`add_goods_count`,`day_time`,`member_count` FROM `gxfc_stat_shop` WHERE  `site_id` = 0  AND `year` = 2022  AND `month` = 09  AND `day` = 18 LIMIT 1 [ RunTime:0.001285s ]
[2022-09-27T13:22:22+08:00][sql] SELECT `id`,`site_id`,`year`,`month`,`day`,`order_total`,`shipping_total`,`refund_total`,`order_pay_count`,`goods_pay_count`,`shop_money`,`platform_money`,`create_time`,`modify_time`,`collect_shop`,`collect_goods`,`visit_count`,`order_count`,`goods_count`,`add_goods_count`,`day_time`,`member_count` FROM `gxfc_stat_shop` WHERE  `site_id` = 0  AND `year` = 2022  AND `month` = 09  AND `day` = 19 LIMIT 1 [ RunTime:0.000361s ]
[2022-09-27T13:22:22+08:00][sql] SELECT `id`,`site_id`,`year`,`month`,`day`,`order_total`,`shipping_total`,`refund_total`,`order_pay_count`,`goods_pay_count`,`shop_money`,`platform_money`,`create_time`,`modify_time`,`collect_shop`,`collect_goods`,`visit_count`,`order_count`,`goods_count`,`add_goods_count`,`day_time`,`member_count` FROM `gxfc_stat_shop` WHERE  `site_id` = 0  AND `year` = 2022  AND `month` = 09  AND `day` = 20 LIMIT 1 [ RunTime:0.000415s ]
[2022-09-27T13:22:22+08:00][sql] SELECT `id`,`site_id`,`year`,`month`,`day`,`order_total`,`shipping_total`,`refund_total`,`order_pay_count`,`goods_pay_count`,`shop_money`,`platform_money`,`create_time`,`modify_time`,`collect_shop`,`collect_goods`,`visit_count`,`order_count`,`goods_count`,`add_goods_count`,`day_time`,`member_count` FROM `gxfc_stat_shop` WHERE  `site_id` = 0  AND `year` = 2022  AND `month` = 09  AND `day` = 21 LIMIT 1 [ RunTime:0.000378s ]
[2022-09-27T13:22:22+08:00][sql] SELECT `id`,`site_id`,`year`,`month`,`day`,`order_total`,`shipping_total`,`refund_total`,`order_pay_count`,`goods_pay_count`,`shop_money`,`platform_money`,`create_time`,`modify_time`,`collect_shop`,`collect_goods`,`visit_count`,`order_count`,`goods_count`,`add_goods_count`,`day_time`,`member_count` FROM `gxfc_stat_shop` WHERE  `site_id` = 0  AND `year` = 2022  AND `month` = 09  AND `day` = 22 LIMIT 1 [ RunTime:0.000463s ]
[2022-09-27T13:22:22+08:00][sql] SELECT `id`,`site_id`,`year`,`month`,`day`,`order_total`,`shipping_total`,`refund_total`,`order_pay_count`,`goods_pay_count`,`shop_money`,`platform_money`,`create_time`,`modify_time`,`collect_shop`,`collect_goods`,`visit_count`,`order_count`,`goods_count`,`add_goods_count`,`day_time`,`member_count` FROM `gxfc_stat_shop` WHERE  `site_id` = 0  AND `year` = 2022  AND `month` = 09  AND `day` = 23 LIMIT 1 [ RunTime:0.000390s ]
[2022-09-27T13:22:22+08:00][sql] SELECT `id`,`site_id`,`year`,`month`,`day`,`order_total`,`shipping_total`,`refund_total`,`order_pay_count`,`goods_pay_count`,`shop_money`,`platform_money`,`create_time`,`modify_time`,`collect_shop`,`collect_goods`,`visit_count`,`order_count`,`goods_count`,`add_goods_count`,`day_time`,`member_count` FROM `gxfc_stat_shop` WHERE  `site_id` = 0  AND `year` = 2022  AND `month` = 09  AND `day` = 24 LIMIT 1 [ RunTime:0.000359s ]
[2022-09-27T13:22:22+08:00][sql] SELECT `id`,`site_id`,`year`,`month`,`day`,`order_total`,`shipping_total`,`refund_total`,`order_pay_count`,`goods_pay_count`,`shop_money`,`platform_money`,`create_time`,`modify_time`,`collect_shop`,`collect_goods`,`visit_count`,`order_count`,`goods_count`,`add_goods_count`,`day_time`,`member_count` FROM `gxfc_stat_shop` WHERE  `site_id` = 0  AND `year` = 2022  AND `month` = 09  AND `day` = 25 LIMIT 1 [ RunTime:0.000538s ]
[2022-09-27T13:22:22+08:00][sql] SELECT `id`,`site_id`,`year`,`month`,`day`,`order_total`,`shipping_total`,`refund_total`,`order_pay_count`,`goods_pay_count`,`shop_money`,`platform_money`,`create_time`,`modify_time`,`collect_shop`,`collect_goods`,`visit_count`,`order_count`,`goods_count`,`add_goods_count`,`day_time`,`member_count` FROM `gxfc_stat_shop` WHERE  `site_id` = 0  AND `year` = 2022  AND `month` = 09  AND `day` = 26 LIMIT 1 [ RunTime:0.000389s ]
[2022-09-27T13:22:22+08:00][sql] SELECT `id`,`site_id`,`year`,`month`,`day`,`order_total`,`shipping_total`,`refund_total`,`order_pay_count`,`goods_pay_count`,`shop_money`,`platform_money`,`create_time`,`modify_time`,`collect_shop`,`collect_goods`,`visit_count`,`order_count`,`goods_count`,`add_goods_count`,`day_time`,`member_count` FROM `gxfc_stat_shop` WHERE  `site_id` = 0  AND `year` = 2022  AND `month` = 09  AND `day` = 27 LIMIT 1 [ RunTime:0.000369s ]
[2022-09-27T13:22:22+08:00][sql] SHOW FULL COLUMNS FROM `gxfc_order` [ RunTime:0.002812s ]
[2022-09-27T13:22:22+08:00][sql] SELECT COUNT(*) AS think_count FROM `gxfc_order` WHERE  `order_status` = 0  AND `is_delete` = 0 [ RunTime:0.000412s ]
[2022-09-27T13:22:22+08:00][sql] SELECT COUNT(*) AS think_count FROM `gxfc_order` WHERE  `order_status` = 1  AND `is_delete` = 0 [ RunTime:0.000323s ]
[2022-09-27T13:22:22+08:00][sql] SHOW FULL COLUMNS FROM `gxfc_order_goods` [ RunTime:0.002653s ]
[2022-09-27T13:22:22+08:00][sql] SELECT COUNT(*) AS think_count FROM `gxfc_order_goods` WHERE  `refund_status` NOT IN (0,3) [ RunTime:0.002193s ]
[2022-09-27T13:22:22+08:00][sql] SHOW FULL COLUMNS FROM `gxfc_goods` [ RunTime:0.002395s ]
[2022-09-27T13:22:22+08:00][sql] SELECT COUNT(*) AS think_count FROM `gxfc_goods` WHERE  `goods_state` = 1  AND `is_delete` = 0 [ RunTime:0.000509s ]
[2022-09-27T13:22:22+08:00][sql] SELECT COUNT(*) AS think_count FROM `gxfc_goods` WHERE  `goods_state` = 0  AND `is_delete` = 0 [ RunTime:0.000525s ]
[2022-09-27T13:22:22+08:00][sql] SHOW FULL COLUMNS FROM `gxfc_fenxiao_withdraw` [ RunTime:0.002565s ]
[2022-09-27T13:22:22+08:00][sql] SELECT COUNT(`id`) AS think_count FROM `gxfc_fenxiao_withdraw` WHERE  `status` = 1 [ RunTime:0.000698s ]
[2022-09-27T13:22:22+08:00][sql] SHOW FULL COLUMNS FROM `gxfc_fenxiao_apply` [ RunTime:0.002760s ]
[2022-09-27T13:22:22+08:00][sql] SELECT COUNT(`apply_id`) AS think_count FROM `gxfc_fenxiao_apply` WHERE  `status` = 1 [ RunTime:0.000441s ]
[2022-09-27T13:22:22+08:00][sql] SHOW FULL COLUMNS FROM `gxfc_order_complain` [ RunTime:0.002272s ]
[2022-09-27T13:22:22+08:00][sql] SELECT COUNT(*) AS think_count FROM `gxfc_order_complain` WHERE  `complain_status` = 1 [ RunTime:0.000300s ]
[2022-09-27T13:22:22+08:00][sql] SELECT SUM(`order_money`) AS think_sum FROM `gxfc_order` [ RunTime:0.001417s ]
[2022-09-27T13:22:22+08:00][sql] SHOW FULL COLUMNS FROM `gxfc_member` [ RunTime:0.002400s ]
[2022-09-27T13:22:22+08:00][sql] SELECT COUNT(*) AS think_count FROM `gxfc_member` [ RunTime:0.000691s ]
[2022-09-27T13:22:22+08:00][sql] SHOW FULL COLUMNS FROM `gxfc_shop_apply` [ RunTime:0.002369s ]
[2022-09-27T13:22:22+08:00][sql] SELECT COUNT(*) AS think_count FROM `gxfc_shop_apply` WHERE  `create_time` BETWEEN 1664208000 AND 1664294399 [ RunTime:0.000821s ]
[2022-09-27T13:22:22+08:00][sql] SELECT COUNT(*) AS think_count FROM `gxfc_shop_apply` WHERE  `create_time` BETWEEN 1664121600 AND 1664207999 [ RunTime:0.000342s ]
[2022-09-27T13:22:22+08:00][sql] SHOW FULL COLUMNS FROM `gxfc_shop` [ RunTime:0.002485s ]
[2022-09-27T13:22:22+08:00][sql] SELECT COUNT(*) AS think_count FROM `gxfc_shop` WHERE  `create_time` BETWEEN 1664208000 AND 1664294399 [ RunTime:0.000356s ]
[2022-09-27T13:22:22+08:00][sql] SELECT COUNT(*) AS think_count FROM `gxfc_shop` [ RunTime:0.000307s ]
[2022-09-27T13:22:22+08:00][sql] SELECT COUNT(*) AS think_count FROM `gxfc_goods` [ RunTime:0.000506s ]
[2022-09-27T13:22:27+08:00][sql] CONNECT:[ UseTime:0.001306s ] mysql:host=localhost;port=3306;dbname=ls_chnssl_com;charset=utf8
[2022-09-27T13:22:27+08:00][sql] SHOW FULL COLUMNS FROM `gxfc_order` [ RunTime:0.004325s ]
[2022-09-27T13:22:27+08:00][sql] SELECT COUNT(*) AS think_count FROM `gxfc_order` `o` ORDER BY `o`.`create_time` DESC [ RunTime:0.000996s ]
[2022-09-27T13:22:27+08:00][sql] SELECT `o`.* FROM `gxfc_order` `o` ORDER BY `o`.`create_time` DESC LIMIT 0,10 [ RunTime:0.002018s ]
[2022-09-27T13:22:27+08:00][sql] SHOW FULL COLUMNS FROM `gxfc_order_goods` [ RunTime:0.003638s ]
[2022-09-27T13:22:27+08:00][sql] SELECT * FROM `gxfc_order_goods` WHERE  `order_id` = 2002 [ RunTime:0.003608s ]
[2022-09-27T13:22:27+08:00][sql] SHOW FULL COLUMNS FROM `gxfc_member` [ RunTime:0.002222s ]
[2022-09-27T13:22:27+08:00][sql] SELECT `nickname` FROM `gxfc_member` WHERE  `member_id` = 2095 LIMIT 1 [ RunTime:0.000293s ]
[2022-09-27T13:22:27+08:00][sql] SELECT * FROM `gxfc_order_goods` WHERE  `order_id` = 2001 [ RunTime:0.004927s ]
[2022-09-27T13:22:27+08:00][sql] SELECT `nickname` FROM `gxfc_member` WHERE  `member_id` = 1662 LIMIT 1 [ RunTime:0.000384s ]
[2022-09-27T13:22:27+08:00][sql] SELECT * FROM `gxfc_order_goods` WHERE  `order_id` = 2000 [ RunTime:0.003305s ]
[2022-09-27T13:22:27+08:00][sql] SELECT `nickname` FROM `gxfc_member` WHERE  `member_id` = 287 LIMIT 1 [ RunTime:0.000466s ]
[2022-09-27T13:22:27+08:00][sql] SELECT * FROM `gxfc_order_goods` WHERE  `order_id` = 1999 [ RunTime:0.003517s ]
[2022-09-27T13:22:27+08:00][sql] SELECT `nickname` FROM `gxfc_member` WHERE  `member_id` = 287 LIMIT 1 [ RunTime:0.000293s ]
[2022-09-27T13:22:27+08:00][sql] SELECT * FROM `gxfc_order_goods` WHERE  `order_id` = 1998 [ RunTime:0.003435s ]
[2022-09-27T13:22:27+08:00][sql] SELECT `nickname` FROM `gxfc_member` WHERE  `member_id` = 2359 LIMIT 1 [ RunTime:0.000338s ]
[2022-09-27T13:22:27+08:00][sql] SELECT * FROM `gxfc_order_goods` WHERE  `order_id` = 1997 [ RunTime:0.003873s ]
[2022-09-27T13:22:27+08:00][sql] SELECT `nickname` FROM `gxfc_member` WHERE  `member_id` = 2346 LIMIT 1 [ RunTime:0.000302s ]
[2022-09-27T13:22:27+08:00][sql] SELECT * FROM `gxfc_order_goods` WHERE  `order_id` = 1996 [ RunTime:0.003172s ]
[2022-09-27T13:22:27+08:00][sql] SELECT `nickname` FROM `gxfc_member` WHERE  `member_id` = 1219 LIMIT 1 [ RunTime:0.000264s ]
[2022-09-27T13:22:27+08:00][sql] SELECT * FROM `gxfc_order_goods` WHERE  `order_id` = 1995 [ RunTime:0.003817s ]
[2022-09-27T13:22:27+08:00][sql] SELECT `nickname` FROM `gxfc_member` WHERE  `member_id` = 418 LIMIT 1 [ RunTime:0.000321s ]
[2022-09-27T13:22:27+08:00][sql] SELECT * FROM `gxfc_order_goods` WHERE  `order_id` = 1994 [ RunTime:0.003149s ]
[2022-09-27T13:22:27+08:00][sql] SELECT `nickname` FROM `gxfc_member` WHERE  `member_id` = 141 LIMIT 1 [ RunTime:0.000288s ]
[2022-09-27T13:22:27+08:00][sql] SELECT * FROM `gxfc_order_goods` WHERE  `order_id` = 1993 [ RunTime:0.004173s ]
[2022-09-27T13:22:27+08:00][sql] SELECT `nickname` FROM `gxfc_member` WHERE  `member_id` = 258 LIMIT 1 [ RunTime:0.000456s ]
[2022-09-27T13:22:31+08:00][sql] CONNECT:[ UseTime:0.007015s ] mysql:host=localhost;port=3306;dbname=ls_chnssl_com;charset=utf8
[2022-09-27T13:22:31+08:00][sql] SHOW FULL COLUMNS FROM `gxfc_website` [ RunTime:0.002167s ]
[2022-09-27T13:22:31+08:00][sql] SELECT `site_id`,`site_area_name` FROM `gxfc_website` [ RunTime:0.000303s ]
