[2022-09-29T13:58:36+08:00][sql] CONNECT:[ UseTime:0.017798s ] mysql:host=localhost;port=3306;dbname=ls_chnssl_com;charset=utf8
[2022-09-29T13:58:36+08:00][sql] SHOW FULL COLUMNS FROM `gxfc_user` [ RunTime:0.000887s ]
[2022-09-29T13:58:36+08:00][sql] SELECT `uid`,`app_module`,`app_group`,`is_admin`,`site_id`,`group_id`,`group_name`,`username`,`password`,`member_id`,`create_time`,`update_time`,`status`,`login_time`,`login_ip` FROM `gxfc_user` WHERE  `username` = 'admin'  AND `app_module` = 'admin' LIMIT 1 [ RunTime:0.001227s ]
[2022-09-29T13:58:36+08:00][sql] UPDATE `gxfc_user`  SET `login_time` = 1664431116 , `login_ip` = '127.0.0.1'  WHERE  `uid` = 1 [ RunTime:0.001409s ]
[2022-09-29T13:58:36+08:00][sql] SHOW FULL COLUMNS FROM `gxfc_user_log` [ RunTime:0.001811s ]
[2022-09-29T13:58:36+08:00][sql] INSERT INTO `gxfc_user_log` SET `uid` = 1 , `username` = 'admin' , `site_id` = 0 , `url` = 'admin/Login/login' , `ip` = '127.0.0.1' , `data` = '[]' , `action_name` = '用户登录' , `create_time` = 1664431116 [ RunTime:0.002987s ]
[2022-09-29T13:58:37+08:00][sql] CONNECT:[ UseTime:0.013376s ] mysql:host=localhost;port=3306;dbname=ls_chnssl_com;charset=utf8
[2022-09-29T13:58:37+08:00][sql] SHOW FULL COLUMNS FROM `gxfc_stat_shop` [ RunTime:0.001902s ]
[2022-09-29T13:58:37+08:00][sql] SELECT `id`,`site_id`,`year`,`month`,`day`,`order_total`,`shipping_total`,`refund_total`,`order_pay_count`,`goods_pay_count`,`shop_money`,`platform_money`,`create_time`,`modify_time`,`collect_shop`,`collect_goods`,`visit_count`,`order_count`,`goods_count`,`add_goods_count`,`day_time`,`member_count` FROM `gxfc_stat_shop` WHERE  `site_id` = 0  AND `year` = 2022  AND `month` = 9  AND `day` = 29 LIMIT 1 [ RunTime:0.000297s ]
[2022-09-29T13:58:37+08:00][sql] INSERT INTO `gxfc_stat_shop` SET `site_id` = 0 , `year` = 2022 , `month` = 9 , `day` = 29 , `day_time` = 1664380800 [ RunTime:0.002975s ]
[2022-09-29T13:58:37+08:00][sql] SELECT `id`,`site_id`,`year`,`month`,`day`,`order_total`,`shipping_total`,`refund_total`,`order_pay_count`,`goods_pay_count`,`shop_money`,`platform_money`,`create_time`,`modify_time`,`collect_shop`,`collect_goods`,`visit_count`,`order_count`,`goods_count`,`add_goods_count`,`day_time`,`member_count` FROM `gxfc_stat_shop` WHERE  `site_id` = 0  AND `year` = 2022  AND `month` = 9  AND `day` = 29  AND `day_time` = 1664380800 LIMIT 1 [ RunTime:0.000347s ]
[2022-09-29T13:58:37+08:00][sql] SELECT `id`,`site_id`,`year`,`month`,`day`,`order_total`,`shipping_total`,`refund_total`,`order_pay_count`,`goods_pay_count`,`shop_money`,`platform_money`,`create_time`,`modify_time`,`collect_shop`,`collect_goods`,`visit_count`,`order_count`,`goods_count`,`add_goods_count`,`day_time`,`member_count` FROM `gxfc_stat_shop` WHERE  `site_id` = 0  AND `year` = 2022  AND `month` = 9  AND `day` = 29 LIMIT 1 [ RunTime:0.000290s ]
[2022-09-29T13:58:37+08:00][sql] SELECT `id`,`site_id`,`year`,`month`,`day`,`order_total`,`shipping_total`,`refund_total`,`order_pay_count`,`goods_pay_count`,`shop_money`,`platform_money`,`create_time`,`modify_time`,`collect_shop`,`collect_goods`,`visit_count`,`order_count`,`goods_count`,`add_goods_count`,`day_time`,`member_count` FROM `gxfc_stat_shop` WHERE  `site_id` = 0  AND `year` = 2022  AND `month` = 9  AND `day` = 28 LIMIT 1 [ RunTime:0.000257s ]
[2022-09-29T13:58:37+08:00][sql] SELECT `id`,`site_id`,`year`,`month`,`day`,`order_total`,`shipping_total`,`refund_total`,`order_pay_count`,`goods_pay_count`,`shop_money`,`platform_money`,`create_time`,`modify_time`,`collect_shop`,`collect_goods`,`visit_count`,`order_count`,`goods_count`,`add_goods_count`,`day_time`,`member_count` FROM `gxfc_stat_shop` WHERE  `site_id` = 0  AND `year` = 2022  AND `month` = 09  AND `day` = 20 LIMIT 1 [ RunTime:0.000853s ]
[2022-09-29T13:58:37+08:00][sql] SELECT `id`,`site_id`,`year`,`month`,`day`,`order_total`,`shipping_total`,`refund_total`,`order_pay_count`,`goods_pay_count`,`shop_money`,`platform_money`,`create_time`,`modify_time`,`collect_shop`,`collect_goods`,`visit_count`,`order_count`,`goods_count`,`add_goods_count`,`day_time`,`member_count` FROM `gxfc_stat_shop` WHERE  `site_id` = 0  AND `year` = 2022  AND `month` = 09  AND `day` = 21 LIMIT 1 [ RunTime:0.000292s ]
[2022-09-29T13:58:37+08:00][sql] SELECT `id`,`site_id`,`year`,`month`,`day`,`order_total`,`shipping_total`,`refund_total`,`order_pay_count`,`goods_pay_count`,`shop_money`,`platform_money`,`create_time`,`modify_time`,`collect_shop`,`collect_goods`,`visit_count`,`order_count`,`goods_count`,`add_goods_count`,`day_time`,`member_count` FROM `gxfc_stat_shop` WHERE  `site_id` = 0  AND `year` = 2022  AND `month` = 09  AND `day` = 22 LIMIT 1 [ RunTime:0.001170s ]
[2022-09-29T13:58:37+08:00][sql] SELECT `id`,`site_id`,`year`,`month`,`day`,`order_total`,`shipping_total`,`refund_total`,`order_pay_count`,`goods_pay_count`,`shop_money`,`platform_money`,`create_time`,`modify_time`,`collect_shop`,`collect_goods`,`visit_count`,`order_count`,`goods_count`,`add_goods_count`,`day_time`,`member_count` FROM `gxfc_stat_shop` WHERE  `site_id` = 0  AND `year` = 2022  AND `month` = 09  AND `day` = 23 LIMIT 1 [ RunTime:0.000516s ]
[2022-09-29T13:58:37+08:00][sql] SELECT `id`,`site_id`,`year`,`month`,`day`,`order_total`,`shipping_total`,`refund_total`,`order_pay_count`,`goods_pay_count`,`shop_money`,`platform_money`,`create_time`,`modify_time`,`collect_shop`,`collect_goods`,`visit_count`,`order_count`,`goods_count`,`add_goods_count`,`day_time`,`member_count` FROM `gxfc_stat_shop` WHERE  `site_id` = 0  AND `year` = 2022  AND `month` = 09  AND `day` = 24 LIMIT 1 [ RunTime:0.000285s ]
[2022-09-29T13:58:37+08:00][sql] SELECT `id`,`site_id`,`year`,`month`,`day`,`order_total`,`shipping_total`,`refund_total`,`order_pay_count`,`goods_pay_count`,`shop_money`,`platform_money`,`create_time`,`modify_time`,`collect_shop`,`collect_goods`,`visit_count`,`order_count`,`goods_count`,`add_goods_count`,`day_time`,`member_count` FROM `gxfc_stat_shop` WHERE  `site_id` = 0  AND `year` = 2022  AND `month` = 09  AND `day` = 25 LIMIT 1 [ RunTime:0.000230s ]
[2022-09-29T13:58:37+08:00][sql] SELECT `id`,`site_id`,`year`,`month`,`day`,`order_total`,`shipping_total`,`refund_total`,`order_pay_count`,`goods_pay_count`,`shop_money`,`platform_money`,`create_time`,`modify_time`,`collect_shop`,`collect_goods`,`visit_count`,`order_count`,`goods_count`,`add_goods_count`,`day_time`,`member_count` FROM `gxfc_stat_shop` WHERE  `site_id` = 0  AND `year` = 2022  AND `month` = 09  AND `day` = 26 LIMIT 1 [ RunTime:0.000248s ]
[2022-09-29T13:58:37+08:00][sql] SELECT `id`,`site_id`,`year`,`month`,`day`,`order_total`,`shipping_total`,`refund_total`,`order_pay_count`,`goods_pay_count`,`shop_money`,`platform_money`,`create_time`,`modify_time`,`collect_shop`,`collect_goods`,`visit_count`,`order_count`,`goods_count`,`add_goods_count`,`day_time`,`member_count` FROM `gxfc_stat_shop` WHERE  `site_id` = 0  AND `year` = 2022  AND `month` = 09  AND `day` = 27 LIMIT 1 [ RunTime:0.000216s ]
[2022-09-29T13:58:37+08:00][sql] SELECT `id`,`site_id`,`year`,`month`,`day`,`order_total`,`shipping_total`,`refund_total`,`order_pay_count`,`goods_pay_count`,`shop_money`,`platform_money`,`create_time`,`modify_time`,`collect_shop`,`collect_goods`,`visit_count`,`order_count`,`goods_count`,`add_goods_count`,`day_time`,`member_count` FROM `gxfc_stat_shop` WHERE  `site_id` = 0  AND `year` = 2022  AND `month` = 09  AND `day` = 28 LIMIT 1 [ RunTime:0.000304s ]
[2022-09-29T13:58:37+08:00][sql] SELECT `id`,`site_id`,`year`,`month`,`day`,`order_total`,`shipping_total`,`refund_total`,`order_pay_count`,`goods_pay_count`,`shop_money`,`platform_money`,`create_time`,`modify_time`,`collect_shop`,`collect_goods`,`visit_count`,`order_count`,`goods_count`,`add_goods_count`,`day_time`,`member_count` FROM `gxfc_stat_shop` WHERE  `site_id` = 0  AND `year` = 2022  AND `month` = 09  AND `day` = 29 LIMIT 1 [ RunTime:0.000522s ]
[2022-09-29T13:58:37+08:00][sql] SHOW FULL COLUMNS FROM `gxfc_order` [ RunTime:0.002230s ]
[2022-09-29T13:58:37+08:00][sql] SELECT COUNT(*) AS think_count FROM `gxfc_order` WHERE  `order_status` = 0  AND `is_delete` = 0 [ RunTime:0.000307s ]
[2022-09-29T13:58:37+08:00][sql] SELECT COUNT(*) AS think_count FROM `gxfc_order` WHERE  `order_status` = 1  AND `is_delete` = 0 [ RunTime:0.000200s ]
[2022-09-29T13:58:37+08:00][sql] SHOW FULL COLUMNS FROM `gxfc_order_goods` [ RunTime:0.003113s ]
[2022-09-29T13:58:37+08:00][sql] SELECT COUNT(*) AS think_count FROM `gxfc_order_goods` WHERE  `refund_status` NOT IN (0,3) [ RunTime:0.004081s ]
[2022-09-29T13:58:37+08:00][sql] SHOW FULL COLUMNS FROM `gxfc_goods` [ RunTime:0.000739s ]
[2022-09-29T13:58:37+08:00][sql] SELECT COUNT(*) AS think_count FROM `gxfc_goods` WHERE  `goods_state` = 1  AND `is_delete` = 0 [ RunTime:0.002016s ]
[2022-09-29T13:58:37+08:00][sql] SELECT COUNT(*) AS think_count FROM `gxfc_goods` WHERE  `goods_state` = 0  AND `is_delete` = 0 [ RunTime:0.000541s ]
[2022-09-29T13:58:37+08:00][sql] SHOW FULL COLUMNS FROM `gxfc_fenxiao_withdraw` [ RunTime:0.004808s ]
[2022-09-29T13:58:37+08:00][sql] SELECT COUNT(`id`) AS think_count FROM `gxfc_fenxiao_withdraw` WHERE  `status` = 1 [ RunTime:0.000228s ]
[2022-09-29T13:58:37+08:00][sql] SHOW FULL COLUMNS FROM `gxfc_fenxiao_apply` [ RunTime:0.004488s ]
[2022-09-29T13:58:37+08:00][sql] SELECT COUNT(`apply_id`) AS think_count FROM `gxfc_fenxiao_apply` WHERE  `status` = 1 [ RunTime:0.000383s ]
[2022-09-29T13:58:37+08:00][sql] SHOW FULL COLUMNS FROM `gxfc_order_complain` [ RunTime:0.005850s ]
[2022-09-29T13:58:37+08:00][sql] SELECT COUNT(*) AS think_count FROM `gxfc_order_complain` WHERE  `complain_status` = 1 [ RunTime:0.000222s ]
[2022-09-29T13:58:37+08:00][sql] SELECT SUM(`order_money`) AS think_sum FROM `gxfc_order` [ RunTime:0.009670s ]
[2022-09-29T13:58:37+08:00][sql] SHOW FULL COLUMNS FROM `gxfc_member` [ RunTime:0.001023s ]
[2022-09-29T13:58:37+08:00][sql] SELECT COUNT(*) AS think_count FROM `gxfc_member` [ RunTime:0.000709s ]
[2022-09-29T13:58:37+08:00][sql] SHOW FULL COLUMNS FROM `gxfc_shop_apply` [ RunTime:0.005596s ]
[2022-09-29T13:58:37+08:00][sql] SELECT COUNT(*) AS think_count FROM `gxfc_shop_apply` WHERE  `create_time` BETWEEN 1664380800 AND 1664467199 [ RunTime:0.000977s ]
[2022-09-29T13:58:37+08:00][sql] SELECT COUNT(*) AS think_count FROM `gxfc_shop_apply` WHERE  `create_time` BETWEEN 1664294400 AND 1664380799 [ RunTime:0.000598s ]
[2022-09-29T13:58:37+08:00][sql] SHOW FULL COLUMNS FROM `gxfc_shop` [ RunTime:0.000874s ]
[2022-09-29T13:58:37+08:00][sql] SELECT COUNT(*) AS think_count FROM `gxfc_shop` WHERE  `create_time` BETWEEN 1664380800 AND 1664467199 [ RunTime:0.000227s ]
[2022-09-29T13:58:37+08:00][sql] SELECT COUNT(*) AS think_count FROM `gxfc_shop` [ RunTime:0.000335s ]
[2022-09-29T13:58:37+08:00][sql] SELECT COUNT(*) AS think_count FROM `gxfc_goods` [ RunTime:0.000355s ]
[2022-09-29T13:58:39+08:00][sql] CONNECT:[ UseTime:0.020361s ] mysql:host=localhost;port=3306;dbname=ls_chnssl_com;charset=utf8
[2022-09-29T13:58:39+08:00][sql] SHOW FULL COLUMNS FROM `gxfc_order` [ RunTime:0.002776s ]
[2022-09-29T13:58:39+08:00][sql] SELECT COUNT(*) AS think_count FROM `gxfc_order` `o` ORDER BY `o`.`create_time` DESC [ RunTime:0.051504s ]
[2022-09-29T13:58:39+08:00][sql] SELECT `o`.* FROM `gxfc_order` `o` ORDER BY `o`.`create_time` DESC LIMIT 0,10 [ RunTime:0.000871s ]
[2022-09-29T13:58:39+08:00][sql] SHOW FULL COLUMNS FROM `gxfc_order_goods` [ RunTime:0.002595s ]
[2022-09-29T13:58:39+08:00][sql] SELECT * FROM `gxfc_order_goods` WHERE  `order_id` = 2002 [ RunTime:0.005200s ]
[2022-09-29T13:58:39+08:00][sql] SHOW FULL COLUMNS FROM `gxfc_member` [ RunTime:0.001382s ]
[2022-09-29T13:58:39+08:00][sql] SELECT `nickname` FROM `gxfc_member` WHERE  `member_id` = 2095 LIMIT 1 [ RunTime:0.000519s ]
[2022-09-29T13:58:39+08:00][sql] SELECT * FROM `gxfc_order_goods` WHERE  `order_id` = 2001 [ RunTime:0.004750s ]
[2022-09-29T13:58:39+08:00][sql] SELECT `nickname` FROM `gxfc_member` WHERE  `member_id` = 1662 LIMIT 1 [ RunTime:0.000624s ]
[2022-09-29T13:58:39+08:00][sql] SELECT * FROM `gxfc_order_goods` WHERE  `order_id` = 2000 [ RunTime:0.003158s ]
[2022-09-29T13:58:39+08:00][sql] SELECT `nickname` FROM `gxfc_member` WHERE  `member_id` = 287 LIMIT 1 [ RunTime:0.000331s ]
[2022-09-29T13:58:39+08:00][sql] SELECT * FROM `gxfc_order_goods` WHERE  `order_id` = 1999 [ RunTime:0.003306s ]
[2022-09-29T13:58:39+08:00][sql] SELECT `nickname` FROM `gxfc_member` WHERE  `member_id` = 287 LIMIT 1 [ RunTime:0.001104s ]
[2022-09-29T13:58:39+08:00][sql] SELECT * FROM `gxfc_order_goods` WHERE  `order_id` = 1998 [ RunTime:0.003301s ]
[2022-09-29T13:58:39+08:00][sql] SELECT `nickname` FROM `gxfc_member` WHERE  `member_id` = 2359 LIMIT 1 [ RunTime:0.000283s ]
[2022-09-29T13:58:39+08:00][sql] SELECT * FROM `gxfc_order_goods` WHERE  `order_id` = 1997 [ RunTime:0.003289s ]
[2022-09-29T13:58:39+08:00][sql] SELECT `nickname` FROM `gxfc_member` WHERE  `member_id` = 2346 LIMIT 1 [ RunTime:0.000359s ]
[2022-09-29T13:58:39+08:00][sql] SELECT * FROM `gxfc_order_goods` WHERE  `order_id` = 1996 [ RunTime:0.004811s ]
[2022-09-29T13:58:39+08:00][sql] SELECT `nickname` FROM `gxfc_member` WHERE  `member_id` = 1219 LIMIT 1 [ RunTime:0.000383s ]
[2022-09-29T13:58:39+08:00][sql] SELECT * FROM `gxfc_order_goods` WHERE  `order_id` = 1995 [ RunTime:0.003251s ]
[2022-09-29T13:58:39+08:00][sql] SELECT `nickname` FROM `gxfc_member` WHERE  `member_id` = 418 LIMIT 1 [ RunTime:0.000243s ]
[2022-09-29T13:58:39+08:00][sql] SELECT * FROM `gxfc_order_goods` WHERE  `order_id` = 1994 [ RunTime:0.003536s ]
[2022-09-29T13:58:39+08:00][sql] SELECT `nickname` FROM `gxfc_member` WHERE  `member_id` = 141 LIMIT 1 [ RunTime:0.000379s ]
[2022-09-29T13:58:39+08:00][sql] SELECT * FROM `gxfc_order_goods` WHERE  `order_id` = 1993 [ RunTime:0.003368s ]
[2022-09-29T13:58:39+08:00][sql] SELECT `nickname` FROM `gxfc_member` WHERE  `member_id` = 258 LIMIT 1 [ RunTime:0.000353s ]
[2022-09-29T13:58:40+08:00][sql] CONNECT:[ UseTime:0.025740s ] mysql:host=localhost;port=3306;dbname=ls_chnssl_com;charset=utf8
[2022-09-29T13:58:40+08:00][sql] SHOW FULL COLUMNS FROM `gxfc_goods` [ RunTime:0.001191s ]
[2022-09-29T13:58:40+08:00][sql] SELECT COUNT(*) AS think_count FROM `gxfc_goods` WHERE  `verify_state` = 0  AND `is_delete` = 0 [ RunTime:0.006150s ]
[2022-09-29T13:58:40+08:00][sql] SELECT COUNT(*) AS think_count FROM `gxfc_goods` WHERE  `verify_state` = -2  AND `is_delete` = 0 [ RunTime:0.000576s ]
[2022-09-29T13:58:40+08:00][sql] SELECT COUNT(*) AS think_count FROM `gxfc_goods` WHERE  `verify_state` = 10  AND `is_delete` = 0 [ RunTime:0.000485s ]
[2022-09-29T13:58:42+08:00][sql] CONNECT:[ UseTime:0.014788s ] mysql:host=localhost;port=3306;dbname=ls_chnssl_com;charset=utf8
[2022-09-29T13:58:42+08:00][sql] SHOW FULL COLUMNS FROM `gxfc_goods` [ RunTime:0.000980s ]
[2022-09-29T13:58:42+08:00][sql] SELECT COUNT(*) AS think_count FROM `gxfc_goods` WHERE  `verify_state` = 0  AND `is_delete` = 0 [ RunTime:0.000497s ]
[2022-09-29T13:58:42+08:00][sql] SELECT COUNT(*) AS think_count FROM `gxfc_goods` WHERE  `verify_state` = -2  AND `is_delete` = 0 [ RunTime:0.000406s ]
[2022-09-29T13:58:42+08:00][sql] SELECT COUNT(*) AS think_count FROM `gxfc_goods` WHERE  `verify_state` = 10  AND `is_delete` = 0 [ RunTime:0.000433s ]
[2022-09-29T13:58:42+08:00][sql] CONNECT:[ UseTime:0.005969s ] mysql:host=localhost;port=3306;dbname=ls_chnssl_com;charset=utf8
[2022-09-29T13:58:42+08:00][sql] SHOW FULL COLUMNS FROM `gxfc_goods` [ RunTime:0.012548s ]
[2022-09-29T13:58:42+08:00][sql] SELECT COUNT(*) AS think_count FROM `gxfc_goods` `` WHERE  `is_delete` = 0 ORDER BY `create_time` DESC [ RunTime:0.000287s ]
[2022-09-29T13:58:42+08:00][sql] SELECT `goods_id`,`goods_name`,`site_id`,`site_name`,`goods_image`,`is_own`,`goods_state`,`verify_state`,`price`,`goods_stock`,`goods_stock_alarm`,`create_time`,`sale_num`,`is_virtual`,`goods_class`,`is_fenxiao`,`fenxiao_type`,`sku_id`,`max_buy`,`min_buy`,`promotion_addon`,`sort` FROM `gxfc_goods` `` WHERE  `is_delete` = 0 ORDER BY `create_time` DESC LIMIT 0,10 [ RunTime:0.000714s ]
[2022-09-29T13:58:44+08:00][sql] CONNECT:[ UseTime:0.019491s ] mysql:host=localhost;port=3306;dbname=ls_chnssl_com;charset=utf8
[2022-09-29T13:58:44+08:00][sql] SHOW FULL COLUMNS FROM `gxfc_goods_sku` [ RunTime:0.001394s ]
[2022-09-29T13:58:44+08:00][sql] SELECT `sku_id`,`goods_name` FROM `gxfc_goods_sku` WHERE  `goods_id` = 187 LIMIT 1 [ RunTime:0.000685s ]
[2022-09-29T14:00:55+08:00][sql] CONNECT:[ UseTime:0.023839s ] mysql:host=localhost;port=3306;dbname=ls_chnssl_com;charset=utf8
[2022-09-29T14:00:55+08:00][sql] SHOW FULL COLUMNS FROM `gxfc_goods` [ RunTime:0.001078s ]
[2022-09-29T14:00:55+08:00][sql] SELECT `goods_id`,`goods_name`,`goods_class`,`goods_class_name`,`goods_attr_class`,`goods_attr_name`,`site_id`,`site_name`,`goods_image`,`website_id`,`brand_id`,`brand_name`,`goods_content`,`is_own`,`goods_state`,`category_id`,`category_json`,`verify_state`,`verify_state_remark`,`price`,`market_price`,`cost_price`,`goods_stock`,`goods_stock_alarm`,`is_virtual`,`virtual_indate`,`is_free_shipping`,`shipping_template`,`goods_spec_format`,`goods_attr_format`,`is_delete`,`introduction`,`keywords`,`unit`,`sort`,`create_time`,`modify_time`,`video_url`,`commission_rate`,`sale_num`,`goods_shop_category_ids`,`evaluate`,`evaluate_shaitu`,`evaluate_shipin`,`evaluate_zhuiping`,`evaluate_haoping`,`evaluate_zhongping`,`evaluate_chaping`,`is_fenxiao`,`fenxiao_type`,`supplier_id`,`max_buy`,`min_buy`,`timer_on`,`timer_off`,`supply_goods_id`,`discount_config`,`discount_method`,`sku_id`,`promotion_addon`,`category_name`,`recommend_way`,`wj_off`,`is_sale`,`is_lease`,`cash_pledge` FROM `gxfc_goods` WHERE  `category_id` LIKE '%,1,%' LIMIT 1 [ RunTime:0.000488s ]
[2022-09-29T14:00:55+08:00][sql] SHOW FULL COLUMNS FROM `gxfc_user_log` [ RunTime:0.001738s ]
[2022-09-29T14:00:55+08:00][sql] INSERT INTO `gxfc_user_log` SET `uid` = 1 , `username` = 'admin' , `site_id` = 0 , `url` = 'admin/Goodscategory/deleteCategory' , `ip` = '127.0.0.1' , `data` = '[]' , `action_name` = '删除商品分类id:1' , `create_time` = 1664431255 [ RunTime:0.001639s ]
[2022-09-29T14:01:25+08:00][sql] CONNECT:[ UseTime:0.024377s ] mysql:host=localhost;port=3306;dbname=ls_chnssl_com;charset=utf8
[2022-09-29T14:01:25+08:00][sql] SHOW FULL COLUMNS FROM `gxfc_goods` [ RunTime:0.000903s ]
[2022-09-29T14:01:25+08:00][sql] SELECT `goods_id`,`goods_name`,`goods_class`,`goods_class_name`,`goods_attr_class`,`goods_attr_name`,`site_id`,`site_name`,`goods_image`,`website_id`,`brand_id`,`brand_name`,`goods_content`,`is_own`,`goods_state`,`category_id`,`category_json`,`verify_state`,`verify_state_remark`,`price`,`market_price`,`cost_price`,`goods_stock`,`goods_stock_alarm`,`is_virtual`,`virtual_indate`,`is_free_shipping`,`shipping_template`,`goods_spec_format`,`goods_attr_format`,`is_delete`,`introduction`,`keywords`,`unit`,`sort`,`create_time`,`modify_time`,`video_url`,`commission_rate`,`sale_num`,`goods_shop_category_ids`,`evaluate`,`evaluate_shaitu`,`evaluate_shipin`,`evaluate_zhuiping`,`evaluate_haoping`,`evaluate_zhongping`,`evaluate_chaping`,`is_fenxiao`,`fenxiao_type`,`supplier_id`,`max_buy`,`min_buy`,`timer_on`,`timer_off`,`supply_goods_id`,`discount_config`,`discount_method`,`sku_id`,`promotion_addon`,`category_name`,`recommend_way`,`wj_off`,`is_sale`,`is_lease`,`cash_pledge` FROM `gxfc_goods` WHERE  `category_id` LIKE '%,1,%' LIMIT 1 [ RunTime:0.000508s ]
[2022-09-29T14:01:25+08:00][sql] SHOW FULL COLUMNS FROM `gxfc_goods_category` [ RunTime:0.001751s ]
[2022-09-29T14:01:25+08:00][sql] SELECT `level` FROM `gxfc_goods_category` WHERE  `category_id` = 1 LIMIT 1 [ RunTime:0.000363s ]
[2022-09-29T14:01:25+08:00][sql] DELETE FROM `gxfc_goods_category` WHERE  `category_id_1` = 1 [ RunTime:0.002110s ]
[2022-09-29T14:01:25+08:00][sql] SHOW FULL COLUMNS FROM `gxfc_user_log` [ RunTime:0.001796s ]
[2022-09-29T14:01:25+08:00][sql] INSERT INTO `gxfc_user_log` SET `uid` = 1 , `username` = 'admin' , `site_id` = 0 , `url` = 'admin/Goodscategory/deleteCategory' , `ip` = '127.0.0.1' , `data` = '[]' , `action_name` = '删除商品分类id:1' , `create_time` = 1664431285 [ RunTime:0.001884s ]
[2022-09-29T14:01:27+08:00][sql] CONNECT:[ UseTime:0.018399s ] mysql:host=localhost;port=3306;dbname=ls_chnssl_com;charset=utf8
[2022-09-29T14:01:27+08:00][sql] SHOW FULL COLUMNS FROM `gxfc_goods` [ RunTime:0.001013s ]
[2022-09-29T14:01:27+08:00][sql] SELECT `goods_id`,`goods_name`,`goods_class`,`goods_class_name`,`goods_attr_class`,`goods_attr_name`,`site_id`,`site_name`,`goods_image`,`website_id`,`brand_id`,`brand_name`,`goods_content`,`is_own`,`goods_state`,`category_id`,`category_json`,`verify_state`,`verify_state_remark`,`price`,`market_price`,`cost_price`,`goods_stock`,`goods_stock_alarm`,`is_virtual`,`virtual_indate`,`is_free_shipping`,`shipping_template`,`goods_spec_format`,`goods_attr_format`,`is_delete`,`introduction`,`keywords`,`unit`,`sort`,`create_time`,`modify_time`,`video_url`,`commission_rate`,`sale_num`,`goods_shop_category_ids`,`evaluate`,`evaluate_shaitu`,`evaluate_shipin`,`evaluate_zhuiping`,`evaluate_haoping`,`evaluate_zhongping`,`evaluate_chaping`,`is_fenxiao`,`fenxiao_type`,`supplier_id`,`max_buy`,`min_buy`,`timer_on`,`timer_off`,`supply_goods_id`,`discount_config`,`discount_method`,`sku_id`,`promotion_addon`,`category_name`,`recommend_way`,`wj_off`,`is_sale`,`is_lease`,`cash_pledge` FROM `gxfc_goods` WHERE  `category_id` LIKE '%,1,%' LIMIT 1 [ RunTime:0.000498s ]
[2022-09-29T14:01:27+08:00][sql] SHOW FULL COLUMNS FROM `gxfc_goods_category` [ RunTime:0.001902s ]
[2022-09-29T14:01:27+08:00][sql] SELECT `level` FROM `gxfc_goods_category` WHERE  `category_id` = 1 LIMIT 1 [ RunTime:0.000274s ]
[2022-09-29T14:01:27+08:00][error] [8]Trying to access array offset on value of type null
[2022-09-29T14:01:29+08:00][sql] CONNECT:[ UseTime:0.025968s ] mysql:host=localhost;port=3306;dbname=ls_chnssl_com;charset=utf8
[2022-09-29T14:01:29+08:00][sql] SHOW FULL COLUMNS FROM `gxfc_goods` [ RunTime:0.000863s ]
[2022-09-29T14:01:29+08:00][sql] SELECT `goods_id`,`goods_name`,`goods_class`,`goods_class_name`,`goods_attr_class`,`goods_attr_name`,`site_id`,`site_name`,`goods_image`,`website_id`,`brand_id`,`brand_name`,`goods_content`,`is_own`,`goods_state`,`category_id`,`category_json`,`verify_state`,`verify_state_remark`,`price`,`market_price`,`cost_price`,`goods_stock`,`goods_stock_alarm`,`is_virtual`,`virtual_indate`,`is_free_shipping`,`shipping_template`,`goods_spec_format`,`goods_attr_format`,`is_delete`,`introduction`,`keywords`,`unit`,`sort`,`create_time`,`modify_time`,`video_url`,`commission_rate`,`sale_num`,`goods_shop_category_ids`,`evaluate`,`evaluate_shaitu`,`evaluate_shipin`,`evaluate_zhuiping`,`evaluate_haoping`,`evaluate_zhongping`,`evaluate_chaping`,`is_fenxiao`,`fenxiao_type`,`supplier_id`,`max_buy`,`min_buy`,`timer_on`,`timer_off`,`supply_goods_id`,`discount_config`,`discount_method`,`sku_id`,`promotion_addon`,`category_name`,`recommend_way`,`wj_off`,`is_sale`,`is_lease`,`cash_pledge` FROM `gxfc_goods` WHERE  `category_id` LIKE '%,1,%' LIMIT 1 [ RunTime:0.000491s ]
[2022-09-29T14:01:29+08:00][sql] SHOW FULL COLUMNS FROM `gxfc_goods_category` [ RunTime:0.001725s ]
[2022-09-29T14:01:29+08:00][sql] SELECT `level` FROM `gxfc_goods_category` WHERE  `category_id` = 1 LIMIT 1 [ RunTime:0.000299s ]
[2022-09-29T14:01:29+08:00][error] [8]Trying to access array offset on value of type null
[2022-09-29T14:01:29+08:00][sql] CONNECT:[ UseTime:0.022124s ] mysql:host=localhost;port=3306;dbname=ls_chnssl_com;charset=utf8
[2022-09-29T14:01:29+08:00][sql] SHOW FULL COLUMNS FROM `gxfc_goods` [ RunTime:0.000906s ]
[2022-09-29T14:01:29+08:00][sql] SELECT `goods_id`,`goods_name`,`goods_class`,`goods_class_name`,`goods_attr_class`,`goods_attr_name`,`site_id`,`site_name`,`goods_image`,`website_id`,`brand_id`,`brand_name`,`goods_content`,`is_own`,`goods_state`,`category_id`,`category_json`,`verify_state`,`verify_state_remark`,`price`,`market_price`,`cost_price`,`goods_stock`,`goods_stock_alarm`,`is_virtual`,`virtual_indate`,`is_free_shipping`,`shipping_template`,`goods_spec_format`,`goods_attr_format`,`is_delete`,`introduction`,`keywords`,`unit`,`sort`,`create_time`,`modify_time`,`video_url`,`commission_rate`,`sale_num`,`goods_shop_category_ids`,`evaluate`,`evaluate_shaitu`,`evaluate_shipin`,`evaluate_zhuiping`,`evaluate_haoping`,`evaluate_zhongping`,`evaluate_chaping`,`is_fenxiao`,`fenxiao_type`,`supplier_id`,`max_buy`,`min_buy`,`timer_on`,`timer_off`,`supply_goods_id`,`discount_config`,`discount_method`,`sku_id`,`promotion_addon`,`category_name`,`recommend_way`,`wj_off`,`is_sale`,`is_lease`,`cash_pledge` FROM `gxfc_goods` WHERE  `category_id` LIKE '%,1,%' LIMIT 1 [ RunTime:0.000400s ]
[2022-09-29T14:01:29+08:00][sql] SHOW FULL COLUMNS FROM `gxfc_goods_category` [ RunTime:0.000703s ]
[2022-09-29T14:01:29+08:00][sql] SELECT `level` FROM `gxfc_goods_category` WHERE  `category_id` = 1 LIMIT 1 [ RunTime:0.000297s ]
[2022-09-29T14:01:29+08:00][error] [8]Trying to access array offset on value of type null
[2022-09-29T14:01:29+08:00][sql] CONNECT:[ UseTime:0.024614s ] mysql:host=localhost;port=3306;dbname=ls_chnssl_com;charset=utf8
[2022-09-29T14:01:29+08:00][sql] SHOW FULL COLUMNS FROM `gxfc_goods` [ RunTime:0.000894s ]
[2022-09-29T14:01:29+08:00][sql] SELECT `goods_id`,`goods_name`,`goods_class`,`goods_class_name`,`goods_attr_class`,`goods_attr_name`,`site_id`,`site_name`,`goods_image`,`website_id`,`brand_id`,`brand_name`,`goods_content`,`is_own`,`goods_state`,`category_id`,`category_json`,`verify_state`,`verify_state_remark`,`price`,`market_price`,`cost_price`,`goods_stock`,`goods_stock_alarm`,`is_virtual`,`virtual_indate`,`is_free_shipping`,`shipping_template`,`goods_spec_format`,`goods_attr_format`,`is_delete`,`introduction`,`keywords`,`unit`,`sort`,`create_time`,`modify_time`,`video_url`,`commission_rate`,`sale_num`,`goods_shop_category_ids`,`evaluate`,`evaluate_shaitu`,`evaluate_shipin`,`evaluate_zhuiping`,`evaluate_haoping`,`evaluate_zhongping`,`evaluate_chaping`,`is_fenxiao`,`fenxiao_type`,`supplier_id`,`max_buy`,`min_buy`,`timer_on`,`timer_off`,`supply_goods_id`,`discount_config`,`discount_method`,`sku_id`,`promotion_addon`,`category_name`,`recommend_way`,`wj_off`,`is_sale`,`is_lease`,`cash_pledge` FROM `gxfc_goods` WHERE  `category_id` LIKE '%,1,%' LIMIT 1 [ RunTime:0.000425s ]
[2022-09-29T14:01:29+08:00][sql] SHOW FULL COLUMNS FROM `gxfc_goods_category` [ RunTime:0.001719s ]
[2022-09-29T14:01:29+08:00][sql] SELECT `level` FROM `gxfc_goods_category` WHERE  `category_id` = 1 LIMIT 1 [ RunTime:0.000289s ]
[2022-09-29T14:01:29+08:00][error] [8]Trying to access array offset on value of type null
[2022-09-29T14:01:29+08:00][sql] CONNECT:[ UseTime:0.011976s ] mysql:host=localhost;port=3306;dbname=ls_chnssl_com;charset=utf8
[2022-09-29T14:01:29+08:00][sql] SHOW FULL COLUMNS FROM `gxfc_goods` [ RunTime:0.000877s ]
[2022-09-29T14:01:29+08:00][sql] SELECT `goods_id`,`goods_name`,`goods_class`,`goods_class_name`,`goods_attr_class`,`goods_attr_name`,`site_id`,`site_name`,`goods_image`,`website_id`,`brand_id`,`brand_name`,`goods_content`,`is_own`,`goods_state`,`category_id`,`category_json`,`verify_state`,`verify_state_remark`,`price`,`market_price`,`cost_price`,`goods_stock`,`goods_stock_alarm`,`is_virtual`,`virtual_indate`,`is_free_shipping`,`shipping_template`,`goods_spec_format`,`goods_attr_format`,`is_delete`,`introduction`,`keywords`,`unit`,`sort`,`create_time`,`modify_time`,`video_url`,`commission_rate`,`sale_num`,`goods_shop_category_ids`,`evaluate`,`evaluate_shaitu`,`evaluate_shipin`,`evaluate_zhuiping`,`evaluate_haoping`,`evaluate_zhongping`,`evaluate_chaping`,`is_fenxiao`,`fenxiao_type`,`supplier_id`,`max_buy`,`min_buy`,`timer_on`,`timer_off`,`supply_goods_id`,`discount_config`,`discount_method`,`sku_id`,`promotion_addon`,`category_name`,`recommend_way`,`wj_off`,`is_sale`,`is_lease`,`cash_pledge` FROM `gxfc_goods` WHERE  `category_id` LIKE '%,1,%' LIMIT 1 [ RunTime:0.000476s ]
[2022-09-29T14:01:29+08:00][sql] SHOW FULL COLUMNS FROM `gxfc_goods_category` [ RunTime:0.001711s ]
[2022-09-29T14:01:29+08:00][sql] SELECT `level` FROM `gxfc_goods_category` WHERE  `category_id` = 1 LIMIT 1 [ RunTime:0.000291s ]
[2022-09-29T14:01:29+08:00][error] [8]Trying to access array offset on value of type null
[2022-09-29T14:01:31+08:00][sql] CONNECT:[ UseTime:0.020449s ] mysql:host=localhost;port=3306;dbname=ls_chnssl_com;charset=utf8
[2022-09-29T14:01:31+08:00][sql] SHOW FULL COLUMNS FROM `gxfc_goods` [ RunTime:0.000944s ]
[2022-09-29T14:01:31+08:00][sql] SELECT `goods_id`,`goods_name`,`goods_class`,`goods_class_name`,`goods_attr_class`,`goods_attr_name`,`site_id`,`site_name`,`goods_image`,`website_id`,`brand_id`,`brand_name`,`goods_content`,`is_own`,`goods_state`,`category_id`,`category_json`,`verify_state`,`verify_state_remark`,`price`,`market_price`,`cost_price`,`goods_stock`,`goods_stock_alarm`,`is_virtual`,`virtual_indate`,`is_free_shipping`,`shipping_template`,`goods_spec_format`,`goods_attr_format`,`is_delete`,`introduction`,`keywords`,`unit`,`sort`,`create_time`,`modify_time`,`video_url`,`commission_rate`,`sale_num`,`goods_shop_category_ids`,`evaluate`,`evaluate_shaitu`,`evaluate_shipin`,`evaluate_zhuiping`,`evaluate_haoping`,`evaluate_zhongping`,`evaluate_chaping`,`is_fenxiao`,`fenxiao_type`,`supplier_id`,`max_buy`,`min_buy`,`timer_on`,`timer_off`,`supply_goods_id`,`discount_config`,`discount_method`,`sku_id`,`promotion_addon`,`category_name`,`recommend_way`,`wj_off`,`is_sale`,`is_lease`,`cash_pledge` FROM `gxfc_goods` WHERE  `category_id` LIKE '%,1,%' LIMIT 1 [ RunTime:0.000475s ]
[2022-09-29T14:01:31+08:00][sql] SHOW FULL COLUMNS FROM `gxfc_goods_category` [ RunTime:0.001696s ]
[2022-09-29T14:01:31+08:00][sql] SELECT `level` FROM `gxfc_goods_category` WHERE  `category_id` = 1 LIMIT 1 [ RunTime:0.000284s ]
[2022-09-29T14:01:31+08:00][error] [8]Trying to access array offset on value of type null
[2022-09-29T14:01:33+08:00][sql] CONNECT:[ UseTime:0.022694s ] mysql:host=localhost;port=3306;dbname=ls_chnssl_com;charset=utf8
[2022-09-29T14:01:33+08:00][sql] SHOW FULL COLUMNS FROM `gxfc_goods` [ RunTime:0.000959s ]
[2022-09-29T14:01:33+08:00][sql] SELECT `goods_id`,`goods_name`,`goods_class`,`goods_class_name`,`goods_attr_class`,`goods_attr_name`,`site_id`,`site_name`,`goods_image`,`website_id`,`brand_id`,`brand_name`,`goods_content`,`is_own`,`goods_state`,`category_id`,`category_json`,`verify_state`,`verify_state_remark`,`price`,`market_price`,`cost_price`,`goods_stock`,`goods_stock_alarm`,`is_virtual`,`virtual_indate`,`is_free_shipping`,`shipping_template`,`goods_spec_format`,`goods_attr_format`,`is_delete`,`introduction`,`keywords`,`unit`,`sort`,`create_time`,`modify_time`,`video_url`,`commission_rate`,`sale_num`,`goods_shop_category_ids`,`evaluate`,`evaluate_shaitu`,`evaluate_shipin`,`evaluate_zhuiping`,`evaluate_haoping`,`evaluate_zhongping`,`evaluate_chaping`,`is_fenxiao`,`fenxiao_type`,`supplier_id`,`max_buy`,`min_buy`,`timer_on`,`timer_off`,`supply_goods_id`,`discount_config`,`discount_method`,`sku_id`,`promotion_addon`,`category_name`,`recommend_way`,`wj_off`,`is_sale`,`is_lease`,`cash_pledge` FROM `gxfc_goods` WHERE  `category_id` LIKE '%,2,%' LIMIT 1 [ RunTime:0.000413s ]
[2022-09-29T14:01:33+08:00][sql] SHOW FULL COLUMNS FROM `gxfc_goods_category` [ RunTime:0.000594s ]
[2022-09-29T14:01:33+08:00][sql] SELECT `level` FROM `gxfc_goods_category` WHERE  `category_id` = 2 LIMIT 1 [ RunTime:0.000255s ]
[2022-09-29T14:01:33+08:00][sql] DELETE FROM `gxfc_goods_category` WHERE  `category_id_1` = 2 [ RunTime:0.001579s ]
[2022-09-29T14:01:33+08:00][sql] SHOW FULL COLUMNS FROM `gxfc_user_log` [ RunTime:0.001671s ]
[2022-09-29T14:01:33+08:00][sql] INSERT INTO `gxfc_user_log` SET `uid` = 1 , `username` = 'admin' , `site_id` = 0 , `url` = 'admin/Goodscategory/deleteCategory' , `ip` = '127.0.0.1' , `data` = '[]' , `action_name` = '删除商品分类id:2' , `create_time` = 1664431293 [ RunTime:0.001117s ]
[2022-09-29T14:01:35+08:00][sql] CONNECT:[ UseTime:0.024466s ] mysql:host=localhost;port=3306;dbname=ls_chnssl_com;charset=utf8
[2022-09-29T14:01:35+08:00][sql] SHOW FULL COLUMNS FROM `gxfc_goods` [ RunTime:0.001030s ]
[2022-09-29T14:01:35+08:00][sql] SELECT `goods_id`,`goods_name`,`goods_class`,`goods_class_name`,`goods_attr_class`,`goods_attr_name`,`site_id`,`site_name`,`goods_image`,`website_id`,`brand_id`,`brand_name`,`goods_content`,`is_own`,`goods_state`,`category_id`,`category_json`,`verify_state`,`verify_state_remark`,`price`,`market_price`,`cost_price`,`goods_stock`,`goods_stock_alarm`,`is_virtual`,`virtual_indate`,`is_free_shipping`,`shipping_template`,`goods_spec_format`,`goods_attr_format`,`is_delete`,`introduction`,`keywords`,`unit`,`sort`,`create_time`,`modify_time`,`video_url`,`commission_rate`,`sale_num`,`goods_shop_category_ids`,`evaluate`,`evaluate_shaitu`,`evaluate_shipin`,`evaluate_zhuiping`,`evaluate_haoping`,`evaluate_zhongping`,`evaluate_chaping`,`is_fenxiao`,`fenxiao_type`,`supplier_id`,`max_buy`,`min_buy`,`timer_on`,`timer_off`,`supply_goods_id`,`discount_config`,`discount_method`,`sku_id`,`promotion_addon`,`category_name`,`recommend_way`,`wj_off`,`is_sale`,`is_lease`,`cash_pledge` FROM `gxfc_goods` WHERE  `category_id` LIKE '%,2,%' LIMIT 1 [ RunTime:0.000497s ]
[2022-09-29T14:01:35+08:00][sql] SHOW FULL COLUMNS FROM `gxfc_goods_category` [ RunTime:0.001739s ]
[2022-09-29T14:01:35+08:00][sql] SELECT `level` FROM `gxfc_goods_category` WHERE  `category_id` = 2 LIMIT 1 [ RunTime:0.000355s ]
[2022-09-29T14:01:35+08:00][error] [8]Trying to access array offset on value of type null
[2022-09-29T14:01:36+08:00][sql] CONNECT:[ UseTime:0.012868s ] mysql:host=localhost;port=3306;dbname=ls_chnssl_com;charset=utf8
[2022-09-29T14:01:36+08:00][sql] SHOW FULL COLUMNS FROM `gxfc_goods` [ RunTime:0.000873s ]
[2022-09-29T14:01:36+08:00][sql] SELECT `goods_id`,`goods_name`,`goods_class`,`goods_class_name`,`goods_attr_class`,`goods_attr_name`,`site_id`,`site_name`,`goods_image`,`website_id`,`brand_id`,`brand_name`,`goods_content`,`is_own`,`goods_state`,`category_id`,`category_json`,`verify_state`,`verify_state_remark`,`price`,`market_price`,`cost_price`,`goods_stock`,`goods_stock_alarm`,`is_virtual`,`virtual_indate`,`is_free_shipping`,`shipping_template`,`goods_spec_format`,`goods_attr_format`,`is_delete`,`introduction`,`keywords`,`unit`,`sort`,`create_time`,`modify_time`,`video_url`,`commission_rate`,`sale_num`,`goods_shop_category_ids`,`evaluate`,`evaluate_shaitu`,`evaluate_shipin`,`evaluate_zhuiping`,`evaluate_haoping`,`evaluate_zhongping`,`evaluate_chaping`,`is_fenxiao`,`fenxiao_type`,`supplier_id`,`max_buy`,`min_buy`,`timer_on`,`timer_off`,`supply_goods_id`,`discount_config`,`discount_method`,`sku_id`,`promotion_addon`,`category_name`,`recommend_way`,`wj_off`,`is_sale`,`is_lease`,`cash_pledge` FROM `gxfc_goods` WHERE  `category_id` LIKE '%,2,%' LIMIT 1 [ RunTime:0.001035s ]
[2022-09-29T14:01:36+08:00][sql] SHOW FULL COLUMNS FROM `gxfc_goods_category` [ RunTime:0.001679s ]
[2022-09-29T14:01:36+08:00][sql] SELECT `level` FROM `gxfc_goods_category` WHERE  `category_id` = 2 LIMIT 1 [ RunTime:0.000292s ]
[2022-09-29T14:01:36+08:00][error] [8]Trying to access array offset on value of type null
[2022-09-29T14:01:36+08:00][sql] CONNECT:[ UseTime:0.017640s ] mysql:host=localhost;port=3306;dbname=ls_chnssl_com;charset=utf8
[2022-09-29T14:01:36+08:00][sql] SHOW FULL COLUMNS FROM `gxfc_goods` [ RunTime:0.000908s ]
[2022-09-29T14:01:36+08:00][sql] SELECT `goods_id`,`goods_name`,`goods_class`,`goods_class_name`,`goods_attr_class`,`goods_attr_name`,`site_id`,`site_name`,`goods_image`,`website_id`,`brand_id`,`brand_name`,`goods_content`,`is_own`,`goods_state`,`category_id`,`category_json`,`verify_state`,`verify_state_remark`,`price`,`market_price`,`cost_price`,`goods_stock`,`goods_stock_alarm`,`is_virtual`,`virtual_indate`,`is_free_shipping`,`shipping_template`,`goods_spec_format`,`goods_attr_format`,`is_delete`,`introduction`,`keywords`,`unit`,`sort`,`create_time`,`modify_time`,`video_url`,`commission_rate`,`sale_num`,`goods_shop_category_ids`,`evaluate`,`evaluate_shaitu`,`evaluate_shipin`,`evaluate_zhuiping`,`evaluate_haoping`,`evaluate_zhongping`,`evaluate_chaping`,`is_fenxiao`,`fenxiao_type`,`supplier_id`,`max_buy`,`min_buy`,`timer_on`,`timer_off`,`supply_goods_id`,`discount_config`,`discount_method`,`sku_id`,`promotion_addon`,`category_name`,`recommend_way`,`wj_off`,`is_sale`,`is_lease`,`cash_pledge` FROM `gxfc_goods` WHERE  `category_id` LIKE '%,2,%' LIMIT 1 [ RunTime:0.000530s ]
[2022-09-29T14:01:36+08:00][sql] SHOW FULL COLUMNS FROM `gxfc_goods_category` [ RunTime:0.001810s ]
[2022-09-29T14:01:36+08:00][sql] SELECT `level` FROM `gxfc_goods_category` WHERE  `category_id` = 2 LIMIT 1 [ RunTime:0.000261s ]
[2022-09-29T14:01:36+08:00][error] [8]Trying to access array offset on value of type null
[2022-09-29T14:01:39+08:00][sql] CONNECT:[ UseTime:0.012537s ] mysql:host=localhost;port=3306;dbname=ls_chnssl_com;charset=utf8
[2022-09-29T14:01:39+08:00][sql] SHOW FULL COLUMNS FROM `gxfc_goods` [ RunTime:0.000801s ]
[2022-09-29T14:01:39+08:00][sql] SELECT `goods_id`,`goods_name`,`goods_class`,`goods_class_name`,`goods_attr_class`,`goods_attr_name`,`site_id`,`site_name`,`goods_image`,`website_id`,`brand_id`,`brand_name`,`goods_content`,`is_own`,`goods_state`,`category_id`,`category_json`,`verify_state`,`verify_state_remark`,`price`,`market_price`,`cost_price`,`goods_stock`,`goods_stock_alarm`,`is_virtual`,`virtual_indate`,`is_free_shipping`,`shipping_template`,`goods_spec_format`,`goods_attr_format`,`is_delete`,`introduction`,`keywords`,`unit`,`sort`,`create_time`,`modify_time`,`video_url`,`commission_rate`,`sale_num`,`goods_shop_category_ids`,`evaluate`,`evaluate_shaitu`,`evaluate_shipin`,`evaluate_zhuiping`,`evaluate_haoping`,`evaluate_zhongping`,`evaluate_chaping`,`is_fenxiao`,`fenxiao_type`,`supplier_id`,`max_buy`,`min_buy`,`timer_on`,`timer_off`,`supply_goods_id`,`discount_config`,`discount_method`,`sku_id`,`promotion_addon`,`category_name`,`recommend_way`,`wj_off`,`is_sale`,`is_lease`,`cash_pledge` FROM `gxfc_goods` WHERE  `category_id` LIKE '%,2,%' LIMIT 1 [ RunTime:0.000477s ]
[2022-09-29T14:01:39+08:00][sql] SHOW FULL COLUMNS FROM `gxfc_goods_category` [ RunTime:0.000611s ]
[2022-09-29T14:01:39+08:00][sql] SELECT `level` FROM `gxfc_goods_category` WHERE  `category_id` = 2 LIMIT 1 [ RunTime:0.000301s ]
[2022-09-29T14:01:39+08:00][error] [8]Trying to access array offset on value of type null
[2022-09-29T14:01:45+08:00][sql] CONNECT:[ UseTime:0.024205s ] mysql:host=localhost;port=3306;dbname=ls_chnssl_com;charset=utf8
[2022-09-29T14:01:45+08:00][sql] SHOW FULL COLUMNS FROM `gxfc_goods` [ RunTime:0.001666s ]
[2022-09-29T14:01:45+08:00][sql] SELECT `goods_id`,`goods_name`,`goods_class`,`goods_class_name`,`goods_attr_class`,`goods_attr_name`,`site_id`,`site_name`,`goods_image`,`website_id`,`brand_id`,`brand_name`,`goods_content`,`is_own`,`goods_state`,`category_id`,`category_json`,`verify_state`,`verify_state_remark`,`price`,`market_price`,`cost_price`,`goods_stock`,`goods_stock_alarm`,`is_virtual`,`virtual_indate`,`is_free_shipping`,`shipping_template`,`goods_spec_format`,`goods_attr_format`,`is_delete`,`introduction`,`keywords`,`unit`,`sort`,`create_time`,`modify_time`,`video_url`,`commission_rate`,`sale_num`,`goods_shop_category_ids`,`evaluate`,`evaluate_shaitu`,`evaluate_shipin`,`evaluate_zhuiping`,`evaluate_haoping`,`evaluate_zhongping`,`evaluate_chaping`,`is_fenxiao`,`fenxiao_type`,`supplier_id`,`max_buy`,`min_buy`,`timer_on`,`timer_off`,`supply_goods_id`,`discount_config`,`discount_method`,`sku_id`,`promotion_addon`,`category_name`,`recommend_way`,`wj_off`,`is_sale`,`is_lease`,`cash_pledge` FROM `gxfc_goods` WHERE  `category_id` LIKE '%,9,%' LIMIT 1 [ RunTime:0.000484s ]
[2022-09-29T14:01:45+08:00][sql] SHOW FULL COLUMNS FROM `gxfc_goods_category` [ RunTime:0.002189s ]
[2022-09-29T14:01:45+08:00][sql] SELECT `level` FROM `gxfc_goods_category` WHERE  `category_id` = 9 LIMIT 1 [ RunTime:0.000316s ]
[2022-09-29T14:01:45+08:00][error] [8]Trying to access array offset on value of type null
[2022-09-29T14:01:46+08:00][sql] CONNECT:[ UseTime:0.019293s ] mysql:host=localhost;port=3306;dbname=ls_chnssl_com;charset=utf8
[2022-09-29T14:01:46+08:00][sql] SHOW FULL COLUMNS FROM `gxfc_goods` [ RunTime:0.001958s ]
[2022-09-29T14:01:46+08:00][sql] SELECT `goods_id`,`goods_name`,`goods_class`,`goods_class_name`,`goods_attr_class`,`goods_attr_name`,`site_id`,`site_name`,`goods_image`,`website_id`,`brand_id`,`brand_name`,`goods_content`,`is_own`,`goods_state`,`category_id`,`category_json`,`verify_state`,`verify_state_remark`,`price`,`market_price`,`cost_price`,`goods_stock`,`goods_stock_alarm`,`is_virtual`,`virtual_indate`,`is_free_shipping`,`shipping_template`,`goods_spec_format`,`goods_attr_format`,`is_delete`,`introduction`,`keywords`,`unit`,`sort`,`create_time`,`modify_time`,`video_url`,`commission_rate`,`sale_num`,`goods_shop_category_ids`,`evaluate`,`evaluate_shaitu`,`evaluate_shipin`,`evaluate_zhuiping`,`evaluate_haoping`,`evaluate_zhongping`,`evaluate_chaping`,`is_fenxiao`,`fenxiao_type`,`supplier_id`,`max_buy`,`min_buy`,`timer_on`,`timer_off`,`supply_goods_id`,`discount_config`,`discount_method`,`sku_id`,`promotion_addon`,`category_name`,`recommend_way`,`wj_off`,`is_sale`,`is_lease`,`cash_pledge` FROM `gxfc_goods` WHERE  `category_id` LIKE '%,9,%' LIMIT 1 [ RunTime:0.000451s ]
[2022-09-29T14:01:46+08:00][sql] SHOW FULL COLUMNS FROM `gxfc_goods_category` [ RunTime:0.001915s ]
[2022-09-29T14:01:46+08:00][sql] SELECT `level` FROM `gxfc_goods_category` WHERE  `category_id` = 9 LIMIT 1 [ RunTime:0.000323s ]
[2022-09-29T14:01:46+08:00][error] [8]Trying to access array offset on value of type null
[2022-09-29T14:01:46+08:00][sql] CONNECT:[ UseTime:0.020397s ] mysql:host=localhost;port=3306;dbname=ls_chnssl_com;charset=utf8
[2022-09-29T14:01:46+08:00][sql] SHOW FULL COLUMNS FROM `gxfc_goods` [ RunTime:0.000966s ]
[2022-09-29T14:01:46+08:00][sql] SELECT `goods_id`,`goods_name`,`goods_class`,`goods_class_name`,`goods_attr_class`,`goods_attr_name`,`site_id`,`site_name`,`goods_image`,`website_id`,`brand_id`,`brand_name`,`goods_content`,`is_own`,`goods_state`,`category_id`,`category_json`,`verify_state`,`verify_state_remark`,`price`,`market_price`,`cost_price`,`goods_stock`,`goods_stock_alarm`,`is_virtual`,`virtual_indate`,`is_free_shipping`,`shipping_template`,`goods_spec_format`,`goods_attr_format`,`is_delete`,`introduction`,`keywords`,`unit`,`sort`,`create_time`,`modify_time`,`video_url`,`commission_rate`,`sale_num`,`goods_shop_category_ids`,`evaluate`,`evaluate_shaitu`,`evaluate_shipin`,`evaluate_zhuiping`,`evaluate_haoping`,`evaluate_zhongping`,`evaluate_chaping`,`is_fenxiao`,`fenxiao_type`,`supplier_id`,`max_buy`,`min_buy`,`timer_on`,`timer_off`,`supply_goods_id`,`discount_config`,`discount_method`,`sku_id`,`promotion_addon`,`category_name`,`recommend_way`,`wj_off`,`is_sale`,`is_lease`,`cash_pledge` FROM `gxfc_goods` WHERE  `category_id` LIKE '%,9,%' LIMIT 1 [ RunTime:0.000542s ]
[2022-09-29T14:01:46+08:00][sql] SHOW FULL COLUMNS FROM `gxfc_goods_category` [ RunTime:0.001808s ]
[2022-09-29T14:01:46+08:00][sql] SELECT `level` FROM `gxfc_goods_category` WHERE  `category_id` = 9 LIMIT 1 [ RunTime:0.000289s ]
[2022-09-29T14:01:46+08:00][error] [8]Trying to access array offset on value of type null
[2022-09-29T14:01:46+08:00][sql] CONNECT:[ UseTime:0.022498s ] mysql:host=localhost;port=3306;dbname=ls_chnssl_com;charset=utf8
[2022-09-29T14:01:46+08:00][sql] SHOW FULL COLUMNS FROM `gxfc_goods` [ RunTime:0.001046s ]
[2022-09-29T14:01:46+08:00][sql] SELECT `goods_id`,`goods_name`,`goods_class`,`goods_class_name`,`goods_attr_class`,`goods_attr_name`,`site_id`,`site_name`,`goods_image`,`website_id`,`brand_id`,`brand_name`,`goods_content`,`is_own`,`goods_state`,`category_id`,`category_json`,`verify_state`,`verify_state_remark`,`price`,`market_price`,`cost_price`,`goods_stock`,`goods_stock_alarm`,`is_virtual`,`virtual_indate`,`is_free_shipping`,`shipping_template`,`goods_spec_format`,`goods_attr_format`,`is_delete`,`introduction`,`keywords`,`unit`,`sort`,`create_time`,`modify_time`,`video_url`,`commission_rate`,`sale_num`,`goods_shop_category_ids`,`evaluate`,`evaluate_shaitu`,`evaluate_shipin`,`evaluate_zhuiping`,`evaluate_haoping`,`evaluate_zhongping`,`evaluate_chaping`,`is_fenxiao`,`fenxiao_type`,`supplier_id`,`max_buy`,`min_buy`,`timer_on`,`timer_off`,`supply_goods_id`,`discount_config`,`discount_method`,`sku_id`,`promotion_addon`,`category_name`,`recommend_way`,`wj_off`,`is_sale`,`is_lease`,`cash_pledge` FROM `gxfc_goods` WHERE  `category_id` LIKE '%,9,%' LIMIT 1 [ RunTime:0.000485s ]
[2022-09-29T14:01:46+08:00][sql] SHOW FULL COLUMNS FROM `gxfc_goods_category` [ RunTime:0.000622s ]
[2022-09-29T14:01:46+08:00][sql] SELECT `level` FROM `gxfc_goods_category` WHERE  `category_id` = 9 LIMIT 1 [ RunTime:0.000331s ]
[2022-09-29T14:01:46+08:00][error] [8]Trying to access array offset on value of type null
[2022-09-29T14:01:47+08:00][sql] CONNECT:[ UseTime:0.018958s ] mysql:host=localhost;port=3306;dbname=ls_chnssl_com;charset=utf8
[2022-09-29T14:01:47+08:00][sql] SHOW FULL COLUMNS FROM `gxfc_goods` [ RunTime:0.000878s ]
[2022-09-29T14:01:47+08:00][sql] SELECT `goods_id`,`goods_name`,`goods_class`,`goods_class_name`,`goods_attr_class`,`goods_attr_name`,`site_id`,`site_name`,`goods_image`,`website_id`,`brand_id`,`brand_name`,`goods_content`,`is_own`,`goods_state`,`category_id`,`category_json`,`verify_state`,`verify_state_remark`,`price`,`market_price`,`cost_price`,`goods_stock`,`goods_stock_alarm`,`is_virtual`,`virtual_indate`,`is_free_shipping`,`shipping_template`,`goods_spec_format`,`goods_attr_format`,`is_delete`,`introduction`,`keywords`,`unit`,`sort`,`create_time`,`modify_time`,`video_url`,`commission_rate`,`sale_num`,`goods_shop_category_ids`,`evaluate`,`evaluate_shaitu`,`evaluate_shipin`,`evaluate_zhuiping`,`evaluate_haoping`,`evaluate_zhongping`,`evaluate_chaping`,`is_fenxiao`,`fenxiao_type`,`supplier_id`,`max_buy`,`min_buy`,`timer_on`,`timer_off`,`supply_goods_id`,`discount_config`,`discount_method`,`sku_id`,`promotion_addon`,`category_name`,`recommend_way`,`wj_off`,`is_sale`,`is_lease`,`cash_pledge` FROM `gxfc_goods` WHERE  `category_id` LIKE '%,9,%' LIMIT 1 [ RunTime:0.000524s ]
[2022-09-29T14:01:47+08:00][sql] SHOW FULL COLUMNS FROM `gxfc_goods_category` [ RunTime:0.000631s ]
[2022-09-29T14:01:47+08:00][sql] SELECT `level` FROM `gxfc_goods_category` WHERE  `category_id` = 9 LIMIT 1 [ RunTime:0.000307s ]
[2022-09-29T14:01:47+08:00][error] [8]Trying to access array offset on value of type null
[2022-09-29T14:01:47+08:00][sql] CONNECT:[ UseTime:0.020923s ] mysql:host=localhost;port=3306;dbname=ls_chnssl_com;charset=utf8
[2022-09-29T14:01:47+08:00][sql] SHOW FULL COLUMNS FROM `gxfc_goods` [ RunTime:0.000998s ]
[2022-09-29T14:01:47+08:00][sql] SELECT `goods_id`,`goods_name`,`goods_class`,`goods_class_name`,`goods_attr_class`,`goods_attr_name`,`site_id`,`site_name`,`goods_image`,`website_id`,`brand_id`,`brand_name`,`goods_content`,`is_own`,`goods_state`,`category_id`,`category_json`,`verify_state`,`verify_state_remark`,`price`,`market_price`,`cost_price`,`goods_stock`,`goods_stock_alarm`,`is_virtual`,`virtual_indate`,`is_free_shipping`,`shipping_template`,`goods_spec_format`,`goods_attr_format`,`is_delete`,`introduction`,`keywords`,`unit`,`sort`,`create_time`,`modify_time`,`video_url`,`commission_rate`,`sale_num`,`goods_shop_category_ids`,`evaluate`,`evaluate_shaitu`,`evaluate_shipin`,`evaluate_zhuiping`,`evaluate_haoping`,`evaluate_zhongping`,`evaluate_chaping`,`is_fenxiao`,`fenxiao_type`,`supplier_id`,`max_buy`,`min_buy`,`timer_on`,`timer_off`,`supply_goods_id`,`discount_config`,`discount_method`,`sku_id`,`promotion_addon`,`category_name`,`recommend_way`,`wj_off`,`is_sale`,`is_lease`,`cash_pledge` FROM `gxfc_goods` WHERE  `category_id` LIKE '%,9,%' LIMIT 1 [ RunTime:0.000454s ]
[2022-09-29T14:01:47+08:00][sql] SHOW FULL COLUMNS FROM `gxfc_goods_category` [ RunTime:0.000931s ]
[2022-09-29T14:01:47+08:00][sql] SELECT `level` FROM `gxfc_goods_category` WHERE  `category_id` = 9 LIMIT 1 [ RunTime:0.000310s ]
[2022-09-29T14:01:47+08:00][error] [8]Trying to access array offset on value of type null
[2022-09-29T14:01:53+08:00][sql] CONNECT:[ UseTime:0.018268s ] mysql:host=localhost;port=3306;dbname=ls_chnssl_com;charset=utf8
[2022-09-29T14:01:53+08:00][sql] SHOW FULL COLUMNS FROM `gxfc_goods` [ RunTime:0.000890s ]
[2022-09-29T14:01:53+08:00][sql] SELECT `goods_id`,`goods_name`,`goods_class`,`goods_class_name`,`goods_attr_class`,`goods_attr_name`,`site_id`,`site_name`,`goods_image`,`website_id`,`brand_id`,`brand_name`,`goods_content`,`is_own`,`goods_state`,`category_id`,`category_json`,`verify_state`,`verify_state_remark`,`price`,`market_price`,`cost_price`,`goods_stock`,`goods_stock_alarm`,`is_virtual`,`virtual_indate`,`is_free_shipping`,`shipping_template`,`goods_spec_format`,`goods_attr_format`,`is_delete`,`introduction`,`keywords`,`unit`,`sort`,`create_time`,`modify_time`,`video_url`,`commission_rate`,`sale_num`,`goods_shop_category_ids`,`evaluate`,`evaluate_shaitu`,`evaluate_shipin`,`evaluate_zhuiping`,`evaluate_haoping`,`evaluate_zhongping`,`evaluate_chaping`,`is_fenxiao`,`fenxiao_type`,`supplier_id`,`max_buy`,`min_buy`,`timer_on`,`timer_off`,`supply_goods_id`,`discount_config`,`discount_method`,`sku_id`,`promotion_addon`,`category_name`,`recommend_way`,`wj_off`,`is_sale`,`is_lease`,`cash_pledge` FROM `gxfc_goods` WHERE  `category_id` LIKE '%,9,%' LIMIT 1 [ RunTime:0.000455s ]
[2022-09-29T14:01:53+08:00][sql] SHOW FULL COLUMNS FROM `gxfc_goods_category` [ RunTime:0.001324s ]
[2022-09-29T14:01:53+08:00][sql] SELECT `level` FROM `gxfc_goods_category` WHERE  `category_id` = 9 LIMIT 1 [ RunTime:0.000303s ]
[2022-09-29T14:01:53+08:00][error] [8]Trying to access array offset on value of type null
[2022-09-29T14:02:03+08:00][sql] CONNECT:[ UseTime:0.011010s ] mysql:host=localhost;port=3306;dbname=ls_chnssl_com;charset=utf8
[2022-09-29T14:02:03+08:00][sql] SHOW FULL COLUMNS FROM `gxfc_goods` [ RunTime:0.000914s ]
[2022-09-29T14:02:03+08:00][sql] SELECT `goods_id`,`goods_name`,`goods_class`,`goods_class_name`,`goods_attr_class`,`goods_attr_name`,`site_id`,`site_name`,`goods_image`,`website_id`,`brand_id`,`brand_name`,`goods_content`,`is_own`,`goods_state`,`category_id`,`category_json`,`verify_state`,`verify_state_remark`,`price`,`market_price`,`cost_price`,`goods_stock`,`goods_stock_alarm`,`is_virtual`,`virtual_indate`,`is_free_shipping`,`shipping_template`,`goods_spec_format`,`goods_attr_format`,`is_delete`,`introduction`,`keywords`,`unit`,`sort`,`create_time`,`modify_time`,`video_url`,`commission_rate`,`sale_num`,`goods_shop_category_ids`,`evaluate`,`evaluate_shaitu`,`evaluate_shipin`,`evaluate_zhuiping`,`evaluate_haoping`,`evaluate_zhongping`,`evaluate_chaping`,`is_fenxiao`,`fenxiao_type`,`supplier_id`,`max_buy`,`min_buy`,`timer_on`,`timer_off`,`supply_goods_id`,`discount_config`,`discount_method`,`sku_id`,`promotion_addon`,`category_name`,`recommend_way`,`wj_off`,`is_sale`,`is_lease`,`cash_pledge` FROM `gxfc_goods` WHERE  `category_id` LIKE '%,8,%' LIMIT 1 [ RunTime:0.000464s ]
[2022-09-29T14:02:03+08:00][sql] SHOW FULL COLUMNS FROM `gxfc_goods_category` [ RunTime:0.000682s ]
[2022-09-29T14:02:03+08:00][sql] SELECT `level` FROM `gxfc_goods_category` WHERE  `category_id` = 8 LIMIT 1 [ RunTime:0.000312s ]
[2022-09-29T14:02:03+08:00][error] [8]Trying to access array offset on value of type null
[2022-09-29T14:02:07+08:00][sql] CONNECT:[ UseTime:0.024472s ] mysql:host=localhost;port=3306;dbname=ls_chnssl_com;charset=utf8
[2022-09-29T14:02:07+08:00][sql] SHOW FULL COLUMNS FROM `gxfc_goods` [ RunTime:0.000901s ]
[2022-09-29T14:02:07+08:00][sql] SELECT `goods_id`,`goods_name`,`goods_class`,`goods_class_name`,`goods_attr_class`,`goods_attr_name`,`site_id`,`site_name`,`goods_image`,`website_id`,`brand_id`,`brand_name`,`goods_content`,`is_own`,`goods_state`,`category_id`,`category_json`,`verify_state`,`verify_state_remark`,`price`,`market_price`,`cost_price`,`goods_stock`,`goods_stock_alarm`,`is_virtual`,`virtual_indate`,`is_free_shipping`,`shipping_template`,`goods_spec_format`,`goods_attr_format`,`is_delete`,`introduction`,`keywords`,`unit`,`sort`,`create_time`,`modify_time`,`video_url`,`commission_rate`,`sale_num`,`goods_shop_category_ids`,`evaluate`,`evaluate_shaitu`,`evaluate_shipin`,`evaluate_zhuiping`,`evaluate_haoping`,`evaluate_zhongping`,`evaluate_chaping`,`is_fenxiao`,`fenxiao_type`,`supplier_id`,`max_buy`,`min_buy`,`timer_on`,`timer_off`,`supply_goods_id`,`discount_config`,`discount_method`,`sku_id`,`promotion_addon`,`category_name`,`recommend_way`,`wj_off`,`is_sale`,`is_lease`,`cash_pledge` FROM `gxfc_goods` WHERE  `category_id` LIKE '%,3,%' LIMIT 1 [ RunTime:0.000450s ]
[2022-09-29T14:02:07+08:00][sql] SHOW FULL COLUMNS FROM `gxfc_goods_category` [ RunTime:0.000639s ]
[2022-09-29T14:02:07+08:00][sql] SELECT `level` FROM `gxfc_goods_category` WHERE  `category_id` = 3 LIMIT 1 [ RunTime:0.000285s ]
[2022-09-29T14:02:07+08:00][sql] DELETE FROM `gxfc_goods_category` WHERE  `category_id_1` = 3 [ RunTime:0.002131s ]
[2022-09-29T14:02:07+08:00][sql] SHOW FULL COLUMNS FROM `gxfc_user_log` [ RunTime:0.001735s ]
[2022-09-29T14:02:07+08:00][sql] INSERT INTO `gxfc_user_log` SET `uid` = 1 , `username` = 'admin' , `site_id` = 0 , `url` = 'admin/Goodscategory/deleteCategory' , `ip` = '127.0.0.1' , `data` = '[]' , `action_name` = '删除商品分类id:3' , `create_time` = 1664431327 [ RunTime:0.001447s ]
[2022-09-29T14:02:09+08:00][sql] CONNECT:[ UseTime:0.015292s ] mysql:host=localhost;port=3306;dbname=ls_chnssl_com;charset=utf8
[2022-09-29T14:02:09+08:00][sql] SHOW FULL COLUMNS FROM `gxfc_goods` [ RunTime:0.000903s ]
[2022-09-29T14:02:09+08:00][sql] SELECT `goods_id`,`goods_name`,`goods_class`,`goods_class_name`,`goods_attr_class`,`goods_attr_name`,`site_id`,`site_name`,`goods_image`,`website_id`,`brand_id`,`brand_name`,`goods_content`,`is_own`,`goods_state`,`category_id`,`category_json`,`verify_state`,`verify_state_remark`,`price`,`market_price`,`cost_price`,`goods_stock`,`goods_stock_alarm`,`is_virtual`,`virtual_indate`,`is_free_shipping`,`shipping_template`,`goods_spec_format`,`goods_attr_format`,`is_delete`,`introduction`,`keywords`,`unit`,`sort`,`create_time`,`modify_time`,`video_url`,`commission_rate`,`sale_num`,`goods_shop_category_ids`,`evaluate`,`evaluate_shaitu`,`evaluate_shipin`,`evaluate_zhuiping`,`evaluate_haoping`,`evaluate_zhongping`,`evaluate_chaping`,`is_fenxiao`,`fenxiao_type`,`supplier_id`,`max_buy`,`min_buy`,`timer_on`,`timer_off`,`supply_goods_id`,`discount_config`,`discount_method`,`sku_id`,`promotion_addon`,`category_name`,`recommend_way`,`wj_off`,`is_sale`,`is_lease`,`cash_pledge` FROM `gxfc_goods` WHERE  `category_id` LIKE '%,3,%' LIMIT 1 [ RunTime:0.000453s ]
[2022-09-29T14:02:09+08:00][sql] SHOW FULL COLUMNS FROM `gxfc_goods_category` [ RunTime:0.000646s ]
[2022-09-29T14:02:09+08:00][sql] SELECT `level` FROM `gxfc_goods_category` WHERE  `category_id` = 3 LIMIT 1 [ RunTime:0.001052s ]
[2022-09-29T14:02:09+08:00][error] [8]Trying to access array offset on value of type null
[2022-09-29T14:02:12+08:00][sql] CONNECT:[ UseTime:0.013650s ] mysql:host=localhost;port=3306;dbname=ls_chnssl_com;charset=utf8
[2022-09-29T14:02:12+08:00][sql] SHOW FULL COLUMNS FROM `gxfc_goods` [ RunTime:0.000984s ]
[2022-09-29T14:02:12+08:00][sql] SELECT `goods_id`,`goods_name`,`goods_class`,`goods_class_name`,`goods_attr_class`,`goods_attr_name`,`site_id`,`site_name`,`goods_image`,`website_id`,`brand_id`,`brand_name`,`goods_content`,`is_own`,`goods_state`,`category_id`,`category_json`,`verify_state`,`verify_state_remark`,`price`,`market_price`,`cost_price`,`goods_stock`,`goods_stock_alarm`,`is_virtual`,`virtual_indate`,`is_free_shipping`,`shipping_template`,`goods_spec_format`,`goods_attr_format`,`is_delete`,`introduction`,`keywords`,`unit`,`sort`,`create_time`,`modify_time`,`video_url`,`commission_rate`,`sale_num`,`goods_shop_category_ids`,`evaluate`,`evaluate_shaitu`,`evaluate_shipin`,`evaluate_zhuiping`,`evaluate_haoping`,`evaluate_zhongping`,`evaluate_chaping`,`is_fenxiao`,`fenxiao_type`,`supplier_id`,`max_buy`,`min_buy`,`timer_on`,`timer_off`,`supply_goods_id`,`discount_config`,`discount_method`,`sku_id`,`promotion_addon`,`category_name`,`recommend_way`,`wj_off`,`is_sale`,`is_lease`,`cash_pledge` FROM `gxfc_goods` WHERE  `category_id` LIKE '%,2,%' LIMIT 1 [ RunTime:0.000450s ]
[2022-09-29T14:02:12+08:00][sql] SHOW FULL COLUMNS FROM `gxfc_goods_category` [ RunTime:0.000572s ]
[2022-09-29T14:02:12+08:00][sql] SELECT `level` FROM `gxfc_goods_category` WHERE  `category_id` = 2 LIMIT 1 [ RunTime:0.000305s ]
[2022-09-29T14:02:12+08:00][error] [8]Trying to access array offset on value of type null
[2022-09-29T14:04:57+08:00][sql] CONNECT:[ UseTime:0.012302s ] mysql:host=127.0.0.1;port=3306;dbname=ls_chnssl_com;charset=utf8
[2022-09-29T14:04:57+08:00][sql] SHOW FULL COLUMNS FROM `gxfc_goods` [ RunTime:0.001148s ]
[2022-09-29T14:04:57+08:00][sql] SELECT `goods_id`,`goods_name`,`goods_class`,`goods_class_name`,`goods_attr_class`,`goods_attr_name`,`site_id`,`site_name`,`goods_image`,`website_id`,`brand_id`,`brand_name`,`goods_content`,`is_own`,`goods_state`,`category_id`,`category_json`,`verify_state`,`verify_state_remark`,`price`,`market_price`,`cost_price`,`goods_stock`,`goods_stock_alarm`,`is_virtual`,`virtual_indate`,`is_free_shipping`,`shipping_template`,`goods_spec_format`,`goods_attr_format`,`is_delete`,`introduction`,`keywords`,`unit`,`sort`,`create_time`,`modify_time`,`video_url`,`commission_rate`,`sale_num`,`goods_shop_category_ids`,`evaluate`,`evaluate_shaitu`,`evaluate_shipin`,`evaluate_zhuiping`,`evaluate_haoping`,`evaluate_zhongping`,`evaluate_chaping`,`is_fenxiao`,`fenxiao_type`,`supplier_id`,`max_buy`,`min_buy`,`timer_on`,`timer_off`,`supply_goods_id`,`discount_config`,`discount_method`,`sku_id`,`promotion_addon`,`category_name`,`recommend_way`,`wj_off`,`is_sale`,`is_lease`,`cash_pledge` FROM `gxfc_goods` WHERE  `category_id` LIKE '%,1,%' LIMIT 1 [ RunTime:0.000536s ]
[2022-09-29T14:04:57+08:00][sql] SHOW FULL COLUMNS FROM `gxfc_goods_category` [ RunTime:0.000774s ]
[2022-09-29T14:04:57+08:00][sql] SELECT `level` FROM `gxfc_goods_category` WHERE  `category_id` = 1 LIMIT 1 [ RunTime:0.000323s ]
[2022-09-29T14:04:57+08:00][error] [8]Trying to access array offset on value of type null
[2022-09-29T14:06:18+08:00][sql] CONNECT:[ UseTime:0.001064s ] mysql:host=127.0.0.1;port=3306;dbname=ls_chnssl_com;charset=utf8
[2022-09-29T14:06:18+08:00][sql] SHOW FULL COLUMNS FROM `gxfc_goods` [ RunTime:0.001873s ]
[2022-09-29T14:06:18+08:00][sql] SELECT `goods_id`,`goods_name`,`goods_class`,`goods_class_name`,`goods_attr_class`,`goods_attr_name`,`site_id`,`site_name`,`goods_image`,`website_id`,`brand_id`,`brand_name`,`goods_content`,`is_own`,`goods_state`,`category_id`,`category_json`,`verify_state`,`verify_state_remark`,`price`,`market_price`,`cost_price`,`goods_stock`,`goods_stock_alarm`,`is_virtual`,`virtual_indate`,`is_free_shipping`,`shipping_template`,`goods_spec_format`,`goods_attr_format`,`is_delete`,`introduction`,`keywords`,`unit`,`sort`,`create_time`,`modify_time`,`video_url`,`commission_rate`,`sale_num`,`goods_shop_category_ids`,`evaluate`,`evaluate_shaitu`,`evaluate_shipin`,`evaluate_zhuiping`,`evaluate_haoping`,`evaluate_zhongping`,`evaluate_chaping`,`is_fenxiao`,`fenxiao_type`,`supplier_id`,`max_buy`,`min_buy`,`timer_on`,`timer_off`,`supply_goods_id`,`discount_config`,`discount_method`,`sku_id`,`promotion_addon`,`category_name`,`recommend_way`,`wj_off`,`is_sale`,`is_lease`,`cash_pledge` FROM `gxfc_goods` WHERE  `category_id` LIKE '%,1,%' LIMIT 1 [ RunTime:0.001273s ]
[2022-09-29T14:06:18+08:00][sql] SHOW FULL COLUMNS FROM `gxfc_goods_category` [ RunTime:0.003123s ]
[2022-09-29T14:06:18+08:00][sql] SELECT `level` FROM `gxfc_goods_category` WHERE  `category_id` = 1 LIMIT 1 [ RunTime:0.000345s ]
[2022-09-29T14:06:18+08:00][error] [8]Trying to access array offset on value of type null
[2022-09-29T14:06:51+08:00][sql] CONNECT:[ UseTime:0.001656s ] mysql:host=127.0.0.1;port=3306;dbname=ls_chnssl_com;charset=utf8
[2022-09-29T14:06:51+08:00][sql] SHOW FULL COLUMNS FROM `gxfc_menu` [ RunTime:0.035147s ]
[2022-09-29T14:06:51+08:00][sql] SELECT `parent` FROM `gxfc_menu` WHERE  `url` = 'admin/goodsattr/lists'  AND `level` = 4 LIMIT 1 [ RunTime:0.001556s ]
[2022-09-29T14:06:52+08:00][sql] CONNECT:[ UseTime:0.010999s ] mysql:host=127.0.0.1;port=3306;dbname=ls_chnssl_com;charset=utf8
[2022-09-29T14:06:52+08:00][sql] SHOW FULL COLUMNS FROM `gxfc_menu` [ RunTime:0.002054s ]
[2022-09-29T14:06:52+08:00][sql] SELECT `parent` FROM `gxfc_menu` WHERE  `url` = 'admin/goodsbrand/lists'  AND `level` = 4 LIMIT 1 [ RunTime:0.000411s ]
[2022-09-29T14:06:55+08:00][sql] CONNECT:[ UseTime:0.001777s ] mysql:host=127.0.0.1;port=3306;dbname=ls_chnssl_com;charset=utf8
[2022-09-29T14:06:55+08:00][sql] SHOW FULL COLUMNS FROM `gxfc_album` [ RunTime:0.001839s ]
[2022-09-29T14:06:55+08:00][sql] SELECT `album_id`,`site_id`,`site_name`,`album_name`,`sort`,`cover`,`desc`,`is_default`,`update_time`,`num`,`app_module` FROM `gxfc_album` WHERE  `site_id` = 0  AND `app_module` = 'admin' LIMIT 1 [ RunTime:0.000396s ]
[2022-09-29T14:06:55+08:00][sql] SELECT `album_id`,`site_id`,`album_name`,`sort`,`cover`,`desc`,`is_default`,`update_time`,`num` FROM `gxfc_album` WHERE  `site_id` = 0  AND `app_module` = 'admin' [ RunTime:0.000356s ]
[2022-09-29T14:06:56+08:00][sql] CONNECT:[ UseTime:0.000769s ] mysql:host=127.0.0.1;port=3306;dbname=ls_chnssl_com;charset=utf8
[2022-09-29T14:06:56+08:00][sql] SHOW FULL COLUMNS FROM `gxfc_album` [ RunTime:0.001775s ]
[2022-09-29T14:06:56+08:00][sql] SELECT `album_id`,`site_id`,`album_name`,`sort`,`cover`,`desc`,`is_default`,`update_time`,`num` FROM `gxfc_album` WHERE  `site_id` = 0  AND `app_module` = 'admin' [ RunTime:0.000514s ]
[2022-09-29T14:06:56+08:00][sql] CONNECT:[ UseTime:0.000900s ] mysql:host=127.0.0.1;port=3306;dbname=ls_chnssl_com;charset=utf8
[2022-09-29T14:06:56+08:00][sql] SHOW FULL COLUMNS FROM `gxfc_album_pic` [ RunTime:0.001901s ]
[2022-09-29T14:06:56+08:00][sql] SELECT COUNT(*) AS think_count FROM `gxfc_album_pic` `a` WHERE  `site_id` = 0  AND `album_id` = 1 ORDER BY `update_time` DESC [ RunTime:0.002226s ]
[2022-09-29T14:06:56+08:00][sql] SELECT `pic_id`,`pic_name`,`pic_path`,`pic_spec`,`site_id`,`update_time` FROM `gxfc_album_pic` `a` WHERE  `site_id` = 0  AND `album_id` = 1 ORDER BY `update_time` DESC LIMIT 0,14 [ RunTime:0.000698s ]
[2022-09-29T14:07:04+08:00][sql] CONNECT:[ UseTime:0.022362s ] mysql:host=127.0.0.1;port=3306;dbname=ls_chnssl_com;charset=utf8
[2022-09-29T14:07:04+08:00][sql] SHOW FULL COLUMNS FROM `gxfc_goods_category` [ RunTime:0.000850s ]
[2022-09-29T14:07:04+08:00][sql] SELECT `category_id`,`category_name`,`short_name`,`pid`,`level`,`is_show`,`sort`,`image`,`keywords`,`description`,`attr_class_id`,`attr_class_name`,`category_id_1`,`category_id_2`,`category_id_3`,`category_full_name`,`commission_rate`,`image_adv`,`supply_commission_rate` FROM `gxfc_goods_category` WHERE  `category_id` = 1 LIMIT 1 [ RunTime:0.000417s ]
[2022-09-29T14:07:04+08:00][error] [8]Trying to access array offset on value of type null
[2022-09-29T14:07:31+08:00][sql] CONNECT:[ UseTime:0.022279s ] mysql:host=127.0.0.1;port=3306;dbname=ls_chnssl_com;charset=utf8
[2022-09-29T14:07:31+08:00][sql] SHOW FULL COLUMNS FROM `gxfc_menu` [ RunTime:0.002115s ]
[2022-09-29T14:07:31+08:00][sql] SELECT `id`,`app_module`,`name`,`title`,`parent`,`level`,`url`,`is_show`,`sort`,`desc`,`picture`,`is_icon`,`picture_select`,`is_control`,`addon` FROM `gxfc_menu` WHERE  `url` = 'admin/Goodscategory/addcategory'  AND `app_module` = 'admin' ORDER BY `level` DESC LIMIT 1 [ RunTime:0.000504s ]
[2022-09-29T14:07:31+08:00][sql] SELECT `id`,`app_module`,`name`,`title`,`parent`,`level`,`url`,`is_show`,`sort`,`desc`,`picture`,`is_icon`,`picture_select`,`is_control`,`addon` FROM `gxfc_menu` WHERE  `name` = 'GOODS_CATEGORY_ADD'  AND `app_module` = 'admin' LIMIT 1 [ RunTime:0.000447s ]
[2022-09-29T14:07:31+08:00][sql] SHOW FULL COLUMNS FROM `gxfc_goods_attr_class` [ RunTime:0.002061s ]
[2022-09-29T14:07:31+08:00][sql] SELECT `class_id`,`class_name` FROM `gxfc_goods_attr_class` ORDER BY `class_id` DESC [ RunTime:0.000314s ]
[2022-09-29T14:07:47+08:00][sql] CONNECT:[ UseTime:0.001196s ] mysql:host=127.0.0.1;port=3306;dbname=ls_chnssl_com;charset=utf8
[2022-09-29T14:07:47+08:00][sql] SHOW FULL COLUMNS FROM `gxfc_goods_category` [ RunTime:0.000799s ]
[2022-09-29T14:07:47+08:00][sql] INSERT INTO `gxfc_goods_category` SET `category_name` = '美食啊' , `short_name` = '' , `pid` = 0 , `level` = 1 , `is_show` = 1 , `image` = '' , `image_adv` = '' , `keywords` = '' , `description` = '' , `attr_class_id` = 1 , `attr_class_name` = '重量' , `commission_rate` = '5' , `category_id_1` = 0 , `category_id_2` = 0 , `category_full_name` = '美食啊' [ RunTime:0.001477s ]
[2022-09-29T14:07:47+08:00][sql] UPDATE `gxfc_goods_category`  SET `category_id_1` = 29  WHERE  `category_id` = 29 [ RunTime:0.001150s ]
[2022-09-29T14:07:47+08:00][sql] SHOW FULL COLUMNS FROM `gxfc_user_log` [ RunTime:0.000724s ]
[2022-09-29T14:07:47+08:00][sql] INSERT INTO `gxfc_user_log` SET `uid` = 1 , `username` = 'admin' , `site_id` = 0 , `url` = 'admin/Goodscategory/addCategory' , `ip` = '127.0.0.1' , `data` = '[]' , `action_name` = '添加商品分类:美食啊' , `create_time` = 1664431667 [ RunTime:0.001059s ]
[2022-09-29T14:07:47+08:00][sql] SELECT `category_id`,`category_name`,`short_name`,`pid`,`level`,`is_show`,`sort`,`image`,`keywords`,`description`,`attr_class_id`,`attr_class_name`,`category_id_1`,`category_id_2`,`category_id_3`,`category_full_name`,`image_adv`,`commission_rate`,`supply_commission_rate` FROM `gxfc_goods_category` WHERE  `category_id` = 29 LIMIT 1 [ RunTime:0.000535s ]
[2022-09-29T14:07:47+08:00][sql] CONNECT:[ UseTime:0.001126s ] mysql:host=127.0.0.1;port=3306;dbname=ls_chnssl_com;charset=utf8
[2022-09-29T14:07:47+08:00][sql] SHOW FULL COLUMNS FROM `gxfc_goods_category` [ RunTime:0.000913s ]
[2022-09-29T14:07:47+08:00][sql] SELECT `category_id`,`category_name`,`short_name`,`pid`,`level`,`is_show`,`sort`,`image`,`attr_class_name`,`category_id_1`,`category_id_2`,`category_id_3`,`commission_rate`,`supply_commission_rate` FROM `gxfc_goods_category` ORDER BY `sort` ASC [ RunTime:0.000378s ]
[2022-09-29T14:08:46+08:00][sql] CONNECT:[ UseTime:0.016298s ] mysql:host=127.0.0.1;port=3306;dbname=ls_chnssl_com;charset=utf8
[2022-09-29T14:08:46+08:00][sql] SHOW FULL COLUMNS FROM `gxfc_menu` [ RunTime:0.002182s ]
[2022-09-29T14:08:46+08:00][sql] SELECT `id`,`app_module`,`name`,`title`,`parent`,`level`,`url`,`is_show`,`sort`,`desc`,`picture`,`is_icon`,`picture_select`,`is_control`,`addon` FROM `gxfc_menu` WHERE  `url` = 'admin/Goods/lists'  AND `app_module` = 'admin' ORDER BY `level` DESC LIMIT 1 [ RunTime:0.000734s ]
[2022-09-29T14:08:46+08:00][sql] SELECT `id`,`app_module`,`name`,`title`,`parent`,`level`,`url`,`is_show`,`sort`,`desc`,`picture`,`is_icon`,`picture_select`,`is_control`,`addon` FROM `gxfc_menu` WHERE  `name` = 'GOODS_MANAGE'  AND `app_module` = 'admin' LIMIT 1 [ RunTime:0.000475s ]
[2022-09-29T14:08:46+08:00][sql] SHOW FULL COLUMNS FROM `gxfc_goods` [ RunTime:0.001147s ]
[2022-09-29T14:08:46+08:00][sql] SELECT COUNT(*) AS think_count FROM `gxfc_goods` WHERE  `verify_state` = 0  AND `is_delete` = 0 [ RunTime:0.000576s ]
[2022-09-29T14:08:46+08:00][sql] SELECT COUNT(*) AS think_count FROM `gxfc_goods` WHERE  `verify_state` = -2  AND `is_delete` = 0 [ RunTime:0.000482s ]
[2022-09-29T14:08:46+08:00][sql] SELECT COUNT(*) AS think_count FROM `gxfc_goods` WHERE  `verify_state` = 10  AND `is_delete` = 0 [ RunTime:0.000383s ]
[2022-09-29T14:08:46+08:00][sql] SHOW FULL COLUMNS FROM `gxfc_express_template` [ RunTime:0.002472s ]
[2022-09-29T14:08:46+08:00][sql] SELECT `template_id`,`template_name` FROM `gxfc_express_template` ORDER BY `is_default` DESC [ RunTime:0.000536s ]
[2022-09-29T14:08:46+08:00][sql] SHOW FULL COLUMNS FROM `gxfc_goods_category` [ RunTime:0.001042s ]
[2022-09-29T14:08:46+08:00][sql] SELECT `category_id`,`category_name`,`level`,`commission_rate` FROM `gxfc_goods_category` WHERE  `pid` = 0 ORDER BY `sort` ASC [ RunTime:0.000423s ]
[2022-09-29T14:08:47+08:00][sql] CONNECT:[ UseTime:0.001016s ] mysql:host=127.0.0.1;port=3306;dbname=ls_chnssl_com;charset=utf8
[2022-09-29T14:08:47+08:00][sql] SHOW FULL COLUMNS FROM `gxfc_goods_brand` [ RunTime:0.003480s ]
[2022-09-29T14:08:47+08:00][sql] SELECT COUNT(*) AS think_count FROM `gxfc_goods_brand` `ngb` LEFT JOIN `gxfc_shop` `ns` ON `ngb`.`site_id`=`ns`.`site_id` LEFT JOIN `gxfc_supplier` `nsp` ON `ngb`.`site_id`=`nsp`.`supplier_site_id` ORDER BY `ngb`.`create_time` DESC [ RunTime:0.004375s ]
[2022-09-29T14:08:47+08:00][sql] SELECT `ngb`.`brand_id`,`ngb`.`brand_name`,`ngb`.`brand_initial`,`ngb`.`image_url`,`ngb`.`sort`,`ngb`.`create_time`,`ngb`.`is_recommend`,`ngb`.`site_id`,`ns`.`site_name`,nsp.title as supply_name FROM `gxfc_goods_brand` `ngb` LEFT JOIN `gxfc_shop` `ns` ON `ngb`.`site_id`=`ns`.`site_id` LEFT JOIN `gxfc_supplier` `nsp` ON `ngb`.`site_id`=`nsp`.`supplier_site_id` ORDER BY `ngb`.`create_time` DESC LIMIT 0,10 [ RunTime:0.000768s ]
[2022-09-29T14:08:47+08:00][sql] CONNECT:[ UseTime:0.001394s ] mysql:host=127.0.0.1;port=3306;dbname=ls_chnssl_com;charset=utf8
[2022-09-29T14:08:47+08:00][sql] SHOW FULL COLUMNS FROM `gxfc_goods` [ RunTime:0.001506s ]
[2022-09-29T14:08:47+08:00][sql] SELECT COUNT(*) AS think_count FROM `gxfc_goods` WHERE  `verify_state` = 0  AND `is_delete` = 0 [ RunTime:0.000706s ]
[2022-09-29T14:08:47+08:00][sql] SELECT COUNT(*) AS think_count FROM `gxfc_goods` WHERE  `verify_state` = -2  AND `is_delete` = 0 [ RunTime:0.000389s ]
[2022-09-29T14:08:47+08:00][sql] SELECT COUNT(*) AS think_count FROM `gxfc_goods` WHERE  `verify_state` = 10  AND `is_delete` = 0 [ RunTime:0.000405s ]
[2022-09-29T14:08:47+08:00][sql] CONNECT:[ UseTime:0.000879s ] mysql:host=127.0.0.1;port=3306;dbname=ls_chnssl_com;charset=utf8
[2022-09-29T14:08:47+08:00][sql] SHOW FULL COLUMNS FROM `gxfc_goods` [ RunTime:0.000863s ]
[2022-09-29T14:08:47+08:00][sql] SELECT COUNT(*) AS think_count FROM `gxfc_goods` `` WHERE  `is_delete` = 0 ORDER BY `create_time` DESC [ RunTime:0.001183s ]
[2022-09-29T14:08:47+08:00][sql] SELECT `goods_id`,`goods_name`,`site_id`,`site_name`,`goods_image`,`is_own`,`goods_state`,`verify_state`,`price`,`goods_stock`,`goods_stock_alarm`,`create_time`,`sale_num`,`is_virtual`,`goods_class`,`is_fenxiao`,`fenxiao_type`,`sku_id`,`max_buy`,`min_buy`,`promotion_addon`,`sort` FROM `gxfc_goods` `` WHERE  `is_delete` = 0 ORDER BY `create_time` DESC LIMIT 0,10 [ RunTime:0.000603s ]
[2022-09-29T14:08:51+08:00][sql] CONNECT:[ UseTime:0.022043s ] mysql:host=127.0.0.1;port=3306;dbname=ls_chnssl_com;charset=utf8
[2022-09-29T14:08:51+08:00][sql] SHOW FULL COLUMNS FROM `gxfc_goods` [ RunTime:0.000989s ]
[2022-09-29T14:08:51+08:00][sql] UPDATE `gxfc_goods`  SET `verify_state` = 1 , `verify_state_remark` = ''  WHERE  `goods_id` = 188 [ RunTime:0.002561s ]
[2022-09-29T14:08:51+08:00][sql] SHOW FULL COLUMNS FROM `gxfc_goods_sku` [ RunTime:0.000907s ]
[2022-09-29T14:08:51+08:00][sql] UPDATE `gxfc_goods_sku`  SET `verify_state` = 1 , `verify_state_remark` = ''  WHERE  `goods_id` = 188 [ RunTime:0.001634s ]
[2022-09-29T14:08:51+08:00][sql] CONNECT:[ UseTime:0.001065s ] mysql:host=127.0.0.1;port=3306;dbname=ls_chnssl_com;charset=utf8
[2022-09-29T14:08:51+08:00][sql] SHOW FULL COLUMNS FROM `gxfc_goods` [ RunTime:0.001265s ]
[2022-09-29T14:08:51+08:00][sql] SELECT COUNT(*) AS think_count FROM `gxfc_goods` WHERE  `verify_state` = 0  AND `is_delete` = 0 [ RunTime:0.000572s ]
[2022-09-29T14:08:51+08:00][sql] SELECT COUNT(*) AS think_count FROM `gxfc_goods` WHERE  `verify_state` = -2  AND `is_delete` = 0 [ RunTime:0.000978s ]
[2022-09-29T14:08:51+08:00][sql] SELECT COUNT(*) AS think_count FROM `gxfc_goods` WHERE  `verify_state` = 10  AND `is_delete` = 0 [ RunTime:0.000550s ]
[2022-09-29T14:08:51+08:00][sql] CONNECT:[ UseTime:0.000829s ] mysql:host=127.0.0.1;port=3306;dbname=ls_chnssl_com;charset=utf8
[2022-09-29T14:08:51+08:00][sql] SHOW FULL COLUMNS FROM `gxfc_goods` [ RunTime:0.000989s ]
[2022-09-29T14:08:51+08:00][sql] SELECT COUNT(*) AS think_count FROM `gxfc_goods` `` WHERE  `is_delete` = 0 ORDER BY `create_time` DESC [ RunTime:0.000374s ]
[2022-09-29T14:08:51+08:00][sql] SELECT `goods_id`,`goods_name`,`site_id`,`site_name`,`goods_image`,`is_own`,`goods_state`,`verify_state`,`price`,`goods_stock`,`goods_stock_alarm`,`create_time`,`sale_num`,`is_virtual`,`goods_class`,`is_fenxiao`,`fenxiao_type`,`sku_id`,`max_buy`,`min_buy`,`promotion_addon`,`sort` FROM `gxfc_goods` `` WHERE  `is_delete` = 0 ORDER BY `create_time` DESC LIMIT 0,10 [ RunTime:0.000408s ]
[2022-09-29T14:09:01+08:00][sql] CONNECT:[ UseTime:0.011921s ] mysql:host=127.0.0.1;port=3306;dbname=ls_chnssl_com;charset=utf8
[2022-09-29T14:09:01+08:00][sql] SHOW FULL COLUMNS FROM `gxfc_goods` [ RunTime:0.001082s ]
[2022-09-29T14:09:01+08:00][sql] UPDATE `gxfc_goods`  SET `recommend_way` = 3  WHERE  `goods_id` = 188 [ RunTime:0.002345s ]
[2022-09-29T14:09:01+08:00][sql] SHOW FULL COLUMNS FROM `gxfc_goods_sku` [ RunTime:0.000846s ]
[2022-09-29T14:09:01+08:00][sql] UPDATE `gxfc_goods_sku`  SET `recommend_way` = 3  WHERE  `goods_id` = 188 [ RunTime:0.001487s ]
[2022-09-29T14:09:17+08:00][sql] CONNECT:[ UseTime:0.000905s ] mysql:host=127.0.0.1;port=3306;dbname=ls_chnssl_com;charset=utf8
[2022-09-29T14:09:17+08:00][sql] SHOW FULL COLUMNS FROM `gxfc_goods` [ RunTime:0.002522s ]
[2022-09-29T14:09:17+08:00][sql] SELECT COUNT(*) AS think_count FROM `gxfc_goods` WHERE  `verify_state` = 0  AND `is_delete` = 0 [ RunTime:0.000578s ]
[2022-09-29T14:09:17+08:00][sql] SELECT COUNT(*) AS think_count FROM `gxfc_goods` WHERE  `verify_state` = -2  AND `is_delete` = 0 [ RunTime:0.000540s ]
[2022-09-29T14:09:17+08:00][sql] SELECT COUNT(*) AS think_count FROM `gxfc_goods` WHERE  `verify_state` = 10  AND `is_delete` = 0 [ RunTime:0.000388s ]
[2022-09-29T14:09:18+08:00][sql] CONNECT:[ UseTime:0.001120s ] mysql:host=127.0.0.1;port=3306;dbname=ls_chnssl_com;charset=utf8
[2022-09-29T14:09:18+08:00][sql] SHOW FULL COLUMNS FROM `gxfc_goods` [ RunTime:0.000844s ]
[2022-09-29T14:09:18+08:00][sql] SELECT COUNT(*) AS think_count FROM `gxfc_goods` `` WHERE  `is_delete` = 0 ORDER BY `create_time` DESC [ RunTime:0.000246s ]
[2022-09-29T14:09:18+08:00][sql] SELECT `goods_id`,`goods_name`,`site_id`,`site_name`,`goods_image`,`is_own`,`goods_state`,`verify_state`,`price`,`goods_stock`,`goods_stock_alarm`,`create_time`,`sale_num`,`is_virtual`,`goods_class`,`is_fenxiao`,`fenxiao_type`,`sku_id`,`max_buy`,`min_buy`,`promotion_addon`,`sort` FROM `gxfc_goods` `` WHERE  `is_delete` = 0 ORDER BY `create_time` DESC LIMIT 0,10 [ RunTime:0.000285s ]
[2022-09-29T14:09:19+08:00][sql] CONNECT:[ UseTime:0.017788s ] mysql:host=127.0.0.1;port=3306;dbname=ls_chnssl_com;charset=utf8
[2022-09-29T14:09:19+08:00][sql] SHOW FULL COLUMNS FROM `gxfc_goods` [ RunTime:0.000916s ]
[2022-09-29T14:09:19+08:00][sql] SELECT COUNT(*) AS think_count FROM `gxfc_goods` WHERE  `verify_state` = 0  AND `is_delete` = 0 [ RunTime:0.000385s ]
[2022-09-29T14:09:19+08:00][sql] SELECT COUNT(*) AS think_count FROM `gxfc_goods` WHERE  `verify_state` = -2  AND `is_delete` = 0 [ RunTime:0.000376s ]
[2022-09-29T14:09:19+08:00][sql] SELECT COUNT(*) AS think_count FROM `gxfc_goods` WHERE  `verify_state` = 10  AND `is_delete` = 0 [ RunTime:0.000368s ]
[2022-09-29T14:09:33+08:00][sql] CONNECT:[ UseTime:0.001021s ] mysql:host=127.0.0.1;port=3306;dbname=ls_chnssl_com;charset=utf8
[2022-09-29T14:09:33+08:00][sql] SHOW FULL COLUMNS FROM `gxfc_goods` [ RunTime:0.001005s ]
[2022-09-29T14:09:33+08:00][sql] SELECT COUNT(*) AS think_count FROM `gxfc_goods` WHERE  `verify_state` = 0  AND `is_delete` = 0 [ RunTime:0.000394s ]
[2022-09-29T14:09:33+08:00][sql] SELECT COUNT(*) AS think_count FROM `gxfc_goods` WHERE  `verify_state` = -2  AND `is_delete` = 0 [ RunTime:0.000388s ]
[2022-09-29T14:09:33+08:00][sql] SELECT COUNT(*) AS think_count FROM `gxfc_goods` WHERE  `verify_state` = 10  AND `is_delete` = 0 [ RunTime:0.000403s ]
[2022-09-29T14:09:33+08:00][sql] CONNECT:[ UseTime:0.000819s ] mysql:host=127.0.0.1;port=3306;dbname=ls_chnssl_com;charset=utf8
[2022-09-29T14:09:33+08:00][sql] SHOW FULL COLUMNS FROM `gxfc_goods` [ RunTime:0.000873s ]
[2022-09-29T14:09:33+08:00][sql] SELECT COUNT(*) AS think_count FROM `gxfc_goods` `` WHERE  `is_delete` = 0 ORDER BY `create_time` DESC [ RunTime:0.000439s ]
[2022-09-29T14:09:33+08:00][sql] SELECT `goods_id`,`goods_name`,`site_id`,`site_name`,`goods_image`,`is_own`,`goods_state`,`verify_state`,`price`,`goods_stock`,`goods_stock_alarm`,`create_time`,`sale_num`,`is_virtual`,`goods_class`,`is_fenxiao`,`fenxiao_type`,`sku_id`,`max_buy`,`min_buy`,`promotion_addon`,`sort` FROM `gxfc_goods` `` WHERE  `is_delete` = 0 ORDER BY `create_time` DESC LIMIT 0,10 [ RunTime:0.000639s ]
[2022-09-29T14:09:34+08:00][sql] CONNECT:[ UseTime:0.001113s ] mysql:host=127.0.0.1;port=3306;dbname=ls_chnssl_com;charset=utf8
[2022-09-29T14:09:34+08:00][sql] SHOW FULL COLUMNS FROM `gxfc_goods` [ RunTime:0.001215s ]
[2022-09-29T14:09:34+08:00][sql] SELECT COUNT(*) AS think_count FROM `gxfc_goods` WHERE  `verify_state` = 0  AND `is_delete` = 0 [ RunTime:0.000384s ]
[2022-09-29T14:09:34+08:00][sql] SELECT COUNT(*) AS think_count FROM `gxfc_goods` WHERE  `verify_state` = -2  AND `is_delete` = 0 [ RunTime:0.000370s ]
[2022-09-29T14:09:34+08:00][sql] SELECT COUNT(*) AS think_count FROM `gxfc_goods` WHERE  `verify_state` = 10  AND `is_delete` = 0 [ RunTime:0.000366s ]
