[2022-09-14T21:17:26+08:00][sql] CONNECT:[ UseTime:0.000371s ] mysql:host=127.0.0.1;port=3306;dbname=ls_ssl_com;charset=utf8
[2022-09-14T21:17:26+08:00][sql] SELECT `site_id`,`app_module`,`config_key`,`value`,`config_desc`,`is_use`,`create_time`,`modify_time` FROM `gxfc_config` WHERE  `site_id` = 0  AND `app_module` = 'admin'  AND `config_key` = 'ALI_PAY_CONFIG' LIMIT 1 [ RunTime:0.000390s ]
[2022-09-14T21:17:26+08:00][sql] SELECT `id`,`site_id`,`out_trade_no`,`pay_type`,`trade_no`,`pay_no`,`pay_body`,`pay_detail`,`pay_money`,`pay_addon`,`pay_voucher`,`pay_status`,`return_url`,`event`,`mch_info`,`create_time`,`pay_time` FROM `gxfc_pay` WHERE  `out_trade_no` = '2022091421172530001' LIMIT 1 [ RunTime:0.000474s ]
[2022-09-14T21:17:26+08:00][sql] UPDATE `gxfc_pay`  SET `trade_no` = '4200001624202209144780536380' , `pay_type` = 'wechatpay' , `pay_addon` = 'wechatpay' , `pay_time` = 1663161446 , `pay_status` = 2  WHERE  `out_trade_no` = '2022091421172530001' [ RunTime:0.006208s ]
[2022-09-14T21:17:26+08:00][sql] SELECT * FROM `gxfc_order` WHERE  `out_trade_no` = '2022091421172530001' [ RunTime:0.000636s ]
[2022-09-14T21:17:26+08:00][sql] UPDATE `gxfc_order`  SET `order_status` = 1 , `order_status_name` = '待发货' , `pay_status` = 1 , `order_status_action` = '{\"status\":1,\"name\":\"待发货\",\"is_allow_refund\":0,\"icon\":\"upload\\/uniapp\\/order\\/order-icon-send.png\",\"action\":[{\"action\":\"orderDelivery\",\"title\":\"发货\",\"color\":\"\"},{\"action\":\"orderAddressUpdate\",\"title\":\"修改地址\",\"color\":\"\"}],\"member_action\":[],\"color\":\"\"}' , `pay_time` = 1663161446 , `is_enable_refund` = 1 , `pay_type` = 'wechatpay' , `pay_type_name` = '微信支付'  WHERE  `order_id` = 3  AND `order_status` = 0 [ RunTime:0.000428s ]
[2022-09-14T21:17:26+08:00][sql] UPDATE `gxfc_member`  SET `order_money` = `order_money` + 9.91  WHERE  `member_id` = 253 [ RunTime:0.011878s ]
[2022-09-14T21:17:26+08:00][sql] UPDATE `gxfc_member`  SET `order_num` = `order_num` + 1  WHERE  `member_id` = 253 [ RunTime:0.000279s ]
[2022-09-14T21:17:26+08:00][sql] SELECT `sku_id`,`num` FROM `gxfc_order_goods` WHERE  `order_id` = 3 [ RunTime:0.000325s ]
[2022-09-14T21:17:26+08:00][sql] UPDATE `gxfc_goods_sku`  SET `sale_num` = `sale_num` + 1  WHERE  `sku_id` = 6 [ RunTime:0.000567s ]
[2022-09-14T21:17:26+08:00][sql] SELECT `goods_id` FROM `gxfc_goods_sku` WHERE  `sku_id` = 6 LIMIT 1 [ RunTime:0.000200s ]
[2022-09-14T21:17:26+08:00][sql] UPDATE `gxfc_goods`  SET `sale_num` = `sale_num` + 1  WHERE  `goods_id` = 6 [ RunTime:0.000206s ]
[2022-09-14T21:17:26+08:00][sql] UPDATE `gxfc_order_goods`  SET `refund_status_action` = '{\"status\":0,\"name\":\"\",\"action\":[],\"member_action\":[{\"event\":\"orderRefundApply\",\"title\":\"申请维权\",\"color\":\"\"}]}'  WHERE  `order_id` = 3 [ RunTime:0.000296s ]
[2022-09-14T21:17:26+08:00][sql] INSERT INTO `gxfc_order_log` SET `uid` = 253 , `nick_name` = '赵小波' , `module` = 'member' , `action` = '订单支付' , `order_status` = 1 , `order_status_name` = '待发货' , `action_way` = orderPay , `order_id` = 3 , `action_time` = 1663161446 [ RunTime:0.000295s ]
[2022-09-14T21:17:26+08:00][sql] SELECT `promotion_money`,`coupon_money`,`goods_money`,`delivery_money`,`adjust_money` FROM `gxfc_order` WHERE  `order_id` = 3 LIMIT 1 [ RunTime:0.000273s ]
[2022-09-14T21:17:26+08:00][sql] SELECT `order_goods_id`,`goods_money`,`commission_rate`,`real_goods_money` FROM `gxfc_order_goods` WHERE  `order_id` = 3 [ RunTime:0.000234s ]
[2022-09-14T21:17:26+08:00][sql] UPDATE `gxfc_order_goods`  SET `shop_money` = 9.42 , `platform_money` = 0.49  WHERE  `order_goods_id` = 4 [ RunTime:0.000214s ]
[2022-09-14T21:17:26+08:00][sql] UPDATE `gxfc_order`  SET `shop_money` = 9.42 , `platform_money` = 0.49  WHERE  `order_id` = 3 [ RunTime:0.000236s ]
[2022-09-14T21:17:26+08:00][sql] SELECT `id` FROM `gxfc_stat_shop` WHERE  `site_id` = 1  AND `year` = 2022  AND `month` = 9  AND `day` = 14 LIMIT 1 [ RunTime:0.000384s ]
[2022-09-14T21:17:26+08:00][sql] UPDATE `gxfc_stat_shop`  SET `modify_time` = 1663161446 , `order_total` = order_total+9.91 , `shipping_total` = shipping_total+0.00 , `order_pay_count` = order_pay_count+1 , `goods_pay_count` = goods_pay_count+1  WHERE  `site_id` = 1  AND `year` = 2022  AND `month` = 9  AND `day` = 14 [ RunTime:0.000313s ]
[2022-09-14T21:17:26+08:00][sql] SELECT `id` FROM `gxfc_stat_shop` WHERE  `site_id` = 0  AND `year` = 2022  AND `month` = 9  AND `day` = 14 LIMIT 1 [ RunTime:0.000223s ]
[2022-09-14T21:17:26+08:00][sql] UPDATE `gxfc_stat_shop`  SET `modify_time` = 1663161446 , `order_total` = order_total+9.91 , `shipping_total` = shipping_total+0.00 , `order_pay_count` = order_pay_count+1 , `goods_pay_count` = goods_pay_count+1  WHERE  `site_id` = 0  AND `year` = 2022  AND `month` = 9  AND `day` = 14 [ RunTime:0.000316s ]
[2022-09-14T21:17:26+08:00][sql] SELECT `fenxiao_id` FROM `gxfc_member` WHERE  `member_id` = 253 LIMIT 1 [ RunTime:0.000236s ]
[2022-09-14T21:17:26+08:00][sql] SELECT `fenxiao_id`,`fenxiao_no`,`fenxiao_name`,`mobile`,`member_id`,`level_id`,`level_name`,`parent`,`grand_parent`,`account`,`account_withdraw`,`account_withdraw_apply`,`status`,`create_time`,`audit_time`,`lock_time`,`one_fenxiao_order_num`,`one_fenxiao_order_money`,`one_child_num`,`one_child_fenxiao_num`,`two_child_fenxiao_num`,`total_commission`,`is_delete` FROM `gxfc_fenxiao` WHERE  `fenxiao_id` = 19  AND `is_delete` = 0 LIMIT 1 [ RunTime:0.000308s ]
[2022-09-14T21:17:26+08:00][sql] SELECT `order_goods_id`,`goods_id`,`sku_id`,`sku_name`,`sku_image`,`sku_no`,`is_virtual`,`price`,`cost_price`,`num`,`goods_money`,`cost_money`,`delivery_no`,`delivery_status`,`real_goods_money`,`shop_money`,`platform_money`,`is_present`,`is_fenxiao` FROM `gxfc_order_goods` WHERE  `order_id` = 3 [ RunTime:0.000317s ]
[2022-09-14T21:17:26+08:00][sql] DELETE FROM `gxfc_fenxiao_order` WHERE  `order_id` = 3 [ RunTime:0.000177s ]
[2022-09-14T21:17:26+08:00][sql] SELECT `is_fenxiao`,`fenxiao_type` FROM `gxfc_goods` WHERE  `goods_id` = 6 LIMIT 1 [ RunTime:0.000176s ]
[2022-09-14T21:17:26+08:00][sql] SELECT `f`.`level_id`,`m`.`order_num`,`m`.`order_money`,`f`.`one_fenxiao_order_num`,`f`.`one_fenxiao_order_money`,`f`.`one_child_num`,`f`.`one_child_fenxiao_num`,`fl`.`one_rate`,`fl`.`level_num` FROM `gxfc_fenxiao` `f` INNER JOIN `gxfc_member` `m` ON `f`.`member_id`=`m`.`member_id` INNER JOIN `gxfc_fenxiao_level` `fl` ON `f`.`level_id`=`fl`.`level_id` WHERE  `f`.`fenxiao_id` = 19  AND `f`.`status` = 1  AND `f`.`is_delete` = 0 LIMIT 1 [ RunTime:0.000302s ]
[2022-09-14T21:17:26+08:00][sql] SELECT * FROM `gxfc_fenxiao_level` WHERE  `level_num` > 0 ORDER BY `level_num` ASC,`one_rate` ASC [ RunTime:0.000238s ]
[2022-09-14T21:17:26+08:00][sql] INSERT INTO `gxfc_cron` SET `type` = 1 , `period` = 0 , `period_type` = 0 , `name` = '订单小票打印' , `event` = 'PrintOrder' , `execute_time` = 1663161446 , `relate_id` = 3 , `create_time` = 1663161446 [ RunTime:0.000231s ]
[2022-09-14T21:17:26+08:00][sql] SELECT * FROM `gxfc_message` WHERE  `keywords` = 'ORDER_PAY' LIMIT 1 [ RunTime:0.000251s ]
[2022-09-14T21:17:26+08:00][sql] SELECT * FROM `gxfc_member` WHERE  `member_id` = 253  AND `is_delete` = 0 LIMIT 1 [ RunTime:0.000371s ]
[2022-09-14T21:17:26+08:00][sql] INSERT INTO `gxfc_message_sms_records` SET `account` = '18980363806' , `status` = 0 , `addon` = '' , `addon_name` = '' , `content` = '' , `var_parse` = '{\"orderno\":\"2022091421172530001\",\"username\":\"\\u8d75\\u5c0f\\u6ce2\",\"ordermoney\":\"9.91\"}' , `keywords` = 'ORDER_PAY' , `create_time` = 1663161446 , `send_time` = 0 , `result` = '没有可用的短信发送方式' , `keywords_name` = '订单支付通知' [ RunTime:0.000238s ]
[2022-09-14T21:17:26+08:00][sql] SELECT * FROM `gxfc_message` WHERE  `keywords` = 'BUYER_PAY' LIMIT 1 [ RunTime:0.000269s ]
[2022-09-14T21:17:26+08:00][sql] SELECT `order_no`,`site_id`,`order_name`,`order_money`,`order_type`,`pay_time` FROM `gxfc_order` WHERE  `order_id` = 3 LIMIT 1 [ RunTime:0.000239s ]
[2022-09-14T21:17:26+08:00][sql] SELECT `sam`.*,`m`.`mobile`,`m`.`wx_openid`,`m`.`nickname`,`m`.`headimg`,`m`.`username`,`m`.`email` FROM `gxfc_shop_accept_message` `sam` LEFT JOIN `gxfc_member` `m` ON `m`.`member_id`=`sam`.`member_id` WHERE  `sam`.`site_id` = 1 [ RunTime:0.000249s ]
[2022-09-14T21:17:26+08:00][error] [2]Cannot modify header information - headers already sent by (output started at /www/wwwroot/ls.chnssl.com/vendor/symfony/http-foundation/Response.php:381)
[2022-09-14T21:17:26+08:00][error] [1]Uncaught think\exception\ErrorException: Cannot modify header information - headers already sent by (output started at /www/wwwroot/ls.chnssl.com/vendor/symfony/http-foundation/Response.php:381) in /www/wwwroot/ls.chnssl.com/vendor/topthink/framework/src/think/Cookie.php:226
Stack trace:
#0 [internal function]: think\initializer\Error->appError(2, 'Cannot modify h...', '/www/wwwroot/ls...', 226, Array)
#1 /www/wwwroot/ls.chnssl.com/vendor/topthink/framework/src/think/Cookie.php(226): setcookie('think_lang', '', 0, '/', '', false, false)
#2 /www/wwwroot/ls.chnssl.com/vendor/topthink/framework/src/think/Cookie.php(196): think\Cookie->saveCookie('think_lang', '', 0, '/', '', false, false, '')
#3 /www/wwwroot/ls.chnssl.com/vendor/topthink/framework/src/think/Response.php(142): think\Cookie->save()
#4 /www/wwwroot/ls.chnssl.com/vendor/topthink/framework/src/think/initializer/Error.php(58): think\Response->send()
#5 [internal function]: think\initializer\Error->appException(Object(think\exception\ErrorException))
#
