[2022-07-25T02:03:54+08:00][error] [0]Argument 1 passed to think\Request::input() must be of the type array, string given
[2022-07-25T03:14:50+08:00][error] [0]Argument 1 passed to think\Request::input() must be of the type array, string given
[2022-07-25T04:04:22+08:00][error] [0]Argument 1 passed to think\Request::input() must be of the type array, string given
[2022-07-25T09:35:18+08:00][sql] CONNECT:[ UseTime:0.000201s ] mysql:host=localhost;port=3306;dbname=ls_chnssl_com;charset=utf8
[2022-07-25T09:35:18+08:00][sql] SHOW FULL COLUMNS FROM `gxfc_config` [ RunTime:0.000889s ]
[2022-07-25T09:35:18+08:00][sql] SELECT `site_id`,`app_module`,`config_key`,`value`,`config_desc`,`is_use`,`create_time`,`modify_time` FROM `gxfc_config` WHERE  `site_id` = 0  AND `app_module` = 'admin'  AND `config_key` = 'MEMBER_REGISTER_REWARD_CONFIG' LIMIT 1 [ RunTime:0.000237s ]
[2022-07-25T10:44:29+08:00][sql] CONNECT:[ UseTime:0.000234s ] mysql:host=localhost;port=3306;dbname=ls_chnssl_com;charset=utf8
[2022-07-25T10:44:29+08:00][sql] SHOW FULL COLUMNS FROM `gxfc_config` [ RunTime:0.000897s ]
[2022-07-25T10:44:29+08:00][sql] SELECT `site_id`,`app_module`,`config_key`,`value`,`config_desc`,`is_use`,`create_time`,`modify_time` FROM `gxfc_config` WHERE  `site_id` = 0  AND `app_module` = 'admin'  AND `config_key` = 'FENXIAO_BASICS_CONFIG' LIMIT 1 [ RunTime:0.000381s ]
[2022-07-25T12:05:14+08:00][sql] CONNECT:[ UseTime:0.000241s ] mysql:host=localhost;port=3306;dbname=ls_chnssl_com;charset=utf8
[2022-07-25T12:05:14+08:00][sql] SHOW FULL COLUMNS FROM `gxfc_member` [ RunTime:0.001077s ]
[2022-07-25T12:05:14+08:00][sql] SELECT `member_id` FROM `gxfc_member` WHERE  `status` = 0 [ RunTime:0.000215s ]
[2022-07-25T12:05:14+08:00][sql] SHOW FULL COLUMNS FROM `gxfc_promotion_coupon` [ RunTime:0.000878s ]
[2022-07-25T12:05:14+08:00][sql] SELECT COUNT(*) AS think_count FROM `gxfc_promotion_coupon` `npc` INNER JOIN `gxfc_member` `mem` ON `npc`.`member_id`=`mem`.`member_id` LEFT JOIN `gxfc_order` `on` ON `npc`.`use_order_id`=`on`.`order_id` WHERE  `npc`.`member_id` = 5  AND `npc`.`state` = '1' ORDER BY `fetch_time` DESC [ RunTime:0.000374s ]
[2022-07-25T12:05:14+08:00][sql] SELECT `npc`.`coupon_name`,`npc`.`type`,`npc`.`use_order_id`,`npc`.`coupon_id`,`npc`.`coupon_type_id`,`npc`.`site_id`,`npc`.`coupon_code`,`npc`.`member_id`,`npc`.`discount_limit`,`npc`.`at_least`,`npc`.`money`,`npc`.`discount`,`npc`.`state`,`npc`.`get_type`,`npc`.`fetch_time`,`npc`.`use_time`,`npc`.`end_time`,`mem`.`username`,`on`.`order_no`,`npc`.`site_name`,`npc`.`goods_type` FROM `gxfc_promotion_coupon` `npc` INNER JOIN `gxfc_member` `mem` ON `npc`.`member_id`=`mem`.`member_id` LEFT JOIN `gxfc_order` `on` ON `npc`.`use_order_id`=`on`.`order_id` WHERE  `npc`.`member_id` = 5  AND `npc`.`state` = '1' ORDER BY `fetch_time` DESC LIMIT 0,10 [ RunTime:0.000436s ]
[2022-07-25T12:05:14+08:00][sql] CONNECT:[ UseTime:0.000225s ] mysql:host=localhost;port=3306;dbname=ls_chnssl_com;charset=utf8
[2022-07-25T12:05:14+08:00][sql] SHOW FULL COLUMNS FROM `gxfc_member` [ RunTime:0.001049s ]
[2022-07-25T12:05:14+08:00][sql] SELECT `member_id` FROM `gxfc_member` WHERE  `status` = 0 [ RunTime:0.000200s ]
[2022-07-25T12:05:14+08:00][sql] SHOW FULL COLUMNS FROM `gxfc_promotion_coupon` [ RunTime:0.000913s ]
[2022-07-25T12:05:14+08:00][sql] SELECT COUNT(*) AS think_count FROM `gxfc_promotion_coupon` `npc` INNER JOIN `gxfc_member` `mem` ON `npc`.`member_id`=`mem`.`member_id` LEFT JOIN `gxfc_order` `on` ON `npc`.`use_order_id`=`on`.`order_id` WHERE  `npc`.`member_id` = 5  AND `npc`.`state` = '1' ORDER BY `fetch_time` DESC [ RunTime:0.000335s ]
[2022-07-25T12:05:14+08:00][sql] SELECT `npc`.`coupon_name`,`npc`.`type`,`npc`.`use_order_id`,`npc`.`coupon_id`,`npc`.`coupon_type_id`,`npc`.`site_id`,`npc`.`coupon_code`,`npc`.`member_id`,`npc`.`discount_limit`,`npc`.`at_least`,`npc`.`money`,`npc`.`discount`,`npc`.`state`,`npc`.`get_type`,`npc`.`fetch_time`,`npc`.`use_time`,`npc`.`end_time`,`mem`.`username`,`on`.`order_no`,`npc`.`site_name`,`npc`.`goods_type` FROM `gxfc_promotion_coupon` `npc` INNER JOIN `gxfc_member` `mem` ON `npc`.`member_id`=`mem`.`member_id` LEFT JOIN `gxfc_order` `on` ON `npc`.`use_order_id`=`on`.`order_id` WHERE  `npc`.`member_id` = 5  AND `npc`.`state` = '1' ORDER BY `fetch_time` DESC LIMIT 0,10 [ RunTime:0.000383s ]
[2022-07-25T14:49:03+08:00][sql] CONNECT:[ UseTime:0.000727s ] mysql:host=localhost;port=3306;dbname=ls_chnssl_com;charset=utf8
[2022-07-25T14:49:03+08:00][sql] SHOW FULL COLUMNS FROM `gxfc_member` [ RunTime:0.001544s ]
[2022-07-25T14:49:03+08:00][sql] SELECT `member_id` FROM `gxfc_member` WHERE  `status` = 0 [ RunTime:0.000332s ]
[2022-07-25T14:49:03+08:00][sql] SHOW FULL COLUMNS FROM `gxfc_fenxiao` [ RunTime:0.001041s ]
[2022-07-25T14:49:03+08:00][sql] SELECT `fenxiao_id`,`level_id` FROM `gxfc_fenxiao` WHERE  `member_id` = 8  AND `is_delete` = 0 LIMIT 1 [ RunTime:0.000227s ]
[2022-07-25T14:49:03+08:00][sql] SHOW FULL COLUMNS FROM `gxfc_fenxiao_goods_sku` [ RunTime:0.000994s ]
[2022-07-25T14:49:03+08:00][sql] SELECT `fgs`.`goods_sku_id`,`fgs`.`goods_id`,`fgs`.`sku_id`,`fgs`.`level_id`,`fgs`.`one_rate`,`fgs`.`one_money`,`fgs`.`two_rate`,`fgs`.`two_money`,`fgs`.`three_rate`,`fgs`.`three_money`,`gs`.`discount_price` FROM `gxfc_fenxiao_goods_sku` `fgs` INNER JOIN `gxfc_goods_sku` `gs` ON `fgs`.`sku_id`=`gs`.`sku_id` WHERE  `fgs`.`sku_id` = '45'  AND `fgs`.`level_id` = 1 LIMIT 1 [ RunTime:0.000272s ]
[2022-07-25T14:49:03+08:00][sql] SHOW FULL COLUMNS FROM `gxfc_config` [ RunTime:0.000709s ]
[2022-07-25T14:49:03+08:00][sql] SELECT `site_id`,`app_module`,`config_key`,`value`,`config_desc`,`is_use`,`create_time`,`modify_time` FROM `gxfc_config` WHERE  `site_id` = 0  AND `app_module` = 'admin'  AND `config_key` = 'FENXIAO_WORDS_CONFIG' LIMIT 1 [ RunTime:0.000250s ]
[2022-07-25T14:49:03+08:00][sql] CONNECT:[ UseTime:0.000230s ] mysql:host=localhost;port=3306;dbname=ls_chnssl_com;charset=utf8
[2022-07-25T14:49:03+08:00][sql] SHOW FULL COLUMNS FROM `gxfc_config` [ RunTime:0.001315s ]
[2022-07-25T14:49:03+08:00][sql] SELECT `site_id`,`app_module`,`config_key`,`value`,`config_desc`,`is_use`,`create_time`,`modify_time` FROM `gxfc_config` WHERE  `site_id` = 0  AND `app_module` = 'admin'  AND `config_key` = 'GOODSCIRCLE_CONFIG' LIMIT 1 [ RunTime:0.000340s ]
[2022-07-25T14:49:03+08:00][sql] CONNECT:[ UseTime:0.000171s ] mysql:host=localhost;port=3306;dbname=ls_chnssl_com;charset=utf8
[2022-07-25T14:49:03+08:00][sql] SHOW FULL COLUMNS FROM `gxfc_promotion_coupon_type` [ RunTime:0.001022s ]
[2022-07-25T14:49:03+08:00][sql] SELECT `pct`.`coupon_type_id`,`pct`.`type`,`pct`.`site_id`,`pct`.`coupon_name`,`pct`.`money`,`pct`.`discount`,`pct`.`max_fetch`,`pct`.`at_least`,`pct`.`end_time`,`pct`.`validity_type`,`pct`.`fixed_term`,`pct`.`goods_type`,`pct`.`site_name` FROM `gxfc_promotion_coupon_type` `pct` INNER JOIN `gxfc_shop` `s` ON `s`.`site_id`=`pct`.`site_id` WHERE  `pct`.`status` = 1  AND `pct`.`is_show` = 1  AND ( `pct`.`goods_ids`  like  '%,31,%' or pct.goods_type = 1 )  AND `pct`.`site_id` = '11' ORDER BY `pct`.`money` DESC [ RunTime:0.000406s ]
[2022-07-25T14:49:04+08:00][sql] CONNECT:[ UseTime:0.000236s ] mysql:host=localhost;port=3306;dbname=ls_chnssl_com;charset=utf8
[2022-07-25T14:49:04+08:00][sql] SHOW FULL COLUMNS FROM `gxfc_goods_sku` [ RunTime:0.001735s ]
[2022-07-25T14:49:04+08:00][sql] SELECT `goods_id` FROM `gxfc_goods_sku` WHERE  `sku_id` = 45 LIMIT 1 [ RunTime:0.000275s ]
[2022-07-25T14:49:04+08:00][sql] SELECT `sku_id`,`site_id`,`goods_id`,`sku_name`,`sku_no`,`sku_spec_format`,`price`,`market_price`,`cost_price`,`discount_price`,`promotion_type`,`start_time`,`end_time`,`stock`,`weight`,`volume`,`click_num`,`sale_num`,`collect_num`,`sku_image`,`sku_images`,`goods_class`,`goods_class_name`,`goods_attr_class`,`goods_attr_name`,`goods_name`,`site_name`,`website_id`,`brand_id`,`brand_name`,`goods_content`,`is_own`,`goods_state`,`verify_state`,`verify_state_remark`,`goods_stock_alarm`,`is_virtual`,`virtual_indate`,`is_free_shipping`,`shipping_template`,`goods_spec_format`,`goods_attr_format`,`is_delete`,`introduction`,`keywords`,`unit`,`sort`,`create_time`,`modify_time`,`video_url`,`goods_shop_category_ids`,`evaluate`,`evaluate_shaitu`,`evaluate_shipin`,`evaluate_zhuiping`,`evaluate_haoping`,`evaluate_zhongping`,`evaluate_chaping`,`spec_name`,`supplier_id`,`max_buy`,`min_buy`,`supply_goods_id`,`supply_sku_id`,`fenxiao_price`,`stock_alarm`,`sale_sort`,`is_default`,`discount_config`,`discount_method`,`recommend_way` FROM `gxfc_goods_sku` WHERE  `goods_id` = 31 [ RunTime:0.000935s ]
[2022-07-25T14:49:04+08:00][sql] CONNECT:[ UseTime:0.000229s ] mysql:host=localhost;port=3306;dbname=ls_chnssl_com;charset=utf8
[2022-07-25T14:49:04+08:00][sql] SHOW FULL COLUMNS FROM `gxfc_goods` [ RunTime:0.001458s ]
[2022-07-25T14:49:04+08:00][sql] SHOW FULL COLUMNS FROM `gxfc_promotion_bundling_goods` [ RunTime:0.000866s ]
[2022-07-25T14:49:04+08:00][sql] SELECT `bl_id` FROM `gxfc_promotion_bundling_goods` WHERE  `sku_id` IN (45,46,47) [ RunTime:0.000212s ]
[2022-07-25T14:49:04+08:00][sql] SELECT `goods_id`,`goods_name`,`goods_class`,`goods_class_name`,`goods_attr_class`,`goods_attr_name`,`site_id`,`site_name`,`goods_image`,`website_id`,`brand_id`,`brand_name`,`goods_content`,`is_own`,`goods_state`,`category_id`,`category_json`,`verify_state`,`verify_state_remark`,`price`,`market_price`,`cost_price`,`goods_stock`,`goods_stock_alarm`,`is_virtual`,`virtual_indate`,`is_free_shipping`,`shipping_template`,`goods_spec_format`,`goods_attr_format`,`is_delete`,`introduction`,`keywords`,`unit`,`sort`,`create_time`,`modify_time`,`video_url`,`commission_rate`,`sale_num`,`goods_shop_category_ids`,`evaluate`,`evaluate_shaitu`,`evaluate_shipin`,`evaluate_zhuiping`,`evaluate_haoping`,`evaluate_zhongping`,`evaluate_chaping`,`is_fenxiao`,`fenxiao_type`,`supplier_id`,`max_buy`,`min_buy`,`timer_on`,`timer_off`,`supply_goods_id`,`discount_config`,`discount_method`,`sku_id`,`promotion_addon`,`category_name`,`recommend_way`,`wj_off`,`is_sale` FROM `gxfc_goods` WHERE  `goods_id` = 31 LIMIT 1 [ RunTime:0.000593s ]
[2022-07-25T14:49:04+08:00][sql] SHOW FULL COLUMNS FROM `gxfc_promotion_bundling` [ RunTime:0.000853s ]
[2022-07-25T14:49:04+08:00][sql] SELECT `bl_id`,`bl_name`,`site_id`,`site_name`,`bl_price`,`goods_money`,`shipping_fee_type`,`status` FROM `gxfc_promotion_bundling` WHERE  `bl_id` = 1  AND `status` = 1 LIMIT 1 [ RunTime:0.000226s ]
[2022-07-25T14:49:04+08:00][sql] SHOW FULL COLUMNS FROM `gxfc_promotion_manjian` [ RunTime:0.000873s ]
[2022-07-25T14:49:04+08:00][sql] SELECT `pbg`.`sku_id`,`pbg`.`sku_name`,`pbg`.`price`,`pbg`.`sku_image`,`pbg`.`promotion_price`,`ngs`.`stock`,`ngs`.`unit`,`ngs`.`goods_state`,`ngs`.`verify_state` FROM `gxfc_promotion_bundling_goods` `pbg` INNER JOIN `gxfc_goods_sku` `ngs` ON `pbg`.`sku_id`=`ngs`.`sku_id` WHERE  `pbg`.`bl_id` = 1  AND `ngs`.`is_delete` = 0 [ RunTime:0.000363s ]
[2022-07-25T14:49:04+08:00][sql] SELECT `manjian_id`,`site_id`,`manjian_name`,`manjian_type`,`goods_ids`,`status`,`start_time`,`end_time`,`rule_json` FROM `gxfc_promotion_manjian` WHERE  `status` = 1  AND (`goods_ids` LIKE '31' OR `goods_ids` LIKE '%31,%' OR `goods_ids` LIKE '%31' OR `goods_ids` LIKE '%,31,%' OR `goods_ids` LIKE '')  AND `end_time` > 1658731744  AND `site_id` = 11 ORDER BY `create_time` DESC LIMIT 1 [ RunTime:0.000417s ]
[2022-07-25T14:49:04+08:00][sql] CONNECT:[ UseTime:0.000286s ] mysql:host=localhost;port=3306;dbname=ls_chnssl_com;charset=utf8
[2022-07-25T14:49:04+08:00][sql] SHOW FULL COLUMNS FROM `gxfc_member` [ RunTime:0.001077s ]
[2022-07-25T14:49:04+08:00][sql] SELECT `member_id` FROM `gxfc_member` WHERE  `status` = 0 [ RunTime:0.000218s ]
[2022-07-25T14:49:04+08:00][sql] SHOW FULL COLUMNS FROM `gxfc_fenxiao` [ RunTime:0.000793s ]
[2022-07-25T14:49:04+08:00][sql] SELECT `fenxiao_id`,`level_id` FROM `gxfc_fenxiao` WHERE  `member_id` = 8  AND `is_delete` = 0 LIMIT 1 [ RunTime:0.000202s ]
[2022-07-25T14:49:04+08:00][sql] SHOW FULL COLUMNS FROM `gxfc_fenxiao_goods_sku` [ RunTime:0.000754s ]
[2022-07-25T14:49:04+08:00][sql] SELECT `fgs`.`goods_sku_id`,`fgs`.`goods_id`,`fgs`.`sku_id`,`fgs`.`level_id`,`fgs`.`one_rate`,`fgs`.`one_money`,`fgs`.`two_rate`,`fgs`.`two_money`,`fgs`.`three_rate`,`fgs`.`three_money`,`gs`.`discount_price` FROM `gxfc_fenxiao_goods_sku` `fgs` INNER JOIN `gxfc_goods_sku` `gs` ON `fgs`.`sku_id`=`gs`.`sku_id` WHERE  `fgs`.`sku_id` = '45'  AND `fgs`.`level_id` = 1 LIMIT 1 [ RunTime:0.000223s ]
[2022-07-25T14:49:19+08:00][sql] CONNECT:[ UseTime:0.000201s ] mysql:host=localhost;port=3306;dbname=ls_chnssl_com;charset=utf8
[2022-07-25T14:49:19+08:00][sql] SHOW FULL COLUMNS FROM `gxfc_promotion_coupon_type` [ RunTime:0.001024s ]
[2022-07-25T14:49:19+08:00][sql] SELECT `pct`.`coupon_type_id`,`pct`.`type`,`pct`.`site_id`,`pct`.`coupon_name`,`pct`.`money`,`pct`.`discount`,`pct`.`max_fetch`,`pct`.`at_least`,`pct`.`end_time`,`pct`.`validity_type`,`pct`.`fixed_term`,`pct`.`goods_type`,`pct`.`site_name` FROM `gxfc_promotion_coupon_type` `pct` INNER JOIN `gxfc_shop` `s` ON `s`.`site_id`=`pct`.`site_id` WHERE  `pct`.`status` = 1  AND `pct`.`is_show` = 1  AND ( `pct`.`goods_ids`  like  '%,31,%' or pct.goods_type = 1 )  AND `pct`.`site_id` = '11' ORDER BY `pct`.`money` DESC [ RunTime:0.000431s ]
[2022-07-25T14:49:19+08:00][sql] CONNECT:[ UseTime:0.000159s ] mysql:host=localhost;port=3306;dbname=ls_chnssl_com;charset=utf8
[2022-07-25T14:49:19+08:00][sql] SHOW FULL COLUMNS FROM `gxfc_goods_sku` [ RunTime:0.001083s ]
[2022-07-25T14:49:19+08:00][sql] SELECT `goods_id` FROM `gxfc_goods_sku` WHERE  `sku_id` = 45 LIMIT 1 [ RunTime:0.000164s ]
[2022-07-25T14:49:19+08:00][sql] SELECT `sku_id`,`site_id`,`goods_id`,`sku_name`,`sku_no`,`sku_spec_format`,`price`,`market_price`,`cost_price`,`discount_price`,`promotion_type`,`start_time`,`end_time`,`stock`,`weight`,`volume`,`click_num`,`sale_num`,`collect_num`,`sku_image`,`sku_images`,`goods_class`,`goods_class_name`,`goods_attr_class`,`goods_attr_name`,`goods_name`,`site_name`,`website_id`,`brand_id`,`brand_name`,`goods_content`,`is_own`,`goods_state`,`verify_state`,`verify_state_remark`,`goods_stock_alarm`,`is_virtual`,`virtual_indate`,`is_free_shipping`,`shipping_template`,`goods_spec_format`,`goods_attr_format`,`is_delete`,`introduction`,`keywords`,`unit`,`sort`,`create_time`,`modify_time`,`video_url`,`goods_shop_category_ids`,`evaluate`,`evaluate_shaitu`,`evaluate_shipin`,`evaluate_zhuiping`,`evaluate_haoping`,`evaluate_zhongping`,`evaluate_chaping`,`spec_name`,`supplier_id`,`max_buy`,`min_buy`,`supply_goods_id`,`supply_sku_id`,`fenxiao_price`,`stock_alarm`,`sale_sort`,`is_default`,`discount_config`,`discount_method`,`recommend_way` FROM `gxfc_goods_sku` WHERE  `goods_id` = 31 [ RunTime:0.000623s ]
[2022-07-25T14:49:19+08:00][sql] SHOW FULL COLUMNS FROM `gxfc_promotion_bundling_goods` [ RunTime:0.000669s ]
[2022-07-25T14:49:19+08:00][sql] SELECT `bl_id` FROM `gxfc_promotion_bundling_goods` WHERE  `sku_id` IN (45,46,47) [ RunTime:0.000162s ]
[2022-07-25T14:49:19+08:00][sql] SHOW FULL COLUMNS FROM `gxfc_promotion_bundling` [ RunTime:0.000667s ]
[2022-07-25T14:49:19+08:00][sql] SELECT `bl_id`,`bl_name`,`site_id`,`site_name`,`bl_price`,`goods_money`,`shipping_fee_type`,`status` FROM `gxfc_promotion_bundling` WHERE  `bl_id` = 1  AND `status` = 1 LIMIT 1 [ RunTime:0.000162s ]
[2022-07-25T14:49:19+08:00][sql] SELECT `pbg`.`sku_id`,`pbg`.`sku_name`,`pbg`.`price`,`pbg`.`sku_image`,`pbg`.`promotion_price`,`ngs`.`stock`,`ngs`.`unit`,`ngs`.`goods_state`,`ngs`.`verify_state` FROM `gxfc_promotion_bundling_goods` `pbg` INNER JOIN `gxfc_goods_sku` `ngs` ON `pbg`.`sku_id`=`ngs`.`sku_id` WHERE  `pbg`.`bl_id` = 1  AND `ngs`.`is_delete` = 0 [ RunTime:0.000221s ]
[2022-07-25T14:49:19+08:00][sql] CONNECT:[ UseTime:0.000216s ] mysql:host=localhost;port=3306;dbname=ls_chnssl_com;charset=utf8
[2022-07-25T14:49:19+08:00][sql] SHOW FULL COLUMNS FROM `gxfc_goods` [ RunTime:0.001461s ]
[2022-07-25T14:49:19+08:00][sql] SELECT `goods_id`,`goods_name`,`goods_class`,`goods_class_name`,`goods_attr_class`,`goods_attr_name`,`site_id`,`site_name`,`goods_image`,`website_id`,`brand_id`,`brand_name`,`goods_content`,`is_own`,`goods_state`,`category_id`,`category_json`,`verify_state`,`verify_state_remark`,`price`,`market_price`,`cost_price`,`goods_stock`,`goods_stock_alarm`,`is_virtual`,`virtual_indate`,`is_free_shipping`,`shipping_template`,`goods_spec_format`,`goods_attr_format`,`is_delete`,`introduction`,`keywords`,`unit`,`sort`,`create_time`,`modify_time`,`video_url`,`commission_rate`,`sale_num`,`goods_shop_category_ids`,`evaluate`,`evaluate_shaitu`,`evaluate_shipin`,`evaluate_zhuiping`,`evaluate_haoping`,`evaluate_zhongping`,`evaluate_chaping`,`is_fenxiao`,`fenxiao_type`,`supplier_id`,`max_buy`,`min_buy`,`timer_on`,`timer_off`,`supply_goods_id`,`discount_config`,`discount_method`,`sku_id`,`promotion_addon`,`category_name`,`recommend_way`,`wj_off`,`is_sale` FROM `gxfc_goods` WHERE  `goods_id` = 31 LIMIT 1 [ RunTime:0.000535s ]
[2022-07-25T14:49:19+08:00][sql] SHOW FULL COLUMNS FROM `gxfc_promotion_manjian` [ RunTime:0.000872s ]
[2022-07-25T14:49:19+08:00][sql] SELECT `manjian_id`,`site_id`,`manjian_name`,`manjian_type`,`goods_ids`,`status`,`start_time`,`end_time`,`rule_json` FROM `gxfc_promotion_manjian` WHERE  `status` = 1  AND (`goods_ids` LIKE '31' OR `goods_ids` LIKE '%31,%' OR `goods_ids` LIKE '%31' OR `goods_ids` LIKE '%,31,%' OR `goods_ids` LIKE '')  AND `end_time` > 1658731759  AND `site_id` = 11 ORDER BY `create_time` DESC LIMIT 1 [ RunTime:0.000346s ]
[2022-07-25T14:49:19+08:00][sql] CONNECT:[ UseTime:0.000247s ] mysql:host=localhost;port=3306;dbname=ls_chnssl_com;charset=utf8
[2022-07-25T14:49:19+08:00][sql] SHOW FULL COLUMNS FROM `gxfc_member` [ RunTime:0.001202s ]
[2022-07-25T14:49:19+08:00][sql] SELECT `member_id` FROM `gxfc_member` WHERE  `status` = 0 [ RunTime:0.000195s ]
[2022-07-25T14:49:19+08:00][sql] SHOW FULL COLUMNS FROM `gxfc_fenxiao` [ RunTime:0.000883s ]
[2022-07-25T14:49:19+08:00][sql] SELECT `fenxiao_id`,`level_id` FROM `gxfc_fenxiao` WHERE  `member_id` = 8  AND `is_delete` = 0 LIMIT 1 [ RunTime:0.000202s ]
[2022-07-25T14:49:19+08:00][sql] SHOW FULL COLUMNS FROM `gxfc_fenxiao_goods_sku` [ RunTime:0.000740s ]
[2022-07-25T14:49:19+08:00][sql] SELECT `fgs`.`goods_sku_id`,`fgs`.`goods_id`,`fgs`.`sku_id`,`fgs`.`level_id`,`fgs`.`one_rate`,`fgs`.`one_money`,`fgs`.`two_rate`,`fgs`.`two_money`,`fgs`.`three_rate`,`fgs`.`three_money`,`gs`.`discount_price` FROM `gxfc_fenxiao_goods_sku` `fgs` INNER JOIN `gxfc_goods_sku` `gs` ON `fgs`.`sku_id`=`gs`.`sku_id` WHERE  `fgs`.`sku_id` = '45'  AND `fgs`.`level_id` = 1 LIMIT 1 [ RunTime:0.000248s ]
[2022-07-25T14:49:26+08:00][sql] CONNECT:[ UseTime:0.000246s ] mysql:host=localhost;port=3306;dbname=ls_chnssl_com;charset=utf8
[2022-07-25T14:49:26+08:00][sql] SHOW FULL COLUMNS FROM `gxfc_promotion_coupon_type` [ RunTime:0.001356s ]
[2022-07-25T14:49:26+08:00][sql] SELECT `pct`.`coupon_type_id`,`pct`.`type`,`pct`.`site_id`,`pct`.`coupon_name`,`pct`.`money`,`pct`.`discount`,`pct`.`max_fetch`,`pct`.`at_least`,`pct`.`end_time`,`pct`.`validity_type`,`pct`.`fixed_term`,`pct`.`goods_type`,`pct`.`site_name` FROM `gxfc_promotion_coupon_type` `pct` INNER JOIN `gxfc_shop` `s` ON `s`.`site_id`=`pct`.`site_id` WHERE  `pct`.`status` = 1  AND `pct`.`is_show` = 1  AND ( `pct`.`goods_ids`  like  '%,31,%' or pct.goods_type = 1 )  AND `pct`.`site_id` = '11' ORDER BY `pct`.`money` DESC [ RunTime:0.000547s ]
[2022-07-25T14:49:26+08:00][sql] CONNECT:[ UseTime:0.000705s ] mysql:host=localhost;port=3306;dbname=ls_chnssl_com;charset=utf8
[2022-07-25T14:49:26+08:00][sql] SHOW FULL COLUMNS FROM `gxfc_goods` [ RunTime:0.002711s ]
[2022-07-25T14:49:26+08:00][sql] SELECT `goods_id`,`goods_name`,`goods_class`,`goods_class_name`,`goods_attr_class`,`goods_attr_name`,`site_id`,`site_name`,`goods_image`,`website_id`,`brand_id`,`brand_name`,`goods_content`,`is_own`,`goods_state`,`category_id`,`category_json`,`verify_state`,`verify_state_remark`,`price`,`market_price`,`cost_price`,`goods_stock`,`goods_stock_alarm`,`is_virtual`,`virtual_indate`,`is_free_shipping`,`shipping_template`,`goods_spec_format`,`goods_attr_format`,`is_delete`,`introduction`,`keywords`,`unit`,`sort`,`create_time`,`modify_time`,`video_url`,`commission_rate`,`sale_num`,`goods_shop_category_ids`,`evaluate`,`evaluate_shaitu`,`evaluate_shipin`,`evaluate_zhuiping`,`evaluate_haoping`,`evaluate_zhongping`,`evaluate_chaping`,`is_fenxiao`,`fenxiao_type`,`supplier_id`,`max_buy`,`min_buy`,`timer_on`,`timer_off`,`supply_goods_id`,`discount_config`,`discount_method`,`sku_id`,`promotion_addon`,`category_name`,`recommend_way`,`wj_off`,`is_sale` FROM `gxfc_goods` WHERE  `goods_id` = 31 LIMIT 1 [ RunTime:0.000625s ]
[2022-07-25T14:49:26+08:00][sql] SHOW FULL COLUMNS FROM `gxfc_promotion_manjian` [ RunTime:0.001007s ]
[2022-07-25T14:49:26+08:00][sql] SELECT `manjian_id`,`site_id`,`manjian_name`,`manjian_type`,`goods_ids`,`status`,`start_time`,`end_time`,`rule_json` FROM `gxfc_promotion_manjian` WHERE  `status` = 1  AND (`goods_ids` LIKE '31' OR `goods_ids` LIKE '%31,%' OR `goods_ids` LIKE '%31' OR `goods_ids` LIKE '%,31,%' OR `goods_ids` LIKE '')  AND `end_time` > 1658731766  AND `site_id` = 11 ORDER BY `create_time` DESC LIMIT 1 [ RunTime:0.000446s ]
[2022-07-25T14:49:27+08:00][sql] CONNECT:[ UseTime:0.000174s ] mysql:host=localhost;port=3306;dbname=ls_chnssl_com;charset=utf8
[2022-07-25T14:49:27+08:00][sql] SHOW FULL COLUMNS FROM `gxfc_goods_sku` [ RunTime:0.001062s ]
[2022-07-25T14:49:27+08:00][sql] SELECT `goods_id` FROM `gxfc_goods_sku` WHERE  `sku_id` = 45 LIMIT 1 [ RunTime:0.000172s ]
[2022-07-25T14:49:27+08:00][sql] SELECT `sku_id`,`site_id`,`goods_id`,`sku_name`,`sku_no`,`sku_spec_format`,`price`,`market_price`,`cost_price`,`discount_price`,`promotion_type`,`start_time`,`end_time`,`stock`,`weight`,`volume`,`click_num`,`sale_num`,`collect_num`,`sku_image`,`sku_images`,`goods_class`,`goods_class_name`,`goods_attr_class`,`goods_attr_name`,`goods_name`,`site_name`,`website_id`,`brand_id`,`brand_name`,`goods_content`,`is_own`,`goods_state`,`verify_state`,`verify_state_remark`,`goods_stock_alarm`,`is_virtual`,`virtual_indate`,`is_free_shipping`,`shipping_template`,`goods_spec_format`,`goods_attr_format`,`is_delete`,`introduction`,`keywords`,`unit`,`sort`,`create_time`,`modify_time`,`video_url`,`goods_shop_category_ids`,`evaluate`,`evaluate_shaitu`,`evaluate_shipin`,`evaluate_zhuiping`,`evaluate_haoping`,`evaluate_zhongping`,`evaluate_chaping`,`spec_name`,`supplier_id`,`max_buy`,`min_buy`,`supply_goods_id`,`supply_sku_id`,`fenxiao_price`,`stock_alarm`,`sale_sort`,`is_default`,`discount_config`,`discount_method`,`recommend_way` FROM `gxfc_goods_sku` WHERE  `goods_id` = 31 [ RunTime:0.000608s ]
[2022-07-25T14:49:27+08:00][sql] SHOW FULL COLUMNS FROM `gxfc_promotion_bundling_goods` [ RunTime:0.000627s ]
[2022-07-25T14:49:27+08:00][sql] SELECT `bl_id` FROM `gxfc_promotion_bundling_goods` WHERE  `sku_id` IN (45,46,47) [ RunTime:0.000175s ]
[2022-07-25T14:49:27+08:00][sql] SHOW FULL COLUMNS FROM `gxfc_promotion_bundling` [ RunTime:0.000603s ]
[2022-07-25T14:49:27+08:00][sql] SELECT `bl_id`,`bl_name`,`site_id`,`site_name`,`bl_price`,`goods_money`,`shipping_fee_type`,`status` FROM `gxfc_promotion_bundling` WHERE  `bl_id` = 1  AND `status` = 1 LIMIT 1 [ RunTime:0.000163s ]
[2022-07-25T14:49:27+08:00][sql] SELECT `pbg`.`sku_id`,`pbg`.`sku_name`,`pbg`.`price`,`pbg`.`sku_image`,`pbg`.`promotion_price`,`ngs`.`stock`,`ngs`.`unit`,`ngs`.`goods_state`,`ngs`.`verify_state` FROM `gxfc_promotion_bundling_goods` `pbg` INNER JOIN `gxfc_goods_sku` `ngs` ON `pbg`.`sku_id`=`ngs`.`sku_id` WHERE  `pbg`.`bl_id` = 1  AND `ngs`.`is_delete` = 0 [ RunTime:0.000247s ]
[2022-07-25T14:49:27+08:00][sql] CONNECT:[ UseTime:0.000223s ] mysql:host=localhost;port=3306;dbname=ls_chnssl_com;charset=utf8
[2022-07-25T14:49:27+08:00][sql] SHOW FULL COLUMNS FROM `gxfc_member` [ RunTime:0.001242s ]
[2022-07-25T14:49:27+08:00][sql] SELECT `member_id` FROM `gxfc_member` WHERE  `status` = 0 [ RunTime:0.000260s ]
[2022-07-25T14:49:27+08:00][sql] SHOW FULL COLUMNS FROM `gxfc_fenxiao` [ RunTime:0.000780s ]
[2022-07-25T14:49:27+08:00][sql] SELECT `fenxiao_id`,`level_id` FROM `gxfc_fenxiao` WHERE  `member_id` = 8  AND `is_delete` = 0 LIMIT 1 [ RunTime:0.000192s ]
[2022-07-25T14:49:27+08:00][sql] SHOW FULL COLUMNS FROM `gxfc_fenxiao_goods_sku` [ RunTime:0.000749s ]
[2022-07-25T14:49:27+08:00][sql] SELECT `fgs`.`goods_sku_id`,`fgs`.`goods_id`,`fgs`.`sku_id`,`fgs`.`level_id`,`fgs`.`one_rate`,`fgs`.`one_money`,`fgs`.`two_rate`,`fgs`.`two_money`,`fgs`.`three_rate`,`fgs`.`three_money`,`gs`.`discount_price` FROM `gxfc_fenxiao_goods_sku` `fgs` INNER JOIN `gxfc_goods_sku` `gs` ON `fgs`.`sku_id`=`gs`.`sku_id` WHERE  `fgs`.`sku_id` = '45'  AND `fgs`.`level_id` = 1 LIMIT 1 [ RunTime:0.000226s ]
