[2022-07-30T01:15:44+08:00][sql] CONNECT:[ UseTime:0.007163s ] mysql:host=localhost;port=3306;dbname=ls_chnssl_com;charset=utf8
[2022-07-30T01:15:44+08:00][sql] SHOW FULL COLUMNS FROM `gxfc_member` [ RunTime:0.001963s ]
[2022-07-30T01:15:44+08:00][sql] SELECT `member_id` FROM `gxfc_member` WHERE  `status` = 0 [ RunTime:0.000460s ]
[2022-07-30T01:15:44+08:00][sql] SHOW FULL COLUMNS FROM `gxfc_fenxiao` [ RunTime:0.001494s ]
[2022-07-30T01:15:44+08:00][sql] SELECT `fenxiao_id`,`level_id` FROM `gxfc_fenxiao` WHERE  `member_id` = 31  AND `is_delete` = 0 LIMIT 1 [ RunTime:0.000363s ]
[2022-07-30T01:15:44+08:00][sql] SHOW FULL COLUMNS FROM `gxfc_fenxiao_goods_sku` [ RunTime:0.001516s ]
[2022-07-30T01:15:44+08:00][sql] SELECT `fgs`.`goods_sku_id`,`fgs`.`goods_id`,`fgs`.`sku_id`,`fgs`.`level_id`,`fgs`.`one_rate`,`fgs`.`one_money`,`fgs`.`two_rate`,`fgs`.`two_money`,`fgs`.`three_rate`,`fgs`.`three_money`,`gs`.`discount_price` FROM `gxfc_fenxiao_goods_sku` `fgs` INNER JOIN `gxfc_goods_sku` `gs` ON `fgs`.`sku_id`=`gs`.`sku_id` WHERE  `fgs`.`sku_id` = '1'  AND `fgs`.`level_id` IS NULL LIMIT 1 [ RunTime:0.000323s ]
[2022-07-30T01:15:44+08:00][sql] CONNECT:[ UseTime:0.000181s ] mysql:host=localhost;port=3306;dbname=ls_chnssl_com;charset=utf8
[2022-07-30T01:15:44+08:00][sql] SHOW FULL COLUMNS FROM `gxfc_promotion_coupon_type` [ RunTime:0.001214s ]
[2022-07-30T01:15:44+08:00][sql] SELECT `pct`.`coupon_type_id`,`pct`.`type`,`pct`.`site_id`,`pct`.`coupon_name`,`pct`.`money`,`pct`.`discount`,`pct`.`max_fetch`,`pct`.`at_least`,`pct`.`end_time`,`pct`.`validity_type`,`pct`.`fixed_term`,`pct`.`goods_type`,`pct`.`site_name` FROM `gxfc_promotion_coupon_type` `pct` INNER JOIN `gxfc_shop` `s` ON `s`.`site_id`=`pct`.`site_id` WHERE  `pct`.`status` = 1  AND `pct`.`is_show` = 1  AND ( `pct`.`goods_ids`  like  '%,1,%' or pct.goods_type = 1 )  AND `pct`.`site_id` = '1' ORDER BY `pct`.`money` DESC [ RunTime:0.000402s ]
[2022-07-30T01:15:44+08:00][sql] CONNECT:[ UseTime:0.006272s ] mysql:host=localhost;port=3306;dbname=ls_chnssl_com;charset=utf8
[2022-07-30T01:15:44+08:00][sql] SHOW FULL COLUMNS FROM `gxfc_goods` [ RunTime:0.002234s ]
[2022-07-30T01:15:44+08:00][sql] SELECT `goods_id`,`goods_name`,`goods_class`,`goods_class_name`,`goods_attr_class`,`goods_attr_name`,`site_id`,`site_name`,`goods_image`,`website_id`,`brand_id`,`brand_name`,`goods_content`,`is_own`,`goods_state`,`category_id`,`category_json`,`verify_state`,`verify_state_remark`,`price`,`market_price`,`cost_price`,`goods_stock`,`goods_stock_alarm`,`is_virtual`,`virtual_indate`,`is_free_shipping`,`shipping_template`,`goods_spec_format`,`goods_attr_format`,`is_delete`,`introduction`,`keywords`,`unit`,`sort`,`create_time`,`modify_time`,`video_url`,`commission_rate`,`sale_num`,`goods_shop_category_ids`,`evaluate`,`evaluate_shaitu`,`evaluate_shipin`,`evaluate_zhuiping`,`evaluate_haoping`,`evaluate_zhongping`,`evaluate_chaping`,`is_fenxiao`,`fenxiao_type`,`supplier_id`,`max_buy`,`min_buy`,`timer_on`,`timer_off`,`supply_goods_id`,`discount_config`,`discount_method`,`sku_id`,`promotion_addon`,`category_name`,`recommend_way`,`wj_off`,`is_sale` FROM `gxfc_goods` WHERE  `goods_id` = 1 LIMIT 1 [ RunTime:0.000729s ]
[2022-07-30T01:15:44+08:00][sql] SHOW FULL COLUMNS FROM `gxfc_promotion_manjian` [ RunTime:0.000927s ]
[2022-07-30T01:15:44+08:00][sql] SELECT `manjian_id`,`site_id`,`manjian_name`,`manjian_type`,`goods_ids`,`status`,`start_time`,`end_time`,`rule_json` FROM `gxfc_promotion_manjian` WHERE  `status` = 1  AND (`goods_ids` LIKE '1' OR `goods_ids` LIKE '%1,%' OR `goods_ids` LIKE '%1' OR `goods_ids` LIKE '%,1,%' OR `goods_ids` LIKE '')  AND `end_time` > 1659114944  AND `site_id` = 1 ORDER BY `create_time` DESC LIMIT 1 [ RunTime:0.000445s ]
[2022-07-30T01:15:44+08:00][sql] CONNECT:[ UseTime:0.000243s ] mysql:host=localhost;port=3306;dbname=ls_chnssl_com;charset=utf8
[2022-07-30T01:15:44+08:00][sql] SHOW FULL COLUMNS FROM `gxfc_goods_sku` [ RunTime:0.001080s ]
[2022-07-30T01:15:44+08:00][sql] SELECT `goods_id` FROM `gxfc_goods_sku` WHERE  `sku_id` = 1 LIMIT 1 [ RunTime:0.000215s ]
[2022-07-30T01:15:44+08:00][sql] SELECT `sku_id`,`site_id`,`goods_id`,`sku_name`,`sku_no`,`sku_spec_format`,`price`,`market_price`,`cost_price`,`discount_price`,`promotion_type`,`start_time`,`end_time`,`stock`,`weight`,`volume`,`click_num`,`sale_num`,`collect_num`,`sku_image`,`sku_images`,`goods_class`,`goods_class_name`,`goods_attr_class`,`goods_attr_name`,`goods_name`,`site_name`,`website_id`,`brand_id`,`brand_name`,`goods_content`,`is_own`,`goods_state`,`verify_state`,`verify_state_remark`,`goods_stock_alarm`,`is_virtual`,`virtual_indate`,`is_free_shipping`,`shipping_template`,`goods_spec_format`,`goods_attr_format`,`is_delete`,`introduction`,`keywords`,`unit`,`sort`,`create_time`,`modify_time`,`video_url`,`goods_shop_category_ids`,`evaluate`,`evaluate_shaitu`,`evaluate_shipin`,`evaluate_zhuiping`,`evaluate_haoping`,`evaluate_zhongping`,`evaluate_chaping`,`spec_name`,`supplier_id`,`max_buy`,`min_buy`,`supply_goods_id`,`supply_sku_id`,`fenxiao_price`,`stock_alarm`,`sale_sort`,`is_default`,`discount_config`,`discount_method`,`recommend_way` FROM `gxfc_goods_sku` WHERE  `goods_id` = 1 [ RunTime:0.000854s ]
[2022-07-30T01:15:44+08:00][sql] SHOW FULL COLUMNS FROM `gxfc_promotion_bundling_goods` [ RunTime:0.000873s ]
[2022-07-30T01:15:44+08:00][sql] SELECT `bl_id` FROM `gxfc_promotion_bundling_goods` WHERE  `sku_id` = 1 [ RunTime:0.000155s ]
[2022-07-30T01:15:44+08:00][sql] CONNECT:[ UseTime:0.000231s ] mysql:host=localhost;port=3306;dbname=ls_chnssl_com;charset=utf8
[2022-07-30T01:15:44+08:00][sql] SHOW FULL COLUMNS FROM `gxfc_member` [ RunTime:0.001126s ]
[2022-07-30T01:15:44+08:00][sql] SELECT `member_id` FROM `gxfc_member` WHERE  `status` = 0 [ RunTime:0.000248s ]
[2022-07-30T01:15:44+08:00][sql] SHOW FULL COLUMNS FROM `gxfc_fenxiao` [ RunTime:0.000922s ]
[2022-07-30T01:15:44+08:00][sql] SELECT `fenxiao_id`,`level_id` FROM `gxfc_fenxiao` WHERE  `member_id` = 31  AND `is_delete` = 0 LIMIT 1 [ RunTime:0.000192s ]
[2022-07-30T01:15:44+08:00][sql] SHOW FULL COLUMNS FROM `gxfc_fenxiao_goods_sku` [ RunTime:0.000734s ]
[2022-07-30T01:15:44+08:00][sql] SELECT `fgs`.`goods_sku_id`,`fgs`.`goods_id`,`fgs`.`sku_id`,`fgs`.`level_id`,`fgs`.`one_rate`,`fgs`.`one_money`,`fgs`.`two_rate`,`fgs`.`two_money`,`fgs`.`three_rate`,`fgs`.`three_money`,`gs`.`discount_price` FROM `gxfc_fenxiao_goods_sku` `fgs` INNER JOIN `gxfc_goods_sku` `gs` ON `fgs`.`sku_id`=`gs`.`sku_id` WHERE  `fgs`.`sku_id` = '1'  AND `fgs`.`level_id` IS NULL LIMIT 1 [ RunTime:0.000177s ]
[2022-07-30T01:15:51+08:00][sql] CONNECT:[ UseTime:0.002027s ] mysql:host=localhost;port=3306;dbname=ls_chnssl_com;charset=utf8
[2022-07-30T01:15:51+08:00][sql] SHOW FULL COLUMNS FROM `gxfc_promotion_coupon_type` [ RunTime:0.001525s ]
[2022-07-30T01:15:51+08:00][sql] SELECT `pct`.`coupon_type_id`,`pct`.`type`,`pct`.`site_id`,`pct`.`coupon_name`,`pct`.`money`,`pct`.`discount`,`pct`.`max_fetch`,`pct`.`at_least`,`pct`.`end_time`,`pct`.`validity_type`,`pct`.`fixed_term`,`pct`.`goods_type`,`pct`.`site_name` FROM `gxfc_promotion_coupon_type` `pct` INNER JOIN `gxfc_shop` `s` ON `s`.`site_id`=`pct`.`site_id` WHERE  `pct`.`status` = 1  AND `pct`.`is_show` = 1  AND ( `pct`.`goods_ids`  like  '%,1,%' or pct.goods_type = 1 )  AND `pct`.`site_id` = '1' ORDER BY `pct`.`money` DESC [ RunTime:0.000512s ]
[2022-07-30T01:15:51+08:00][sql] CONNECT:[ UseTime:0.000172s ] mysql:host=localhost;port=3306;dbname=ls_chnssl_com;charset=utf8
[2022-07-30T01:15:51+08:00][sql] SHOW FULL COLUMNS FROM `gxfc_goods` [ RunTime:0.004150s ]
[2022-07-30T01:15:51+08:00][sql] SELECT `goods_id`,`goods_name`,`goods_class`,`goods_class_name`,`goods_attr_class`,`goods_attr_name`,`site_id`,`site_name`,`goods_image`,`website_id`,`brand_id`,`brand_name`,`goods_content`,`is_own`,`goods_state`,`category_id`,`category_json`,`verify_state`,`verify_state_remark`,`price`,`market_price`,`cost_price`,`goods_stock`,`goods_stock_alarm`,`is_virtual`,`virtual_indate`,`is_free_shipping`,`shipping_template`,`goods_spec_format`,`goods_attr_format`,`is_delete`,`introduction`,`keywords`,`unit`,`sort`,`create_time`,`modify_time`,`video_url`,`commission_rate`,`sale_num`,`goods_shop_category_ids`,`evaluate`,`evaluate_shaitu`,`evaluate_shipin`,`evaluate_zhuiping`,`evaluate_haoping`,`evaluate_zhongping`,`evaluate_chaping`,`is_fenxiao`,`fenxiao_type`,`supplier_id`,`max_buy`,`min_buy`,`timer_on`,`timer_off`,`supply_goods_id`,`discount_config`,`discount_method`,`sku_id`,`promotion_addon`,`category_name`,`recommend_way`,`wj_off`,`is_sale` FROM `gxfc_goods` WHERE  `goods_id` = 1 LIMIT 1 [ RunTime:0.000631s ]
[2022-07-30T01:15:51+08:00][sql] SHOW FULL COLUMNS FROM `gxfc_promotion_manjian` [ RunTime:0.001453s ]
[2022-07-30T01:15:51+08:00][sql] SELECT `manjian_id`,`site_id`,`manjian_name`,`manjian_type`,`goods_ids`,`status`,`start_time`,`end_time`,`rule_json` FROM `gxfc_promotion_manjian` WHERE  `status` = 1  AND (`goods_ids` LIKE '1' OR `goods_ids` LIKE '%1,%' OR `goods_ids` LIKE '%1' OR `goods_ids` LIKE '%,1,%' OR `goods_ids` LIKE '')  AND `end_time` > 1659114951  AND `site_id` = 1 ORDER BY `create_time` DESC LIMIT 1 [ RunTime:0.000380s ]
[2022-07-30T01:15:51+08:00][sql] CONNECT:[ UseTime:0.000222s ] mysql:host=localhost;port=3306;dbname=ls_chnssl_com;charset=utf8
[2022-07-30T01:15:51+08:00][sql] SHOW FULL COLUMNS FROM `gxfc_member` [ RunTime:0.001320s ]
[2022-07-30T01:15:51+08:00][sql] SELECT `member_id` FROM `gxfc_member` WHERE  `status` = 0 [ RunTime:0.000220s ]
[2022-07-30T01:15:51+08:00][sql] SHOW FULL COLUMNS FROM `gxfc_fenxiao` [ RunTime:0.000938s ]
[2022-07-30T01:15:51+08:00][sql] SELECT `fenxiao_id`,`level_id` FROM `gxfc_fenxiao` WHERE  `member_id` = 31  AND `is_delete` = 0 LIMIT 1 [ RunTime:0.000251s ]
[2022-07-30T01:15:51+08:00][sql] SHOW FULL COLUMNS FROM `gxfc_fenxiao_goods_sku` [ RunTime:0.000862s ]
[2022-07-30T01:15:51+08:00][sql] SELECT `fgs`.`goods_sku_id`,`fgs`.`goods_id`,`fgs`.`sku_id`,`fgs`.`level_id`,`fgs`.`one_rate`,`fgs`.`one_money`,`fgs`.`two_rate`,`fgs`.`two_money`,`fgs`.`three_rate`,`fgs`.`three_money`,`gs`.`discount_price` FROM `gxfc_fenxiao_goods_sku` `fgs` INNER JOIN `gxfc_goods_sku` `gs` ON `fgs`.`sku_id`=`gs`.`sku_id` WHERE  `fgs`.`sku_id` = '1'  AND `fgs`.`level_id` IS NULL LIMIT 1 [ RunTime:0.000221s ]
[2022-07-30T01:15:51+08:00][sql] CONNECT:[ UseTime:0.000229s ] mysql:host=localhost;port=3306;dbname=ls_chnssl_com;charset=utf8
[2022-07-30T01:15:51+08:00][sql] SHOW FULL COLUMNS FROM `gxfc_goods_sku` [ RunTime:0.001096s ]
[2022-07-30T01:15:51+08:00][sql] SELECT `goods_id` FROM `gxfc_goods_sku` WHERE  `sku_id` = 1 LIMIT 1 [ RunTime:0.000203s ]
[2022-07-30T01:15:51+08:00][sql] SELECT `sku_id`,`site_id`,`goods_id`,`sku_name`,`sku_no`,`sku_spec_format`,`price`,`market_price`,`cost_price`,`discount_price`,`promotion_type`,`start_time`,`end_time`,`stock`,`weight`,`volume`,`click_num`,`sale_num`,`collect_num`,`sku_image`,`sku_images`,`goods_class`,`goods_class_name`,`goods_attr_class`,`goods_attr_name`,`goods_name`,`site_name`,`website_id`,`brand_id`,`brand_name`,`goods_content`,`is_own`,`goods_state`,`verify_state`,`verify_state_remark`,`goods_stock_alarm`,`is_virtual`,`virtual_indate`,`is_free_shipping`,`shipping_template`,`goods_spec_format`,`goods_attr_format`,`is_delete`,`introduction`,`keywords`,`unit`,`sort`,`create_time`,`modify_time`,`video_url`,`goods_shop_category_ids`,`evaluate`,`evaluate_shaitu`,`evaluate_shipin`,`evaluate_zhuiping`,`evaluate_haoping`,`evaluate_zhongping`,`evaluate_chaping`,`spec_name`,`supplier_id`,`max_buy`,`min_buy`,`supply_goods_id`,`supply_sku_id`,`fenxiao_price`,`stock_alarm`,`sale_sort`,`is_default`,`discount_config`,`discount_method`,`recommend_way` FROM `gxfc_goods_sku` WHERE  `goods_id` = 1 [ RunTime:0.000620s ]
[2022-07-30T01:15:51+08:00][sql] SHOW FULL COLUMNS FROM `gxfc_promotion_bundling_goods` [ RunTime:0.000687s ]
[2022-07-30T01:15:51+08:00][sql] SELECT `bl_id` FROM `gxfc_promotion_bundling_goods` WHERE  `sku_id` = 1 [ RunTime:0.000162s ]
[2022-07-30T13:33:14+08:00][sql] CONNECT:[ UseTime:0.000270s ] mysql:host=localhost;port=3306;dbname=ls_chnssl_com;charset=utf8
[2022-07-30T13:33:14+08:00][sql] SHOW FULL COLUMNS FROM `gxfc_member` [ RunTime:0.001304s ]
[2022-07-30T13:33:14+08:00][sql] SELECT `member_id` FROM `gxfc_member` WHERE  `status` = 0 [ RunTime:0.000228s ]
[2022-07-30T13:33:15+08:00][sql] SHOW FULL COLUMNS FROM `gxfc_fenxiao` [ RunTime:0.002119s ]
[2022-07-30T13:33:15+08:00][sql] SELECT `fenxiao_id`,`level_id` FROM `gxfc_fenxiao` WHERE  `member_id` = 5  AND `is_delete` = 0 LIMIT 1 [ RunTime:0.000337s ]
[2022-07-30T13:33:15+08:00][sql] SHOW FULL COLUMNS FROM `gxfc_fenxiao_goods_sku` [ RunTime:0.000940s ]
[2022-07-30T13:33:15+08:00][sql] SELECT `fgs`.`goods_sku_id`,`fgs`.`goods_id`,`fgs`.`sku_id`,`fgs`.`level_id`,`fgs`.`one_rate`,`fgs`.`one_money`,`fgs`.`two_rate`,`fgs`.`two_money`,`fgs`.`three_rate`,`fgs`.`three_money`,`gs`.`discount_price` FROM `gxfc_fenxiao_goods_sku` `fgs` INNER JOIN `gxfc_goods_sku` `gs` ON `fgs`.`sku_id`=`gs`.`sku_id` WHERE  `fgs`.`sku_id` = '77'  AND `fgs`.`level_id` = 1 LIMIT 1 [ RunTime:0.000367s ]
[2022-07-30T13:33:15+08:00][sql] CONNECT:[ UseTime:0.000359s ] mysql:host=localhost;port=3306;dbname=ls_chnssl_com;charset=utf8
[2022-07-30T13:33:15+08:00][sql] SHOW FULL COLUMNS FROM `gxfc_goods` [ RunTime:0.001354s ]
[2022-07-30T13:33:15+08:00][sql] SELECT `goods_id`,`goods_name`,`goods_class`,`goods_class_name`,`goods_attr_class`,`goods_attr_name`,`site_id`,`site_name`,`goods_image`,`website_id`,`brand_id`,`brand_name`,`goods_content`,`is_own`,`goods_state`,`category_id`,`category_json`,`verify_state`,`verify_state_remark`,`price`,`market_price`,`cost_price`,`goods_stock`,`goods_stock_alarm`,`is_virtual`,`virtual_indate`,`is_free_shipping`,`shipping_template`,`goods_spec_format`,`goods_attr_format`,`is_delete`,`introduction`,`keywords`,`unit`,`sort`,`create_time`,`modify_time`,`video_url`,`commission_rate`,`sale_num`,`goods_shop_category_ids`,`evaluate`,`evaluate_shaitu`,`evaluate_shipin`,`evaluate_zhuiping`,`evaluate_haoping`,`evaluate_zhongping`,`evaluate_chaping`,`is_fenxiao`,`fenxiao_type`,`supplier_id`,`max_buy`,`min_buy`,`timer_on`,`timer_off`,`supply_goods_id`,`discount_config`,`discount_method`,`sku_id`,`promotion_addon`,`category_name`,`recommend_way`,`wj_off`,`is_sale` FROM `gxfc_goods` WHERE  `goods_id` = 57 LIMIT 1 [ RunTime:0.000533s ]
[2022-07-30T13:33:15+08:00][sql] SHOW FULL COLUMNS FROM `gxfc_promotion_manjian` [ RunTime:0.001020s ]
[2022-07-30T13:33:15+08:00][sql] SELECT `manjian_id`,`site_id`,`manjian_name`,`manjian_type`,`goods_ids`,`status`,`start_time`,`end_time`,`rule_json` FROM `gxfc_promotion_manjian` WHERE  `status` = 1  AND (`goods_ids` LIKE '57' OR `goods_ids` LIKE '%57,%' OR `goods_ids` LIKE '%57' OR `goods_ids` LIKE '%,57,%' OR `goods_ids` LIKE '')  AND `end_time` > 1659159195  AND `site_id` = 11 ORDER BY `create_time` DESC LIMIT 1 [ RunTime:0.000444s ]
[2022-07-30T13:33:15+08:00][sql] CONNECT:[ UseTime:0.000157s ] mysql:host=localhost;port=3306;dbname=ls_chnssl_com;charset=utf8
[2022-07-30T13:33:15+08:00][sql] SHOW FULL COLUMNS FROM `gxfc_promotion_coupon_type` [ RunTime:0.003531s ]
[2022-07-30T13:33:15+08:00][sql] SELECT `pct`.`coupon_type_id`,`pct`.`type`,`pct`.`site_id`,`pct`.`coupon_name`,`pct`.`money`,`pct`.`discount`,`pct`.`max_fetch`,`pct`.`at_least`,`pct`.`end_time`,`pct`.`validity_type`,`pct`.`fixed_term`,`pct`.`goods_type`,`pct`.`site_name` FROM `gxfc_promotion_coupon_type` `pct` INNER JOIN `gxfc_shop` `s` ON `s`.`site_id`=`pct`.`site_id` WHERE  `pct`.`status` = 1  AND `pct`.`is_show` = 1  AND ( `pct`.`goods_ids`  like  '%,57,%' or pct.goods_type = 1 )  AND `pct`.`site_id` = '11' ORDER BY `pct`.`money` DESC [ RunTime:0.000472s ]
[2022-07-30T13:33:15+08:00][sql] CONNECT:[ UseTime:0.000137s ] mysql:host=localhost;port=3306;dbname=ls_chnssl_com;charset=utf8
[2022-07-30T13:33:15+08:00][sql] SHOW FULL COLUMNS FROM `gxfc_goods_sku` [ RunTime:0.001099s ]
[2022-07-30T13:33:15+08:00][sql] SELECT `goods_id` FROM `gxfc_goods_sku` WHERE  `sku_id` = 77 LIMIT 1 [ RunTime:0.000253s ]
[2022-07-30T13:33:15+08:00][sql] SELECT `sku_id`,`site_id`,`goods_id`,`sku_name`,`sku_no`,`sku_spec_format`,`price`,`market_price`,`cost_price`,`discount_price`,`promotion_type`,`start_time`,`end_time`,`stock`,`weight`,`volume`,`click_num`,`sale_num`,`collect_num`,`sku_image`,`sku_images`,`goods_class`,`goods_class_name`,`goods_attr_class`,`goods_attr_name`,`goods_name`,`site_name`,`website_id`,`brand_id`,`brand_name`,`goods_content`,`is_own`,`goods_state`,`verify_state`,`verify_state_remark`,`goods_stock_alarm`,`is_virtual`,`virtual_indate`,`is_free_shipping`,`shipping_template`,`goods_spec_format`,`goods_attr_format`,`is_delete`,`introduction`,`keywords`,`unit`,`sort`,`create_time`,`modify_time`,`video_url`,`goods_shop_category_ids`,`evaluate`,`evaluate_shaitu`,`evaluate_shipin`,`evaluate_zhuiping`,`evaluate_haoping`,`evaluate_zhongping`,`evaluate_chaping`,`spec_name`,`supplier_id`,`max_buy`,`min_buy`,`supply_goods_id`,`supply_sku_id`,`fenxiao_price`,`stock_alarm`,`sale_sort`,`is_default`,`discount_config`,`discount_method`,`recommend_way` FROM `gxfc_goods_sku` WHERE  `goods_id` = 57 [ RunTime:0.000950s ]
[2022-07-30T13:33:15+08:00][sql] SHOW FULL COLUMNS FROM `gxfc_promotion_bundling_goods` [ RunTime:0.001152s ]
[2022-07-30T13:33:15+08:00][sql] SELECT `bl_id` FROM `gxfc_promotion_bundling_goods` WHERE  `sku_id` IN (77,78) [ RunTime:0.000274s ]
[2022-07-30T13:33:15+08:00][sql] CONNECT:[ UseTime:0.000230s ] mysql:host=localhost;port=3306;dbname=ls_chnssl_com;charset=utf8
[2022-07-30T13:33:15+08:00][sql] SHOW FULL COLUMNS FROM `gxfc_member` [ RunTime:0.001110s ]
[2022-07-30T13:33:15+08:00][sql] SELECT `member_id` FROM `gxfc_member` WHERE  `status` = 0 [ RunTime:0.000205s ]
[2022-07-30T13:33:15+08:00][sql] SHOW FULL COLUMNS FROM `gxfc_fenxiao` [ RunTime:0.000812s ]
[2022-07-30T13:33:15+08:00][sql] SELECT `fenxiao_id`,`level_id` FROM `gxfc_fenxiao` WHERE  `member_id` = 5  AND `is_delete` = 0 LIMIT 1 [ RunTime:0.000190s ]
[2022-07-30T13:33:15+08:00][sql] SHOW FULL COLUMNS FROM `gxfc_fenxiao_goods_sku` [ RunTime:0.000757s ]
[2022-07-30T13:33:15+08:00][sql] SELECT `fgs`.`goods_sku_id`,`fgs`.`goods_id`,`fgs`.`sku_id`,`fgs`.`level_id`,`fgs`.`one_rate`,`fgs`.`one_money`,`fgs`.`two_rate`,`fgs`.`two_money`,`fgs`.`three_rate`,`fgs`.`three_money`,`gs`.`discount_price` FROM `gxfc_fenxiao_goods_sku` `fgs` INNER JOIN `gxfc_goods_sku` `gs` ON `fgs`.`sku_id`=`gs`.`sku_id` WHERE  `fgs`.`sku_id` = '77'  AND `fgs`.`level_id` = 1 LIMIT 1 [ RunTime:0.000216s ]
[2022-07-30T14:03:05+08:00][sql] CONNECT:[ UseTime:0.000207s ] mysql:host=localhost;port=3306;dbname=ls_chnssl_com;charset=utf8
[2022-07-30T14:03:05+08:00][sql] SHOW FULL COLUMNS FROM `gxfc_shop` [ RunTime:0.001135s ]
[2022-07-30T14:03:05+08:00][sql] SELECT `website_id`,`site_name`,`logo`,`is_own`,`level_id`,`category_id`,`group_id`,`seo_keywords`,`seo_description`,`expire_time`,`shop_status` FROM `gxfc_shop` WHERE  `site_id` = 11 LIMIT 1 [ RunTime:0.000284s ]
[2022-07-30T14:03:05+08:00][sql] SHOW FULL COLUMNS FROM `gxfc_promotion_coupon_type` [ RunTime:0.000940s ]
[2022-07-30T14:03:05+08:00][sql] SELECT COUNT(*) AS think_count FROM `gxfc_promotion_coupon_type` `a` WHERE  `status` = 1  AND `site_id` = 11  AND `coupon_name` LIKE '%%' ORDER BY `create_time` DESC [ RunTime:0.000254s ]
[2022-07-30T14:03:05+08:00][sql] SELECT * FROM `gxfc_promotion_coupon_type` `a` WHERE  `status` = 1  AND `site_id` = 11  AND `coupon_name` LIKE '%%' ORDER BY `create_time` DESC LIMIT 0,0 [ RunTime:0.000324s ]
[2022-07-30T14:23:38+08:00][sql] CONNECT:[ UseTime:0.000234s ] mysql:host=localhost;port=3306;dbname=ls_chnssl_com;charset=utf8
[2022-07-30T14:23:38+08:00][sql] SHOW FULL COLUMNS FROM `gxfc_shop` [ RunTime:0.001211s ]
[2022-07-30T14:23:38+08:00][sql] SELECT `website_id`,`site_name`,`logo`,`is_own`,`level_id`,`category_id`,`group_id`,`seo_keywords`,`seo_description`,`expire_time`,`shop_status` FROM `gxfc_shop` WHERE  `site_id` = 11 LIMIT 1 [ RunTime:0.000246s ]
[2022-07-30T14:23:38+08:00][sql] SHOW FULL COLUMNS FROM `gxfc_menu` [ RunTime:0.000833s ]
[2022-07-30T14:23:38+08:00][sql] SELECT `id`,`app_module`,`name`,`title`,`parent`,`level`,`url`,`is_show`,`sort`,`desc`,`picture`,`is_icon`,`picture_select`,`is_control`,`addon` FROM `gxfc_menu` WHERE  `url` = 'freeshipping://shop/Freeshipping/lists'  AND `app_module` = 'shop' ORDER BY `level` DESC LIMIT 1 [ RunTime:0.000330s ]
[2022-07-30T14:23:38+08:00][sql] SELECT `id`,`app_module`,`name`,`title`,`parent`,`level`,`url`,`is_show`,`sort`,`desc`,`picture`,`is_icon`,`picture_select`,`is_control`,`addon` FROM `gxfc_menu` WHERE  `name` = 'PROMOTION_FREESHIPPING_LIST'  AND `app_module` = 'shop' LIMIT 1 [ RunTime:0.000354s ]
[2022-07-30T14:23:38+08:00][sql] SELECT `id`,`app_module`,`name`,`title`,`parent`,`level`,`url`,`is_show`,`sort`,`desc`,`picture`,`is_icon`,`picture_select`,`is_control`,`addon` FROM `gxfc_menu` WHERE  `name` = 'PROMOTION_FREESHIPPING'  AND `app_module` = 'shop' LIMIT 1 [ RunTime:0.000242s ]
[2022-07-30T14:23:38+08:00][sql] SHOW FULL COLUMNS FROM `gxfc_addon` [ RunTime:0.000814s ]
[2022-07-30T14:23:38+08:00][sql] SELECT `name`,`title` FROM `gxfc_addon` WHERE  `name` = 'freeshipping' LIMIT 1 [ RunTime:0.000152s ]
[2022-07-30T14:23:38+08:00][sql] CONNECT:[ UseTime:0.000234s ] mysql:host=localhost;port=3306;dbname=ls_chnssl_com;charset=utf8
[2022-07-30T14:23:38+08:00][sql] SHOW FULL COLUMNS FROM `gxfc_shop` [ RunTime:0.001209s ]
[2022-07-30T14:23:38+08:00][sql] SELECT `website_id`,`site_name`,`logo`,`is_own`,`level_id`,`category_id`,`group_id`,`seo_keywords`,`seo_description`,`expire_time`,`shop_status` FROM `gxfc_shop` WHERE  `site_id` = 11 LIMIT 1 [ RunTime:0.000238s ]
[2022-07-30T14:23:38+08:00][sql] SHOW FULL COLUMNS FROM `gxfc_promotion_freeshipping` [ RunTime:0.000843s ]
[2022-07-30T14:23:38+08:00][sql] SELECT COUNT(*) AS think_count FROM `gxfc_promotion_freeshipping` `a` WHERE  `site_id` = 11 ORDER BY `price` ASC [ RunTime:0.000179s ]
[2022-07-30T14:23:38+08:00][sql] SELECT * FROM `gxfc_promotion_freeshipping` `a` WHERE  `site_id` = 11 ORDER BY `price` ASC LIMIT 0,10 [ RunTime:0.000179s ]
[2022-07-30T14:26:21+08:00][sql] CONNECT:[ UseTime:0.000278s ] mysql:host=localhost;port=3306;dbname=ls_chnssl_com;charset=utf8
[2022-07-30T14:26:21+08:00][sql] SHOW FULL COLUMNS FROM `gxfc_shop` [ RunTime:0.001344s ]
[2022-07-30T14:26:21+08:00][sql] SELECT `website_id`,`site_name`,`logo`,`is_own`,`level_id`,`category_id`,`group_id`,`seo_keywords`,`seo_description`,`expire_time`,`shop_status` FROM `gxfc_shop` WHERE  `site_id` = 11 LIMIT 1 [ RunTime:0.000268s ]
[2022-07-30T14:26:21+08:00][sql] SHOW FULL COLUMNS FROM `gxfc_menu` [ RunTime:0.000854s ]
[2022-07-30T14:26:21+08:00][sql] SELECT `id`,`app_module`,`name`,`title`,`parent`,`level`,`url`,`is_show`,`sort`,`desc`,`picture`,`is_icon`,`picture_select`,`is_control`,`addon` FROM `gxfc_menu` WHERE  `url` = 'freeshipping://shop/Freeshipping/add'  AND `app_module` = 'shop' ORDER BY `level` DESC LIMIT 1 [ RunTime:0.000284s ]
[2022-07-30T14:26:21+08:00][sql] SELECT `id`,`app_module`,`name`,`title`,`parent`,`level`,`url`,`is_show`,`sort`,`desc`,`picture`,`is_icon`,`picture_select`,`is_control`,`addon` FROM `gxfc_menu` WHERE  `name` = 'PROMOTION_FREESHIPPING_ADD'  AND `app_module` = 'shop' LIMIT 1 [ RunTime:0.000254s ]
[2022-07-30T14:27:04+08:00][sql] CONNECT:[ UseTime:0.000234s ] mysql:host=localhost;port=3306;dbname=ls_chnssl_com;charset=utf8
[2022-07-30T14:27:04+08:00][sql] SHOW FULL COLUMNS FROM `gxfc_shop` [ RunTime:0.001231s ]
[2022-07-30T14:27:04+08:00][sql] SELECT `website_id`,`site_name`,`logo`,`is_own`,`level_id`,`category_id`,`group_id`,`seo_keywords`,`seo_description`,`expire_time`,`shop_status` FROM `gxfc_shop` WHERE  `site_id` = 11 LIMIT 1 [ RunTime:0.000232s ]
[2022-07-30T21:05:52+08:00][sql] CONNECT:[ UseTime:0.000277s ] mysql:host=localhost;port=3306;dbname=ls_chnssl_com;charset=utf8
[2022-07-30T21:05:52+08:00][sql] SHOW FULL COLUMNS FROM `gxfc_promotion_coupon_type` [ RunTime:0.002797s ]
[2022-07-30T21:05:52+08:00][sql] SELECT COUNT(*) AS think_count FROM `gxfc_promotion_coupon_type` `pct` INNER JOIN `gxfc_shop` `s` ON `s`.`site_id`=`pct`.`site_id` WHERE  `pct`.`status` = 1  AND `pct`.`is_show` = 1  AND `s`.`shop_status` = 1 ORDER BY `pct`.`coupon_type_id` DESC [ RunTime:0.000301s ]
[2022-07-30T21:05:52+08:00][sql] SELECT `pct`.`coupon_type_id`,`pct`.`type`,`pct`.`site_id`,`pct`.`coupon_name`,`pct`.`money`,`pct`.`discount`,`pct`.`max_fetch`,`pct`.`at_least`,`pct`.`end_time`,`pct`.`image`,`pct`.`validity_type`,`pct`.`fixed_term`,`pct`.`status`,`pct`.`is_show`,`pct`.`goods_type`,`pct`.`discount_limit`,`pct`.`count`,`pct`.`lead_count`,`pct`.`site_name` FROM `gxfc_promotion_coupon_type` `pct` INNER JOIN `gxfc_shop` `s` ON `s`.`site_id`=`pct`.`site_id` WHERE  `pct`.`status` = 1  AND `pct`.`is_show` = 1  AND `s`.`shop_status` = 1 ORDER BY `pct`.`coupon_type_id` DESC LIMIT 0,10 [ RunTime:0.000317s ]
[2022-07-30T21:57:20+08:00][sql] CONNECT:[ UseTime:0.000273s ] mysql:host=localhost;port=3306;dbname=ls_chnssl_com;charset=utf8
[2022-07-30T21:57:20+08:00][sql] SHOW FULL COLUMNS FROM `gxfc_member` [ RunTime:0.001130s ]
[2022-07-30T21:57:20+08:00][sql] SELECT `member_id` FROM `gxfc_member` WHERE  `status` = 0 [ RunTime:0.000250s ]
[2022-07-30T21:57:20+08:00][sql] SHOW FULL COLUMNS FROM `gxfc_fenxiao` [ RunTime:0.000843s ]
[2022-07-30T21:57:20+08:00][sql] SELECT `f`.*,pf.fenxiao_name as parent_name,`nm`.`nickname`,`nm`.`headimg` FROM `gxfc_fenxiao` `f` LEFT JOIN `gxfc_fenxiao` `pf` ON `pf`.`fenxiao_id`=`f`.`parent` INNER JOIN `gxfc_member` `nm` ON `nm`.`member_id`=`f`.`member_id` WHERE  `f`.`member_id` = 5  AND `f`.`is_delete` = 0 LIMIT 1 [ RunTime:0.000419s ]
[2022-07-30T21:57:20+08:00][sql] SELECT COUNT(*) AS think_count FROM `gxfc_member` WHERE  `fenxiao_id` = 4  AND `is_fenxiao` = 0  AND `is_delete` = 0 [ RunTime:0.000226s ]
[2022-07-30T21:57:20+08:00][sql] SELECT `f`.`level_id`,`m`.`order_num`,`m`.`order_money`,`f`.`one_fenxiao_order_num`,`f`.`one_fenxiao_order_money`,`f`.`one_child_num`,`f`.`one_child_fenxiao_num`,`fl`.`one_rate`,`fl`.`level_num` FROM `gxfc_fenxiao` `f` INNER JOIN `gxfc_member` `m` ON `f`.`member_id`=`m`.`member_id` INNER JOIN `gxfc_fenxiao_level` `fl` ON `f`.`level_id`=`fl`.`level_id` WHERE  `f`.`member_id` = 5  AND `f`.`status` = 1  AND `f`.`is_delete` = 0 LIMIT 1 [ RunTime:0.000446s ]
[2022-07-30T21:57:20+08:00][sql] SHOW FULL COLUMNS FROM `gxfc_fenxiao_level` [ RunTime:0.000805s ]
[2022-07-30T21:57:20+08:00][sql] SELECT * FROM `gxfc_fenxiao_level` WHERE  `level_num` >= 1  AND `level_id` <> 1 ORDER BY `level_num` ASC,`one_rate` ASC LIMIT 1 [ RunTime:0.000265s ]
[2022-07-30T21:57:20+08:00][sql] SHOW FULL COLUMNS FROM `gxfc_fenxiao_order` [ RunTime:0.000876s ]
[2022-07-30T21:57:20+08:00][sql] SELECT sum(one_commission) as commission FROM `gxfc_fenxiao_order` WHERE  `one_fenxiao_id` = 4  AND `create_time` BETWEEN 1659110400 AND 1659196800   AND `is_settlement` = 1 LIMIT 1 [ RunTime:0.000218s ]
[2022-07-30T21:57:20+08:00][sql] SELECT sum(two_commission) as commission FROM `gxfc_fenxiao_order` WHERE  `two_fenxiao_id` = 4  AND `create_time` BETWEEN 1659110400 AND 1659196800   AND `is_settlement` = 1 LIMIT 1 [ RunTime:0.000201s ]
[2022-07-30T21:57:20+08:00][sql] SELECT sum(three_commission) as commission FROM `gxfc_fenxiao_order` WHERE  `three_fenxiao_id` = 4  AND `create_time` BETWEEN 1659110400 AND 1659196800   AND `is_settlement` = 1 LIMIT 1 [ RunTime:0.000198s ]
[2022-07-30T21:57:20+08:00][sql] SELECT sum(real_goods_money) as real_goods_money FROM `gxfc_fenxiao_order` WHERE  ( `one_fenxiao_id` = 4 OR `two_fenxiao_id` = 4 OR `three_fenxiao_id` = 4 ) LIMIT 1 [ RunTime:0.000181s ]
[2022-07-30T21:57:20+08:00][sql] CONNECT:[ UseTime:0.000245s ] mysql:host=localhost;port=3306;dbname=ls_chnssl_com;charset=utf8
[2022-07-30T21:57:20+08:00][sql] SHOW FULL COLUMNS FROM `gxfc_member` [ RunTime:0.001083s ]
[2022-07-30T21:57:20+08:00][sql] SELECT `member_id` FROM `gxfc_member` WHERE  `status` = 0 [ RunTime:0.000245s ]
[2022-07-30T21:57:20+08:00][sql] SHOW FULL COLUMNS FROM `gxfc_fenxiao` [ RunTime:0.000775s ]
[2022-07-30T21:57:20+08:00][sql] SELECT `fenxiao_id` FROM `gxfc_fenxiao` WHERE  `member_id` = 5  AND `is_delete` = 0 LIMIT 1 [ RunTime:0.000217s ]
[2022-07-30T21:57:20+08:00][sql] SELECT GROUP_CONCAT(fenxiao_id) as fenxiao_id FROM gxfc_fenxiao WHERE parent = 4 and is_delete = 0 [ RunTime:0.000211s ]
