[2022-07-25T23:56:24+08:00][sql] UPDATE `gxfc_cron`  SET `execute_time` = 1658763964  WHERE  `id` = 5 [ RunTime:0.004254s ]
[2022-07-25T23:56:24+08:00][sql] SHOW FULL COLUMNS FROM `gxfc_member_cluster` [ RunTime:0.000711s ]
[2022-07-25T23:56:24+08:00][sql] SELECT `rule_json`,`cluster_id` FROM `gxfc_member_cluster` [ RunTime:0.000196s ]
[2022-07-25T23:56:24+08:00][sql] SHOW FULL COLUMNS FROM `gxfc_member` [ RunTime:0.000985s ]
[2022-07-25T23:56:24+08:00][sql] SELECT `member_id` FROM `gxfc_member` WHERE  `is_delete` = 0 [ RunTime:0.000164s ]
[2022-07-25T23:56:24+08:00][sql] SELECT COUNT(*) AS think_count FROM `gxfc_member` WHERE  `is_delete` = 0 [ RunTime:0.000171s ]
[2022-07-25T23:56:24+08:00][sql] UPDATE `gxfc_member_cluster`  SET `member_num` = 11 , `member_ids` = '1,2,3,4,5,6,8,9,10,11,30' , `update_time` = 1658764584  WHERE  `cluster_id` = 1 [ RunTime:0.006090s ]
[2022-07-25T23:56:24+08:00][cron] event:data{"id":10,"type":2,"period":1,"period_type":0,"name":"\u4f1a\u5458\u7fa4\u4f53\u5b9a\u65f6\u5237\u65b0","event":"CronMemberClusterRefresh","execute_time":1658763905,"relate_id":0,"create_time":1646988965}
[2022-07-25T23:56:24+08:00][sql] UPDATE `gxfc_cron`  SET `execute_time` = 1658763965  WHERE  `id` = 10 [ RunTime:0.009996s ]
[2022-07-25T23:57:24+08:00][info] 检测事件执行2022-07-25 23:57:24
[2022-07-25T23:57:24+08:00][sql] CONNECT:[ UseTime:0.000220s ] mysql:host=localhost;port=3306;dbname=ls_chnssl_com;charset=utf8
[2022-07-25T23:57:24+08:00][sql] SHOW FULL COLUMNS FROM `gxfc_cron` [ RunTime:0.000844s ]
[2022-07-25T23:57:24+08:00][sql] SELECT `id`,`type`,`period`,`period_type`,`name`,`event`,`execute_time`,`relate_id`,`create_time` FROM `gxfc_cron` WHERE  `execute_time` <= 1658764644 [ RunTime:0.000263s ]
[2022-07-25T23:57:24+08:00][sql] SHOW FULL COLUMNS FROM `gxfc_promotion_coupon` [ RunTime:0.000872s ]
[2022-07-25T23:57:24+08:00][sql] UPDATE `gxfc_promotion_coupon`  SET `state` = 3  WHERE  `state` = 1  AND `end_time` <= 1658764644 [ RunTime:0.000262s ]
[2022-07-25T23:57:24+08:00][cron] event:data{"id":2,"type":2,"period":1,"period_type":0,"name":"\u4f18\u60e0\u5238\u8fc7\u671f\u81ea\u52a8\u5173\u95ed","event":"CronCouponEnd","execute_time":1658763964,"relate_id":0,"create_time":1646988964}
[2022-07-25T23:57:24+08:00][sql] UPDATE `gxfc_cron`  SET `execute_time` = 1658764024  WHERE  `id` = 2 [ RunTime:0.006017s ]
[2022-07-25T23:57:24+08:00][sql] SHOW FULL COLUMNS FROM `gxfc_promotion_platformcoupon` [ RunTime:0.000723s ]
[2022-07-25T23:57:24+08:00][sql] UPDATE `gxfc_promotion_platformcoupon`  SET `state` = 3  WHERE  `state` = 1  AND `end_time` <= 1658764644 [ RunTime:0.000252s ]
[2022-07-25T23:57:24+08:00][cron] event:data{"id":5,"type":2,"period":1,"period_type":0,"name":"\u5e73\u53f0\u4f18\u60e0\u5238\u8fc7\u671f\u81ea\u52a8\u5173\u95ed","event":"CronPlatformcouponEnd","execute_time":1658763964,"relate_id":0,"create_time":1646988964}
[2022-07-25T23:57:24+08:00][sql] UPDATE `gxfc_cron`  SET `execute_time` = 1658764024  WHERE  `id` = 5 [ RunTime:0.003185s ]
[2022-07-25T23:57:24+08:00][sql] SHOW FULL COLUMNS FROM `gxfc_member_cluster` [ RunTime:0.000753s ]
[2022-07-25T23:57:24+08:00][sql] SELECT `rule_json`,`cluster_id` FROM `gxfc_member_cluster` [ RunTime:0.000139s ]
[2022-07-25T23:57:24+08:00][sql] SHOW FULL COLUMNS FROM `gxfc_member` [ RunTime:0.000903s ]
[2022-07-25T23:57:24+08:00][sql] SELECT `member_id` FROM `gxfc_member` WHERE  `is_delete` = 0 [ RunTime:0.000153s ]
[2022-07-25T23:57:24+08:00][sql] SELECT COUNT(*) AS think_count FROM `gxfc_member` WHERE  `is_delete` = 0 [ RunTime:0.000137s ]
[2022-07-25T23:57:24+08:00][sql] UPDATE `gxfc_member_cluster`  SET `member_num` = 11 , `member_ids` = '1,2,3,4,5,6,8,9,10,11,30' , `update_time` = 1658764644  WHERE  `cluster_id` = 1 [ RunTime:0.006238s ]
[2022-07-25T23:57:24+08:00][cron] event:data{"id":10,"type":2,"period":1,"period_type":0,"name":"\u4f1a\u5458\u7fa4\u4f53\u5b9a\u65f6\u5237\u65b0","event":"CronMemberClusterRefresh","execute_time":1658763965,"relate_id":0,"create_time":1646988965}
[2022-07-25T23:57:24+08:00][sql] UPDATE `gxfc_cron`  SET `execute_time` = 1658764025  WHERE  `id` = 10 [ RunTime:0.003109s ]
[2022-07-25T23:58:24+08:00][info] 检测事件执行2022-07-25 23:58:24
[2022-07-25T23:58:24+08:00][sql] CONNECT:[ UseTime:0.000249s ] mysql:host=localhost;port=3306;dbname=ls_chnssl_com;charset=utf8
[2022-07-25T23:58:24+08:00][sql] SHOW FULL COLUMNS FROM `gxfc_cron` [ RunTime:0.000856s ]
[2022-07-25T23:58:24+08:00][sql] SELECT `id`,`type`,`period`,`period_type`,`name`,`event`,`execute_time`,`relate_id`,`create_time` FROM `gxfc_cron` WHERE  `execute_time` <= 1658764704 [ RunTime:0.000270s ]
[2022-07-25T23:58:24+08:00][sql] SHOW FULL COLUMNS FROM `gxfc_promotion_coupon` [ RunTime:0.000823s ]
[2022-07-25T23:58:24+08:00][sql] UPDATE `gxfc_promotion_coupon`  SET `state` = 3  WHERE  `state` = 1  AND `end_time` <= 1658764704 [ RunTime:0.000292s ]
[2022-07-25T23:58:24+08:00][cron] event:data{"id":2,"type":2,"period":1,"period_type":0,"name":"\u4f18\u60e0\u5238\u8fc7\u671f\u81ea\u52a8\u5173\u95ed","event":"CronCouponEnd","execute_time":1658764024,"relate_id":0,"create_time":1646988964}
[2022-07-25T23:58:24+08:00][sql] UPDATE `gxfc_cron`  SET `execute_time` = 1658764084  WHERE  `id` = 2 [ RunTime:0.004427s ]
[2022-07-25T23:58:24+08:00][sql] SHOW FULL COLUMNS FROM `gxfc_promotion_platformcoupon` [ RunTime:0.000752s ]
[2022-07-25T23:58:24+08:00][sql] UPDATE `gxfc_promotion_platformcoupon`  SET `state` = 3  WHERE  `state` = 1  AND `end_time` <= 1658764704 [ RunTime:0.000188s ]
[2022-07-25T23:58:24+08:00][cron] event:data{"id":5,"type":2,"period":1,"period_type":0,"name":"\u5e73\u53f0\u4f18\u60e0\u5238\u8fc7\u671f\u81ea\u52a8\u5173\u95ed","event":"CronPlatformcouponEnd","execute_time":1658764024,"relate_id":0,"create_time":1646988964}
[2022-07-25T23:58:24+08:00][sql] UPDATE `gxfc_cron`  SET `execute_time` = 1658764084  WHERE  `id` = 5 [ RunTime:0.005250s ]
[2022-07-25T23:58:24+08:00][sql] SHOW FULL COLUMNS FROM `gxfc_member_cluster` [ RunTime:0.000734s ]
[2022-07-25T23:58:24+08:00][sql] SELECT `rule_json`,`cluster_id` FROM `gxfc_member_cluster` [ RunTime:0.000204s ]
[2022-07-25T23:58:24+08:00][sql] SHOW FULL COLUMNS FROM `gxfc_member` [ RunTime:0.001007s ]
[2022-07-25T23:58:24+08:00][sql] SELECT `member_id` FROM `gxfc_member` WHERE  `is_delete` = 0 [ RunTime:0.000157s ]
[2022-07-25T23:58:24+08:00][sql] SELECT COUNT(*) AS think_count FROM `gxfc_member` WHERE  `is_delete` = 0 [ RunTime:0.000132s ]
[2022-07-25T23:58:24+08:00][sql] UPDATE `gxfc_member_cluster`  SET `member_num` = 11 , `member_ids` = '1,2,3,4,5,6,8,9,10,11,30' , `update_time` = 1658764704  WHERE  `cluster_id` = 1 [ RunTime:0.003884s ]
[2022-07-25T23:58:24+08:00][cron] event:data{"id":10,"type":2,"period":1,"period_type":0,"name":"\u4f1a\u5458\u7fa4\u4f53\u5b9a\u65f6\u5237\u65b0","event":"CronMemberClusterRefresh","execute_time":1658764025,"relate_id":0,"create_time":1646988965}
[2022-07-25T23:58:24+08:00][sql] UPDATE `gxfc_cron`  SET `execute_time` = 1658764085  WHERE  `id` = 10 [ RunTime:0.003922s ]
[2022-07-25T23:59:24+08:00][info] 检测事件执行2022-07-25 23:59:24
[2022-07-25T23:59:24+08:00][sql] CONNECT:[ UseTime:0.000212s ] mysql:host=localhost;port=3306;dbname=ls_chnssl_com;charset=utf8
[2022-07-25T23:59:24+08:00][sql] SHOW FULL COLUMNS FROM `gxfc_cron` [ RunTime:0.000903s ]
[2022-07-25T23:59:24+08:00][sql] SELECT `id`,`type`,`period`,`period_type`,`name`,`event`,`execute_time`,`relate_id`,`create_time` FROM `gxfc_cron` WHERE  `execute_time` <= 1658764764 [ RunTime:0.000234s ]
[2022-07-25T23:59:24+08:00][sql] SHOW FULL COLUMNS FROM `gxfc_promotion_coupon` [ RunTime:0.000810s ]
[2022-07-25T23:59:24+08:00][sql] UPDATE `gxfc_promotion_coupon`  SET `state` = 3  WHERE  `state` = 1  AND `end_time` <= 1658764764 [ RunTime:0.000265s ]
[2022-07-25T23:59:24+08:00][cron] event:data{"id":2,"type":2,"period":1,"period_type":0,"name":"\u4f18\u60e0\u5238\u8fc7\u671f\u81ea\u52a8\u5173\u95ed","event":"CronCouponEnd","execute_time":1658764084,"relate_id":0,"create_time":1646988964}
[2022-07-25T23:59:24+08:00][sql] UPDATE `gxfc_cron`  SET `execute_time` = 1658764144  WHERE  `id` = 2 [ RunTime:0.003925s ]
[2022-07-25T23:59:24+08:00][sql] SHOW FULL COLUMNS FROM `gxfc_promotion_platformcoupon` [ RunTime:0.000679s ]
[2022-07-25T23:59:24+08:00][sql] UPDATE `gxfc_promotion_platformcoupon`  SET `state` = 3  WHERE  `state` = 1  AND `end_time` <= 1658764764 [ RunTime:0.000178s ]
[2022-07-25T23:59:24+08:00][cron] event:data{"id":5,"type":2,"period":1,"period_type":0,"name":"\u5e73\u53f0\u4f18\u60e0\u5238\u8fc7\u671f\u81ea\u52a8\u5173\u95ed","event":"CronPlatformcouponEnd","execute_time":1658764084,"relate_id":0,"create_time":1646988964}
[2022-07-25T23:59:24+08:00][sql] UPDATE `gxfc_cron`  SET `execute_time` = 1658764144  WHERE  `id` = 5 [ RunTime:0.003296s ]
[2022-07-25T23:59:24+08:00][sql] SHOW FULL COLUMNS FROM `gxfc_member_cluster` [ RunTime:0.000703s ]
[2022-07-25T23:59:24+08:00][sql] SELECT `rule_json`,`cluster_id` FROM `gxfc_member_cluster` [ RunTime:0.000171s ]
[2022-07-25T23:59:24+08:00][sql] SHOW FULL COLUMNS FROM `gxfc_member` [ RunTime:0.000890s ]
[2022-07-25T23:59:24+08:00][sql] SELECT `member_id` FROM `gxfc_member` WHERE  `is_delete` = 0 [ RunTime:0.000188s ]
[2022-07-25T23:59:24+08:00][sql] SELECT COUNT(*) AS think_count FROM `gxfc_member` WHERE  `is_delete` = 0 [ RunTime:0.000134s ]
[2022-07-25T23:59:24+08:00][sql] UPDATE `gxfc_member_cluster`  SET `member_num` = 11 , `member_ids` = '1,2,3,4,5,6,8,9,10,11,30' , `update_time` = 1658764764  WHERE  `cluster_id` = 1 [ RunTime:0.003088s ]
[2022-07-25T23:59:24+08:00][cron] event:data{"id":10,"type":2,"period":1,"period_type":0,"name":"\u4f1a\u5458\u7fa4\u4f53\u5b9a\u65f6\u5237\u65b0","event":"CronMemberClusterRefresh","execute_time":1658764085,"relate_id":0,"create_time":1646988965}
[2022-07-25T23:59:24+08:00][sql] UPDATE `gxfc_cron`  SET `execute_time` = 1658764145  WHERE  `id` = 10 [ RunTime:0.003023s ]
