[2022-07-31T08:28:06+08:00][info] 检测事件执行2022-07-31 08:28:06
[2022-07-31T08:28:06+08:00][info] 检测事件执行2022-07-31 08:28:06
[2022-07-31T08:28:06+08:00][info] 防止多次执行
[2022-07-31T08:28:06+08:00][info] 检测事件执行2022-07-31 08:28:06
[2022-07-31T08:28:06+08:00][info] 防止多次执行
[2022-07-31T08:28:06+08:00][info] 检测事件执行2022-07-31 08:28:06
[2022-07-31T08:28:06+08:00][info] 防止多次执行
[2022-07-31T08:28:06+08:00][sql] CONNECT:[ UseTime:0.000357s ] mysql:host=localhost;port=3306;dbname=ls_chnssl_com;charset=utf8
[2022-07-31T08:28:06+08:00][sql] SHOW FULL COLUMNS FROM `gxfc_cron` [ RunTime:0.001405s ]
[2022-07-31T08:28:06+08:00][sql] SELECT `id`,`type`,`period`,`period_type`,`name`,`event`,`execute_time`,`relate_id`,`create_time` FROM `gxfc_cron` WHERE  `execute_time` <= 1659227286 [ RunTime:0.000577s ]
[2022-07-31T08:28:06+08:00][sql] SHOW FULL COLUMNS FROM `gxfc_promotion_coupon` [ RunTime:0.001537s ]
[2022-07-31T08:28:06+08:00][info] 检测事件执行2022-07-31 08:28:06
[2022-07-31T08:28:06+08:00][info] 防止多次执行
[2022-07-31T08:28:06+08:00][sql] UPDATE `gxfc_promotion_coupon`  SET `state` = 3  WHERE  `state` = 1  AND `end_time` <= 1659227286 [ RunTime:0.009087s ]
[2022-07-31T08:28:06+08:00][cron] event:data{"id":2,"type":2,"period":1,"period_type":0,"name":"\u4f18\u60e0\u5238\u8fc7\u671f\u81ea\u52a8\u5173\u95ed","event":"CronCouponEnd","execute_time":1658917684,"relate_id":0,"create_time":1646988964}
[2022-07-31T08:28:06+08:00][info] 检测事件执行2022-07-31 08:28:06
[2022-07-31T08:28:06+08:00][info] 防止多次执行
[2022-07-31T08:28:06+08:00][sql] UPDATE `gxfc_cron`  SET `execute_time` = 1658917744  WHERE  `id` = 2 [ RunTime:0.018733s ]
[2022-07-31T08:28:06+08:00][sql] SHOW FULL COLUMNS FROM `gxfc_weapp_live_room` [ RunTime:0.001153s ]
[2022-07-31T08:28:06+08:00][sql] SELECT COUNT(*) AS think_count FROM `gxfc_weapp_live_room` WHERE  `live_status` IN ('101','102','105') [ RunTime:0.000262s ]
[2022-07-31T08:28:06+08:00][cron] event:data{"id":3,"type":2,"period":1,"period_type":1,"name":"\u8f6e\u8be2\u66f4\u65b0\u540c\u6b65\u76f4\u64ad\u95f4","event":"LiveRoomStatus","execute_time":1659196800,"relate_id":0,"create_time":1646988964}
[2022-07-31T08:28:06+08:00][sql] UPDATE `gxfc_cron`  SET `execute_time` = 1659283200  WHERE  `id` = 3 [ RunTime:0.019174s ]
[2022-07-31T08:28:06+08:00][sql] SELECT GROUP_CONCAT(goods_id) as goods_id FROM gxfc_weapp_goods WHERE status = 1 [ RunTime:0.000229s ]
[2022-07-31T08:28:06+08:00][cron] event:data{"id":4,"type":2,"period":1,"period_type":1,"name":"\u8f6e\u8be2\u66f4\u65b0\u540c\u6b65\u76f4\u64ad\u5546\u54c1","event":"LiveGoodsStatus","execute_time":1659196800,"relate_id":0,"create_time":1646988964}
[2022-07-31T08:28:06+08:00][sql] UPDATE `gxfc_cron`  SET `execute_time` = 1659283200  WHERE  `id` = 4 [ RunTime:0.005790s ]
[2022-07-31T08:28:06+08:00][sql] SHOW FULL COLUMNS FROM `gxfc_promotion_platformcoupon` [ RunTime:0.000814s ]
[2022-07-31T08:28:06+08:00][sql] UPDATE `gxfc_promotion_platformcoupon`  SET `state` = 3  WHERE  `state` = 1  AND `end_time` <= 1659227286 [ RunTime:0.000220s ]
[2022-07-31T08:28:06+08:00][cron] event:data{"id":5,"type":2,"period":1,"period_type":0,"name":"\u5e73\u53f0\u4f18\u60e0\u5238\u8fc7\u671f\u81ea\u52a8\u5173\u95ed","event":"CronPlatformcouponEnd","execute_time":1658917684,"relate_id":0,"create_time":1646988964}
[2022-07-31T08:28:06+08:00][sql] UPDATE `gxfc_cron`  SET `execute_time` = 1658917744  WHERE  `id` = 5 [ RunTime:0.005000s ]
[2022-07-31T08:28:06+08:00][sql] SHOW FULL COLUMNS FROM `gxfc_supplier` [ RunTime:0.000938s ]
[2022-07-31T08:28:06+08:00][sql] SELECT `supplier_site_id` FROM `gxfc_supplier` WHERE  `status` = 1  AND ( `expire_time` <= 1659227286 and expire_time != 0 ) [ RunTime:0.000181s ]
[2022-07-31T08:28:06+08:00][cron] event:data{"id":6,"type":2,"period":1,"period_type":1,"name":"\u8f6e\u8be2\u68c0\u6d4b\u53ef\u5173\u95ed\u7684\u4f9b\u5e94\u5546","event":"CronSupplyClose","execute_time":1659196800,"relate_id":0,"create_time":1646988964}
[2022-07-31T08:28:06+08:00][sql] UPDATE `gxfc_cron`  SET `execute_time` = 1659283200  WHERE  `id` = 6 [ RunTime:0.006359s ]
[2022-07-31T08:28:06+08:00][sql] SHOW FULL COLUMNS FROM `gxfc_shop` [ RunTime:0.001090s ]
[2022-07-31T08:28:06+08:00][sql] SELECT `site_id` FROM `gxfc_shop` WHERE  `shop_status` = 1  AND ( `expire_time` <= 1659227286 and expire_time != 0 ) [ RunTime:0.000251s ]
[2022-07-31T08:28:06+08:00][cron] event:data{"id":8,"type":2,"period":1,"period_type":1,"name":"\u5e97\u94fa\u6279\u91cf\u81ea\u52a8\u5173\u95ed","event":"CronShopClose","execute_time":1659196800,"relate_id":0,"create_time":1646988965}
[2022-07-31T08:28:06+08:00][sql] UPDATE `gxfc_cron`  SET `execute_time` = 1659283200  WHERE  `id` = 8 [ RunTime:0.003943s ]
[2022-07-31T08:28:06+08:00][sql] SHOW FULL COLUMNS FROM `gxfc_member_cluster` [ RunTime:0.000695s ]
[2022-07-31T08:28:06+08:00][sql] SELECT `rule_json`,`cluster_id` FROM `gxfc_member_cluster` [ RunTime:0.000139s ]
[2022-07-31T08:28:06+08:00][sql] SHOW FULL COLUMNS FROM `gxfc_member` [ RunTime:0.000940s ]
[2022-07-31T08:28:06+08:00][sql] SELECT `member_id` FROM `gxfc_member` WHERE  `is_delete` = 0 [ RunTime:0.000196s ]
[2022-07-31T08:28:06+08:00][sql] SELECT COUNT(*) AS think_count FROM `gxfc_member` WHERE  `is_delete` = 0 [ RunTime:0.000172s ]
[2022-07-31T08:28:06+08:00][sql] UPDATE `gxfc_member_cluster`  SET `member_num` = 12 , `member_ids` = '1,2,3,4,5,6,8,9,10,11,30,31' , `update_time` = 1659227286  WHERE  `cluster_id` = 1 [ RunTime:0.004163s ]
[2022-07-31T08:28:06+08:00][cron] event:data{"id":10,"type":2,"period":1,"period_type":0,"name":"\u4f1a\u5458\u7fa4\u4f53\u5b9a\u65f6\u5237\u65b0","event":"CronMemberClusterRefresh","execute_time":1658917685,"relate_id":0,"create_time":1646988965}
[2022-07-31T08:28:06+08:00][sql] UPDATE `gxfc_cron`  SET `execute_time` = 1658917745  WHERE  `id` = 10 [ RunTime:0.003072s ]
[2022-07-31T08:28:06+08:00][sql] SHOW FULL COLUMNS FROM `gxfc_website_settlement_period` [ RunTime:0.000691s ]
[2022-07-31T08:28:06+08:00][sql] SELECT `period_start_time`,`period_end_time` FROM `gxfc_website_settlement_period` ORDER BY `period_id` DESC LIMIT 1 [ RunTime:0.000142s ]
[2022-07-31T08:28:06+08:00][sql] INSERT INTO `gxfc_website_settlement_period` SET `create_time` = 1659227286 , `period_start_time` = 1659112200 , `period_end_time` = 1659198600 [ RunTime:0.023981s ]
[2022-07-31T08:28:06+08:00][sql] SHOW FULL COLUMNS FROM `gxfc_website` [ RunTime:0.021650s ]
[2022-07-31T08:28:06+08:00][sql] SELECT `site_id`,`site_area_name` FROM `gxfc_website` WHERE  `site_id` <> 0 [ RunTime:0.006755s ]
[2022-07-31T08:28:06+08:00][sql] SHOW FULL COLUMNS FROM `gxfc_shop_settlement` [ RunTime:0.001515s ]
[2022-07-31T08:28:06+08:00][sql] SELECT sum(website_commission) as website_commission FROM `gxfc_shop_settlement` WHERE  `settlement_id` = 0  AND `website_id` = 3 LIMIT 1 [ RunTime:0.000628s ]
[2022-07-31T08:28:06+08:00][sql] SHOW FULL COLUMNS FROM `gxfc_shop_open_account` [ RunTime:0.001215s ]
[2022-07-31T08:28:06+08:00][sql] SELECT sum(website_commission) as website_commission FROM `gxfc_shop_open_account` WHERE  `settlement_id` = 0  AND `website_id` = 3 LIMIT 1 [ RunTime:0.000248s ]
[2022-07-31T08:28:06+08:00][sql] SHOW FULL COLUMNS FROM `gxfc_website_settlement` [ RunTime:0.000913s ]
[2022-07-31T08:28:06+08:00][sql] INSERT INTO `gxfc_website_settlement` SET `settlement_no` = '202207311001' , `period_id` = 138 , `website_id` = 3 , `website_name` = '武汉市' , `order_commission` = 0 , `shop_commission` = 0 , `create_time` = 1659227286 , `period_start_time` = 1659112200 , `period_end_time` = 1659198600 [ RunTime:0.041573s ]
[2022-07-31T08:28:06+08:00][sql] UPDATE `gxfc_website`  SET `account_order` = `account_order` + 0  WHERE  `site_id` = 3 [ RunTime:0.000324s ]
[2022-07-31T08:28:06+08:00][sql] UPDATE `gxfc_website`  SET `account_shop` = `account_shop` + 0  WHERE  `site_id` = 3 [ RunTime:0.001757s ]
[2022-07-31T08:28:06+08:00][sql] SHOW FULL COLUMNS FROM `gxfc_account` [ RunTime:0.001515s ]
[2022-07-31T08:28:06+08:00][sql] INSERT INTO `gxfc_account` SET `site_id` = 3 , `account_no` = '2022073108281823' , `account_type` = 'account' , `account_data` = 0 , `from_type` = 'order' , `type_name` = '订单结算' , `relate_tag` = '131' , `create_time` = 1659227286 , `remark` = '分站结算，账单编号202207311001' [ RunTime:0.012474s ]
[2022-07-31T08:28:06+08:00][sql] UPDATE `gxfc_website`  SET `account` = `account` + 0  WHERE  `site_id` = 3 [ RunTime:0.000317s ]
[2022-07-31T08:28:06+08:00][sql] INSERT INTO `gxfc_account` SET `site_id` = 3 , `account_no` = '2022073108287035' , `account_type` = 'account' , `account_data` = 0 , `from_type` = 'shop' , `type_name` = '店铺入驻' , `relate_tag` = '131' , `create_time` = 1659227286 , `remark` = '分站结算，账单编号202207311001' [ RunTime:0.004045s ]
[2022-07-31T08:28:06+08:00][sql] UPDATE `gxfc_website`  SET `account` = `account` + 0  WHERE  `site_id` = 3 [ RunTime:0.000276s ]
[2022-07-31T08:28:06+08:00][sql] UPDATE `gxfc_shop_settlement`  SET `settlement_id` = 131  WHERE  `settlement_id` = 0  AND `website_id` = 3 [ RunTime:0.001092s ]
[2022-07-31T08:28:06+08:00][sql] UPDATE `gxfc_shop_open_account`  SET `settlement_id` = 131  WHERE  `settlement_id` = 0  AND `website_id` = 3 [ RunTime:0.000267s ]
[2022-07-31T08:28:06+08:00][sql] UPDATE `gxfc_website_settlement_period`  SET `settlement_no` = '202207310828' , `website_num` = 1 , `order_commission` = 0 , `shop_commission` = 0  WHERE  `period_id` = 138 [ RunTime:0.004269s ]
[2022-07-31T08:28:06+08:00][cron] event:data{"id":15,"type":2,"period":1,"period_type":1,"name":"\u5206\u7ad9\u5468\u671f\u7ed3\u7b97","event":"WebsiteSettlement","execute_time":1659209400,"relate_id":0,"create_time":1646992857}
[2022-07-31T08:28:06+08:00][sql] UPDATE `gxfc_cron`  SET `execute_time` = 1659295800  WHERE  `id` = 15 [ RunTime:0.005821s ]
[2022-07-31T08:28:06+08:00][sql] SHOW FULL COLUMNS FROM `gxfc_shop_settlement_period` [ RunTime:0.000899s ]
[2022-07-31T08:28:06+08:00][sql] SELECT `period_start_time`,`period_end_time` FROM `gxfc_shop_settlement_period` ORDER BY `period_id` DESC LIMIT 1 [ RunTime:0.000245s ]
[2022-07-31T08:28:06+08:00][sql] INSERT INTO `gxfc_shop_settlement_period` SET `period_no` = '2022073108282799' , `create_time` = 1659227286 , `period_start_time` = 1659110400 , `period_end_time` = 1659196800 [ RunTime:0.004679s ]
[2022-07-31T08:28:06+08:00][sql] SELECT `site_id`,`site_name`,`website_id` FROM `gxfc_shop` WHERE  `shop_status` = 1 [ RunTime:0.000268s ]
[2022-07-31T08:28:06+08:00][sql] SHOW FULL COLUMNS FROM `gxfc_order` [ RunTime:0.001612s ]
[2022-07-31T08:28:06+08:00][sql] SELECT sum(order_money) as order_money, sum(refund_money) as refund_money, sum(shop_money) as shop_money, sum(platform_money) as platform_money, sum(refund_shop_money) as refund_shop_money, sum(refund_platform_money) as refund_platform_money, sum(commission) as commission, sum(platform_coupon_money) as platform_coupon_money, sum(refund_platform_coupon_money) as refund_platform_coupon_money FROM `gxfc_order` WHERE  `order_status` = 10  AND `is_settlement` = 0  AND `site_id` = 1  AND `pay_type` <> 'OFFLINE_PAY'  AND `finish_time` <= 1659196800 LIMIT 1 [ RunTime:0.000879s ]
[2022-07-31T08:28:06+08:00][sql] SELECT sum(hospital_money) as hospital_money,sum(refund_hospital_money) as refund_hospital_money FROM `gxfc_order` WHERE  `order_status` = 10  AND `is_settlement` = 0  AND `hospital_id` = 1  AND `pay_type` <> 'OFFLINE_PAY'  AND `finish_time` <= 1659196800 LIMIT 1 [ RunTime:0.000472s ]
[2022-07-31T08:28:06+08:00][sql] INSERT INTO `gxfc_shop_settlement` SET `order_money` = 0 , `refund_money` = 0 , `shop_money` = 0 , `platform_money` = 0 , `refund_shop_money` = 0 , `refund_platform_money` = 0 , `commission` = 0 , `platform_coupon_money` = 0 , `refund_platform_coupon_money` = 0 , `settlement_no` = '20220731082811757' , `site_id` = 1 , `site_name` = '测试店铺' , `period_id` = 129 , `period_start_time` = 1659110400 , `period_end_time` = 1659196800 , `website_commission` = 0 [ RunTime:0.007222s ]
[2022-07-31T08:28:06+08:00][sql] UPDATE `gxfc_order`  SET `is_settlement` = 1 , `settlement_id` = 468  WHERE  `order_status` = 10  AND `is_settlement` = 0  AND `site_id` = 1  AND `finish_time` <= 1659196800 [ RunTime:0.002900s ]
[2022-07-31T08:28:06+08:00][sql] SELECT `account` FROM `gxfc_shop` WHERE  `site_id` = 1 LIMIT 1 [ RunTime:0.000388s ]
[2022-07-31T08:28:06+08:00][sql] SHOW FULL COLUMNS FROM `gxfc_shop_account` [ RunTime:0.000984s ]
[2022-07-31T08:28:06+08:00][sql] INSERT INTO `gxfc_shop_account` SET `site_id` = 1 , `account_no` = '2022073108283788' , `account_type` = 'account' , `account_data` = 0 , `from_type` = 'order' , `type_name` = '店铺结算' , `relate_tag` = '468' , `create_time` = 1659227286 , `remark` = '店铺结算，账单编号20220731082811757' [ RunTime:0.006288s ]
[2022-07-31T08:28:06+08:00][sql] UPDATE `gxfc_shop`  SET `account` = 957.01  WHERE  `site_id` = 1 [ RunTime:0.006870s ]
[2022-07-31T08:28:06+08:00][sql] SELECT sum(order_money) as order_money, sum(refund_money) as refund_money, sum(shop_money) as shop_money, sum(platform_money) as platform_money, sum(refund_shop_money) as refund_shop_money, sum(refund_platform_money) as refund_platform_money, sum(commission) as commission, sum(platform_coupon_money) as platform_coupon_money, sum(refund_platform_coupon_money) as refund_platform_coupon_money FROM `gxfc_order` WHERE  `order_status` = 10  AND `is_settlement` = 0  AND `site_id` = 2  AND `pay_type` <> 'OFFLINE_PAY'  AND `finish_time` <= 1659196800 LIMIT 1 [ RunTime:0.000635s ]
[2022-07-31T08:28:06+08:00][sql] SELECT sum(hospital_money) as hospital_money,sum(refund_hospital_money) as refund_hospital_money FROM `gxfc_order` WHERE  `order_status` = 10  AND `is_settlement` = 0  AND `hospital_id` = 2  AND `pay_type` <> 'OFFLINE_PAY'  AND `finish_time` <= 1659196800 LIMIT 1 [ RunTime:0.000460s ]
[2022-07-31T08:28:06+08:00][sql] INSERT INTO `gxfc_shop_settlement` SET `order_money` = 0 , `refund_money` = 0 , `shop_money` = 0 , `platform_money` = 0 , `refund_shop_money` = 0 , `refund_platform_money` = 0 , `commission` = 0 , `platform_coupon_money` = 0 , `refund_platform_coupon_money` = 0 , `settlement_no` = '20220731082822541' , `site_id` = 2 , `site_name` = '甘霖的店铺' , `period_id` = 129 , `period_start_time` = 1659110400 , `period_end_time` = 1659196800 , `website_commission` = 0 [ RunTime:0.005065s ]
[2022-07-31T08:28:06+08:00][sql] UPDATE `gxfc_order`  SET `is_settlement` = 1 , `settlement_id` = 469  WHERE  `order_status` = 10  AND `is_settlement` = 0  AND `site_id` = 2  AND `finish_time` <= 1659196800 [ RunTime:0.002540s ]
[2022-07-31T08:28:06+08:00][sql] SELECT `account` FROM `gxfc_shop` WHERE  `site_id` = 2 LIMIT 1 [ RunTime:0.000200s ]
[2022-07-31T08:28:06+08:00][sql] INSERT INTO `gxfc_shop_account` SET `site_id` = 2 , `account_no` = '2022073108284556' , `account_type` = 'account' , `account_data` = 0 , `from_type` = 'order' , `type_name` = '店铺结算' , `relate_tag` = '469' , `create_time` = 1659227286 , `remark` = '店铺结算，账单编号20220731082822541' [ RunTime:0.005773s ]
[2022-07-31T08:28:06+08:00][sql] UPDATE `gxfc_shop`  SET `account` = 0  WHERE  `site_id` = 2 [ RunTime:0.004435s ]
[2022-07-31T08:28:06+08:00][sql] SELECT sum(order_money) as order_money, sum(refund_money) as refund_money, sum(shop_money) as shop_money, sum(platform_money) as platform_money, sum(refund_shop_money) as refund_shop_money, sum(refund_platform_money) as refund_platform_money, sum(commission) as commission, sum(platform_coupon_money) as platform_coupon_money, sum(refund_platform_coupon_money) as refund_platform_coupon_money FROM `gxfc_order` WHERE  `order_status` = 10  AND `is_settlement` = 0  AND `site_id` = 4  AND `pay_type` <> 'OFFLINE_PAY'  AND `finish_time` <= 1659196800 LIMIT 1 [ RunTime:0.000487s ]
[2022-07-31T08:28:06+08:00][sql] SELECT sum(hospital_money) as hospital_money,sum(refund_hospital_money) as refund_hospital_money FROM `gxfc_order` WHERE  `order_status` = 10  AND `is_settlement` = 0  AND `hospital_id` = 4  AND `pay_type` <> 'OFFLINE_PAY'  AND `finish_time` <= 1659196800 LIMIT 1 [ RunTime:0.000415s ]
[2022-07-31T08:28:06+08:00][sql] SELECT `site_area_name`,`order_rate` FROM `gxfc_website` WHERE  `site_id` = 3 LIMIT 1 [ RunTime:0.000177s ]
[2022-07-31T08:28:06+08:00][sql] INSERT INTO `gxfc_shop_settlement` SET `order_money` = 0 , `refund_money` = 0 , `shop_money` = 0 , `platform_money` = 0 , `refund_shop_money` = 0 , `refund_platform_money` = 0 , `commission` = 0 , `platform_coupon_money` = 0 , `refund_platform_coupon_money` = 0 , `settlement_no` = '20220731082841687' , `site_id` = 4 , `site_name` = '纵索2店铺' , `period_id` = 129 , `period_start_time` = 1659110400 , `period_end_time` = 1659196800 , `website_id` = 3 , `website_commission` = 0 [ RunTime:0.004736s ]
[2022-07-31T08:28:06+08:00][sql] UPDATE `gxfc_order`  SET `is_settlement` = 1 , `settlement_id` = 470  WHERE  `order_status` = 10  AND `is_settlement` = 0  AND `site_id` = 4  AND `finish_time` <= 1659196800 [ RunTime:0.001555s ]
[2022-07-31T08:28:06+08:00][sql] SELECT `account` FROM `gxfc_shop` WHERE  `site_id` = 4 LIMIT 1 [ RunTime:0.000161s ]
[2022-07-31T08:28:06+08:00][sql] INSERT INTO `gxfc_shop_account` SET `site_id` = 4 , `account_no` = '2022073108284672' , `account_type` = 'account' , `account_data` = 0 , `from_type` = 'order' , `type_name` = '店铺结算' , `relate_tag` = '470' , `create_time` = 1659227286 , `remark` = '店铺结算，账单编号20220731082841687' [ RunTime:0.004461s ]
[2022-07-31T08:28:06+08:00][sql] UPDATE `gxfc_shop`  SET `account` = 12398.23  WHERE  `site_id` = 4 [ RunTime:0.004827s ]
[2022-07-31T08:28:06+08:00][sql] SELECT sum(order_money) as order_money, sum(refund_money) as refund_money, sum(shop_money) as shop_money, sum(platform_money) as platform_money, sum(refund_shop_money) as refund_shop_money, sum(refund_platform_money) as refund_platform_money, sum(commission) as commission, sum(platform_coupon_money) as platform_coupon_money, sum(refund_platform_coupon_money) as refund_platform_coupon_money FROM `gxfc_order` WHERE  `order_status` = 10  AND `is_settlement` = 0  AND `site_id` = 9  AND `pay_type` <> 'OFFLINE_PAY'  AND `finish_time` <= 1659196800 LIMIT 1 [ RunTime:0.000469s ]
[2022-07-31T08:28:06+08:00][sql] SELECT sum(hospital_money) as hospital_money,sum(refund_hospital_money) as refund_hospital_money FROM `gxfc_order` WHERE  `order_status` = 10  AND `is_settlement` = 0  AND `hospital_id` = 9  AND `pay_type` <> 'OFFLINE_PAY'  AND `finish_time` <= 1659196800 LIMIT 1 [ RunTime:0.000445s ]
[2022-07-31T08:28:06+08:00][sql] INSERT INTO `gxfc_shop_settlement` SET `order_money` = 0 , `refund_money` = 0 , `shop_money` = 0 , `platform_money` = 0 , `refund_shop_money` = 0 , `refund_platform_money` = 0 , `commission` = 0 , `platform_coupon_money` = 0 , `refund_platform_coupon_money` = 0 , `settlement_no` = '20220731082891713' , `site_id` = 9 , `site_name` = '小谷粒旗舰店' , `period_id` = 129 , `period_start_time` = 1659110400 , `period_end_time` = 1659196800 , `website_commission` = 0 [ RunTime:0.004365s ]
[2022-07-31T08:28:06+08:00][sql] UPDATE `gxfc_order`  SET `is_settlement` = 1 , `settlement_id` = 471  WHERE  `order_status` = 10  AND `is_settlement` = 0  AND `site_id` = 9  AND `finish_time` <= 1659196800 [ RunTime:0.002714s ]
[2022-07-31T08:28:06+08:00][sql] SELECT `account` FROM `gxfc_shop` WHERE  `site_id` = 9 LIMIT 1 [ RunTime:0.000183s ]
[2022-07-31T08:28:06+08:00][sql] INSERT INTO `gxfc_shop_account` SET `site_id` = 9 , `account_no` = '2022073108282602' , `account_type` = 'account' , `account_data` = 0 , `from_type` = 'order' , `type_name` = '店铺结算' , `relate_tag` = '471' , `create_time` = 1659227286 , `remark` = '店铺结算，账单编号20220731082891713' [ RunTime:0.010221s ]
[2022-07-31T08:28:06+08:00][sql] UPDATE `gxfc_shop`  SET `account` = 4765.36  WHERE  `site_id` = 9 [ RunTime:0.005377s ]
[2022-07-31T08:28:06+08:00][sql] SELECT sum(order_money) as order_money, sum(refund_money) as refund_money, sum(shop_money) as shop_money, sum(platform_money) as platform_money, sum(refund_shop_money) as refund_shop_money, sum(refund_platform_money) as refund_platform_money, sum(commission) as commission, sum(platform_coupon_money) as platform_coupon_money, sum(refund_platform_coupon_money) as refund_platform_coupon_money FROM `gxfc_order` WHERE  `order_status` = 10  AND `is_settlement` = 0  AND `site_id` = 10  AND `pay_type` <> 'OFFLINE_PAY'  AND `finish_time` <= 1659196800 LIMIT 1 [ RunTime:0.000400s ]
[2022-07-31T08:28:06+08:00][sql] SELECT sum(hospital_money) as hospital_money,sum(refund_hospital_money) as refund_hospital_money FROM `gxfc_order` WHERE  `order_status` = 10  AND `is_settlement` = 0  AND `hospital_id` = 10  AND `pay_type` <> 'OFFLINE_PAY'  AND `finish_time` <= 1659196800 LIMIT 1 [ RunTime:0.000355s ]
[2022-07-31T08:28:06+08:00][sql] INSERT INTO `gxfc_shop_settlement` SET `order_money` = 0 , `refund_money` = 0 , `shop_money` = 0 , `platform_money` = 0 , `refund_shop_money` = 0 , `refund_platform_money` = 0 , `commission` = 0 , `platform_coupon_money` = 0 , `refund_platform_coupon_money` = 0 , `settlement_no` = '202207310828104083' , `site_id` = 10 , `site_name` = '李婉晴' , `period_id` = 129 , `period_start_time` = 1659110400 , `period_end_time` = 1659196800 , `website_commission` = 0 [ RunTime:0.004808s ]
[2022-07-31T08:28:06+08:00][sql] UPDATE `gxfc_order`  SET `is_settlement` = 1 , `settlement_id` = 472  WHERE  `order_status` = 10  AND `is_settlement` = 0  AND `site_id` = 10  AND `finish_time` <= 1659196800 [ RunTime:0.002932s ]
[2022-07-31T08:28:06+08:00][sql] SELECT `account` FROM `gxfc_shop` WHERE  `site_id` = 10 LIMIT 1 [ RunTime:0.000190s ]
[2022-07-31T08:28:06+08:00][sql] INSERT INTO `gxfc_shop_account` SET `site_id` = 10 , `account_no` = '2022073108285876' , `account_type` = 'account' , `account_data` = 0 , `from_type` = 'order' , `type_name` = '店铺结算' , `relate_tag` = '472' , `create_time` = 1659227286 , `remark` = '店铺结算，账单编号202207310828104083' [ RunTime:0.016449s ]
[2022-07-31T08:28:06+08:00][sql] UPDATE `gxfc_shop`  SET `account` = 60.6  WHERE  `site_id` = 10 [ RunTime:0.004666s ]
[2022-07-31T08:28:06+08:00][sql] SELECT sum(order_money) as order_money, sum(refund_money) as refund_money, sum(shop_money) as shop_money, sum(platform_money) as platform_money, sum(refund_shop_money) as refund_shop_money, sum(refund_platform_money) as refund_platform_money, sum(commission) as commission, sum(platform_coupon_money) as platform_coupon_money, sum(refund_platform_coupon_money) as refund_platform_coupon_money FROM `gxfc_order` WHERE  `order_status` = 10  AND `is_settlement` = 0  AND `site_id` = 11  AND `pay_type` <> 'OFFLINE_PAY'  AND `finish_time` <= 1659196800 LIMIT 1 [ RunTime:0.013498s ]
[2022-07-31T08:28:06+08:00][sql] SELECT sum(hospital_money) as hospital_money,sum(refund_hospital_money) as refund_hospital_money FROM `gxfc_order` WHERE  `order_status` = 10  AND `is_settlement` = 0  AND `hospital_id` = 11  AND `pay_type` <> 'OFFLINE_PAY'  AND `finish_time` <= 1659196800 LIMIT 1 [ RunTime:0.000550s ]
[2022-07-31T08:28:06+08:00][sql] INSERT INTO `gxfc_shop_settlement` SET `order_money` = 0 , `refund_money` = 0 , `shop_money` = 0 , `platform_money` = 0 , `refund_shop_money` = 0 , `refund_platform_money` = 0 , `commission` = 0 , `platform_coupon_money` = 0 , `refund_platform_coupon_money` = 0 , `settlement_no` = '202207310828111246' , `site_id` = 11 , `site_name` = '有点东西旗舰店' , `period_id` = 129 , `period_start_time` = 1659110400 , `period_end_time` = 1659196800 , `website_commission` = 0 [ RunTime:0.033387s ]
[2022-07-31T08:28:06+08:00][sql] UPDATE `gxfc_order`  SET `is_settlement` = 1 , `settlement_id` = 473  WHERE  `order_status` = 10  AND `is_settlement` = 0  AND `site_id` = 11  AND `finish_time` <= 1659196800 [ RunTime:0.002546s ]
[2022-07-31T08:28:06+08:00][sql] SELECT `account` FROM `gxfc_shop` WHERE  `site_id` = 11 LIMIT 1 [ RunTime:0.000325s ]
[2022-07-31T08:28:06+08:00][sql] INSERT INTO `gxfc_shop_account` SET `site_id` = 11 , `account_no` = '2022073108282411' , `account_type` = 'account' , `account_data` = 0 , `from_type` = 'order' , `type_name` = '店铺结算' , `relate_tag` = '473' , `create_time` = 1659227286 , `remark` = '店铺结算，账单编号202207310828111246' [ RunTime:0.016239s ]
[2022-07-31T08:28:06+08:00][sql] UPDATE `gxfc_shop`  SET `account` = 4383.04  WHERE  `site_id` = 11 [ RunTime:0.004264s ]
[2022-07-31T08:28:06+08:00][sql] SELECT sum(order_money) as order_money, sum(refund_money) as refund_money, sum(shop_money) as shop_money, sum(platform_money) as platform_money, sum(refund_shop_money) as refund_shop_money, sum(refund_platform_money) as refund_platform_money, sum(commission) as commission, sum(platform_coupon_money) as platform_coupon_money, sum(refund_platform_coupon_money) as refund_platform_coupon_money FROM `gxfc_order` WHERE  `order_status` = 10  AND `is_settlement` = 0  AND `site_id` = 14  AND `pay_type` <> 'OFFLINE_PAY'  AND `finish_time` <= 1659196800 LIMIT 1 [ RunTime:0.000797s ]
[2022-07-31T08:28:06+08:00][sql] SELECT sum(hospital_money) as hospital_money,sum(refund_hospital_money) as refund_hospital_money FROM `gxfc_order` WHERE  `order_status` = 10  AND `is_settlement` = 0  AND `hospital_id` = 14  AND `pay_type` <> 'OFFLINE_PAY'  AND `finish_time` <= 1659196800 LIMIT 1 [ RunTime:0.000519s ]
[2022-07-31T08:28:06+08:00][sql] INSERT INTO `gxfc_shop_settlement` SET `order_money` = 0 , `refund_money` = 0 , `shop_money` = 0 , `platform_money` = 0 , `refund_shop_money` = 0 , `refund_platform_money` = 0 , `commission` = 0 , `platform_coupon_money` = 0 , `refund_platform_coupon_money` = 0 , `settlement_no` = '202207310828147929' , `site_id` = 14 , `site_name` = 'FD小谷粒' , `period_id` = 129 , `period_start_time` = 1659110400 , `period_end_time` = 1659196800 , `website_commission` = 0 [ RunTime:0.006325s ]
[2022-07-31T08:28:06+08:00][sql] UPDATE `gxfc_order`  SET `is_settlement` = 1 , `settlement_id` = 474  WHERE  `order_status` = 10  AND `is_settlement` = 0  AND `site_id` = 14  AND `finish_time` <= 1659196800 [ RunTime:0.002365s ]
[2022-07-31T08:28:06+08:00][sql] SELECT `account` FROM `gxfc_shop` WHERE  `site_id` = 14 LIMIT 1 [ RunTime:0.000257s ]
[2022-07-31T08:28:06+08:00][sql] INSERT INTO `gxfc_shop_account` SET `site_id` = 14 , `account_no` = '2022073108287116' , `account_type` = 'account' , `account_data` = 0 , `from_type` = 'order' , `type_name` = '店铺结算' , `relate_tag` = '474' , `create_time` = 1659227286 , `remark` = '店铺结算，账单编号202207310828147929' [ RunTime:0.003791s ]
[2022-07-31T08:28:06+08:00][sql] UPDATE `gxfc_shop`  SET `account` = 600  WHERE  `site_id` = 14 [ RunTime:0.003074s ]
[2022-07-31T08:28:06+08:00][sql] SELECT sum(order_money) as order_money, sum(refund_money) as refund_money, sum(shop_money) as shop_money, sum(platform_money) as platform_money, sum(refund_shop_money) as refund_shop_money, sum(refund_platform_money) as refund_platform_money, sum(commission) as commission, sum(platform_coupon_money) as platform_coupon_money, sum(refund_platform_coupon_money) as refund_platform_coupon_money FROM `gxfc_order` WHERE  `order_status` = 10  AND `is_settlement` = 0  AND `site_id` = 15  AND `pay_type` <> 'OFFLINE_PAY'  AND `finish_time` <= 1659196800 LIMIT 1 [ RunTime:0.000529s ]
[2022-07-31T08:28:06+08:00][sql] SELECT sum(hospital_money) as hospital_money,sum(refund_hospital_money) as refund_hospital_money FROM `gxfc_order` WHERE  `order_status` = 10  AND `is_settlement` = 0  AND `hospital_id` = 15  AND `pay_type` <> 'OFFLINE_PAY'  AND `finish_time` <= 1659196800 LIMIT 1 [ RunTime:0.000338s ]
[2022-07-31T08:28:06+08:00][sql] INSERT INTO `gxfc_shop_settlement` SET `order_money` = 0 , `refund_money` = 0 , `shop_money` = 0 , `platform_money` = 0 , `refund_shop_money` = 0 , `refund_platform_money` = 0 , `commission` = 0 , `platform_coupon_money` = 0 , `refund_platform_coupon_money` = 0 , `settlement_no` = '202207310828155747' , `site_id` = 15 , `site_name` = '能卓百货经营部' , `period_id` = 129 , `period_start_time` = 1659110400 , `period_end_time` = 1659196800 , `website_commission` = 0 [ RunTime:0.003311s ]
[2022-07-31T08:28:06+08:00][sql] UPDATE `gxfc_order`  SET `is_settlement` = 1 , `settlement_id` = 475  WHERE  `order_status` = 10  AND `is_settlement` = 0  AND `site_id` = 15  AND `finish_time` <= 1659196800 [ RunTime:0.001521s ]
[2022-07-31T08:28:06+08:00][sql] SELECT `account` FROM `gxfc_shop` WHERE  `site_id` = 15 LIMIT 1 [ RunTime:0.000167s ]
[2022-07-31T08:28:06+08:00][sql] INSERT INTO `gxfc_shop_account` SET `site_id` = 15 , `account_no` = '2022073108286561' , `account_type` = 'account' , `account_data` = 0 , `from_type` = 'order' , `type_name` = '店铺结算' , `relate_tag` = '475' , `create_time` = 1659227286 , `remark` = '店铺结算，账单编号202207310828155747' [ RunTime:0.003390s ]
[2022-07-31T08:28:06+08:00][sql] UPDATE `gxfc_shop`  SET `account` = 0  WHERE  `site_id` = 15 [ RunTime:0.004250s ]
[2022-07-31T08:28:06+08:00][sql] SELECT sum(order_money) as order_money, sum(refund_money) as refund_money, sum(shop_money) as shop_money, sum(platform_money) as platform_money, sum(refund_shop_money) as refund_shop_money, sum(refund_platform_money) as refund_platform_money, sum(commission) as commission, sum(platform_coupon_money) as platform_coupon_money, sum(refund_platform_coupon_money) as refund_platform_coupon_money FROM `gxfc_order` WHERE  `order_status` = 10  AND `is_settlement` = 0  AND `site_id` = 16  AND `pay_type` <> 'OFFLINE_PAY'  AND `finish_time` <= 1659196800 LIMIT 1 [ RunTime:0.000483s ]
[2022-07-31T08:28:06+08:00][sql] SELECT sum(hospital_money) as hospital_money,sum(refund_hospital_money) as refund_hospital_money FROM `gxfc_order` WHERE  `order_status` = 10  AND `is_settlement` = 0  AND `hospital_id` = 16  AND `pay_type` <> 'OFFLINE_PAY'  AND `finish_time` <= 1659196800 LIMIT 1 [ RunTime:0.000348s ]
[2022-07-31T08:28:06+08:00][sql] INSERT INTO `gxfc_shop_settlement` SET `order_money` = 0 , `refund_money` = 0 , `shop_money` = 0 , `platform_money` = 0 , `refund_shop_money` = 0 , `refund_platform_money` = 0 , `commission` = 0 , `platform_coupon_money` = 0 , `refund_platform_coupon_money` = 0 , `settlement_no` = '202207310828164601' , `site_id` = 16 , `site_name` = '乐越百货' , `period_id` = 129 , `period_start_time` = 1659110400 , `period_end_time` = 1659196800 , `website_commission` = 0 [ RunTime:0.003465s ]
[2022-07-31T08:28:06+08:00][sql] UPDATE `gxfc_order`  SET `is_settlement` = 1 , `settlement_id` = 476  WHERE  `order_status` = 10  AND `is_settlement` = 0  AND `site_id` = 16  AND `finish_time` <= 1659196800 [ RunTime:0.001516s ]
[2022-07-31T08:28:06+08:00][sql] SELECT `account` FROM `gxfc_shop` WHERE  `site_id` = 16 LIMIT 1 [ RunTime:0.000172s ]
[2022-07-31T08:28:06+08:00][sql] INSERT INTO `gxfc_shop_account` SET `site_id` = 16 , `account_no` = '2022073108289784' , `account_type` = 'account' , `account_data` = 0 , `from_type` = 'order' , `type_name` = '店铺结算' , `relate_tag` = '476' , `create_time` = 1659227286 , `remark` = '店铺结算，账单编号202207310828164601' [ RunTime:0.003291s ]
[2022-07-31T08:28:06+08:00][sql] UPDATE `gxfc_shop`  SET `account` = 0  WHERE  `site_id` = 16 [ RunTime:0.010124s ]
[2022-07-31T08:28:06+08:00][sql] SELECT sum(order_money) as order_money, sum(refund_money) as refund_money, sum(shop_money) as shop_money, sum(platform_money) as platform_money, sum(refund_shop_money) as refund_shop_money, sum(refund_platform_money) as refund_platform_money, sum(commission) as commission, sum(platform_coupon_money) as platform_coupon_money, sum(refund_platform_coupon_money) as refund_platform_coupon_money FROM `gxfc_order` WHERE  `order_status` = 10  AND `is_settlement` = 0  AND `site_id` = 17  AND `pay_type` <> 'OFFLINE_PAY'  AND `finish_time` <= 1659196800 LIMIT 1 [ RunTime:0.000397s ]
[2022-07-31T08:28:06+08:00][sql] SELECT sum(hospital_money) as hospital_money,sum(refund_hospital_money) as refund_hospital_money FROM `gxfc_order` WHERE  `order_status` = 10  AND `is_settlement` = 0  AND `hospital_id` = 17  AND `pay_type` <> 'OFFLINE_PAY'  AND `finish_time` <= 1659196800 LIMIT 1 [ RunTime:0.000323s ]
[2022-07-31T08:28:06+08:00][sql] INSERT INTO `gxfc_shop_settlement` SET `order_money` = 0 , `refund_money` = 0 , `shop_money` = 0 , `platform_money` = 0 , `refund_shop_money` = 0 , `refund_platform_money` = 0 , `commission` = 0 , `platform_coupon_money` = 0 , `refund_platform_coupon_money` = 0 , `settlement_no` = '202207310828175805' , `site_id` = 17 , `site_name` = '呈卓百货' , `period_id` = 129 , `period_start_time` = 1659110400 , `period_end_time` = 1659196800 , `website_commission` = 0 [ RunTime:0.004125s ]
[2022-07-31T08:28:06+08:00][sql] UPDATE `gxfc_order`  SET `is_settlement` = 1 , `settlement_id` = 477  WHERE  `order_status` = 10  AND `is_settlement` = 0  AND `site_id` = 17  AND `finish_time` <= 1659196800 [ RunTime:0.001510s ]
[2022-07-31T08:28:06+08:00][sql] SELECT `account` FROM `gxfc_shop` WHERE  `site_id` = 17 LIMIT 1 [ RunTime:0.000158s ]
[2022-07-31T08:28:06+08:00][sql] INSERT INTO `gxfc_shop_account` SET `site_id` = 17 , `account_no` = '2022073108281298' , `account_type` = 'account' , `account_data` = 0 , `from_type` = 'order' , `type_name` = '店铺结算' , `relate_tag` = '477' , `create_time` = 1659227286 , `remark` = '店铺结算，账单编号202207310828175805' [ RunTime:0.003027s ]
[2022-07-31T08:28:06+08:00][sql] UPDATE `gxfc_shop`  SET `account` = 0  WHERE  `site_id` = 17 [ RunTime:0.003341s ]
[2022-07-31T08:28:06+08:00][sql] UPDATE `gxfc_shop_settlement_period`  SET `shop_num` = 10 , `order_money` = 0 , `refund_money` = 0 , `shop_money` = 0 , `platform_money` = 0 , `refund_shop_money` = 0 , `refund_platform_money` = 0 , `commission` = 0 , `website_commission` = 0 , `platform_coupon_money` = 0 , `refund_platform_coupon_money` = 0  WHERE  `period_id` = 129 [ RunTime:0.004317s ]
[2022-07-31T08:28:06+08:00][sql] SELECT `account` FROM `gxfc_website` WHERE  `site_id` = 0 LIMIT 1 [ RunTime:0.000179s ]
[2022-07-31T08:28:06+08:00][sql] INSERT INTO `gxfc_account` SET `account_no` = '2022073108285345' , `site_id` = 0 , `account_type` = 'account' , `account_data` = 0 , `from_type` = 'order' , `relate_tag` = '129' , `create_time` = 1659227286 , `remark` = '订单结算，账单编号:2022073108282799' [ RunTime:0.002834s ]
[2022-07-31T08:28:06+08:00][sql] UPDATE `gxfc_website`  SET `account` = 1476.46  WHERE  `site_id` = 0 [ RunTime:0.003239s ]
[2022-07-31T08:28:06+08:00][cron] event:data{"id":54,"type":2,"period":1,"period_type":1,"name":"\u5e97\u94fa\u5468\u671f\u7ed3\u7b97","event":"ShopWithdrawPeriodCalc","execute_time":1659196800,"relate_id":0,"create_time":1647495751}
[2022-07-31T08:28:06+08:00][sql] UPDATE `gxfc_cron`  SET `execute_time` = 1659283200  WHERE  `id` = 54 [ RunTime:0.003311s ]
[2022-07-31T08:28:06+08:00][sql] SELECT `store_settlement_time` FROM `gxfc_shop` WHERE  `site_id` = 1 LIMIT 1 [ RunTime:0.000173s ]
[2022-07-31T08:28:06+08:00][sql] SHOW FULL COLUMNS FROM `gxfc_store` [ RunTime:0.000915s ]
[2022-07-31T08:28:06+08:00][sql] SELECT `site_id`,`site_name`,`store_id`,`store_name` FROM `gxfc_store` WHERE  `site_id` = 1 [ RunTime:0.000233s ]
[2022-07-31T08:28:06+08:00][sql] UPDATE `gxfc_shop`  SET `store_settlement_time` = 1659196800  WHERE  `site_id` = 1 [ RunTime:0.000175s ]
[2022-07-31T08:28:06+08:00][cron] event:data{"id":68,"type":2,"period":1,"period_type":1,"name":"\u95e8\u5e97\u5468\u671f\u7ed3\u7b97","event":"StoreWithdrawPeriodCalc","execute_time":1659196800,"relate_id":1,"create_time":1647856701}
[2022-07-31T08:28:06+08:00][sql] UPDATE `gxfc_cron`  SET `execute_time` = 1659283200  WHERE  `id` = 68 [ RunTime:0.006550s ]
[2022-07-31T08:28:06+08:00][sql] SHOW FULL COLUMNS FROM `gxfc_supply_settlement_period` [ RunTime:0.000992s ]
[2022-07-31T08:28:06+08:00][sql] SELECT `period_start_time`,`period_end_time` FROM `gxfc_supply_settlement_period` ORDER BY `period_id` DESC LIMIT 1 [ RunTime:0.002054s ]
[2022-07-31T08:28:06+08:00][sql] INSERT INTO `gxfc_supply_settlement_period` SET `period_no` = '2022073108283824' , `create_time` = 1659227286 , `period_start_time` = 1659110400 , `period_end_time` = 1659196800 [ RunTime:0.005901s ]
[2022-07-31T08:28:06+08:00][sql] SELECT `supplier_site_id`,`title`,`website_id` FROM `gxfc_supplier` WHERE  `status` = 1 [ RunTime:0.000277s ]
[2022-07-31T08:28:06+08:00][sql] SHOW FULL COLUMNS FROM `gxfc_supply_order` [ RunTime:0.001609s ]
[2022-07-31T08:28:06+08:00][sql] SELECT sum(order_money) as order_money, sum(refund_money) as refund_money, sum(supply_money) as supply_money, sum(platform_money) as platform_money, sum(refund_supply_money) as refund_supply_money, sum(refund_platform_money) as refund_platform_money, sum(commission) as commission FROM `gxfc_supply_order` WHERE  `order_status` = 10  AND `is_settlement` = 0  AND `site_id` = 5  AND `finish_time` <= 1659196800 LIMIT 1 [ RunTime:0.000359s ]
[2022-07-31T08:28:06+08:00][sql] SHOW FULL COLUMNS FROM `gxfc_supply_settlement` [ RunTime:0.000930s ]
[2022-07-31T08:28:06+08:00][sql] INSERT INTO `gxfc_supply_settlement` SET `order_money` = 0 , `refund_money` = 0 , `supply_money` = 0 , `platform_money` = 0 , `refund_supply_money` = 0 , `refund_platform_money` = 0 , `commission` = 0 , `settlement_no` = '20220731082852398' , `site_id` = 5 , `site_name` = '甘霖' , `period_id` = 123 , `period_start_time` = 1659110400 , `period_end_time` = 1659196800 , `website_commission` = 0 [ RunTime:0.009860s ]
[2022-07-31T08:28:06+08:00][sql] UPDATE `gxfc_supply_order`  SET `is_settlement` = 1 , `settlement_id` = 123  WHERE  `order_status` = 10  AND `is_settlement` = 0  AND `site_id` = 5  AND `finish_time` <= 1659196800 [ RunTime:0.000457s ]
[2022-07-31T08:28:06+08:00][sql] SELECT `account` FROM `gxfc_supplier` WHERE  `supplier_site_id` = 5 LIMIT 1 [ RunTime:0.000290s ]
[2022-07-31T08:28:06+08:00][sql] SHOW FULL COLUMNS FROM `gxfc_supply_account` [ RunTime:0.000869s ]
[2022-07-31T08:28:06+08:00][sql] INSERT INTO `gxfc_supply_account` SET `site_id` = 5 , `account_no` = '2022073108289132' , `account_type` = 'account' , `account_data` = 0 , `from_type` = 'order' , `type_name` = '供应商结算' , `relate_tag` = '123' , `create_time` = 1659227286 , `remark` = '供应商结算，账单编号20220731082852398' [ RunTime:0.004711s ]
[2022-07-31T08:28:06+08:00][sql] UPDATE `gxfc_supplier`  SET `account` = 0  WHERE  `supplier_site_id` = 5 [ RunTime:0.006167s ]
[2022-07-31T08:28:06+08:00][sql] UPDATE `gxfc_supply_settlement_period`  SET `supply_num` = 1 , `order_money` = 0 , `refund_money` = 0 , `supply_money` = 0 , `platform_money` = 0 , `refund_supply_money` = 0 , `refund_platform_money` = 0 , `commission` = 0 , `website_commission` = 0  WHERE  `period_id` = 123 [ RunTime:0.003273s ]
[2022-07-31T08:28:06+08:00][sql] SELECT `account` FROM `gxfc_website` WHERE  `site_id` = 0 LIMIT 1 [ RunTime:0.000162s ]
[2022-07-31T08:28:06+08:00][sql] INSERT INTO `gxfc_account` SET `account_no` = '2022073108286004' , `site_id` = 0 , `account_type` = 'account' , `account_data` = 0 , `from_type` = 'order' , `relate_tag` = '123' , `create_time` = 1659227286 , `remark` = '供应商订单结算，账单编号:2022073108283824' [ RunTime:0.002999s ]
[2022-07-31T08:28:06+08:00][sql] UPDATE `gxfc_website`  SET `account` = 1476.46  WHERE  `site_id` = 0 [ RunTime:0.003221s ]
[2022-07-31T08:28:06+08:00][cron] event:data{"id":76,"type":2,"period":1,"period_type":1,"name":"\u4f9b\u5e94\u5546\u5468\u671f\u7ed3\u7b97","event":"SupplyPeriodCalc","execute_time":1659196800,"relate_id":0,"create_time":1648609290}
[2022-07-31T08:28:06+08:00][sql] UPDATE `gxfc_cron`  SET `execute_time` = 1659283200  WHERE  `id` = 76 [ RunTime:0.003578s ]
[2022-07-31T08:28:06+08:00][sql] SHOW FULL COLUMNS FROM `gxfc_commander_order_goods` [ RunTime:0.000934s ]
[2022-07-31T08:28:06+08:00][sql] SELECT * FROM `gxfc_commander_order_goods` WHERE  `order_goods_id` = 287 LIMIT 1 [ RunTime:0.000293s ]
[2022-07-31T08:28:06+08:00][error] [0]Too few arguments to function addon\community\model\order\OrderRefund::orderRefundConfirm(), 1 passed in /www/wwwroot/ls.chnssl.com/addon/community/event/CronOrderRefundConfirm.php on line 40 and exactly 2 expected
[2022-07-31T21:20:24+08:00][info] 检测事件执行2022-07-31 21:20:24
[2022-07-31T21:20:24+08:00][sql] CONNECT:[ UseTime:0.000250s ] mysql:host=localhost;port=3306;dbname=ls_chnssl_com;charset=utf8
[2022-07-31T21:20:24+08:00][sql] SHOW FULL COLUMNS FROM `gxfc_cron` [ RunTime:0.000827s ]
[2022-07-31T21:20:24+08:00][sql] SELECT `id`,`type`,`period`,`period_type`,`name`,`event`,`execute_time`,`relate_id`,`create_time` FROM `gxfc_cron` WHERE  `execute_time` <= 1659273624 [ RunTime:0.000308s ]
[2022-07-31T21:20:24+08:00][sql] SHOW FULL COLUMNS FROM `gxfc_promotion_coupon` [ RunTime:0.000899s ]
[2022-07-31T21:20:24+08:00][sql] UPDATE `gxfc_promotion_coupon`  SET `state` = 3  WHERE  `state` = 1  AND `end_time` <= 1659273624 [ RunTime:0.000290s ]
[2022-07-31T21:20:24+08:00][cron] event:data{"id":2,"type":2,"period":1,"period_type":0,"name":"\u4f18\u60e0\u5238\u8fc7\u671f\u81ea\u52a8\u5173\u95ed","event":"CronCouponEnd","execute_time":1658917744,"relate_id":0,"create_time":1646988964}
[2022-07-31T21:20:24+08:00][sql] UPDATE `gxfc_cron`  SET `execute_time` = 1658917804  WHERE  `id` = 2 [ RunTime:0.004435s ]
[2022-07-31T21:20:24+08:00][sql] SHOW FULL COLUMNS FROM `gxfc_promotion_platformcoupon` [ RunTime:0.000883s ]
[2022-07-31T21:20:24+08:00][sql] UPDATE `gxfc_promotion_platformcoupon`  SET `state` = 3  WHERE  `state` = 1  AND `end_time` <= 1659273624 [ RunTime:0.000213s ]
[2022-07-31T21:20:24+08:00][cron] event:data{"id":5,"type":2,"period":1,"period_type":0,"name":"\u5e73\u53f0\u4f18\u60e0\u5238\u8fc7\u671f\u81ea\u52a8\u5173\u95ed","event":"CronPlatformcouponEnd","execute_time":1658917744,"relate_id":0,"create_time":1646988964}
[2022-07-31T21:20:24+08:00][sql] UPDATE `gxfc_cron`  SET `execute_time` = 1658917804  WHERE  `id` = 5 [ RunTime:0.004481s ]
[2022-07-31T21:20:24+08:00][sql] SHOW FULL COLUMNS FROM `gxfc_member_cluster` [ RunTime:0.000713s ]
[2022-07-31T21:20:24+08:00][sql] SELECT `rule_json`,`cluster_id` FROM `gxfc_member_cluster` [ RunTime:0.000170s ]
[2022-07-31T21:20:24+08:00][sql] SHOW FULL COLUMNS FROM `gxfc_member` [ RunTime:0.000879s ]
[2022-07-31T21:20:24+08:00][sql] SELECT `member_id` FROM `gxfc_member` WHERE  `is_delete` = 0 [ RunTime:0.000194s ]
[2022-07-31T21:20:24+08:00][sql] SELECT COUNT(*) AS think_count FROM `gxfc_member` WHERE  `is_delete` = 0 [ RunTime:0.000160s ]
[2022-07-31T21:20:24+08:00][sql] UPDATE `gxfc_member_cluster`  SET `member_num` = 12 , `member_ids` = '1,2,3,4,5,6,8,9,10,11,30,31' , `update_time` = 1659273624  WHERE  `cluster_id` = 1 [ RunTime:0.003862s ]
[2022-07-31T21:20:24+08:00][cron] event:data{"id":10,"type":2,"period":1,"period_type":0,"name":"\u4f1a\u5458\u7fa4\u4f53\u5b9a\u65f6\u5237\u65b0","event":"CronMemberClusterRefresh","execute_time":1658917745,"relate_id":0,"create_time":1646988965}
[2022-07-31T21:20:24+08:00][sql] UPDATE `gxfc_cron`  SET `execute_time` = 1658917805  WHERE  `id` = 10 [ RunTime:0.003282s ]
[2022-07-31T21:20:24+08:00][sql] SHOW FULL COLUMNS FROM `gxfc_commander_order_goods` [ RunTime:0.000895s ]
[2022-07-31T21:20:24+08:00][sql] SELECT * FROM `gxfc_commander_order_goods` WHERE  `order_goods_id` = 287 LIMIT 1 [ RunTime:0.000301s ]
[2022-07-31T21:20:24+08:00][error] [0]Too few arguments to function addon\community\model\order\OrderRefund::orderRefundConfirm(), 1 passed in /www/wwwroot/ls.chnssl.com/addon/community/event/CronOrderRefundConfirm.php on line 40 and exactly 2 expected
[2022-07-31T21:25:05+08:00][info] 检测事件执行2022-07-31 21:25:05
[2022-07-31T21:25:05+08:00][sql] CONNECT:[ UseTime:0.000242s ] mysql:host=localhost;port=3306;dbname=ls_chnssl_com;charset=utf8
[2022-07-31T21:25:05+08:00][sql] SHOW FULL COLUMNS FROM `gxfc_cron` [ RunTime:0.001859s ]
[2022-07-31T21:25:05+08:00][sql] SELECT `id`,`type`,`period`,`period_type`,`name`,`event`,`execute_time`,`relate_id`,`create_time` FROM `gxfc_cron` WHERE  `execute_time` <= 1659273905 [ RunTime:0.000328s ]
[2022-07-31T21:25:05+08:00][sql] SHOW FULL COLUMNS FROM `gxfc_promotion_coupon` [ RunTime:0.001120s ]
[2022-07-31T21:25:05+08:00][sql] UPDATE `gxfc_promotion_coupon`  SET `state` = 3  WHERE  `state` = 1  AND `end_time` <= 1659273905 [ RunTime:0.000309s ]
[2022-07-31T21:25:05+08:00][cron] event:data{"id":2,"type":2,"period":1,"period_type":0,"name":"\u4f18\u60e0\u5238\u8fc7\u671f\u81ea\u52a8\u5173\u95ed","event":"CronCouponEnd","execute_time":1658917804,"relate_id":0,"create_time":1646988964}
[2022-07-31T21:25:05+08:00][sql] UPDATE `gxfc_cron`  SET `execute_time` = 1658917864  WHERE  `id` = 2 [ RunTime:0.004385s ]
[2022-07-31T21:25:05+08:00][sql] SHOW FULL COLUMNS FROM `gxfc_promotion_platformcoupon` [ RunTime:0.001993s ]
[2022-07-31T21:25:05+08:00][sql] UPDATE `gxfc_promotion_platformcoupon`  SET `state` = 3  WHERE  `state` = 1  AND `end_time` <= 1659273905 [ RunTime:0.000246s ]
[2022-07-31T21:25:05+08:00][cron] event:data{"id":5,"type":2,"period":1,"period_type":0,"name":"\u5e73\u53f0\u4f18\u60e0\u5238\u8fc7\u671f\u81ea\u52a8\u5173\u95ed","event":"CronPlatformcouponEnd","execute_time":1658917804,"relate_id":0,"create_time":1646988964}
[2022-07-31T21:25:05+08:00][sql] UPDATE `gxfc_cron`  SET `execute_time` = 1658917864  WHERE  `id` = 5 [ RunTime:0.003346s ]
[2022-07-31T21:25:05+08:00][sql] SHOW FULL COLUMNS FROM `gxfc_member_cluster` [ RunTime:0.000788s ]
[2022-07-31T21:25:05+08:00][sql] SELECT `rule_json`,`cluster_id` FROM `gxfc_member_cluster` [ RunTime:0.000218s ]
[2022-07-31T21:25:05+08:00][sql] SHOW FULL COLUMNS FROM `gxfc_member` [ RunTime:0.001029s ]
[2022-07-31T21:25:05+08:00][sql] SELECT `member_id` FROM `gxfc_member` WHERE  `is_delete` = 0 [ RunTime:0.000276s ]
[2022-07-31T21:25:05+08:00][sql] SELECT COUNT(*) AS think_count FROM `gxfc_member` WHERE  `is_delete` = 0 [ RunTime:0.000176s ]
[2022-07-31T21:25:05+08:00][sql] UPDATE `gxfc_member_cluster`  SET `member_num` = 12 , `member_ids` = '1,2,3,4,5,6,8,9,10,11,30,31' , `update_time` = 1659273905  WHERE  `cluster_id` = 1 [ RunTime:0.004110s ]
[2022-07-31T21:25:05+08:00][cron] event:data{"id":10,"type":2,"period":1,"period_type":0,"name":"\u4f1a\u5458\u7fa4\u4f53\u5b9a\u65f6\u5237\u65b0","event":"CronMemberClusterRefresh","execute_time":1658917805,"relate_id":0,"create_time":1646988965}
[2022-07-31T21:25:05+08:00][sql] UPDATE `gxfc_cron`  SET `execute_time` = 1658917865  WHERE  `id` = 10 [ RunTime:0.003734s ]
[2022-07-31T21:25:05+08:00][sql] SHOW FULL COLUMNS FROM `gxfc_commander_order_goods` [ RunTime:0.000934s ]
[2022-07-31T21:25:05+08:00][sql] SELECT * FROM `gxfc_commander_order_goods` WHERE  `order_goods_id` = 287 LIMIT 1 [ RunTime:0.000298s ]
[2022-07-31T21:25:05+08:00][error] [0]Too few arguments to function addon\community\model\order\OrderRefund::orderRefundConfirm(), 1 passed in /www/wwwroot/ls.chnssl.com/addon/community/event/CronOrderRefundConfirm.php on line 40 and exactly 2 expected
