[2023-02-07T09:42:31+08:00][sql] CONNECT:[ UseTime:0.000354s ] mysql:host=127.0.0.1;port=3306;dbname=hunqin;charset=utf8
[2023-02-07T09:42:31+08:00][sql] SHOW FULL COLUMNS FROM `gxfc_member` [ RunTime:0.001550s ]
[2023-02-07T09:42:31+08:00][sql] SELECT `member_id`,`source_member`,`fenxiao_id`,`is_fenxiao`,`username`,`nickname`,`mobile`,`email`,`password`,`status`,`headimg`,`member_level`,`member_level_name`,`member_label`,`member_label_name`,`qq`,`qq_openid`,`wx_openid`,`weapp_openid`,`wx_unionid`,`ali_openid`,`baidu_openid`,`toutiao_openid`,`douyin_openid`,`login_ip`,`login_type`,`login_time`,`last_login_ip`,`last_login_type`,`last_login_time`,`login_num`,`realname`,`sex`,`location`,`birthday`,`reg_time`,`point`,`balance`,`growth`,`balance_money`,`account5`,`is_auth`,`sign_time`,`sign_days_series`,`pay_password`,`order_money`,`order_complete_money`,`order_num`,`order_complete_num`,`balance_withdraw_apply`,`balance_withdraw`,`is_delete`,`login_type_name`,`hospital_id`,`is_commander`,`self_cl_id`,`hospital_name`,`self_leader_name`,`cl_id`,`is_fenxiao_order`,`expiration_time`,`start_time`,`is_fenxiao_charge`,`is_juese`,`company_id`,`company_name`,`biaoqian`,`biao_name`,`position_name`,`position_id`,`bumen_id`,`bumen_name`,`card_id`,`paper`,`source_type`,`is_vip`,`is_referral`,`is_card_list` FROM `gxfc_member` WHERE  `member_id` = 2394 LIMIT 1 [ RunTime:0.000570s ]
[2023-02-07T09:42:31+08:00][sql] SHOW FULL COLUMNS FROM `gxfc_member_level` [ RunTime:0.000969s ]
[2023-02-07T09:42:31+08:00][sql] SELECT `level_id`,`level_name`,`sort`,`growth`,`remark`,`is_default`,`discount`,`check_rate`,`is_geren`,`youhui` FROM `gxfc_member_level` WHERE  `level_id` = 1 LIMIT 1 [ RunTime:0.000281s ]
[2023-02-07T09:42:31+08:00][sql] SHOW FULL COLUMNS FROM `gxfc_card` [ RunTime:0.001124s ]
[2023-02-07T09:42:31+08:00][sql] SELECT `is_vip`,`vip_create_time`,`vip_end_time` FROM `gxfc_card` WHERE  `id` = 2454 LIMIT 1 [ RunTime:0.000231s ]
[2023-02-07T09:42:31+08:00][sql] SELECT `headimg`,`nickname` FROM `gxfc_member` WHERE  `member_id` = 2394  AND `is_delete` = 0 LIMIT 1 [ RunTime:0.000211s ]
[2023-02-07T09:42:31+08:00][sql] SHOW FULL COLUMNS FROM `gxfc_member_recharge_order` [ RunTime:0.001003s ]
[2023-02-07T09:42:31+08:00][sql] INSERT INTO `gxfc_member_recharge_order` SET `recharge_id` = 0 , `order_no` = '20230207094223940001' , `out_trade_no` = '20230207094223940001' , `recharge_name` = '其他' , `cover_img` = '' , `face_value` = 0.1 , `buy_price` = 0.1 , `point` = 0 , `growth` = 0 , `coupon_id` = 0 , `status` = 1 , `create_time` = 1675734151 , `member_id` = 2394 , `member_img` = 'upload/headimg/20230206/20230206060839167567811917022.png' , `nickname` = '张三' , `order_from` = 'wechat' , `order_from_name` = '小程序' , `level` = 0 , `type` = 1 , `discount` = 1 , `check_rate` = 10 , `card_id` = 2454 , `is_shangye` = 0 [ RunTime:0.000313s ]
[2023-02-07T09:42:31+08:00][sql] SHOW FULL COLUMNS FROM `gxfc_pay` [ RunTime:0.000925s ]
[2023-02-07T09:42:31+08:00][sql] INSERT INTO `gxfc_pay` SET `site_id` = 0 , `out_trade_no` = '20230207094223940001' , `pay_body` = '会员充值套餐，面额：0.1' , `pay_detail` = '会员充值套餐，面额：0.1' , `pay_money` = 0.1 , `pay_no` = '' , `event` = 'MemberRechargeOrderPayNotify' , `return_url` = '' , `pay_status` = 0 , `create_time` = 1675734151 [ RunTime:0.000224s ]
[2023-02-07T09:42:31+08:00][sql] SHOW FULL COLUMNS FROM `gxfc_config` [ RunTime:0.000814s ]
[2023-02-07T09:42:31+08:00][sql] SELECT `site_id`,`app_module`,`config_key`,`value`,`config_desc`,`is_use`,`create_time`,`modify_time` FROM `gxfc_config` WHERE  `site_id` = 0  AND `app_module` = 'admin'  AND `config_key` = 'ORDER_EVENT_TIME_CONFIG' LIMIT 1 [ RunTime:0.000253s ]
[2023-02-07T09:42:31+08:00][sql] SHOW FULL COLUMNS FROM `gxfc_cron` [ RunTime:0.000822s ]
[2023-02-07T09:42:31+08:00][sql] INSERT INTO `gxfc_cron` SET `type` = 1 , `period` = 0 , `period_type` = 0 , `name` = '订单自动关闭' , `event` = 'MemberRechargeOrderClose' , `execute_time` = 1675735951 , `relate_id` = 216 , `create_time` = 1675734151 [ RunTime:0.000237s ]
[2023-02-07T13:12:35+08:00][sql] CONNECT:[ UseTime:0.000331s ] mysql:host=127.0.0.1;port=3306;dbname=xiaofu;charset=utf8
[2023-02-07T13:12:35+08:00][sql] SHOW FULL COLUMNS FROM `gxfc_menu` [ RunTime:0.000652s ]
[2023-02-07T13:12:35+08:00][sql] SELECT `id`,`app_module`,`name`,`title`,`parent`,`level`,`url`,`is_show`,`sort`,`desc`,`picture`,`is_icon`,`picture_select`,`is_control`,`addon` FROM `gxfc_menu` WHERE  `url` = 'wechatpay://admin/Pay/config'  AND `app_module` = 'admin' ORDER BY `level` DESC LIMIT 1 [ RunTime:0.000365s ]
[2023-02-07T13:12:35+08:00][sql] SELECT `id`,`app_module`,`name`,`title`,`parent`,`level`,`url`,`is_show`,`sort`,`desc`,`picture`,`is_icon`,`picture_select`,`is_control`,`addon` FROM `gxfc_menu` WHERE  `name` = 'WECHAT_PAY_CONFIG'  AND `app_module` = 'admin' LIMIT 1 [ RunTime:0.000279s ]
[2023-02-07T13:13:37+08:00][sql] CONNECT:[ UseTime:0.000353s ] mysql:host=127.0.0.1;port=3306;dbname=xiaofu;charset=utf8
[2023-02-07T13:13:37+08:00][sql] SHOW FULL COLUMNS FROM `gxfc_menu` [ RunTime:0.000705s ]
[2023-02-07T13:13:37+08:00][sql] SELECT `id`,`app_module`,`name`,`title`,`parent`,`level`,`url`,`is_show`,`sort`,`desc`,`picture`,`is_icon`,`picture_select`,`is_control`,`addon` FROM `gxfc_menu` WHERE  `url` = 'shopwithdraw://admin/Config/index'  AND `app_module` = 'admin' ORDER BY `level` DESC LIMIT 1 [ RunTime:0.000398s ]
[2023-02-07T13:13:37+08:00][sql] SELECT `id`,`app_module`,`name`,`title`,`parent`,`level`,`url`,`is_show`,`sort`,`desc`,`picture`,`is_icon`,`picture_select`,`is_control`,`addon` FROM `gxfc_menu` WHERE  `name` = 'SHOP_WITHDRAW_CONFIG'  AND `app_module` = 'admin' LIMIT 1 [ RunTime:0.000292s ]
[2023-02-07T13:13:37+08:00][sql] SHOW FULL COLUMNS FROM `gxfc_config` [ RunTime:0.000729s ]
[2023-02-07T13:13:37+08:00][sql] SELECT `site_id`,`app_module`,`config_key`,`value`,`config_desc`,`is_use`,`create_time`,`modify_time` FROM `gxfc_config` WHERE  `site_id` = 0  AND `app_module` = 'admin'  AND `config_key` = 'SHOP_WITHDRAW_CONFIG' LIMIT 1 [ RunTime:0.000258s ]
