[2023-02-10T02:48:13+08:00][error] [0]route pattern error
[2023-02-10T02:48:14+08:00][error] [0]route pattern error
[2023-02-10T02:48:14+08:00][error] [0]class not exists: 1
[2023-02-10T14:13:59+08:00][sql] CONNECT:[ UseTime:0.000338s ] mysql:host=127.0.0.1;port=3306;dbname=xiaofu;charset=utf8
[2023-02-10T14:13:59+08:00][sql] SHOW FULL COLUMNS FROM `gxfc_addon` [ RunTime:0.000670s ]
[2023-02-10T14:13:59+08:00][sql] SELECT `name` FROM `gxfc_addon` [ RunTime:0.000159s ]
[2023-02-10T14:14:00+08:00][sql] SHOW FULL COLUMNS FROM `gxfc_group` [ RunTime:0.000778s ]
[2023-02-10T14:14:00+08:00][sql] SELECT * FROM `gxfc_group` WHERE  `group_id` = 1  AND `site_id` = 0  AND `app_module` = 'admin' LIMIT 1 [ RunTime:0.000234s ]
[2023-02-10T14:14:00+08:00][sql] SHOW FULL COLUMNS FROM `gxfc_menu` [ RunTime:0.000624s ]
[2023-02-10T14:14:00+08:00][sql] SELECT * FROM `gxfc_menu` WHERE  `app_module` = 'admin'  AND `is_show` = 1 ORDER BY `sort` ASC [ RunTime:0.001696s ]
[2023-02-10T14:14:00+08:00][sql] SELECT `id`,`app_module`,`name`,`title`,`parent`,`level`,`url`,`is_show`,`sort`,`desc`,`picture`,`is_icon`,`picture_select`,`is_control`,`addon` FROM `gxfc_menu` WHERE  `url` = 'admin/System/cache'  AND `app_module` = 'admin' ORDER BY `level` DESC LIMIT 1 [ RunTime:0.000355s ]
[2023-02-10T14:14:00+08:00][sql] SELECT `id`,`app_module`,`name`,`title`,`parent`,`level`,`url`,`is_show`,`sort`,`desc`,`picture`,`is_icon`,`picture_select`,`is_control`,`addon` FROM `gxfc_menu` WHERE  `name` = 'CONFIG_SYSTEM_CACHE'  AND `app_module` = 'admin' LIMIT 1 [ RunTime:0.000287s ]
[2023-02-10T14:14:00+08:00][sql] SELECT `id`,`app_module`,`name`,`title`,`parent`,`level`,`url`,`is_show`,`sort`,`desc`,`picture`,`is_icon`,`picture_select`,`is_control`,`addon` FROM `gxfc_menu` WHERE  `name` = 'CONFIG_SYSTEM'  AND `app_module` = 'admin' LIMIT 1 [ RunTime:0.000335s ]
[2023-02-10T14:14:00+08:00][sql] SELECT `id`,`app_module`,`name`,`title`,`parent`,`level`,`url`,`is_show`,`sort`,`desc`,`picture`,`is_icon`,`picture_select`,`is_control`,`addon` FROM `gxfc_menu` WHERE  `name` = 'CONFIG_ROOT'  AND `app_module` = 'admin' LIMIT 1 [ RunTime:0.000322s ]
[2023-02-10T14:14:00+08:00][sql] SHOW FULL COLUMNS FROM `gxfc_website` [ RunTime:0.000732s ]
[2023-02-10T14:14:00+08:00][sql] SELECT `title`,`logo`,`desc`,`keywords`,`web_status`,`close_reason` FROM `gxfc_website` WHERE  `site_id` = 0 LIMIT 1 [ RunTime:0.000167s ]
[2023-02-10T14:14:00+08:00][sql] SHOW FULL COLUMNS FROM `gxfc_config` [ RunTime:0.000642s ]
[2023-02-10T14:14:00+08:00][sql] SELECT `site_id`,`app_module`,`config_key`,`value`,`config_desc`,`is_use`,`create_time`,`modify_time` FROM `gxfc_config` WHERE  `site_id` = 0  AND `app_module` = 'admin'  AND `config_key` = 'COPYRIGHT' LIMIT 1 [ RunTime:0.000175s ]
[2023-02-10T14:14:00+08:00][sql] SELECT `site_id`,`app_module`,`config_key`,`value`,`config_desc`,`is_use`,`create_time`,`modify_time` FROM `gxfc_config` WHERE  `site_id` = 0  AND `app_module` = 'admin'  AND `config_key` = 'DEFAULT_IMAGE' LIMIT 1 [ RunTime:0.000190s ]
[2023-02-10T14:14:33+08:00][sql] CONNECT:[ UseTime:0.000370s ] mysql:host=127.0.0.1;port=3306;dbname=xiaofu;charset=utf8
[2023-02-10T14:14:33+08:00][sql] SHOW FULL COLUMNS FROM `gxfc_addon` [ RunTime:0.000746s ]
[2023-02-10T14:14:33+08:00][sql] SELECT `name` FROM `gxfc_addon` [ RunTime:0.000166s ]
[2023-02-10T14:14:34+08:00][sql] SHOW FULL COLUMNS FROM `gxfc_group` [ RunTime:0.000839s ]
[2023-02-10T14:14:34+08:00][sql] SELECT * FROM `gxfc_group` WHERE  `group_id` = 1  AND `site_id` = 0  AND `app_module` = 'admin' LIMIT 1 [ RunTime:0.000228s ]
[2023-02-10T14:14:34+08:00][sql] SHOW FULL COLUMNS FROM `gxfc_menu` [ RunTime:0.000811s ]
[2023-02-10T14:14:34+08:00][sql] SELECT * FROM `gxfc_menu` WHERE  `app_module` = 'admin'  AND `is_show` = 1 ORDER BY `sort` ASC [ RunTime:0.001229s ]
[2023-02-10T14:14:34+08:00][sql] SELECT `id`,`app_module`,`name`,`title`,`parent`,`level`,`url`,`is_show`,`sort`,`desc`,`picture`,`is_icon`,`picture_select`,`is_control`,`addon` FROM `gxfc_menu` WHERE  `url` = 'admin/Upload/config'  AND `app_module` = 'admin' ORDER BY `level` DESC LIMIT 1 [ RunTime:0.000383s ]
[2023-02-10T14:14:34+08:00][sql] SELECT `id`,`app_module`,`name`,`title`,`parent`,`level`,`url`,`is_show`,`sort`,`desc`,`picture`,`is_icon`,`picture_select`,`is_control`,`addon` FROM `gxfc_menu` WHERE  `name` = 'CONFIG_UPLOAD_SET'  AND `app_module` = 'admin' LIMIT 1 [ RunTime:0.000283s ]
[2023-02-10T14:14:34+08:00][sql] SELECT `id`,`app_module`,`name`,`title`,`parent`,`level`,`url`,`is_show`,`sort`,`desc`,`picture`,`is_icon`,`picture_select`,`is_control`,`addon` FROM `gxfc_menu` WHERE  `name` = 'CONFIG_UPLOAD'  AND `app_module` = 'admin' LIMIT 1 [ RunTime:0.000277s ]
[2023-02-10T14:14:34+08:00][sql] SELECT `id`,`app_module`,`name`,`title`,`parent`,`level`,`url`,`is_show`,`sort`,`desc`,`picture`,`is_icon`,`picture_select`,`is_control`,`addon` FROM `gxfc_menu` WHERE  `name` = 'CONFIG_BASE'  AND `app_module` = 'admin' LIMIT 1 [ RunTime:0.000360s ]
[2023-02-10T14:14:34+08:00][sql] SELECT `id`,`app_module`,`name`,`title`,`parent`,`level`,`url`,`is_show`,`sort`,`desc`,`picture`,`is_icon`,`picture_select`,`is_control`,`addon` FROM `gxfc_menu` WHERE  `name` = 'CONFIG_ROOT'  AND `app_module` = 'admin' LIMIT 1 [ RunTime:0.000271s ]
[2023-02-10T14:14:34+08:00][sql] SHOW FULL COLUMNS FROM `gxfc_website` [ RunTime:0.000785s ]
[2023-02-10T14:14:34+08:00][sql] SELECT `title`,`logo`,`desc`,`keywords`,`web_status`,`close_reason` FROM `gxfc_website` WHERE  `site_id` = 0 LIMIT 1 [ RunTime:0.000196s ]
[2023-02-10T14:14:34+08:00][sql] SHOW FULL COLUMNS FROM `gxfc_config` [ RunTime:0.000636s ]
[2023-02-10T14:14:34+08:00][sql] SELECT `site_id`,`app_module`,`config_key`,`value`,`config_desc`,`is_use`,`create_time`,`modify_time` FROM `gxfc_config` WHERE  `site_id` = 0  AND `app_module` = 'admin'  AND `config_key` = 'COPYRIGHT' LIMIT 1 [ RunTime:0.000182s ]
[2023-02-10T14:14:34+08:00][sql] SELECT `site_id`,`app_module`,`config_key`,`value`,`config_desc`,`is_use`,`create_time`,`modify_time` FROM `gxfc_config` WHERE  `site_id` = 0  AND `app_module` = 'admin'  AND `config_key` = 'DEFAULT_IMAGE' LIMIT 1 [ RunTime:0.000187s ]
[2023-02-10T14:14:34+08:00][sql] SELECT `parent` FROM `gxfc_menu` WHERE  `url` = 'admin/upload/config'  AND `level` = 4 LIMIT 1 [ RunTime:0.000245s ]
[2023-02-10T14:14:34+08:00][sql] SELECT * FROM `gxfc_menu` WHERE  `app_module` = 'admin'  AND `is_show` = 1  AND `parent` = 'CONFIG_UPLOAD' ORDER BY `sort` ASC [ RunTime:0.000331s ]
[2023-02-10T14:14:34+08:00][sql] SELECT `site_id`,`app_module`,`config_key`,`value`,`config_desc`,`is_use`,`create_time`,`modify_time` FROM `gxfc_config` WHERE  `site_id` = 0  AND `app_module` = 'admin'  AND `config_key` = 'UPLOAD_CONFIG' LIMIT 1 [ RunTime:0.000198s ]
[2023-02-10T14:15:01+08:00][sql] CONNECT:[ UseTime:0.000351s ] mysql:host=127.0.0.1;port=3306;dbname=xiaofu;charset=utf8
[2023-02-10T14:15:01+08:00][sql] SHOW FULL COLUMNS FROM `gxfc_menu` [ RunTime:0.000703s ]
[2023-02-10T14:15:01+08:00][sql] SELECT `id`,`app_module`,`name`,`title`,`parent`,`level`,`url`,`is_show`,`sort`,`desc`,`picture`,`is_icon`,`picture_select`,`is_control`,`addon` FROM `gxfc_menu` WHERE  `url` = 'qiniu://admin/Config/config'  AND `app_module` = 'admin' ORDER BY `level` DESC LIMIT 1 [ RunTime:0.000359s ]
[2023-02-10T14:15:01+08:00][sql] SELECT `id`,`app_module`,`name`,`title`,`parent`,`level`,`url`,`is_show`,`sort`,`desc`,`picture`,`is_icon`,`picture_select`,`is_control`,`addon` FROM `gxfc_menu` WHERE  `name` = 'QINIU_CONFIG'  AND `app_module` = 'admin' LIMIT 1 [ RunTime:0.000267s ]
[2023-02-10T14:15:01+08:00][sql] SHOW FULL COLUMNS FROM `gxfc_config` [ RunTime:0.000680s ]
[2023-02-10T14:15:01+08:00][sql] SELECT `site_id`,`app_module`,`config_key`,`value`,`config_desc`,`is_use`,`create_time`,`modify_time` FROM `gxfc_config` WHERE  `site_id` = 0  AND `app_module` = 'admin'  AND `config_key` = 'QINIU_CONFIG' LIMIT 1 [ RunTime:0.000231s ]
[2023-02-10T14:17:46+08:00][sql] CONNECT:[ UseTime:0.000332s ] mysql:host=127.0.0.1;port=3306;dbname=xiaofu;charset=utf8
[2023-02-10T14:17:46+08:00][sql] SHOW FULL COLUMNS FROM `gxfc_config` [ RunTime:0.000695s ]
[2023-02-10T14:17:46+08:00][sql] SELECT `site_id`,`app_module`,`config_key`,`value`,`config_desc`,`is_use`,`create_time`,`modify_time` FROM `gxfc_config` WHERE  `site_id` = 0  AND `app_module` = 'admin'  AND `config_key` = 'WEAPP_CONFIG' LIMIT 1 [ RunTime:0.000237s ]
[2023-02-10T16:41:28+08:00][sql] CONNECT:[ UseTime:0.000331s ] mysql:host=127.0.0.1;port=3306;dbname=xiaofu;charset=utf8
[2023-02-10T16:41:28+08:00][sql] SHOW FULL COLUMNS FROM `gxfc_member` [ RunTime:0.000995s ]
[2023-02-10T16:41:28+08:00][sql] SELECT `member_id` FROM `gxfc_member` WHERE  `status` = 0 [ RunTime:0.000184s ]
[2023-02-10T16:41:28+08:00][sql] SELECT `member_id`,`source_member`,`fenxiao_id`,`is_fenxiao`,`username`,`nickname`,`mobile`,`email`,`password`,`status`,`headimg`,`member_level`,`member_level_name`,`member_label`,`member_label_name`,`qq`,`qq_openid`,`wx_openid`,`weapp_openid`,`wx_unionid`,`ali_openid`,`baidu_openid`,`toutiao_openid`,`douyin_openid`,`login_ip`,`login_type`,`login_time`,`last_login_ip`,`last_login_type`,`last_login_time`,`login_num`,`realname`,`sex`,`location`,`birthday`,`reg_time`,`point`,`balance`,`growth`,`balance_money`,`account5`,`is_auth`,`sign_time`,`sign_days_series`,`pay_password`,`order_money`,`order_complete_money`,`order_num`,`order_complete_num`,`balance_withdraw_apply`,`balance_withdraw`,`is_delete`,`login_type_name`,`hospital_id`,`is_commander`,`self_cl_id`,`hospital_name`,`self_leader_name`,`cl_id`,`is_fenxiao_order`,`expiration_time`,`start_time`,`is_fenxiao_charge`,`is_juese`,`company_id`,`company_name`,`biaoqian`,`biao_name`,`position_name`,`position_id`,`bumen_id`,`bumen_name`,`card_id`,`paper`,`source_type`,`is_vip`,`is_referral`,`is_card_list` FROM `gxfc_member` WHERE  `member_id` = 2408 LIMIT 1 [ RunTime:0.000434s ]
[2023-02-10T16:41:28+08:00][sql] SHOW FULL COLUMNS FROM `gxfc_member_level` [ RunTime:0.000541s ]
[2023-02-10T16:41:28+08:00][sql] SELECT `level_id`,`level_name`,`sort`,`growth`,`remark`,`is_default`,`discount`,`check_rate`,`is_geren`,`youhui` FROM `gxfc_member_level` WHERE  `level_id` = 7 LIMIT 1 [ RunTime:0.000160s ]
[2023-02-10T16:41:28+08:00][sql] SHOW FULL COLUMNS FROM `gxfc_card` [ RunTime:0.000638s ]
[2023-02-10T16:41:28+08:00][sql] SELECT `is_vip`,`vip_create_time`,`vip_end_time` FROM `gxfc_card` WHERE  `id` = 2458 LIMIT 1 [ RunTime:0.000233s ]
[2023-02-10T16:41:28+08:00][sql] SELECT `headimg`,`nickname` FROM `gxfc_member` WHERE  `member_id` = 2408  AND `is_delete` = 0 LIMIT 1 [ RunTime:0.000184s ]
[2023-02-10T16:41:28+08:00][sql] SHOW FULL COLUMNS FROM `gxfc_member_recharge_order` [ RunTime:0.000639s ]
[2023-02-10T16:41:28+08:00][sql] INSERT INTO `gxfc_member_recharge_order` SET `recharge_id` = 0 , `order_no` = '20230210164124080001' , `out_trade_no` = '20230210164124080001' , `recharge_name` = '其他' , `cover_img` = '' , `face_value` = 2455 , `buy_price` = 2455 , `point` = 0 , `growth` = 0 , `coupon_id` = 0 , `status` = 1 , `create_time` = 1676018488 , `member_id` = 2408 , `member_img` = 'upload/headimg/20230208/20230208111458167582609835487.png' , `nickname` = '甘霖' , `order_from` = 'wechat' , `order_from_name` = '小程序' , `level` = 0 , `type` = 1 , `discount` = 1 , `check_rate` = 20 , `card_id` = 2458 , `is_shangye` = 1 [ RunTime:0.000267s ]
[2023-02-10T16:41:28+08:00][sql] SHOW FULL COLUMNS FROM `gxfc_pay` [ RunTime:0.000673s ]
[2023-02-10T16:41:28+08:00][sql] INSERT INTO `gxfc_pay` SET `site_id` = 0 , `out_trade_no` = '20230210164124080001' , `pay_body` = '会员充值套餐，面额：2455' , `pay_detail` = '会员充值套餐，面额：2455' , `pay_money` = 2455 , `pay_no` = '' , `event` = 'MemberRechargeOrderPayNotify' , `return_url` = '' , `pay_status` = 0 , `create_time` = 1676018488 [ RunTime:0.000224s ]
[2023-02-10T16:41:28+08:00][sql] SHOW FULL COLUMNS FROM `gxfc_config` [ RunTime:0.000586s ]
[2023-02-10T16:41:28+08:00][sql] SELECT `site_id`,`app_module`,`config_key`,`value`,`config_desc`,`is_use`,`create_time`,`modify_time` FROM `gxfc_config` WHERE  `site_id` = 0  AND `app_module` = 'admin'  AND `config_key` = 'ORDER_EVENT_TIME_CONFIG' LIMIT 1 [ RunTime:0.000239s ]
[2023-02-10T16:41:28+08:00][sql] SHOW FULL COLUMNS FROM `gxfc_cron` [ RunTime:0.000527s ]
[2023-02-10T16:41:28+08:00][sql] INSERT INTO `gxfc_cron` SET `type` = 1 , `period` = 0 , `period_type` = 0 , `name` = '订单自动关闭' , `event` = 'MemberRechargeOrderClose' , `execute_time` = 1676020288 , `relate_id` = 222 , `create_time` = 1676018488 [ RunTime:0.000184s ]
[2023-02-10T16:44:34+08:00][sql] CONNECT:[ UseTime:0.000338s ] mysql:host=127.0.0.1;port=3306;dbname=xiaofu;charset=utf8
[2023-02-10T16:44:34+08:00][sql] SHOW FULL COLUMNS FROM `gxfc_member` [ RunTime:0.001183s ]
[2023-02-10T16:44:34+08:00][sql] SELECT `member_id` FROM `gxfc_member` WHERE  `status` = 0 [ RunTime:0.000256s ]
[2023-02-10T16:44:34+08:00][sql] SELECT `member_id`,`source_member`,`fenxiao_id`,`is_fenxiao`,`username`,`nickname`,`mobile`,`email`,`password`,`status`,`headimg`,`member_level`,`member_level_name`,`member_label`,`member_label_name`,`qq`,`qq_openid`,`wx_openid`,`weapp_openid`,`wx_unionid`,`ali_openid`,`baidu_openid`,`toutiao_openid`,`douyin_openid`,`login_ip`,`login_type`,`login_time`,`last_login_ip`,`last_login_type`,`last_login_time`,`login_num`,`realname`,`sex`,`location`,`birthday`,`reg_time`,`point`,`balance`,`growth`,`balance_money`,`account5`,`is_auth`,`sign_time`,`sign_days_series`,`pay_password`,`order_money`,`order_complete_money`,`order_num`,`order_complete_num`,`balance_withdraw_apply`,`balance_withdraw`,`is_delete`,`login_type_name`,`hospital_id`,`is_commander`,`self_cl_id`,`hospital_name`,`self_leader_name`,`cl_id`,`is_fenxiao_order`,`expiration_time`,`start_time`,`is_fenxiao_charge`,`is_juese`,`company_id`,`company_name`,`biaoqian`,`biao_name`,`position_name`,`position_id`,`bumen_id`,`bumen_name`,`card_id`,`paper`,`source_type`,`is_vip`,`is_referral`,`is_card_list` FROM `gxfc_member` WHERE  `member_id` = 2408 LIMIT 1 [ RunTime:0.000495s ]
[2023-02-10T16:44:34+08:00][sql] SHOW FULL COLUMNS FROM `gxfc_member_level` [ RunTime:0.000641s ]
[2023-02-10T16:44:34+08:00][sql] SELECT `level_id`,`level_name`,`sort`,`growth`,`remark`,`is_default`,`discount`,`check_rate`,`is_geren`,`youhui` FROM `gxfc_member_level` WHERE  `level_id` = 4 LIMIT 1 [ RunTime:0.000273s ]
[2023-02-10T16:44:34+08:00][sql] SHOW FULL COLUMNS FROM `gxfc_card` [ RunTime:0.000718s ]
[2023-02-10T16:44:34+08:00][sql] SELECT `is_vip`,`vip_create_time`,`vip_end_time` FROM `gxfc_card` WHERE  `id` = 2458 LIMIT 1 [ RunTime:0.000168s ]
[2023-02-10T16:44:34+08:00][sql] SELECT `headimg`,`nickname` FROM `gxfc_member` WHERE  `member_id` = 2408  AND `is_delete` = 0 LIMIT 1 [ RunTime:0.000145s ]
[2023-02-10T16:44:34+08:00][sql] SHOW FULL COLUMNS FROM `gxfc_member_recharge_order` [ RunTime:0.000603s ]
[2023-02-10T16:44:34+08:00][sql] INSERT INTO `gxfc_member_recharge_order` SET `recharge_id` = 0 , `order_no` = '20230210164424080001' , `out_trade_no` = '20230210164424080001' , `recharge_name` = '其他' , `cover_img` = '' , `face_value` = 788 , `buy_price` = 788 , `point` = 0 , `growth` = 0 , `coupon_id` = 0 , `status` = 1 , `create_time` = 1676018674 , `member_id` = 2408 , `member_img` = 'upload/headimg/20230208/20230208111458167582609835487.png' , `nickname` = '甘霖' , `order_from` = 'wechat' , `order_from_name` = '小程序' , `level` = 0 , `type` = 1 , `discount` = 1 , `check_rate` = 30 , `card_id` = 2458 , `is_shangye` = 0 [ RunTime:0.000250s ]
[2023-02-10T16:44:34+08:00][sql] SHOW FULL COLUMNS FROM `gxfc_pay` [ RunTime:0.000511s ]
[2023-02-10T16:44:34+08:00][sql] INSERT INTO `gxfc_pay` SET `site_id` = 0 , `out_trade_no` = '20230210164424080001' , `pay_body` = '会员充值套餐，面额：788' , `pay_detail` = '会员充值套餐，面额：788' , `pay_money` = 788 , `pay_no` = '' , `event` = 'MemberRechargeOrderPayNotify' , `return_url` = '' , `pay_status` = 0 , `create_time` = 1676018674 [ RunTime:0.000195s ]
[2023-02-10T16:44:34+08:00][sql] SHOW FULL COLUMNS FROM `gxfc_cron` [ RunTime:0.000505s ]
[2023-02-10T16:44:34+08:00][sql] INSERT INTO `gxfc_cron` SET `type` = 1 , `period` = 0 , `period_type` = 0 , `name` = '订单自动关闭' , `event` = 'MemberRechargeOrderClose' , `execute_time` = 1676020474 , `relate_id` = 223 , `create_time` = 1676018674 [ RunTime:0.000174s ]
[2023-02-10T16:46:18+08:00][sql] CONNECT:[ UseTime:0.000347s ] mysql:host=127.0.0.1;port=3306;dbname=xiaofu;charset=utf8
[2023-02-10T16:46:18+08:00][sql] SHOW FULL COLUMNS FROM `gxfc_member` [ RunTime:0.000987s ]
[2023-02-10T16:46:18+08:00][sql] SELECT `member_id` FROM `gxfc_member` WHERE  `status` = 0 [ RunTime:0.000202s ]
[2023-02-10T16:46:18+08:00][sql] SELECT `member_id`,`source_member`,`fenxiao_id`,`is_fenxiao`,`username`,`nickname`,`mobile`,`email`,`password`,`status`,`headimg`,`member_level`,`member_level_name`,`member_label`,`member_label_name`,`qq`,`qq_openid`,`wx_openid`,`weapp_openid`,`wx_unionid`,`ali_openid`,`baidu_openid`,`toutiao_openid`,`douyin_openid`,`login_ip`,`login_type`,`login_time`,`last_login_ip`,`last_login_type`,`last_login_time`,`login_num`,`realname`,`sex`,`location`,`birthday`,`reg_time`,`point`,`balance`,`growth`,`balance_money`,`account5`,`is_auth`,`sign_time`,`sign_days_series`,`pay_password`,`order_money`,`order_complete_money`,`order_num`,`order_complete_num`,`balance_withdraw_apply`,`balance_withdraw`,`is_delete`,`login_type_name`,`hospital_id`,`is_commander`,`self_cl_id`,`hospital_name`,`self_leader_name`,`cl_id`,`is_fenxiao_order`,`expiration_time`,`start_time`,`is_fenxiao_charge`,`is_juese`,`company_id`,`company_name`,`biaoqian`,`biao_name`,`position_name`,`position_id`,`bumen_id`,`bumen_name`,`card_id`,`paper`,`source_type`,`is_vip`,`is_referral`,`is_card_list` FROM `gxfc_member` WHERE  `member_id` = 2408 LIMIT 1 [ RunTime:0.000388s ]
[2023-02-10T16:46:18+08:00][sql] SHOW FULL COLUMNS FROM `gxfc_member_level` [ RunTime:0.000659s ]
[2023-02-10T16:46:18+08:00][sql] SELECT `level_id`,`level_name`,`sort`,`growth`,`remark`,`is_default`,`discount`,`check_rate`,`is_geren`,`youhui` FROM `gxfc_member_level` WHERE  `level_id` = 1 LIMIT 1 [ RunTime:0.000181s ]
[2023-02-10T16:46:18+08:00][sql] SHOW FULL COLUMNS FROM `gxfc_card` [ RunTime:0.000701s ]
[2023-02-10T16:46:18+08:00][sql] SELECT `is_vip`,`vip_create_time`,`vip_end_time` FROM `gxfc_card` WHERE  `id` = 2458 LIMIT 1 [ RunTime:0.000168s ]
[2023-02-10T16:46:18+08:00][sql] SELECT `headimg`,`nickname` FROM `gxfc_member` WHERE  `member_id` = 2408  AND `is_delete` = 0 LIMIT 1 [ RunTime:0.000185s ]
[2023-02-10T16:46:18+08:00][sql] SHOW FULL COLUMNS FROM `gxfc_member_recharge_order` [ RunTime:0.000617s ]
[2023-02-10T16:46:18+08:00][sql] INSERT INTO `gxfc_member_recharge_order` SET `recharge_id` = 0 , `order_no` = '20230210164624080001' , `out_trade_no` = '20230210164624080001' , `recharge_name` = '其他' , `cover_img` = '' , `face_value` = 0.1 , `buy_price` = 0.1 , `point` = 0 , `growth` = 0 , `coupon_id` = 0 , `status` = 1 , `create_time` = 1676018778 , `member_id` = 2408 , `member_img` = 'upload/headimg/20230208/20230208111458167582609835487.png' , `nickname` = '甘霖' , `order_from` = 'wechat' , `order_from_name` = '小程序' , `level` = 0 , `type` = 1 , `discount` = 1 , `check_rate` = 10 , `card_id` = 2458 , `is_shangye` = 0 [ RunTime:0.000277s ]
[2023-02-10T16:46:18+08:00][sql] SHOW FULL COLUMNS FROM `gxfc_pay` [ RunTime:0.000555s ]
[2023-02-10T16:46:18+08:00][sql] INSERT INTO `gxfc_pay` SET `site_id` = 0 , `out_trade_no` = '20230210164624080001' , `pay_body` = '会员充值套餐，面额：0.1' , `pay_detail` = '会员充值套餐，面额：0.1' , `pay_money` = 0.1 , `pay_no` = '' , `event` = 'MemberRechargeOrderPayNotify' , `return_url` = '' , `pay_status` = 0 , `create_time` = 1676018778 [ RunTime:0.000200s ]
[2023-02-10T16:46:18+08:00][sql] SHOW FULL COLUMNS FROM `gxfc_cron` [ RunTime:0.000496s ]
[2023-02-10T16:46:18+08:00][sql] INSERT INTO `gxfc_cron` SET `type` = 1 , `period` = 0 , `period_type` = 0 , `name` = '订单自动关闭' , `event` = 'MemberRechargeOrderClose' , `execute_time` = 1676020578 , `relate_id` = 224 , `create_time` = 1676018778 [ RunTime:0.000182s ]
[2023-02-10T16:46:37+08:00][sql] CONNECT:[ UseTime:0.000362s ] mysql:host=127.0.0.1;port=3306;dbname=xiaofu;charset=utf8
[2023-02-10T16:46:37+08:00][sql] SHOW FULL COLUMNS FROM `gxfc_member` [ RunTime:0.001101s ]
[2023-02-10T16:46:37+08:00][sql] SELECT `member_id` FROM `gxfc_member` WHERE  `status` = 0 [ RunTime:0.000222s ]
[2023-02-10T16:46:37+08:00][sql] SELECT `member_id`,`source_member`,`fenxiao_id`,`is_fenxiao`,`username`,`nickname`,`mobile`,`email`,`password`,`status`,`headimg`,`member_level`,`member_level_name`,`member_label`,`member_label_name`,`qq`,`qq_openid`,`wx_openid`,`weapp_openid`,`wx_unionid`,`ali_openid`,`baidu_openid`,`toutiao_openid`,`douyin_openid`,`login_ip`,`login_type`,`login_time`,`last_login_ip`,`last_login_type`,`last_login_time`,`login_num`,`realname`,`sex`,`location`,`birthday`,`reg_time`,`point`,`balance`,`growth`,`balance_money`,`account5`,`is_auth`,`sign_time`,`sign_days_series`,`pay_password`,`order_money`,`order_complete_money`,`order_num`,`order_complete_num`,`balance_withdraw_apply`,`balance_withdraw`,`is_delete`,`login_type_name`,`hospital_id`,`is_commander`,`self_cl_id`,`hospital_name`,`self_leader_name`,`cl_id`,`is_fenxiao_order`,`expiration_time`,`start_time`,`is_fenxiao_charge`,`is_juese`,`company_id`,`company_name`,`biaoqian`,`biao_name`,`position_name`,`position_id`,`bumen_id`,`bumen_name`,`card_id`,`paper`,`source_type`,`is_vip`,`is_referral`,`is_card_list` FROM `gxfc_member` WHERE  `member_id` = 2408 LIMIT 1 [ RunTime:0.000432s ]
[2023-02-10T16:46:37+08:00][sql] SHOW FULL COLUMNS FROM `gxfc_member_level` [ RunTime:0.000641s ]
[2023-02-10T16:46:37+08:00][sql] SELECT `level_id`,`level_name`,`sort`,`growth`,`remark`,`is_default`,`discount`,`check_rate`,`is_geren`,`youhui` FROM `gxfc_member_level` WHERE  `level_id` = 6 LIMIT 1 [ RunTime:0.000254s ]
[2023-02-10T16:46:37+08:00][sql] SHOW FULL COLUMNS FROM `gxfc_card` [ RunTime:0.000763s ]
[2023-02-10T16:46:37+08:00][sql] SELECT `is_vip`,`vip_create_time`,`vip_end_time` FROM `gxfc_card` WHERE  `id` = 2458 LIMIT 1 [ RunTime:0.000178s ]
[2023-02-10T16:46:37+08:00][sql] SELECT `headimg`,`nickname` FROM `gxfc_member` WHERE  `member_id` = 2408  AND `is_delete` = 0 LIMIT 1 [ RunTime:0.000143s ]
[2023-02-10T16:46:37+08:00][sql] SHOW FULL COLUMNS FROM `gxfc_member_recharge_order` [ RunTime:0.000573s ]
[2023-02-10T16:46:37+08:00][sql] INSERT INTO `gxfc_member_recharge_order` SET `recharge_id` = 0 , `order_no` = '20230210164624080002' , `out_trade_no` = '20230210164624080002' , `recharge_name` = '其他' , `cover_img` = '' , `face_value` = 950 , `buy_price` = 950 , `point` = 0 , `growth` = 0 , `coupon_id` = 0 , `status` = 1 , `create_time` = 1676018797 , `member_id` = 2408 , `member_img` = 'upload/headimg/20230208/20230208111458167582609835487.png' , `nickname` = '甘霖' , `order_from` = 'wechat' , `order_from_name` = '小程序' , `level` = 0 , `type` = 1 , `discount` = 1 , `check_rate` = 10 , `card_id` = 2458 , `is_shangye` = 1 [ RunTime:0.000251s ]
[2023-02-10T16:46:37+08:00][sql] SHOW FULL COLUMNS FROM `gxfc_pay` [ RunTime:0.000535s ]
[2023-02-10T16:46:37+08:00][sql] INSERT INTO `gxfc_pay` SET `site_id` = 0 , `out_trade_no` = '20230210164624080002' , `pay_body` = '会员充值套餐，面额：950' , `pay_detail` = '会员充值套餐，面额：950' , `pay_money` = 950 , `pay_no` = '' , `event` = 'MemberRechargeOrderPayNotify' , `return_url` = '' , `pay_status` = 0 , `create_time` = 1676018797 [ RunTime:0.000187s ]
[2023-02-10T16:46:37+08:00][sql] SHOW FULL COLUMNS FROM `gxfc_cron` [ RunTime:0.000476s ]
[2023-02-10T16:46:37+08:00][sql] INSERT INTO `gxfc_cron` SET `type` = 1 , `period` = 0 , `period_type` = 0 , `name` = '订单自动关闭' , `event` = 'MemberRechargeOrderClose' , `execute_time` = 1676020597 , `relate_id` = 225 , `create_time` = 1676018797 [ RunTime:0.000196s ]
[2023-02-10T16:47:16+08:00][sql] CONNECT:[ UseTime:0.000339s ] mysql:host=127.0.0.1;port=3306;dbname=xiaofu;charset=utf8
[2023-02-10T16:47:16+08:00][sql] SHOW FULL COLUMNS FROM `gxfc_member` [ RunTime:0.000980s ]
[2023-02-10T16:47:16+08:00][sql] SELECT `member_id` FROM `gxfc_member` WHERE  `status` = 0 [ RunTime:0.000188s ]
[2023-02-10T16:47:16+08:00][sql] SELECT `member_id`,`source_member`,`fenxiao_id`,`is_fenxiao`,`username`,`nickname`,`mobile`,`email`,`password`,`status`,`headimg`,`member_level`,`member_level_name`,`member_label`,`member_label_name`,`qq`,`qq_openid`,`wx_openid`,`weapp_openid`,`wx_unionid`,`ali_openid`,`baidu_openid`,`toutiao_openid`,`douyin_openid`,`login_ip`,`login_type`,`login_time`,`last_login_ip`,`last_login_type`,`last_login_time`,`login_num`,`realname`,`sex`,`location`,`birthday`,`reg_time`,`point`,`balance`,`growth`,`balance_money`,`account5`,`is_auth`,`sign_time`,`sign_days_series`,`pay_password`,`order_money`,`order_complete_money`,`order_num`,`order_complete_num`,`balance_withdraw_apply`,`balance_withdraw`,`is_delete`,`login_type_name`,`hospital_id`,`is_commander`,`self_cl_id`,`hospital_name`,`self_leader_name`,`cl_id`,`is_fenxiao_order`,`expiration_time`,`start_time`,`is_fenxiao_charge`,`is_juese`,`company_id`,`company_name`,`biaoqian`,`biao_name`,`position_name`,`position_id`,`bumen_id`,`bumen_name`,`card_id`,`paper`,`source_type`,`is_vip`,`is_referral`,`is_card_list` FROM `gxfc_member` WHERE  `member_id` = 2408 LIMIT 1 [ RunTime:0.000403s ]
[2023-02-10T16:47:16+08:00][sql] SHOW FULL COLUMNS FROM `gxfc_member_level` [ RunTime:0.000584s ]
[2023-02-10T16:47:16+08:00][sql] SELECT `level_id`,`level_name`,`sort`,`growth`,`remark`,`is_default`,`discount`,`check_rate`,`is_geren`,`youhui` FROM `gxfc_member_level` WHERE  `level_id` = 6 LIMIT 1 [ RunTime:0.000212s ]
[2023-02-10T16:47:16+08:00][sql] SHOW FULL COLUMNS FROM `gxfc_card` [ RunTime:0.000679s ]
[2023-02-10T16:47:16+08:00][sql] SELECT `is_vip`,`vip_create_time`,`vip_end_time` FROM `gxfc_card` WHERE  `id` = 2458 LIMIT 1 [ RunTime:0.000154s ]
[2023-02-10T16:47:16+08:00][sql] SELECT `headimg`,`nickname` FROM `gxfc_member` WHERE  `member_id` = 2408  AND `is_delete` = 0 LIMIT 1 [ RunTime:0.000135s ]
[2023-02-10T16:47:16+08:00][sql] SHOW FULL COLUMNS FROM `gxfc_member_recharge_order` [ RunTime:0.000610s ]
[2023-02-10T16:47:16+08:00][sql] INSERT INTO `gxfc_member_recharge_order` SET `recharge_id` = 0 , `order_no` = '20230210164724080001' , `out_trade_no` = '20230210164724080001' , `recharge_name` = '其他' , `cover_img` = '' , `face_value` = 950 , `buy_price` = 950 , `point` = 0 , `growth` = 0 , `coupon_id` = 0 , `status` = 1 , `create_time` = 1676018836 , `member_id` = 2408 , `member_img` = 'upload/headimg/20230208/20230208111458167582609835487.png' , `nickname` = '甘霖' , `order_from` = 'wechat' , `order_from_name` = '小程序' , `level` = 0 , `type` = 1 , `discount` = 1 , `check_rate` = 10 , `card_id` = 2458 , `is_shangye` = 1 [ RunTime:0.000271s ]
[2023-02-10T16:47:16+08:00][sql] SHOW FULL COLUMNS FROM `gxfc_pay` [ RunTime:0.000531s ]
[2023-02-10T16:47:16+08:00][sql] INSERT INTO `gxfc_pay` SET `site_id` = 0 , `out_trade_no` = '20230210164724080001' , `pay_body` = '会员充值套餐，面额：950' , `pay_detail` = '会员充值套餐，面额：950' , `pay_money` = 950 , `pay_no` = '' , `event` = 'MemberRechargeOrderPayNotify' , `return_url` = '' , `pay_status` = 0 , `create_time` = 1676018836 [ RunTime:0.000192s ]
[2023-02-10T16:47:16+08:00][sql] SHOW FULL COLUMNS FROM `gxfc_cron` [ RunTime:0.000513s ]
[2023-02-10T16:47:16+08:00][sql] INSERT INTO `gxfc_cron` SET `type` = 1 , `period` = 0 , `period_type` = 0 , `name` = '订单自动关闭' , `event` = 'MemberRechargeOrderClose' , `execute_time` = 1676020636 , `relate_id` = 226 , `create_time` = 1676018836 [ RunTime:0.000179s ]
[2023-02-10T17:17:20+08:00][sql] CONNECT:[ UseTime:0.000346s ] mysql:host=127.0.0.1;port=3306;dbname=xiaofu;charset=utf8
[2023-02-10T17:17:20+08:00][sql] SHOW FULL COLUMNS FROM `gxfc_member` [ RunTime:0.000995s ]
[2023-02-10T17:17:20+08:00][sql] SELECT `member_id` FROM `gxfc_member` WHERE  `status` = 0 [ RunTime:0.000184s ]
[2023-02-10T17:17:20+08:00][sql] SELECT `member_id`,`source_member`,`fenxiao_id`,`is_fenxiao`,`username`,`nickname`,`mobile`,`email`,`password`,`status`,`headimg`,`member_level`,`member_level_name`,`member_label`,`member_label_name`,`qq`,`qq_openid`,`wx_openid`,`weapp_openid`,`wx_unionid`,`ali_openid`,`baidu_openid`,`toutiao_openid`,`douyin_openid`,`login_ip`,`login_type`,`login_time`,`last_login_ip`,`last_login_type`,`last_login_time`,`login_num`,`realname`,`sex`,`location`,`birthday`,`reg_time`,`point`,`balance`,`growth`,`balance_money`,`account5`,`is_auth`,`sign_time`,`sign_days_series`,`pay_password`,`order_money`,`order_complete_money`,`order_num`,`order_complete_num`,`balance_withdraw_apply`,`balance_withdraw`,`is_delete`,`login_type_name`,`hospital_id`,`is_commander`,`self_cl_id`,`hospital_name`,`self_leader_name`,`cl_id`,`is_fenxiao_order`,`expiration_time`,`start_time`,`is_fenxiao_charge`,`is_juese`,`company_id`,`company_name`,`biaoqian`,`biao_name`,`position_name`,`position_id`,`bumen_id`,`bumen_name`,`card_id`,`paper`,`source_type`,`is_vip`,`is_referral`,`is_card_list` FROM `gxfc_member` WHERE  `member_id` = 2408 LIMIT 1 [ RunTime:0.000394s ]
[2023-02-10T17:17:20+08:00][sql] SHOW FULL COLUMNS FROM `gxfc_member_level` [ RunTime:0.000659s ]
[2023-02-10T17:17:20+08:00][sql] SELECT `level_id`,`level_name`,`sort`,`growth`,`remark`,`is_default`,`discount`,`check_rate`,`is_geren`,`youhui` FROM `gxfc_member_level` WHERE  `level_id` = 1 LIMIT 1 [ RunTime:0.000198s ]
[2023-02-10T17:17:20+08:00][sql] SHOW FULL COLUMNS FROM `gxfc_card` [ RunTime:0.000678s ]
[2023-02-10T17:17:20+08:00][sql] SELECT `is_vip`,`vip_create_time`,`vip_end_time` FROM `gxfc_card` WHERE  `id` = 2458 LIMIT 1 [ RunTime:0.000154s ]
[2023-02-10T17:17:20+08:00][sql] SELECT `headimg`,`nickname` FROM `gxfc_member` WHERE  `member_id` = 2408  AND `is_delete` = 0 LIMIT 1 [ RunTime:0.000213s ]
[2023-02-10T17:17:20+08:00][sql] SHOW FULL COLUMNS FROM `gxfc_member_recharge_order` [ RunTime:0.000626s ]
[2023-02-10T17:17:20+08:00][sql] INSERT INTO `gxfc_member_recharge_order` SET `recharge_id` = 0 , `order_no` = '20230210171724080001' , `out_trade_no` = '20230210171724080001' , `recharge_name` = '其他' , `cover_img` = '' , `face_value` = 0.1 , `buy_price` = 0.1 , `point` = 0 , `growth` = 0 , `coupon_id` = 0 , `status` = 1 , `create_time` = 1676020640 , `member_id` = 2408 , `member_img` = 'upload/headimg/20230208/20230208111458167582609835487.png' , `nickname` = '甘霖' , `order_from` = 'wechat' , `order_from_name` = '小程序' , `level` = 0 , `type` = 1 , `discount` = 1 , `check_rate` = 10 , `card_id` = 2458 , `is_shangye` = 0 [ RunTime:0.000267s ]
[2023-02-10T17:17:20+08:00][sql] SHOW FULL COLUMNS FROM `gxfc_pay` [ RunTime:0.000536s ]
[2023-02-10T17:17:20+08:00][sql] INSERT INTO `gxfc_pay` SET `site_id` = 0 , `out_trade_no` = '20230210171724080001' , `pay_body` = '会员充值套餐，面额：0.1' , `pay_detail` = '会员充值套餐，面额：0.1' , `pay_money` = 0.1 , `pay_no` = '' , `event` = 'MemberRechargeOrderPayNotify' , `return_url` = '' , `pay_status` = 0 , `create_time` = 1676020640 [ RunTime:0.000196s ]
[2023-02-10T17:17:20+08:00][sql] SHOW FULL COLUMNS FROM `gxfc_cron` [ RunTime:0.000518s ]
[2023-02-10T17:17:20+08:00][sql] INSERT INTO `gxfc_cron` SET `type` = 1 , `period` = 0 , `period_type` = 0 , `name` = '订单自动关闭' , `event` = 'MemberRechargeOrderClose' , `execute_time` = 1676022440 , `relate_id` = 227 , `create_time` = 1676020640 [ RunTime:0.000177s ]
