[2022-12-01T10:24:01+08:00][sql] CONNECT:[ UseTime:0.000539s ] mysql:host=127.0.0.1;port=3306;dbname=hunqin;charset=utf8
[2022-12-01T10:24:01+08:00][sql] SHOW FULL COLUMNS FROM `gxfc_goods_sku` [ RunTime:0.001617s ]
[2022-12-01T10:24:01+08:00][sql] SELECT COUNT(*) AS think_count FROM `gxfc_goods_sku` `gs` INNER JOIN `gxfc_goods` `g` ON `gs`.`sku_id`=`g`.`sku_id` INNER JOIN `gxfc_shop` `s` ON `s`.`site_id`=`gs`.`site_id` WHERE  `gs`.`goods_state` = 1  AND `gs`.`verify_state` = 1  AND `gs`.`is_delete` = 0  AND `s`.`shop_status` = 1 ORDER BY `gs`.`sort` DESC,`gs`.`create_time` DESC [ RunTime:0.000931s ]
[2022-12-01T10:24:01+08:00][sql] SELECT `gs`.`goods_id`,`gs`.`sku_id`,`gs`.`sku_name`,`gs`.`price`,`gs`.`market_price`,`gs`.`discount_price`,`gs`.`stock`,`gs`.`sale_num`,`gs`.`sku_image`,`gs`.`goods_name`,`gs`.`site_id`,`gs`.`website_id`,`gs`.`is_own`,`gs`.`is_free_shipping`,`gs`.`introduction`,`gs`.`promotion_type`,`g`.`goods_image`,`gs`.`is_lease`,`s`.`site_name`,`s`.`logo` FROM `gxfc_goods_sku` `gs` INNER JOIN `gxfc_goods` `g` ON `gs`.`sku_id`=`g`.`sku_id` INNER JOIN `gxfc_shop` `s` ON `s`.`site_id`=`gs`.`site_id` WHERE  `gs`.`goods_state` = 1  AND `gs`.`verify_state` = 1  AND `gs`.`is_delete` = 0  AND `s`.`shop_status` = 1 ORDER BY `gs`.`sort` DESC,`gs`.`create_time` DESC LIMIT 0,10 [ RunTime:0.001128s ]
[2022-12-01T10:24:01+08:00][sql] CONNECT:[ UseTime:0.000546s ] mysql:host=127.0.0.1;port=3306;dbname=hunqin;charset=utf8
[2022-12-01T10:24:01+08:00][sql] SHOW FULL COLUMNS FROM `gxfc_site_diy_view` [ RunTime:0.000818s ]
[2022-12-01T10:24:01+08:00][sql] UPDATE `gxfc_site_diy_view`  SET `click_num` = `click_num` + 1  WHERE  `name` = 'DIY_VIEW_INDEX' [ RunTime:0.008834s ]
[2022-12-01T10:24:01+08:00][sql] SELECT `sdv`.`id`,`sdv`.`site_id`,`sdv`.`name`,`sdv`.`title`,`sdv`.`value`,`sdv`.`type`,`dvt`.`addon_name` FROM `gxfc_site_diy_view` `sdv` LEFT JOIN `gxfc_diy_view_temp` `dvt` ON `sdv`.`name`=`dvt`.`name` WHERE  `sdv`.`name` = 'DIY_VIEW_INDEX' LIMIT 1 [ RunTime:0.000900s ]
[2022-12-01T10:24:12+08:00][sql] CONNECT:[ UseTime:0.000426s ] mysql:host=127.0.0.1;port=3306;dbname=hunqin;charset=utf8
[2022-12-01T10:24:12+08:00][sql] SHOW FULL COLUMNS FROM `gxfc_member` [ RunTime:0.000864s ]
[2022-12-01T10:24:12+08:00][sql] SELECT `member_id`,`username`,`nickname`,`mobile`,`email`,`status`,`last_login_time` FROM `gxfc_member` WHERE  `weapp_openid` = 'oqyYV49Pbf2WNuvqKnrLUTn1wPCc'  AND `is_delete` = 0 LIMIT 1 [ RunTime:0.000377s ]
[2022-12-01T10:24:12+08:00][sql] UPDATE `gxfc_member`  SET `login_time` = 1669861452 , `login_type` = 'weapp' , `login_type_name` = '微信小程序' , `last_login_time` = 1669861452 , `login_ip` = '223.104.20.23'  WHERE  `member_id` = 2387 [ RunTime:0.008637s ]
[2022-12-01T10:24:12+08:00][sql] SELECT `username`,`mobile`,`email`,`reg_time`,`wx_openid`,`last_login_type`,`login_time` FROM `gxfc_member` WHERE  `member_id` = 2387  AND `is_delete` = 0 LIMIT 1 [ RunTime:0.000464s ]
[2022-12-01T10:24:12+08:00][sql] SHOW FULL COLUMNS FROM `gxfc_message_sms_records` [ RunTime:0.000642s ]
[2022-12-01T10:24:12+08:00][sql] INSERT INTO `gxfc_message_sms_records` SET `account` = '15271600813' , `status` = 0 , `addon` = '' , `addon_name` = '' , `content` = '' , `var_parse` = '{\"name\":\"\"}' , `keywords` = 'LOGIN' , `create_time` = 1669861452 , `send_time` = 0 , `result` = '没有可用的短信发送方式' , `keywords_name` = '会员登录' [ RunTime:0.005631s ]
[2022-12-01T10:24:12+08:00][sql] UPDATE `gxfc_member`  SET `weapp_openid` = ''  WHERE  `weapp_openid` = 'oqyYV49Pbf2WNuvqKnrLUTn1wPCc'  AND `is_delete` = 0 [ RunTime:0.005749s ]
[2022-12-01T10:24:12+08:00][sql] UPDATE `gxfc_member`  SET `weapp_openid` = 'oqyYV49Pbf2WNuvqKnrLUTn1wPCc'  WHERE  `member_id` = 2387  AND `is_delete` = 0 [ RunTime:0.006434s ]
[2022-12-01T10:24:12+08:00][sql] UPDATE `gxfc_member`  SET `wx_unionid` = ''  WHERE  `wx_unionid` = 'on2pR58cL1x9OEJk5A6nN9h5tXHw'  AND `is_delete` = 0 [ RunTime:0.005931s ]
[2022-12-01T10:24:12+08:00][sql] UPDATE `gxfc_member`  SET `wx_unionid` = 'on2pR58cL1x9OEJk5A6nN9h5tXHw'  WHERE  `member_id` = 2387  AND `is_delete` = 0 [ RunTime:0.005600s ]
[2022-12-01T10:24:12+08:00][sql] SHOW FULL COLUMNS FROM `gxfc_wechat_fans` [ RunTime:0.003808s ]
[2022-12-01T10:24:12+08:00][sql] SELECT `fans_id`,`nickname`,`nickname_decode`,`headimgurl`,`sex`,`language`,`country`,`province`,`city`,`district`,`openid`,`unionid`,`groupid`,`is_subscribe`,`remark`,`subscribe_time`,`subscribe_scene`,`unsubscribe_time`,`update_date`,`tagid_list`,`subscribe_scene_name`,`qr_scene`,`qr_scene_str` FROM `gxfc_wechat_fans` WHERE  `unionid` = 'on2pR58cL1x9OEJk5A6nN9h5tXHw' LIMIT 1 [ RunTime:0.000396s ]
[2022-12-01T10:24:12+08:00][sql] UPDATE `gxfc_member`  SET `wx_openid` = ''  WHERE  `wx_openid` = 'oa2ys55DTznCYIvT7B5-EF7ORkRQ'  AND `is_delete` = 0 [ RunTime:0.005461s ]
[2022-12-01T10:24:12+08:00][sql] UPDATE `gxfc_member`  SET `wx_openid` = 'oa2ys55DTznCYIvT7B5-EF7ORkRQ'  WHERE  `member_id` = 2387  AND `is_delete` = 0 [ RunTime:0.006693s ]
[2022-12-01T10:24:12+08:00][sql] CONNECT:[ UseTime:0.000426s ] mysql:host=127.0.0.1;port=3306;dbname=hunqin;charset=utf8
[2022-12-01T10:24:12+08:00][sql] SHOW FULL COLUMNS FROM `gxfc_member` [ RunTime:0.000907s ]
[2022-12-01T10:24:12+08:00][sql] SELECT `member_id` FROM `gxfc_member` WHERE  `status` = 0 [ RunTime:0.000305s ]
[2022-12-01T10:24:12+08:00][sql] SELECT `member_id`,`source_member`,`fenxiao_id`,`is_fenxiao`,`username`,`nickname`,`mobile`,`email`,`password`,`status`,`headimg`,`member_level`,`member_level_name`,`member_label`,`member_label_name`,`qq`,`qq_openid`,`wx_openid`,`weapp_openid`,`wx_unionid`,`ali_openid`,`baidu_openid`,`toutiao_openid`,`douyin_openid`,`login_ip`,`login_type`,`login_time`,`last_login_ip`,`last_login_type`,`last_login_time`,`login_num`,`realname`,`sex`,`location`,`birthday`,`reg_time`,`point`,`balance`,`growth`,`balance_money`,`account5`,`is_auth`,`sign_time`,`sign_days_series`,`pay_password`,`order_money`,`order_complete_money`,`order_num`,`order_complete_num`,`balance_withdraw_apply`,`balance_withdraw`,`is_delete`,`login_type_name`,`hospital_id`,`is_commander`,`self_cl_id`,`hospital_name`,`self_leader_name`,`cl_id`,`is_fenxiao_order`,`expiration_time`,`start_time`,`is_fenxiao_charge` FROM `gxfc_member` WHERE  `member_id` = 2387 LIMIT 1 [ RunTime:0.000556s ]
[2022-12-01T10:24:12+08:00][sql] SELECT `member_id`,`source_member`,`username`,`nickname`,`mobile`,`email`,`password`,`status`,`headimg`,`member_level`,`member_level_name`,`member_label`,`member_label_name`,`qq`,`qq_openid`,`wx_openid`,`wx_unionid`,`ali_openid`,`baidu_openid`,`toutiao_openid`,`douyin_openid`,`realname`,`sex`,`location`,`birthday`,`point`,`balance`,`balance_money`,`growth`,`sign_days_series`,`hospital_id`,`self_cl_id`,`hospital_name`,`start_time`,`expiration_time`,`is_fenxiao` FROM `gxfc_member` WHERE  `member_id` = 2387  AND `is_delete` = 0 LIMIT 1 [ RunTime:0.000373s ]
[2022-12-01T10:24:12+08:00][sql] SHOW FULL COLUMNS FROM `gxfc_user` [ RunTime:0.000557s ]
[2022-12-01T10:24:12+08:00][sql] SELECT `uid`,`app_module`,`app_group`,`is_admin`,`site_id`,`group_id`,`group_name`,`username`,`password`,`member_id`,`create_time`,`update_time`,`status`,`login_time`,`login_ip` FROM `gxfc_user` WHERE  `member_id` = 2387 LIMIT 1 [ RunTime:0.000274s ]
[2022-12-01T10:24:12+08:00][sql] SHOW FULL COLUMNS FROM `gxfc_customer_operational` [ RunTime:0.000403s ]
[2022-12-01T10:24:12+08:00][sql] SELECT `id` FROM `gxfc_customer_operational` WHERE  `member_id` = 2387 LIMIT 1 [ RunTime:0.000213s ]
[2022-12-01T10:24:12+08:00][sql] CONNECT:[ UseTime:0.000429s ] mysql:host=127.0.0.1;port=3306;dbname=hunqin;charset=utf8
[2022-12-01T10:24:12+08:00][sql] SHOW FULL COLUMNS FROM `gxfc_member` [ RunTime:0.000781s ]
[2022-12-01T10:24:12+08:00][sql] SELECT `member_id` FROM `gxfc_member` WHERE  `status` = 0 [ RunTime:0.000273s ]
[2022-12-01T10:24:12+08:00][sql] SELECT `member_id`,`source_member`,`fenxiao_id`,`is_fenxiao`,`username`,`nickname`,`mobile`,`email`,`password`,`status`,`headimg`,`member_level`,`member_level_name`,`member_label`,`member_label_name`,`qq`,`qq_openid`,`wx_openid`,`weapp_openid`,`wx_unionid`,`ali_openid`,`baidu_openid`,`toutiao_openid`,`douyin_openid`,`login_ip`,`login_type`,`login_time`,`last_login_ip`,`last_login_type`,`last_login_time`,`login_num`,`realname`,`sex`,`location`,`birthday`,`reg_time`,`point`,`balance`,`growth`,`balance_money`,`account5`,`is_auth`,`sign_time`,`sign_days_series`,`pay_password`,`order_money`,`order_complete_money`,`order_num`,`order_complete_num`,`balance_withdraw_apply`,`balance_withdraw`,`is_delete`,`login_type_name`,`hospital_id`,`is_commander`,`self_cl_id`,`hospital_name`,`self_leader_name`,`cl_id`,`is_fenxiao_order`,`expiration_time`,`start_time`,`is_fenxiao_charge` FROM `gxfc_member` WHERE  `member_id` = 2387 LIMIT 1 [ RunTime:0.000548s ]
[2022-12-01T10:24:12+08:00][sql] SHOW FULL COLUMNS FROM `gxfc_order` [ RunTime:0.000999s ]
[2022-12-01T10:24:12+08:00][sql] SELECT COUNT(*) AS think_count FROM `gxfc_order` WHERE  `member_id` = 2387  AND `order_status` = 0 [ RunTime:0.000327s ]
[2022-12-01T10:24:12+08:00][sql] SELECT COUNT(*) AS think_count FROM `gxfc_order` WHERE  `member_id` = 2387  AND `order_status` = 1 [ RunTime:0.000301s ]
[2022-12-01T10:24:12+08:00][sql] SELECT COUNT(*) AS think_count FROM `gxfc_order` WHERE  `member_id` = 2387  AND `order_status` = 3 [ RunTime:0.000289s ]
[2022-12-01T10:24:12+08:00][sql] SELECT COUNT(*) AS think_count FROM `gxfc_order` WHERE  `member_id` = 2387  AND `order_status` IN (4,10)  AND `is_evaluate` = 1 [ RunTime:0.000349s ]
[2022-12-01T10:24:12+08:00][sql] SHOW FULL COLUMNS FROM `gxfc_order_goods` [ RunTime:0.000690s ]
[2022-12-01T10:24:12+08:00][sql] SELECT COUNT(*) AS think_count FROM `gxfc_order_goods` WHERE  `member_id` = 2387  AND `refund_status` IN (-1,1,2,4,5,6) [ RunTime:0.000897s ]
[2022-12-01T10:24:13+08:00][sql] CONNECT:[ UseTime:0.000475s ] mysql:host=127.0.0.1;port=3306;dbname=hunqin;charset=utf8
[2022-12-01T10:24:13+08:00][sql] SHOW FULL COLUMNS FROM `gxfc_member` [ RunTime:0.000818s ]
[2022-12-01T10:24:13+08:00][sql] SELECT `member_id`,`username`,`nickname`,`mobile`,`email`,`status`,`last_login_time` FROM `gxfc_member` WHERE  `weapp_openid` = 'oqyYV49Pbf2WNuvqKnrLUTn1wPCc'  AND `is_delete` = 0 LIMIT 1 [ RunTime:0.000373s ]
[2022-12-01T10:24:13+08:00][sql] UPDATE `gxfc_member`  SET `login_time` = 1669861453 , `login_type` = 'weapp' , `login_type_name` = '微信小程序' , `last_login_time` = 1669861453 , `login_ip` = '223.104.20.23'  WHERE  `member_id` = 2387 [ RunTime:0.008607s ]
[2022-12-01T10:24:13+08:00][sql] SELECT `username`,`mobile`,`email`,`reg_time`,`wx_openid`,`last_login_type`,`login_time` FROM `gxfc_member` WHERE  `member_id` = 2387  AND `is_delete` = 0 LIMIT 1 [ RunTime:0.000415s ]
[2022-12-01T10:24:13+08:00][sql] SHOW FULL COLUMNS FROM `gxfc_message_sms_records` [ RunTime:0.000764s ]
[2022-12-01T10:24:13+08:00][sql] INSERT INTO `gxfc_message_sms_records` SET `account` = '15271600813' , `status` = 0 , `addon` = '' , `addon_name` = '' , `content` = '' , `var_parse` = '{\"name\":\"\"}' , `keywords` = 'LOGIN' , `create_time` = 1669861453 , `send_time` = 0 , `result` = '没有可用的短信发送方式' , `keywords_name` = '会员登录' [ RunTime:0.008177s ]
[2022-12-01T10:24:13+08:00][sql] UPDATE `gxfc_member`  SET `weapp_openid` = ''  WHERE  `weapp_openid` = 'oqyYV49Pbf2WNuvqKnrLUTn1wPCc'  AND `is_delete` = 0 [ RunTime:0.008193s ]
[2022-12-01T10:24:13+08:00][sql] UPDATE `gxfc_member`  SET `weapp_openid` = 'oqyYV49Pbf2WNuvqKnrLUTn1wPCc'  WHERE  `member_id` = 2387  AND `is_delete` = 0 [ RunTime:0.007471s ]
[2022-12-01T10:24:13+08:00][sql] UPDATE `gxfc_member`  SET `wx_unionid` = ''  WHERE  `wx_unionid` = 'on2pR58cL1x9OEJk5A6nN9h5tXHw'  AND `is_delete` = 0 [ RunTime:0.006580s ]
[2022-12-01T10:24:13+08:00][sql] UPDATE `gxfc_member`  SET `wx_unionid` = 'on2pR58cL1x9OEJk5A6nN9h5tXHw'  WHERE  `member_id` = 2387  AND `is_delete` = 0 [ RunTime:0.005752s ]
[2022-12-01T10:24:13+08:00][sql] SHOW FULL COLUMNS FROM `gxfc_wechat_fans` [ RunTime:0.000687s ]
[2022-12-01T10:24:13+08:00][sql] SELECT `fans_id`,`nickname`,`nickname_decode`,`headimgurl`,`sex`,`language`,`country`,`province`,`city`,`district`,`openid`,`unionid`,`groupid`,`is_subscribe`,`remark`,`subscribe_time`,`subscribe_scene`,`unsubscribe_time`,`update_date`,`tagid_list`,`subscribe_scene_name`,`qr_scene`,`qr_scene_str` FROM `gxfc_wechat_fans` WHERE  `unionid` = 'on2pR58cL1x9OEJk5A6nN9h5tXHw' LIMIT 1 [ RunTime:0.000403s ]
[2022-12-01T10:24:13+08:00][sql] UPDATE `gxfc_member`  SET `wx_openid` = ''  WHERE  `wx_openid` = 'oa2ys55DTznCYIvT7B5-EF7ORkRQ'  AND `is_delete` = 0 [ RunTime:0.010475s ]
[2022-12-01T10:24:13+08:00][sql] UPDATE `gxfc_member`  SET `wx_openid` = 'oa2ys55DTznCYIvT7B5-EF7ORkRQ'  WHERE  `member_id` = 2387  AND `is_delete` = 0 [ RunTime:0.006065s ]
[2022-12-01T10:24:13+08:00][sql] CONNECT:[ UseTime:0.000435s ] mysql:host=127.0.0.1;port=3306;dbname=hunqin;charset=utf8
[2022-12-01T10:24:13+08:00][sql] SHOW FULL COLUMNS FROM `gxfc_member` [ RunTime:0.000853s ]
[2022-12-01T10:24:13+08:00][sql] SELECT `member_id` FROM `gxfc_member` WHERE  `status` = 0 [ RunTime:0.000297s ]
[2022-12-01T10:24:13+08:00][sql] SELECT `member_id`,`source_member`,`fenxiao_id`,`is_fenxiao`,`username`,`nickname`,`mobile`,`email`,`password`,`status`,`headimg`,`member_level`,`member_level_name`,`member_label`,`member_label_name`,`qq`,`qq_openid`,`wx_openid`,`weapp_openid`,`wx_unionid`,`ali_openid`,`baidu_openid`,`toutiao_openid`,`douyin_openid`,`login_ip`,`login_type`,`login_time`,`last_login_ip`,`last_login_type`,`last_login_time`,`login_num`,`realname`,`sex`,`location`,`birthday`,`reg_time`,`point`,`balance`,`growth`,`balance_money`,`account5`,`is_auth`,`sign_time`,`sign_days_series`,`pay_password`,`order_money`,`order_complete_money`,`order_num`,`order_complete_num`,`balance_withdraw_apply`,`balance_withdraw`,`is_delete`,`login_type_name`,`hospital_id`,`is_commander`,`self_cl_id`,`hospital_name`,`self_leader_name`,`cl_id`,`is_fenxiao_order`,`expiration_time`,`start_time`,`is_fenxiao_charge` FROM `gxfc_member` WHERE  `member_id` = 2387 LIMIT 1 [ RunTime:0.000508s ]
[2022-12-01T10:24:13+08:00][sql] SELECT `member_id`,`source_member`,`username`,`nickname`,`mobile`,`email`,`password`,`status`,`headimg`,`member_level`,`member_level_name`,`member_label`,`member_label_name`,`qq`,`qq_openid`,`wx_openid`,`wx_unionid`,`ali_openid`,`baidu_openid`,`toutiao_openid`,`douyin_openid`,`realname`,`sex`,`location`,`birthday`,`point`,`balance`,`balance_money`,`growth`,`sign_days_series`,`hospital_id`,`self_cl_id`,`hospital_name`,`start_time`,`expiration_time`,`is_fenxiao` FROM `gxfc_member` WHERE  `member_id` = 2387  AND `is_delete` = 0 LIMIT 1 [ RunTime:0.000367s ]
[2022-12-01T10:24:13+08:00][sql] SHOW FULL COLUMNS FROM `gxfc_user` [ RunTime:0.000551s ]
[2022-12-01T10:24:13+08:00][sql] SELECT `uid`,`app_module`,`app_group`,`is_admin`,`site_id`,`group_id`,`group_name`,`username`,`password`,`member_id`,`create_time`,`update_time`,`status`,`login_time`,`login_ip` FROM `gxfc_user` WHERE  `member_id` = 2387 LIMIT 1 [ RunTime:0.000306s ]
[2022-12-01T10:24:13+08:00][sql] SHOW FULL COLUMNS FROM `gxfc_customer_operational` [ RunTime:0.000434s ]
[2022-12-01T10:24:13+08:00][sql] SELECT `id` FROM `gxfc_customer_operational` WHERE  `member_id` = 2387 LIMIT 1 [ RunTime:0.000237s ]
[2022-12-01T10:24:13+08:00][sql] CONNECT:[ UseTime:0.000422s ] mysql:host=127.0.0.1;port=3306;dbname=hunqin;charset=utf8
[2022-12-01T10:24:13+08:00][sql] SHOW FULL COLUMNS FROM `gxfc_member` [ RunTime:0.000830s ]
[2022-12-01T10:24:13+08:00][sql] SELECT `member_id` FROM `gxfc_member` WHERE  `status` = 0 [ RunTime:0.000302s ]
[2022-12-01T10:24:13+08:00][sql] SELECT `member_id`,`source_member`,`fenxiao_id`,`is_fenxiao`,`username`,`nickname`,`mobile`,`email`,`password`,`status`,`headimg`,`member_level`,`member_level_name`,`member_label`,`member_label_name`,`qq`,`qq_openid`,`wx_openid`,`weapp_openid`,`wx_unionid`,`ali_openid`,`baidu_openid`,`toutiao_openid`,`douyin_openid`,`login_ip`,`login_type`,`login_time`,`last_login_ip`,`last_login_type`,`last_login_time`,`login_num`,`realname`,`sex`,`location`,`birthday`,`reg_time`,`point`,`balance`,`growth`,`balance_money`,`account5`,`is_auth`,`sign_time`,`sign_days_series`,`pay_password`,`order_money`,`order_complete_money`,`order_num`,`order_complete_num`,`balance_withdraw_apply`,`balance_withdraw`,`is_delete`,`login_type_name`,`hospital_id`,`is_commander`,`self_cl_id`,`hospital_name`,`self_leader_name`,`cl_id`,`is_fenxiao_order`,`expiration_time`,`start_time`,`is_fenxiao_charge` FROM `gxfc_member` WHERE  `member_id` = 2387 LIMIT 1 [ RunTime:0.000518s ]
[2022-12-01T10:24:13+08:00][sql] SHOW FULL COLUMNS FROM `gxfc_order` [ RunTime:0.001014s ]
[2022-12-01T10:24:13+08:00][sql] SELECT COUNT(*) AS think_count FROM `gxfc_order` WHERE  `member_id` = 2387  AND `order_status` = 0 [ RunTime:0.000305s ]
[2022-12-01T10:24:13+08:00][sql] SELECT COUNT(*) AS think_count FROM `gxfc_order` WHERE  `member_id` = 2387  AND `order_status` = 1 [ RunTime:0.000332s ]
[2022-12-01T10:24:13+08:00][sql] SELECT COUNT(*) AS think_count FROM `gxfc_order` WHERE  `member_id` = 2387  AND `order_status` = 3 [ RunTime:0.000311s ]
[2022-12-01T10:24:13+08:00][sql] SELECT COUNT(*) AS think_count FROM `gxfc_order` WHERE  `member_id` = 2387  AND `order_status` IN (4,10)  AND `is_evaluate` = 1 [ RunTime:0.000324s ]
[2022-12-01T10:24:13+08:00][sql] SHOW FULL COLUMNS FROM `gxfc_order_goods` [ RunTime:0.000674s ]
[2022-12-01T10:24:13+08:00][sql] SELECT COUNT(*) AS think_count FROM `gxfc_order_goods` WHERE  `member_id` = 2387  AND `refund_status` IN (-1,1,2,4,5,6) [ RunTime:0.000882s ]
[2022-12-01T10:31:29+08:00][sql] CONNECT:[ UseTime:0.000424s ] mysql:host=127.0.0.1;port=3306;dbname=hunqin;charset=utf8
[2022-12-01T10:31:29+08:00][sql] SHOW FULL COLUMNS FROM `gxfc_member` [ RunTime:0.000996s ]
[2022-12-01T10:31:29+08:00][sql] SELECT `member_id` FROM `gxfc_member` WHERE  `status` = 0 [ RunTime:0.000380s ]
[2022-12-01T10:31:29+08:00][sql] SELECT `member_id`,`source_member`,`fenxiao_id`,`is_fenxiao`,`username`,`nickname`,`mobile`,`email`,`password`,`status`,`headimg`,`member_level`,`member_level_name`,`member_label`,`member_label_name`,`qq`,`qq_openid`,`wx_openid`,`weapp_openid`,`wx_unionid`,`ali_openid`,`baidu_openid`,`toutiao_openid`,`douyin_openid`,`login_ip`,`login_type`,`login_time`,`last_login_ip`,`last_login_type`,`last_login_time`,`login_num`,`realname`,`sex`,`location`,`birthday`,`reg_time`,`point`,`balance`,`growth`,`balance_money`,`account5`,`is_auth`,`sign_time`,`sign_days_series`,`pay_password`,`order_money`,`order_complete_money`,`order_num`,`order_complete_num`,`balance_withdraw_apply`,`balance_withdraw`,`is_delete`,`login_type_name`,`hospital_id`,`is_commander`,`self_cl_id`,`hospital_name`,`self_leader_name`,`cl_id`,`is_fenxiao_order`,`expiration_time`,`start_time`,`is_fenxiao_charge` FROM `gxfc_member` WHERE  `member_id` = 2387 LIMIT 1 [ RunTime:0.000555s ]
[2022-12-01T10:31:29+08:00][sql] SELECT `member_id`,`source_member`,`username`,`nickname`,`mobile`,`email`,`password`,`status`,`headimg`,`member_level`,`member_level_name`,`member_label`,`member_label_name`,`qq`,`qq_openid`,`wx_openid`,`wx_unionid`,`ali_openid`,`baidu_openid`,`toutiao_openid`,`douyin_openid`,`realname`,`sex`,`location`,`birthday`,`point`,`balance`,`balance_money`,`growth`,`sign_days_series`,`hospital_id`,`self_cl_id`,`hospital_name`,`start_time`,`expiration_time`,`is_fenxiao` FROM `gxfc_member` WHERE  `member_id` = 2387  AND `is_delete` = 0 LIMIT 1 [ RunTime:0.000416s ]
[2022-12-01T10:31:29+08:00][sql] SHOW FULL COLUMNS FROM `gxfc_user` [ RunTime:0.000569s ]
[2022-12-01T10:31:29+08:00][sql] SELECT `uid`,`app_module`,`app_group`,`is_admin`,`site_id`,`group_id`,`group_name`,`username`,`password`,`member_id`,`create_time`,`update_time`,`status`,`login_time`,`login_ip` FROM `gxfc_user` WHERE  `member_id` = 2387 LIMIT 1 [ RunTime:0.000309s ]
[2022-12-01T10:31:29+08:00][sql] SHOW FULL COLUMNS FROM `gxfc_customer_operational` [ RunTime:0.000421s ]
[2022-12-01T10:31:29+08:00][sql] SELECT `id` FROM `gxfc_customer_operational` WHERE  `member_id` = 2387 LIMIT 1 [ RunTime:0.000205s ]
[2022-12-01T10:31:29+08:00][sql] CONNECT:[ UseTime:0.000447s ] mysql:host=127.0.0.1;port=3306;dbname=hunqin;charset=utf8
[2022-12-01T10:31:29+08:00][sql] SHOW FULL COLUMNS FROM `gxfc_member` [ RunTime:0.000904s ]
[2022-12-01T10:31:29+08:00][sql] SELECT `member_id` FROM `gxfc_member` WHERE  `status` = 0 [ RunTime:0.000381s ]
[2022-12-01T10:31:29+08:00][sql] SELECT `member_id`,`source_member`,`fenxiao_id`,`is_fenxiao`,`username`,`nickname`,`mobile`,`email`,`password`,`status`,`headimg`,`member_level`,`member_level_name`,`member_label`,`member_label_name`,`qq`,`qq_openid`,`wx_openid`,`weapp_openid`,`wx_unionid`,`ali_openid`,`baidu_openid`,`toutiao_openid`,`douyin_openid`,`login_ip`,`login_type`,`login_time`,`last_login_ip`,`last_login_type`,`last_login_time`,`login_num`,`realname`,`sex`,`location`,`birthday`,`reg_time`,`point`,`balance`,`growth`,`balance_money`,`account5`,`is_auth`,`sign_time`,`sign_days_series`,`pay_password`,`order_money`,`order_complete_money`,`order_num`,`order_complete_num`,`balance_withdraw_apply`,`balance_withdraw`,`is_delete`,`login_type_name`,`hospital_id`,`is_commander`,`self_cl_id`,`hospital_name`,`self_leader_name`,`cl_id`,`is_fenxiao_order`,`expiration_time`,`start_time`,`is_fenxiao_charge` FROM `gxfc_member` WHERE  `member_id` = 2387 LIMIT 1 [ RunTime:0.000589s ]
[2022-12-01T10:31:29+08:00][sql] SHOW FULL COLUMNS FROM `gxfc_order` [ RunTime:0.001110s ]
[2022-12-01T10:31:29+08:00][sql] SELECT COUNT(*) AS think_count FROM `gxfc_order` WHERE  `member_id` = 2387  AND `order_status` = 0 [ RunTime:0.000394s ]
[2022-12-01T10:31:29+08:00][sql] SELECT COUNT(*) AS think_count FROM `gxfc_order` WHERE  `member_id` = 2387  AND `order_status` = 1 [ RunTime:0.000326s ]
[2022-12-01T10:31:29+08:00][sql] SELECT COUNT(*) AS think_count FROM `gxfc_order` WHERE  `member_id` = 2387  AND `order_status` = 3 [ RunTime:0.000325s ]
[2022-12-01T10:31:29+08:00][sql] SELECT COUNT(*) AS think_count FROM `gxfc_order` WHERE  `member_id` = 2387  AND `order_status` IN (4,10)  AND `is_evaluate` = 1 [ RunTime:0.000325s ]
[2022-12-01T10:31:29+08:00][sql] SHOW FULL COLUMNS FROM `gxfc_order_goods` [ RunTime:0.000757s ]
[2022-12-01T10:31:29+08:00][sql] SELECT COUNT(*) AS think_count FROM `gxfc_order_goods` WHERE  `member_id` = 2387  AND `refund_status` IN (-1,1,2,4,5,6) [ RunTime:0.000938s ]
[2022-12-01T13:19:52+08:00][sql] CONNECT:[ UseTime:0.000438s ] mysql:host=127.0.0.1;port=3306;dbname=hunqin;charset=utf8
[2022-12-01T13:19:52+08:00][sql] SHOW FULL COLUMNS FROM `gxfc_site_diy_view` [ RunTime:0.000746s ]
[2022-12-01T13:19:52+08:00][sql] CONNECT:[ UseTime:0.000337s ] mysql:host=127.0.0.1;port=3306;dbname=hunqin;charset=utf8
[2022-12-01T13:19:52+08:00][sql] SHOW FULL COLUMNS FROM `gxfc_goods_sku` [ RunTime:0.000976s ]
[2022-12-01T13:19:52+08:00][sql] SELECT COUNT(*) AS think_count FROM `gxfc_goods_sku` `gs` INNER JOIN `gxfc_goods` `g` ON `gs`.`sku_id`=`g`.`sku_id` INNER JOIN `gxfc_shop` `s` ON `s`.`site_id`=`gs`.`site_id` WHERE  `gs`.`goods_state` = 1  AND `gs`.`verify_state` = 1  AND `gs`.`is_delete` = 0  AND `s`.`shop_status` = 1 ORDER BY `gs`.`sort` DESC,`gs`.`create_time` DESC [ RunTime:0.000551s ]
[2022-12-01T13:19:52+08:00][sql] SELECT `gs`.`goods_id`,`gs`.`sku_id`,`gs`.`sku_name`,`gs`.`price`,`gs`.`market_price`,`gs`.`discount_price`,`gs`.`stock`,`gs`.`sale_num`,`gs`.`sku_image`,`gs`.`goods_name`,`gs`.`site_id`,`gs`.`website_id`,`gs`.`is_own`,`gs`.`is_free_shipping`,`gs`.`introduction`,`gs`.`promotion_type`,`g`.`goods_image`,`gs`.`is_lease`,`s`.`site_name`,`s`.`logo` FROM `gxfc_goods_sku` `gs` INNER JOIN `gxfc_goods` `g` ON `gs`.`sku_id`=`g`.`sku_id` INNER JOIN `gxfc_shop` `s` ON `s`.`site_id`=`gs`.`site_id` WHERE  `gs`.`goods_state` = 1  AND `gs`.`verify_state` = 1  AND `gs`.`is_delete` = 0  AND `s`.`shop_status` = 1 ORDER BY `gs`.`sort` DESC,`gs`.`create_time` DESC LIMIT 0,10 [ RunTime:0.000734s ]
[2022-12-01T13:19:52+08:00][sql] UPDATE `gxfc_site_diy_view`  SET `click_num` = `click_num` + 1  WHERE  `name` = 'DIY_VIEW_INDEX' [ RunTime:0.008418s ]
[2022-12-01T13:19:52+08:00][sql] SELECT `sdv`.`id`,`sdv`.`site_id`,`sdv`.`name`,`sdv`.`title`,`sdv`.`value`,`sdv`.`type`,`dvt`.`addon_name` FROM `gxfc_site_diy_view` `sdv` LEFT JOIN `gxfc_diy_view_temp` `dvt` ON `sdv`.`name`=`dvt`.`name` WHERE  `sdv`.`name` = 'DIY_VIEW_INDEX' LIMIT 1 [ RunTime:0.000618s ]
[2022-12-01T13:20:22+08:00][sql] CONNECT:[ UseTime:0.000457s ] mysql:host=127.0.0.1;port=3306;dbname=hunqin;charset=utf8
[2022-12-01T13:20:22+08:00][sql] SHOW FULL COLUMNS FROM `gxfc_member` [ RunTime:0.001055s ]
[2022-12-01T13:20:22+08:00][sql] SELECT `member_id`,`username`,`nickname`,`mobile`,`email`,`status`,`last_login_time` FROM `gxfc_member` WHERE  `weapp_openid` = 'oqyYV49Pbf2WNuvqKnrLUTn1wPCc'  AND `is_delete` = 0 LIMIT 1 [ RunTime:0.000430s ]
[2022-12-01T13:20:22+08:00][sql] UPDATE `gxfc_member`  SET `login_time` = 1669872022 , `login_type` = 'weapp' , `login_type_name` = '微信小程序' , `last_login_time` = 1669872022 , `login_ip` = '27.17.177.202'  WHERE  `member_id` = 2387 [ RunTime:0.008818s ]
[2022-12-01T13:20:22+08:00][sql] SELECT `username`,`mobile`,`email`,`reg_time`,`wx_openid`,`last_login_type`,`login_time` FROM `gxfc_member` WHERE  `member_id` = 2387  AND `is_delete` = 0 LIMIT 1 [ RunTime:0.000492s ]
[2022-12-01T13:20:22+08:00][sql] SHOW FULL COLUMNS FROM `gxfc_message_sms_records` [ RunTime:0.000795s ]
[2022-12-01T13:20:22+08:00][sql] INSERT INTO `gxfc_message_sms_records` SET `account` = '15271600813' , `status` = 0 , `addon` = '' , `addon_name` = '' , `content` = '' , `var_parse` = '{\"name\":\"\"}' , `keywords` = 'LOGIN' , `create_time` = 1669872022 , `send_time` = 0 , `result` = '没有可用的短信发送方式' , `keywords_name` = '会员登录' [ RunTime:0.008823s ]
[2022-12-01T13:20:22+08:00][sql] UPDATE `gxfc_member`  SET `weapp_openid` = ''  WHERE  `weapp_openid` = 'oqyYV49Pbf2WNuvqKnrLUTn1wPCc'  AND `is_delete` = 0 [ RunTime:0.008340s ]
[2022-12-01T13:20:23+08:00][sql] UPDATE `gxfc_member`  SET `weapp_openid` = 'oqyYV49Pbf2WNuvqKnrLUTn1wPCc'  WHERE  `member_id` = 2387  AND `is_delete` = 0 [ RunTime:0.016505s ]
[2022-12-01T13:20:23+08:00][sql] UPDATE `gxfc_member`  SET `wx_unionid` = ''  WHERE  `wx_unionid` = 'on2pR58cL1x9OEJk5A6nN9h5tXHw'  AND `is_delete` = 0 [ RunTime:0.009047s ]
[2022-12-01T13:20:23+08:00][sql] UPDATE `gxfc_member`  SET `wx_unionid` = 'on2pR58cL1x9OEJk5A6nN9h5tXHw'  WHERE  `member_id` = 2387  AND `is_delete` = 0 [ RunTime:0.011323s ]
[2022-12-01T13:20:23+08:00][sql] SHOW FULL COLUMNS FROM `gxfc_wechat_fans` [ RunTime:0.005134s ]
[2022-12-01T13:20:23+08:00][sql] SELECT `fans_id`,`nickname`,`nickname_decode`,`headimgurl`,`sex`,`language`,`country`,`province`,`city`,`district`,`openid`,`unionid`,`groupid`,`is_subscribe`,`remark`,`subscribe_time`,`subscribe_scene`,`unsubscribe_time`,`update_date`,`tagid_list`,`subscribe_scene_name`,`qr_scene`,`qr_scene_str` FROM `gxfc_wechat_fans` WHERE  `unionid` = 'on2pR58cL1x9OEJk5A6nN9h5tXHw' LIMIT 1 [ RunTime:0.000516s ]
[2022-12-01T13:20:23+08:00][sql] UPDATE `gxfc_member`  SET `wx_openid` = ''  WHERE  `wx_openid` = 'oa2ys55DTznCYIvT7B5-EF7ORkRQ'  AND `is_delete` = 0 [ RunTime:0.007193s ]
[2022-12-01T13:20:23+08:00][sql] UPDATE `gxfc_member`  SET `wx_openid` = 'oa2ys55DTznCYIvT7B5-EF7ORkRQ'  WHERE  `member_id` = 2387  AND `is_delete` = 0 [ RunTime:0.006997s ]
[2022-12-01T13:20:23+08:00][sql] CONNECT:[ UseTime:0.000443s ] mysql:host=127.0.0.1;port=3306;dbname=hunqin;charset=utf8
[2022-12-01T13:20:23+08:00][sql] SHOW FULL COLUMNS FROM `gxfc_member` [ RunTime:0.000917s ]
[2022-12-01T13:20:23+08:00][sql] SELECT `member_id` FROM `gxfc_member` WHERE  `status` = 0 [ RunTime:0.000353s ]
[2022-12-01T13:20:23+08:00][sql] SELECT `member_id`,`source_member`,`fenxiao_id`,`is_fenxiao`,`username`,`nickname`,`mobile`,`email`,`password`,`status`,`headimg`,`member_level`,`member_level_name`,`member_label`,`member_label_name`,`qq`,`qq_openid`,`wx_openid`,`weapp_openid`,`wx_unionid`,`ali_openid`,`baidu_openid`,`toutiao_openid`,`douyin_openid`,`login_ip`,`login_type`,`login_time`,`last_login_ip`,`last_login_type`,`last_login_time`,`login_num`,`realname`,`sex`,`location`,`birthday`,`reg_time`,`point`,`balance`,`growth`,`balance_money`,`account5`,`is_auth`,`sign_time`,`sign_days_series`,`pay_password`,`order_money`,`order_complete_money`,`order_num`,`order_complete_num`,`balance_withdraw_apply`,`balance_withdraw`,`is_delete`,`login_type_name`,`hospital_id`,`is_commander`,`self_cl_id`,`hospital_name`,`self_leader_name`,`cl_id`,`is_fenxiao_order`,`expiration_time`,`start_time`,`is_fenxiao_charge` FROM `gxfc_member` WHERE  `member_id` = 2387 LIMIT 1 [ RunTime:0.000577s ]
[2022-12-01T13:20:23+08:00][sql] SELECT `member_id`,`source_member`,`username`,`nickname`,`mobile`,`email`,`password`,`status`,`headimg`,`member_level`,`member_level_name`,`member_label`,`member_label_name`,`qq`,`qq_openid`,`wx_openid`,`wx_unionid`,`ali_openid`,`baidu_openid`,`toutiao_openid`,`douyin_openid`,`realname`,`sex`,`location`,`birthday`,`point`,`balance`,`balance_money`,`growth`,`sign_days_series`,`hospital_id`,`self_cl_id`,`hospital_name`,`start_time`,`expiration_time`,`is_fenxiao` FROM `gxfc_member` WHERE  `member_id` = 2387  AND `is_delete` = 0 LIMIT 1 [ RunTime:0.000427s ]
[2022-12-01T13:20:23+08:00][sql] SHOW FULL COLUMNS FROM `gxfc_user` [ RunTime:0.000588s ]
[2022-12-01T13:20:23+08:00][sql] SELECT `uid`,`app_module`,`app_group`,`is_admin`,`site_id`,`group_id`,`group_name`,`username`,`password`,`member_id`,`create_time`,`update_time`,`status`,`login_time`,`login_ip` FROM `gxfc_user` WHERE  `member_id` = 2387 LIMIT 1 [ RunTime:0.000359s ]
[2022-12-01T13:20:23+08:00][sql] SHOW FULL COLUMNS FROM `gxfc_customer_operational` [ RunTime:0.000482s ]
[2022-12-01T13:20:23+08:00][sql] SELECT `id` FROM `gxfc_customer_operational` WHERE  `member_id` = 2387 LIMIT 1 [ RunTime:0.000255s ]
[2022-12-01T13:20:23+08:00][sql] CONNECT:[ UseTime:0.000457s ] mysql:host=127.0.0.1;port=3306;dbname=hunqin;charset=utf8
[2022-12-01T13:20:23+08:00][sql] SHOW FULL COLUMNS FROM `gxfc_member` [ RunTime:0.000889s ]
[2022-12-01T13:20:23+08:00][sql] SELECT `member_id` FROM `gxfc_member` WHERE  `status` = 0 [ RunTime:0.000299s ]
[2022-12-01T13:20:23+08:00][sql] SELECT `member_id`,`source_member`,`fenxiao_id`,`is_fenxiao`,`username`,`nickname`,`mobile`,`email`,`password`,`status`,`headimg`,`member_level`,`member_level_name`,`member_label`,`member_label_name`,`qq`,`qq_openid`,`wx_openid`,`weapp_openid`,`wx_unionid`,`ali_openid`,`baidu_openid`,`toutiao_openid`,`douyin_openid`,`login_ip`,`login_type`,`login_time`,`last_login_ip`,`last_login_type`,`last_login_time`,`login_num`,`realname`,`sex`,`location`,`birthday`,`reg_time`,`point`,`balance`,`growth`,`balance_money`,`account5`,`is_auth`,`sign_time`,`sign_days_series`,`pay_password`,`order_money`,`order_complete_money`,`order_num`,`order_complete_num`,`balance_withdraw_apply`,`balance_withdraw`,`is_delete`,`login_type_name`,`hospital_id`,`is_commander`,`self_cl_id`,`hospital_name`,`self_leader_name`,`cl_id`,`is_fenxiao_order`,`expiration_time`,`start_time`,`is_fenxiao_charge` FROM `gxfc_member` WHERE  `member_id` = 2387 LIMIT 1 [ RunTime:0.000658s ]
[2022-12-01T13:20:23+08:00][sql] SHOW FULL COLUMNS FROM `gxfc_order` [ RunTime:0.001064s ]
[2022-12-01T13:20:23+08:00][sql] SELECT COUNT(*) AS think_count FROM `gxfc_order` WHERE  `member_id` = 2387  AND `order_status` = 0 [ RunTime:0.000396s ]
[2022-12-01T13:20:23+08:00][sql] SELECT COUNT(*) AS think_count FROM `gxfc_order` WHERE  `member_id` = 2387  AND `order_status` = 1 [ RunTime:0.000303s ]
[2022-12-01T13:20:23+08:00][sql] SELECT COUNT(*) AS think_count FROM `gxfc_order` WHERE  `member_id` = 2387  AND `order_status` = 3 [ RunTime:0.000338s ]
[2022-12-01T13:20:23+08:00][sql] SELECT COUNT(*) AS think_count FROM `gxfc_order` WHERE  `member_id` = 2387  AND `order_status` IN (4,10)  AND `is_evaluate` = 1 [ RunTime:0.000335s ]
[2022-12-01T13:20:23+08:00][sql] SHOW FULL COLUMNS FROM `gxfc_order_goods` [ RunTime:0.000784s ]
[2022-12-01T13:20:23+08:00][sql] SELECT COUNT(*) AS think_count FROM `gxfc_order_goods` WHERE  `member_id` = 2387  AND `refund_status` IN (-1,1,2,4,5,6) [ RunTime:0.000928s ]
[2022-12-01T13:20:28+08:00][sql] CONNECT:[ UseTime:0.000450s ] mysql:host=127.0.0.1;port=3306;dbname=hunqin;charset=utf8
[2022-12-01T13:20:28+08:00][sql] SHOW FULL COLUMNS FROM `gxfc_member` [ RunTime:0.000966s ]
[2022-12-01T13:20:28+08:00][sql] SELECT `member_id` FROM `gxfc_member` WHERE  `status` = 0 [ RunTime:0.000378s ]
[2022-12-01T13:20:28+08:00][sql] SELECT `member_id`,`source_member`,`fenxiao_id`,`is_fenxiao`,`username`,`nickname`,`mobile`,`email`,`password`,`status`,`headimg`,`member_level`,`member_level_name`,`member_label`,`member_label_name`,`qq`,`qq_openid`,`wx_openid`,`weapp_openid`,`wx_unionid`,`ali_openid`,`baidu_openid`,`toutiao_openid`,`douyin_openid`,`login_ip`,`login_type`,`login_time`,`last_login_ip`,`last_login_type`,`last_login_time`,`login_num`,`realname`,`sex`,`location`,`birthday`,`reg_time`,`point`,`balance`,`growth`,`balance_money`,`account5`,`is_auth`,`sign_time`,`sign_days_series`,`pay_password`,`order_money`,`order_complete_money`,`order_num`,`order_complete_num`,`balance_withdraw_apply`,`balance_withdraw`,`is_delete`,`login_type_name`,`hospital_id`,`is_commander`,`self_cl_id`,`hospital_name`,`self_leader_name`,`cl_id`,`is_fenxiao_order`,`expiration_time`,`start_time`,`is_fenxiao_charge` FROM `gxfc_member` WHERE  `member_id` = 2387 LIMIT 1 [ RunTime:0.000565s ]
[2022-12-01T13:20:28+08:00][sql] SELECT `point` FROM `gxfc_member` WHERE  `member_id` = 2387  AND `is_delete` = 0 LIMIT 1 [ RunTime:0.000285s ]
[2022-12-01T13:20:29+08:00][sql] CONNECT:[ UseTime:0.000517s ] mysql:host=127.0.0.1;port=3306;dbname=hunqin;charset=utf8
[2022-12-01T13:20:29+08:00][sql] CONNECT:[ UseTime:0.000342s ] mysql:host=127.0.0.1;port=3306;dbname=hunqin;charset=utf8
[2022-12-01T13:20:29+08:00][sql] SHOW FULL COLUMNS FROM `gxfc_member` [ RunTime:0.001236s ]
[2022-12-01T13:20:29+08:00][sql] SHOW FULL COLUMNS FROM `gxfc_member` [ RunTime:0.001179s ]
[2022-12-01T13:20:29+08:00][sql] SELECT `member_id` FROM `gxfc_member` WHERE  `status` = 0 [ RunTime:0.000393s ]
[2022-12-01T13:20:29+08:00][sql] SELECT `member_id` FROM `gxfc_member` WHERE  `status` = 0 [ RunTime:0.000384s ]
[2022-12-01T13:20:29+08:00][sql] SELECT `member_id`,`source_member`,`fenxiao_id`,`is_fenxiao`,`username`,`nickname`,`mobile`,`email`,`password`,`status`,`headimg`,`member_level`,`member_level_name`,`member_label`,`member_label_name`,`qq`,`qq_openid`,`wx_openid`,`weapp_openid`,`wx_unionid`,`ali_openid`,`baidu_openid`,`toutiao_openid`,`douyin_openid`,`login_ip`,`login_type`,`login_time`,`last_login_ip`,`last_login_type`,`last_login_time`,`login_num`,`realname`,`sex`,`location`,`birthday`,`reg_time`,`point`,`balance`,`growth`,`balance_money`,`account5`,`is_auth`,`sign_time`,`sign_days_series`,`pay_password`,`order_money`,`order_complete_money`,`order_num`,`order_complete_num`,`balance_withdraw_apply`,`balance_withdraw`,`is_delete`,`login_type_name`,`hospital_id`,`is_commander`,`self_cl_id`,`hospital_name`,`self_leader_name`,`cl_id`,`is_fenxiao_order`,`expiration_time`,`start_time`,`is_fenxiao_charge` FROM `gxfc_member` WHERE  `member_id` = 2387 LIMIT 1 [ RunTime:0.000779s ]
[2022-12-01T13:20:29+08:00][sql] SELECT `sign_time` FROM `gxfc_member` WHERE  `member_id` = 2387 LIMIT 1 [ RunTime:0.000323s ]
[2022-12-01T13:20:29+08:00][sql] SELECT `member_id`,`source_member`,`fenxiao_id`,`is_fenxiao`,`username`,`nickname`,`mobile`,`email`,`password`,`status`,`headimg`,`member_level`,`member_level_name`,`member_label`,`member_label_name`,`qq`,`qq_openid`,`wx_openid`,`weapp_openid`,`wx_unionid`,`ali_openid`,`baidu_openid`,`toutiao_openid`,`douyin_openid`,`login_ip`,`login_type`,`login_time`,`last_login_ip`,`last_login_type`,`last_login_time`,`login_num`,`realname`,`sex`,`location`,`birthday`,`reg_time`,`point`,`balance`,`growth`,`balance_money`,`account5`,`is_auth`,`sign_time`,`sign_days_series`,`pay_password`,`order_money`,`order_complete_money`,`order_num`,`order_complete_num`,`balance_withdraw_apply`,`balance_withdraw`,`is_delete`,`login_type_name`,`hospital_id`,`is_commander`,`self_cl_id`,`hospital_name`,`self_leader_name`,`cl_id`,`is_fenxiao_order`,`expiration_time`,`start_time`,`is_fenxiao_charge` FROM `gxfc_member` WHERE  `member_id` = 2387 LIMIT 1 [ RunTime:0.000673s ]
[2022-12-01T13:20:29+08:00][sql] SELECT `member_id`,`source_member`,`username`,`nickname`,`mobile`,`email`,`password`,`status`,`headimg`,`member_level`,`member_level_name`,`member_label`,`member_label_name`,`qq`,`qq_openid`,`wx_openid`,`wx_unionid`,`ali_openid`,`baidu_openid`,`toutiao_openid`,`douyin_openid`,`realname`,`sex`,`location`,`birthday`,`point`,`balance`,`balance_money`,`growth`,`sign_days_series`,`hospital_id`,`self_cl_id`,`hospital_name`,`start_time`,`expiration_time`,`is_fenxiao` FROM `gxfc_member` WHERE  `member_id` = 2387  AND `is_delete` = 0 LIMIT 1 [ RunTime:0.000557s ]
[2022-12-01T13:20:29+08:00][sql] SHOW FULL COLUMNS FROM `gxfc_user` [ RunTime:0.000833s ]
[2022-12-01T13:20:29+08:00][sql] SELECT `uid`,`app_module`,`app_group`,`is_admin`,`site_id`,`group_id`,`group_name`,`username`,`password`,`member_id`,`create_time`,`update_time`,`status`,`login_time`,`login_ip` FROM `gxfc_user` WHERE  `member_id` = 2387 LIMIT 1 [ RunTime:0.000429s ]
[2022-12-01T13:20:29+08:00][sql] SHOW FULL COLUMNS FROM `gxfc_customer_operational` [ RunTime:0.000607s ]
[2022-12-01T13:20:29+08:00][sql] SELECT `id` FROM `gxfc_customer_operational` WHERE  `member_id` = 2387 LIMIT 1 [ RunTime:0.000323s ]
[2022-12-01T13:20:29+08:00][sql] UPDATE `gxfc_member`  SET `sign_days_series` = 0 , `sign_time` = 0  WHERE  `member_id` = 2387 [ RunTime:0.006793s ]
[2022-12-01T13:20:29+08:00][sql] CONNECT:[ UseTime:0.000358s ] mysql:host=127.0.0.1;port=3306;dbname=hunqin;charset=utf8
[2022-12-01T13:20:29+08:00][sql] SHOW FULL COLUMNS FROM `gxfc_member` [ RunTime:0.000917s ]
[2022-12-01T13:20:29+08:00][sql] SELECT `member_id` FROM `gxfc_member` WHERE  `status` = 0 [ RunTime:0.000336s ]
[2022-12-01T13:20:29+08:00][sql] SELECT `member_id`,`source_member`,`fenxiao_id`,`is_fenxiao`,`username`,`nickname`,`mobile`,`email`,`password`,`status`,`headimg`,`member_level`,`member_level_name`,`member_label`,`member_label_name`,`qq`,`qq_openid`,`wx_openid`,`weapp_openid`,`wx_unionid`,`ali_openid`,`baidu_openid`,`toutiao_openid`,`douyin_openid`,`login_ip`,`login_type`,`login_time`,`last_login_ip`,`last_login_type`,`last_login_time`,`login_num`,`realname`,`sex`,`location`,`birthday`,`reg_time`,`point`,`balance`,`growth`,`balance_money`,`account5`,`is_auth`,`sign_time`,`sign_days_series`,`pay_password`,`order_money`,`order_complete_money`,`order_num`,`order_complete_num`,`balance_withdraw_apply`,`balance_withdraw`,`is_delete`,`login_type_name`,`hospital_id`,`is_commander`,`self_cl_id`,`hospital_name`,`self_leader_name`,`cl_id`,`is_fenxiao_order`,`expiration_time`,`start_time`,`is_fenxiao_charge` FROM `gxfc_member` WHERE  `member_id` = 2387 LIMIT 1 [ RunTime:0.000592s ]
[2022-12-01T13:20:29+08:00][sql] SHOW FULL COLUMNS FROM `gxfc_member_log` [ RunTime:0.000642s ]
[2022-12-01T13:20:29+08:00][sql] SELECT `create_time` FROM `gxfc_member_log` WHERE  `member_id` = 2387  AND `create_time` BETWEEN 1669305600 AND 1669872029   AND `action` = 'membersignin' ORDER BY `id` ASC [ RunTime:0.000346s ]
[2022-12-01T13:20:29+08:00][sql] CONNECT:[ UseTime:0.000369s ] mysql:host=127.0.0.1;port=3306;dbname=hunqin;charset=utf8
[2022-12-01T13:20:29+08:00][sql] SHOW FULL COLUMNS FROM `gxfc_member` [ RunTime:0.000859s ]
[2022-12-01T13:20:29+08:00][sql] SELECT `member_id` FROM `gxfc_member` WHERE  `status` = 0 [ RunTime:0.000297s ]
[2022-12-01T13:20:29+08:00][sql] SELECT `member_id`,`source_member`,`fenxiao_id`,`is_fenxiao`,`username`,`nickname`,`mobile`,`email`,`password`,`status`,`headimg`,`member_level`,`member_level_name`,`member_label`,`member_label_name`,`qq`,`qq_openid`,`wx_openid`,`weapp_openid`,`wx_unionid`,`ali_openid`,`baidu_openid`,`toutiao_openid`,`douyin_openid`,`login_ip`,`login_type`,`login_time`,`last_login_ip`,`last_login_type`,`last_login_time`,`login_num`,`realname`,`sex`,`location`,`birthday`,`reg_time`,`point`,`balance`,`growth`,`balance_money`,`account5`,`is_auth`,`sign_time`,`sign_days_series`,`pay_password`,`order_money`,`order_complete_money`,`order_num`,`order_complete_num`,`balance_withdraw_apply`,`balance_withdraw`,`is_delete`,`login_type_name`,`hospital_id`,`is_commander`,`self_cl_id`,`hospital_name`,`self_leader_name`,`cl_id`,`is_fenxiao_order`,`expiration_time`,`start_time`,`is_fenxiao_charge` FROM `gxfc_member` WHERE  `member_id` = 2387 LIMIT 1 [ RunTime:0.000545s ]
[2022-12-01T13:20:29+08:00][sql] SELECT `member_id`,`source_member`,`username`,`nickname`,`mobile`,`email`,`password`,`status`,`headimg`,`member_level`,`member_level_name`,`member_label`,`member_label_name`,`qq`,`qq_openid`,`wx_openid`,`wx_unionid`,`ali_openid`,`baidu_openid`,`toutiao_openid`,`douyin_openid`,`realname`,`sex`,`location`,`birthday`,`point`,`balance`,`balance_money`,`growth`,`sign_days_series`,`hospital_id`,`self_cl_id`,`hospital_name`,`start_time`,`expiration_time`,`is_fenxiao` FROM `gxfc_member` WHERE  `member_id` = 2387  AND `is_delete` = 0 LIMIT 1 [ RunTime:0.000349s ]
[2022-12-01T13:20:29+08:00][sql] SHOW FULL COLUMNS FROM `gxfc_user` [ RunTime:0.000720s ]
[2022-12-01T13:20:29+08:00][sql] SELECT `uid`,`app_module`,`app_group`,`is_admin`,`site_id`,`group_id`,`group_name`,`username`,`password`,`member_id`,`create_time`,`update_time`,`status`,`login_time`,`login_ip` FROM `gxfc_user` WHERE  `member_id` = 2387 LIMIT 1 [ RunTime:0.000389s ]
[2022-12-01T13:20:29+08:00][sql] SHOW FULL COLUMNS FROM `gxfc_customer_operational` [ RunTime:0.000493s ]
[2022-12-01T13:20:29+08:00][sql] SELECT `id` FROM `gxfc_customer_operational` WHERE  `member_id` = 2387 LIMIT 1 [ RunTime:0.000277s ]
[2022-12-01T13:20:31+08:00][sql] CONNECT:[ UseTime:0.000442s ] mysql:host=127.0.0.1;port=3306;dbname=hunqin;charset=utf8
[2022-12-01T13:20:31+08:00][sql] SHOW FULL COLUMNS FROM `gxfc_member` [ RunTime:0.000939s ]
[2022-12-01T13:20:31+08:00][sql] SELECT `member_id` FROM `gxfc_member` WHERE  `status` = 0 [ RunTime:0.000339s ]
[2022-12-01T13:20:31+08:00][sql] SELECT `member_id`,`source_member`,`fenxiao_id`,`is_fenxiao`,`username`,`nickname`,`mobile`,`email`,`password`,`status`,`headimg`,`member_level`,`member_level_name`,`member_label`,`member_label_name`,`qq`,`qq_openid`,`wx_openid`,`weapp_openid`,`wx_unionid`,`ali_openid`,`baidu_openid`,`toutiao_openid`,`douyin_openid`,`login_ip`,`login_type`,`login_time`,`last_login_ip`,`last_login_type`,`last_login_time`,`login_num`,`realname`,`sex`,`location`,`birthday`,`reg_time`,`point`,`balance`,`growth`,`balance_money`,`account5`,`is_auth`,`sign_time`,`sign_days_series`,`pay_password`,`order_money`,`order_complete_money`,`order_num`,`order_complete_num`,`balance_withdraw_apply`,`balance_withdraw`,`is_delete`,`login_type_name`,`hospital_id`,`is_commander`,`self_cl_id`,`hospital_name`,`self_leader_name`,`cl_id`,`is_fenxiao_order`,`expiration_time`,`start_time`,`is_fenxiao_charge` FROM `gxfc_member` WHERE  `member_id` = 2387 LIMIT 1 [ RunTime:0.000587s ]
[2022-12-01T13:20:31+08:00][sql] CONNECT:[ UseTime:0.005942s ] mysql:host=127.0.0.1;port=3306;dbname=hunqin;charset=utf8
[2022-12-01T13:20:31+08:00][sql] SHOW FULL COLUMNS FROM `gxfc_member` [ RunTime:0.001717s ]
[2022-12-01T13:20:31+08:00][sql] SELECT `member_id` FROM `gxfc_member` WHERE  `status` = 0 [ RunTime:0.000582s ]
[2022-12-01T13:20:31+08:00][sql] SELECT `member_id`,`source_member`,`fenxiao_id`,`is_fenxiao`,`username`,`nickname`,`mobile`,`email`,`password`,`status`,`headimg`,`member_level`,`member_level_name`,`member_label`,`member_label_name`,`qq`,`qq_openid`,`wx_openid`,`weapp_openid`,`wx_unionid`,`ali_openid`,`baidu_openid`,`toutiao_openid`,`douyin_openid`,`login_ip`,`login_type`,`login_time`,`last_login_ip`,`last_login_type`,`last_login_time`,`login_num`,`realname`,`sex`,`location`,`birthday`,`reg_time`,`point`,`balance`,`growth`,`balance_money`,`account5`,`is_auth`,`sign_time`,`sign_days_series`,`pay_password`,`order_money`,`order_complete_money`,`order_num`,`order_complete_num`,`balance_withdraw_apply`,`balance_withdraw`,`is_delete`,`login_type_name`,`hospital_id`,`is_commander`,`self_cl_id`,`hospital_name`,`self_leader_name`,`cl_id`,`is_fenxiao_order`,`expiration_time`,`start_time`,`is_fenxiao_charge` FROM `gxfc_member` WHERE  `member_id` = 2387 LIMIT 1 [ RunTime:0.001028s ]
[2022-12-01T13:20:31+08:00][sql] CONNECT:[ UseTime:0.011558s ] mysql:host=127.0.0.1;port=3306;dbname=hunqin;charset=utf8
[2022-12-01T13:20:31+08:00][sql] SHOW FULL COLUMNS FROM `gxfc_member` [ RunTime:0.001293s ]
[2022-12-01T13:20:31+08:00][sql] SELECT `member_id` FROM `gxfc_member` WHERE  `status` = 0 [ RunTime:0.000423s ]
[2022-12-01T13:20:31+08:00][sql] SELECT `member_id`,`source_member`,`fenxiao_id`,`is_fenxiao`,`username`,`nickname`,`mobile`,`email`,`password`,`status`,`headimg`,`member_level`,`member_level_name`,`member_label`,`member_label_name`,`qq`,`qq_openid`,`wx_openid`,`weapp_openid`,`wx_unionid`,`ali_openid`,`baidu_openid`,`toutiao_openid`,`douyin_openid`,`login_ip`,`login_type`,`login_time`,`last_login_ip`,`last_login_type`,`last_login_time`,`login_num`,`realname`,`sex`,`location`,`birthday`,`reg_time`,`point`,`balance`,`growth`,`balance_money`,`account5`,`is_auth`,`sign_time`,`sign_days_series`,`pay_password`,`order_money`,`order_complete_money`,`order_num`,`order_complete_num`,`balance_withdraw_apply`,`balance_withdraw`,`is_delete`,`login_type_name`,`hospital_id`,`is_commander`,`self_cl_id`,`hospital_name`,`self_leader_name`,`cl_id`,`is_fenxiao_order`,`expiration_time`,`start_time`,`is_fenxiao_charge` FROM `gxfc_member` WHERE  `member_id` = 2387 LIMIT 1 [ RunTime:0.000878s ]
[2022-12-01T13:20:31+08:00][sql] SELECT `member_id`,`source_member`,`username`,`nickname`,`mobile`,`email`,`password`,`status`,`headimg`,`member_level`,`member_level_name`,`member_label`,`member_label_name`,`qq`,`qq_openid`,`wx_openid`,`wx_unionid`,`ali_openid`,`baidu_openid`,`toutiao_openid`,`douyin_openid`,`realname`,`sex`,`location`,`birthday`,`point`,`balance`,`balance_money`,`growth`,`sign_days_series`,`hospital_id`,`self_cl_id`,`hospital_name`,`start_time`,`expiration_time`,`is_fenxiao` FROM `gxfc_member` WHERE  `member_id` = 2387  AND `is_delete` = 0 LIMIT 1 [ RunTime:0.000615s ]
[2022-12-01T13:20:31+08:00][sql] SHOW FULL COLUMNS FROM `gxfc_user` [ RunTime:0.000943s ]
[2022-12-01T13:20:31+08:00][sql] SELECT `uid`,`app_module`,`app_group`,`is_admin`,`site_id`,`group_id`,`group_name`,`username`,`password`,`member_id`,`create_time`,`update_time`,`status`,`login_time`,`login_ip` FROM `gxfc_user` WHERE  `member_id` = 2387 LIMIT 1 [ RunTime:0.000455s ]
[2022-12-01T13:20:31+08:00][sql] SHOW FULL COLUMNS FROM `gxfc_customer_operational` [ RunTime:0.001445s ]
[2022-12-01T13:20:31+08:00][sql] SELECT `id` FROM `gxfc_customer_operational` WHERE  `member_id` = 2387 LIMIT 1 [ RunTime:0.000372s ]
[2022-12-01T13:20:31+08:00][sql] CONNECT:[ UseTime:0.004115s ] mysql:host=127.0.0.1;port=3306;dbname=hunqin;charset=utf8
[2022-12-01T13:20:31+08:00][sql] SHOW FULL COLUMNS FROM `gxfc_goods_sku` [ RunTime:0.001449s ]
[2022-12-01T13:20:31+08:00][sql] SELECT `gs`.`goods_id`,`gs`.`sku_id`,`gs`.`goods_name`,`gs`.`sku_name`,`gs`.`sku_spec_format`,`gs`.`price`,`gs`.`market_price`,`gs`.`discount_price`,`gs`.`promotion_type`,`gs`.`start_time`,`gs`.`end_time`,`gs`.`stock`,`gs`.`click_num`,`g`.`sale_num`,`gs`.`collect_num`,`gs`.`sku_image`,`gs`.`sku_images`,`gs`.`site_id`,`gs`.`goods_content`,`gs`.`goods_state`,`gs`.`is_free_shipping`,`gs`.`goods_spec_format`,`gs`.`goods_attr_format`,`gs`.`introduction`,`gs`.`unit`,`gs`.`video_url`,`gs`.`evaluate`,`gs`.`is_virtual`,`gs`.`max_buy`,`gs`.`min_buy`,`g`.`goods_image`,`g`.`verify_state`,`g`.`is_sale`,`g`.`is_lease`,`g`.`cash_pledge`,`gs`.`cash_pledge`,`gs`.`is_lease` FROM `gxfc_goods_sku` `gs` INNER JOIN `gxfc_goods` `g` ON `g`.`goods_id`=`gs`.`goods_id` WHERE  `gs`.`sku_id` = '1113'  AND `gs`.`is_delete` = 0 LIMIT 1 [ RunTime:0.000786s ]
[2022-12-01T13:20:31+08:00][sql] SHOW FULL COLUMNS FROM `gxfc_member` [ RunTime:0.001387s ]
[2022-12-01T13:20:31+08:00][sql] SELECT `member_id` FROM `gxfc_member` WHERE  `status` = 0 [ RunTime:0.000449s ]
[2022-12-01T13:20:31+08:00][sql] SELECT `member_id`,`source_member`,`fenxiao_id`,`is_fenxiao`,`username`,`nickname`,`mobile`,`email`,`password`,`status`,`headimg`,`member_level`,`member_level_name`,`member_label`,`member_label_name`,`qq`,`qq_openid`,`wx_openid`,`weapp_openid`,`wx_unionid`,`ali_openid`,`baidu_openid`,`toutiao_openid`,`douyin_openid`,`login_ip`,`login_type`,`login_time`,`last_login_ip`,`last_login_type`,`last_login_time`,`login_num`,`realname`,`sex`,`location`,`birthday`,`reg_time`,`point`,`balance`,`growth`,`balance_money`,`account5`,`is_auth`,`sign_time`,`sign_days_series`,`pay_password`,`order_money`,`order_complete_money`,`order_num`,`order_complete_num`,`balance_withdraw_apply`,`balance_withdraw`,`is_delete`,`login_type_name`,`hospital_id`,`is_commander`,`self_cl_id`,`hospital_name`,`self_leader_name`,`cl_id`,`is_fenxiao_order`,`expiration_time`,`start_time`,`is_fenxiao_charge` FROM `gxfc_member` WHERE  `member_id` = 2387 LIMIT 1 [ RunTime:0.004932s ]
[2022-12-01T13:20:31+08:00][sql] SHOW FULL COLUMNS FROM `gxfc_shop` [ RunTime:0.001380s ]
[2022-12-01T13:20:31+08:00][sql] SELECT `site_id`,`site_name`,`is_own`,`logo`,`avatar`,`banner`,`seo_description`,`qq`,`ww`,`telephone`,`shop_desccredit`,`shop_servicecredit`,`shop_deliverycredit`,`shop_baozh`,`shop_baozhopen`,`shop_baozhrmb`,`shop_qtian`,`shop_zhping`,`shop_erxiaoshi`,`shop_tuihuo`,`shop_shiyong`,`shop_shiti`,`shop_xiaoxie`,`shop_sales`,`sub_num` FROM `gxfc_shop` WHERE  `site_id` = 72 LIMIT 1 [ RunTime:0.000681s ]
[2022-12-01T13:20:31+08:00][sql] SHOW FULL COLUMNS FROM `gxfc_goods` [ RunTime:0.001285s ]
[2022-12-01T13:20:31+08:00][sql] SELECT `promotion_addon` FROM `gxfc_goods` WHERE  `goods_id` = 197 LIMIT 1 [ RunTime:0.000482s ]
[2022-12-01T13:20:31+08:00][sql] SELECT `promotion_addon` FROM `gxfc_goods` WHERE  `goods_id` = 197 LIMIT 1 [ RunTime:0.000450s ]
[2022-12-01T13:20:31+08:00][sql] SELECT `promotion_addon` FROM `gxfc_goods` WHERE  `goods_id` = 197 LIMIT 1 [ RunTime:0.000386s ]
[2022-12-01T13:20:31+08:00][sql] SELECT `promotion_addon` FROM `gxfc_goods` WHERE  `goods_id` = 197 LIMIT 1 [ RunTime:0.000371s ]
[2022-12-01T13:20:31+08:00][sql] SELECT `promotion_addon` FROM `gxfc_goods` WHERE  `goods_id` = 197 LIMIT 1 [ RunTime:0.000410s ]
[2022-12-01T13:20:31+08:00][sql] SELECT `promotion_addon` FROM `gxfc_goods` WHERE  `goods_id` = 197 LIMIT 1 [ RunTime:0.000349s ]
[2022-12-01T13:20:31+08:00][sql] CONNECT:[ UseTime:0.000487s ] mysql:host=127.0.0.1;port=3306;dbname=hunqin;charset=utf8
[2022-12-01T13:20:31+08:00][sql] SHOW FULL COLUMNS FROM `gxfc_goods_sku` [ RunTime:0.001498s ]
[2022-12-01T13:20:31+08:00][sql] SELECT COUNT(*) AS think_count FROM `gxfc_goods_sku` `gs` INNER JOIN `gxfc_goods` `g` ON `gs`.`sku_id`=`g`.`sku_id` INNER JOIN `gxfc_shop` `s` ON `s`.`site_id`=`gs`.`site_id` WHERE  `gs`.`goods_state` = 1  AND `gs`.`verify_state` = 1  AND `gs`.`is_delete` = 0  AND `s`.`shop_status` = 1 ORDER BY `gs`.`sort` DESC,`gs`.`create_time` DESC [ RunTime:0.000713s ]
[2022-12-01T13:20:31+08:00][sql] SELECT `gs`.`goods_id`,`gs`.`sku_id`,`gs`.`sku_name`,`gs`.`price`,`gs`.`market_price`,`gs`.`discount_price`,`gs`.`stock`,`gs`.`sale_num`,`gs`.`sku_image`,`gs`.`goods_name`,`gs`.`site_id`,`gs`.`website_id`,`gs`.`is_own`,`gs`.`is_free_shipping`,`gs`.`introduction`,`gs`.`promotion_type`,`g`.`goods_image`,`gs`.`is_lease`,`s`.`site_name`,`s`.`logo` FROM `gxfc_goods_sku` `gs` INNER JOIN `gxfc_goods` `g` ON `gs`.`sku_id`=`g`.`sku_id` INNER JOIN `gxfc_shop` `s` ON `s`.`site_id`=`gs`.`site_id` WHERE  `gs`.`goods_state` = 1  AND `gs`.`verify_state` = 1  AND `gs`.`is_delete` = 0  AND `s`.`shop_status` = 1 ORDER BY `gs`.`sort` DESC,`gs`.`create_time` DESC LIMIT 0,10 [ RunTime:0.000975s ]
[2022-12-01T13:20:31+08:00][sql] SHOW FULL COLUMNS FROM `gxfc_member` [ RunTime:0.001407s ]
[2022-12-01T13:20:31+08:00][sql] SELECT `member_id` FROM `gxfc_member` WHERE  `status` = 0 [ RunTime:0.000416s ]
[2022-12-01T13:20:31+08:00][sql] SELECT `member_id`,`source_member`,`fenxiao_id`,`is_fenxiao`,`username`,`nickname`,`mobile`,`email`,`password`,`status`,`headimg`,`member_level`,`member_level_name`,`member_label`,`member_label_name`,`qq`,`qq_openid`,`wx_openid`,`weapp_openid`,`wx_unionid`,`ali_openid`,`baidu_openid`,`toutiao_openid`,`douyin_openid`,`login_ip`,`login_type`,`login_time`,`last_login_ip`,`last_login_type`,`last_login_time`,`login_num`,`realname`,`sex`,`location`,`birthday`,`reg_time`,`point`,`balance`,`growth`,`balance_money`,`account5`,`is_auth`,`sign_time`,`sign_days_series`,`pay_password`,`order_money`,`order_complete_money`,`order_num`,`order_complete_num`,`balance_withdraw_apply`,`balance_withdraw`,`is_delete`,`login_type_name`,`hospital_id`,`is_commander`,`self_cl_id`,`hospital_name`,`self_leader_name`,`cl_id`,`is_fenxiao_order`,`expiration_time`,`start_time`,`is_fenxiao_charge` FROM `gxfc_member` WHERE  `member_id` = 2387 LIMIT 1 [ RunTime:0.000779s ]
[2022-12-01T13:20:31+08:00][sql] CONNECT:[ UseTime:0.000473s ] mysql:host=127.0.0.1;port=3306;dbname=hunqin;charset=utf8
[2022-12-01T13:20:31+08:00][sql] SHOW FULL COLUMNS FROM `gxfc_member` [ RunTime:0.001521s ]
[2022-12-01T13:20:31+08:00][sql] SELECT `member_id` FROM `gxfc_member` WHERE  `status` = 0 [ RunTime:0.000510s ]
[2022-12-01T13:20:31+08:00][sql] SELECT `member_id`,`source_member`,`fenxiao_id`,`is_fenxiao`,`username`,`nickname`,`mobile`,`email`,`password`,`status`,`headimg`,`member_level`,`member_level_name`,`member_label`,`member_label_name`,`qq`,`qq_openid`,`wx_openid`,`weapp_openid`,`wx_unionid`,`ali_openid`,`baidu_openid`,`toutiao_openid`,`douyin_openid`,`login_ip`,`login_type`,`login_time`,`last_login_ip`,`last_login_type`,`last_login_time`,`login_num`,`realname`,`sex`,`location`,`birthday`,`reg_time`,`point`,`balance`,`growth`,`balance_money`,`account5`,`is_auth`,`sign_time`,`sign_days_series`,`pay_password`,`order_money`,`order_complete_money`,`order_num`,`order_complete_num`,`balance_withdraw_apply`,`balance_withdraw`,`is_delete`,`login_type_name`,`hospital_id`,`is_commander`,`self_cl_id`,`hospital_name`,`self_leader_name`,`cl_id`,`is_fenxiao_order`,`expiration_time`,`start_time`,`is_fenxiao_charge` FROM `gxfc_member` WHERE  `member_id` = 2387 LIMIT 1 [ RunTime:0.000897s ]
[2022-12-01T13:20:31+08:00][sql] CONNECT:[ UseTime:0.004027s ] mysql:host=127.0.0.1;port=3306;dbname=hunqin;charset=utf8
[2022-12-01T13:20:31+08:00][sql] SHOW FULL COLUMNS FROM `gxfc_goods_sku` [ RunTime:0.001495s ]
[2022-12-01T13:20:31+08:00][sql] SHOW FULL COLUMNS FROM `gxfc_goods_sku` [ RunTime:0.001285s ]
[2022-12-01T13:20:31+08:00][sql] SELECT `sku_id`,`sku_name`,`sku_spec_format`,`price`,`market_price`,`discount_price`,`promotion_type`,`start_time`,`end_time`,`stock`,`click_num`,`sale_num`,`collect_num`,`sku_image`,`sku_images`,`goods_id`,`site_id`,`goods_content`,`goods_state`,`verify_state`,`is_virtual`,`is_free_shipping`,`goods_spec_format`,`goods_attr_format`,`introduction`,`unit`,`video_url`,`max_buy`,`min_buy` FROM `gxfc_goods_sku` WHERE  `sku_id` = 1113 LIMIT 1 [ RunTime:0.000567s ]
[2022-12-01T13:20:31+08:00][sql] CONNECT:[ UseTime:0.005024s ] mysql:host=127.0.0.1;port=3306;dbname=hunqin;charset=utf8
[2022-12-01T13:20:31+08:00][sql] SHOW FULL COLUMNS FROM `gxfc_member` [ RunTime:0.001193s ]
[2022-12-01T13:20:31+08:00][sql] SHOW FULL COLUMNS FROM `gxfc_goods_browse` [ RunTime:0.000963s ]
[2022-12-01T13:20:31+08:00][sql] SELECT `member_id` FROM `gxfc_member` WHERE  `status` = 0 [ RunTime:0.000391s ]
[2022-12-01T13:20:31+08:00][sql] SELECT `site_id`,`id` FROM `gxfc_goods_browse` WHERE  `member_id` = 2387  AND `goods_id` = 197 LIMIT 1 [ RunTime:0.000464s ]
[2022-12-01T13:20:32+08:00][sql] SELECT `member_id`,`source_member`,`fenxiao_id`,`is_fenxiao`,`username`,`nickname`,`mobile`,`email`,`password`,`status`,`headimg`,`member_level`,`member_level_name`,`member_label`,`member_label_name`,`qq`,`qq_openid`,`wx_openid`,`weapp_openid`,`wx_unionid`,`ali_openid`,`baidu_openid`,`toutiao_openid`,`douyin_openid`,`login_ip`,`login_type`,`login_time`,`last_login_ip`,`last_login_type`,`last_login_time`,`login_num`,`realname`,`sex`,`location`,`birthday`,`reg_time`,`point`,`balance`,`growth`,`balance_money`,`account5`,`is_auth`,`sign_time`,`sign_days_series`,`pay_password`,`order_money`,`order_complete_money`,`order_num`,`order_complete_num`,`balance_withdraw_apply`,`balance_withdraw`,`is_delete`,`login_type_name`,`hospital_id`,`is_commander`,`self_cl_id`,`hospital_name`,`self_leader_name`,`cl_id`,`is_fenxiao_order`,`expiration_time`,`start_time`,`is_fenxiao_charge` FROM `gxfc_member` WHERE  `member_id` = 2387 LIMIT 1 [ RunTime:0.000863s ]
[2022-12-01T13:20:32+08:00][sql] SHOW FULL COLUMNS FROM `gxfc_goods_collect` [ RunTime:0.000764s ]
[2022-12-01T13:20:32+08:00][sql] SELECT `collect_id` FROM `gxfc_goods_collect` WHERE  `member_id` = 2387  AND `goods_id` = 197 LIMIT 1 [ RunTime:0.000479s ]
[2022-12-01T13:20:32+08:00][sql] UPDATE `gxfc_goods_sku`  SET `click_num` = `click_num` + 1  WHERE  `sku_id` = 1113 [ RunTime:0.018420s ]
[2022-12-01T13:20:32+08:00][sql] UPDATE `gxfc_goods_browse`  SET `member_id` = 2387 , `goods_id` = 197 , `sku_id` = 1113 , `site_id` = 72 , `browse_time` = 1669872032  WHERE  `id` = 2433 [ RunTime:0.016725s ]
[2022-12-01T13:20:32+08:00][sql] SHOW FULL COLUMNS FROM `gxfc_stat_shop` [ RunTime:0.000786s ]
[2022-12-01T13:20:32+08:00][sql] SELECT `id` FROM `gxfc_stat_shop` WHERE  `site_id` = 72  AND `year` = 2022  AND `month` = 12  AND `day` = 1 LIMIT 1 [ RunTime:0.000332s ]
[2022-12-01T13:20:32+08:00][sql] INSERT INTO `gxfc_stat_shop` SET `site_id` = 72 , `year` = 2022 , `month` = 12 , `day` = 1 , `day_time` = 1669824000 , `create_time` = 1669872032 , `visit_count` = 1 [ RunTime:0.008783s ]
[2022-12-01T13:20:32+08:00][sql] SELECT `id` FROM `gxfc_stat_shop` WHERE  `site_id` = 0  AND `year` = 2022  AND `month` = 12  AND `day` = 1 LIMIT 1 [ RunTime:0.000432s ]
[2022-12-01T13:20:32+08:00][sql] INSERT INTO `gxfc_stat_shop` SET `site_id` = 0 , `year` = 2022 , `month` = 12 , `day` = 1 , `day_time` = 1669824000 , `create_time` = 1669872032 , `visit_count` = 1 [ RunTime:0.006229s ]
[2022-12-01T13:20:32+08:00][sql] CONNECT:[ UseTime:0.000391s ] mysql:host=127.0.0.1;port=3306;dbname=hunqin;charset=utf8
[2022-12-01T13:20:32+08:00][sql] SHOW FULL COLUMNS FROM `gxfc_goods_evaluate` [ RunTime:0.000717s ]
[2022-12-01T13:20:32+08:00][sql] SELECT `evaluate_id`,`order_goods_id`,`goods_id`,`sku_id`,`sku_name`,`sku_price`,`content`,`images`,`explain_first`,`member_name`,`member_headimg`,`member_id`,`is_anonymous`,`again_content`,`again_images`,`again_explain`,`create_time`,`again_time` FROM `gxfc_goods_evaluate` WHERE  `is_show` = 1  AND `is_audit` = 1  AND `goods_id` = 197 ORDER BY `create_time` DESC LIMIT 1 [ RunTime:0.000436s ]
[2022-12-01T13:20:47+08:00][sql] CONNECT:[ UseTime:0.000487s ] mysql:host=127.0.0.1;port=3306;dbname=hunqin;charset=utf8
[2022-12-01T13:20:47+08:00][sql] SHOW FULL COLUMNS FROM `gxfc_member` [ RunTime:0.001409s ]
[2022-12-01T13:20:47+08:00][sql] SELECT `member_id` FROM `gxfc_member` WHERE  `status` = 0 [ RunTime:0.000495s ]
[2022-12-01T13:20:47+08:00][sql] CONNECT:[ UseTime:0.000447s ] mysql:host=127.0.0.1;port=3306;dbname=hunqin;charset=utf8
[2022-12-01T13:20:47+08:00][sql] CONNECT:[ UseTime:0.000424s ] mysql:host=127.0.0.1;port=3306;dbname=hunqin;charset=utf8
[2022-12-01T13:20:47+08:00][sql] SELECT `member_id`,`source_member`,`fenxiao_id`,`is_fenxiao`,`username`,`nickname`,`mobile`,`email`,`password`,`status`,`headimg`,`member_level`,`member_level_name`,`member_label`,`member_label_name`,`qq`,`qq_openid`,`wx_openid`,`weapp_openid`,`wx_unionid`,`ali_openid`,`baidu_openid`,`toutiao_openid`,`douyin_openid`,`login_ip`,`login_type`,`login_time`,`last_login_ip`,`last_login_type`,`last_login_time`,`login_num`,`realname`,`sex`,`location`,`birthday`,`reg_time`,`point`,`balance`,`growth`,`balance_money`,`account5`,`is_auth`,`sign_time`,`sign_days_series`,`pay_password`,`order_money`,`order_complete_money`,`order_num`,`order_complete_num`,`balance_withdraw_apply`,`balance_withdraw`,`is_delete`,`login_type_name`,`hospital_id`,`is_commander`,`self_cl_id`,`hospital_name`,`self_leader_name`,`cl_id`,`is_fenxiao_order`,`expiration_time`,`start_time`,`is_fenxiao_charge` FROM `gxfc_member` WHERE  `member_id` = 2387 LIMIT 1 [ RunTime:0.000897s ]
[2022-12-01T13:20:47+08:00][sql] SHOW FULL COLUMNS FROM `gxfc_member` [ RunTime:0.001333s ]
[2022-12-01T13:20:47+08:00][sql] SELECT `sign_time` FROM `gxfc_member` WHERE  `member_id` = 2387 LIMIT 1 [ RunTime:0.000320s ]
[2022-12-01T13:20:47+08:00][sql] SHOW FULL COLUMNS FROM `gxfc_member` [ RunTime:0.001185s ]
[2022-12-01T13:20:47+08:00][sql] SELECT `member_id` FROM `gxfc_member` WHERE  `status` = 0 [ RunTime:0.000396s ]
[2022-12-01T13:20:47+08:00][sql] SELECT `member_id` FROM `gxfc_member` WHERE  `status` = 0 [ RunTime:0.000390s ]
[2022-12-01T13:20:47+08:00][sql] SELECT `member_id`,`source_member`,`fenxiao_id`,`is_fenxiao`,`username`,`nickname`,`mobile`,`email`,`password`,`status`,`headimg`,`member_level`,`member_level_name`,`member_label`,`member_label_name`,`qq`,`qq_openid`,`wx_openid`,`weapp_openid`,`wx_unionid`,`ali_openid`,`baidu_openid`,`toutiao_openid`,`douyin_openid`,`login_ip`,`login_type`,`login_time`,`last_login_ip`,`last_login_type`,`last_login_time`,`login_num`,`realname`,`sex`,`location`,`birthday`,`reg_time`,`point`,`balance`,`growth`,`balance_money`,`account5`,`is_auth`,`sign_time`,`sign_days_series`,`pay_password`,`order_money`,`order_complete_money`,`order_num`,`order_complete_num`,`balance_withdraw_apply`,`balance_withdraw`,`is_delete`,`login_type_name`,`hospital_id`,`is_commander`,`self_cl_id`,`hospital_name`,`self_leader_name`,`cl_id`,`is_fenxiao_order`,`expiration_time`,`start_time`,`is_fenxiao_charge` FROM `gxfc_member` WHERE  `member_id` = 2387 LIMIT 1 [ RunTime:0.000712s ]
[2022-12-01T13:20:47+08:00][sql] CONNECT:[ UseTime:0.000780s ] mysql:host=127.0.0.1;port=3306;dbname=hunqin;charset=utf8
[2022-12-01T13:20:47+08:00][sql] SELECT `member_id`,`source_member`,`fenxiao_id`,`is_fenxiao`,`username`,`nickname`,`mobile`,`email`,`password`,`status`,`headimg`,`member_level`,`member_level_name`,`member_label`,`member_label_name`,`qq`,`qq_openid`,`wx_openid`,`weapp_openid`,`wx_unionid`,`ali_openid`,`baidu_openid`,`toutiao_openid`,`douyin_openid`,`login_ip`,`login_type`,`login_time`,`last_login_ip`,`last_login_type`,`last_login_time`,`login_num`,`realname`,`sex`,`location`,`birthday`,`reg_time`,`point`,`balance`,`growth`,`balance_money`,`account5`,`is_auth`,`sign_time`,`sign_days_series`,`pay_password`,`order_money`,`order_complete_money`,`order_num`,`order_complete_num`,`balance_withdraw_apply`,`balance_withdraw`,`is_delete`,`login_type_name`,`hospital_id`,`is_commander`,`self_cl_id`,`hospital_name`,`self_leader_name`,`cl_id`,`is_fenxiao_order`,`expiration_time`,`start_time`,`is_fenxiao_charge` FROM `gxfc_member` WHERE  `member_id` = 2387 LIMIT 1 [ RunTime:0.000748s ]
[2022-12-01T13:20:47+08:00][sql] SELECT `sign_time`,`sign_days_series` FROM `gxfc_member` WHERE  `member_id` = 2387 LIMIT 1 [ RunTime:0.000392s ]
[2022-12-01T13:20:47+08:00][sql] SHOW FULL COLUMNS FROM `gxfc_member` [ RunTime:0.001001s ]
[2022-12-01T13:20:47+08:00][sql] SELECT `member_id`,`source_member`,`username`,`nickname`,`mobile`,`email`,`password`,`status`,`headimg`,`member_level`,`member_level_name`,`member_label`,`member_label_name`,`qq`,`qq_openid`,`wx_openid`,`wx_unionid`,`ali_openid`,`baidu_openid`,`toutiao_openid`,`douyin_openid`,`realname`,`sex`,`location`,`birthday`,`point`,`balance`,`balance_money`,`growth`,`sign_days_series`,`hospital_id`,`self_cl_id`,`hospital_name`,`start_time`,`expiration_time`,`is_fenxiao` FROM `gxfc_member` WHERE  `member_id` = 2387  AND `is_delete` = 0 LIMIT 1 [ RunTime:0.000485s ]
[2022-12-01T13:20:47+08:00][sql] SHOW FULL COLUMNS FROM `gxfc_member_log` [ RunTime:0.000507s ]
[2022-12-01T13:20:48+08:00][sql] SELECT `member_id` FROM `gxfc_member` WHERE  `status` = 0 [ RunTime:0.000358s ]
[2022-12-01T13:20:48+08:00][sql] SELECT `member_id`,`source_member`,`fenxiao_id`,`is_fenxiao`,`username`,`nickname`,`mobile`,`email`,`password`,`status`,`headimg`,`member_level`,`member_level_name`,`member_label`,`member_label_name`,`qq`,`qq_openid`,`wx_openid`,`weapp_openid`,`wx_unionid`,`ali_openid`,`baidu_openid`,`toutiao_openid`,`douyin_openid`,`login_ip`,`login_type`,`login_time`,`last_login_ip`,`last_login_type`,`last_login_time`,`login_num`,`realname`,`sex`,`location`,`birthday`,`reg_time`,`point`,`balance`,`growth`,`balance_money`,`account5`,`is_auth`,`sign_time`,`sign_days_series`,`pay_password`,`order_money`,`order_complete_money`,`order_num`,`order_complete_num`,`balance_withdraw_apply`,`balance_withdraw`,`is_delete`,`login_type_name`,`hospital_id`,`is_commander`,`self_cl_id`,`hospital_name`,`self_leader_name`,`cl_id`,`is_fenxiao_order`,`expiration_time`,`start_time`,`is_fenxiao_charge` FROM `gxfc_member` WHERE  `member_id` = 2387 LIMIT 1 [ RunTime:0.000586s ]
[2022-12-01T13:20:48+08:00][sql] SHOW FULL COLUMNS FROM `gxfc_user` [ RunTime:0.000615s ]
[2022-12-01T13:20:48+08:00][sql] SHOW FULL COLUMNS FROM `gxfc_member_log` [ RunTime:0.000505s ]
[2022-12-01T13:20:48+08:00][sql] SELECT `uid`,`app_module`,`app_group`,`is_admin`,`site_id`,`group_id`,`group_name`,`username`,`password`,`member_id`,`create_time`,`update_time`,`status`,`login_time`,`login_ip` FROM `gxfc_user` WHERE  `member_id` = 2387 LIMIT 1 [ RunTime:0.000387s ]
[2022-12-01T13:20:48+08:00][sql] SELECT `create_time` FROM `gxfc_member_log` WHERE  `member_id` = 2387  AND `create_time` BETWEEN 1669305600 AND 1669872048   AND `action` = 'membersignin' ORDER BY `id` ASC [ RunTime:0.000309s ]
[2022-12-01T13:20:48+08:00][sql] SHOW FULL COLUMNS FROM `gxfc_customer_operational` [ RunTime:0.000593s ]
[2022-12-01T13:20:48+08:00][sql] INSERT INTO `gxfc_member_log` SET `member_id` = 2387 , `action` = 'membersignin' , `action_name` = '会员签到' , `create_time` = 1669872047 , `remark` = '会员签到' [ RunTime:0.007738s ]
[2022-12-01T13:20:48+08:00][sql] SELECT `id` FROM `gxfc_customer_operational` WHERE  `member_id` = 2387 LIMIT 1 [ RunTime:0.000457s ]
[2022-12-01T13:20:48+08:00][sql] UPDATE `gxfc_member`  SET `sign_days_series` = 1 , `sign_time` = 1669872048  WHERE  `member_id` = 2387 [ RunTime:0.009552s ]
[2022-12-01T13:20:48+08:00][sql] SELECT `sign_days_series` FROM `gxfc_member` WHERE  `member_id` = 2387  AND `is_delete` = 0 LIMIT 1 [ RunTime:0.000391s ]
[2022-12-01T13:20:48+08:00][sql] SELECT `point`,`username`,`mobile`,`email` FROM `gxfc_member` WHERE  `member_id` = 2387 LIMIT 1 [ RunTime:0.000352s ]
[2022-12-01T13:20:48+08:00][sql] SHOW FULL COLUMNS FROM `gxfc_member_account` [ RunTime:0.000720s ]
[2022-12-01T13:20:48+08:00][sql] INSERT INTO `gxfc_member_account` SET `member_id` = 2387 , `account_type` = 'point' , `account_data` = '10' , `from_type` = 'signin' , `type_name` = '签到' , `type_tag` = 0 , `create_time` = 1669872048 , `username` = '' , `mobile` = '15271600813' , `email` = '' , `remark` = '签到送10积分' [ RunTime:0.000340s ]
[2022-12-01T13:20:48+08:00][sql] UPDATE `gxfc_member`  SET `point` = 20  WHERE  `member_id` = 2387 [ RunTime:0.000307s ]
[2022-12-01T13:20:48+08:00][sql] SELECT `growth`,`username`,`mobile`,`email` FROM `gxfc_member` WHERE  `member_id` = 2387 LIMIT 1 [ RunTime:0.000340s ]
[2022-12-01T13:20:48+08:00][sql] INSERT INTO `gxfc_member_account` SET `member_id` = 2387 , `account_type` = 'growth' , `account_data` = '' , `from_type` = 'signin' , `type_name` = '签到' , `type_tag` = 0 , `create_time` = 1669872048 , `username` = '' , `mobile` = '15271600813' , `email` = '' , `remark` = '签到送成长值' [ RunTime:0.000349s ]
[2022-12-01T13:20:48+08:00][sql] UPDATE `gxfc_member`  SET `growth` = 0  WHERE  `member_id` = 2387 [ RunTime:0.000300s ]
[2022-12-01T13:20:48+08:00][sql] SELECT `growth`,`member_level` FROM `gxfc_member` WHERE  `member_id` = 2387 LIMIT 1 [ RunTime:0.000270s ]
[2022-12-01T13:20:48+08:00][sql] CONNECT:[ UseTime:0.000347s ] mysql:host=127.0.0.1;port=3306;dbname=hunqin;charset=utf8
[2022-12-01T13:20:48+08:00][sql] SHOW FULL COLUMNS FROM `gxfc_member` [ RunTime:0.000808s ]
[2022-12-01T13:20:48+08:00][sql] SELECT `member_id` FROM `gxfc_member` WHERE  `status` = 0 [ RunTime:0.000286s ]
[2022-12-01T13:20:48+08:00][sql] SELECT `member_id`,`source_member`,`fenxiao_id`,`is_fenxiao`,`username`,`nickname`,`mobile`,`email`,`password`,`status`,`headimg`,`member_level`,`member_level_name`,`member_label`,`member_label_name`,`qq`,`qq_openid`,`wx_openid`,`weapp_openid`,`wx_unionid`,`ali_openid`,`baidu_openid`,`toutiao_openid`,`douyin_openid`,`login_ip`,`login_type`,`login_time`,`last_login_ip`,`last_login_type`,`last_login_time`,`login_num`,`realname`,`sex`,`location`,`birthday`,`reg_time`,`point`,`balance`,`growth`,`balance_money`,`account5`,`is_auth`,`sign_time`,`sign_days_series`,`pay_password`,`order_money`,`order_complete_money`,`order_num`,`order_complete_num`,`balance_withdraw_apply`,`balance_withdraw`,`is_delete`,`login_type_name`,`hospital_id`,`is_commander`,`self_cl_id`,`hospital_name`,`self_leader_name`,`cl_id`,`is_fenxiao_order`,`expiration_time`,`start_time`,`is_fenxiao_charge` FROM `gxfc_member` WHERE  `member_id` = 2387 LIMIT 1 [ RunTime:0.000478s ]
[2022-12-01T13:20:48+08:00][sql] SELECT `member_id`,`source_member`,`username`,`nickname`,`mobile`,`email`,`password`,`status`,`headimg`,`member_level`,`member_level_name`,`member_label`,`member_label_name`,`qq`,`qq_openid`,`wx_openid`,`wx_unionid`,`ali_openid`,`baidu_openid`,`toutiao_openid`,`douyin_openid`,`realname`,`sex`,`location`,`birthday`,`point`,`balance`,`balance_money`,`growth`,`sign_days_series`,`hospital_id`,`self_cl_id`,`hospital_name`,`start_time`,`expiration_time`,`is_fenxiao` FROM `gxfc_member` WHERE  `member_id` = 2387  AND `is_delete` = 0 LIMIT 1 [ RunTime:0.000363s ]
[2022-12-01T13:20:48+08:00][sql] SHOW FULL COLUMNS FROM `gxfc_user` [ RunTime:0.000501s ]
[2022-12-01T13:20:48+08:00][sql] SELECT `uid`,`app_module`,`app_group`,`is_admin`,`site_id`,`group_id`,`group_name`,`username`,`password`,`member_id`,`create_time`,`update_time`,`status`,`login_time`,`login_ip` FROM `gxfc_user` WHERE  `member_id` = 2387 LIMIT 1 [ RunTime:0.000281s ]
[2022-12-01T13:20:48+08:00][sql] SHOW FULL COLUMNS FROM `gxfc_customer_operational` [ RunTime:0.000397s ]
[2022-12-01T13:20:48+08:00][sql] SELECT `id` FROM `gxfc_customer_operational` WHERE  `member_id` = 2387 LIMIT 1 [ RunTime:0.000210s ]
[2022-12-01T13:20:48+08:00][sql] CONNECT:[ UseTime:0.000425s ] mysql:host=127.0.0.1;port=3306;dbname=hunqin;charset=utf8
[2022-12-01T13:20:48+08:00][sql] SHOW FULL COLUMNS FROM `gxfc_member` [ RunTime:0.000855s ]
[2022-12-01T13:20:48+08:00][sql] SELECT `member_id` FROM `gxfc_member` WHERE  `status` = 0 [ RunTime:0.000290s ]
[2022-12-01T13:20:48+08:00][sql] SELECT `member_id`,`source_member`,`fenxiao_id`,`is_fenxiao`,`username`,`nickname`,`mobile`,`email`,`password`,`status`,`headimg`,`member_level`,`member_level_name`,`member_label`,`member_label_name`,`qq`,`qq_openid`,`wx_openid`,`weapp_openid`,`wx_unionid`,`ali_openid`,`baidu_openid`,`toutiao_openid`,`douyin_openid`,`login_ip`,`login_type`,`login_time`,`last_login_ip`,`last_login_type`,`last_login_time`,`login_num`,`realname`,`sex`,`location`,`birthday`,`reg_time`,`point`,`balance`,`growth`,`balance_money`,`account5`,`is_auth`,`sign_time`,`sign_days_series`,`pay_password`,`order_money`,`order_complete_money`,`order_num`,`order_complete_num`,`balance_withdraw_apply`,`balance_withdraw`,`is_delete`,`login_type_name`,`hospital_id`,`is_commander`,`self_cl_id`,`hospital_name`,`self_leader_name`,`cl_id`,`is_fenxiao_order`,`expiration_time`,`start_time`,`is_fenxiao_charge` FROM `gxfc_member` WHERE  `member_id` = 2387 LIMIT 1 [ RunTime:0.000613s ]
[2022-12-01T13:20:48+08:00][sql] SELECT `member_id`,`source_member`,`username`,`nickname`,`mobile`,`email`,`password`,`status`,`headimg`,`member_level`,`member_level_name`,`member_label`,`member_label_name`,`qq`,`qq_openid`,`wx_openid`,`wx_unionid`,`ali_openid`,`baidu_openid`,`toutiao_openid`,`douyin_openid`,`realname`,`sex`,`location`,`birthday`,`point`,`balance`,`balance_money`,`growth`,`sign_days_series`,`hospital_id`,`self_cl_id`,`hospital_name`,`start_time`,`expiration_time`,`is_fenxiao` FROM `gxfc_member` WHERE  `member_id` = 2387  AND `is_delete` = 0 LIMIT 1 [ RunTime:0.000325s ]
[2022-12-01T13:20:48+08:00][sql] SHOW FULL COLUMNS FROM `gxfc_user` [ RunTime:0.000523s ]
[2022-12-01T13:20:48+08:00][sql] SELECT `uid`,`app_module`,`app_group`,`is_admin`,`site_id`,`group_id`,`group_name`,`username`,`password`,`member_id`,`create_time`,`update_time`,`status`,`login_time`,`login_ip` FROM `gxfc_user` WHERE  `member_id` = 2387 LIMIT 1 [ RunTime:0.000265s ]
[2022-12-01T13:20:48+08:00][sql] SHOW FULL COLUMNS FROM `gxfc_customer_operational` [ RunTime:0.000575s ]
[2022-12-01T13:20:48+08:00][sql] SELECT `id` FROM `gxfc_customer_operational` WHERE  `member_id` = 2387 LIMIT 1 [ RunTime:0.000223s ]
