[2022-12-03T11:48:05+08:00][sql] CONNECT:[ UseTime:0.000487s ] mysql:host=127.0.0.1;port=3306;dbname=hunqin;charset=utf8
[2022-12-03T11:48:05+08:00][sql] SHOW FULL COLUMNS FROM `gxfc_site_diy_view` [ RunTime:0.000885s ]
[2022-12-03T11:48:05+08:00][sql] CONNECT:[ UseTime:0.000398s ] mysql:host=127.0.0.1;port=3306;dbname=hunqin;charset=utf8
[2022-12-03T11:48:05+08:00][sql] SHOW FULL COLUMNS FROM `gxfc_goods_sku` [ RunTime:0.000779s ]
[2022-12-03T11:48:05+08:00][sql] SELECT COUNT(*) AS think_count FROM `gxfc_goods_sku` `gs` INNER JOIN `gxfc_goods` `g` ON `gs`.`sku_id`=`g`.`sku_id` INNER JOIN `gxfc_shop` `s` ON `s`.`site_id`=`gs`.`site_id` WHERE  `gs`.`goods_state` = 1  AND `gs`.`verify_state` = 1  AND `gs`.`is_delete` = 0  AND `s`.`shop_status` = 1 ORDER BY `gs`.`sort` DESC,`gs`.`create_time` DESC [ RunTime:0.000538s ]
[2022-12-03T11:48:05+08:00][sql] UPDATE `gxfc_site_diy_view`  SET `click_num` = `click_num` + 1  WHERE  `name` = 'DIY_VIEW_INDEX' [ RunTime:0.008305s ]
[2022-12-03T11:48:05+08:00][sql] SELECT `gs`.`goods_id`,`gs`.`sku_id`,`gs`.`sku_name`,`gs`.`price`,`gs`.`market_price`,`gs`.`discount_price`,`gs`.`stock`,`gs`.`sale_num`,`gs`.`sku_image`,`gs`.`goods_name`,`gs`.`site_id`,`gs`.`website_id`,`gs`.`is_own`,`gs`.`is_free_shipping`,`gs`.`introduction`,`gs`.`promotion_type`,`g`.`goods_image`,`gs`.`is_lease`,`s`.`site_name`,`s`.`logo` FROM `gxfc_goods_sku` `gs` INNER JOIN `gxfc_goods` `g` ON `gs`.`sku_id`=`g`.`sku_id` INNER JOIN `gxfc_shop` `s` ON `s`.`site_id`=`gs`.`site_id` WHERE  `gs`.`goods_state` = 1  AND `gs`.`verify_state` = 1  AND `gs`.`is_delete` = 0  AND `s`.`shop_status` = 1 ORDER BY `gs`.`sort` DESC,`gs`.`create_time` DESC LIMIT 0,10 [ RunTime:0.000773s ]
[2022-12-03T11:48:05+08:00][sql] SELECT `sdv`.`id`,`sdv`.`site_id`,`sdv`.`name`,`sdv`.`title`,`sdv`.`value`,`sdv`.`type`,`dvt`.`addon_name` FROM `gxfc_site_diy_view` `sdv` LEFT JOIN `gxfc_diy_view_temp` `dvt` ON `sdv`.`name`=`dvt`.`name` WHERE  `sdv`.`name` = 'DIY_VIEW_INDEX' LIMIT 1 [ RunTime:0.000577s ]
[2022-12-03T11:48:20+08:00][sql] CONNECT:[ UseTime:0.000415s ] mysql:host=127.0.0.1;port=3306;dbname=hunqin;charset=utf8
[2022-12-03T11:48:20+08:00][sql] SHOW FULL COLUMNS FROM `gxfc_member` [ RunTime:0.000857s ]
[2022-12-03T11:48:20+08:00][sql] SELECT `member_id`,`username`,`nickname`,`mobile`,`email`,`status`,`last_login_time` FROM `gxfc_member` WHERE  `weapp_openid` = 'oqyYV4zDQ0FsY1g_p165sRW9bzYs'  AND `is_delete` = 0 LIMIT 1 [ RunTime:0.000414s ]
[2022-12-03T11:48:20+08:00][sql] SELECT `member_id`,`username`,`nickname`,`mobile`,`email`,`status`,`last_login_time` FROM `gxfc_member` WHERE  `wx_unionid` = 'on2pR5xWmLLVUpBndZXgYnK4_I_Q'  AND `is_delete` = 0 LIMIT 1 [ RunTime:0.000341s ]
[2022-12-03T11:48:23+08:00][sql] CONNECT:[ UseTime:0.000445s ] mysql:host=127.0.0.1;port=3306;dbname=hunqin;charset=utf8
[2022-12-03T11:48:23+08:00][sql] SHOW FULL COLUMNS FROM `gxfc_member` [ RunTime:0.000899s ]
[2022-12-03T11:48:23+08:00][sql] SELECT `member_id` FROM `gxfc_member` WHERE  `mobile` = '13055516989'  AND `is_delete` = 0 LIMIT 1 [ RunTime:0.000369s ]
[2022-12-03T11:48:23+08:00][sql] UPDATE `gxfc_member`  SET `weapp_openid` = ''  WHERE  `weapp_openid` = 'oqyYV4zDQ0FsY1g_p165sRW9bzYs'  AND `is_delete` = 0 [ RunTime:0.007093s ]
[2022-12-03T11:48:23+08:00][sql] UPDATE `gxfc_member`  SET `wx_unionid` = ''  WHERE  `wx_unionid` = 'on2pR5xWmLLVUpBndZXgYnK4_I_Q'  AND `is_delete` = 0 [ RunTime:0.003296s ]
[2022-12-03T11:48:23+08:00][sql] INSERT INTO `gxfc_member` SET `source_member` = 0 , `password` = '' , `qq_openid` = '' , `wx_openid` = '' , `weapp_openid` = 'oqyYV4zDQ0FsY1g_p165sRW9bzYs' , `wx_unionid` = 'on2pR5xWmLLVUpBndZXgYnK4_I_Q' , `ali_openid` = '' , `baidu_openid` = '' , `toutiao_openid` = '' , `headimg` = 'https://thirdwx.qlogo.cn/mmopen/vi_32/POgEwh4mIHO4nibH0KlMECNjjGxQUq24ZEaGT4poC6icRiccVGKSyXwibcPq4BWmiaIGuG1icwxaQX6grC9VemZoJ8rg/132' , `member_level` = 1 , `member_level_name` = '普通会员' , `reg_time` = 1670039303 , `login_time` = 1670039303 , `login_type` = 'weapp' , `login_type_name` = '微信小程序' , `last_login_time` = 1670039303 , `mobile` = '13055516989' , `nickname` = '微信用户' [ RunTime:0.010667s ]
[2022-12-03T11:48:23+08:00][sql] SHOW FULL COLUMNS FROM `gxfc_stat_shop` [ RunTime:0.000748s ]
[2022-12-03T11:48:23+08:00][sql] SELECT `id` FROM `gxfc_stat_shop` WHERE  `site_id` = 0  AND `year` = 2022  AND `month` = 12  AND `day` = 3 LIMIT 1 [ RunTime:0.000295s ]
[2022-12-03T11:48:23+08:00][sql] INSERT INTO `gxfc_stat_shop` SET `site_id` = 0 , `year` = 2022 , `month` = 12 , `day` = 3 , `day_time` = 1669996800 , `create_time` = 1670039303 , `member_count` = 1 [ RunTime:0.010512s ]
[2022-12-03T11:48:23+08:00][sql] SELECT `username`,`mobile`,`email`,`reg_time`,`wx_openid`,`last_login_type` FROM `gxfc_member` WHERE  `member_id` = 2393  AND `is_delete` = 0 LIMIT 1 [ RunTime:0.000406s ]
[2022-12-03T11:48:23+08:00][sql] SHOW FULL COLUMNS FROM `gxfc_message_sms_records` [ RunTime:0.000605s ]
[2022-12-03T11:48:23+08:00][sql] INSERT INTO `gxfc_message_sms_records` SET `account` = '13055516989' , `status` = 0 , `addon` = '' , `addon_name` = '' , `content` = '' , `var_parse` = '{\"shopname\":\"\\u591a\\u5546\\u6237\",\"username\":\"\"}' , `keywords` = 'REGISTER_SUCCESS' , `create_time` = 1670039303 , `send_time` = 0 , `result` = '没有可用的短信发送方式' , `keywords_name` = '注册成功' [ RunTime:0.006668s ]
[2022-12-03T11:48:23+08:00][sql] SELECT `member_id`,`source_member` FROM `gxfc_member` WHERE  `member_id` = 2393  AND `fenxiao_id` = 0 LIMIT 1 [ RunTime:0.000395s ]
[2022-12-03T11:48:23+08:00][sql] SELECT `member_id`,`source_member`,`fenxiao_id`,`nickname`,`headimg`,`mobile`,`reg_time`,`order_money`,`order_complete_money`,`order_num`,`order_complete_num` FROM `gxfc_member` WHERE  `member_id` = 2393 LIMIT 1 [ RunTime:0.000347s ]
[2022-12-03T11:48:23+08:00][sql] SHOW FULL COLUMNS FROM `gxfc_fenxiao_level` [ RunTime:0.000727s ]
[2022-12-03T11:48:23+08:00][sql] SELECT `level_id`,`level_name` FROM `gxfc_fenxiao_level` WHERE  `is_default` = 1 LIMIT 1 [ RunTime:0.000266s ]
[2022-12-03T11:48:23+08:00][sql] SHOW FULL COLUMNS FROM `gxfc_fenxiao` [ RunTime:0.000602s ]
[2022-12-03T11:48:23+08:00][sql] SELECT `fenxiao_id` FROM `gxfc_fenxiao` WHERE  `member_id` = 2393  AND `is_delete` = 0 LIMIT 1 [ RunTime:0.000289s ]
[2022-12-03T11:48:23+08:00][sql] INSERT INTO `gxfc_fenxiao` SET `fenxiao_name` = '微信用户' , `mobile` = '13055516989' , `member_id` = 2393 , `parent` = 0 , `level_id` = 1 , `level_name` = '默认等级' , `fenxiao_no` = '2022120311486089' , `create_time` = 1670039303 , `audit_time` = 1670039303 [ RunTime:0.000395s ]
[2022-12-03T11:48:23+08:00][sql] UPDATE `gxfc_member`  SET `fenxiao_id` = 0 , `is_fenxiao` = 1  WHERE  `member_id` = 2393 [ RunTime:0.000350s ]
[2022-12-03T11:48:23+08:00][sql] CONNECT:[ UseTime:0.000502s ] mysql:host=127.0.0.1;port=3306;dbname=hunqin;charset=utf8
[2022-12-03T11:48:23+08:00][sql] SHOW FULL COLUMNS FROM `gxfc_member` [ RunTime:0.001162s ]
[2022-12-03T11:48:23+08:00][sql] SELECT `member_id` FROM `gxfc_member` WHERE  `status` = 0 [ RunTime:0.000389s ]
[2022-12-03T11:48:23+08:00][sql] SELECT `member_id`,`source_member`,`fenxiao_id`,`is_fenxiao`,`username`,`nickname`,`mobile`,`email`,`password`,`status`,`headimg`,`member_level`,`member_level_name`,`member_label`,`member_label_name`,`qq`,`qq_openid`,`wx_openid`,`weapp_openid`,`wx_unionid`,`ali_openid`,`baidu_openid`,`toutiao_openid`,`douyin_openid`,`login_ip`,`login_type`,`login_time`,`last_login_ip`,`last_login_type`,`last_login_time`,`login_num`,`realname`,`sex`,`location`,`birthday`,`reg_time`,`point`,`balance`,`growth`,`balance_money`,`account5`,`is_auth`,`sign_time`,`sign_days_series`,`pay_password`,`order_money`,`order_complete_money`,`order_num`,`order_complete_num`,`balance_withdraw_apply`,`balance_withdraw`,`is_delete`,`login_type_name`,`hospital_id`,`is_commander`,`self_cl_id`,`hospital_name`,`self_leader_name`,`cl_id`,`is_fenxiao_order`,`expiration_time`,`start_time`,`is_fenxiao_charge` FROM `gxfc_member` WHERE  `member_id` = 2393 LIMIT 1 [ RunTime:0.000639s ]
[2022-12-03T11:48:23+08:00][sql] SELECT `member_id`,`source_member`,`username`,`nickname`,`mobile`,`email`,`password`,`status`,`headimg`,`member_level`,`member_level_name`,`member_label`,`member_label_name`,`qq`,`qq_openid`,`wx_openid`,`wx_unionid`,`ali_openid`,`baidu_openid`,`toutiao_openid`,`douyin_openid`,`realname`,`sex`,`location`,`birthday`,`point`,`balance`,`balance_money`,`growth`,`sign_days_series`,`hospital_id`,`self_cl_id`,`hospital_name`,`start_time`,`expiration_time`,`is_fenxiao` FROM `gxfc_member` WHERE  `member_id` = 2393  AND `is_delete` = 0 LIMIT 1 [ RunTime:0.000459s ]
[2022-12-03T11:48:23+08:00][sql] CONNECT:[ UseTime:0.000363s ] mysql:host=127.0.0.1;port=3306;dbname=hunqin;charset=utf8
[2022-12-03T11:48:23+08:00][sql] SHOW FULL COLUMNS FROM `gxfc_user` [ RunTime:0.000593s ]
[2022-12-03T11:48:23+08:00][sql] SELECT `uid`,`app_module`,`app_group`,`is_admin`,`site_id`,`group_id`,`group_name`,`username`,`password`,`member_id`,`create_time`,`update_time`,`status`,`login_time`,`login_ip` FROM `gxfc_user` WHERE  `member_id` = 2393 LIMIT 1 [ RunTime:0.000336s ]
[2022-12-03T11:48:23+08:00][sql] SHOW FULL COLUMNS FROM `gxfc_member` [ RunTime:0.001122s ]
[2022-12-03T11:48:23+08:00][sql] SHOW FULL COLUMNS FROM `gxfc_customer_operational` [ RunTime:0.000573s ]
[2022-12-03T11:48:23+08:00][sql] SELECT `member_id` FROM `gxfc_member` WHERE  `status` = 0 [ RunTime:0.000293s ]
[2022-12-03T11:48:23+08:00][sql] SELECT `id` FROM `gxfc_customer_operational` WHERE  `member_id` = 2393 LIMIT 1 [ RunTime:0.000271s ]
[2022-12-03T11:48:23+08:00][sql] SELECT `member_id`,`source_member`,`fenxiao_id`,`is_fenxiao`,`username`,`nickname`,`mobile`,`email`,`password`,`status`,`headimg`,`member_level`,`member_level_name`,`member_label`,`member_label_name`,`qq`,`qq_openid`,`wx_openid`,`weapp_openid`,`wx_unionid`,`ali_openid`,`baidu_openid`,`toutiao_openid`,`douyin_openid`,`login_ip`,`login_type`,`login_time`,`last_login_ip`,`last_login_type`,`last_login_time`,`login_num`,`realname`,`sex`,`location`,`birthday`,`reg_time`,`point`,`balance`,`growth`,`balance_money`,`account5`,`is_auth`,`sign_time`,`sign_days_series`,`pay_password`,`order_money`,`order_complete_money`,`order_num`,`order_complete_num`,`balance_withdraw_apply`,`balance_withdraw`,`is_delete`,`login_type_name`,`hospital_id`,`is_commander`,`self_cl_id`,`hospital_name`,`self_leader_name`,`cl_id`,`is_fenxiao_order`,`expiration_time`,`start_time`,`is_fenxiao_charge` FROM `gxfc_member` WHERE  `member_id` = 2393 LIMIT 1 [ RunTime:0.000593s ]
[2022-12-03T11:48:23+08:00][sql] SHOW FULL COLUMNS FROM `gxfc_goods_cart` [ RunTime:0.000500s ]
[2022-12-03T11:48:23+08:00][sql] SELECT `gc`.`num` FROM `gxfc_goods_cart` `gc` LEFT JOIN `gxfc_goods_sku` `gs` ON `gc`.`sku_id`=`gs`.`sku_id` WHERE  `gc`.`member_id` = '2393'  AND `gs`.`goods_state` = 1  AND `gs`.`is_delete` = 0 ORDER BY `cart_id` DESC [ RunTime:0.000359s ]
[2022-12-03T11:48:23+08:00][sql] CONNECT:[ UseTime:0.000404s ] mysql:host=127.0.0.1;port=3306;dbname=hunqin;charset=utf8
[2022-12-03T11:48:23+08:00][sql] SHOW FULL COLUMNS FROM `gxfc_member` [ RunTime:0.000816s ]
[2022-12-03T11:48:23+08:00][sql] SELECT `member_id` FROM `gxfc_member` WHERE  `status` = 0 [ RunTime:0.000321s ]
[2022-12-03T11:48:23+08:00][sql] SELECT `member_id`,`source_member`,`fenxiao_id`,`is_fenxiao`,`username`,`nickname`,`mobile`,`email`,`password`,`status`,`headimg`,`member_level`,`member_level_name`,`member_label`,`member_label_name`,`qq`,`qq_openid`,`wx_openid`,`weapp_openid`,`wx_unionid`,`ali_openid`,`baidu_openid`,`toutiao_openid`,`douyin_openid`,`login_ip`,`login_type`,`login_time`,`last_login_ip`,`last_login_type`,`last_login_time`,`login_num`,`realname`,`sex`,`location`,`birthday`,`reg_time`,`point`,`balance`,`growth`,`balance_money`,`account5`,`is_auth`,`sign_time`,`sign_days_series`,`pay_password`,`order_money`,`order_complete_money`,`order_num`,`order_complete_num`,`balance_withdraw_apply`,`balance_withdraw`,`is_delete`,`login_type_name`,`hospital_id`,`is_commander`,`self_cl_id`,`hospital_name`,`self_leader_name`,`cl_id`,`is_fenxiao_order`,`expiration_time`,`start_time`,`is_fenxiao_charge` FROM `gxfc_member` WHERE  `member_id` = 2393 LIMIT 1 [ RunTime:0.000538s ]
[2022-12-03T11:48:23+08:00][sql] SHOW FULL COLUMNS FROM `gxfc_order` [ RunTime:0.001027s ]
[2022-12-03T11:48:23+08:00][sql] SELECT COUNT(*) AS think_count FROM `gxfc_order` WHERE  `member_id` = 2393  AND `order_status` = 0 [ RunTime:0.000320s ]
[2022-12-03T11:48:23+08:00][sql] SELECT COUNT(*) AS think_count FROM `gxfc_order` WHERE  `member_id` = 2393  AND `order_status` = 1 [ RunTime:0.000266s ]
[2022-12-03T11:48:23+08:00][sql] SELECT COUNT(*) AS think_count FROM `gxfc_order` WHERE  `member_id` = 2393  AND `order_status` = 3 [ RunTime:0.000262s ]
[2022-12-03T11:48:23+08:00][sql] SELECT COUNT(*) AS think_count FROM `gxfc_order` WHERE  `member_id` = 2393  AND `order_status` IN (4,10)  AND `is_evaluate` = 1 [ RunTime:0.000290s ]
[2022-12-03T11:48:23+08:00][sql] SHOW FULL COLUMNS FROM `gxfc_order_goods` [ RunTime:0.000685s ]
[2022-12-03T11:48:23+08:00][sql] SELECT COUNT(*) AS think_count FROM `gxfc_order_goods` WHERE  `member_id` = 2393  AND `refund_status` IN (-1,1,2,4,5,6) [ RunTime:0.000923s ]
[2022-12-03T11:48:34+08:00][sql] CONNECT:[ UseTime:0.000427s ] mysql:host=127.0.0.1;port=3306;dbname=hunqin;charset=utf8
[2022-12-03T11:48:34+08:00][sql] SHOW FULL COLUMNS FROM `gxfc_site_diy_view` [ RunTime:0.000656s ]
[2022-12-03T11:48:34+08:00][sql] UPDATE `gxfc_site_diy_view`  SET `click_num` = `click_num` + 1  WHERE  `name` = 'DIY_VIEW_GOODS_CATEGORY' [ RunTime:0.007823s ]
[2022-12-03T11:48:34+08:00][sql] SELECT `sdv`.`id`,`sdv`.`site_id`,`sdv`.`name`,`sdv`.`title`,`sdv`.`value`,`sdv`.`type`,`dvt`.`addon_name` FROM `gxfc_site_diy_view` `sdv` LEFT JOIN `gxfc_diy_view_temp` `dvt` ON `sdv`.`name`=`dvt`.`name` WHERE  `sdv`.`name` = 'DIY_VIEW_GOODS_CATEGORY' LIMIT 1 [ RunTime:0.000744s ]
[2022-12-03T11:48:34+08:00][sql] CONNECT:[ UseTime:0.000481s ] mysql:host=127.0.0.1;port=3306;dbname=hunqin;charset=utf8
[2022-12-03T11:48:34+08:00][sql] SHOW FULL COLUMNS FROM `gxfc_goods_sku` [ RunTime:0.000967s ]
[2022-12-03T11:48:34+08:00][sql] SELECT COUNT(*) AS think_count FROM `gxfc_goods_sku` `gs` INNER JOIN `gxfc_goods` `g` ON `gs`.`sku_id`=`g`.`sku_id` INNER JOIN `gxfc_shop` `s` ON `s`.`site_id`=`gs`.`site_id` WHERE  `s`.`shop_status` = 1  AND `s`.`conceal` = 0  AND (`g`.`category_id` LIKE '%,30,%')  AND `gs`.`goods_state` = 1  AND `gs`.`verify_state` = 1  AND `gs`.`is_delete` = 0 ORDER BY `gs`.`sort` DESC [ RunTime:0.000607s ]
[2022-12-03T11:48:34+08:00][sql] SELECT `gs`.`goods_id`,`gs`.`sku_id`,`gs`.`sku_name`,`gs`.`price`,`gs`.`market_price`,`gs`.`discount_price`,`gs`.`stock`,`gs`.`sale_num`,`gs`.`sku_image`,`gs`.`goods_name`,`gs`.`site_id`,`gs`.`website_id`,`gs`.`is_own`,`gs`.`is_free_shipping`,`gs`.`introduction`,`gs`.`promotion_type`,`g`.`goods_image`,`g`.`site_name`,`gs`.`goods_spec_format`,`gs`.`is_virtual`,`gs`.`recommend_way`,`g`.`is_sale`,`gs`.`is_lease` FROM `gxfc_goods_sku` `gs` INNER JOIN `gxfc_goods` `g` ON `gs`.`sku_id`=`g`.`sku_id` INNER JOIN `gxfc_shop` `s` ON `s`.`site_id`=`gs`.`site_id` WHERE  `s`.`shop_status` = 1  AND `s`.`conceal` = 0  AND (`g`.`category_id` LIKE '%,30,%')  AND `gs`.`goods_state` = 1  AND `gs`.`verify_state` = 1  AND `gs`.`is_delete` = 0 ORDER BY `gs`.`sort` DESC LIMIT 0,10 [ RunTime:0.000786s ]
[2022-12-03T11:48:34+08:00][sql] CONNECT:[ UseTime:0.000460s ] mysql:host=127.0.0.1;port=3306;dbname=hunqin;charset=utf8
[2022-12-03T11:48:34+08:00][sql] SHOW FULL COLUMNS FROM `gxfc_member` [ RunTime:0.000939s ]
[2022-12-03T11:48:34+08:00][sql] SELECT `member_id` FROM `gxfc_member` WHERE  `status` = 0 [ RunTime:0.000368s ]
[2022-12-03T11:48:34+08:00][sql] SELECT `member_id`,`source_member`,`fenxiao_id`,`is_fenxiao`,`username`,`nickname`,`mobile`,`email`,`password`,`status`,`headimg`,`member_level`,`member_level_name`,`member_label`,`member_label_name`,`qq`,`qq_openid`,`wx_openid`,`weapp_openid`,`wx_unionid`,`ali_openid`,`baidu_openid`,`toutiao_openid`,`douyin_openid`,`login_ip`,`login_type`,`login_time`,`last_login_ip`,`last_login_type`,`last_login_time`,`login_num`,`realname`,`sex`,`location`,`birthday`,`reg_time`,`point`,`balance`,`growth`,`balance_money`,`account5`,`is_auth`,`sign_time`,`sign_days_series`,`pay_password`,`order_money`,`order_complete_money`,`order_num`,`order_complete_num`,`balance_withdraw_apply`,`balance_withdraw`,`is_delete`,`login_type_name`,`hospital_id`,`is_commander`,`self_cl_id`,`hospital_name`,`self_leader_name`,`cl_id`,`is_fenxiao_order`,`expiration_time`,`start_time`,`is_fenxiao_charge` FROM `gxfc_member` WHERE  `member_id` = 2393 LIMIT 1 [ RunTime:0.000604s ]
[2022-12-03T11:48:34+08:00][sql] SHOW FULL COLUMNS FROM `gxfc_goods_cart` [ RunTime:0.000543s ]
[2022-12-03T11:48:34+08:00][sql] SELECT `gc`.`cart_id`,`gc`.`sku_id`,`gc`.`num` FROM `gxfc_goods_cart` `gc` LEFT JOIN `gxfc_goods_sku` `gs` ON `gc`.`sku_id`=`gs`.`sku_id` WHERE  `gc`.`member_id` = '2393' ORDER BY `cart_id` DESC [ RunTime:0.000357s ]
[2022-12-03T11:48:37+08:00][sql] CONNECT:[ UseTime:0.000684s ] mysql:host=127.0.0.1;port=3306;dbname=hunqin;charset=utf8
[2022-12-03T11:48:37+08:00][sql] SHOW FULL COLUMNS FROM `gxfc_goods_sku` [ RunTime:0.001465s ]
[2022-12-03T11:48:37+08:00][sql] SELECT `gs`.`goods_id`,`gs`.`sku_id`,`gs`.`goods_name`,`gs`.`sku_name`,`gs`.`sku_spec_format`,`gs`.`price`,`gs`.`market_price`,`gs`.`discount_price`,`gs`.`promotion_type`,`gs`.`start_time`,`gs`.`end_time`,`gs`.`stock`,`gs`.`click_num`,`g`.`sale_num`,`gs`.`collect_num`,`gs`.`sku_image`,`gs`.`sku_images`,`gs`.`site_id`,`gs`.`goods_content`,`gs`.`goods_state`,`gs`.`is_free_shipping`,`gs`.`goods_spec_format`,`gs`.`goods_attr_format`,`gs`.`introduction`,`gs`.`unit`,`gs`.`video_url`,`gs`.`evaluate`,`gs`.`is_virtual`,`gs`.`max_buy`,`gs`.`min_buy`,`g`.`goods_image`,`g`.`verify_state`,`g`.`is_sale`,`g`.`is_lease`,`g`.`cash_pledge`,`gs`.`cash_pledge`,`gs`.`is_lease` FROM `gxfc_goods_sku` `gs` INNER JOIN `gxfc_goods` `g` ON `g`.`goods_id`=`gs`.`goods_id` WHERE  `gs`.`sku_id` = '1104'  AND `gs`.`is_delete` = 0 LIMIT 1 [ RunTime:0.000842s ]
[2022-12-03T11:48:37+08:00][sql] SHOW FULL COLUMNS FROM `gxfc_member` [ RunTime:0.001364s ]
[2022-12-03T11:48:37+08:00][sql] SELECT `member_id` FROM `gxfc_member` WHERE  `status` = 0 [ RunTime:0.000463s ]
[2022-12-03T11:48:37+08:00][sql] SELECT `member_id`,`source_member`,`fenxiao_id`,`is_fenxiao`,`username`,`nickname`,`mobile`,`email`,`password`,`status`,`headimg`,`member_level`,`member_level_name`,`member_label`,`member_label_name`,`qq`,`qq_openid`,`wx_openid`,`weapp_openid`,`wx_unionid`,`ali_openid`,`baidu_openid`,`toutiao_openid`,`douyin_openid`,`login_ip`,`login_type`,`login_time`,`last_login_ip`,`last_login_type`,`last_login_time`,`login_num`,`realname`,`sex`,`location`,`birthday`,`reg_time`,`point`,`balance`,`growth`,`balance_money`,`account5`,`is_auth`,`sign_time`,`sign_days_series`,`pay_password`,`order_money`,`order_complete_money`,`order_num`,`order_complete_num`,`balance_withdraw_apply`,`balance_withdraw`,`is_delete`,`login_type_name`,`hospital_id`,`is_commander`,`self_cl_id`,`hospital_name`,`self_leader_name`,`cl_id`,`is_fenxiao_order`,`expiration_time`,`start_time`,`is_fenxiao_charge` FROM `gxfc_member` WHERE  `member_id` = 2393 LIMIT 1 [ RunTime:0.000814s ]
[2022-12-03T11:48:37+08:00][sql] CONNECT:[ UseTime:0.001325s ] mysql:host=127.0.0.1;port=3306;dbname=hunqin;charset=utf8
[2022-12-03T11:48:37+08:00][sql] SHOW FULL COLUMNS FROM `gxfc_shop` [ RunTime:0.001269s ]
[2022-12-03T11:48:37+08:00][sql] SHOW FULL COLUMNS FROM `gxfc_member` [ RunTime:0.001523s ]
[2022-12-03T11:48:37+08:00][sql] SELECT `site_id`,`site_name`,`is_own`,`logo`,`avatar`,`banner`,`seo_description`,`qq`,`ww`,`telephone`,`shop_desccredit`,`shop_servicecredit`,`shop_deliverycredit`,`shop_baozh`,`shop_baozhopen`,`shop_baozhrmb`,`shop_qtian`,`shop_zhping`,`shop_erxiaoshi`,`shop_tuihuo`,`shop_shiyong`,`shop_shiti`,`shop_xiaoxie`,`shop_sales`,`sub_num` FROM `gxfc_shop` WHERE  `site_id` = 1 LIMIT 1 [ RunTime:0.000486s ]
[2022-12-03T11:48:37+08:00][sql] SELECT `member_id` FROM `gxfc_member` WHERE  `status` = 0 [ RunTime:0.000366s ]
[2022-12-03T11:48:37+08:00][sql] SHOW FULL COLUMNS FROM `gxfc_goods` [ RunTime:0.001116s ]
[2022-12-03T11:48:37+08:00][sql] SELECT `promotion_addon` FROM `gxfc_goods` WHERE  `goods_id` = 189 LIMIT 1 [ RunTime:0.000448s ]
[2022-12-03T11:48:37+08:00][sql] SELECT `promotion_addon` FROM `gxfc_goods` WHERE  `goods_id` = 189 LIMIT 1 [ RunTime:0.000407s ]
[2022-12-03T11:48:37+08:00][sql] SELECT `promotion_addon` FROM `gxfc_goods` WHERE  `goods_id` = 189 LIMIT 1 [ RunTime:0.000433s ]
[2022-12-03T11:48:37+08:00][sql] SELECT `promotion_addon` FROM `gxfc_goods` WHERE  `goods_id` = 189 LIMIT 1 [ RunTime:0.000407s ]
[2022-12-03T11:48:37+08:00][sql] SELECT `promotion_addon` FROM `gxfc_goods` WHERE  `goods_id` = 189 LIMIT 1 [ RunTime:0.000397s ]
[2022-12-03T11:48:37+08:00][sql] SELECT `member_id`,`source_member`,`fenxiao_id`,`is_fenxiao`,`username`,`nickname`,`mobile`,`email`,`password`,`status`,`headimg`,`member_level`,`member_level_name`,`member_label`,`member_label_name`,`qq`,`qq_openid`,`wx_openid`,`weapp_openid`,`wx_unionid`,`ali_openid`,`baidu_openid`,`toutiao_openid`,`douyin_openid`,`login_ip`,`login_type`,`login_time`,`last_login_ip`,`last_login_type`,`last_login_time`,`login_num`,`realname`,`sex`,`location`,`birthday`,`reg_time`,`point`,`balance`,`growth`,`balance_money`,`account5`,`is_auth`,`sign_time`,`sign_days_series`,`pay_password`,`order_money`,`order_complete_money`,`order_num`,`order_complete_num`,`balance_withdraw_apply`,`balance_withdraw`,`is_delete`,`login_type_name`,`hospital_id`,`is_commander`,`self_cl_id`,`hospital_name`,`self_leader_name`,`cl_id`,`is_fenxiao_order`,`expiration_time`,`start_time`,`is_fenxiao_charge` FROM `gxfc_member` WHERE  `member_id` = 2393 LIMIT 1 [ RunTime:0.007270s ]
[2022-12-03T11:48:37+08:00][sql] SELECT `member_id`,`source_member`,`username`,`nickname`,`mobile`,`email`,`password`,`status`,`headimg`,`member_level`,`member_level_name`,`member_label`,`member_label_name`,`qq`,`qq_openid`,`wx_openid`,`wx_unionid`,`ali_openid`,`baidu_openid`,`toutiao_openid`,`douyin_openid`,`realname`,`sex`,`location`,`birthday`,`point`,`balance`,`balance_money`,`growth`,`sign_days_series`,`hospital_id`,`self_cl_id`,`hospital_name`,`start_time`,`expiration_time`,`is_fenxiao` FROM `gxfc_member` WHERE  `member_id` = 2393  AND `is_delete` = 0 LIMIT 1 [ RunTime:0.000631s ]
[2022-12-03T11:48:37+08:00][sql] SELECT `promotion_addon` FROM `gxfc_goods` WHERE  `goods_id` = 189 LIMIT 1 [ RunTime:0.000411s ]
[2022-12-03T11:48:37+08:00][sql] CONNECT:[ UseTime:0.000449s ] mysql:host=127.0.0.1;port=3306;dbname=hunqin;charset=utf8
[2022-12-03T11:48:37+08:00][sql] SHOW FULL COLUMNS FROM `gxfc_member` [ RunTime:0.007428s ]
[2022-12-03T11:48:37+08:00][sql] SELECT `member_id` FROM `gxfc_member` WHERE  `status` = 0 [ RunTime:0.000497s ]
[2022-12-03T11:48:37+08:00][sql] SELECT `member_id`,`source_member`,`fenxiao_id`,`is_fenxiao`,`username`,`nickname`,`mobile`,`email`,`password`,`status`,`headimg`,`member_level`,`member_level_name`,`member_label`,`member_label_name`,`qq`,`qq_openid`,`wx_openid`,`weapp_openid`,`wx_unionid`,`ali_openid`,`baidu_openid`,`toutiao_openid`,`douyin_openid`,`login_ip`,`login_type`,`login_time`,`last_login_ip`,`last_login_type`,`last_login_time`,`login_num`,`realname`,`sex`,`location`,`birthday`,`reg_time`,`point`,`balance`,`growth`,`balance_money`,`account5`,`is_auth`,`sign_time`,`sign_days_series`,`pay_password`,`order_money`,`order_complete_money`,`order_num`,`order_complete_num`,`balance_withdraw_apply`,`balance_withdraw`,`is_delete`,`login_type_name`,`hospital_id`,`is_commander`,`self_cl_id`,`hospital_name`,`self_leader_name`,`cl_id`,`is_fenxiao_order`,`expiration_time`,`start_time`,`is_fenxiao_charge` FROM `gxfc_member` WHERE  `member_id` = 2393 LIMIT 1 [ RunTime:0.000963s ]
[2022-12-03T11:48:37+08:00][sql] SHOW FULL COLUMNS FROM `gxfc_user` [ RunTime:0.003944s ]
[2022-12-03T11:48:37+08:00][sql] SELECT `uid`,`app_module`,`app_group`,`is_admin`,`site_id`,`group_id`,`group_name`,`username`,`password`,`member_id`,`create_time`,`update_time`,`status`,`login_time`,`login_ip` FROM `gxfc_user` WHERE  `member_id` = 2393 LIMIT 1 [ RunTime:0.000450s ]
[2022-12-03T11:48:37+08:00][sql] SHOW FULL COLUMNS FROM `gxfc_customer_operational` [ RunTime:0.000681s ]
[2022-12-03T11:48:37+08:00][sql] SELECT `id` FROM `gxfc_customer_operational` WHERE  `member_id` = 2393 LIMIT 1 [ RunTime:0.000332s ]
[2022-12-03T11:48:38+08:00][sql] CONNECT:[ UseTime:0.000460s ] mysql:host=127.0.0.1;port=3306;dbname=hunqin;charset=utf8
[2022-12-03T11:48:38+08:00][sql] CONNECT:[ UseTime:0.000330s ] mysql:host=127.0.0.1;port=3306;dbname=hunqin;charset=utf8
[2022-12-03T11:48:38+08:00][sql] SHOW FULL COLUMNS FROM `gxfc_goods_sku` [ RunTime:0.001394s ]
[2022-12-03T11:48:38+08:00][sql] SHOW FULL COLUMNS FROM `gxfc_member` [ RunTime:0.001077s ]
[2022-12-03T11:48:38+08:00][sql] SELECT `member_id` FROM `gxfc_member` WHERE  `status` = 0 [ RunTime:0.000443s ]
[2022-12-03T11:48:38+08:00][sql] SELECT COUNT(*) AS think_count FROM `gxfc_goods_sku` `gs` INNER JOIN `gxfc_goods` `g` ON `gs`.`sku_id`=`g`.`sku_id` INNER JOIN `gxfc_shop` `s` ON `s`.`site_id`=`gs`.`site_id` WHERE  `gs`.`goods_state` = 1  AND `gs`.`verify_state` = 1  AND `gs`.`is_delete` = 0  AND `s`.`shop_status` = 1 ORDER BY `gs`.`sort` DESC,`gs`.`create_time` DESC [ RunTime:0.000633s ]
[2022-12-03T11:48:38+08:00][sql] SELECT `gs`.`goods_id`,`gs`.`sku_id`,`gs`.`sku_name`,`gs`.`price`,`gs`.`market_price`,`gs`.`discount_price`,`gs`.`stock`,`gs`.`sale_num`,`gs`.`sku_image`,`gs`.`goods_name`,`gs`.`site_id`,`gs`.`website_id`,`gs`.`is_own`,`gs`.`is_free_shipping`,`gs`.`introduction`,`gs`.`promotion_type`,`g`.`goods_image`,`gs`.`is_lease`,`s`.`site_name`,`s`.`logo` FROM `gxfc_goods_sku` `gs` INNER JOIN `gxfc_goods` `g` ON `gs`.`sku_id`=`g`.`sku_id` INNER JOIN `gxfc_shop` `s` ON `s`.`site_id`=`gs`.`site_id` WHERE  `gs`.`goods_state` = 1  AND `gs`.`verify_state` = 1  AND `gs`.`is_delete` = 0  AND `s`.`shop_status` = 1 ORDER BY `gs`.`sort` DESC,`gs`.`create_time` DESC LIMIT 0,10 [ RunTime:0.000989s ]
[2022-12-03T11:48:38+08:00][sql] SELECT `member_id`,`source_member`,`fenxiao_id`,`is_fenxiao`,`username`,`nickname`,`mobile`,`email`,`password`,`status`,`headimg`,`member_level`,`member_level_name`,`member_label`,`member_label_name`,`qq`,`qq_openid`,`wx_openid`,`weapp_openid`,`wx_unionid`,`ali_openid`,`baidu_openid`,`toutiao_openid`,`douyin_openid`,`login_ip`,`login_type`,`login_time`,`last_login_ip`,`last_login_type`,`last_login_time`,`login_num`,`realname`,`sex`,`location`,`birthday`,`reg_time`,`point`,`balance`,`growth`,`balance_money`,`account5`,`is_auth`,`sign_time`,`sign_days_series`,`pay_password`,`order_money`,`order_complete_money`,`order_num`,`order_complete_num`,`balance_withdraw_apply`,`balance_withdraw`,`is_delete`,`login_type_name`,`hospital_id`,`is_commander`,`self_cl_id`,`hospital_name`,`self_leader_name`,`cl_id`,`is_fenxiao_order`,`expiration_time`,`start_time`,`is_fenxiao_charge` FROM `gxfc_member` WHERE  `member_id` = 2393 LIMIT 1 [ RunTime:0.000844s ]
[2022-12-03T11:48:38+08:00][sql] SHOW FULL COLUMNS FROM `gxfc_goods_collect` [ RunTime:0.000752s ]
[2022-12-03T11:48:38+08:00][sql] SELECT `collect_id` FROM `gxfc_goods_collect` WHERE  `member_id` = 2393  AND `goods_id` = 189 LIMIT 1 [ RunTime:0.000341s ]
[2022-12-03T11:48:38+08:00][sql] SHOW FULL COLUMNS FROM `gxfc_member` [ RunTime:0.000924s ]
[2022-12-03T11:48:38+08:00][sql] SELECT `member_id` FROM `gxfc_member` WHERE  `status` = 0 [ RunTime:0.000316s ]
[2022-12-03T11:48:38+08:00][sql] SELECT `member_id`,`source_member`,`fenxiao_id`,`is_fenxiao`,`username`,`nickname`,`mobile`,`email`,`password`,`status`,`headimg`,`member_level`,`member_level_name`,`member_label`,`member_label_name`,`qq`,`qq_openid`,`wx_openid`,`weapp_openid`,`wx_unionid`,`ali_openid`,`baidu_openid`,`toutiao_openid`,`douyin_openid`,`login_ip`,`login_type`,`login_time`,`last_login_ip`,`last_login_type`,`last_login_time`,`login_num`,`realname`,`sex`,`location`,`birthday`,`reg_time`,`point`,`balance`,`growth`,`balance_money`,`account5`,`is_auth`,`sign_time`,`sign_days_series`,`pay_password`,`order_money`,`order_complete_money`,`order_num`,`order_complete_num`,`balance_withdraw_apply`,`balance_withdraw`,`is_delete`,`login_type_name`,`hospital_id`,`is_commander`,`self_cl_id`,`hospital_name`,`self_leader_name`,`cl_id`,`is_fenxiao_order`,`expiration_time`,`start_time`,`is_fenxiao_charge` FROM `gxfc_member` WHERE  `member_id` = 2393 LIMIT 1 [ RunTime:0.000512s ]
[2022-12-03T11:48:38+08:00][sql] CONNECT:[ UseTime:0.000537s ] mysql:host=127.0.0.1;port=3306;dbname=hunqin;charset=utf8
[2022-12-03T11:48:38+08:00][sql] SHOW FULL COLUMNS FROM `gxfc_goods_sku` [ RunTime:0.001385s ]
[2022-12-03T11:48:38+08:00][sql] CONNECT:[ UseTime:0.000330s ] mysql:host=127.0.0.1;port=3306;dbname=hunqin;charset=utf8
[2022-12-03T11:48:38+08:00][sql] SHOW FULL COLUMNS FROM `gxfc_member` [ RunTime:0.001089s ]
[2022-12-03T11:48:38+08:00][sql] SELECT `member_id` FROM `gxfc_member` WHERE  `status` = 0 [ RunTime:0.000333s ]
[2022-12-03T11:48:38+08:00][sql] SELECT `member_id`,`source_member`,`fenxiao_id`,`is_fenxiao`,`username`,`nickname`,`mobile`,`email`,`password`,`status`,`headimg`,`member_level`,`member_level_name`,`member_label`,`member_label_name`,`qq`,`qq_openid`,`wx_openid`,`weapp_openid`,`wx_unionid`,`ali_openid`,`baidu_openid`,`toutiao_openid`,`douyin_openid`,`login_ip`,`login_type`,`login_time`,`last_login_ip`,`last_login_type`,`last_login_time`,`login_num`,`realname`,`sex`,`location`,`birthday`,`reg_time`,`point`,`balance`,`growth`,`balance_money`,`account5`,`is_auth`,`sign_time`,`sign_days_series`,`pay_password`,`order_money`,`order_complete_money`,`order_num`,`order_complete_num`,`balance_withdraw_apply`,`balance_withdraw`,`is_delete`,`login_type_name`,`hospital_id`,`is_commander`,`self_cl_id`,`hospital_name`,`self_leader_name`,`cl_id`,`is_fenxiao_order`,`expiration_time`,`start_time`,`is_fenxiao_charge` FROM `gxfc_member` WHERE  `member_id` = 2393 LIMIT 1 [ RunTime:0.000634s ]
[2022-12-03T11:48:38+08:00][sql] UPDATE `gxfc_goods_sku`  SET `click_num` = `click_num` + 1  WHERE  `sku_id` = 1104 [ RunTime:0.007686s ]
[2022-12-03T11:48:38+08:00][sql] SHOW FULL COLUMNS FROM `gxfc_goods_sku` [ RunTime:0.001255s ]
[2022-12-03T11:48:38+08:00][sql] SELECT `sku_id`,`sku_name`,`sku_spec_format`,`price`,`market_price`,`discount_price`,`promotion_type`,`start_time`,`end_time`,`stock`,`click_num`,`sale_num`,`collect_num`,`sku_image`,`sku_images`,`goods_id`,`site_id`,`goods_content`,`goods_state`,`verify_state`,`is_virtual`,`is_free_shipping`,`goods_spec_format`,`goods_attr_format`,`introduction`,`unit`,`video_url`,`max_buy`,`min_buy` FROM `gxfc_goods_sku` WHERE  `sku_id` = 1104 LIMIT 1 [ RunTime:0.000551s ]
[2022-12-03T11:48:38+08:00][sql] SHOW FULL COLUMNS FROM `gxfc_goods_browse` [ RunTime:0.000569s ]
[2022-12-03T11:48:38+08:00][sql] SELECT `site_id`,`id` FROM `gxfc_goods_browse` WHERE  `member_id` = 2393  AND `goods_id` = 189 LIMIT 1 [ RunTime:0.000307s ]
[2022-12-03T11:48:38+08:00][sql] INSERT INTO `gxfc_goods_browse` SET `member_id` = 2393 , `goods_id` = 189 , `sku_id` = 1104 , `site_id` = 1 , `browse_time` = 1670039318 [ RunTime:0.005577s ]
[2022-12-03T11:48:38+08:00][sql] SHOW FULL COLUMNS FROM `gxfc_stat_shop` [ RunTime:0.000978s ]
[2022-12-03T11:48:38+08:00][sql] SELECT `id` FROM `gxfc_stat_shop` WHERE  `site_id` = 1  AND `year` = 2022  AND `month` = 12  AND `day` = 3 LIMIT 1 [ RunTime:0.000494s ]
[2022-12-03T11:48:38+08:00][sql] INSERT INTO `gxfc_stat_shop` SET `site_id` = 1 , `year` = 2022 , `month` = 12 , `day` = 3 , `day_time` = 1669996800 , `create_time` = 1670039318 , `visit_count` = 1 [ RunTime:0.027992s ]
[2022-12-03T11:48:38+08:00][sql] SELECT `id` FROM `gxfc_stat_shop` WHERE  `site_id` = 0  AND `year` = 2022  AND `month` = 12  AND `day` = 3 LIMIT 1 [ RunTime:0.000490s ]
[2022-12-03T11:48:38+08:00][sql] UPDATE `gxfc_stat_shop`  SET `modify_time` = 1670039318 , `visit_count` = visit_count+1  WHERE  `site_id` = 0  AND `year` = 2022  AND `month` = 12  AND `day` = 3 [ RunTime:0.008773s ]
[2022-12-03T11:48:38+08:00][sql] CONNECT:[ UseTime:0.000453s ] mysql:host=127.0.0.1;port=3306;dbname=hunqin;charset=utf8
[2022-12-03T11:48:38+08:00][sql] SHOW FULL COLUMNS FROM `gxfc_goods_evaluate` [ RunTime:0.000825s ]
[2022-12-03T11:48:38+08:00][sql] SELECT `evaluate_id`,`order_goods_id`,`goods_id`,`sku_id`,`sku_name`,`sku_price`,`content`,`images`,`explain_first`,`member_name`,`member_headimg`,`member_id`,`is_anonymous`,`again_content`,`again_images`,`again_explain`,`create_time`,`again_time` FROM `gxfc_goods_evaluate` WHERE  `is_show` = 1  AND `is_audit` = 1  AND `goods_id` = 189 ORDER BY `create_time` DESC LIMIT 1 [ RunTime:0.000484s ]
[2022-12-03T11:48:40+08:00][sql] CONNECT:[ UseTime:0.000436s ] mysql:host=127.0.0.1;port=3306;dbname=hunqin;charset=utf8
[2022-12-03T11:48:40+08:00][sql] SHOW FULL COLUMNS FROM `gxfc_member` [ RunTime:0.001031s ]
[2022-12-03T11:48:40+08:00][sql] SELECT `member_id` FROM `gxfc_member` WHERE  `status` = 0 [ RunTime:0.000454s ]
[2022-12-03T11:48:40+08:00][sql] SELECT `member_id`,`source_member`,`fenxiao_id`,`is_fenxiao`,`username`,`nickname`,`mobile`,`email`,`password`,`status`,`headimg`,`member_level`,`member_level_name`,`member_label`,`member_label_name`,`qq`,`qq_openid`,`wx_openid`,`weapp_openid`,`wx_unionid`,`ali_openid`,`baidu_openid`,`toutiao_openid`,`douyin_openid`,`login_ip`,`login_type`,`login_time`,`last_login_ip`,`last_login_type`,`last_login_time`,`login_num`,`realname`,`sex`,`location`,`birthday`,`reg_time`,`point`,`balance`,`growth`,`balance_money`,`account5`,`is_auth`,`sign_time`,`sign_days_series`,`pay_password`,`order_money`,`order_complete_money`,`order_num`,`order_complete_num`,`balance_withdraw_apply`,`balance_withdraw`,`is_delete`,`login_type_name`,`hospital_id`,`is_commander`,`self_cl_id`,`hospital_name`,`self_leader_name`,`cl_id`,`is_fenxiao_order`,`expiration_time`,`start_time`,`is_fenxiao_charge` FROM `gxfc_member` WHERE  `member_id` = 2393 LIMIT 1 [ RunTime:0.000618s ]
[2022-12-03T11:48:40+08:00][sql] SELECT `member_id`,`source_member`,`username`,`nickname`,`mobile`,`email`,`password`,`status`,`headimg`,`member_level`,`member_level_name`,`member_label`,`member_label_name`,`qq`,`qq_openid`,`wx_openid`,`wx_unionid`,`ali_openid`,`baidu_openid`,`toutiao_openid`,`douyin_openid`,`realname`,`sex`,`location`,`birthday`,`point`,`balance`,`balance_money`,`growth`,`sign_days_series`,`hospital_id`,`self_cl_id`,`hospital_name`,`start_time`,`expiration_time`,`is_fenxiao` FROM `gxfc_member` WHERE  `member_id` = 2393  AND `is_delete` = 0 LIMIT 1 [ RunTime:0.000384s ]
[2022-12-03T11:48:40+08:00][sql] SHOW FULL COLUMNS FROM `gxfc_user` [ RunTime:0.016381s ]
[2022-12-03T11:48:40+08:00][sql] SELECT `uid`,`app_module`,`app_group`,`is_admin`,`site_id`,`group_id`,`group_name`,`username`,`password`,`member_id`,`create_time`,`update_time`,`status`,`login_time`,`login_ip` FROM `gxfc_user` WHERE  `member_id` = 2393 LIMIT 1 [ RunTime:0.000392s ]
[2022-12-03T11:48:40+08:00][sql] SHOW FULL COLUMNS FROM `gxfc_customer_operational` [ RunTime:0.000411s ]
[2022-12-03T11:48:40+08:00][sql] SELECT `id` FROM `gxfc_customer_operational` WHERE  `member_id` = 2393 LIMIT 1 [ RunTime:0.000235s ]
[2022-12-03T11:48:40+08:00][sql] CONNECT:[ UseTime:0.000401s ] mysql:host=127.0.0.1;port=3306;dbname=hunqin;charset=utf8
[2022-12-03T11:48:40+08:00][sql] SHOW FULL COLUMNS FROM `gxfc_member` [ RunTime:0.000908s ]
[2022-12-03T11:48:40+08:00][sql] SELECT `member_id` FROM `gxfc_member` WHERE  `status` = 0 [ RunTime:0.000287s ]
[2022-12-03T11:48:40+08:00][sql] SELECT `member_id`,`source_member`,`fenxiao_id`,`is_fenxiao`,`username`,`nickname`,`mobile`,`email`,`password`,`status`,`headimg`,`member_level`,`member_level_name`,`member_label`,`member_label_name`,`qq`,`qq_openid`,`wx_openid`,`weapp_openid`,`wx_unionid`,`ali_openid`,`baidu_openid`,`toutiao_openid`,`douyin_openid`,`login_ip`,`login_type`,`login_time`,`last_login_ip`,`last_login_type`,`last_login_time`,`login_num`,`realname`,`sex`,`location`,`birthday`,`reg_time`,`point`,`balance`,`growth`,`balance_money`,`account5`,`is_auth`,`sign_time`,`sign_days_series`,`pay_password`,`order_money`,`order_complete_money`,`order_num`,`order_complete_num`,`balance_withdraw_apply`,`balance_withdraw`,`is_delete`,`login_type_name`,`hospital_id`,`is_commander`,`self_cl_id`,`hospital_name`,`self_leader_name`,`cl_id`,`is_fenxiao_order`,`expiration_time`,`start_time`,`is_fenxiao_charge` FROM `gxfc_member` WHERE  `member_id` = 2393 LIMIT 1 [ RunTime:0.000505s ]
[2022-12-03T11:48:40+08:00][sql] SHOW FULL COLUMNS FROM `gxfc_order` [ RunTime:0.000996s ]
[2022-12-03T11:48:40+08:00][sql] SELECT COUNT(*) AS think_count FROM `gxfc_order` WHERE  `member_id` = 2393  AND `order_status` = 0 [ RunTime:0.000301s ]
[2022-12-03T11:48:40+08:00][sql] SELECT COUNT(*) AS think_count FROM `gxfc_order` WHERE  `member_id` = 2393  AND `order_status` = 1 [ RunTime:0.000258s ]
[2022-12-03T11:48:40+08:00][sql] SELECT COUNT(*) AS think_count FROM `gxfc_order` WHERE  `member_id` = 2393  AND `order_status` = 3 [ RunTime:0.000259s ]
[2022-12-03T11:48:40+08:00][sql] SELECT COUNT(*) AS think_count FROM `gxfc_order` WHERE  `member_id` = 2393  AND `order_status` IN (4,10)  AND `is_evaluate` = 1 [ RunTime:0.000285s ]
[2022-12-03T11:48:40+08:00][sql] SHOW FULL COLUMNS FROM `gxfc_order_goods` [ RunTime:0.000687s ]
[2022-12-03T11:48:40+08:00][sql] SELECT COUNT(*) AS think_count FROM `gxfc_order_goods` WHERE  `member_id` = 2393  AND `refund_status` IN (-1,1,2,4,5,6) [ RunTime:0.000854s ]
[2022-12-03T11:48:46+08:00][sql] CONNECT:[ UseTime:0.000399s ] mysql:host=127.0.0.1;port=3306;dbname=hunqin;charset=utf8
[2022-12-03T11:48:46+08:00][sql] SHOW FULL COLUMNS FROM `gxfc_goods_sku` [ RunTime:0.001005s ]
[2022-12-03T11:48:46+08:00][sql] SELECT COUNT(*) AS think_count FROM `gxfc_goods_sku` `gs` INNER JOIN `gxfc_goods` `g` ON `gs`.`sku_id`=`g`.`sku_id` INNER JOIN `gxfc_shop` `s` ON `s`.`site_id`=`gs`.`site_id` WHERE  `s`.`shop_status` = 1  AND `s`.`conceal` = 0  AND (`g`.`category_id` LIKE '%,30,%')  AND `gs`.`goods_state` = 1  AND `gs`.`verify_state` = 1  AND `gs`.`is_delete` = 0 ORDER BY `gs`.`sort` DESC [ RunTime:0.000615s ]
[2022-12-03T11:48:46+08:00][sql] SELECT `gs`.`goods_id`,`gs`.`sku_id`,`gs`.`sku_name`,`gs`.`price`,`gs`.`market_price`,`gs`.`discount_price`,`gs`.`stock`,`gs`.`sale_num`,`gs`.`sku_image`,`gs`.`goods_name`,`gs`.`site_id`,`gs`.`website_id`,`gs`.`is_own`,`gs`.`is_free_shipping`,`gs`.`introduction`,`gs`.`promotion_type`,`g`.`goods_image`,`g`.`site_name`,`gs`.`goods_spec_format`,`gs`.`is_virtual`,`gs`.`recommend_way`,`g`.`is_sale`,`gs`.`is_lease` FROM `gxfc_goods_sku` `gs` INNER JOIN `gxfc_goods` `g` ON `gs`.`sku_id`=`g`.`sku_id` INNER JOIN `gxfc_shop` `s` ON `s`.`site_id`=`gs`.`site_id` WHERE  `s`.`shop_status` = 1  AND `s`.`conceal` = 0  AND (`g`.`category_id` LIKE '%,30,%')  AND `gs`.`goods_state` = 1  AND `gs`.`verify_state` = 1  AND `gs`.`is_delete` = 0 ORDER BY `gs`.`sort` DESC LIMIT 0,10 [ RunTime:0.000905s ]
[2022-12-03T11:48:46+08:00][sql] CONNECT:[ UseTime:0.000407s ] mysql:host=127.0.0.1;port=3306;dbname=hunqin;charset=utf8
[2022-12-03T11:48:46+08:00][sql] SHOW FULL COLUMNS FROM `gxfc_goods_category` [ RunTime:0.000725s ]
[2022-12-03T11:48:46+08:00][sql] SELECT `category_id`,`category_name`,`short_name`,`pid`,`level`,`is_show`,`sort`,`image`,`keywords`,`description`,`attr_class_id`,`attr_class_name`,`category_id_1`,`category_id_2`,`category_id_3`,`category_full_name`,`commission_rate`,`image_adv`,`supply_commission_rate`,`is_jifen` FROM `gxfc_goods_category` WHERE  `category_id` = 30 LIMIT 1 [ RunTime:0.000433s ]
[2022-12-03T11:48:46+08:00][sql] CONNECT:[ UseTime:0.000414s ] mysql:host=127.0.0.1;port=3306;dbname=hunqin;charset=utf8
[2022-12-03T11:48:46+08:00][sql] SHOW FULL COLUMNS FROM `gxfc_goods_sku` [ RunTime:0.001006s ]
[2022-12-03T11:48:46+08:00][sql] SELECT COUNT(*) AS think_count FROM `gxfc_goods_sku` `gs` INNER JOIN `gxfc_goods` `g` ON `gs`.`sku_id`=`g`.`sku_id` INNER JOIN `gxfc_shop` `s` ON `s`.`site_id`=`gs`.`site_id` WHERE  `s`.`shop_status` = 1  AND `s`.`conceal` = 0  AND (`g`.`category_id` LIKE '%,30,%')  AND `gs`.`goods_state` = 1  AND `gs`.`verify_state` = 1  AND `gs`.`is_delete` = 0 ORDER BY `gs`.`sort` DESC [ RunTime:0.000733s ]
[2022-12-03T11:48:46+08:00][sql] SELECT `gs`.`goods_id`,`gs`.`sku_id`,`gs`.`sku_name`,`gs`.`price`,`gs`.`market_price`,`gs`.`discount_price`,`gs`.`stock`,`gs`.`sale_num`,`gs`.`sku_image`,`gs`.`goods_name`,`gs`.`site_id`,`gs`.`website_id`,`gs`.`is_own`,`gs`.`is_free_shipping`,`gs`.`introduction`,`gs`.`promotion_type`,`g`.`goods_image`,`g`.`site_name`,`gs`.`goods_spec_format`,`gs`.`is_virtual`,`gs`.`recommend_way`,`g`.`is_sale`,`gs`.`is_lease` FROM `gxfc_goods_sku` `gs` INNER JOIN `gxfc_goods` `g` ON `gs`.`sku_id`=`g`.`sku_id` INNER JOIN `gxfc_shop` `s` ON `s`.`site_id`=`gs`.`site_id` WHERE  `s`.`shop_status` = 1  AND `s`.`conceal` = 0  AND (`g`.`category_id` LIKE '%,30,%')  AND `gs`.`goods_state` = 1  AND `gs`.`verify_state` = 1  AND `gs`.`is_delete` = 0 ORDER BY `gs`.`sort` DESC LIMIT 0,10 [ RunTime:0.000837s ]
