[2022-12-15T08:39:51+08:00][sql] CONNECT:[ UseTime:0.000427s ] mysql:host=127.0.0.1;port=3306;dbname=hunqin;charset=utf8
[2022-12-15T08:39:51+08:00][sql] SHOW FULL COLUMNS FROM `gxfc_site_diy_view` [ RunTime:0.000828s ]
[2022-12-15T08:39:51+08:00][sql] CONNECT:[ UseTime:0.000443s ] mysql:host=127.0.0.1;port=3306;dbname=hunqin;charset=utf8
[2022-12-15T08:39:51+08:00][sql] SHOW FULL COLUMNS FROM `gxfc_goods_sku` [ RunTime:0.000956s ]
[2022-12-15T08:39:51+08:00][sql] UPDATE `gxfc_site_diy_view`  SET `click_num` = `click_num` + 1  WHERE  `name` = 'DIY_VIEW_INDEX' [ RunTime:0.008069s ]
[2022-12-15T08:39:51+08:00][sql] SELECT COUNT(*) AS think_count FROM `gxfc_goods_sku` `gs` INNER JOIN `gxfc_goods` `g` ON `gs`.`sku_id`=`g`.`sku_id` INNER JOIN `gxfc_shop` `s` ON `s`.`site_id`=`gs`.`site_id` WHERE  `gs`.`goods_state` = 1  AND `gs`.`verify_state` = 1  AND `gs`.`is_delete` = 0  AND `s`.`shop_status` = 1 ORDER BY `gs`.`sort` DESC,`gs`.`create_time` DESC [ RunTime:0.001883s ]
[2022-12-15T08:39:51+08:00][sql] SELECT `sdv`.`id`,`sdv`.`site_id`,`sdv`.`name`,`sdv`.`title`,`sdv`.`value`,`sdv`.`type`,`dvt`.`addon_name` FROM `gxfc_site_diy_view` `sdv` LEFT JOIN `gxfc_diy_view_temp` `dvt` ON `sdv`.`name`=`dvt`.`name` WHERE  `sdv`.`name` = 'DIY_VIEW_INDEX' LIMIT 1 [ RunTime:0.000730s ]
[2022-12-15T08:39:51+08:00][sql] SELECT `gs`.`goods_id`,`gs`.`sku_id`,`gs`.`sku_name`,`gs`.`price`,`gs`.`market_price`,`gs`.`discount_price`,`gs`.`stock`,`gs`.`sale_num`,`gs`.`sku_image`,`gs`.`goods_name`,`gs`.`site_id`,`gs`.`website_id`,`gs`.`is_own`,`gs`.`is_free_shipping`,`gs`.`introduction`,`gs`.`promotion_type`,`g`.`goods_image`,`gs`.`is_lease`,`s`.`site_name`,`s`.`logo` FROM `gxfc_goods_sku` `gs` INNER JOIN `gxfc_goods` `g` ON `gs`.`sku_id`=`g`.`sku_id` INNER JOIN `gxfc_shop` `s` ON `s`.`site_id`=`gs`.`site_id` WHERE  `gs`.`goods_state` = 1  AND `gs`.`verify_state` = 1  AND `gs`.`is_delete` = 0  AND `s`.`shop_status` = 1 ORDER BY `gs`.`sort` DESC,`gs`.`create_time` DESC LIMIT 0,10 [ RunTime:0.000834s ]
[2022-12-15T08:39:52+08:00][sql] CONNECT:[ UseTime:0.000498s ] mysql:host=127.0.0.1;port=3306;dbname=hunqin;charset=utf8
[2022-12-15T08:39:52+08:00][sql] SHOW FULL COLUMNS FROM `gxfc_verifier` [ RunTime:0.000767s ]
[2022-12-15T08:39:52+08:00][sql] SELECT `verifier_id` FROM `gxfc_verifier` WHERE  `member_id` = 2381 LIMIT 1 [ RunTime:0.000364s ]
[2022-12-15T08:39:52+08:00][sql] CONNECT:[ UseTime:0.000369s ] mysql:host=127.0.0.1;port=3306;dbname=hunqin;charset=utf8
[2022-12-15T08:39:52+08:00][sql] SHOW FULL COLUMNS FROM `gxfc_member` [ RunTime:0.000955s ]
[2022-12-15T08:39:52+08:00][sql] SELECT `member_id`,`source_member`,`fenxiao_id`,`is_fenxiao`,`username`,`nickname`,`mobile`,`email`,`password`,`status`,`headimg`,`member_level`,`member_level_name`,`member_label`,`member_label_name`,`qq`,`qq_openid`,`wx_openid`,`weapp_openid`,`wx_unionid`,`ali_openid`,`baidu_openid`,`toutiao_openid`,`douyin_openid`,`login_ip`,`login_type`,`login_time`,`last_login_ip`,`last_login_type`,`last_login_time`,`login_num`,`realname`,`sex`,`location`,`birthday`,`reg_time`,`point`,`balance`,`growth`,`balance_money`,`account5`,`is_auth`,`sign_time`,`sign_days_series`,`pay_password`,`order_money`,`order_complete_money`,`order_num`,`order_complete_num`,`balance_withdraw_apply`,`balance_withdraw`,`is_delete`,`login_type_name`,`hospital_id`,`is_commander`,`self_cl_id`,`hospital_name`,`self_leader_name`,`cl_id`,`is_fenxiao_order`,`expiration_time`,`start_time`,`is_fenxiao_charge` FROM `gxfc_member` WHERE  `member_id` = 2371 LIMIT 1 [ RunTime:0.000526s ]
[2022-12-15T08:39:52+08:00][sql] SELECT `member_id`,`source_member`,`username`,`nickname`,`mobile`,`email`,`password`,`status`,`headimg`,`member_level`,`member_level_name`,`member_label`,`member_label_name`,`qq`,`qq_openid`,`wx_openid`,`wx_unionid`,`ali_openid`,`baidu_openid`,`toutiao_openid`,`douyin_openid`,`realname`,`sex`,`location`,`birthday`,`point`,`balance`,`balance_money`,`growth`,`sign_days_series`,`hospital_id`,`self_cl_id`,`hospital_name`,`start_time`,`expiration_time`,`is_fenxiao` FROM `gxfc_member` WHERE  `member_id` = 2371  AND `is_delete` = 0 LIMIT 1 [ RunTime:0.000335s ]
[2022-12-15T08:39:52+08:00][sql] SHOW FULL COLUMNS FROM `gxfc_user` [ RunTime:0.000501s ]
[2022-12-15T08:39:52+08:00][sql] SELECT `uid`,`app_module`,`app_group`,`is_admin`,`site_id`,`group_id`,`group_name`,`username`,`password`,`member_id`,`create_time`,`update_time`,`status`,`login_time`,`login_ip` FROM `gxfc_user` WHERE  `member_id` = 2371 LIMIT 1 [ RunTime:0.000275s ]
[2022-12-15T08:39:52+08:00][sql] SHOW FULL COLUMNS FROM `gxfc_shop_apply` [ RunTime:0.000511s ]
[2022-12-15T08:39:52+08:00][sql] SELECT `nsa`.`apply_id`,`nsa`.`site_id`,`nsa`.`website_id`,`nsa`.`member_id`,`nsa`.`username`,`nsa`.`cert_id`,`nsa`.`shop_name`,`nsa`.`apply_state`,`nsa`.`apply_message`,`nsa`.`apply_year`,`nsa`.`category_name`,`nsa`.`category_id`,`nsa`.`group_name`,`nsa`.`group_id`,`nsa`.`paying_money_certificate`,`nsa`.`paying_money_certificate_explain`,`nsa`.`paying_deposit`,`nsa`.`paying_apply`,`nsa`.`paying_amount`,`nsa`.`create_time`,`nsa`.`audit_time`,`nsa`.`finish_time`,`nsc`.`cert_id`,`nsc`.`cert_type`,`nsc`.`company_name`,`nsc`.`company_province_id`,`nsc`.`company_city_id`,`nsc`.`company_district_id`,`nsc`.`company_address`,`nsc`.`contacts_name`,`nsc`.`contacts_mobile`,`nsc`.`contacts_card_no`,`nsc`.`contacts_card_electronic_1`,`nsc`.`contacts_card_electronic_2`,`nsc`.`contacts_card_electronic_3`,`nsc`.`business_licence_number`,`nsc`.`business_licence_number_electronic`,`nsc`.`business_sphere`,`nsc`.`taxpayer_id`,`nsc`.`general_taxpayer`,`nsc`.`tax_registration_certificate`,`nsc`.`tax_registration_certificate_electronic`,`nsc`.`bank_account_name`,`nsc`.`bank_account_number`,`nsc`.`bank_name`,`nsc`.`bank_address`,`nsc`.`bank_code`,`nsc`.`bank_type`,`nsc`.`settlement_bank_account_name`,`nsc`.`settlement_bank_account_number`,`nsc`.`settlement_bank_name`,`nsc`.`settlement_bank_address`,`nsc`.`company_full_address`,`w`.`site_area_name` FROM `gxfc_shop_apply` `nsa` LEFT JOIN `gxfc_shop_cert` `nsc` ON `nsa`.`cert_id`=`nsc`.`cert_id` LEFT JOIN `gxfc_website` `w` ON `w`.`site_id`=`nsa`.`website_id` WHERE  `uid` = 72 LIMIT 1 [ RunTime:0.000501s ]
[2022-12-15T08:39:52+08:00][sql] SHOW FULL COLUMNS FROM `gxfc_customer_operational` [ RunTime:0.000429s ]
[2022-12-15T08:39:52+08:00][sql] SELECT `id` FROM `gxfc_customer_operational` WHERE  `member_id` = 2371 LIMIT 1 [ RunTime:0.000217s ]
[2022-12-15T08:39:52+08:00][sql] CONNECT:[ UseTime:0.000409s ] mysql:host=127.0.0.1;port=3306;dbname=hunqin;charset=utf8
[2022-12-15T08:39:52+08:00][sql] SHOW FULL COLUMNS FROM `gxfc_member` [ RunTime:0.000904s ]
[2022-12-15T08:39:52+08:00][sql] SELECT `member_id`,`source_member`,`fenxiao_id`,`is_fenxiao`,`username`,`nickname`,`mobile`,`email`,`password`,`status`,`headimg`,`member_level`,`member_level_name`,`member_label`,`member_label_name`,`qq`,`qq_openid`,`wx_openid`,`weapp_openid`,`wx_unionid`,`ali_openid`,`baidu_openid`,`toutiao_openid`,`douyin_openid`,`login_ip`,`login_type`,`login_time`,`last_login_ip`,`last_login_type`,`last_login_time`,`login_num`,`realname`,`sex`,`location`,`birthday`,`reg_time`,`point`,`balance`,`growth`,`balance_money`,`account5`,`is_auth`,`sign_time`,`sign_days_series`,`pay_password`,`order_money`,`order_complete_money`,`order_num`,`order_complete_num`,`balance_withdraw_apply`,`balance_withdraw`,`is_delete`,`login_type_name`,`hospital_id`,`is_commander`,`self_cl_id`,`hospital_name`,`self_leader_name`,`cl_id`,`is_fenxiao_order`,`expiration_time`,`start_time`,`is_fenxiao_charge` FROM `gxfc_member` WHERE  `member_id` = 2371 LIMIT 1 [ RunTime:0.000646s ]
[2022-12-15T08:39:52+08:00][sql] SHOW FULL COLUMNS FROM `gxfc_order` [ RunTime:0.001108s ]
[2022-12-15T08:39:52+08:00][sql] SELECT COUNT(*) AS think_count FROM `gxfc_order` WHERE  `member_id` = 2371  AND `order_status` = 0 [ RunTime:0.000397s ]
[2022-12-15T08:39:52+08:00][sql] SELECT COUNT(*) AS think_count FROM `gxfc_order` WHERE  `member_id` = 2371  AND `order_status` = 1 [ RunTime:0.000319s ]
[2022-12-15T08:39:52+08:00][sql] SELECT COUNT(*) AS think_count FROM `gxfc_order` WHERE  `member_id` = 2371  AND `order_status` = 3 [ RunTime:0.000320s ]
[2022-12-15T08:39:52+08:00][sql] SELECT COUNT(*) AS think_count FROM `gxfc_order` WHERE  `member_id` = 2371  AND `order_status` IN (4,10)  AND `is_evaluate` = 1 [ RunTime:0.000324s ]
[2022-12-15T08:39:52+08:00][sql] SHOW FULL COLUMNS FROM `gxfc_order_goods` [ RunTime:0.000748s ]
[2022-12-15T08:39:52+08:00][sql] SELECT COUNT(*) AS think_count FROM `gxfc_order_goods` WHERE  `member_id` = 2371  AND `refund_status` IN (-1,1,2,4,5,6) [ RunTime:0.000962s ]
[2022-12-15T08:39:55+08:00][sql] CONNECT:[ UseTime:0.000420s ] mysql:host=127.0.0.1;port=3306;dbname=hunqin;charset=utf8
[2022-12-15T08:39:55+08:00][sql] SHOW FULL COLUMNS FROM `gxfc_member` [ RunTime:0.000899s ]
[2022-12-15T08:39:55+08:00][sql] SELECT `member_id`,`source_member`,`fenxiao_id`,`is_fenxiao`,`username`,`nickname`,`mobile`,`email`,`password`,`status`,`headimg`,`member_level`,`member_level_name`,`member_label`,`member_label_name`,`qq`,`qq_openid`,`wx_openid`,`weapp_openid`,`wx_unionid`,`ali_openid`,`baidu_openid`,`toutiao_openid`,`douyin_openid`,`login_ip`,`login_type`,`login_time`,`last_login_ip`,`last_login_type`,`last_login_time`,`login_num`,`realname`,`sex`,`location`,`birthday`,`reg_time`,`point`,`balance`,`growth`,`balance_money`,`account5`,`is_auth`,`sign_time`,`sign_days_series`,`pay_password`,`order_money`,`order_complete_money`,`order_num`,`order_complete_num`,`balance_withdraw_apply`,`balance_withdraw`,`is_delete`,`login_type_name`,`hospital_id`,`is_commander`,`self_cl_id`,`hospital_name`,`self_leader_name`,`cl_id`,`is_fenxiao_order`,`expiration_time`,`start_time`,`is_fenxiao_charge` FROM `gxfc_member` WHERE  `member_id` = 2371 LIMIT 1 [ RunTime:0.000603s ]
[2022-12-15T08:39:55+08:00][sql] SELECT `member_id`,`source_member`,`username`,`nickname`,`mobile`,`email`,`password`,`status`,`headimg`,`member_level`,`member_level_name`,`member_label`,`member_label_name`,`qq`,`qq_openid`,`wx_openid`,`wx_unionid`,`ali_openid`,`baidu_openid`,`toutiao_openid`,`douyin_openid`,`realname`,`sex`,`location`,`birthday`,`point`,`balance`,`balance_money`,`growth`,`sign_days_series`,`hospital_id`,`self_cl_id`,`hospital_name`,`start_time`,`expiration_time`,`is_fenxiao` FROM `gxfc_member` WHERE  `member_id` = 2371  AND `is_delete` = 0 LIMIT 1 [ RunTime:0.000366s ]
[2022-12-15T08:39:55+08:00][sql] SHOW FULL COLUMNS FROM `gxfc_user` [ RunTime:0.000526s ]
[2022-12-15T08:39:55+08:00][sql] SELECT `uid`,`app_module`,`app_group`,`is_admin`,`site_id`,`group_id`,`group_name`,`username`,`password`,`member_id`,`create_time`,`update_time`,`status`,`login_time`,`login_ip` FROM `gxfc_user` WHERE  `member_id` = 2371 LIMIT 1 [ RunTime:0.000277s ]
[2022-12-15T08:39:55+08:00][sql] SHOW FULL COLUMNS FROM `gxfc_shop_apply` [ RunTime:0.000537s ]
[2022-12-15T08:39:55+08:00][sql] SELECT `nsa`.`apply_id`,`nsa`.`site_id`,`nsa`.`website_id`,`nsa`.`member_id`,`nsa`.`username`,`nsa`.`cert_id`,`nsa`.`shop_name`,`nsa`.`apply_state`,`nsa`.`apply_message`,`nsa`.`apply_year`,`nsa`.`category_name`,`nsa`.`category_id`,`nsa`.`group_name`,`nsa`.`group_id`,`nsa`.`paying_money_certificate`,`nsa`.`paying_money_certificate_explain`,`nsa`.`paying_deposit`,`nsa`.`paying_apply`,`nsa`.`paying_amount`,`nsa`.`create_time`,`nsa`.`audit_time`,`nsa`.`finish_time`,`nsc`.`cert_id`,`nsc`.`cert_type`,`nsc`.`company_name`,`nsc`.`company_province_id`,`nsc`.`company_city_id`,`nsc`.`company_district_id`,`nsc`.`company_address`,`nsc`.`contacts_name`,`nsc`.`contacts_mobile`,`nsc`.`contacts_card_no`,`nsc`.`contacts_card_electronic_1`,`nsc`.`contacts_card_electronic_2`,`nsc`.`contacts_card_electronic_3`,`nsc`.`business_licence_number`,`nsc`.`business_licence_number_electronic`,`nsc`.`business_sphere`,`nsc`.`taxpayer_id`,`nsc`.`general_taxpayer`,`nsc`.`tax_registration_certificate`,`nsc`.`tax_registration_certificate_electronic`,`nsc`.`bank_account_name`,`nsc`.`bank_account_number`,`nsc`.`bank_name`,`nsc`.`bank_address`,`nsc`.`bank_code`,`nsc`.`bank_type`,`nsc`.`settlement_bank_account_name`,`nsc`.`settlement_bank_account_number`,`nsc`.`settlement_bank_name`,`nsc`.`settlement_bank_address`,`nsc`.`company_full_address`,`w`.`site_area_name` FROM `gxfc_shop_apply` `nsa` LEFT JOIN `gxfc_shop_cert` `nsc` ON `nsa`.`cert_id`=`nsc`.`cert_id` LEFT JOIN `gxfc_website` `w` ON `w`.`site_id`=`nsa`.`website_id` WHERE  `uid` = 72 LIMIT 1 [ RunTime:0.000524s ]
[2022-12-15T08:39:55+08:00][sql] SHOW FULL COLUMNS FROM `gxfc_customer_operational` [ RunTime:0.000441s ]
[2022-12-15T08:39:55+08:00][sql] SELECT `id` FROM `gxfc_customer_operational` WHERE  `member_id` = 2371 LIMIT 1 [ RunTime:0.000226s ]
[2022-12-15T08:39:55+08:00][sql] CONNECT:[ UseTime:0.000451s ] mysql:host=127.0.0.1;port=3306;dbname=hunqin;charset=utf8
[2022-12-15T08:39:55+08:00][sql] SHOW FULL COLUMNS FROM `gxfc_member` [ RunTime:0.000922s ]
[2022-12-15T08:39:55+08:00][sql] SELECT `member_id`,`source_member`,`fenxiao_id`,`is_fenxiao`,`username`,`nickname`,`mobile`,`email`,`password`,`status`,`headimg`,`member_level`,`member_level_name`,`member_label`,`member_label_name`,`qq`,`qq_openid`,`wx_openid`,`weapp_openid`,`wx_unionid`,`ali_openid`,`baidu_openid`,`toutiao_openid`,`douyin_openid`,`login_ip`,`login_type`,`login_time`,`last_login_ip`,`last_login_type`,`last_login_time`,`login_num`,`realname`,`sex`,`location`,`birthday`,`reg_time`,`point`,`balance`,`growth`,`balance_money`,`account5`,`is_auth`,`sign_time`,`sign_days_series`,`pay_password`,`order_money`,`order_complete_money`,`order_num`,`order_complete_num`,`balance_withdraw_apply`,`balance_withdraw`,`is_delete`,`login_type_name`,`hospital_id`,`is_commander`,`self_cl_id`,`hospital_name`,`self_leader_name`,`cl_id`,`is_fenxiao_order`,`expiration_time`,`start_time`,`is_fenxiao_charge` FROM `gxfc_member` WHERE  `member_id` = 2371 LIMIT 1 [ RunTime:0.000551s ]
[2022-12-15T08:39:55+08:00][sql] SHOW FULL COLUMNS FROM `gxfc_order` [ RunTime:0.001042s ]
[2022-12-15T08:39:55+08:00][sql] SELECT COUNT(*) AS think_count FROM `gxfc_order` WHERE  `member_id` = 2371  AND `order_status` = 0 [ RunTime:0.000338s ]
[2022-12-15T08:39:55+08:00][sql] SELECT COUNT(*) AS think_count FROM `gxfc_order` WHERE  `member_id` = 2371  AND `order_status` = 1 [ RunTime:0.000293s ]
[2022-12-15T08:39:55+08:00][sql] SELECT COUNT(*) AS think_count FROM `gxfc_order` WHERE  `member_id` = 2371  AND `order_status` = 3 [ RunTime:0.000271s ]
[2022-12-15T08:39:55+08:00][sql] SELECT COUNT(*) AS think_count FROM `gxfc_order` WHERE  `member_id` = 2371  AND `order_status` IN (4,10)  AND `is_evaluate` = 1 [ RunTime:0.000303s ]
[2022-12-15T08:39:55+08:00][sql] SHOW FULL COLUMNS FROM `gxfc_order_goods` [ RunTime:0.000692s ]
[2022-12-15T08:39:55+08:00][sql] SELECT COUNT(*) AS think_count FROM `gxfc_order_goods` WHERE  `member_id` = 2371  AND `refund_status` IN (-1,1,2,4,5,6) [ RunTime:0.000913s ]
[2022-12-15T08:40:19+08:00][sql] CONNECT:[ UseTime:0.000429s ] mysql:host=127.0.0.1;port=3306;dbname=hunqin;charset=utf8
[2022-12-15T08:40:19+08:00][sql] SHOW FULL COLUMNS FROM `gxfc_site_diy_view` [ RunTime:0.000926s ]
[2022-12-15T08:40:19+08:00][sql] UPDATE `gxfc_site_diy_view`  SET `click_num` = `click_num` + 1  WHERE  `name` = 'DIY_VIEW_INDEX' [ RunTime:0.007605s ]
[2022-12-15T08:40:19+08:00][sql] SELECT `sdv`.`id`,`sdv`.`site_id`,`sdv`.`name`,`sdv`.`title`,`sdv`.`value`,`sdv`.`type`,`dvt`.`addon_name` FROM `gxfc_site_diy_view` `sdv` LEFT JOIN `gxfc_diy_view_temp` `dvt` ON `sdv`.`name`=`dvt`.`name` WHERE  `sdv`.`name` = 'DIY_VIEW_INDEX' LIMIT 1 [ RunTime:0.000661s ]
[2022-12-15T08:40:19+08:00][sql] CONNECT:[ UseTime:0.000358s ] mysql:host=127.0.0.1;port=3306;dbname=hunqin;charset=utf8
[2022-12-15T08:40:19+08:00][sql] SHOW FULL COLUMNS FROM `gxfc_goods_sku` [ RunTime:0.000928s ]
[2022-12-15T08:40:19+08:00][sql] SELECT COUNT(*) AS think_count FROM `gxfc_goods_sku` `gs` INNER JOIN `gxfc_goods` `g` ON `gs`.`sku_id`=`g`.`sku_id` INNER JOIN `gxfc_shop` `s` ON `s`.`site_id`=`gs`.`site_id` WHERE  `gs`.`goods_state` = 1  AND `gs`.`verify_state` = 1  AND `gs`.`is_delete` = 0  AND `s`.`shop_status` = 1 ORDER BY `gs`.`sort` DESC,`gs`.`create_time` DESC [ RunTime:0.000545s ]
[2022-12-15T08:40:19+08:00][sql] SELECT `gs`.`goods_id`,`gs`.`sku_id`,`gs`.`sku_name`,`gs`.`price`,`gs`.`market_price`,`gs`.`discount_price`,`gs`.`stock`,`gs`.`sale_num`,`gs`.`sku_image`,`gs`.`goods_name`,`gs`.`site_id`,`gs`.`website_id`,`gs`.`is_own`,`gs`.`is_free_shipping`,`gs`.`introduction`,`gs`.`promotion_type`,`g`.`goods_image`,`gs`.`is_lease`,`s`.`site_name`,`s`.`logo` FROM `gxfc_goods_sku` `gs` INNER JOIN `gxfc_goods` `g` ON `gs`.`sku_id`=`g`.`sku_id` INNER JOIN `gxfc_shop` `s` ON `s`.`site_id`=`gs`.`site_id` WHERE  `gs`.`goods_state` = 1  AND `gs`.`verify_state` = 1  AND `gs`.`is_delete` = 0  AND `s`.`shop_status` = 1 ORDER BY `gs`.`sort` DESC,`gs`.`create_time` DESC LIMIT 0,10 [ RunTime:0.000698s ]
[2022-12-15T08:40:20+08:00][sql] CONNECT:[ UseTime:0.000460s ] mysql:host=127.0.0.1;port=3306;dbname=hunqin;charset=utf8
[2022-12-15T08:40:20+08:00][sql] SHOW FULL COLUMNS FROM `gxfc_verifier` [ RunTime:0.000689s ]
[2022-12-15T08:40:20+08:00][sql] SELECT `verifier_id` FROM `gxfc_verifier` WHERE  `member_id` = 2381 LIMIT 1 [ RunTime:0.000331s ]
[2022-12-15T08:40:26+08:00][sql] CONNECT:[ UseTime:0.000430s ] mysql:host=127.0.0.1;port=3306;dbname=hunqin;charset=utf8
[2022-12-15T08:40:26+08:00][sql] SHOW FULL COLUMNS FROM `gxfc_member` [ RunTime:0.000931s ]
[2022-12-15T08:40:26+08:00][sql] SELECT `member_id`,`username`,`nickname`,`mobile`,`email`,`status`,`last_login_time` FROM `gxfc_member` WHERE  `weapp_openid` = 'oqyYV4w5i7XJLqZ32oeDCaN6yXJw'  AND `is_delete` = 0 LIMIT 1 [ RunTime:0.000450s ]
[2022-12-15T08:40:26+08:00][sql] UPDATE `gxfc_member`  SET `login_time` = 1671064826 , `login_type` = 'weapp' , `login_type_name` = '微信小程序' , `last_login_time` = 1671064826 , `login_ip` = '27.27.161.92'  WHERE  `member_id` = 2371 [ RunTime:0.007703s ]
[2022-12-15T08:40:26+08:00][sql] SELECT `username`,`mobile`,`email`,`reg_time`,`wx_openid`,`last_login_type`,`login_time` FROM `gxfc_member` WHERE  `member_id` = 2371  AND `is_delete` = 0 LIMIT 1 [ RunTime:0.000416s ]
[2022-12-15T08:40:26+08:00][sql] SHOW FULL COLUMNS FROM `gxfc_message_sms_records` [ RunTime:0.000614s ]
[2022-12-15T08:40:26+08:00][sql] INSERT INTO `gxfc_message_sms_records` SET `account` = '15072286364' , `status` = 0 , `addon` = '' , `addon_name` = '' , `content` = '' , `var_parse` = '{\"name\":\"\"}' , `keywords` = 'LOGIN' , `create_time` = 1671064826 , `send_time` = 0 , `result` = '没有可用的短信发送方式' , `keywords_name` = '会员登录' [ RunTime:0.005806s ]
[2022-12-15T08:40:26+08:00][sql] UPDATE `gxfc_member`  SET `weapp_openid` = ''  WHERE  `weapp_openid` = 'oqyYV4w5i7XJLqZ32oeDCaN6yXJw'  AND `is_delete` = 0 [ RunTime:0.007716s ]
[2022-12-15T08:40:26+08:00][sql] UPDATE `gxfc_member`  SET `weapp_openid` = 'oqyYV4w5i7XJLqZ32oeDCaN6yXJw'  WHERE  `member_id` = 2371  AND `is_delete` = 0 [ RunTime:0.006467s ]
[2022-12-15T08:40:26+08:00][sql] UPDATE `gxfc_member`  SET `wx_unionid` = ''  WHERE  `wx_unionid` = 'on2pR57NtnQbhSkAE1UWh5yjzdiQ'  AND `is_delete` = 0 [ RunTime:0.009502s ]
[2022-12-15T08:40:26+08:00][sql] UPDATE `gxfc_member`  SET `wx_unionid` = 'on2pR57NtnQbhSkAE1UWh5yjzdiQ'  WHERE  `member_id` = 2371  AND `is_delete` = 0 [ RunTime:0.006086s ]
[2022-12-15T08:40:26+08:00][sql] SHOW FULL COLUMNS FROM `gxfc_wechat_fans` [ RunTime:0.000679s ]
[2022-12-15T08:40:26+08:00][sql] SELECT `fans_id`,`nickname`,`nickname_decode`,`headimgurl`,`sex`,`language`,`country`,`province`,`city`,`district`,`openid`,`unionid`,`groupid`,`is_subscribe`,`remark`,`subscribe_time`,`subscribe_scene`,`unsubscribe_time`,`update_date`,`tagid_list`,`subscribe_scene_name`,`qr_scene`,`qr_scene_str` FROM `gxfc_wechat_fans` WHERE  `unionid` = 'on2pR57NtnQbhSkAE1UWh5yjzdiQ' LIMIT 1 [ RunTime:0.000405s ]
[2022-12-15T08:40:26+08:00][sql] UPDATE `gxfc_member`  SET `wx_openid` = ''  WHERE  `wx_openid` = 'oa2ys5y3mw8WL1dgSNResjaSvDKk'  AND `is_delete` = 0 [ RunTime:0.006442s ]
[2022-12-15T08:40:26+08:00][sql] UPDATE `gxfc_member`  SET `wx_openid` = 'oa2ys5y3mw8WL1dgSNResjaSvDKk'  WHERE  `member_id` = 2371  AND `is_delete` = 0 [ RunTime:0.007170s ]
[2022-12-15T08:40:26+08:00][sql] CONNECT:[ UseTime:0.000455s ] mysql:host=127.0.0.1;port=3306;dbname=hunqin;charset=utf8
[2022-12-15T08:40:26+08:00][sql] SHOW FULL COLUMNS FROM `gxfc_member` [ RunTime:0.000860s ]
[2022-12-15T08:40:26+08:00][sql] SELECT `member_id`,`source_member`,`fenxiao_id`,`is_fenxiao`,`username`,`nickname`,`mobile`,`email`,`password`,`status`,`headimg`,`member_level`,`member_level_name`,`member_label`,`member_label_name`,`qq`,`qq_openid`,`wx_openid`,`weapp_openid`,`wx_unionid`,`ali_openid`,`baidu_openid`,`toutiao_openid`,`douyin_openid`,`login_ip`,`login_type`,`login_time`,`last_login_ip`,`last_login_type`,`last_login_time`,`login_num`,`realname`,`sex`,`location`,`birthday`,`reg_time`,`point`,`balance`,`growth`,`balance_money`,`account5`,`is_auth`,`sign_time`,`sign_days_series`,`pay_password`,`order_money`,`order_complete_money`,`order_num`,`order_complete_num`,`balance_withdraw_apply`,`balance_withdraw`,`is_delete`,`login_type_name`,`hospital_id`,`is_commander`,`self_cl_id`,`hospital_name`,`self_leader_name`,`cl_id`,`is_fenxiao_order`,`expiration_time`,`start_time`,`is_fenxiao_charge` FROM `gxfc_member` WHERE  `member_id` = 2371 LIMIT 1 [ RunTime:0.000579s ]
[2022-12-15T08:40:26+08:00][sql] SELECT `member_id`,`source_member`,`username`,`nickname`,`mobile`,`email`,`password`,`status`,`headimg`,`member_level`,`member_level_name`,`member_label`,`member_label_name`,`qq`,`qq_openid`,`wx_openid`,`wx_unionid`,`ali_openid`,`baidu_openid`,`toutiao_openid`,`douyin_openid`,`realname`,`sex`,`location`,`birthday`,`point`,`balance`,`balance_money`,`growth`,`sign_days_series`,`hospital_id`,`self_cl_id`,`hospital_name`,`start_time`,`expiration_time`,`is_fenxiao` FROM `gxfc_member` WHERE  `member_id` = 2371  AND `is_delete` = 0 LIMIT 1 [ RunTime:0.000360s ]
[2022-12-15T08:40:26+08:00][sql] SHOW FULL COLUMNS FROM `gxfc_user` [ RunTime:0.000526s ]
[2022-12-15T08:40:26+08:00][sql] SELECT `uid`,`app_module`,`app_group`,`is_admin`,`site_id`,`group_id`,`group_name`,`username`,`password`,`member_id`,`create_time`,`update_time`,`status`,`login_time`,`login_ip` FROM `gxfc_user` WHERE  `member_id` = 2371 LIMIT 1 [ RunTime:0.000289s ]
[2022-12-15T08:40:26+08:00][sql] SHOW FULL COLUMNS FROM `gxfc_shop_apply` [ RunTime:0.000539s ]
[2022-12-15T08:40:26+08:00][sql] SELECT `nsa`.`apply_id`,`nsa`.`site_id`,`nsa`.`website_id`,`nsa`.`member_id`,`nsa`.`username`,`nsa`.`cert_id`,`nsa`.`shop_name`,`nsa`.`apply_state`,`nsa`.`apply_message`,`nsa`.`apply_year`,`nsa`.`category_name`,`nsa`.`category_id`,`nsa`.`group_name`,`nsa`.`group_id`,`nsa`.`paying_money_certificate`,`nsa`.`paying_money_certificate_explain`,`nsa`.`paying_deposit`,`nsa`.`paying_apply`,`nsa`.`paying_amount`,`nsa`.`create_time`,`nsa`.`audit_time`,`nsa`.`finish_time`,`nsc`.`cert_id`,`nsc`.`cert_type`,`nsc`.`company_name`,`nsc`.`company_province_id`,`nsc`.`company_city_id`,`nsc`.`company_district_id`,`nsc`.`company_address`,`nsc`.`contacts_name`,`nsc`.`contacts_mobile`,`nsc`.`contacts_card_no`,`nsc`.`contacts_card_electronic_1`,`nsc`.`contacts_card_electronic_2`,`nsc`.`contacts_card_electronic_3`,`nsc`.`business_licence_number`,`nsc`.`business_licence_number_electronic`,`nsc`.`business_sphere`,`nsc`.`taxpayer_id`,`nsc`.`general_taxpayer`,`nsc`.`tax_registration_certificate`,`nsc`.`tax_registration_certificate_electronic`,`nsc`.`bank_account_name`,`nsc`.`bank_account_number`,`nsc`.`bank_name`,`nsc`.`bank_address`,`nsc`.`bank_code`,`nsc`.`bank_type`,`nsc`.`settlement_bank_account_name`,`nsc`.`settlement_bank_account_number`,`nsc`.`settlement_bank_name`,`nsc`.`settlement_bank_address`,`nsc`.`company_full_address`,`w`.`site_area_name` FROM `gxfc_shop_apply` `nsa` LEFT JOIN `gxfc_shop_cert` `nsc` ON `nsa`.`cert_id`=`nsc`.`cert_id` LEFT JOIN `gxfc_website` `w` ON `w`.`site_id`=`nsa`.`website_id` WHERE  `uid` = 72 LIMIT 1 [ RunTime:0.000533s ]
[2022-12-15T08:40:26+08:00][sql] SHOW FULL COLUMNS FROM `gxfc_customer_operational` [ RunTime:0.000475s ]
[2022-12-15T08:40:26+08:00][sql] SELECT `id` FROM `gxfc_customer_operational` WHERE  `member_id` = 2371 LIMIT 1 [ RunTime:0.000227s ]
[2022-12-15T08:40:26+08:00][sql] CONNECT:[ UseTime:0.000420s ] mysql:host=127.0.0.1;port=3306;dbname=hunqin;charset=utf8
[2022-12-15T08:40:26+08:00][sql] SHOW FULL COLUMNS FROM `gxfc_member` [ RunTime:0.000940s ]
[2022-12-15T08:40:26+08:00][sql] SELECT `member_id`,`source_member`,`fenxiao_id`,`is_fenxiao`,`username`,`nickname`,`mobile`,`email`,`password`,`status`,`headimg`,`member_level`,`member_level_name`,`member_label`,`member_label_name`,`qq`,`qq_openid`,`wx_openid`,`weapp_openid`,`wx_unionid`,`ali_openid`,`baidu_openid`,`toutiao_openid`,`douyin_openid`,`login_ip`,`login_type`,`login_time`,`last_login_ip`,`last_login_type`,`last_login_time`,`login_num`,`realname`,`sex`,`location`,`birthday`,`reg_time`,`point`,`balance`,`growth`,`balance_money`,`account5`,`is_auth`,`sign_time`,`sign_days_series`,`pay_password`,`order_money`,`order_complete_money`,`order_num`,`order_complete_num`,`balance_withdraw_apply`,`balance_withdraw`,`is_delete`,`login_type_name`,`hospital_id`,`is_commander`,`self_cl_id`,`hospital_name`,`self_leader_name`,`cl_id`,`is_fenxiao_order`,`expiration_time`,`start_time`,`is_fenxiao_charge` FROM `gxfc_member` WHERE  `member_id` = 2371 LIMIT 1 [ RunTime:0.000604s ]
[2022-12-15T08:40:26+08:00][sql] SHOW FULL COLUMNS FROM `gxfc_order` [ RunTime:0.001067s ]
[2022-12-15T08:40:26+08:00][sql] SELECT COUNT(*) AS think_count FROM `gxfc_order` WHERE  `member_id` = 2371  AND `order_status` = 0 [ RunTime:0.000366s ]
[2022-12-15T08:40:26+08:00][sql] SELECT COUNT(*) AS think_count FROM `gxfc_order` WHERE  `member_id` = 2371  AND `order_status` = 1 [ RunTime:0.000314s ]
[2022-12-15T08:40:27+08:00][sql] SELECT COUNT(*) AS think_count FROM `gxfc_order` WHERE  `member_id` = 2371  AND `order_status` = 3 [ RunTime:0.000295s ]
[2022-12-15T08:40:27+08:00][sql] SELECT COUNT(*) AS think_count FROM `gxfc_order` WHERE  `member_id` = 2371  AND `order_status` IN (4,10)  AND `is_evaluate` = 1 [ RunTime:0.000335s ]
[2022-12-15T08:40:27+08:00][sql] SHOW FULL COLUMNS FROM `gxfc_order_goods` [ RunTime:0.000713s ]
[2022-12-15T08:40:27+08:00][sql] SELECT COUNT(*) AS think_count FROM `gxfc_order_goods` WHERE  `member_id` = 2371  AND `refund_status` IN (-1,1,2,4,5,6) [ RunTime:0.000913s ]
[2022-12-15T08:40:27+08:00][sql] CONNECT:[ UseTime:0.000439s ] mysql:host=127.0.0.1;port=3306;dbname=hunqin;charset=utf8
[2022-12-15T08:40:27+08:00][sql] SHOW FULL COLUMNS FROM `gxfc_member` [ RunTime:0.000912s ]
[2022-12-15T08:40:27+08:00][sql] SELECT `member_id`,`username`,`nickname`,`mobile`,`email`,`status`,`last_login_time` FROM `gxfc_member` WHERE  `weapp_openid` = 'oqyYV4w5i7XJLqZ32oeDCaN6yXJw'  AND `is_delete` = 0 LIMIT 1 [ RunTime:0.000389s ]
[2022-12-15T08:40:27+08:00][sql] UPDATE `gxfc_member`  SET `login_time` = 1671064827 , `login_type` = 'weapp' , `login_type_name` = '微信小程序' , `last_login_time` = 1671064827 , `login_ip` = '27.27.161.92'  WHERE  `member_id` = 2371 [ RunTime:0.011112s ]
[2022-12-15T08:40:27+08:00][sql] SELECT `username`,`mobile`,`email`,`reg_time`,`wx_openid`,`last_login_type`,`login_time` FROM `gxfc_member` WHERE  `member_id` = 2371  AND `is_delete` = 0 LIMIT 1 [ RunTime:0.000396s ]
[2022-12-15T08:40:27+08:00][sql] SHOW FULL COLUMNS FROM `gxfc_message_sms_records` [ RunTime:0.000681s ]
[2022-12-15T08:40:27+08:00][sql] INSERT INTO `gxfc_message_sms_records` SET `account` = '15072286364' , `status` = 0 , `addon` = '' , `addon_name` = '' , `content` = '' , `var_parse` = '{\"name\":\"\"}' , `keywords` = 'LOGIN' , `create_time` = 1671064827 , `send_time` = 0 , `result` = '没有可用的短信发送方式' , `keywords_name` = '会员登录' [ RunTime:0.010505s ]
[2022-12-15T08:40:27+08:00][sql] UPDATE `gxfc_member`  SET `weapp_openid` = ''  WHERE  `weapp_openid` = 'oqyYV4w5i7XJLqZ32oeDCaN6yXJw'  AND `is_delete` = 0 [ RunTime:0.008804s ]
[2022-12-15T08:40:27+08:00][sql] UPDATE `gxfc_member`  SET `weapp_openid` = 'oqyYV4w5i7XJLqZ32oeDCaN6yXJw'  WHERE  `member_id` = 2371  AND `is_delete` = 0 [ RunTime:0.014234s ]
[2022-12-15T08:40:27+08:00][sql] UPDATE `gxfc_member`  SET `wx_unionid` = ''  WHERE  `wx_unionid` = 'on2pR57NtnQbhSkAE1UWh5yjzdiQ'  AND `is_delete` = 0 [ RunTime:0.007178s ]
[2022-12-15T08:40:27+08:00][sql] UPDATE `gxfc_member`  SET `wx_unionid` = 'on2pR57NtnQbhSkAE1UWh5yjzdiQ'  WHERE  `member_id` = 2371  AND `is_delete` = 0 [ RunTime:0.006814s ]
[2022-12-15T08:40:27+08:00][sql] SHOW FULL COLUMNS FROM `gxfc_wechat_fans` [ RunTime:0.000621s ]
[2022-12-15T08:40:27+08:00][sql] SELECT `fans_id`,`nickname`,`nickname_decode`,`headimgurl`,`sex`,`language`,`country`,`province`,`city`,`district`,`openid`,`unionid`,`groupid`,`is_subscribe`,`remark`,`subscribe_time`,`subscribe_scene`,`unsubscribe_time`,`update_date`,`tagid_list`,`subscribe_scene_name`,`qr_scene`,`qr_scene_str` FROM `gxfc_wechat_fans` WHERE  `unionid` = 'on2pR57NtnQbhSkAE1UWh5yjzdiQ' LIMIT 1 [ RunTime:0.000389s ]
[2022-12-15T08:40:27+08:00][sql] UPDATE `gxfc_member`  SET `wx_openid` = ''  WHERE  `wx_openid` = 'oa2ys5y3mw8WL1dgSNResjaSvDKk'  AND `is_delete` = 0 [ RunTime:0.008303s ]
[2022-12-15T08:40:27+08:00][sql] UPDATE `gxfc_member`  SET `wx_openid` = 'oa2ys5y3mw8WL1dgSNResjaSvDKk'  WHERE  `member_id` = 2371  AND `is_delete` = 0 [ RunTime:0.006425s ]
[2022-12-15T08:40:27+08:00][sql] CONNECT:[ UseTime:0.000407s ] mysql:host=127.0.0.1;port=3306;dbname=hunqin;charset=utf8
[2022-12-15T08:40:27+08:00][sql] SHOW FULL COLUMNS FROM `gxfc_member` [ RunTime:0.000824s ]
[2022-12-15T08:40:27+08:00][sql] SELECT `member_id`,`source_member`,`fenxiao_id`,`is_fenxiao`,`username`,`nickname`,`mobile`,`email`,`password`,`status`,`headimg`,`member_level`,`member_level_name`,`member_label`,`member_label_name`,`qq`,`qq_openid`,`wx_openid`,`weapp_openid`,`wx_unionid`,`ali_openid`,`baidu_openid`,`toutiao_openid`,`douyin_openid`,`login_ip`,`login_type`,`login_time`,`last_login_ip`,`last_login_type`,`last_login_time`,`login_num`,`realname`,`sex`,`location`,`birthday`,`reg_time`,`point`,`balance`,`growth`,`balance_money`,`account5`,`is_auth`,`sign_time`,`sign_days_series`,`pay_password`,`order_money`,`order_complete_money`,`order_num`,`order_complete_num`,`balance_withdraw_apply`,`balance_withdraw`,`is_delete`,`login_type_name`,`hospital_id`,`is_commander`,`self_cl_id`,`hospital_name`,`self_leader_name`,`cl_id`,`is_fenxiao_order`,`expiration_time`,`start_time`,`is_fenxiao_charge` FROM `gxfc_member` WHERE  `member_id` = 2371 LIMIT 1 [ RunTime:0.000550s ]
[2022-12-15T08:40:27+08:00][sql] SELECT `member_id`,`source_member`,`username`,`nickname`,`mobile`,`email`,`password`,`status`,`headimg`,`member_level`,`member_level_name`,`member_label`,`member_label_name`,`qq`,`qq_openid`,`wx_openid`,`wx_unionid`,`ali_openid`,`baidu_openid`,`toutiao_openid`,`douyin_openid`,`realname`,`sex`,`location`,`birthday`,`point`,`balance`,`balance_money`,`growth`,`sign_days_series`,`hospital_id`,`self_cl_id`,`hospital_name`,`start_time`,`expiration_time`,`is_fenxiao` FROM `gxfc_member` WHERE  `member_id` = 2371  AND `is_delete` = 0 LIMIT 1 [ RunTime:0.000340s ]
[2022-12-15T08:40:27+08:00][sql] SHOW FULL COLUMNS FROM `gxfc_user` [ RunTime:0.000584s ]
[2022-12-15T08:40:27+08:00][sql] SELECT `uid`,`app_module`,`app_group`,`is_admin`,`site_id`,`group_id`,`group_name`,`username`,`password`,`member_id`,`create_time`,`update_time`,`status`,`login_time`,`login_ip` FROM `gxfc_user` WHERE  `member_id` = 2371 LIMIT 1 [ RunTime:0.000347s ]
[2022-12-15T08:40:27+08:00][sql] SHOW FULL COLUMNS FROM `gxfc_shop_apply` [ RunTime:0.000577s ]
[2022-12-15T08:40:27+08:00][sql] SELECT `nsa`.`apply_id`,`nsa`.`site_id`,`nsa`.`website_id`,`nsa`.`member_id`,`nsa`.`username`,`nsa`.`cert_id`,`nsa`.`shop_name`,`nsa`.`apply_state`,`nsa`.`apply_message`,`nsa`.`apply_year`,`nsa`.`category_name`,`nsa`.`category_id`,`nsa`.`group_name`,`nsa`.`group_id`,`nsa`.`paying_money_certificate`,`nsa`.`paying_money_certificate_explain`,`nsa`.`paying_deposit`,`nsa`.`paying_apply`,`nsa`.`paying_amount`,`nsa`.`create_time`,`nsa`.`audit_time`,`nsa`.`finish_time`,`nsc`.`cert_id`,`nsc`.`cert_type`,`nsc`.`company_name`,`nsc`.`company_province_id`,`nsc`.`company_city_id`,`nsc`.`company_district_id`,`nsc`.`company_address`,`nsc`.`contacts_name`,`nsc`.`contacts_mobile`,`nsc`.`contacts_card_no`,`nsc`.`contacts_card_electronic_1`,`nsc`.`contacts_card_electronic_2`,`nsc`.`contacts_card_electronic_3`,`nsc`.`business_licence_number`,`nsc`.`business_licence_number_electronic`,`nsc`.`business_sphere`,`nsc`.`taxpayer_id`,`nsc`.`general_taxpayer`,`nsc`.`tax_registration_certificate`,`nsc`.`tax_registration_certificate_electronic`,`nsc`.`bank_account_name`,`nsc`.`bank_account_number`,`nsc`.`bank_name`,`nsc`.`bank_address`,`nsc`.`bank_code`,`nsc`.`bank_type`,`nsc`.`settlement_bank_account_name`,`nsc`.`settlement_bank_account_number`,`nsc`.`settlement_bank_name`,`nsc`.`settlement_bank_address`,`nsc`.`company_full_address`,`w`.`site_area_name` FROM `gxfc_shop_apply` `nsa` LEFT JOIN `gxfc_shop_cert` `nsc` ON `nsa`.`cert_id`=`nsc`.`cert_id` LEFT JOIN `gxfc_website` `w` ON `w`.`site_id`=`nsa`.`website_id` WHERE  `uid` = 72 LIMIT 1 [ RunTime:0.000592s ]
[2022-12-15T08:40:27+08:00][sql] SHOW FULL COLUMNS FROM `gxfc_customer_operational` [ RunTime:0.000484s ]
[2022-12-15T08:40:27+08:00][sql] SELECT `id` FROM `gxfc_customer_operational` WHERE  `member_id` = 2371 LIMIT 1 [ RunTime:0.000248s ]
[2022-12-15T08:40:27+08:00][sql] CONNECT:[ UseTime:0.000410s ] mysql:host=127.0.0.1;port=3306;dbname=hunqin;charset=utf8
[2022-12-15T08:40:27+08:00][sql] SHOW FULL COLUMNS FROM `gxfc_member` [ RunTime:0.001080s ]
[2022-12-15T08:40:27+08:00][sql] SELECT `member_id`,`source_member`,`fenxiao_id`,`is_fenxiao`,`username`,`nickname`,`mobile`,`email`,`password`,`status`,`headimg`,`member_level`,`member_level_name`,`member_label`,`member_label_name`,`qq`,`qq_openid`,`wx_openid`,`weapp_openid`,`wx_unionid`,`ali_openid`,`baidu_openid`,`toutiao_openid`,`douyin_openid`,`login_ip`,`login_type`,`login_time`,`last_login_ip`,`last_login_type`,`last_login_time`,`login_num`,`realname`,`sex`,`location`,`birthday`,`reg_time`,`point`,`balance`,`growth`,`balance_money`,`account5`,`is_auth`,`sign_time`,`sign_days_series`,`pay_password`,`order_money`,`order_complete_money`,`order_num`,`order_complete_num`,`balance_withdraw_apply`,`balance_withdraw`,`is_delete`,`login_type_name`,`hospital_id`,`is_commander`,`self_cl_id`,`hospital_name`,`self_leader_name`,`cl_id`,`is_fenxiao_order`,`expiration_time`,`start_time`,`is_fenxiao_charge` FROM `gxfc_member` WHERE  `member_id` = 2371 LIMIT 1 [ RunTime:0.000592s ]
[2022-12-15T08:40:27+08:00][sql] SHOW FULL COLUMNS FROM `gxfc_order` [ RunTime:0.000972s ]
[2022-12-15T08:40:27+08:00][sql] SELECT COUNT(*) AS think_count FROM `gxfc_order` WHERE  `member_id` = 2371  AND `order_status` = 0 [ RunTime:0.000322s ]
[2022-12-15T08:40:27+08:00][sql] SELECT COUNT(*) AS think_count FROM `gxfc_order` WHERE  `member_id` = 2371  AND `order_status` = 1 [ RunTime:0.000271s ]
[2022-12-15T08:40:27+08:00][sql] SELECT COUNT(*) AS think_count FROM `gxfc_order` WHERE  `member_id` = 2371  AND `order_status` = 3 [ RunTime:0.000316s ]
[2022-12-15T08:40:27+08:00][sql] SELECT COUNT(*) AS think_count FROM `gxfc_order` WHERE  `member_id` = 2371  AND `order_status` IN (4,10)  AND `is_evaluate` = 1 [ RunTime:0.000360s ]
[2022-12-15T08:40:27+08:00][sql] SHOW FULL COLUMNS FROM `gxfc_order_goods` [ RunTime:0.000689s ]
[2022-12-15T08:40:27+08:00][sql] SELECT COUNT(*) AS think_count FROM `gxfc_order_goods` WHERE  `member_id` = 2371  AND `refund_status` IN (-1,1,2,4,5,6) [ RunTime:0.000889s ]
[2022-12-15T09:00:35+08:00][sql] CONNECT:[ UseTime:0.000538s ] mysql:host=127.0.0.1;port=3306;dbname=hunqin;charset=utf8
[2022-12-15T09:00:35+08:00][sql] SHOW FULL COLUMNS FROM `gxfc_member` [ RunTime:0.001172s ]
[2022-12-15T09:00:35+08:00][sql] SELECT `member_id`,`source_member`,`fenxiao_id`,`is_fenxiao`,`username`,`nickname`,`mobile`,`email`,`password`,`status`,`headimg`,`member_level`,`member_level_name`,`member_label`,`member_label_name`,`qq`,`qq_openid`,`wx_openid`,`weapp_openid`,`wx_unionid`,`ali_openid`,`baidu_openid`,`toutiao_openid`,`douyin_openid`,`login_ip`,`login_type`,`login_time`,`last_login_ip`,`last_login_type`,`last_login_time`,`login_num`,`realname`,`sex`,`location`,`birthday`,`reg_time`,`point`,`balance`,`growth`,`balance_money`,`account5`,`is_auth`,`sign_time`,`sign_days_series`,`pay_password`,`order_money`,`order_complete_money`,`order_num`,`order_complete_num`,`balance_withdraw_apply`,`balance_withdraw`,`is_delete`,`login_type_name`,`hospital_id`,`is_commander`,`self_cl_id`,`hospital_name`,`self_leader_name`,`cl_id`,`is_fenxiao_order`,`expiration_time`,`start_time`,`is_fenxiao_charge` FROM `gxfc_member` WHERE  `member_id` = 2367 LIMIT 1 [ RunTime:0.000691s ]
[2022-12-15T09:00:35+08:00][sql] CONNECT:[ UseTime:0.000360s ] mysql:host=127.0.0.1;port=3306;dbname=hunqin;charset=utf8
[2022-12-15T09:00:35+08:00][sql] SHOW FULL COLUMNS FROM `gxfc_customer_tscy` [ RunTime:0.000583s ]
[2022-12-15T09:00:35+08:00][sql] SELECT `ts_id`,`ts_name`,`is_type`,`create_time`,`member_id` FROM `gxfc_customer_tscy` WHERE  `member_id` = 2367  AND `ts_id` = 1686 LIMIT 1 [ RunTime:0.000325s ]
[2022-12-15T09:00:35+08:00][sql] UPDATE `gxfc_customer_tscy`  SET `is_type` = 1 , `create_time` = 1671066035  WHERE  `member_id` = 2367  AND `ts_id` = 1686 [ RunTime:0.007074s ]
[2022-12-15T09:10:40+08:00][sql] CONNECT:[ UseTime:0.000448s ] mysql:host=127.0.0.1;port=3306;dbname=hunqin;charset=utf8
[2022-12-15T09:10:40+08:00][sql] SHOW FULL COLUMNS FROM `gxfc_sysm` [ RunTime:0.000685s ]
[2022-12-15T09:10:40+08:00][sql] SELECT `id`,`content`,`sort`,`title`,`pid` FROM `gxfc_sysm` WHERE  `pid` = 0 [ RunTime:0.000325s ]
[2022-12-15T09:12:23+08:00][sql] CONNECT:[ UseTime:0.000451s ] mysql:host=127.0.0.1;port=3306;dbname=hunqin;charset=utf8
[2022-12-15T09:12:23+08:00][sql] SHOW FULL COLUMNS FROM `gxfc_site_diy_view` [ RunTime:0.000786s ]
[2022-12-15T09:12:23+08:00][sql] CONNECT:[ UseTime:0.000383s ] mysql:host=127.0.0.1;port=3306;dbname=hunqin;charset=utf8
[2022-12-15T09:12:23+08:00][sql] SHOW FULL COLUMNS FROM `gxfc_goods_sku` [ RunTime:0.000803s ]
[2022-12-15T09:12:23+08:00][sql] SELECT COUNT(*) AS think_count FROM `gxfc_goods_sku` `gs` INNER JOIN `gxfc_goods` `g` ON `gs`.`sku_id`=`g`.`sku_id` INNER JOIN `gxfc_shop` `s` ON `s`.`site_id`=`gs`.`site_id` WHERE  `gs`.`goods_state` = 1  AND `gs`.`verify_state` = 1  AND `gs`.`is_delete` = 0  AND `s`.`shop_status` = 1 ORDER BY `gs`.`sort` DESC,`gs`.`create_time` DESC [ RunTime:0.000499s ]
[2022-12-15T09:12:23+08:00][sql] SELECT `gs`.`goods_id`,`gs`.`sku_id`,`gs`.`sku_name`,`gs`.`price`,`gs`.`market_price`,`gs`.`discount_price`,`gs`.`stock`,`gs`.`sale_num`,`gs`.`sku_image`,`gs`.`goods_name`,`gs`.`site_id`,`gs`.`website_id`,`gs`.`is_own`,`gs`.`is_free_shipping`,`gs`.`introduction`,`gs`.`promotion_type`,`g`.`goods_image`,`gs`.`is_lease`,`s`.`site_name`,`s`.`logo` FROM `gxfc_goods_sku` `gs` INNER JOIN `gxfc_goods` `g` ON `gs`.`sku_id`=`g`.`sku_id` INNER JOIN `gxfc_shop` `s` ON `s`.`site_id`=`gs`.`site_id` WHERE  `gs`.`goods_state` = 1  AND `gs`.`verify_state` = 1  AND `gs`.`is_delete` = 0  AND `s`.`shop_status` = 1 ORDER BY `gs`.`sort` DESC,`gs`.`create_time` DESC LIMIT 0,10 [ RunTime:0.000619s ]
[2022-12-15T09:12:23+08:00][sql] UPDATE `gxfc_site_diy_view`  SET `click_num` = `click_num` + 1  WHERE  `name` = 'DIY_VIEW_INDEX' [ RunTime:0.016352s ]
[2022-12-15T09:12:23+08:00][sql] SELECT `sdv`.`id`,`sdv`.`site_id`,`sdv`.`name`,`sdv`.`title`,`sdv`.`value`,`sdv`.`type`,`dvt`.`addon_name` FROM `gxfc_site_diy_view` `sdv` LEFT JOIN `gxfc_diy_view_temp` `dvt` ON `sdv`.`name`=`dvt`.`name` WHERE  `sdv`.`name` = 'DIY_VIEW_INDEX' LIMIT 1 [ RunTime:0.000598s ]
[2022-12-15T09:12:24+08:00][sql] CONNECT:[ UseTime:0.000427s ] mysql:host=127.0.0.1;port=3306;dbname=hunqin;charset=utf8
[2022-12-15T09:12:24+08:00][sql] SHOW FULL COLUMNS FROM `gxfc_verifier` [ RunTime:0.000691s ]
[2022-12-15T09:12:24+08:00][sql] SELECT `verifier_id` FROM `gxfc_verifier` WHERE  `member_id` = 2381 LIMIT 1 [ RunTime:0.000377s ]
[2022-12-15T09:12:26+08:00][sql] CONNECT:[ UseTime:0.000461s ] mysql:host=127.0.0.1;port=3306;dbname=hunqin;charset=utf8
[2022-12-15T09:12:26+08:00][sql] SHOW FULL COLUMNS FROM `gxfc_sysm` [ RunTime:0.000603s ]
[2022-12-15T09:12:26+08:00][sql] SELECT `id`,`content`,`sort`,`title`,`pid` FROM `gxfc_sysm` WHERE  `pid` = 0 [ RunTime:0.000314s ]
[2022-12-15T09:12:33+08:00][sql] CONNECT:[ UseTime:0.000432s ] mysql:host=127.0.0.1;port=3306;dbname=hunqin;charset=utf8
[2022-12-15T09:12:33+08:00][sql] SHOW FULL COLUMNS FROM `gxfc_member` [ RunTime:0.000969s ]
[2022-12-15T09:12:33+08:00][sql] SELECT `member_id`,`username`,`nickname`,`mobile`,`email`,`status`,`last_login_time` FROM `gxfc_member` WHERE  `weapp_openid` = 'oqyYV4w5i7XJLqZ32oeDCaN6yXJw'  AND `is_delete` = 0 LIMIT 1 [ RunTime:0.000459s ]
[2022-12-15T09:12:33+08:00][sql] UPDATE `gxfc_member`  SET `login_time` = 1671066753 , `login_type` = 'weapp' , `login_type_name` = '微信小程序' , `last_login_time` = 1671066753 , `login_ip` = '27.27.161.92'  WHERE  `member_id` = 2371 [ RunTime:0.008438s ]
[2022-12-15T09:12:33+08:00][sql] SELECT `username`,`mobile`,`email`,`reg_time`,`wx_openid`,`last_login_type`,`login_time` FROM `gxfc_member` WHERE  `member_id` = 2371  AND `is_delete` = 0 LIMIT 1 [ RunTime:0.000395s ]
[2022-12-15T09:12:33+08:00][sql] SHOW FULL COLUMNS FROM `gxfc_message_sms_records` [ RunTime:0.000767s ]
[2022-12-15T09:12:33+08:00][sql] INSERT INTO `gxfc_message_sms_records` SET `account` = '15072286364' , `status` = 0 , `addon` = '' , `addon_name` = '' , `content` = '' , `var_parse` = '{\"name\":\"\"}' , `keywords` = 'LOGIN' , `create_time` = 1671066753 , `send_time` = 0 , `result` = '没有可用的短信发送方式' , `keywords_name` = '会员登录' [ RunTime:0.007616s ]
[2022-12-15T09:12:33+08:00][sql] UPDATE `gxfc_member`  SET `weapp_openid` = ''  WHERE  `weapp_openid` = 'oqyYV4w5i7XJLqZ32oeDCaN6yXJw'  AND `is_delete` = 0 [ RunTime:0.011078s ]
[2022-12-15T09:12:33+08:00][sql] UPDATE `gxfc_member`  SET `weapp_openid` = 'oqyYV4w5i7XJLqZ32oeDCaN6yXJw'  WHERE  `member_id` = 2371  AND `is_delete` = 0 [ RunTime:0.017111s ]
[2022-12-15T09:12:33+08:00][sql] UPDATE `gxfc_member`  SET `wx_unionid` = ''  WHERE  `wx_unionid` = 'on2pR57NtnQbhSkAE1UWh5yjzdiQ'  AND `is_delete` = 0 [ RunTime:0.011299s ]
[2022-12-15T09:12:33+08:00][sql] UPDATE `gxfc_member`  SET `wx_unionid` = 'on2pR57NtnQbhSkAE1UWh5yjzdiQ'  WHERE  `member_id` = 2371  AND `is_delete` = 0 [ RunTime:0.007532s ]
[2022-12-15T09:12:33+08:00][sql] SHOW FULL COLUMNS FROM `gxfc_wechat_fans` [ RunTime:0.004112s ]
[2022-12-15T09:12:33+08:00][sql] SELECT `fans_id`,`nickname`,`nickname_decode`,`headimgurl`,`sex`,`language`,`country`,`province`,`city`,`district`,`openid`,`unionid`,`groupid`,`is_subscribe`,`remark`,`subscribe_time`,`subscribe_scene`,`unsubscribe_time`,`update_date`,`tagid_list`,`subscribe_scene_name`,`qr_scene`,`qr_scene_str` FROM `gxfc_wechat_fans` WHERE  `unionid` = 'on2pR57NtnQbhSkAE1UWh5yjzdiQ' LIMIT 1 [ RunTime:0.000481s ]
[2022-12-15T09:12:33+08:00][sql] UPDATE `gxfc_member`  SET `wx_openid` = ''  WHERE  `wx_openid` = 'oa2ys5y3mw8WL1dgSNResjaSvDKk'  AND `is_delete` = 0 [ RunTime:0.006024s ]
[2022-12-15T09:12:33+08:00][sql] UPDATE `gxfc_member`  SET `wx_openid` = 'oa2ys5y3mw8WL1dgSNResjaSvDKk'  WHERE  `member_id` = 2371  AND `is_delete` = 0 [ RunTime:0.009202s ]
[2022-12-15T09:12:34+08:00][sql] CONNECT:[ UseTime:0.000469s ] mysql:host=127.0.0.1;port=3306;dbname=hunqin;charset=utf8
[2022-12-15T09:12:34+08:00][sql] SHOW FULL COLUMNS FROM `gxfc_member` [ RunTime:0.000823s ]
[2022-12-15T09:12:34+08:00][sql] SELECT `member_id`,`source_member`,`fenxiao_id`,`is_fenxiao`,`username`,`nickname`,`mobile`,`email`,`password`,`status`,`headimg`,`member_level`,`member_level_name`,`member_label`,`member_label_name`,`qq`,`qq_openid`,`wx_openid`,`weapp_openid`,`wx_unionid`,`ali_openid`,`baidu_openid`,`toutiao_openid`,`douyin_openid`,`login_ip`,`login_type`,`login_time`,`last_login_ip`,`last_login_type`,`last_login_time`,`login_num`,`realname`,`sex`,`location`,`birthday`,`reg_time`,`point`,`balance`,`growth`,`balance_money`,`account5`,`is_auth`,`sign_time`,`sign_days_series`,`pay_password`,`order_money`,`order_complete_money`,`order_num`,`order_complete_num`,`balance_withdraw_apply`,`balance_withdraw`,`is_delete`,`login_type_name`,`hospital_id`,`is_commander`,`self_cl_id`,`hospital_name`,`self_leader_name`,`cl_id`,`is_fenxiao_order`,`expiration_time`,`start_time`,`is_fenxiao_charge` FROM `gxfc_member` WHERE  `member_id` = 2371 LIMIT 1 [ RunTime:0.000594s ]
[2022-12-15T09:12:34+08:00][sql] SELECT `member_id`,`source_member`,`username`,`nickname`,`mobile`,`email`,`password`,`status`,`headimg`,`member_level`,`member_level_name`,`member_label`,`member_label_name`,`qq`,`qq_openid`,`wx_openid`,`wx_unionid`,`ali_openid`,`baidu_openid`,`toutiao_openid`,`douyin_openid`,`realname`,`sex`,`location`,`birthday`,`point`,`balance`,`balance_money`,`growth`,`sign_days_series`,`hospital_id`,`self_cl_id`,`hospital_name`,`start_time`,`expiration_time`,`is_fenxiao` FROM `gxfc_member` WHERE  `member_id` = 2371  AND `is_delete` = 0 LIMIT 1 [ RunTime:0.000413s ]
[2022-12-15T09:12:34+08:00][sql] SHOW FULL COLUMNS FROM `gxfc_user` [ RunTime:0.000569s ]
[2022-12-15T09:12:34+08:00][sql] SELECT `uid`,`app_module`,`app_group`,`is_admin`,`site_id`,`group_id`,`group_name`,`username`,`password`,`member_id`,`create_time`,`update_time`,`status`,`login_time`,`login_ip` FROM `gxfc_user` WHERE  `member_id` = 2371 LIMIT 1 [ RunTime:0.000342s ]
[2022-12-15T09:12:34+08:00][sql] SHOW FULL COLUMNS FROM `gxfc_shop_apply` [ RunTime:0.000595s ]
[2022-12-15T09:12:34+08:00][sql] SELECT `nsa`.`apply_id`,`nsa`.`site_id`,`nsa`.`website_id`,`nsa`.`member_id`,`nsa`.`username`,`nsa`.`cert_id`,`nsa`.`shop_name`,`nsa`.`apply_state`,`nsa`.`apply_message`,`nsa`.`apply_year`,`nsa`.`category_name`,`nsa`.`category_id`,`nsa`.`group_name`,`nsa`.`group_id`,`nsa`.`paying_money_certificate`,`nsa`.`paying_money_certificate_explain`,`nsa`.`paying_deposit`,`nsa`.`paying_apply`,`nsa`.`paying_amount`,`nsa`.`create_time`,`nsa`.`audit_time`,`nsa`.`finish_time`,`nsc`.`cert_id`,`nsc`.`cert_type`,`nsc`.`company_name`,`nsc`.`company_province_id`,`nsc`.`company_city_id`,`nsc`.`company_district_id`,`nsc`.`company_address`,`nsc`.`contacts_name`,`nsc`.`contacts_mobile`,`nsc`.`contacts_card_no`,`nsc`.`contacts_card_electronic_1`,`nsc`.`contacts_card_electronic_2`,`nsc`.`contacts_card_electronic_3`,`nsc`.`business_licence_number`,`nsc`.`business_licence_number_electronic`,`nsc`.`business_sphere`,`nsc`.`taxpayer_id`,`nsc`.`general_taxpayer`,`nsc`.`tax_registration_certificate`,`nsc`.`tax_registration_certificate_electronic`,`nsc`.`bank_account_name`,`nsc`.`bank_account_number`,`nsc`.`bank_name`,`nsc`.`bank_address`,`nsc`.`bank_code`,`nsc`.`bank_type`,`nsc`.`settlement_bank_account_name`,`nsc`.`settlement_bank_account_number`,`nsc`.`settlement_bank_name`,`nsc`.`settlement_bank_address`,`nsc`.`company_full_address`,`w`.`site_area_name` FROM `gxfc_shop_apply` `nsa` LEFT JOIN `gxfc_shop_cert` `nsc` ON `nsa`.`cert_id`=`nsc`.`cert_id` LEFT JOIN `gxfc_website` `w` ON `w`.`site_id`=`nsa`.`website_id` WHERE  `uid` = 72 LIMIT 1 [ RunTime:0.000645s ]
[2022-12-15T09:12:34+08:00][sql] SHOW FULL COLUMNS FROM `gxfc_customer_operational` [ RunTime:0.000509s ]
[2022-12-15T09:12:34+08:00][sql] SELECT `id` FROM `gxfc_customer_operational` WHERE  `member_id` = 2371 LIMIT 1 [ RunTime:0.000256s ]
[2022-12-15T09:12:34+08:00][sql] CONNECT:[ UseTime:0.000445s ] mysql:host=127.0.0.1;port=3306;dbname=hunqin;charset=utf8
[2022-12-15T09:12:34+08:00][sql] SHOW FULL COLUMNS FROM `gxfc_member` [ RunTime:0.000948s ]
[2022-12-15T09:12:34+08:00][sql] SELECT `member_id`,`source_member`,`fenxiao_id`,`is_fenxiao`,`username`,`nickname`,`mobile`,`email`,`password`,`status`,`headimg`,`member_level`,`member_level_name`,`member_label`,`member_label_name`,`qq`,`qq_openid`,`wx_openid`,`weapp_openid`,`wx_unionid`,`ali_openid`,`baidu_openid`,`toutiao_openid`,`douyin_openid`,`login_ip`,`login_type`,`login_time`,`last_login_ip`,`last_login_type`,`last_login_time`,`login_num`,`realname`,`sex`,`location`,`birthday`,`reg_time`,`point`,`balance`,`growth`,`balance_money`,`account5`,`is_auth`,`sign_time`,`sign_days_series`,`pay_password`,`order_money`,`order_complete_money`,`order_num`,`order_complete_num`,`balance_withdraw_apply`,`balance_withdraw`,`is_delete`,`login_type_name`,`hospital_id`,`is_commander`,`self_cl_id`,`hospital_name`,`self_leader_name`,`cl_id`,`is_fenxiao_order`,`expiration_time`,`start_time`,`is_fenxiao_charge` FROM `gxfc_member` WHERE  `member_id` = 2371 LIMIT 1 [ RunTime:0.000705s ]
[2022-12-15T09:12:34+08:00][sql] SHOW FULL COLUMNS FROM `gxfc_order` [ RunTime:0.001112s ]
[2022-12-15T09:12:34+08:00][sql] SELECT COUNT(*) AS think_count FROM `gxfc_order` WHERE  `member_id` = 2371  AND `order_status` = 0 [ RunTime:0.000378s ]
[2022-12-15T09:12:34+08:00][sql] SELECT COUNT(*) AS think_count FROM `gxfc_order` WHERE  `member_id` = 2371  AND `order_status` = 1 [ RunTime:0.000350s ]
[2022-12-15T09:12:34+08:00][sql] SELECT COUNT(*) AS think_count FROM `gxfc_order` WHERE  `member_id` = 2371  AND `order_status` = 3 [ RunTime:0.000304s ]
[2022-12-15T09:12:34+08:00][sql] SELECT COUNT(*) AS think_count FROM `gxfc_order` WHERE  `member_id` = 2371  AND `order_status` IN (4,10)  AND `is_evaluate` = 1 [ RunTime:0.000321s ]
[2022-12-15T09:12:34+08:00][sql] SHOW FULL COLUMNS FROM `gxfc_order_goods` [ RunTime:0.000696s ]
[2022-12-15T09:12:34+08:00][sql] SELECT COUNT(*) AS think_count FROM `gxfc_order_goods` WHERE  `member_id` = 2371  AND `refund_status` IN (-1,1,2,4,5,6) [ RunTime:0.001736s ]
[2022-12-15T09:12:47+08:00][sql] CONNECT:[ UseTime:0.000405s ] mysql:host=127.0.0.1;port=3306;dbname=hunqin;charset=utf8
[2022-12-15T09:12:47+08:00][sql] SHOW FULL COLUMNS FROM `gxfc_sysm` [ RunTime:0.000634s ]
[2022-12-15T09:12:47+08:00][sql] SELECT `id`,`content`,`sort`,`title`,`pid` FROM `gxfc_sysm` WHERE  `pid` = 0 [ RunTime:0.000320s ]
[2022-12-15T09:12:49+08:00][sql] CONNECT:[ UseTime:0.000428s ] mysql:host=127.0.0.1;port=3306;dbname=hunqin;charset=utf8
[2022-12-15T09:12:49+08:00][sql] SHOW FULL COLUMNS FROM `gxfc_member` [ RunTime:0.000931s ]
[2022-12-15T09:12:49+08:00][sql] SELECT `member_id`,`source_member`,`fenxiao_id`,`is_fenxiao`,`username`,`nickname`,`mobile`,`email`,`password`,`status`,`headimg`,`member_level`,`member_level_name`,`member_label`,`member_label_name`,`qq`,`qq_openid`,`wx_openid`,`weapp_openid`,`wx_unionid`,`ali_openid`,`baidu_openid`,`toutiao_openid`,`douyin_openid`,`login_ip`,`login_type`,`login_time`,`last_login_ip`,`last_login_type`,`last_login_time`,`login_num`,`realname`,`sex`,`location`,`birthday`,`reg_time`,`point`,`balance`,`growth`,`balance_money`,`account5`,`is_auth`,`sign_time`,`sign_days_series`,`pay_password`,`order_money`,`order_complete_money`,`order_num`,`order_complete_num`,`balance_withdraw_apply`,`balance_withdraw`,`is_delete`,`login_type_name`,`hospital_id`,`is_commander`,`self_cl_id`,`hospital_name`,`self_leader_name`,`cl_id`,`is_fenxiao_order`,`expiration_time`,`start_time`,`is_fenxiao_charge` FROM `gxfc_member` WHERE  `member_id` = 2371 LIMIT 1 [ RunTime:0.000667s ]
[2022-12-15T09:12:49+08:00][sql] SELECT `member_id`,`source_member`,`username`,`nickname`,`mobile`,`email`,`password`,`status`,`headimg`,`member_level`,`member_level_name`,`member_label`,`member_label_name`,`qq`,`qq_openid`,`wx_openid`,`wx_unionid`,`ali_openid`,`baidu_openid`,`toutiao_openid`,`douyin_openid`,`realname`,`sex`,`location`,`birthday`,`point`,`balance`,`balance_money`,`growth`,`sign_days_series`,`hospital_id`,`self_cl_id`,`hospital_name`,`start_time`,`expiration_time`,`is_fenxiao` FROM `gxfc_member` WHERE  `member_id` = 2371  AND `is_delete` = 0 LIMIT 1 [ RunTime:0.000442s ]
[2022-12-15T09:12:49+08:00][sql] SHOW FULL COLUMNS FROM `gxfc_user` [ RunTime:0.000626s ]
[2022-12-15T09:12:49+08:00][sql] SELECT `uid`,`app_module`,`app_group`,`is_admin`,`site_id`,`group_id`,`group_name`,`username`,`password`,`member_id`,`create_time`,`update_time`,`status`,`login_time`,`login_ip` FROM `gxfc_user` WHERE  `member_id` = 2371 LIMIT 1 [ RunTime:0.000424s ]
[2022-12-15T09:12:49+08:00][sql] SHOW FULL COLUMNS FROM `gxfc_shop_apply` [ RunTime:0.000571s ]
[2022-12-15T09:12:49+08:00][sql] SELECT `nsa`.`apply_id`,`nsa`.`site_id`,`nsa`.`website_id`,`nsa`.`member_id`,`nsa`.`username`,`nsa`.`cert_id`,`nsa`.`shop_name`,`nsa`.`apply_state`,`nsa`.`apply_message`,`nsa`.`apply_year`,`nsa`.`category_name`,`nsa`.`category_id`,`nsa`.`group_name`,`nsa`.`group_id`,`nsa`.`paying_money_certificate`,`nsa`.`paying_money_certificate_explain`,`nsa`.`paying_deposit`,`nsa`.`paying_apply`,`nsa`.`paying_amount`,`nsa`.`create_time`,`nsa`.`audit_time`,`nsa`.`finish_time`,`nsc`.`cert_id`,`nsc`.`cert_type`,`nsc`.`company_name`,`nsc`.`company_province_id`,`nsc`.`company_city_id`,`nsc`.`company_district_id`,`nsc`.`company_address`,`nsc`.`contacts_name`,`nsc`.`contacts_mobile`,`nsc`.`contacts_card_no`,`nsc`.`contacts_card_electronic_1`,`nsc`.`contacts_card_electronic_2`,`nsc`.`contacts_card_electronic_3`,`nsc`.`business_licence_number`,`nsc`.`business_licence_number_electronic`,`nsc`.`business_sphere`,`nsc`.`taxpayer_id`,`nsc`.`general_taxpayer`,`nsc`.`tax_registration_certificate`,`nsc`.`tax_registration_certificate_electronic`,`nsc`.`bank_account_name`,`nsc`.`bank_account_number`,`nsc`.`bank_name`,`nsc`.`bank_address`,`nsc`.`bank_code`,`nsc`.`bank_type`,`nsc`.`settlement_bank_account_name`,`nsc`.`settlement_bank_account_number`,`nsc`.`settlement_bank_name`,`nsc`.`settlement_bank_address`,`nsc`.`company_full_address`,`w`.`site_area_name` FROM `gxfc_shop_apply` `nsa` LEFT JOIN `gxfc_shop_cert` `nsc` ON `nsa`.`cert_id`=`nsc`.`cert_id` LEFT JOIN `gxfc_website` `w` ON `w`.`site_id`=`nsa`.`website_id` WHERE  `uid` = 72 LIMIT 1 [ RunTime:0.000552s ]
[2022-12-15T09:12:49+08:00][sql] SHOW FULL COLUMNS FROM `gxfc_customer_operational` [ RunTime:0.000472s ]
[2022-12-15T09:12:49+08:00][sql] SELECT `id` FROM `gxfc_customer_operational` WHERE  `member_id` = 2371 LIMIT 1 [ RunTime:0.000283s ]
[2022-12-15T09:12:50+08:00][sql] CONNECT:[ UseTime:0.000481s ] mysql:host=127.0.0.1;port=3306;dbname=hunqin;charset=utf8
[2022-12-15T09:12:50+08:00][sql] SHOW FULL COLUMNS FROM `gxfc_member` [ RunTime:0.001106s ]
[2022-12-15T09:12:50+08:00][sql] SELECT `member_id`,`source_member`,`fenxiao_id`,`is_fenxiao`,`username`,`nickname`,`mobile`,`email`,`password`,`status`,`headimg`,`member_level`,`member_level_name`,`member_label`,`member_label_name`,`qq`,`qq_openid`,`wx_openid`,`weapp_openid`,`wx_unionid`,`ali_openid`,`baidu_openid`,`toutiao_openid`,`douyin_openid`,`login_ip`,`login_type`,`login_time`,`last_login_ip`,`last_login_type`,`last_login_time`,`login_num`,`realname`,`sex`,`location`,`birthday`,`reg_time`,`point`,`balance`,`growth`,`balance_money`,`account5`,`is_auth`,`sign_time`,`sign_days_series`,`pay_password`,`order_money`,`order_complete_money`,`order_num`,`order_complete_num`,`balance_withdraw_apply`,`balance_withdraw`,`is_delete`,`login_type_name`,`hospital_id`,`is_commander`,`self_cl_id`,`hospital_name`,`self_leader_name`,`cl_id`,`is_fenxiao_order`,`expiration_time`,`start_time`,`is_fenxiao_charge` FROM `gxfc_member` WHERE  `member_id` = 2371 LIMIT 1 [ RunTime:0.000657s ]
[2022-12-15T09:12:50+08:00][sql] SHOW FULL COLUMNS FROM `gxfc_order` [ RunTime:0.001169s ]
[2022-12-15T09:12:50+08:00][sql] SELECT COUNT(*) AS think_count FROM `gxfc_order` WHERE  `member_id` = 2371  AND `order_status` = 0 [ RunTime:0.000391s ]
[2022-12-15T09:12:50+08:00][sql] SELECT COUNT(*) AS think_count FROM `gxfc_order` WHERE  `member_id` = 2371  AND `order_status` = 1 [ RunTime:0.000336s ]
[2022-12-15T09:12:50+08:00][sql] SELECT COUNT(*) AS think_count FROM `gxfc_order` WHERE  `member_id` = 2371  AND `order_status` = 3 [ RunTime:0.000283s ]
[2022-12-15T09:12:50+08:00][sql] SELECT COUNT(*) AS think_count FROM `gxfc_order` WHERE  `member_id` = 2371  AND `order_status` IN (4,10)  AND `is_evaluate` = 1 [ RunTime:0.000280s ]
[2022-12-15T09:12:50+08:00][sql] SHOW FULL COLUMNS FROM `gxfc_order_goods` [ RunTime:0.000694s ]
[2022-12-15T09:12:50+08:00][sql] SELECT COUNT(*) AS think_count FROM `gxfc_order_goods` WHERE  `member_id` = 2371  AND `refund_status` IN (-1,1,2,4,5,6) [ RunTime:0.000914s ]
[2022-12-15T09:12:50+08:00][sql] CONNECT:[ UseTime:0.000478s ] mysql:host=127.0.0.1;port=3306;dbname=hunqin;charset=utf8
[2022-12-15T09:12:50+08:00][sql] SHOW FULL COLUMNS FROM `gxfc_sysm` [ RunTime:0.000622s ]
[2022-12-15T09:12:50+08:00][sql] SELECT `id`,`content`,`sort`,`title`,`pid` FROM `gxfc_sysm` WHERE  `pid` = 0 [ RunTime:0.000298s ]
[2022-12-15T09:12:52+08:00][sql] CONNECT:[ UseTime:0.000455s ] mysql:host=127.0.0.1;port=3306;dbname=hunqin;charset=utf8
[2022-12-15T09:12:52+08:00][sql] SHOW FULL COLUMNS FROM `gxfc_sysm` [ RunTime:0.000720s ]
[2022-12-15T09:12:52+08:00][sql] SELECT COUNT(*) AS think_count FROM `gxfc_sysm` `a` WHERE  ( `pid` = 24 OR `id` = 24 ) ORDER BY `sort` DESC [ RunTime:0.000410s ]
[2022-12-15T09:12:52+08:00][sql] SELECT * FROM `gxfc_sysm` `a` WHERE  ( `pid` = 24 OR `id` = 24 ) ORDER BY `sort` DESC LIMIT 0,10 [ RunTime:0.000269s ]
[2022-12-15T09:13:12+08:00][sql] CONNECT:[ UseTime:0.000461s ] mysql:host=127.0.0.1;port=3306;dbname=hunqin;charset=utf8
[2022-12-15T09:13:12+08:00][sql] SHOW FULL COLUMNS FROM `gxfc_member` [ RunTime:0.000943s ]
[2022-12-15T09:13:12+08:00][sql] SELECT `member_id`,`source_member`,`fenxiao_id`,`is_fenxiao`,`username`,`nickname`,`mobile`,`email`,`password`,`status`,`headimg`,`member_level`,`member_level_name`,`member_label`,`member_label_name`,`qq`,`qq_openid`,`wx_openid`,`weapp_openid`,`wx_unionid`,`ali_openid`,`baidu_openid`,`toutiao_openid`,`douyin_openid`,`login_ip`,`login_type`,`login_time`,`last_login_ip`,`last_login_type`,`last_login_time`,`login_num`,`realname`,`sex`,`location`,`birthday`,`reg_time`,`point`,`balance`,`growth`,`balance_money`,`account5`,`is_auth`,`sign_time`,`sign_days_series`,`pay_password`,`order_money`,`order_complete_money`,`order_num`,`order_complete_num`,`balance_withdraw_apply`,`balance_withdraw`,`is_delete`,`login_type_name`,`hospital_id`,`is_commander`,`self_cl_id`,`hospital_name`,`self_leader_name`,`cl_id`,`is_fenxiao_order`,`expiration_time`,`start_time`,`is_fenxiao_charge` FROM `gxfc_member` WHERE  `member_id` = 2371 LIMIT 1 [ RunTime:0.000632s ]
[2022-12-15T09:13:12+08:00][sql] SELECT `member_id`,`source_member`,`username`,`nickname`,`mobile`,`email`,`password`,`status`,`headimg`,`member_level`,`member_level_name`,`member_label`,`member_label_name`,`qq`,`qq_openid`,`wx_openid`,`wx_unionid`,`ali_openid`,`baidu_openid`,`toutiao_openid`,`douyin_openid`,`realname`,`sex`,`location`,`birthday`,`point`,`balance`,`balance_money`,`growth`,`sign_days_series`,`hospital_id`,`self_cl_id`,`hospital_name`,`start_time`,`expiration_time`,`is_fenxiao` FROM `gxfc_member` WHERE  `member_id` = 2371  AND `is_delete` = 0 LIMIT 1 [ RunTime:0.000406s ]
[2022-12-15T09:13:12+08:00][sql] SHOW FULL COLUMNS FROM `gxfc_user` [ RunTime:0.000576s ]
[2022-12-15T09:13:12+08:00][sql] SELECT `uid`,`app_module`,`app_group`,`is_admin`,`site_id`,`group_id`,`group_name`,`username`,`password`,`member_id`,`create_time`,`update_time`,`status`,`login_time`,`login_ip` FROM `gxfc_user` WHERE  `member_id` = 2371 LIMIT 1 [ RunTime:0.000306s ]
[2022-12-15T09:13:12+08:00][sql] SHOW FULL COLUMNS FROM `gxfc_shop_apply` [ RunTime:0.000496s ]
[2022-12-15T09:13:12+08:00][sql] SELECT `nsa`.`apply_id`,`nsa`.`site_id`,`nsa`.`website_id`,`nsa`.`member_id`,`nsa`.`username`,`nsa`.`cert_id`,`nsa`.`shop_name`,`nsa`.`apply_state`,`nsa`.`apply_message`,`nsa`.`apply_year`,`nsa`.`category_name`,`nsa`.`category_id`,`nsa`.`group_name`,`nsa`.`group_id`,`nsa`.`paying_money_certificate`,`nsa`.`paying_money_certificate_explain`,`nsa`.`paying_deposit`,`nsa`.`paying_apply`,`nsa`.`paying_amount`,`nsa`.`create_time`,`nsa`.`audit_time`,`nsa`.`finish_time`,`nsc`.`cert_id`,`nsc`.`cert_type`,`nsc`.`company_name`,`nsc`.`company_province_id`,`nsc`.`company_city_id`,`nsc`.`company_district_id`,`nsc`.`company_address`,`nsc`.`contacts_name`,`nsc`.`contacts_mobile`,`nsc`.`contacts_card_no`,`nsc`.`contacts_card_electronic_1`,`nsc`.`contacts_card_electronic_2`,`nsc`.`contacts_card_electronic_3`,`nsc`.`business_licence_number`,`nsc`.`business_licence_number_electronic`,`nsc`.`business_sphere`,`nsc`.`taxpayer_id`,`nsc`.`general_taxpayer`,`nsc`.`tax_registration_certificate`,`nsc`.`tax_registration_certificate_electronic`,`nsc`.`bank_account_name`,`nsc`.`bank_account_number`,`nsc`.`bank_name`,`nsc`.`bank_address`,`nsc`.`bank_code`,`nsc`.`bank_type`,`nsc`.`settlement_bank_account_name`,`nsc`.`settlement_bank_account_number`,`nsc`.`settlement_bank_name`,`nsc`.`settlement_bank_address`,`nsc`.`company_full_address`,`w`.`site_area_name` FROM `gxfc_shop_apply` `nsa` LEFT JOIN `gxfc_shop_cert` `nsc` ON `nsa`.`cert_id`=`nsc`.`cert_id` LEFT JOIN `gxfc_website` `w` ON `w`.`site_id`=`nsa`.`website_id` WHERE  `uid` = 72 LIMIT 1 [ RunTime:0.000626s ]
[2022-12-15T09:13:12+08:00][sql] SHOW FULL COLUMNS FROM `gxfc_customer_operational` [ RunTime:0.000454s ]
[2022-12-15T09:13:12+08:00][sql] SELECT `id` FROM `gxfc_customer_operational` WHERE  `member_id` = 2371 LIMIT 1 [ RunTime:0.000235s ]
[2022-12-15T09:13:12+08:00][sql] CONNECT:[ UseTime:0.000437s ] mysql:host=127.0.0.1;port=3306;dbname=hunqin;charset=utf8
[2022-12-15T09:13:12+08:00][sql] SHOW FULL COLUMNS FROM `gxfc_member` [ RunTime:0.000877s ]
[2022-12-15T09:13:12+08:00][sql] SELECT `member_id`,`source_member`,`fenxiao_id`,`is_fenxiao`,`username`,`nickname`,`mobile`,`email`,`password`,`status`,`headimg`,`member_level`,`member_level_name`,`member_label`,`member_label_name`,`qq`,`qq_openid`,`wx_openid`,`weapp_openid`,`wx_unionid`,`ali_openid`,`baidu_openid`,`toutiao_openid`,`douyin_openid`,`login_ip`,`login_type`,`login_time`,`last_login_ip`,`last_login_type`,`last_login_time`,`login_num`,`realname`,`sex`,`location`,`birthday`,`reg_time`,`point`,`balance`,`growth`,`balance_money`,`account5`,`is_auth`,`sign_time`,`sign_days_series`,`pay_password`,`order_money`,`order_complete_money`,`order_num`,`order_complete_num`,`balance_withdraw_apply`,`balance_withdraw`,`is_delete`,`login_type_name`,`hospital_id`,`is_commander`,`self_cl_id`,`hospital_name`,`self_leader_name`,`cl_id`,`is_fenxiao_order`,`expiration_time`,`start_time`,`is_fenxiao_charge` FROM `gxfc_member` WHERE  `member_id` = 2371 LIMIT 1 [ RunTime:0.000548s ]
[2022-12-15T09:13:12+08:00][sql] SHOW FULL COLUMNS FROM `gxfc_order` [ RunTime:0.001023s ]
[2022-12-15T09:13:12+08:00][sql] SELECT COUNT(*) AS think_count FROM `gxfc_order` WHERE  `member_id` = 2371  AND `order_status` = 0 [ RunTime:0.000454s ]
[2022-12-15T09:13:12+08:00][sql] SELECT COUNT(*) AS think_count FROM `gxfc_order` WHERE  `member_id` = 2371  AND `order_status` = 1 [ RunTime:0.000386s ]
[2022-12-15T09:13:12+08:00][sql] SELECT COUNT(*) AS think_count FROM `gxfc_order` WHERE  `member_id` = 2371  AND `order_status` = 3 [ RunTime:0.000329s ]
[2022-12-15T09:13:12+08:00][sql] SELECT COUNT(*) AS think_count FROM `gxfc_order` WHERE  `member_id` = 2371  AND `order_status` IN (4,10)  AND `is_evaluate` = 1 [ RunTime:0.000345s ]
[2022-12-15T09:13:12+08:00][sql] SHOW FULL COLUMNS FROM `gxfc_order_goods` [ RunTime:0.000810s ]
[2022-12-15T09:13:12+08:00][sql] SELECT COUNT(*) AS think_count FROM `gxfc_order_goods` WHERE  `member_id` = 2371  AND `refund_status` IN (-1,1,2,4,5,6) [ RunTime:0.000930s ]
[2022-12-15T09:13:14+08:00][sql] CONNECT:[ UseTime:0.000434s ] mysql:host=127.0.0.1;port=3306;dbname=hunqin;charset=utf8
[2022-12-15T09:13:14+08:00][sql] SHOW FULL COLUMNS FROM `gxfc_customer_type` [ RunTime:0.000965s ]
[2022-12-15T09:13:14+08:00][sql] SELECT `id`,`type_name`,`is_show`,`sort` FROM `gxfc_customer_type` [ RunTime:0.000401s ]
[2022-12-15T09:13:14+08:00][sql] CONNECT:[ UseTime:0.000391s ] mysql:host=127.0.0.1;port=3306;dbname=hunqin;charset=utf8
[2022-12-15T09:13:14+08:00][sql] SHOW FULL COLUMNS FROM `gxfc_member` [ RunTime:0.000800s ]
[2022-12-15T09:13:14+08:00][sql] SELECT `member_id`,`source_member`,`fenxiao_id`,`is_fenxiao`,`username`,`nickname`,`mobile`,`email`,`password`,`status`,`headimg`,`member_level`,`member_level_name`,`member_label`,`member_label_name`,`qq`,`qq_openid`,`wx_openid`,`weapp_openid`,`wx_unionid`,`ali_openid`,`baidu_openid`,`toutiao_openid`,`douyin_openid`,`login_ip`,`login_type`,`login_time`,`last_login_ip`,`last_login_type`,`last_login_time`,`login_num`,`realname`,`sex`,`location`,`birthday`,`reg_time`,`point`,`balance`,`growth`,`balance_money`,`account5`,`is_auth`,`sign_time`,`sign_days_series`,`pay_password`,`order_money`,`order_complete_money`,`order_num`,`order_complete_num`,`balance_withdraw_apply`,`balance_withdraw`,`is_delete`,`login_type_name`,`hospital_id`,`is_commander`,`self_cl_id`,`hospital_name`,`self_leader_name`,`cl_id`,`is_fenxiao_order`,`expiration_time`,`start_time`,`is_fenxiao_charge` FROM `gxfc_member` WHERE  `member_id` = 2371 LIMIT 1 [ RunTime:0.000524s ]
[2022-12-15T09:13:14+08:00][sql] SELECT `member_level`,`expiration_time` FROM `gxfc_member` WHERE  `member_id` = 2371 LIMIT 1 [ RunTime:0.000218s ]
[2022-12-15T09:13:14+08:00][sql] SHOW FULL COLUMNS FROM `gxfc_customer` [ RunTime:0.000484s ]
[2022-12-15T09:13:14+08:00][sql] SELECT COUNT(*) AS think_count FROM `gxfc_customer` `a` WHERE  `member_id` = 2371 ORDER BY `create_time` DESC [ RunTime:0.000284s ]
[2022-12-15T09:13:14+08:00][sql] SELECT * FROM `gxfc_customer` `a` WHERE  `member_id` = 2371 ORDER BY `create_time` DESC LIMIT 0,10 [ RunTime:0.000356s ]
[2022-12-15T09:13:14+08:00][sql] SHOW FULL COLUMNS FROM `gxfc_customer_type` [ RunTime:0.000387s ]
[2022-12-15T09:13:14+08:00][sql] SELECT `id`,`type_name`,`is_show`,`sort` FROM `gxfc_customer_type` WHERE  `id` = 1 LIMIT 1 [ RunTime:0.000231s ]
[2022-12-15T09:13:14+08:00][sql] SHOW FULL COLUMNS FROM `gxfc_customer_operational` [ RunTime:0.000386s ]
[2022-12-15T09:13:14+08:00][sql] SELECT `id`,`name`,`moblile`,`member_id`,`site_id`,`is_type`,`counterpart_id` FROM `gxfc_customer_operational` WHERE  `id` IN (135,155,151,154) [ RunTime:0.000304s ]
[2022-12-15T09:13:14+08:00][sql] SELECT `id`,`type_name`,`is_show`,`sort` FROM `gxfc_customer_type` WHERE  `id` = 1 LIMIT 1 [ RunTime:0.000203s ]
[2022-12-15T09:13:14+08:00][sql] SELECT `id`,`name`,`moblile`,`member_id`,`site_id`,`is_type`,`counterpart_id` FROM `gxfc_customer_operational` WHERE  `id` IN (135,155,151,154) [ RunTime:0.000249s ]
[2022-12-15T09:13:14+08:00][sql] SELECT `id`,`type_name`,`is_show`,`sort` FROM `gxfc_customer_type` WHERE  `id` = 1 LIMIT 1 [ RunTime:0.000194s ]
[2022-12-15T09:13:14+08:00][sql] SELECT `id`,`name`,`moblile`,`member_id`,`site_id`,`is_type`,`counterpart_id` FROM `gxfc_customer_operational` WHERE  `id` IN (135,155,151,154) [ RunTime:0.000239s ]
[2022-12-15T09:13:16+08:00][sql] CONNECT:[ UseTime:0.000444s ] mysql:host=127.0.0.1;port=3306;dbname=hunqin;charset=utf8
[2022-12-15T09:13:16+08:00][sql] SHOW FULL COLUMNS FROM `gxfc_member` [ RunTime:0.000836s ]
[2022-12-15T09:13:16+08:00][sql] SELECT `member_id`,`source_member`,`fenxiao_id`,`is_fenxiao`,`username`,`nickname`,`mobile`,`email`,`password`,`status`,`headimg`,`member_level`,`member_level_name`,`member_label`,`member_label_name`,`qq`,`qq_openid`,`wx_openid`,`weapp_openid`,`wx_unionid`,`ali_openid`,`baidu_openid`,`toutiao_openid`,`douyin_openid`,`login_ip`,`login_type`,`login_time`,`last_login_ip`,`last_login_type`,`last_login_time`,`login_num`,`realname`,`sex`,`location`,`birthday`,`reg_time`,`point`,`balance`,`growth`,`balance_money`,`account5`,`is_auth`,`sign_time`,`sign_days_series`,`pay_password`,`order_money`,`order_complete_money`,`order_num`,`order_complete_num`,`balance_withdraw_apply`,`balance_withdraw`,`is_delete`,`login_type_name`,`hospital_id`,`is_commander`,`self_cl_id`,`hospital_name`,`self_leader_name`,`cl_id`,`is_fenxiao_order`,`expiration_time`,`start_time`,`is_fenxiao_charge` FROM `gxfc_member` WHERE  `member_id` = 2371 LIMIT 1 [ RunTime:0.000659s ]
[2022-12-15T09:13:16+08:00][sql] SELECT `member_id`,`source_member`,`username`,`nickname`,`mobile`,`email`,`password`,`status`,`headimg`,`member_level`,`member_level_name`,`member_label`,`member_label_name`,`qq`,`qq_openid`,`wx_openid`,`wx_unionid`,`ali_openid`,`baidu_openid`,`toutiao_openid`,`douyin_openid`,`realname`,`sex`,`location`,`birthday`,`point`,`balance`,`balance_money`,`growth`,`sign_days_series`,`hospital_id`,`self_cl_id`,`hospital_name`,`start_time`,`expiration_time`,`is_fenxiao` FROM `gxfc_member` WHERE  `member_id` = 2371  AND `is_delete` = 0 LIMIT 1 [ RunTime:0.000373s ]
[2022-12-15T09:13:16+08:00][sql] SHOW FULL COLUMNS FROM `gxfc_user` [ RunTime:0.000719s ]
[2022-12-15T09:13:16+08:00][sql] SELECT `uid`,`app_module`,`app_group`,`is_admin`,`site_id`,`group_id`,`group_name`,`username`,`password`,`member_id`,`create_time`,`update_time`,`status`,`login_time`,`login_ip` FROM `gxfc_user` WHERE  `member_id` = 2371 LIMIT 1 [ RunTime:0.000353s ]
[2022-12-15T09:13:16+08:00][sql] SHOW FULL COLUMNS FROM `gxfc_shop_apply` [ RunTime:0.000574s ]
[2022-12-15T09:13:16+08:00][sql] SELECT `nsa`.`apply_id`,`nsa`.`site_id`,`nsa`.`website_id`,`nsa`.`member_id`,`nsa`.`username`,`nsa`.`cert_id`,`nsa`.`shop_name`,`nsa`.`apply_state`,`nsa`.`apply_message`,`nsa`.`apply_year`,`nsa`.`category_name`,`nsa`.`category_id`,`nsa`.`group_name`,`nsa`.`group_id`,`nsa`.`paying_money_certificate`,`nsa`.`paying_money_certificate_explain`,`nsa`.`paying_deposit`,`nsa`.`paying_apply`,`nsa`.`paying_amount`,`nsa`.`create_time`,`nsa`.`audit_time`,`nsa`.`finish_time`,`nsc`.`cert_id`,`nsc`.`cert_type`,`nsc`.`company_name`,`nsc`.`company_province_id`,`nsc`.`company_city_id`,`nsc`.`company_district_id`,`nsc`.`company_address`,`nsc`.`contacts_name`,`nsc`.`contacts_mobile`,`nsc`.`contacts_card_no`,`nsc`.`contacts_card_electronic_1`,`nsc`.`contacts_card_electronic_2`,`nsc`.`contacts_card_electronic_3`,`nsc`.`business_licence_number`,`nsc`.`business_licence_number_electronic`,`nsc`.`business_sphere`,`nsc`.`taxpayer_id`,`nsc`.`general_taxpayer`,`nsc`.`tax_registration_certificate`,`nsc`.`tax_registration_certificate_electronic`,`nsc`.`bank_account_name`,`nsc`.`bank_account_number`,`nsc`.`bank_name`,`nsc`.`bank_address`,`nsc`.`bank_code`,`nsc`.`bank_type`,`nsc`.`settlement_bank_account_name`,`nsc`.`settlement_bank_account_number`,`nsc`.`settlement_bank_name`,`nsc`.`settlement_bank_address`,`nsc`.`company_full_address`,`w`.`site_area_name` FROM `gxfc_shop_apply` `nsa` LEFT JOIN `gxfc_shop_cert` `nsc` ON `nsa`.`cert_id`=`nsc`.`cert_id` LEFT JOIN `gxfc_website` `w` ON `w`.`site_id`=`nsa`.`website_id` WHERE  `uid` = 72 LIMIT 1 [ RunTime:0.000608s ]
[2022-12-15T09:13:16+08:00][sql] SHOW FULL COLUMNS FROM `gxfc_customer_operational` [ RunTime:0.000464s ]
[2022-12-15T09:13:16+08:00][sql] SELECT `id` FROM `gxfc_customer_operational` WHERE  `member_id` = 2371 LIMIT 1 [ RunTime:0.000246s ]
[2022-12-15T09:13:16+08:00][sql] CONNECT:[ UseTime:0.000403s ] mysql:host=127.0.0.1;port=3306;dbname=hunqin;charset=utf8
[2022-12-15T09:13:16+08:00][sql] SHOW FULL COLUMNS FROM `gxfc_member` [ RunTime:0.000858s ]
[2022-12-15T09:13:16+08:00][sql] SELECT `member_id`,`source_member`,`fenxiao_id`,`is_fenxiao`,`username`,`nickname`,`mobile`,`email`,`password`,`status`,`headimg`,`member_level`,`member_level_name`,`member_label`,`member_label_name`,`qq`,`qq_openid`,`wx_openid`,`weapp_openid`,`wx_unionid`,`ali_openid`,`baidu_openid`,`toutiao_openid`,`douyin_openid`,`login_ip`,`login_type`,`login_time`,`last_login_ip`,`last_login_type`,`last_login_time`,`login_num`,`realname`,`sex`,`location`,`birthday`,`reg_time`,`point`,`balance`,`growth`,`balance_money`,`account5`,`is_auth`,`sign_time`,`sign_days_series`,`pay_password`,`order_money`,`order_complete_money`,`order_num`,`order_complete_num`,`balance_withdraw_apply`,`balance_withdraw`,`is_delete`,`login_type_name`,`hospital_id`,`is_commander`,`self_cl_id`,`hospital_name`,`self_leader_name`,`cl_id`,`is_fenxiao_order`,`expiration_time`,`start_time`,`is_fenxiao_charge` FROM `gxfc_member` WHERE  `member_id` = 2371 LIMIT 1 [ RunTime:0.000545s ]
[2022-12-15T09:13:16+08:00][sql] SHOW FULL COLUMNS FROM `gxfc_order` [ RunTime:0.000998s ]
[2022-12-15T09:13:16+08:00][sql] SELECT COUNT(*) AS think_count FROM `gxfc_order` WHERE  `member_id` = 2371  AND `order_status` = 0 [ RunTime:0.000315s ]
[2022-12-15T09:13:16+08:00][sql] SELECT COUNT(*) AS think_count FROM `gxfc_order` WHERE  `member_id` = 2371  AND `order_status` = 1 [ RunTime:0.000280s ]
[2022-12-15T09:13:16+08:00][sql] SELECT COUNT(*) AS think_count FROM `gxfc_order` WHERE  `member_id` = 2371  AND `order_status` = 3 [ RunTime:0.000276s ]
[2022-12-15T09:13:16+08:00][sql] SELECT COUNT(*) AS think_count FROM `gxfc_order` WHERE  `member_id` = 2371  AND `order_status` IN (4,10)  AND `is_evaluate` = 1 [ RunTime:0.000308s ]
[2022-12-15T09:13:16+08:00][sql] SHOW FULL COLUMNS FROM `gxfc_order_goods` [ RunTime:0.000634s ]
[2022-12-15T09:13:16+08:00][sql] SELECT COUNT(*) AS think_count FROM `gxfc_order_goods` WHERE  `member_id` = 2371  AND `refund_status` IN (-1,1,2,4,5,6) [ RunTime:0.000910s ]
