[2022-12-13T00:58:27+08:00][error] [0]route pattern error
[2022-12-13T00:58:28+08:00][error] [0]route pattern error
[2022-12-13T09:08:55+08:00][sql] CONNECT:[ UseTime:0.000425s ] mysql:host=127.0.0.1;port=3306;dbname=hunqin;charset=utf8
[2022-12-13T09:08:55+08:00][sql] SHOW FULL COLUMNS FROM `gxfc_menu` [ RunTime:0.000733s ]
[2022-12-13T09:08:55+08:00][sql] SELECT `id`,`app_module`,`name`,`title`,`parent`,`level`,`url`,`is_show`,`sort`,`desc`,`picture`,`is_icon`,`picture_select`,`is_control`,`addon` FROM `gxfc_menu` WHERE  `url` = 'shopwithdraw://admin/Config/index'  AND `app_module` = 'admin' ORDER BY `level` DESC LIMIT 1 [ RunTime:0.000504s ]
[2022-12-13T09:08:55+08:00][sql] SELECT `id`,`app_module`,`name`,`title`,`parent`,`level`,`url`,`is_show`,`sort`,`desc`,`picture`,`is_icon`,`picture_select`,`is_control`,`addon` FROM `gxfc_menu` WHERE  `name` = 'SHOP_WITHDRAW_CONFIG'  AND `app_module` = 'admin' LIMIT 1 [ RunTime:0.000396s ]
[2022-12-13T09:08:55+08:00][sql] SHOW FULL COLUMNS FROM `gxfc_config` [ RunTime:0.000634s ]
[2022-12-13T09:08:55+08:00][sql] SELECT `site_id`,`app_module`,`config_key`,`value`,`config_desc`,`is_use`,`create_time`,`modify_time` FROM `gxfc_config` WHERE  `site_id` = 0  AND `app_module` = 'admin'  AND `config_key` = 'SHOP_WITHDRAW_CONFIG' LIMIT 1 [ RunTime:0.000311s ]
[2022-12-13T09:39:25+08:00][error] [2]is_file(): open_basedir restriction in effect. File(/www/wwwroot/www.hunqin.com/vendor/topthink/framework/src/lang/../../../../../../../../usr/local/lib/php/pearcmd.php) is not within the allowed path(s): (/www/wwwroot/www.hunqin.com/:/tmp/)
[2022-12-13T09:39:53+08:00][error] [2]is_file(): open_basedir restriction in effect. File(/www/wwwroot/www.hunqin.com/vendor/topthink/framework/src/lang/../../../../../../../../usr/local/lib/php/pearcmd.php) is not within the allowed path(s): (/www/wwwroot/www.hunqin.com/:/tmp/)
[2022-12-13T09:40:31+08:00][error] [2]is_file(): open_basedir restriction in effect. File(/www/wwwroot/www.hunqin.com/vendor/topthink/framework/src/lang/../../../../../../../../usr/local/lib/php/pearcmd.php) is not within the allowed path(s): (/www/wwwroot/www.hunqin.com/:/tmp/)
[2022-12-13T09:43:04+08:00][error] [2]is_file(): open_basedir restriction in effect. File(/www/wwwroot/www.hunqin.com/vendor/topthink/framework/src/lang/../../../../../../../../usr/local/lib/php/pearcmd.php) is not within the allowed path(s): (/www/wwwroot/www.hunqin.com/:/tmp/)
[2022-12-13T09:45:17+08:00][error] [2]is_file(): open_basedir restriction in effect. File(/www/wwwroot/www.hunqin.com/vendor/topthink/framework/src/lang/../../../../../../../../usr/local/lib/php/pearcmd.php) is not within the allowed path(s): (/www/wwwroot/www.hunqin.com/:/tmp/)
[2022-12-13T10:12:21+08:00][error] [2]is_file(): open_basedir restriction in effect. File(/www/wwwroot/www.hunqin.com/vendor/topthink/framework/src/lang/../../../../../../../../usr/local/lib/php/pearcmd.php) is not within the allowed path(s): (/www/wwwroot/www.hunqin.com/:/tmp/)
[2022-12-13T10:14:42+08:00][error] [2]is_file(): open_basedir restriction in effect. File(/www/wwwroot/www.hunqin.com/vendor/topthink/framework/src/lang/../../../../../../../../usr/local/lib/php/pearcmd.php) is not within the allowed path(s): (/www/wwwroot/www.hunqin.com/:/tmp/)
[2022-12-13T10:17:28+08:00][error] [2]is_file(): open_basedir restriction in effect. File(/www/wwwroot/www.hunqin.com/vendor/topthink/framework/src/lang/../../../../../../../../usr/local/lib/php/pearcmd.php) is not within the allowed path(s): (/www/wwwroot/www.hunqin.com/:/tmp/)
[2022-12-13T10:20:01+08:00][error] [2]is_file(): open_basedir restriction in effect. File(/www/wwwroot/www.hunqin.com/vendor/topthink/framework/src/lang/../../../../../../../../usr/local/lib/php/pearcmd.php) is not within the allowed path(s): (/www/wwwroot/www.hunqin.com/:/tmp/)
[2022-12-13T10:21:28+08:00][sql] CONNECT:[ UseTime:0.000479s ] mysql:host=127.0.0.1;port=3306;dbname=hunqin;charset=utf8
[2022-12-13T10:21:28+08:00][sql] SHOW FULL COLUMNS FROM `gxfc_member` [ RunTime:0.000937s ]
[2022-12-13T10:21:28+08:00][sql] SELECT `member_id` FROM `gxfc_member` WHERE  `status` = 0 [ RunTime:0.000391s ]
[2022-12-13T10:21:28+08:00][sql] SELECT `member_id`,`source_member`,`fenxiao_id`,`is_fenxiao`,`username`,`nickname`,`mobile`,`email`,`password`,`status`,`headimg`,`member_level`,`member_level_name`,`member_label`,`member_label_name`,`qq`,`qq_openid`,`wx_openid`,`weapp_openid`,`wx_unionid`,`ali_openid`,`baidu_openid`,`toutiao_openid`,`douyin_openid`,`login_ip`,`login_type`,`login_time`,`last_login_ip`,`last_login_type`,`last_login_time`,`login_num`,`realname`,`sex`,`location`,`birthday`,`reg_time`,`point`,`balance`,`growth`,`balance_money`,`account5`,`is_auth`,`sign_time`,`sign_days_series`,`pay_password`,`order_money`,`order_complete_money`,`order_num`,`order_complete_num`,`balance_withdraw_apply`,`balance_withdraw`,`is_delete`,`login_type_name`,`hospital_id`,`is_commander`,`self_cl_id`,`hospital_name`,`self_leader_name`,`cl_id`,`is_fenxiao_order`,`expiration_time`,`start_time`,`is_fenxiao_charge` FROM `gxfc_member` WHERE  `member_id` = 2394 LIMIT 1 [ RunTime:0.000773s ]
[2022-12-13T10:21:28+08:00][sql] SHOW FULL COLUMNS FROM `gxfc_fenxiao` [ RunTime:0.000696s ]
[2022-12-13T10:21:28+08:00][sql] SELECT `f`.*,pf.fenxiao_name as parent_name,`nm`.`nickname`,`nm`.`headimg` FROM `gxfc_fenxiao` `f` LEFT JOIN `gxfc_fenxiao` `pf` ON `pf`.`fenxiao_id`=`f`.`parent` INNER JOIN `gxfc_member` `nm` ON `nm`.`member_id`=`f`.`member_id` WHERE  `f`.`member_id` = 2394  AND `f`.`is_delete` = 0 LIMIT 1 [ RunTime:0.000630s ]
[2022-12-13T10:21:28+08:00][sql] CONNECT:[ UseTime:0.000368s ] mysql:host=127.0.0.1;port=3306;dbname=hunqin;charset=utf8
[2022-12-13T10:21:28+08:00][sql] SHOW FULL COLUMNS FROM `gxfc_member` [ RunTime:0.001037s ]
[2022-12-13T10:21:28+08:00][sql] SELECT COUNT(*) AS think_count FROM `gxfc_member` WHERE  `fenxiao_id` = 62  AND `is_fenxiao` = 0  AND `is_delete` = 0 [ RunTime:0.000341s ]
[2022-12-13T10:21:28+08:00][sql] SELECT `member_id` FROM `gxfc_member` WHERE  `status` = 0 [ RunTime:0.000325s ]
[2022-12-13T10:21:28+08:00][sql] SELECT `f`.`level_id`,`m`.`order_num`,`m`.`order_money`,`f`.`one_fenxiao_order_num`,`f`.`one_fenxiao_order_money`,`f`.`one_child_num`,`f`.`one_child_fenxiao_num`,`fl`.`one_rate`,`fl`.`level_num` FROM `gxfc_fenxiao` `f` INNER JOIN `gxfc_member` `m` ON `f`.`member_id`=`m`.`member_id` INNER JOIN `gxfc_fenxiao_level` `fl` ON `f`.`level_id`=`fl`.`level_id` WHERE  `f`.`member_id` = 2394  AND `f`.`status` = 1  AND `f`.`is_delete` = 0 LIMIT 1 [ RunTime:0.000495s ]
[2022-12-13T10:21:28+08:00][sql] SHOW FULL COLUMNS FROM `gxfc_fenxiao_level` [ RunTime:0.000658s ]
[2022-12-13T10:21:28+08:00][sql] SELECT `member_id`,`source_member`,`fenxiao_id`,`is_fenxiao`,`username`,`nickname`,`mobile`,`email`,`password`,`status`,`headimg`,`member_level`,`member_level_name`,`member_label`,`member_label_name`,`qq`,`qq_openid`,`wx_openid`,`weapp_openid`,`wx_unionid`,`ali_openid`,`baidu_openid`,`toutiao_openid`,`douyin_openid`,`login_ip`,`login_type`,`login_time`,`last_login_ip`,`last_login_type`,`last_login_time`,`login_num`,`realname`,`sex`,`location`,`birthday`,`reg_time`,`point`,`balance`,`growth`,`balance_money`,`account5`,`is_auth`,`sign_time`,`sign_days_series`,`pay_password`,`order_money`,`order_complete_money`,`order_num`,`order_complete_num`,`balance_withdraw_apply`,`balance_withdraw`,`is_delete`,`login_type_name`,`hospital_id`,`is_commander`,`self_cl_id`,`hospital_name`,`self_leader_name`,`cl_id`,`is_fenxiao_order`,`expiration_time`,`start_time`,`is_fenxiao_charge` FROM `gxfc_member` WHERE  `member_id` = 2394 LIMIT 1 [ RunTime:0.000595s ]
[2022-12-13T10:21:28+08:00][sql] SELECT * FROM `gxfc_fenxiao_level` WHERE  `level_num` >= 1  AND `level_id` <> 1 ORDER BY `level_num` ASC,`one_rate` ASC LIMIT 1 [ RunTime:0.000477s ]
[2022-12-13T10:21:28+08:00][sql] SHOW FULL COLUMNS FROM `gxfc_fenxiao` [ RunTime:0.000595s ]
[2022-12-13T10:21:28+08:00][sql] SELECT `fenxiao_id`,`fenxiao_no`,`fenxiao_name`,`mobile`,`member_id`,`level_id`,`level_name`,`parent`,`grand_parent`,`account`,`account_withdraw`,`account_withdraw_apply`,`status`,`create_time`,`audit_time`,`lock_time`,`one_fenxiao_order_num`,`one_fenxiao_order_money`,`one_child_num`,`one_child_fenxiao_num`,`two_child_fenxiao_num`,`total_commission`,`is_delete`,`two_rate` FROM `gxfc_fenxiao` WHERE  `member_id` = 2394 LIMIT 1 [ RunTime:0.000376s ]
[2022-12-13T10:21:28+08:00][sql] SELECT `member_id`,`source_member`,`fenxiao_id`,`is_fenxiao`,`username`,`nickname`,`mobile`,`email`,`password`,`status`,`headimg`,`member_level`,`member_level_name`,`member_label`,`member_label_name`,`qq`,`qq_openid`,`wx_openid`,`weapp_openid`,`wx_unionid`,`ali_openid`,`baidu_openid`,`toutiao_openid`,`douyin_openid`,`login_ip`,`login_type`,`login_time`,`last_login_ip`,`last_login_type`,`last_login_time`,`login_num`,`realname`,`sex`,`location`,`birthday`,`reg_time`,`point`,`balance`,`growth`,`balance_money`,`account5`,`is_auth`,`sign_time`,`sign_days_series`,`pay_password`,`order_money`,`order_complete_money`,`order_num`,`order_complete_num`,`balance_withdraw_apply`,`balance_withdraw`,`is_delete`,`login_type_name`,`hospital_id`,`is_commander`,`self_cl_id`,`hospital_name`,`self_leader_name`,`cl_id`,`is_fenxiao_order`,`expiration_time`,`start_time`,`is_fenxiao_charge` FROM `gxfc_member` WHERE  `source_member` = 2394 [ RunTime:0.000546s ]
[2022-12-13T10:21:28+08:00][sql] SHOW FULL COLUMNS FROM `gxfc_fenxiao_account` [ RunTime:0.000526s ]
[2022-12-13T10:21:28+08:00][sql] SELECT `id`,`account_no`,`fenxiao_id`,`fenxiao_name`,`money`,`type`,`type_name`,`relate_id`,`create_time` FROM `gxfc_fenxiao_account` WHERE  `fenxiao_id` = 62 [ RunTime:0.000284s ]
[2022-12-13T10:21:28+08:00][sql] SHOW FULL COLUMNS FROM `gxfc_fenxiao_order` [ RunTime:0.000815s ]
[2022-12-13T10:21:28+08:00][sql] SELECT sum(one_commission) as commission FROM `gxfc_fenxiao_order` WHERE  `one_fenxiao_id` = 62  AND `create_time` BETWEEN 1670860800 AND 1670947200   AND `is_settlement` = 1 LIMIT 1 [ RunTime:0.000359s ]
[2022-12-13T10:21:28+08:00][sql] SELECT sum(two_commission) as commission FROM `gxfc_fenxiao_order` WHERE  `two_fenxiao_id` = 62  AND `create_time` BETWEEN 1670860800 AND 1670947200   AND `is_settlement` = 1 LIMIT 1 [ RunTime:0.000288s ]
[2022-12-13T10:21:28+08:00][sql] SELECT sum(three_commission) as commission FROM `gxfc_fenxiao_order` WHERE  `three_fenxiao_id` = 62  AND `create_time` BETWEEN 1670860800 AND 1670947200   AND `is_settlement` = 1 LIMIT 1 [ RunTime:0.000277s ]
[2022-12-13T10:21:28+08:00][sql] SELECT sum(real_goods_money) as real_goods_money FROM `gxfc_fenxiao_order` WHERE  ( `one_fenxiao_id` = 62 OR `two_fenxiao_id` = 62 OR `three_fenxiao_id` = 62 ) LIMIT 1 [ RunTime:0.000271s ]
[2022-12-13T10:22:14+08:00][error] [2]is_file(): open_basedir restriction in effect. File(/www/wwwroot/www.hunqin.com/vendor/topthink/framework/src/lang/../../../../../../../../usr/local/lib/php/pearcmd.php) is not within the allowed path(s): (/www/wwwroot/www.hunqin.com/:/tmp/)
[2022-12-13T10:29:32+08:00][error] [2]is_file(): open_basedir restriction in effect. File(/www/wwwroot/www.hunqin.com/vendor/topthink/framework/src/lang/../../../../../../../../usr/local/lib/php/pearcmd.php) is not within the allowed path(s): (/www/wwwroot/www.hunqin.com/:/tmp/)
[2022-12-13T10:33:27+08:00][error] [2]is_file(): open_basedir restriction in effect. File(/www/wwwroot/www.hunqin.com/vendor/topthink/framework/src/lang/../../../../../../../../usr/local/lib/php/pearcmd.php) is not within the allowed path(s): (/www/wwwroot/www.hunqin.com/:/tmp/)
[2022-12-13T10:34:46+08:00][error] [2]is_file(): open_basedir restriction in effect. File(/www/wwwroot/www.hunqin.com/vendor/topthink/framework/src/lang/../../../../../../../../usr/local/lib/php/pearcmd.php) is not within the allowed path(s): (/www/wwwroot/www.hunqin.com/:/tmp/)
[2022-12-13T10:41:11+08:00][error] [2]is_file(): open_basedir restriction in effect. File(/www/wwwroot/www.hunqin.com/vendor/topthink/framework/src/lang/../../../../../../../../usr/local/lib/php/pearcmd.php) is not within the allowed path(s): (/www/wwwroot/www.hunqin.com/:/tmp/)
[2022-12-13T12:30:30+08:00][error] [2]is_file(): open_basedir restriction in effect. File(/www/wwwroot/www.hunqin.com/vendor/topthink/framework/src/lang/../../../../../../../../usr/local/lib/php/pearcmd.php) is not within the allowed path(s): (/www/wwwroot/www.hunqin.com/:/tmp/)
[2022-12-13T12:42:53+08:00][sql] CONNECT:[ UseTime:0.000467s ] mysql:host=127.0.0.1;port=3306;dbname=hunqin;charset=utf8
[2022-12-13T12:42:53+08:00][sql] SHOW FULL COLUMNS FROM `gxfc_member` [ RunTime:0.000912s ]
[2022-12-13T12:42:53+08:00][sql] SELECT `member_id` FROM `gxfc_member` WHERE  `status` = 0 [ RunTime:0.000353s ]
[2022-12-13T12:42:53+08:00][sql] SELECT `member_id`,`source_member`,`fenxiao_id`,`is_fenxiao`,`username`,`nickname`,`mobile`,`email`,`password`,`status`,`headimg`,`member_level`,`member_level_name`,`member_label`,`member_label_name`,`qq`,`qq_openid`,`wx_openid`,`weapp_openid`,`wx_unionid`,`ali_openid`,`baidu_openid`,`toutiao_openid`,`douyin_openid`,`login_ip`,`login_type`,`login_time`,`last_login_ip`,`last_login_type`,`last_login_time`,`login_num`,`realname`,`sex`,`location`,`birthday`,`reg_time`,`point`,`balance`,`growth`,`balance_money`,`account5`,`is_auth`,`sign_time`,`sign_days_series`,`pay_password`,`order_money`,`order_complete_money`,`order_num`,`order_complete_num`,`balance_withdraw_apply`,`balance_withdraw`,`is_delete`,`login_type_name`,`hospital_id`,`is_commander`,`self_cl_id`,`hospital_name`,`self_leader_name`,`cl_id`,`is_fenxiao_order`,`expiration_time`,`start_time`,`is_fenxiao_charge` FROM `gxfc_member` WHERE  `member_id` = 2365 LIMIT 1 [ RunTime:0.000563s ]
[2022-12-13T12:42:53+08:00][sql] SHOW FULL COLUMNS FROM `gxfc_fenxiao` [ RunTime:0.000602s ]
[2022-12-13T12:42:53+08:00][sql] SELECT `f`.*,pf.fenxiao_name as parent_name,`nm`.`nickname`,`nm`.`headimg` FROM `gxfc_fenxiao` `f` LEFT JOIN `gxfc_fenxiao` `pf` ON `pf`.`fenxiao_id`=`f`.`parent` INNER JOIN `gxfc_member` `nm` ON `nm`.`member_id`=`f`.`member_id` WHERE  `f`.`member_id` = 2365  AND `f`.`is_delete` = 0 LIMIT 1 [ RunTime:0.000697s ]
[2022-12-13T12:42:53+08:00][sql] SELECT COUNT(*) AS think_count FROM `gxfc_member` WHERE  `fenxiao_id` = 33  AND `is_fenxiao` = 0  AND `is_delete` = 0 [ RunTime:0.000303s ]
[2022-12-13T12:42:53+08:00][sql] SELECT `f`.`level_id`,`m`.`order_num`,`m`.`order_money`,`f`.`one_fenxiao_order_num`,`f`.`one_fenxiao_order_money`,`f`.`one_child_num`,`f`.`one_child_fenxiao_num`,`fl`.`one_rate`,`fl`.`level_num` FROM `gxfc_fenxiao` `f` INNER JOIN `gxfc_member` `m` ON `f`.`member_id`=`m`.`member_id` INNER JOIN `gxfc_fenxiao_level` `fl` ON `f`.`level_id`=`fl`.`level_id` WHERE  `f`.`member_id` = 2365  AND `f`.`status` = 1  AND `f`.`is_delete` = 0 LIMIT 1 [ RunTime:0.000414s ]
[2022-12-13T12:42:53+08:00][sql] SHOW FULL COLUMNS FROM `gxfc_fenxiao_level` [ RunTime:0.000523s ]
[2022-12-13T12:42:53+08:00][sql] SELECT * FROM `gxfc_fenxiao_level` WHERE  `level_num` >= 1  AND `level_id` <> 1 ORDER BY `level_num` ASC,`one_rate` ASC LIMIT 1 [ RunTime:0.000436s ]
[2022-12-13T12:42:53+08:00][sql] SHOW FULL COLUMNS FROM `gxfc_fenxiao_order` [ RunTime:0.000861s ]
[2022-12-13T12:42:53+08:00][sql] SELECT sum(one_commission) as commission FROM `gxfc_fenxiao_order` WHERE  `one_fenxiao_id` = 33  AND `create_time` BETWEEN 1670860800 AND 1670947200   AND `is_settlement` = 1 LIMIT 1 [ RunTime:0.000328s ]
[2022-12-13T12:42:53+08:00][sql] SELECT sum(two_commission) as commission FROM `gxfc_fenxiao_order` WHERE  `two_fenxiao_id` = 33  AND `create_time` BETWEEN 1670860800 AND 1670947200   AND `is_settlement` = 1 LIMIT 1 [ RunTime:0.000299s ]
[2022-12-13T12:42:53+08:00][sql] CONNECT:[ UseTime:0.000357s ] mysql:host=127.0.0.1;port=3306;dbname=hunqin;charset=utf8
[2022-12-13T12:42:53+08:00][sql] SELECT sum(three_commission) as commission FROM `gxfc_fenxiao_order` WHERE  `three_fenxiao_id` = 33  AND `create_time` BETWEEN 1670860800 AND 1670947200   AND `is_settlement` = 1 LIMIT 1 [ RunTime:0.000363s ]
[2022-12-13T12:42:53+08:00][sql] SHOW FULL COLUMNS FROM `gxfc_member` [ RunTime:0.000813s ]
[2022-12-13T12:42:53+08:00][sql] SELECT sum(real_goods_money) as real_goods_money FROM `gxfc_fenxiao_order` WHERE  ( `one_fenxiao_id` = 33 OR `two_fenxiao_id` = 33 OR `three_fenxiao_id` = 33 ) LIMIT 1 [ RunTime:0.000269s ]
[2022-12-13T12:42:53+08:00][sql] SELECT `member_id` FROM `gxfc_member` WHERE  `status` = 0 [ RunTime:0.000279s ]
[2022-12-13T12:42:53+08:00][sql] SELECT `member_id`,`source_member`,`fenxiao_id`,`is_fenxiao`,`username`,`nickname`,`mobile`,`email`,`password`,`status`,`headimg`,`member_level`,`member_level_name`,`member_label`,`member_label_name`,`qq`,`qq_openid`,`wx_openid`,`weapp_openid`,`wx_unionid`,`ali_openid`,`baidu_openid`,`toutiao_openid`,`douyin_openid`,`login_ip`,`login_type`,`login_time`,`last_login_ip`,`last_login_type`,`last_login_time`,`login_num`,`realname`,`sex`,`location`,`birthday`,`reg_time`,`point`,`balance`,`growth`,`balance_money`,`account5`,`is_auth`,`sign_time`,`sign_days_series`,`pay_password`,`order_money`,`order_complete_money`,`order_num`,`order_complete_num`,`balance_withdraw_apply`,`balance_withdraw`,`is_delete`,`login_type_name`,`hospital_id`,`is_commander`,`self_cl_id`,`hospital_name`,`self_leader_name`,`cl_id`,`is_fenxiao_order`,`expiration_time`,`start_time`,`is_fenxiao_charge` FROM `gxfc_member` WHERE  `member_id` = 2365 LIMIT 1 [ RunTime:0.000659s ]
[2022-12-13T12:42:53+08:00][sql] SHOW FULL COLUMNS FROM `gxfc_fenxiao` [ RunTime:0.000533s ]
[2022-12-13T12:42:53+08:00][sql] SELECT `fenxiao_id`,`fenxiao_no`,`fenxiao_name`,`mobile`,`member_id`,`level_id`,`level_name`,`parent`,`grand_parent`,`account`,`account_withdraw`,`account_withdraw_apply`,`status`,`create_time`,`audit_time`,`lock_time`,`one_fenxiao_order_num`,`one_fenxiao_order_money`,`one_child_num`,`one_child_fenxiao_num`,`two_child_fenxiao_num`,`total_commission`,`is_delete`,`two_rate` FROM `gxfc_fenxiao` WHERE  `member_id` = 2365 LIMIT 1 [ RunTime:0.000341s ]
[2022-12-13T12:42:53+08:00][sql] SELECT `member_id`,`source_member`,`fenxiao_id`,`is_fenxiao`,`username`,`nickname`,`mobile`,`email`,`password`,`status`,`headimg`,`member_level`,`member_level_name`,`member_label`,`member_label_name`,`qq`,`qq_openid`,`wx_openid`,`weapp_openid`,`wx_unionid`,`ali_openid`,`baidu_openid`,`toutiao_openid`,`douyin_openid`,`login_ip`,`login_type`,`login_time`,`last_login_ip`,`last_login_type`,`last_login_time`,`login_num`,`realname`,`sex`,`location`,`birthday`,`reg_time`,`point`,`balance`,`growth`,`balance_money`,`account5`,`is_auth`,`sign_time`,`sign_days_series`,`pay_password`,`order_money`,`order_complete_money`,`order_num`,`order_complete_num`,`balance_withdraw_apply`,`balance_withdraw`,`is_delete`,`login_type_name`,`hospital_id`,`is_commander`,`self_cl_id`,`hospital_name`,`self_leader_name`,`cl_id`,`is_fenxiao_order`,`expiration_time`,`start_time`,`is_fenxiao_charge` FROM `gxfc_member` WHERE  `source_member` = 2365 [ RunTime:0.000416s ]
[2022-12-13T12:42:53+08:00][sql] SHOW FULL COLUMNS FROM `gxfc_fenxiao_account` [ RunTime:0.000436s ]
[2022-12-13T12:42:53+08:00][sql] SELECT `id`,`account_no`,`fenxiao_id`,`fenxiao_name`,`money`,`type`,`type_name`,`relate_id`,`create_time` FROM `gxfc_fenxiao_account` WHERE  `fenxiao_id` = 33 [ RunTime:0.000241s ]
[2022-12-13T12:42:55+08:00][sql] CONNECT:[ UseTime:0.000426s ] mysql:host=127.0.0.1;port=3306;dbname=hunqin;charset=utf8
[2022-12-13T12:42:55+08:00][sql] SHOW FULL COLUMNS FROM `gxfc_member` [ RunTime:0.000876s ]
[2022-12-13T12:42:55+08:00][sql] SELECT `member_id` FROM `gxfc_member` WHERE  `status` = 0 [ RunTime:0.000291s ]
[2022-12-13T12:42:55+08:00][sql] SELECT `member_id`,`source_member`,`fenxiao_id`,`is_fenxiao`,`username`,`nickname`,`mobile`,`email`,`password`,`status`,`headimg`,`member_level`,`member_level_name`,`member_label`,`member_label_name`,`qq`,`qq_openid`,`wx_openid`,`weapp_openid`,`wx_unionid`,`ali_openid`,`baidu_openid`,`toutiao_openid`,`douyin_openid`,`login_ip`,`login_type`,`login_time`,`last_login_ip`,`last_login_type`,`last_login_time`,`login_num`,`realname`,`sex`,`location`,`birthday`,`reg_time`,`point`,`balance`,`growth`,`balance_money`,`account5`,`is_auth`,`sign_time`,`sign_days_series`,`pay_password`,`order_money`,`order_complete_money`,`order_num`,`order_complete_num`,`balance_withdraw_apply`,`balance_withdraw`,`is_delete`,`login_type_name`,`hospital_id`,`is_commander`,`self_cl_id`,`hospital_name`,`self_leader_name`,`cl_id`,`is_fenxiao_order`,`expiration_time`,`start_time`,`is_fenxiao_charge` FROM `gxfc_member` WHERE  `member_id` = 2365 LIMIT 1 [ RunTime:0.000510s ]
[2022-12-13T12:42:55+08:00][sql] SHOW FULL COLUMNS FROM `gxfc_fenxiao` [ RunTime:0.000569s ]
[2022-12-13T12:42:55+08:00][sql] SELECT `f`.*,pf.fenxiao_name as parent_name,`nm`.`nickname`,`nm`.`headimg` FROM `gxfc_fenxiao` `f` LEFT JOIN `gxfc_fenxiao` `pf` ON `pf`.`fenxiao_id`=`f`.`parent` INNER JOIN `gxfc_member` `nm` ON `nm`.`member_id`=`f`.`member_id` WHERE  `f`.`member_id` = 2365  AND `f`.`is_delete` = 0 LIMIT 1 [ RunTime:0.000431s ]
[2022-12-13T12:42:55+08:00][sql] SELECT COUNT(*) AS think_count FROM `gxfc_member` WHERE  `fenxiao_id` = 33  AND `is_fenxiao` = 0  AND `is_delete` = 0 [ RunTime:0.000350s ]
[2022-12-13T12:42:55+08:00][sql] SELECT `f`.`level_id`,`m`.`order_num`,`m`.`order_money`,`f`.`one_fenxiao_order_num`,`f`.`one_fenxiao_order_money`,`f`.`one_child_num`,`f`.`one_child_fenxiao_num`,`fl`.`one_rate`,`fl`.`level_num` FROM `gxfc_fenxiao` `f` INNER JOIN `gxfc_member` `m` ON `f`.`member_id`=`m`.`member_id` INNER JOIN `gxfc_fenxiao_level` `fl` ON `f`.`level_id`=`fl`.`level_id` WHERE  `f`.`member_id` = 2365  AND `f`.`status` = 1  AND `f`.`is_delete` = 0 LIMIT 1 [ RunTime:0.000447s ]
[2022-12-13T12:42:55+08:00][sql] SHOW FULL COLUMNS FROM `gxfc_fenxiao_level` [ RunTime:0.000512s ]
[2022-12-13T12:42:55+08:00][sql] SELECT * FROM `gxfc_fenxiao_level` WHERE  `level_num` >= 1  AND `level_id` <> 1 ORDER BY `level_num` ASC,`one_rate` ASC LIMIT 1 [ RunTime:0.000316s ]
[2022-12-13T12:42:55+08:00][sql] SHOW FULL COLUMNS FROM `gxfc_fenxiao_order` [ RunTime:0.000818s ]
[2022-12-13T12:42:55+08:00][sql] SELECT sum(one_commission) as commission FROM `gxfc_fenxiao_order` WHERE  `one_fenxiao_id` = 33  AND `create_time` BETWEEN 1670860800 AND 1670947200   AND `is_settlement` = 1 LIMIT 1 [ RunTime:0.000311s ]
[2022-12-13T12:42:55+08:00][sql] SELECT sum(two_commission) as commission FROM `gxfc_fenxiao_order` WHERE  `two_fenxiao_id` = 33  AND `create_time` BETWEEN 1670860800 AND 1670947200   AND `is_settlement` = 1 LIMIT 1 [ RunTime:0.000264s ]
[2022-12-13T12:42:55+08:00][sql] SELECT sum(three_commission) as commission FROM `gxfc_fenxiao_order` WHERE  `three_fenxiao_id` = 33  AND `create_time` BETWEEN 1670860800 AND 1670947200   AND `is_settlement` = 1 LIMIT 1 [ RunTime:0.000241s ]
[2022-12-13T12:42:55+08:00][sql] SELECT sum(real_goods_money) as real_goods_money FROM `gxfc_fenxiao_order` WHERE  ( `one_fenxiao_id` = 33 OR `two_fenxiao_id` = 33 OR `three_fenxiao_id` = 33 ) LIMIT 1 [ RunTime:0.000227s ]
[2022-12-13T12:42:55+08:00][sql] CONNECT:[ UseTime:0.000421s ] mysql:host=127.0.0.1;port=3306;dbname=hunqin;charset=utf8
[2022-12-13T12:42:55+08:00][sql] SHOW FULL COLUMNS FROM `gxfc_member` [ RunTime:0.000890s ]
[2022-12-13T12:42:55+08:00][sql] SELECT `member_id` FROM `gxfc_member` WHERE  `status` = 0 [ RunTime:0.000343s ]
[2022-12-13T12:42:55+08:00][sql] SELECT `member_id`,`source_member`,`fenxiao_id`,`is_fenxiao`,`username`,`nickname`,`mobile`,`email`,`password`,`status`,`headimg`,`member_level`,`member_level_name`,`member_label`,`member_label_name`,`qq`,`qq_openid`,`wx_openid`,`weapp_openid`,`wx_unionid`,`ali_openid`,`baidu_openid`,`toutiao_openid`,`douyin_openid`,`login_ip`,`login_type`,`login_time`,`last_login_ip`,`last_login_type`,`last_login_time`,`login_num`,`realname`,`sex`,`location`,`birthday`,`reg_time`,`point`,`balance`,`growth`,`balance_money`,`account5`,`is_auth`,`sign_time`,`sign_days_series`,`pay_password`,`order_money`,`order_complete_money`,`order_num`,`order_complete_num`,`balance_withdraw_apply`,`balance_withdraw`,`is_delete`,`login_type_name`,`hospital_id`,`is_commander`,`self_cl_id`,`hospital_name`,`self_leader_name`,`cl_id`,`is_fenxiao_order`,`expiration_time`,`start_time`,`is_fenxiao_charge` FROM `gxfc_member` WHERE  `member_id` = 2365 LIMIT 1 [ RunTime:0.000550s ]
[2022-12-13T12:42:55+08:00][sql] SELECT `nickname`,`headimg` FROM `gxfc_member` WHERE  `member_id` = 2365 LIMIT 1 [ RunTime:0.000442s ]
[2022-12-13T15:36:41+08:00][error] [2]is_file(): open_basedir restriction in effect. File(/www/wwwroot/www.hunqin.com/vendor/topthink/framework/src/lang/../../../../../../../../usr/local/lib/php/pearcmd.php) is not within the allowed path(s): (/www/wwwroot/www.hunqin.com/:/tmp/)
[2022-12-13T15:49:40+08:00][error] [2]is_file(): open_basedir restriction in effect. File(/www/wwwroot/www.hunqin.com/vendor/topthink/framework/src/lang/../../../../../../../../usr/local/lib/php/pearcmd.php) is not within the allowed path(s): (/www/wwwroot/www.hunqin.com/:/tmp/)
[2022-12-13T16:51:23+08:00][error] [2]is_file(): open_basedir restriction in effect. File(/www/wwwroot/www.hunqin.com/vendor/topthink/framework/src/lang/../../../../../../../../../../../usr/local/lib/php/pearcmd.php) is not within the allowed path(s): (/www/wwwroot/www.hunqin.com/:/tmp/)
[2022-12-13T17:13:19+08:00][error] [2]is_file(): open_basedir restriction in effect. File(/www/wwwroot/www.hunqin.com/vendor/topthink/framework/src/lang/../../../../../../../../../../../usr/local/lib/php/pearcmd.php) is not within the allowed path(s): (/www/wwwroot/www.hunqin.com/:/tmp/)
[2022-12-13T17:20:39+08:00][error] [2]is_file(): open_basedir restriction in effect. File(/www/wwwroot/www.hunqin.com/vendor/topthink/framework/src/lang/../../../../../../../../../../../usr/local/lib/php/pearcmd.php) is not within the allowed path(s): (/www/wwwroot/www.hunqin.com/:/tmp/)
[2022-12-13T17:44:11+08:00][error] [2]is_file(): open_basedir restriction in effect. File(/www/wwwroot/www.hunqin.com/vendor/topthink/framework/src/lang/../../../../../../../../../../../usr/local/lib/php/pearcmd.php) is not within the allowed path(s): (/www/wwwroot/www.hunqin.com/:/tmp/)
