[2022-12-19T09:41:03+08:00][sql] CONNECT:[ UseTime:0.001329s ] mysql:host=127.0.0.1;port=3306;dbname=hunqin;charset=utf8
[2022-12-19T09:41:03+08:00][sql] CONNECT:[ UseTime:0.001050s ] mysql:host=127.0.0.1;port=3306;dbname=hunqin;charset=utf8
[2022-12-19T09:41:03+08:00][sql] SHOW FULL COLUMNS FROM `gxfc_addon` [ RunTime:0.005034s ]
[2022-12-19T09:41:03+08:00][sql] SHOW FULL COLUMNS FROM `gxfc_addon` [ RunTime:0.006457s ]
[2022-12-19T09:41:03+08:00][sql] SELECT `name` FROM `gxfc_addon` [ RunTime:0.000882s ]
[2022-12-19T09:41:03+08:00][sql] SELECT `name` FROM `gxfc_addon` [ RunTime:0.000849s ]
[2022-12-19T09:41:04+08:00][sql] SHOW FULL COLUMNS FROM `gxfc_group` [ RunTime:0.003050s ]
[2022-12-19T09:41:04+08:00][sql] SELECT * FROM `gxfc_group` WHERE  `group_id` = 1  AND `site_id` = 0  AND `app_module` = 'admin' LIMIT 1 [ RunTime:0.000397s ]
[2022-12-19T09:41:04+08:00][sql] SHOW FULL COLUMNS FROM `gxfc_menu` [ RunTime:0.001278s ]
[2022-12-19T09:41:04+08:00][sql] SELECT * FROM `gxfc_menu` WHERE  `app_module` = 'admin'  AND `is_show` = 1 ORDER BY `sort` ASC [ RunTime:0.003148s ]
[2022-12-19T09:41:04+08:00][sql] SELECT `id`,`app_module`,`name`,`title`,`parent`,`level`,`url`,`is_show`,`sort`,`desc`,`picture`,`is_icon`,`picture_select`,`is_control`,`addon` FROM `gxfc_menu` WHERE  `url` = 'admin/Dtgl/lists'  AND `app_module` = 'admin' ORDER BY `level` DESC LIMIT 1 [ RunTime:0.000529s ]
[2022-12-19T09:41:04+08:00][sql] SELECT `id`,`app_module`,`name`,`title`,`parent`,`level`,`url`,`is_show`,`sort`,`desc`,`picture`,`is_icon`,`picture_select`,`is_control`,`addon` FROM `gxfc_menu` WHERE  `name` = 'DTGL_LIST'  AND `app_module` = 'admin' LIMIT 1 [ RunTime:0.000437s ]
[2022-12-19T09:41:04+08:00][sql] SELECT `id`,`app_module`,`name`,`title`,`parent`,`level`,`url`,`is_show`,`sort`,`desc`,`picture`,`is_icon`,`picture_select`,`is_control`,`addon` FROM `gxfc_menu` WHERE  `name` = 'DTGL_ROOT'  AND `app_module` = 'admin' LIMIT 1 [ RunTime:0.000467s ]
[2022-12-19T09:41:04+08:00][sql] SHOW FULL COLUMNS FROM `gxfc_website` [ RunTime:0.001884s ]
[2022-12-19T09:41:04+08:00][sql] SELECT `title`,`logo`,`desc`,`keywords`,`web_status`,`close_reason` FROM `gxfc_website` WHERE  `site_id` = 0 LIMIT 1 [ RunTime:0.000522s ]
[2022-12-19T09:41:04+08:00][sql] SHOW FULL COLUMNS FROM `gxfc_config` [ RunTime:0.001549s ]
[2022-12-19T09:41:04+08:00][sql] SELECT `site_id`,`app_module`,`config_key`,`value`,`config_desc`,`is_use`,`create_time`,`modify_time` FROM `gxfc_config` WHERE  `site_id` = 0  AND `app_module` = 'admin'  AND `config_key` = 'COPYRIGHT' LIMIT 1 [ RunTime:0.000447s ]
[2022-12-19T09:41:04+08:00][sql] SELECT `site_id`,`app_module`,`config_key`,`value`,`config_desc`,`is_use`,`create_time`,`modify_time` FROM `gxfc_config` WHERE  `site_id` = 0  AND `app_module` = 'admin'  AND `config_key` = 'DEFAULT_IMAGE' LIMIT 1 [ RunTime:0.001641s ]
[2022-12-19T10:41:48+08:00][sql] CONNECT:[ UseTime:0.001972s ] mysql:host=127.0.0.1;port=3306;dbname=hunqin;charset=utf8
[2022-12-19T10:41:48+08:00][sql] SHOW FULL COLUMNS FROM `gxfc_addon` [ RunTime:0.006490s ]
[2022-12-19T10:41:48+08:00][sql] SELECT `name` FROM `gxfc_addon` [ RunTime:0.000416s ]
[2022-12-19T10:41:48+08:00][sql] SHOW FULL COLUMNS FROM `gxfc_group` [ RunTime:0.001600s ]
[2022-12-19T10:41:48+08:00][sql] SELECT * FROM `gxfc_group` WHERE  `group_id` = 1  AND `site_id` = 0  AND `app_module` = 'admin' LIMIT 1 [ RunTime:0.000375s ]
[2022-12-19T10:41:48+08:00][sql] SHOW FULL COLUMNS FROM `gxfc_menu` [ RunTime:0.001459s ]
[2022-12-19T10:41:48+08:00][sql] SELECT * FROM `gxfc_menu` WHERE  `app_module` = 'admin'  AND `is_show` = 1 ORDER BY `sort` ASC [ RunTime:0.001457s ]
[2022-12-19T10:41:48+08:00][sql] SELECT `id`,`app_module`,`name`,`title`,`parent`,`level`,`url`,`is_show`,`sort`,`desc`,`picture`,`is_icon`,`picture_select`,`is_control`,`addon` FROM `gxfc_menu` WHERE  `url` = 'admin/Goodscategory/lists'  AND `app_module` = 'admin' ORDER BY `level` DESC LIMIT 1 [ RunTime:0.000570s ]
[2022-12-19T10:41:48+08:00][sql] SELECT `id`,`app_module`,`name`,`title`,`parent`,`level`,`url`,`is_show`,`sort`,`desc`,`picture`,`is_icon`,`picture_select`,`is_control`,`addon` FROM `gxfc_menu` WHERE  `name` = 'GOODS_CATEGORY'  AND `app_module` = 'admin' LIMIT 1 [ RunTime:0.000602s ]
[2022-12-19T10:41:48+08:00][sql] SELECT `id`,`app_module`,`name`,`title`,`parent`,`level`,`url`,`is_show`,`sort`,`desc`,`picture`,`is_icon`,`picture_select`,`is_control`,`addon` FROM `gxfc_menu` WHERE  `name` = 'GOODS_ROOT'  AND `app_module` = 'admin' LIMIT 1 [ RunTime:0.000465s ]
[2022-12-19T10:41:48+08:00][sql] SHOW FULL COLUMNS FROM `gxfc_website` [ RunTime:0.001547s ]
[2022-12-19T10:41:48+08:00][sql] SELECT `title`,`logo`,`desc`,`keywords`,`web_status`,`close_reason` FROM `gxfc_website` WHERE  `site_id` = 0 LIMIT 1 [ RunTime:0.000369s ]
[2022-12-19T10:41:48+08:00][sql] SHOW FULL COLUMNS FROM `gxfc_config` [ RunTime:0.001602s ]
[2022-12-19T10:41:48+08:00][sql] SELECT `site_id`,`app_module`,`config_key`,`value`,`config_desc`,`is_use`,`create_time`,`modify_time` FROM `gxfc_config` WHERE  `site_id` = 0  AND `app_module` = 'admin'  AND `config_key` = 'COPYRIGHT' LIMIT 1 [ RunTime:0.000379s ]
[2022-12-19T10:41:48+08:00][sql] SELECT `site_id`,`app_module`,`config_key`,`value`,`config_desc`,`is_use`,`create_time`,`modify_time` FROM `gxfc_config` WHERE  `site_id` = 0  AND `app_module` = 'admin'  AND `config_key` = 'DEFAULT_IMAGE' LIMIT 1 [ RunTime:0.000377s ]
[2022-12-19T10:41:48+08:00][sql] SHOW FULL COLUMNS FROM `gxfc_goods_category` [ RunTime:0.000698s ]
[2022-12-19T10:41:48+08:00][sql] SELECT `category_id`,`category_name`,`short_name`,`pid`,`level`,`is_show`,`sort`,`image`,`attr_class_name`,`category_id_1`,`category_id_2`,`category_id_3`,`commission_rate`,`supply_commission_rate` FROM `gxfc_goods_category` ORDER BY `sort` ASC [ RunTime:0.000369s ]
[2022-12-19T11:10:11+08:00][sql] CONNECT:[ UseTime:0.003639s ] mysql:host=127.0.0.1;port=3306;dbname=hunqin;charset=utf8
[2022-12-19T11:10:11+08:00][sql] SHOW FULL COLUMNS FROM `gxfc_addon` [ RunTime:0.002023s ]
[2022-12-19T11:10:11+08:00][sql] SELECT `name` FROM `gxfc_addon` [ RunTime:0.000396s ]
[2022-12-19T11:10:11+08:00][sql] SHOW FULL COLUMNS FROM `gxfc_group` [ RunTime:0.001425s ]
[2022-12-19T11:10:11+08:00][sql] SELECT * FROM `gxfc_group` WHERE  `group_id` = 1  AND `site_id` = 0  AND `app_module` = 'admin' LIMIT 1 [ RunTime:0.000276s ]
[2022-12-19T11:10:11+08:00][sql] SHOW FULL COLUMNS FROM `gxfc_menu` [ RunTime:0.000954s ]
[2022-12-19T11:10:11+08:00][sql] SELECT * FROM `gxfc_menu` WHERE  `app_module` = 'admin'  AND `is_show` = 1 ORDER BY `sort` ASC [ RunTime:0.001704s ]
[2022-12-19T11:10:11+08:00][sql] SELECT `id`,`app_module`,`name`,`title`,`parent`,`level`,`url`,`is_show`,`sort`,`desc`,`picture`,`is_icon`,`picture_select`,`is_control`,`addon` FROM `gxfc_menu` WHERE  `url` = 'admin/Company/lists'  AND `app_module` = 'admin' ORDER BY `level` DESC LIMIT 1 [ RunTime:0.000524s ]
[2022-12-19T11:10:11+08:00][sql] SELECT `id`,`app_module`,`name`,`title`,`parent`,`level`,`url`,`is_show`,`sort`,`desc`,`picture`,`is_icon`,`picture_select`,`is_control`,`addon` FROM `gxfc_menu` WHERE  `name` = 'DTGL_GS_LIST'  AND `app_module` = 'admin' LIMIT 1 [ RunTime:0.000405s ]
[2022-12-19T11:10:11+08:00][sql] SELECT `id`,`app_module`,`name`,`title`,`parent`,`level`,`url`,`is_show`,`sort`,`desc`,`picture`,`is_icon`,`picture_select`,`is_control`,`addon` FROM `gxfc_menu` WHERE  `name` = 'DTGL_GS'  AND `app_module` = 'admin' LIMIT 1 [ RunTime:0.000553s ]
[2022-12-19T11:10:11+08:00][sql] SHOW FULL COLUMNS FROM `gxfc_website` [ RunTime:0.001709s ]
[2022-12-19T11:10:11+08:00][sql] SELECT `title`,`logo`,`desc`,`keywords`,`web_status`,`close_reason` FROM `gxfc_website` WHERE  `site_id` = 0 LIMIT 1 [ RunTime:0.000290s ]
[2022-12-19T11:10:11+08:00][sql] SHOW FULL COLUMNS FROM `gxfc_config` [ RunTime:0.001441s ]
[2022-12-19T11:10:11+08:00][sql] SELECT `site_id`,`app_module`,`config_key`,`value`,`config_desc`,`is_use`,`create_time`,`modify_time` FROM `gxfc_config` WHERE  `site_id` = 0  AND `app_module` = 'admin'  AND `config_key` = 'COPYRIGHT' LIMIT 1 [ RunTime:0.000305s ]
[2022-12-19T11:10:11+08:00][sql] SELECT `site_id`,`app_module`,`config_key`,`value`,`config_desc`,`is_use`,`create_time`,`modify_time` FROM `gxfc_config` WHERE  `site_id` = 0  AND `app_module` = 'admin'  AND `config_key` = 'DEFAULT_IMAGE' LIMIT 1 [ RunTime:0.000425s ]
[2022-12-19T11:10:11+08:00][sql] SHOW FULL COLUMNS FROM `gxfc_company` [ RunTime:0.001287s ]
[2022-12-19T11:10:11+08:00][sql] SELECT `id`,`name`,`image`,`sort`,`pid`,`full_address`,`level` FROM `gxfc_company` ORDER BY `sort` ASC [ RunTime:0.000374s ]
[2022-12-19T16:30:44+08:00][sql] CONNECT:[ UseTime:0.000763s ] mysql:host=127.0.0.1;port=3306;dbname=hunqin;charset=utf8
[2022-12-19T16:30:44+08:00][sql] SHOW FULL COLUMNS FROM `gxfc_addon` [ RunTime:0.003930s ]
[2022-12-19T16:30:44+08:00][sql] SELECT `name` FROM `gxfc_addon` [ RunTime:0.001028s ]
[2022-12-19T16:30:44+08:00][sql] SHOW FULL COLUMNS FROM `gxfc_group` [ RunTime:0.002183s ]
[2022-12-19T16:30:44+08:00][sql] SELECT * FROM `gxfc_group` WHERE  `group_id` = 1  AND `site_id` = 0  AND `app_module` = 'admin' LIMIT 1 [ RunTime:0.000446s ]
[2022-12-19T16:30:44+08:00][sql] SHOW FULL COLUMNS FROM `gxfc_menu` [ RunTime:0.000983s ]
[2022-12-19T16:30:44+08:00][sql] SELECT * FROM `gxfc_menu` WHERE  `app_module` = 'admin'  AND `is_show` = 1 ORDER BY `sort` ASC [ RunTime:0.003454s ]
[2022-12-19T16:30:44+08:00][sql] SELECT `id`,`app_module`,`name`,`title`,`parent`,`level`,`url`,`is_show`,`sort`,`desc`,`picture`,`is_icon`,`picture_select`,`is_control`,`addon` FROM `gxfc_menu` WHERE  `url` = 'admin/Memberlabel/labelList'  AND `app_module` = 'admin' ORDER BY `level` DESC LIMIT 1 [ RunTime:0.001650s ]
[2022-12-19T16:30:44+08:00][sql] SELECT `id`,`app_module`,`name`,`title`,`parent`,`level`,`url`,`is_show`,`sort`,`desc`,`picture`,`is_icon`,`picture_select`,`is_control`,`addon` FROM `gxfc_menu` WHERE  `name` = 'MEMBER_LABEL'  AND `app_module` = 'admin' LIMIT 1 [ RunTime:0.000628s ]
[2022-12-19T16:30:44+08:00][sql] SELECT `id`,`app_module`,`name`,`title`,`parent`,`level`,`url`,`is_show`,`sort`,`desc`,`picture`,`is_icon`,`picture_select`,`is_control`,`addon` FROM `gxfc_menu` WHERE  `name` = 'MEMBER_ROOT'  AND `app_module` = 'admin' LIMIT 1 [ RunTime:0.000576s ]
[2022-12-19T16:30:44+08:00][sql] SHOW FULL COLUMNS FROM `gxfc_website` [ RunTime:0.001437s ]
[2022-12-19T16:30:44+08:00][sql] SELECT `title`,`logo`,`desc`,`keywords`,`web_status`,`close_reason` FROM `gxfc_website` WHERE  `site_id` = 0 LIMIT 1 [ RunTime:0.000297s ]
[2022-12-19T16:30:44+08:00][sql] SHOW FULL COLUMNS FROM `gxfc_config` [ RunTime:0.001470s ]
[2022-12-19T16:30:44+08:00][sql] SELECT `site_id`,`app_module`,`config_key`,`value`,`config_desc`,`is_use`,`create_time`,`modify_time` FROM `gxfc_config` WHERE  `site_id` = 0  AND `app_module` = 'admin'  AND `config_key` = 'COPYRIGHT' LIMIT 1 [ RunTime:0.000519s ]
[2022-12-19T16:30:44+08:00][sql] SELECT `site_id`,`app_module`,`config_key`,`value`,`config_desc`,`is_use`,`create_time`,`modify_time` FROM `gxfc_config` WHERE  `site_id` = 0  AND `app_module` = 'admin'  AND `config_key` = 'DEFAULT_IMAGE' LIMIT 1 [ RunTime:0.000831s ]
[2022-12-19T16:31:10+08:00][sql] CONNECT:[ UseTime:0.000716s ] mysql:host=127.0.0.1;port=3306;dbname=hunqin;charset=utf8
[2022-12-19T16:31:10+08:00][sql] SHOW FULL COLUMNS FROM `gxfc_addon` [ RunTime:0.001176s ]
[2022-12-19T16:31:10+08:00][sql] SELECT `name` FROM `gxfc_addon` [ RunTime:0.000188s ]
[2022-12-19T16:31:10+08:00][sql] SHOW FULL COLUMNS FROM `gxfc_group` [ RunTime:0.001322s ]
[2022-12-19T16:31:10+08:00][sql] SELECT * FROM `gxfc_group` WHERE  `group_id` = 1  AND `site_id` = 0  AND `app_module` = 'admin' LIMIT 1 [ RunTime:0.000467s ]
[2022-12-19T16:31:10+08:00][sql] SHOW FULL COLUMNS FROM `gxfc_menu` [ RunTime:0.001275s ]
[2022-12-19T16:31:10+08:00][sql] SELECT * FROM `gxfc_menu` WHERE  `app_module` = 'admin'  AND `is_show` = 1 ORDER BY `sort` ASC [ RunTime:0.001883s ]
[2022-12-19T16:31:10+08:00][sql] SELECT `id`,`app_module`,`name`,`title`,`parent`,`level`,`url`,`is_show`,`sort`,`desc`,`picture`,`is_icon`,`picture_select`,`is_control`,`addon` FROM `gxfc_menu` WHERE  `url` = 'admin/Memberlabel/labelList'  AND `app_module` = 'admin' ORDER BY `level` DESC LIMIT 1 [ RunTime:0.000489s ]
[2022-12-19T16:31:10+08:00][sql] SELECT `id`,`app_module`,`name`,`title`,`parent`,`level`,`url`,`is_show`,`sort`,`desc`,`picture`,`is_icon`,`picture_select`,`is_control`,`addon` FROM `gxfc_menu` WHERE  `name` = 'MEMBER_LABEL'  AND `app_module` = 'admin' LIMIT 1 [ RunTime:0.000608s ]
[2022-12-19T16:31:10+08:00][sql] SELECT `id`,`app_module`,`name`,`title`,`parent`,`level`,`url`,`is_show`,`sort`,`desc`,`picture`,`is_icon`,`picture_select`,`is_control`,`addon` FROM `gxfc_menu` WHERE  `name` = 'MEMBER_ROOT'  AND `app_module` = 'admin' LIMIT 1 [ RunTime:0.000694s ]
[2022-12-19T16:31:10+08:00][sql] SHOW FULL COLUMNS FROM `gxfc_website` [ RunTime:0.001564s ]
[2022-12-19T16:31:10+08:00][sql] SELECT `title`,`logo`,`desc`,`keywords`,`web_status`,`close_reason` FROM `gxfc_website` WHERE  `site_id` = 0 LIMIT 1 [ RunTime:0.000360s ]
[2022-12-19T16:31:10+08:00][sql] SHOW FULL COLUMNS FROM `gxfc_config` [ RunTime:0.001241s ]
[2022-12-19T16:31:10+08:00][sql] SELECT `site_id`,`app_module`,`config_key`,`value`,`config_desc`,`is_use`,`create_time`,`modify_time` FROM `gxfc_config` WHERE  `site_id` = 0  AND `app_module` = 'admin'  AND `config_key` = 'COPYRIGHT' LIMIT 1 [ RunTime:0.000386s ]
[2022-12-19T16:31:10+08:00][sql] SELECT `site_id`,`app_module`,`config_key`,`value`,`config_desc`,`is_use`,`create_time`,`modify_time` FROM `gxfc_config` WHERE  `site_id` = 0  AND `app_module` = 'admin'  AND `config_key` = 'DEFAULT_IMAGE' LIMIT 1 [ RunTime:0.000344s ]
[2022-12-19T16:57:02+08:00][sql] CONNECT:[ UseTime:0.001293s ] mysql:host=127.0.0.1;port=3306;dbname=hunqin;charset=utf8
[2022-12-19T16:57:02+08:00][sql] SHOW FULL COLUMNS FROM `gxfc_addon` [ RunTime:0.001393s ]
[2022-12-19T16:57:02+08:00][sql] SELECT `name` FROM `gxfc_addon` [ RunTime:0.000270s ]
[2022-12-19T16:57:02+08:00][sql] SHOW FULL COLUMNS FROM `gxfc_group` [ RunTime:0.001448s ]
[2022-12-19T16:57:02+08:00][sql] SELECT * FROM `gxfc_group` WHERE  `group_id` = 1  AND `site_id` = 0  AND `app_module` = 'admin' LIMIT 1 [ RunTime:0.000313s ]
[2022-12-19T16:57:02+08:00][sql] SHOW FULL COLUMNS FROM `gxfc_menu` [ RunTime:0.001140s ]
[2022-12-19T16:57:02+08:00][sql] SELECT * FROM `gxfc_menu` WHERE  `app_module` = 'admin'  AND `is_show` = 1 ORDER BY `sort` ASC [ RunTime:0.001276s ]
[2022-12-19T16:57:02+08:00][sql] SELECT `id`,`app_module`,`name`,`title`,`parent`,`level`,`url`,`is_show`,`sort`,`desc`,`picture`,`is_icon`,`picture_select`,`is_control`,`addon` FROM `gxfc_menu` WHERE  `url` = 'admin/Card/lists'  AND `app_module` = 'admin' ORDER BY `level` DESC LIMIT 1 [ RunTime:0.000573s ]
[2022-12-19T16:57:02+08:00][sql] SELECT `id`,`app_module`,`name`,`title`,`parent`,`level`,`url`,`is_show`,`sort`,`desc`,`picture`,`is_icon`,`picture_select`,`is_control`,`addon` FROM `gxfc_menu` WHERE  `name` = 'DTGL_LIST'  AND `app_module` = 'admin' LIMIT 1 [ RunTime:0.000722s ]
[2022-12-19T16:57:02+08:00][sql] SELECT `id`,`app_module`,`name`,`title`,`parent`,`level`,`url`,`is_show`,`sort`,`desc`,`picture`,`is_icon`,`picture_select`,`is_control`,`addon` FROM `gxfc_menu` WHERE  `name` = 'DTGL_ROOT'  AND `app_module` = 'admin' LIMIT 1 [ RunTime:0.000455s ]
[2022-12-19T16:57:02+08:00][sql] SHOW FULL COLUMNS FROM `gxfc_website` [ RunTime:0.001711s ]
[2022-12-19T16:57:02+08:00][sql] SELECT `title`,`logo`,`desc`,`keywords`,`web_status`,`close_reason` FROM `gxfc_website` WHERE  `site_id` = 0 LIMIT 1 [ RunTime:0.000472s ]
[2022-12-19T16:57:02+08:00][sql] SHOW FULL COLUMNS FROM `gxfc_config` [ RunTime:0.001935s ]
[2022-12-19T16:57:02+08:00][sql] SELECT `site_id`,`app_module`,`config_key`,`value`,`config_desc`,`is_use`,`create_time`,`modify_time` FROM `gxfc_config` WHERE  `site_id` = 0  AND `app_module` = 'admin'  AND `config_key` = 'COPYRIGHT' LIMIT 1 [ RunTime:0.000329s ]
[2022-12-19T16:57:02+08:00][sql] SELECT `site_id`,`app_module`,`config_key`,`value`,`config_desc`,`is_use`,`create_time`,`modify_time` FROM `gxfc_config` WHERE  `site_id` = 0  AND `app_module` = 'admin'  AND `config_key` = 'DEFAULT_IMAGE' LIMIT 1 [ RunTime:0.000573s ]
[2022-12-19T16:57:40+08:00][sql] CONNECT:[ UseTime:0.000782s ] mysql:host=127.0.0.1;port=3306;dbname=hunqin;charset=utf8
[2022-12-19T16:57:40+08:00][sql] SHOW FULL COLUMNS FROM `gxfc_addon` [ RunTime:0.001612s ]
[2022-12-19T16:57:40+08:00][sql] SELECT `name` FROM `gxfc_addon` [ RunTime:0.000241s ]
[2022-12-19T16:57:40+08:00][sql] SHOW FULL COLUMNS FROM `gxfc_group` [ RunTime:0.001572s ]
[2022-12-19T16:57:40+08:00][sql] SELECT * FROM `gxfc_group` WHERE  `group_id` = 1  AND `site_id` = 0  AND `app_module` = 'admin' LIMIT 1 [ RunTime:0.000269s ]
[2022-12-19T16:57:40+08:00][sql] SHOW FULL COLUMNS FROM `gxfc_menu` [ RunTime:0.000701s ]
[2022-12-19T16:57:40+08:00][sql] SELECT * FROM `gxfc_menu` WHERE  `app_module` = 'admin'  AND `is_show` = 1 ORDER BY `sort` ASC [ RunTime:0.001443s ]
[2022-12-19T16:57:40+08:00][sql] SELECT `id`,`app_module`,`name`,`title`,`parent`,`level`,`url`,`is_show`,`sort`,`desc`,`picture`,`is_icon`,`picture_select`,`is_control`,`addon` FROM `gxfc_menu` WHERE  `url` = 'admin/Card/lists'  AND `app_module` = 'admin' ORDER BY `level` DESC LIMIT 1 [ RunTime:0.000489s ]
[2022-12-19T16:57:40+08:00][sql] SELECT `id`,`app_module`,`name`,`title`,`parent`,`level`,`url`,`is_show`,`sort`,`desc`,`picture`,`is_icon`,`picture_select`,`is_control`,`addon` FROM `gxfc_menu` WHERE  `name` = 'DTGL_KH_LIST'  AND `app_module` = 'admin' LIMIT 1 [ RunTime:0.000390s ]
[2022-12-19T16:57:40+08:00][sql] SELECT `id`,`app_module`,`name`,`title`,`parent`,`level`,`url`,`is_show`,`sort`,`desc`,`picture`,`is_icon`,`picture_select`,`is_control`,`addon` FROM `gxfc_menu` WHERE  `name` = 'DTGL_KH'  AND `app_module` = 'admin' LIMIT 1 [ RunTime:0.000403s ]
[2022-12-19T16:57:40+08:00][sql] SHOW FULL COLUMNS FROM `gxfc_website` [ RunTime:0.001744s ]
[2022-12-19T16:57:40+08:00][sql] SELECT `title`,`logo`,`desc`,`keywords`,`web_status`,`close_reason` FROM `gxfc_website` WHERE  `site_id` = 0 LIMIT 1 [ RunTime:0.000292s ]
[2022-12-19T16:57:40+08:00][sql] SHOW FULL COLUMNS FROM `gxfc_config` [ RunTime:0.002324s ]
[2022-12-19T16:57:40+08:00][sql] SELECT `site_id`,`app_module`,`config_key`,`value`,`config_desc`,`is_use`,`create_time`,`modify_time` FROM `gxfc_config` WHERE  `site_id` = 0  AND `app_module` = 'admin'  AND `config_key` = 'COPYRIGHT' LIMIT 1 [ RunTime:0.000819s ]
[2022-12-19T16:57:40+08:00][sql] SELECT `site_id`,`app_module`,`config_key`,`value`,`config_desc`,`is_use`,`create_time`,`modify_time` FROM `gxfc_config` WHERE  `site_id` = 0  AND `app_module` = 'admin'  AND `config_key` = 'DEFAULT_IMAGE' LIMIT 1 [ RunTime:0.000554s ]
