[2022-12-23T09:32:42+08:00][sql] CONNECT:[ UseTime:0.000412s ] mysql:host=127.0.0.1;port=3306;dbname=hunqin;charset=utf8
[2022-12-23T09:32:42+08:00][sql] SHOW FULL COLUMNS FROM `gxfc_menu` [ RunTime:0.001040s ]
[2022-12-23T09:32:42+08:00][sql] SELECT `id`,`app_module`,`name`,`title`,`parent`,`level`,`url`,`is_show`,`sort`,`desc`,`picture`,`is_icon`,`picture_select`,`is_control`,`addon` FROM `gxfc_menu` WHERE  `url` = 'wechat://admin/Wechat/setting'  AND `app_module` = 'admin' ORDER BY `level` DESC LIMIT 1 [ RunTime:0.000438s ]
[2022-12-23T09:32:42+08:00][sql] SELECT `id`,`app_module`,`name`,`title`,`parent`,`level`,`url`,`is_show`,`sort`,`desc`,`picture`,`is_icon`,`picture_select`,`is_control`,`addon` FROM `gxfc_menu` WHERE  `name` = 'WECHAT_SETTING'  AND `app_module` = 'admin' LIMIT 1 [ RunTime:0.000325s ]
[2022-12-23T09:32:42+08:00][sql] SELECT `id`,`app_module`,`name`,`title`,`parent`,`level`,`url`,`is_show`,`sort`,`desc`,`picture`,`is_icon`,`picture_select`,`is_control`,`addon` FROM `gxfc_menu` WHERE  `name` = 'WECHAT_ROOT'  AND `app_module` = 'admin' LIMIT 1 [ RunTime:0.000303s ]
[2022-12-23T09:32:42+08:00][sql] SELECT `id`,`app_module`,`name`,`title`,`parent`,`level`,`url`,`is_show`,`sort`,`desc`,`picture`,`is_icon`,`picture_select`,`is_control`,`addon` FROM `gxfc_menu` WHERE  `name` = 'CHANNEL_ROOT'  AND `app_module` = 'admin' LIMIT 1 [ RunTime:0.000293s ]
[2022-12-23T09:32:44+08:00][sql] CONNECT:[ UseTime:0.000418s ] mysql:host=127.0.0.1;port=3306;dbname=hunqin;charset=utf8
[2022-12-23T09:32:44+08:00][sql] SHOW FULL COLUMNS FROM `gxfc_menu` [ RunTime:0.001115s ]
[2022-12-23T09:32:44+08:00][sql] SELECT `id`,`app_module`,`name`,`title`,`parent`,`level`,`url`,`is_show`,`sort`,`desc`,`picture`,`is_icon`,`picture_select`,`is_control`,`addon` FROM `gxfc_menu` WHERE  `url` = 'weapp://admin/Weapp/setting'  AND `app_module` = 'admin' ORDER BY `level` DESC LIMIT 1 [ RunTime:0.000387s ]
[2022-12-23T09:32:44+08:00][sql] SELECT `id`,`app_module`,`name`,`title`,`parent`,`level`,`url`,`is_show`,`sort`,`desc`,`picture`,`is_icon`,`picture_select`,`is_control`,`addon` FROM `gxfc_menu` WHERE  `name` = 'WEAPP_SETTING'  AND `app_module` = 'admin' LIMIT 1 [ RunTime:0.000326s ]
[2022-12-23T09:32:44+08:00][sql] SELECT `id`,`app_module`,`name`,`title`,`parent`,`level`,`url`,`is_show`,`sort`,`desc`,`picture`,`is_icon`,`picture_select`,`is_control`,`addon` FROM `gxfc_menu` WHERE  `name` = 'WEAPP_ROOT'  AND `app_module` = 'admin' LIMIT 1 [ RunTime:0.000339s ]
[2022-12-23T09:32:46+08:00][sql] CONNECT:[ UseTime:0.000398s ] mysql:host=127.0.0.1;port=3306;dbname=hunqin;charset=utf8
[2022-12-23T09:32:46+08:00][sql] SHOW FULL COLUMNS FROM `gxfc_menu` [ RunTime:0.001075s ]
[2022-12-23T09:32:46+08:00][sql] SELECT `id`,`app_module`,`name`,`title`,`parent`,`level`,`url`,`is_show`,`sort`,`desc`,`picture`,`is_icon`,`picture_select`,`is_control`,`addon` FROM `gxfc_menu` WHERE  `url` = 'weapp://admin/Weapp/config'  AND `app_module` = 'admin' ORDER BY `level` DESC LIMIT 1 [ RunTime:0.000461s ]
[2022-12-23T09:32:46+08:00][sql] SELECT `id`,`app_module`,`name`,`title`,`parent`,`level`,`url`,`is_show`,`sort`,`desc`,`picture`,`is_icon`,`picture_select`,`is_control`,`addon` FROM `gxfc_menu` WHERE  `name` = 'WEAPP_CONFIG'  AND `app_module` = 'admin' LIMIT 1 [ RunTime:0.000380s ]
[2022-12-23T10:31:27+08:00][sql] CONNECT:[ UseTime:0.000357s ] mysql:host=127.0.0.1;port=3306;dbname=hunqin;charset=utf8
[2022-12-23T10:31:27+08:00][sql] SHOW FULL COLUMNS FROM `gxfc_menu` [ RunTime:0.001152s ]
[2022-12-23T10:31:27+08:00][sql] SELECT `id`,`app_module`,`name`,`title`,`parent`,`level`,`url`,`is_show`,`sort`,`desc`,`picture`,`is_icon`,`picture_select`,`is_control`,`addon` FROM `gxfc_menu` WHERE  `url` = 'shopwithdraw://admin/Config/index'  AND `app_module` = 'admin' ORDER BY `level` DESC LIMIT 1 [ RunTime:0.000431s ]
[2022-12-23T10:31:27+08:00][sql] SELECT `id`,`app_module`,`name`,`title`,`parent`,`level`,`url`,`is_show`,`sort`,`desc`,`picture`,`is_icon`,`picture_select`,`is_control`,`addon` FROM `gxfc_menu` WHERE  `name` = 'SHOP_WITHDRAW_CONFIG'  AND `app_module` = 'admin' LIMIT 1 [ RunTime:0.000360s ]
[2022-12-23T10:31:27+08:00][sql] SELECT `id`,`app_module`,`name`,`title`,`parent`,`level`,`url`,`is_show`,`sort`,`desc`,`picture`,`is_icon`,`picture_select`,`is_control`,`addon` FROM `gxfc_menu` WHERE  `name` = 'CONFIG_MALL'  AND `app_module` = 'admin' LIMIT 1 [ RunTime:0.000390s ]
[2022-12-23T10:33:13+08:00][sql] CONNECT:[ UseTime:0.000357s ] mysql:host=127.0.0.1;port=3306;dbname=hunqin;charset=utf8
[2022-12-23T10:33:13+08:00][sql] SHOW FULL COLUMNS FROM `gxfc_addon` [ RunTime:0.001168s ]
[2022-12-23T10:33:13+08:00][sql] SELECT `name` FROM `gxfc_addon` [ RunTime:0.000234s ]
[2022-12-23T10:33:14+08:00][sql] SHOW FULL COLUMNS FROM `gxfc_group` [ RunTime:0.001284s ]
[2022-12-23T10:33:14+08:00][sql] SELECT * FROM `gxfc_group` WHERE  `group_id` = 1  AND `site_id` = 0  AND `app_module` = 'admin' LIMIT 1 [ RunTime:0.000381s ]
[2022-12-23T10:33:14+08:00][sql] SHOW FULL COLUMNS FROM `gxfc_menu` [ RunTime:0.001018s ]
[2022-12-23T10:33:14+08:00][sql] SELECT * FROM `gxfc_menu` WHERE  `app_module` = 'admin'  AND `is_show` = 1 ORDER BY `sort` ASC [ RunTime:0.001221s ]
[2022-12-23T10:33:14+08:00][sql] SELECT `id`,`app_module`,`name`,`title`,`parent`,`level`,`url`,`is_show`,`sort`,`desc`,`picture`,`is_icon`,`picture_select`,`is_control`,`addon` FROM `gxfc_menu` WHERE  `url` = 'admin/Promotion/config'  AND `app_module` = 'admin' ORDER BY `level` DESC LIMIT 1 [ RunTime:0.000357s ]
[2022-12-23T10:33:14+08:00][sql] SELECT `id`,`app_module`,`name`,`title`,`parent`,`level`,`url`,`is_show`,`sort`,`desc`,`picture`,`is_icon`,`picture_select`,`is_control`,`addon` FROM `gxfc_menu` WHERE  `name` = 'PROMOTION_CONFIG'  AND `app_module` = 'admin' LIMIT 1 [ RunTime:0.000312s ]
[2022-12-23T10:33:14+08:00][sql] SELECT `id`,`app_module`,`name`,`title`,`parent`,`level`,`url`,`is_show`,`sort`,`desc`,`picture`,`is_icon`,`picture_select`,`is_control`,`addon` FROM `gxfc_menu` WHERE  `name` = 'PROMOTION_ROOT'  AND `app_module` = 'admin' LIMIT 1 [ RunTime:0.000328s ]
[2022-12-23T10:33:14+08:00][sql] SHOW FULL COLUMNS FROM `gxfc_website` [ RunTime:0.001124s ]
[2022-12-23T10:33:14+08:00][sql] SELECT `title`,`logo`,`desc`,`keywords`,`web_status`,`close_reason` FROM `gxfc_website` WHERE  `site_id` = 0 LIMIT 1 [ RunTime:0.000268s ]
[2022-12-23T10:33:14+08:00][sql] SELECT `name`,`title` FROM `gxfc_addon` WHERE  `name` = '' LIMIT 1 [ RunTime:0.000255s ]
[2022-12-23T10:33:14+08:00][sql] SHOW FULL COLUMNS FROM `gxfc_config` [ RunTime:0.001003s ]
[2022-12-23T10:33:14+08:00][sql] SELECT `site_id`,`app_module`,`config_key`,`value`,`config_desc`,`is_use`,`create_time`,`modify_time` FROM `gxfc_config` WHERE  `site_id` = 0  AND `app_module` = 'admin'  AND `config_key` = 'COPYRIGHT' LIMIT 1 [ RunTime:0.000245s ]
[2022-12-23T10:33:14+08:00][sql] SELECT `site_id`,`app_module`,`config_key`,`value`,`config_desc`,`is_use`,`create_time`,`modify_time` FROM `gxfc_config` WHERE  `site_id` = 0  AND `app_module` = 'admin'  AND `config_key` = 'DEFAULT_IMAGE' LIMIT 1 [ RunTime:0.000271s ]
[2022-12-23T10:33:26+08:00][sql] CONNECT:[ UseTime:0.000372s ] mysql:host=127.0.0.1;port=3306;dbname=hunqin;charset=utf8
[2022-12-23T10:33:26+08:00][sql] SHOW FULL COLUMNS FROM `gxfc_menu` [ RunTime:0.001057s ]
[2022-12-23T10:33:26+08:00][sql] SELECT `id`,`app_module`,`name`,`title`,`parent`,`level`,`url`,`is_show`,`sort`,`desc`,`picture`,`is_icon`,`picture_select`,`is_control`,`addon` FROM `gxfc_menu` WHERE  `url` = 'wechat://admin/Wechat/setting'  AND `app_module` = 'admin' ORDER BY `level` DESC LIMIT 1 [ RunTime:0.000451s ]
[2022-12-23T10:33:26+08:00][sql] SELECT `id`,`app_module`,`name`,`title`,`parent`,`level`,`url`,`is_show`,`sort`,`desc`,`picture`,`is_icon`,`picture_select`,`is_control`,`addon` FROM `gxfc_menu` WHERE  `name` = 'WECHAT_SETTING'  AND `app_module` = 'admin' LIMIT 1 [ RunTime:0.000341s ]
[2022-12-23T10:33:26+08:00][sql] SELECT `id`,`app_module`,`name`,`title`,`parent`,`level`,`url`,`is_show`,`sort`,`desc`,`picture`,`is_icon`,`picture_select`,`is_control`,`addon` FROM `gxfc_menu` WHERE  `name` = 'WECHAT_ROOT'  AND `app_module` = 'admin' LIMIT 1 [ RunTime:0.000404s ]
[2022-12-23T10:33:26+08:00][sql] SELECT `id`,`app_module`,`name`,`title`,`parent`,`level`,`url`,`is_show`,`sort`,`desc`,`picture`,`is_icon`,`picture_select`,`is_control`,`addon` FROM `gxfc_menu` WHERE  `name` = 'CHANNEL_ROOT'  AND `app_module` = 'admin' LIMIT 1 [ RunTime:0.000330s ]
[2022-12-23T13:30:44+08:00][sql] CONNECT:[ UseTime:0.000395s ] mysql:host=127.0.0.1;port=3306;dbname=hunqin;charset=utf8
[2022-12-23T13:30:44+08:00][sql] SHOW FULL COLUMNS FROM `gxfc_menu` [ RunTime:0.001153s ]
[2022-12-23T13:30:44+08:00][sql] SELECT `id`,`app_module`,`name`,`title`,`parent`,`level`,`url`,`is_show`,`sort`,`desc`,`picture`,`is_icon`,`picture_select`,`is_control`,`addon` FROM `gxfc_menu` WHERE  `url` = 'weapp://admin/Weapp/setting'  AND `app_module` = 'admin' ORDER BY `level` DESC LIMIT 1 [ RunTime:0.000447s ]
[2022-12-23T13:30:44+08:00][sql] SELECT `id`,`app_module`,`name`,`title`,`parent`,`level`,`url`,`is_show`,`sort`,`desc`,`picture`,`is_icon`,`picture_select`,`is_control`,`addon` FROM `gxfc_menu` WHERE  `name` = 'WEAPP_SETTING'  AND `app_module` = 'admin' LIMIT 1 [ RunTime:0.000373s ]
[2022-12-23T13:30:44+08:00][sql] SELECT `id`,`app_module`,`name`,`title`,`parent`,`level`,`url`,`is_show`,`sort`,`desc`,`picture`,`is_icon`,`picture_select`,`is_control`,`addon` FROM `gxfc_menu` WHERE  `name` = 'WEAPP_ROOT'  AND `app_module` = 'admin' LIMIT 1 [ RunTime:0.000338s ]
[2022-12-23T13:30:46+08:00][sql] CONNECT:[ UseTime:0.000359s ] mysql:host=127.0.0.1;port=3306;dbname=hunqin;charset=utf8
[2022-12-23T13:30:46+08:00][sql] SHOW FULL COLUMNS FROM `gxfc_menu` [ RunTime:0.001124s ]
[2022-12-23T13:30:46+08:00][sql] SELECT `id`,`app_module`,`name`,`title`,`parent`,`level`,`url`,`is_show`,`sort`,`desc`,`picture`,`is_icon`,`picture_select`,`is_control`,`addon` FROM `gxfc_menu` WHERE  `url` = 'weapp://admin/Weapp/config'  AND `app_module` = 'admin' ORDER BY `level` DESC LIMIT 1 [ RunTime:0.000418s ]
[2022-12-23T13:30:46+08:00][sql] SELECT `id`,`app_module`,`name`,`title`,`parent`,`level`,`url`,`is_show`,`sort`,`desc`,`picture`,`is_icon`,`picture_select`,`is_control`,`addon` FROM `gxfc_menu` WHERE  `name` = 'WEAPP_CONFIG'  AND `app_module` = 'admin' LIMIT 1 [ RunTime:0.000436s ]
[2022-12-23T13:30:46+08:00][sql] SHOW FULL COLUMNS FROM `gxfc_config` [ RunTime:0.001163s ]
[2022-12-23T13:30:46+08:00][sql] SELECT `site_id`,`app_module`,`config_key`,`value`,`config_desc`,`is_use`,`create_time`,`modify_time` FROM `gxfc_config` WHERE  `site_id` = 0  AND `app_module` = 'admin'  AND `config_key` = 'WEAPP_CONFIG' LIMIT 1 [ RunTime:0.000380s ]
[2022-12-23T13:41:36+08:00][sql] CONNECT:[ UseTime:0.000389s ] mysql:host=127.0.0.1;port=3306;dbname=hunqin;charset=utf8
[2022-12-23T13:41:36+08:00][sql] SHOW FULL COLUMNS FROM `gxfc_config` [ RunTime:0.001237s ]
[2022-12-23T13:41:36+08:00][sql] SELECT `id` FROM `gxfc_config` WHERE  `site_id` = 0  AND `app_module` = 'admin'  AND `config_key` = 'WEAPP_CONFIG' LIMIT 1 [ RunTime:0.000312s ]
[2022-12-23T13:41:36+08:00][sql] UPDATE `gxfc_config`  SET `site_id` = 0 , `app_module` = 'admin' , `config_key` = 'WEAPP_CONFIG' , `value` = '{\"appid\":\"wxdb72ba28a4ccb534\",\"appsecret\":\"066c28e3c339a79ca25a324586f7d6bb\",\"token\":\"\",\"weapp_name\":\"\\u5c0f\\u798f\\u540d\\u7247\",\"weapp_original\":\"gh_85b60cfd286c\",\"encodingaeskey\":\"\",\"qrcode\":\"\"}' , `config_desc` = '微信公小程序设置' , `is_use` = 0 , `modify_time` = 1671774096  WHERE  `site_id` = 0  AND `app_module` = 'admin'  AND `config_key` = 'WEAPP_CONFIG' [ RunTime:0.005706s ]
[2022-12-23T14:51:45+08:00][sql] CONNECT:[ UseTime:0.000375s ] mysql:host=127.0.0.1;port=3306;dbname=hunqin;charset=utf8
[2022-12-23T14:51:45+08:00][sql] SHOW FULL COLUMNS FROM `gxfc_config` [ RunTime:0.001081s ]
[2022-12-23T14:51:45+08:00][sql] SELECT `site_id`,`app_module`,`config_key`,`value`,`config_desc`,`is_use`,`create_time`,`modify_time` FROM `gxfc_config` WHERE  `site_id` = 0  AND `app_module` = 'admin'  AND `config_key` = 'WEAPP_CONFIG' LIMIT 1 [ RunTime:0.000334s ]
