[2022-09-02T21:42:13+08:00][sql] CONNECT:[ UseTime:0.000360s ] mysql:host=127.0.0.1;port=3306;dbname=ls_ssl_com;charset=utf8
[2022-09-02T21:42:13+08:00][sql] SELECT COUNT(*) AS think_count FROM `gxfc_shop` `s` LEFT JOIN `gxfc_website` `w` ON `w`.`site_id`=`s`.`website_id` ORDER BY `s`.`site_id` DESC [ RunTime:0.000358s ]
[2022-09-02T21:42:13+08:00][sql] SELECT `s`.`site_id`,`s`.`expire_time`,`s`.`site_name`,`s`.`username`,`s`.`website_id`,`s`.`cert_id`,`s`.`is_own`,`s`.`category_name`,`s`.`group_name`,`s`.`shop_status`,`s`.`create_time`,`w`.`site_area_name` FROM `gxfc_shop` `s` LEFT JOIN `gxfc_website` `w` ON `w`.`site_id`=`s`.`website_id` ORDER BY `s`.`site_id` DESC LIMIT 0,10 [ RunTime:0.000385s ]
[2022-09-02T21:42:13+08:00][sql] SELECT * FROM `gxfc_shop_cert` WHERE  `cert_id` = 4 LIMIT 1 [ RunTime:0.000424s ]
[2022-09-02T21:42:13+08:00][sql] SELECT * FROM `gxfc_shop_cert` WHERE  `cert_id` = 5 LIMIT 1 [ RunTime:0.000374s ]
[2022-09-02T21:42:13+08:00][sql] SELECT * FROM `gxfc_shop_cert` WHERE  `cert_id` = 1 LIMIT 1 [ RunTime:0.000293s ]
[2022-09-02T21:42:33+08:00][sql] CONNECT:[ UseTime:0.000389s ] mysql:host=127.0.0.1;port=3306;dbname=ls_ssl_com;charset=utf8
[2022-09-02T21:42:33+08:00][sql] SELECT COUNT(*) AS think_count FROM `gxfc_shop` `s` LEFT JOIN `gxfc_website` `w` ON `w`.`site_id`=`s`.`website_id` ORDER BY `s`.`site_id` DESC [ RunTime:0.000384s ]
[2022-09-02T21:42:33+08:00][sql] SELECT `s`.`site_id`,`s`.`expire_time`,`s`.`site_name`,`s`.`username`,`s`.`website_id`,`s`.`cert_id`,`s`.`is_own`,`s`.`category_name`,`s`.`group_name`,`s`.`shop_status`,`s`.`create_time`,`w`.`site_area_name` FROM `gxfc_shop` `s` LEFT JOIN `gxfc_website` `w` ON `w`.`site_id`=`s`.`website_id` ORDER BY `s`.`site_id` DESC LIMIT 0,10 [ RunTime:0.000348s ]
[2022-09-02T21:42:33+08:00][sql] SELECT * FROM `gxfc_shop_cert` WHERE  `cert_id` = 4 LIMIT 1 [ RunTime:0.000383s ]
[2022-09-02T21:42:33+08:00][sql] SELECT * FROM `gxfc_shop_cert` WHERE  `cert_id` = 5 LIMIT 1 [ RunTime:0.000349s ]
[2022-09-02T21:42:33+08:00][sql] SELECT * FROM `gxfc_shop_cert` WHERE  `cert_id` = 1 LIMIT 1 [ RunTime:0.000294s ]
[2022-09-02T22:14:25+08:00][sql] CONNECT:[ UseTime:0.001074s ] mysql:host=127.0.0.1;port=3306;dbname=ls_ssl_com;charset=utf8
[2022-09-02T22:14:25+08:00][sql] SELECT `id`,`app_module`,`name`,`title`,`parent`,`level`,`url`,`is_show`,`sort`,`desc`,`picture`,`is_icon`,`picture_select`,`is_control`,`addon` FROM `gxfc_menu` WHERE  `url` = 'pintuan://admin/Pintuan/lists'  AND `app_module` = 'admin' ORDER BY `level` DESC LIMIT 1 [ RunTime:0.000509s ]
[2022-09-02T22:14:25+08:00][sql] SELECT `id`,`app_module`,`name`,`title`,`parent`,`level`,`url`,`is_show`,`sort`,`desc`,`picture`,`is_icon`,`picture_select`,`is_control`,`addon` FROM `gxfc_menu` WHERE  `name` = 'PROMOTION_PINTUAN_LIST'  AND `app_module` = 'admin' LIMIT 1 [ RunTime:0.000366s ]
[2022-09-02T22:14:25+08:00][sql] SELECT `id`,`app_module`,`name`,`title`,`parent`,`level`,`url`,`is_show`,`sort`,`desc`,`picture`,`is_icon`,`picture_select`,`is_control`,`addon` FROM `gxfc_menu` WHERE  `name` = 'PROMOTION_PINTUAN'  AND `app_module` = 'admin' LIMIT 1 [ RunTime:0.000346s ]
[2022-09-02T22:14:25+08:00][sql] SELECT `id`,`app_module`,`name`,`title`,`parent`,`level`,`url`,`is_show`,`sort`,`desc`,`picture`,`is_icon`,`picture_select`,`is_control`,`addon` FROM `gxfc_menu` WHERE  `name` = 'PROMOTION_SHOP'  AND `app_module` = 'admin' LIMIT 1 [ RunTime:0.000315s ]
[2022-09-02T22:14:25+08:00][sql] SELECT `name`,`title` FROM `gxfc_addon` WHERE  `name` = 'pintuan' LIMIT 1 [ RunTime:0.000251s ]
[2022-09-02T22:14:25+08:00][sql] SELECT `parent` FROM `gxfc_menu` WHERE  `url` = 'pintuan://admin/pintuan/lists'  AND `level` = 4 LIMIT 1 [ RunTime:0.000274s ]
[2022-09-02T22:14:25+08:00][sql] SELECT * FROM `gxfc_menu` WHERE  `app_module` = 'admin'  AND `is_show` = 1  AND `parent` = 'PROMOTION_PINTUAN' ORDER BY `sort` ASC [ RunTime:0.000425s ]
[2022-09-02T22:14:26+08:00][sql] CONNECT:[ UseTime:0.000426s ] mysql:host=127.0.0.1;port=3306;dbname=ls_ssl_com;charset=utf8
[2022-09-02T22:14:26+08:00][sql] SHOW FULL COLUMNS FROM `gxfc_promotion_pintuan` [ RunTime:0.001182s ]
[2022-09-02T22:14:26+08:00][sql] SELECT COUNT(*) AS think_count FROM `gxfc_promotion_pintuan` `p` INNER JOIN `gxfc_goods` `g` ON `p`.`goods_id`=`g`.`goods_id` WHERE  `g`.`goods_state` = 1  AND `g`.`is_delete` = 0 ORDER BY `g`.`sort` DESC,`p`.`create_time` DESC [ RunTime:0.000377s ]
[2022-09-02T22:14:26+08:00][sql] SELECT `p`.*,`g`.`goods_name`,`g`.`goods_image`,`g`.`price` FROM `gxfc_promotion_pintuan` `p` INNER JOIN `gxfc_goods` `g` ON `p`.`goods_id`=`g`.`goods_id` WHERE  `g`.`goods_state` = 1  AND `g`.`is_delete` = 0 ORDER BY `g`.`sort` DESC,`p`.`create_time` DESC LIMIT 0,10 [ RunTime:0.000669s ]
