[2022-09-30T09:26:01+08:00][sql] CONNECT:[ UseTime:0.016314s ] mysql:host=127.0.0.1;port=3306;dbname=ls_chnssl_com;charset=utf8
[2022-09-30T09:26:02+08:00][sql] SHOW FULL COLUMNS FROM `gxfc_config` [ RunTime:0.354057s ]
[2022-09-30T09:26:02+08:00][sql] SELECT `site_id`,`app_module`,`config_key`,`value`,`config_desc`,`is_use`,`create_time`,`modify_time` FROM `gxfc_config` WHERE  `site_id` = 0  AND `app_module` = 'admin'  AND `config_key` = 'WEAPP_CONFIG' LIMIT 1 [ RunTime:0.001291s ]
[2022-09-30T09:26:02+08:00][error] [8]Undefined index: code
[2022-09-30T09:26:03+08:00][error] [8]Undefined index: code
[2022-09-30T09:28:16+08:00][error] [8]Undefined index: code
[2022-09-30T09:28:17+08:00][error] [8]Undefined index: code
[2022-09-30T09:30:14+08:00][error] [8]Undefined index: code
[2022-09-30T09:30:16+08:00][error] [8]Undefined index: code
[2022-09-30T09:33:55+08:00][error] [8]Undefined index: code
[2022-09-30T09:33:56+08:00][error] [8]Undefined index: code
[2022-09-30T09:35:07+08:00][error] [8]Undefined index: code
[2022-09-30T09:35:10+08:00][error] [8]Undefined index: code
[2022-09-30T09:40:09+08:00][error] [8]Undefined index: code
[2022-09-30T09:40:10+08:00][error] [8]Undefined index: code
[2022-09-30T09:40:42+08:00][error] [8]Undefined index: code
[2022-09-30T09:40:45+08:00][error] [8]Undefined index: code
[2022-09-30T09:44:09+08:00][error] [8]Undefined index: code
[2022-09-30T09:44:10+08:00][error] [8]Undefined index: code
[2022-09-30T09:44:32+08:00][error] [8]Undefined index: code
[2022-09-30T09:44:32+08:00][error] [8]Undefined index: code
[2022-09-30T09:44:59+08:00][error] [8]Undefined index: code
[2022-09-30T09:45:00+08:00][error] [8]Undefined index: code
[2022-09-30T09:45:52+08:00][error] [8]Undefined index: code
[2022-09-30T09:45:52+08:00][error] [8]Undefined index: code
[2022-09-30T09:46:47+08:00][error] [8]Undefined index: code
[2022-09-30T09:47:08+08:00][error] [8]Undefined index: code
[2022-09-30T09:47:09+08:00][error] [8]Undefined index: code
[2022-09-30T09:48:31+08:00][error] [8]Undefined index: code
[2022-09-30T09:48:32+08:00][error] [8]Undefined index: code
[2022-09-30T09:49:20+08:00][error] [8]Undefined index: code
[2022-09-30T09:51:48+08:00][error] [8]Undefined index: code
[2022-09-30T09:53:45+08:00][error] [8]Undefined index: code
[2022-09-30T09:54:57+08:00][error] [8]Undefined index: code
[2022-09-30T09:57:41+08:00][error] [8]Undefined index: code
[2022-09-30T10:10:14+08:00][error] [8]Undefined index: code
[2022-09-30T10:10:49+08:00][error] [8]Undefined index: code
[2022-09-30T10:14:27+08:00][error] [8]Undefined index: code
[2022-09-30T10:14:47+08:00][error] [8]Undefined index: code
[2022-09-30T10:16:44+08:00][error] [8]Undefined index: code
[2022-09-30T10:17:33+08:00][error] [8]Undefined index: code
[2022-09-30T10:22:53+08:00][error] [0]cURL error 60: SSL certificate problem: unable to get local issuer certificate (see https://curl.haxx.se/libcurl/c/libcurl-errors.html)
[2022-09-30T10:22:54+08:00][error] [0]cURL error 60: SSL certificate problem: unable to get local issuer certificate (see https://curl.haxx.se/libcurl/c/libcurl-errors.html)
[2022-09-30T10:22:54+08:00][error] [0]cURL error 60: SSL certificate problem: unable to get local issuer certificate (see https://curl.haxx.se/libcurl/c/libcurl-errors.html)
[2022-09-30T10:23:27+08:00][error] [0]cURL error 60: SSL certificate problem: unable to get local issuer certificate (see https://curl.haxx.se/libcurl/c/libcurl-errors.html)
[2022-09-30T10:23:29+08:00][error] [0]cURL error 60: SSL certificate problem: unable to get local issuer certificate (see https://curl.haxx.se/libcurl/c/libcurl-errors.html)
[2022-09-30T10:23:30+08:00][error] [0]cURL error 60: SSL certificate problem: unable to get local issuer certificate (see https://curl.haxx.se/libcurl/c/libcurl-errors.html)
[2022-09-30T10:23:57+08:00][error] [8]Undefined index: code
[2022-09-30T10:24:22+08:00][error] [8]Undefined index: code
[2022-09-30T10:31:03+08:00][error] [8]Undefined index: code
[2022-09-30T10:33:16+08:00][error] [8]Undefined index: code
[2022-09-30T10:35:13+08:00][error] [8]Undefined index: code
[2022-09-30T10:36:18+08:00][error] [8]Undefined index: code
[2022-09-30T10:37:58+08:00][error] [8]Undefined index: code
[2022-09-30T10:38:03+08:00][error] [8]Undefined index: code
[2022-09-30T10:38:47+08:00][error] [8]Undefined index: code
[2022-09-30T10:39:23+08:00][error] [8]Undefined index: code
[2022-09-30T10:39:47+08:00][error] [8]Undefined index: code
[2022-09-30T10:46:04+08:00][error] [0]cURL error 60: SSL certificate problem: unable to get local issuer certificate (see https://curl.haxx.se/libcurl/c/libcurl-errors.html)
[2022-09-30T10:47:12+08:00][error] [0]cURL error 60: SSL certificate problem: unable to get local issuer certificate (see https://curl.haxx.se/libcurl/c/libcurl-errors.html)
[2022-09-30T17:53:40+08:00][error] [8]Undefined index: code
[2022-09-30T17:53:43+08:00][error] [8]Undefined index: code
[2022-09-30T17:54:18+08:00][error] [8]Undefined index: code
[2022-09-30T17:54:20+08:00][error] [8]Undefined index: code
[2022-09-30T17:55:46+08:00][error] [8]Undefined index: code
[2022-09-30T17:57:45+08:00][error] [8]Undefined index: code
